"Time Step" "gw-hemolysis"
20210 0.1958538096080699
20220 0.1958546716963252
20230 0.1958555415062686
20240 0.1958564254847038
20250 0.1958573139573647
20260 0.1958582075274335
20270 0.195859113553888
20280 0.1958600315027227
20290 0.1958609604143751
20300 0.1958619020444585
20310 0.195862851300791
20320 0.1958638012163481
20330 0.1958647664928705
20340 0.195865742769249
20350 0.1958667346401474
20360 0.1958677335961651
20370 0.1958687428722298
20380 0.1958697573066901
20390 0.1958707830165312
20400 0.1958718231347998
20410 0.1958728646444202
20420 0.1958739147760936
20430 0.1958749741678174
20440 0.195876037830643
20450 0.1958771070132436
20460 0.1958781821139295
20470 0.1958792560409935
20480 0.1958803384139893
20490 0.1958814249906186
20500 0.1958825185074285
20510 0.1958836130225174
20520 0.1958847111696158
20530 0.1958858140972505
20540 0.1958869217686858
20550 0.1958880296773285
20560 0.1958891399763645
20570 0.1958902580307848
20580 0.1958913833050331
20590 0.1958925055692653
20600 0.1958936380016184
20610 0.1958947743644275
20620 0.1958959188445082
20630 0.1958970675290275
20640 0.1958982230350826
20650 0.1958993850363176
20660 0.1959005499355822
20670 0.195901727304761
20680 0.1959029079462711
20690 0.1959041014059902
20700 0.1959052958565443
20710 0.1959064997206751
20720 0.1959077165897531
20730 0.1959089456727695
20740 0.1959101833008476
20750 0.1959114289460666
20760 0.1959126842187257
20770 0.1959139502004324
20780 0.1959152255481554
20790 0.1959165082589207
20800 0.1959177999858458
20810 0.1959191064691793
20820 0.1959204225108908
20830 0.1959217538009898
20840 0.1959230903105461
20850 0.1959244323218362
20860 0.1959257894836725
20870 0.1959271581300085
20880 0.1959285368710226
20890 0.1959299220521088
20900 0.195931319382522
20910 0.1959327278327635
20920 0.1959341477000419
20930 0.1959355752785076
20940 0.1959370115058985
20950 0.1959384583304177
20960 0.1959399180889719
20970 0.1959413876289011
20980 0.1959428657087621
20990 0.1959443525682471
21000 0.195945851430748
21010 0.1959473634314084
21020 0.1959488837551994
21030 0.1959504166779141
21040 0.1959519620142156
21050 0.195953519003107
21060 0.1959550784861707
21070 0.1959566505787327
21080 0.1959582361139124
21090 0.1959598365381394
21100 0.1959614445665201
21110 0.1959630593191481
21120 0.1959646859093594
21130 0.1959663198912217
21140 0.1959679607922433
21150 0.1959696118068517
21160 0.1959712737038936
21170 0.1959729422595463
21180 0.1959746173374525
21190 0.1959763003158455
21200 0.1959779855986156
21210 0.1959796810222598
21220 0.1959813854456476
21230 0.195983096716538
21240 0.1959848111070124
21250 0.1959865286762552
21260 0.1959882556934931
21270 0.1959899861194101
21280 0.1959917216680559
21290 0.1959934618488535
21300 0.1959952052612834
21310 0.1959969515484498
21320 0.1959987008612574
21330 0.1960004541130556
21340 0.1960022166301867
21350 0.1960039735321678
21360 0.1960057391084023
21370 0.1960075112036497
21380 0.1960092816154128
21390 0.1960110544788436
21400 0.196012829283152
21410 0.1960146056230385
21420 0.1960163869083184
21430 0.1960181671378282
21440 0.19601994992758
21450 0.1960217327549021
21460 0.1960235190734173
21470 0.1960253057956158
21480 0.1960270974304139
21490 0.1960288941872284
21500 0.1960306895220632
21510 0.1960324832402704
21520 0.1960342837918354
21530 0.1960360893547379
21540 0.1960378977274467
21550 0.1960397053966985
21560 0.1960415157821067
21570 0.1960433292021845
21580 0.1960451504604024
21590 0.1960469741101201
21600 0.1960488018752782
21610 0.1960506302330403
21620 0.1960524625319907
21630 0.1960542999180104
21640 0.1960561439119829
21650 0.1960579926177584
21660 0.1960598468153152
21670 0.1960617077887945
21680 0.1960635747763807
21690 0.1960654439988198
21700 0.1960673151410315
21710 0.1960691905859088
21720 0.1960710726776105
21730 0.1960729615597763
21740 0.1960748538514981
21750 0.1960767516095155
21760 0.1960786471763458
21770 0.196080546072926
21780 0.1960824416761956
21790 0.1960843447136847
21800 0.1960862487788766
21810 0.1960881536577996
21820 0.1960900589053592
21830 0.1960919715022082
21840 0.1960938764606268
21850 0.1960957879840103
21860 0.1960977041161269
21870 0.1960996141688219
21880 0.1961015333065046
21890 0.1961034522033186
21900 0.1961053698521373
21910 0.1961072928190299
21920 0.1961092122585355
21930 0.1961111408376681
21940 0.1961130760591088
21950 0.1961150135902882
21960 0.1961169527810728
21970 0.1961188968504521
21980 0.1961208408307526
21990 0.1961227994341805
22000 0.1961247638864841
22010 0.196126727889217
22020 0.1961287017924738
22030 0.1961306819074898
22040 0.196132670546124
22050 0.1961346663453275
22060 0.1961366710785381
22070 0.1961386850018606
22080 0.1961407075535499
22090 0.1961427348099135
22100 0.1961447706329218
22110 0.1961468156375698
22120 0.1961488665944761
22130 0.1961509253629947
22140 0.1961529895947724
22150 0.1961550578133918
22160 0.1961571304476663
22170 0.1961592090323315
22180 0.1961612913685815
22190 0.1961633774171506
22200 0.1961654608359499
22210 0.1961675516747698
22220 0.1961696444709111
22230 0.1961717327152269
22240 0.1961738208452703
22250 0.1961759102130613
22260 0.1961779990186582
22270 0.1961800839257573
22280 0.196182161868556
22290 0.1961842333763716
22300 0.1961862906644095
22310 0.1961883423652403
22320 0.1961903848915289
22330 0.196192415549493
22340 0.1961944332245544
22350 0.1961964385335875
22360 0.1961984279683093
22370 0.1962003984093699
22380 0.1962023501300506
22390 0.1962042841799598
22400 0.1962061965821757
22410 0.196208080654844
22420 0.1962099384518418
22430 0.1962117689888515
22440 0.1962135586501479
22450 0.1962153178432932
22460 0.1962170399654372
22470 0.1962187197215462
22480 0.1962203528836116
22490 0.1962219376616577
22500 0.1962234706344711
22510 0.196224948555752
22520 0.1962263661185084
22530 0.196227725488738
22540 0.1962290100231461
22550 0.1962302203834171
22560 0.1962313516009653
22570 0.196232396237967
22580 0.1962333543858932
22590 0.1962342217676394
22600 0.1962349944231429
22610 0.1962356631309822
22620 0.1962362336773985
22630 0.1962366920619245
22640 0.1962370356767295
22650 0.1962372566172253
22660 0.1962373494235417
22670 0.1962373104966412
22680 0.1962371227519169
22690 0.1962367898921451
22700 0.1962363007664955
22710 0.1962356559762581
22720 0.196234841725644
22730 0.1962338504417023
22740 0.1962326746734896
22750 0.1962313111391855
22760 0.1962297497001261
22770 0.1962279954345404
22780 0.1962260348470257
22790 0.1962238636886854
22800 0.1962214733553257
22810 0.1962188579083337
22820 0.1962160108903442
22830 0.1962129276387249
22840 0.1962096049866798
22850 0.1962060387663862
22860 0.1962022181605585
22870 0.1961981430118149
22880 0.1961938006071754
22890 0.1961891986927285
22900 0.1961843298739658
22910 0.196179191105196
22920 0.1961737788474753
22930 0.1961680930369743
22940 0.1961621241539464
22950 0.1961558734434472
22960 0.1961493482857276
22970 0.196142543107857
22980 0.1961354669028672
22990 0.1961281178560975
23000 0.1961205037833023
23010 0.1961126209121883
23020 0.1961044761550327
23030 0.1960960689478485
23040 0.1960874133449127
23050 0.1960785115609927
23060 0.1960693599296163
23070 0.1960599719153892
23080 0.196050356384714
23090 0.1960405122256088
23100 0.1960304435624843
23110 0.1960201711862314
23120 0.1960097051165593
23130 0.1959990574746093
23140 0.1959882385772706
23150 0.1959772603983236
23160 0.1959661369404885
23170 0.1959548807839839
23180 0.1959434996743877
23190 0.1959320063894515
23200 0.1959204155539094
23210 0.195908740407014
23220 0.1958969969226764
23230 0.1958852099656543
23240 0.1958733931014188
23250 0.1958615603061232
23260 0.1958497368037889
23270 0.1958379387674215
23280 0.1958261794011077
23290 0.1958144875006188
23300 0.195802868175525
23310 0.19579134278642
23320 0.1957799271743191
23330 0.1957686362176032
23340 0.1957574790335103
23350 0.1957464752908496
23360 0.195735639495988
23370 0.1957249906002358
23380 0.1957145377680452
23390 0.1957043023754468
23400 0.1956942924203134
23410 0.1956845416023372
23420 0.1956750564169921
23430 0.1956658583720334
23440 0.1956569599987867
23450 0.1956483734214447
23460 0.1956401056869894
23470 0.195632173617026
23480 0.1956245886354935
23490 0.1956173544578629
23500 0.195610486171058
23510 0.1956039861876582
23520 0.1955978664858586
23530 0.1955921194461861
23540 0.1955867537367906
23550 0.1955817684865036
23560 0.1955771563032598
23570 0.195572907673635
23580 0.1955690070661134
23590 0.1955654433146958
23600 0.1955621935769093
23610 0.1955592383291788
23620 0.1955565611537915
23630 0.195554142518394
23640 0.1955519624449319
23650 0.1955499990849641
23660 0.1955482354260698
23670 0.1955466506015735
23680 0.1955452294728826
23690 0.1955439578038616
23700 0.1955428184250908
23710 0.1955418064739478
23720 0.1955409126291385
23730 0.195540117138609
23740 0.1955394072468896
23750 0.1955387718845919
23760 0.1955382016685193
23770 0.195537688453565
23780 0.1955372312426718
23790 0.1955368259689034
23800 0.1955364720115327
23810 0.1955361688159356
23820 0.1955359246691301
23830 0.1955357357831158
23840 0.1955356010503084
23850 0.1955355194214381
23860 0.1955354884698026
23870 0.1955355083303976
23880 0.1955355614259696
23890 0.1955356457745797
23900 0.1955357372969612
23910 0.1955358327405081
23920 0.1955359511240186
23930 0.1955360969583469
23940 0.1955362788170055
23950 0.1955365140892215
23960 0.195536800375123
23970 0.1955371499327848
23980 0.195537566604631
23990 0.1955380488346194
24000 0.1955385958876278
13410 0.195768292539467
13420 0.1957681267550323
13430 0.195767966716622
13440 0.1957678111052485
13450 0.1957676605548677
13460 0.1957675124280513
13470 0.1957673666937518
13480 0.1957672274250705
13490 0.1957670899140024
13500 0.1957669593911252
13510 0.1957668340919569
13520 0.1957667060575165
13530 0.1957665768232473
13540 0.1957664562986772
13550 0.1957663295460872
13560 0.1957662024677743
13570 0.1957660701125238
13580 0.1957659429432756
13590 0.1957658147561072
13600 0.1957656881376904
13610 0.1957655632776181
13620 0.195765439758681
13630 0.1957653134133773
13640 0.195765187424902
13650 0.1957650560265131
13660 0.1957649255127994
13670 0.1957647949627047
13680 0.1957646649488834
13690 0.1957645370644389
13700 0.1957644071193084
13710 0.1957642799886574
13720 0.1957641557519262
13730 0.1957640285271562
13740 0.1957639028097543
13750 0.1957637765880109
13760 0.1957636528654338
13770 0.1957635277801943
13780 0.1957634012377482
13790 0.1957632738428753
13800 0.1957631408162937
13810 0.1957630082386997
13820 0.1957628763296695
13830 0.1957627433169857
13840 0.1957626070899487
13850 0.1957624753563293
13860 0.1957623405476311
13870 0.1957622067420828
13880 0.1957620745665272
13890 0.1957619427393779
13900 0.1957618118495317
13910 0.1957616804683497
13920 0.1957615426497428
13930 0.195761406812544
13940 0.1957612768155466
13950 0.1957611403689357
13960 0.1957610071683971
13970 0.1957608796661434
13980 0.1957607487620729
13990 0.1957606234595267
14000 0.1957604946472221
14010 0.195760371037148
14020 0.1957602409323327
14030 0.1957601151459987
14040 0.1957599872972312
14050 0.1957598600184467
14060 0.1957597347079515
14070 0.1957596127827262
14080 0.1957594932904507
14090 0.1957593758978944
14100 0.1957592596489069
14110 0.1957591447422811
14120 0.1957590326487557
14130 0.1957589218424253
14140 0.1957588145602324
14150 0.1957587104702869
14160 0.1957586143785845
14170 0.195758513692962
14180 0.1957584216669368
14190 0.1957583323483526
14200 0.1957582467617253
14210 0.1957581623726892
14220 0.195758073865284
14230 0.1957579936245675
14240 0.1957579099876884
14250 0.1957578248186712
14260 0.1957577453011013
14270 0.195757668604891
14280 0.1957575901781656
14290 0.1957575135891381
14300 0.1957574387681005
14310 0.1957573634737127
14320 0.1957572860110632
14330 0.1957572055935265
14340 0.1957571264949166
14350 0.1957570511764633
14360 0.1957569747455853
14370 0.1957568986981919
14380 0.1957568230338564
14390 0.1957567550487289
14400 0.1957566818103757
14410 0.1957566092918234
14420 0.1957565341097085
14430 0.1957564568579277
14440 0.1957563832120883
14450 0.195756305020662
14460 0.1957562343580504
14470 0.1957561671678631
14480 0.1957560994412366
14490 0.1957560348229835
14500 0.1957559714092198
14510 0.1957559095022381
14520 0.195755852320969
14530 0.1957558004472067
14540 0.1957557475839075
14550 0.195755696803068
14560 0.1957556469914677
14570 0.1957555997385289
14580 0.195755555700668
14590 0.1957555172267197
14600 0.1957554839344613
14610 0.1957554510454923
14620 0.1957554227082735
14630 0.1957553966560138
14640 0.195755373179456
14650 0.1957553516324352
14660 0.1957553306194841
14670 0.1957553189748722
14680 0.1957553170543525
14690 0.1957553123189686
14700 0.1957553166790106
14710 0.1957553170985065
14720 0.1957553294355123
14730 0.1957553483399339
14740 0.195755366453509
14750 0.1957553827149239
14760 0.1957554099351206
14770 0.1957554357928943
14780 0.195755468724586
14790 0.1957555047005529
14800 0.1957555463356122
14810 0.1957555923969493
14820 0.1957556418081079
14830 0.1957556906826411
14840 0.1957557468584507
14850 0.1957558009561703
14860 0.1957558644348566
14870 0.1957559272474952
14880 0.1957559931536404
14890 0.1957560606704062
14900 0.1957561284723346
14910 0.1957562032232475
14920 0.1957562801760296
14930 0.1957563643772358
14940 0.1957564440274839
14950 0.1957565340283287
14960 0.1957566229386967
14970 0.1957567186337972
14980 0.1957568101008432
14990 0.195756906091739
15000 0.1957570027632539
15010 0.1957571042434587
15020 0.195757206959538
15030 0.195757313069669
15040 0.1957574228938747
15050 0.1957575365112592
15060 0.1957576537675728
15070 0.1957577742979308
15080 0.1957578985703033
15090 0.1957580238614792
15100 0.195758149918275
15110 0.1957582836323176
15120 0.1957584191702823
15130 0.1957585579878975
15140 0.1957586984372726
15150 0.1957588423577317
15160 0.1957589920333326
15170 0.1957591504305578
15180 0.1957593113105716
15190 0.1957594727451292
15200 0.195759638681048
15210 0.1957598052344291
15220 0.1957599766230293
15230 0.1957601501568597
15240 0.1957603273882262
15250 0.1957605049560553
15260 0.1957606751901174
15270 0.1957608482281323
15280 0.1957610306332665
15290 0.1957612052099585
15300 0.1957613782295628
15310 0.1957615551824557
15320 0.1957617271553877
15330 0.1957618999753208
15340 0.195762070419162
15350 0.1957622394152955
15360 0.1957624092612843
15370 0.1957625751811841
15380 0.195762739788306
15390 0.1957628982227649
15400 0.1957630550201814
15410 0.1957632108476575
15420 0.1957633640932981
15430 0.1957635166066598
15440 0.1957636709769419
15450 0.1957638216065768
15460 0.1957639675545411
15470 0.1957641168266727
15480 0.1957642624934571
15490 0.1957644098189438
15500 0.1957645558004514
15510 0.195764702209205
15520 0.1957648539190181
15530 0.1957650063632331
15540 0.1957651633572467
15550 0.1957653222296782
15560 0.195765479260363
15570 0.1957656447467128
15580 0.1957658171670623
15590 0.1957659907779503
15600 0.1957661724311622
15610 0.1957663635233791
15620 0.1957665585907893
15630 0.1957667567982672
15640 0.1957669616257176
15650 0.1957671685544796
15660 0.1957673811749349
15670 0.1957675942177551
15680 0.1957678094036954
15690 0.1957680298281234
15700 0.1957682530892059
15710 0.1957684788997294
15720 0.1957687078027251
15730 0.1957689341145943
15740 0.1957691625669504
15750 0.195769392214939
15760 0.1957696186797217
15770 0.1957698466098915
15780 0.1957700699160272
15790 0.1957702816416316
15800 0.1957705012226319
15810 0.1957707127416024
15820 0.1957709200256291
15830 0.1957711225081796
15840 0.1957713274359249
15850 0.1957715222514345
15860 0.1957717089574583
15870 0.195771889826127
15880 0.1957720666806828
15890 0.1957722432208832
15900 0.1957724079741747
15910 0.1957725711630659
15920 0.1957727301748479
15930 0.1957728850106531
15940 0.1957730385111627
15950 0.1957731889403552
15960 0.1957733371422411
15970 0.1957734788823079
15980 0.195773616165493
15990 0.1957737506245531
16000 0.1957738791610666
16010 0.1957740059526597
16020 0.1957741288445888
16030 0.1957742463268355
16040 0.1957743635283831
16050 0.195774477839867
16060 0.1957745804157913
16070 0.1957746808820475
16080 0.1957747769905949
16090 0.1957748668709137
16100 0.1957749511463749
16110 0.1957750323826838
16120 0.1957751081008581
16130 0.1957751775341414
16140 0.1957752461205393
16150 0.1957753049364578
16160 0.195775357004193
16170 0.1957754029308298
16180 0.1957754366181907
16190 0.1957754662750517
16200 0.1957754877888442
16210 0.1957754988473403
16220 0.1957755047085521
16230 0.19577550217215
16240 0.195775491456277
16250 0.1957754775163694
16260 0.1957754547928018
16270 0.1957754224863924
16280 0.1957753845303676
16290 0.1957753365520768
16300 0.1957752822758936
16310 0.1957752253743295
16320 0.1957751619012724
16330 0.1957750938117782
16340 0.1957750240621655
16350 0.1957749476050358
16360 0.1957748668401454
16370 0.1957747767314421
16380 0.1957746853685721
16390 0.1957745904000673
16400 0.1957744900697293
16410 0.1957743862851316
16420 0.1957742898056191
16430 0.1957741861229489
16440 0.1957740861973173
16450 0.1957739846042922
16460 0.1957738824715993
16470 0.1957737820509995
16480 0.1957736824986319
16490 0.1957735862491111
16500 0.1957734888203849
16510 0.1957733972246792
16520 0.1957733130547417
16530 0.1957732240156158
16540 0.1957731388227144
16550 0.1957730501450478
16560 0.1957729679753947
16570 0.1957728829665475
16580 0.1957727957433953
16590 0.1957727076947486
16600 0.1957726145378969
16610 0.1957725303500788
16620 0.1957724406282788
16630 0.1957723487118279
16640 0.1957722527725397
16650 0.1957721546301976
16660 0.1957720479475405
16670 0.1957719431024518
16680 0.1957718378090143
16690 0.1957717255790624
16700 0.1957716111314188
16710 0.1957714946038816
16720 0.1957713767469974
16730 0.1957712568182257
16740 0.1957711289153802
16750 0.1957710037362059
16760 0.1957708728572104
16770 0.1957707322925488
16780 0.1957705921644871
16790 0.1957704553256371
16800 0.1957703161782717
16810 0.195770175665195
16820 0.1957700351243799
16830 0.1957698981969107
16840 0.1957697476100179
16850 0.1957695974050328
16860 0.1957694460677133
16870 0.1957692936050355
16880 0.1957691405951121
16890 0.1957689886054028
16900 0.1957688363583947
16910 0.1957686852965946
16920 0.1957685332896885
16930 0.1957683854734546
16940 0.1957682369228198
16950 0.1957680906483671
16960 0.1957679471829726
16970 0.1957678029765262
16980 0.1957676585035398
16990 0.1957675226335951
17000 0.1957673867842505
17010 0.1957672550764145
17020 0.1957671247377919
17030 0.1957669980366714
17040 0.1957668695644015
17050 0.1957667442175546
17060 0.1957666234978547
17070 0.195766504547886
17080 0.1957663881515896
17090 0.1957662762636956
17100 0.1957661653964727
17110 0.1957660543125395
17120 0.1957659483565791
17130 0.1957658458967644
17140 0.1957657477274379
17150 0.1957656543756204
17160 0.1957655570697096
17170 0.195765461133425
17180 0.1957653680799978
17190 0.1957652767377003
17200 0.1957651877713154
17210 0.1957650994898474
17220 0.1957650169490674
17230 0.1957649288079166
17240 0.1957648381973904
17250 0.1957647451808854
17260 0.1957646526992615
17270 0.1957645605650316
17280 0.1957644699744114
17290 0.195764374199437
17300 0.1957642767968526
17310 0.1957641778938691
17320 0.1957640797516168
17330 0.1957639770018736
17340 0.1957638706976651
17350 0.195763764052376
17360 0.1957636553412441
17370 0.1957635425381589
17380 0.1957634250396534
17390 0.1957633033810517
17400 0.1957631791509845
17410 0.19576305328172
17420 0.1957629262039439
17430 0.1957627992838366
17440 0.1957626700289583
17450 0.1957625439751914
17460 0.1957624148982907
17470 0.1957622882425057
17480 0.1957621667670042
17490 0.1957620451088393
17500 0.1957619258291344
17510 0.19576180312746
17520 0.1957616871995855
17530 0.1957615766642937
17540 0.1957614711001064
17550 0.1957613672800039
17560 0.1957612717649478
17570 0.1957611818565427
17580 0.1957610978100856
17590 0.1957610170249824
17600 0.1957609394563815
17610 0.1957608643274774
17620 0.1957607995191921
17630 0.1957607406978183
17640 0.1957606901253464
17650 0.1957606366470653
17660 0.1957605925941238
17670 0.1957605551784411
17680 0.1957605223253138
17690 0.1957604932863126
17700 0.1957604696012881
17710 0.1957604509545709
17720 0.1957604283680018
17730 0.1957604140302968
17740 0.1957604058321611
17750 0.1957603991848521
17760 0.1957603950932955
17770 0.1957603947361262
17780 0.195760396878591
17790 0.1957604034374449
17800 0.1957604109533618
17810 0.1957604184901942
17820 0.1957604278832992
17830 0.1957604418250408
17840 0.1957604520965601
17850 0.1957604660199636
17860 0.1957604877968145
17870 0.1957605097767214
17880 0.1957605266098005
17890 0.1957605499864881
17900 0.1957605745250731
17910 0.1957605985616895
17920 0.1957606252278386
17930 0.1957606539772972
17940 0.1957606881007692
17950 0.1957607251823471
17960 0.1957607638382831
17970 0.1957608064996905
17980 0.1957608478697574
17990 0.1957608899838167
18000 0.1957609362128626
18010 0.1957609883375869
18020 0.1957610440046754
18030 0.195761100880428
18040 0.1957611650201095
18050 0.1957612211779812
18060 0.1957612858346196
18070 0.1957613537666079
18080 0.1957614244381292
18090 0.1957614962345899
18100 0.1957615651556064
18110 0.1957616399600885
18120 0.1957617167168995
18130 0.1957617956347565
18140 0.1957618735894916
18150 0.1957619538012337
18160 0.1957620393048807
18170 0.1957621242133098
18180 0.1957622096154023
18190 0.1957622972812102
18200 0.1957623847574568
18210 0.1957624696115997
18220 0.1957625627796492
18230 0.1957626546404529
18240 0.1957627552520954
18250 0.1957628536876612
18260 0.1957629530589801
18270 0.195763058230628
18280 0.195763168436395
18290 0.1957632802462269
18300 0.1957633998725392
18310 0.1957635251682352
18320 0.1957636561804415
18330 0.1957637960182143
18340 0.1957639394930137
18350 0.1957640892645299
18360 0.195764247531626
18370 0.1957644147251858
18380 0.1957645931502559
18390 0.1957647742675861
18400 0.1957649655001543
18410 0.1957651607710138
18420 0.1957653678690542
18430 0.1957655844492358
18440 0.1957658084280955
18450 0.1957660366881147
18460 0.1957662706074662
18470 0.1957665130067751
18480 0.1957667660136274
18490 0.1957670239989411
18500 0.1957672900160233
18510 0.1957675592745074
18520 0.1957678412253364
18530 0.1957681261055163
18540 0.1957684151561956
18550 0.1957687110504126
18560 0.1957690099917991
18570 0.1957693163442064
18580 0.1957696211902795
18590 0.1957699293238933
18600 0.1957702365996164
18610 0.1957705543554189
18620 0.1957708737299552
18630 0.1957711989287848
18640 0.1957715209009318
18650 0.1957718471586993
18660 0.195772175873034
18670 0.1957725048589155
18680 0.1957728398921705
18690 0.1957731746236994
18700 0.1957735093369271
18710 0.195773852029628
18720 0.1957741943965159
18730 0.1957745321156126
18740 0.1957748778656779
18750 0.1957752217804123
18760 0.1957755631734065
18770 0.1957759114480758
18780 0.1957762559169275
18790 0.1957765970234022
18800 0.1957769440258472
18810 0.1957772893017881
18820 0.1957776355032885
18830 0.1957779800269078
18840 0.1957783214404732
18850 0.1957786652863868
18860 0.195779009484135
18870 0.1957793552605606
18880 0.1957797016630287
18890 0.1957800494226721
18900 0.195780396938903
18910 0.1957807444466241
18920 0.1957810915830117
18930 0.1957814445030776
18940 0.1957817952888123
18950 0.1957821508869
18960 0.1957825083298826
18970 0.1957828676760569
18980 0.1957832278267258
18990 0.1957835859539974
19000 0.1957839516252206
19010 0.1957843245033913
19020 0.1957846957915886
19030 0.195785076085567
19040 0.1957854587898729
19050 0.1957858440697845
19060 0.1957862329182517
19070 0.1957866234348562
19080 0.1957870221434605
19090 0.1957874278826676
19100 0.1957878345880613
19110 0.1957882442316037
19120 0.1957886567702936
19130 0.195789071658235
19140 0.1957894908854395
19150 0.1957899068186736
19160 0.1957903306020956
19170 0.1957907570963714
19180 0.195791186335732
19190 0.1957916226701609
19200 0.1957920563059663
19210 0.1957924906165982
19220 0.195792924104244
19230 0.1957933652195904
19240 0.1957938081423725
19250 0.1957942559855503
19260 0.1957947046073306
19270 0.1957951571926405
19280 0.1957956135717421
19290 0.1957960758031809
19300 0.1957965412153957
19310 0.1957970142783808
19320 0.1957974866527243
19330 0.1957979662077916
19340 0.1957984514063036
19350 0.1957989430049372
19360 0.1957994344775805
19370 0.1957999299685836
19380 0.1958004333480491
19390 0.1958009382905312
19400 0.1958014469657658
19410 0.195801959589525
19420 0.1958024760215643
19430 0.1958029936909508
19440 0.1958035198754161
19450 0.1958040452817895
19460 0.1958045796268459
19470 0.1958051202755725
19480 0.1958056638331442
19490 0.1958062075671129
19500 0.1958067556023434
19510 0.1958073085605934
19520 0.1958078620630772
19530 0.1958084219443048
19540 0.1958089877440826
19550 0.1958095552727535
19560 0.1958101281570516
19570 0.1958107038750464
19580 0.195811279571331
19590 0.1958118522833478
19600 0.1958124226019327
19610 0.1958129993548244
19620 0.1958135779603904
19630 0.1958141588151284
19640 0.195814742699346
19650 0.1958153257925077
19660 0.195815908604363
19670 0.1958164908118214
19680 0.1958170761342529
19690 0.195817660978634
19700 0.1958182462863061
19710 0.1958188318742267
19720 0.195819418572384
19730 0.1958200109729967
19740 0.1958206025085728
19750 0.1958211949442196
19760 0.1958217900188602
19770 0.1958223864958603
19780 0.1958229851024971
19790 0.1958235840712853
19800 0.1958241852273278
19810 0.1958247889742947
19820 0.1958254037460961
19830 0.1958260205367295
19840 0.1958266394968771
19850 0.195827266814621
19860 0.1958279002448201
19870 0.1958285389209104
19880 0.1958291820280524
19890 0.1958298306086449
19900 0.1958304863194535
19910 0.1958311503931707
19920 0.1958318182952347
19930 0.1958324944196469
19940 0.1958331760654239
19950 0.1958338654373165
19960 0.1958345610240961
19970 0.1958352600513333
19980 0.1958359719550302
19990 0.1958366819086202
20000 0.1958374002736643
20010 0.1958381255803909
20020 0.1958388558851326
20030 0.1958395889306315
20040 0.1958403277911419
20050 0.1958410734189759
20060 0.1958418250363922
20070 0.1958425824168735
20080 0.1958433413827844
20090 0.1958441053834798
20100 0.1958448729498315
20110 0.1958456484020726
20120 0.1958464304372579
20130 0.195847221938286
20140 0.1958480198242371
20150 0.1958488262100021
20160 0.1958496349975082
20170 0.1958504539002656
20180 0.1958512823653135
20190 0.1958521168319649
20200 0.1958529598997545
20220 0.1958546716963251
20230 0.1958555415062913
20240 0.195856425494764
20250 0.1958573139705142
20260 0.1958582074385479
20270 0.1958591134039565
20280 0.1958600310173863
20290 0.1958609600928562
20300 0.1958619017948713
20310 0.1958628512335202
20320 0.1958638013849158
20330 0.1958647664397509
20340 0.1958657432204979
20350 0.1958667349024486
20360 0.1958677338108055
20370 0.1958687430351322
6610 0.1958748181584237
6620 0.1958750008598477
6630 0.1958751833297606
6640 0.1958753705835117
6650 0.1958755582970451
6660 0.195875749473511
6670 0.1958759405385058
6680 0.1958761294200311
6690 0.1958763188638771
6700 0.1958765066228676
6710 0.1958766909037074
6720 0.1958768726752541
6730 0.1958770553328068
6740 0.1958772333451202
6750 0.1958774084544283
6760 0.1958775849419987
6770 0.1958777532426121
6780 0.1958779167327331
6790 0.1958780743875593
6800 0.1958782232784601
6810 0.1958783650367055
6820 0.195878503749366
6830 0.195878632468391
6840 0.1958787542801846
6850 0.1958788677855477
6860 0.1958789728218254
6870 0.1958790703558233
6880 0.1958791517424178
6890 0.1958792255014265
6900 0.1958792900328576
6910 0.1958793414530252
6920 0.1958793820823745
6930 0.1958794135417176
6940 0.1958794290208586
6950 0.1958794327531641
6960 0.1958794234807725
6970 0.1958793999902589
6980 0.1958793643307693
6990 0.1958793166350264
7000 0.1958792528827214
7010 0.1958791737132937
7020 0.1958790894176816
7030 0.195878986921702
7040 0.1958788715464969
7050 0.1958787422861521
7060 0.1958786009741175
7070 0.19587844560858
7080 0.1958782785906105
7090 0.195878099986638
7100 0.1958779062149219
7110 0.1958776992969848
7120 0.1958774826941186
7130 0.1958772571931437
7140 0.1958770225875979
7150 0.1958767758915472
7160 0.1958765181072285
7170 0.1958762473757031
7180 0.1958759693492688
7190 0.1958756825471878
7200 0.1958753888050503
7210 0.1958750861802492
7220 0.1958747762720898
7230 0.195874458299776
7240 0.1958741377909883
7250 0.1958738078800673
7260 0.1958734749637811
7270 0.195873141183521
7280 0.1958727994862742
7290 0.1958724475846445
7300 0.1958721051872924
7310 0.1958717516784109
7320 0.1958713934641119
7330 0.1958710392744881
7340 0.1958706881396861
7350 0.1958703329045355
7360 0.1958699785848632
7370 0.195869622333641
7380 0.1958692685650554
7390 0.1958689162838838
7400 0.1958685656275979
7410 0.1958682180115882
7420 0.19586787283705
7430 0.1958675331623148
7440 0.1958671972003948
7450 0.1958668599946444
7460 0.1958665345862373
7470 0.1958662136004115
7480 0.1958658974124743
7490 0.195865591906148
7500 0.1958652900934461
7510 0.1958649900847174
7520 0.1958647003652247
7530 0.1958644190112424
7540 0.1958641450593387
7550 0.1958638789512235
7560 0.1958636231742618
7570 0.1958633767813323
7580 0.1958631368401888
7590 0.1958629063563448
7600 0.195862686388586
7610 0.1958624741771033
7620 0.1958622708609657
7630 0.1958620738674443
7640 0.1958618919946476
7650 0.1958617177941195
7660 0.195861555800001
7670 0.195861402382866
7680 0.195861258737057
7690 0.1958611257191059
7700 0.1958610029143451
7710 0.19586088972431
7720 0.195860790573553
7730 0.1958606984771494
7740 0.1958606131057231
7750 0.1958605350069609
7760 0.1958604694933129
7770 0.1958604149200509
7780 0.1958603624225597
7790 0.1958603192678584
7800 0.1958602817517017
7810 0.1958602488299735
7820 0.195860224397196
7830 0.1958602035461023
7840 0.1958601827661721
7850 0.1958601705868216
7860 0.1958601603579141
7870 0.195860153448936
7880 0.1958601538745067
7890 0.1958601553894487
7900 0.1958601591748149
7910 0.1958601689272283
7920 0.195860178906422
7930 0.1958601894713812
7940 0.1958602028271894
7950 0.1958602123635329
7960 0.1958602266334793
7970 0.1958602365858432
7980 0.1958602456760061
7990 0.1958602535604174
8000 0.1958602589138297
8010 0.1958602633661929
8020 0.1958602646256311
8030 0.1958602634100503
8040 0.1958602639083416
8050 0.1958602563999235
8060 0.1958602439144388
8070 0.1958602325785125
8080 0.1958602156947238
8090 0.1958601957878197
8100 0.195860170423453
8110 0.1958601445355556
8120 0.1958601113144624
8130 0.195860076423256
8140 0.1958600387655104
8150 0.195859996372902
8160 0.195859952722897
8170 0.1958599037688977
8180 0.1958598481339198
8190 0.1958597904441991
8200 0.1958597267637102
8210 0.1958596607995379
8220 0.1958595916394884
8230 0.1958595180123022
8240 0.1958594431200219
8250 0.1958593624205744
8260 0.1958592723268642
8270 0.195859185118004
8280 0.1958590930850235
8290 0.1958589978624073
8300 0.1958588983697211
8310 0.1958587941732169
8320 0.1958586907175736
8330 0.1958585817648053
8340 0.1958584679356565
8350 0.1958583441041155
8360 0.19585821992254
8370 0.1958580928297274
8380 0.1958579629189845
8390 0.195857826197662
8400 0.1958576884011251
8410 0.1958575462776016
8420 0.1958574044188435
8430 0.1958572548041342
8440 0.1958571048810947
8450 0.1958569485920462
8460 0.1958567902338419
8470 0.1958566297645665
8480 0.1958564624600959
8490 0.1958562956438661
8500 0.1958561296445989
8510 0.1958559596700813
8520 0.1958557890554257
8530 0.1958556163784303
8540 0.1958554494726427
8550 0.1958552777017585
8560 0.195855108343276
8570 0.1958549367907937
8580 0.1958547695527149
8590 0.1958546001921153
8600 0.1958544320144169
8610 0.1958542729244038
8620 0.1958541128535181
8630 0.1958539566014806
8640 0.1958538038473923
8650 0.1958536531225827
8660 0.1958535093514313
8670 0.1958533770239056
8680 0.1958532485574782
8690 0.1958531198483177
8700 0.1958530058962935
8710 0.1958529025415727
8720 0.1958528067261617
8730 0.1958527195662484
8740 0.195852641966298
8750 0.1958525725707938
8760 0.1958525143107139
8770 0.1958524695624262
8780 0.1958524309134303
8790 0.1958524010563407
8800 0.1958523840119775
8810 0.1958523753805116
8820 0.1958523788935924
8830 0.1958523872329605
8840 0.195852410699723
8850 0.1958524451447729
8860 0.1958524904949147
8870 0.1958525465059597
8880 0.1958526134699494
8890 0.1958526912961874
8900 0.1958527788667484
8910 0.1958528777002111
8920 0.1958529827314134
8930 0.1958530965485476
8940 0.1958532168328596
8950 0.1958533472877369
8960 0.1958534832779655
8970 0.1958536280845586
8980 0.1958537765564045
8990 0.1958539291902266
9000 0.1958540888509634
9010 0.1958542531807905
9020 0.1958544217238962
9030 0.1958545914921319
9040 0.1958547634529555
9050 0.1958549376057809
9060 0.1958551157212085
9070 0.1958552903822996
9080 0.1958554619651355
9090 0.1958556377333605
9100 0.1958558146817232
9110 0.1958559897270181
9120 0.1958561637393003
9130 0.1958563368016891
9140 0.1958565073830621
9150 0.1958566817048011
9160 0.195856841810254
9170 0.195857003973778
9180 0.1958571684450036
9190 0.195857318411231
9200 0.195857467390868
9210 0.1958576151515617
9220 0.1958577483830738
9230 0.1958578773236231
9240 0.1958580019222127
9250 0.1958581196932848
9260 0.1958582283960974
9270 0.1958583303307881
9280 0.1958584227201038
9290 0.1958585077310696
9300 0.1958585850471753
9310 0.1958586523062271
9320 0.1958587107699954
9330 0.1958587631304433
9340 0.1958588007744916
9350 0.195858830014819
9360 0.1958588473886443
9370 0.1958588514039389
9380 0.195858851789184
9390 0.1958588382573019
9400 0.1958588182887223
9410 0.1958587870126486
9420 0.1958587411356388
9430 0.1958586870118742
9440 0.1958586181970069
9450 0.1958585458487161
9460 0.1958584570971183
9470 0.1958583561039667
9480 0.1958582381442338
9490 0.1958581135671507
9500 0.1958579759935282
9510 0.1958578260342438
9520 0.1958576670906997
9530 0.1958574983662852
9540 0.1958573192867105
9550 0.1958571284170319
9560 0.1958569296751969
9570 0.1958567251366792
9580 0.1958565070590113
9590 0.1958562834264731
9600 0.1958560595915415
9610 0.1958558242279144
9620 0.1958555794721779
9630 0.1958553329597322
9640 0.1958550843381197
9650 0.1958548329530022
9660 0.1958545792649443
9670 0.1958543211461084
9680 0.1958540614383538
9690 0.1958538016014396
9700 0.1958535411491437
9710 0.1958532805795678
9720 0.1958530247005165
9730 0.1958527637619116
9740 0.1958525057146272
9750 0.1958522470299393
9760 0.1958519901771635
9770 0.1958517361687154
9780 0.1958514783706014
9790 0.1958512262562118
9800 0.1958509788310999
9810 0.1958507305653825
9820 0.1958504853816015
9830 0.1958502418971755
9840 0.1958500023211849
9850 0.1958497662800392
9860 0.1958495330048246
9870 0.1958493009393835
9880 0.1958490706112206
9890 0.1958488482578805
9900 0.1958486292535018
9910 0.1958484121006355
9920 0.1958482001585718
9930 0.1958479939091558
9940 0.1958477805485739
9950 0.1958475819256437
9960 0.1958473747954382
9970 0.1958471769752176
9980 0.195846977072304
9990 0.1958467779960834
10000 0.1958465792345583
10010 0.1958463871317836
10020 0.1958461926669316
10030 0.1958460003196417
10040 0.1958458080844574
10050 0.1958456197662429
10060 0.1958454407826479
10070 0.1958452579138915
10080 0.1958450756472307
10090 0.1958449001981319
10100 0.1958447198284791
10110 0.195844544182781
10120 0.1958443704856469
10130 0.1958441967122849
10140 0.1958440256540714
10150 0.1958438507151806
10160 0.1958436735667303
10170 0.1958434954720616
10180 0.1958433155209942
10190 0.1958431363696381
10200 0.1958429548615375
10210 0.1958427687246707
10220 0.1958425814441023
10230 0.1958423913411493
10240 0.195842199485048
10250 0.1958420067849556
10260 0.1958418094096211
10270 0.1958416063930643
10280 0.1958414074217699
10290 0.1958411991411575
10300 0.1958409944697386
10310 0.1958407863890726
10320 0.1958405751922815
10330 0.1958403632604764
10340 0.1958401518059562
10350 0.1958399343441772
10360 0.1958397189441554
10370 0.1958395025933892
10380 0.1958392846088178
10390 0.1958390651637929
10400 0.195838845423078
10410 0.1958386244861385
10420 0.1958384027505791
10430 0.1958381852822552
10440 0.1958379669641656
10450 0.1958377503025873
10460 0.1958375388590534
10470 0.1958373221138863
10480 0.1958371143770309
10490 0.1958369122592857
10500 0.1958367169183897
10510 0.1958365231592422
10520 0.1958363373036413
10530 0.1958361526443877
10540 0.1958359758896593
10550 0.1958358083054285
10560 0.195835641256912
10570 0.195835479224114
10580 0.1958353214519208
10590 0.1958351672472328
10600 0.1958350182523173
10610 0.1958348778312188
10620 0.1958347394899692
10630 0.1958346040644476
10640 0.1958344713680657
10650 0.1958343462793768
10660 0.1958342247416184
10670 0.1958341115280333
10680 0.1958340012262299
10690 0.1958338929761446
10700 0.195833790987454
10710 0.195833697292102
10720 0.1958336095238911
10730 0.1958335292955453
10740 0.1958334512229651
10750 0.19583337826779
10760 0.1958333121112042
10770 0.1958332516984375
10780 0.1958331971440663
10790 0.195833147951312
10800 0.1958331020150059
10810 0.1958330606128546
10820 0.1958330243285455
10830 0.1958329928785165
10840 0.1958329642682052
10850 0.1958329398234906
10860 0.1958329177757453
10870 0.1958328971973631
10880 0.1958328802756978
10890 0.1958328627785609
10900 0.1958328516116505
10910 0.1958328420080053
10920 0.1958328338910369
10930 0.1958328281680781
10940 0.1958328204612501
10950 0.1958328133369442
10960 0.1958328066526476
10970 0.1958327998290326
10980 0.1958327944346683
10990 0.1958327860438403
11000 0.1958327728241016
11010 0.1958327575755815
11020 0.1958327423454395
11030 0.1958327246772356
11040 0.1958326994309083
11050 0.1958326752903314
11060 0.1958326514969652
11070 0.1958326250767062
11080 0.1958325970046453
11090 0.1958325673606369
11100 0.1958325336181226
11110 0.1958324916014697
11120 0.1958324487990548
11130 0.1958324024348598
11140 0.1958323531057664
11150 0.1958322945653304
11160 0.1958322323787157
11170 0.1958321638813992
11180 0.1958320901727882
11190 0.1958320109546018
11200 0.1958319296355132
11210 0.1958318428805369
11220 0.1958317505833026
11230 0.195831647976243
11240 0.1958315378451642
11250 0.1958314243195342
11260 0.1958313071002079
11270 0.1958311847053138
11280 0.19583105599541
11290 0.1958309228378305
11300 0.1958307806827681
11310 0.1958306351709505
11320 0.1958304852260009
11330 0.1958303276545584
11340 0.1958301679195743
11350 0.1958299978088874
11360 0.1958298290640189
11370 0.1958296525860973
11380 0.1958294756141939
11390 0.1958292934478081
11400 0.1958291172569307
11410 0.195828933167594
11420 0.1958287464683581
11430 0.1958285557668479
11440 0.1958283632909822
11450 0.1958281682767163
11460 0.1958279666665527
11470 0.1958277631873718
11480 0.1958275517597485
11490 0.1958273433162697
11500 0.1958271303964018
11510 0.1958269147117993
11520 0.1958266960469729
11530 0.1958264740867702
11540 0.1958262469280952
11550 0.1958260200414145
11560 0.1958257856586071
11570 0.1958255451011226
11580 0.1958253010163159
11590 0.195825054383769
11600 0.1958248043029041
11610 0.1958245522921186
11620 0.1958242897371671
11630 0.195824024964856
11640 0.1958237541596055
11650 0.1958234754563979
11660 0.1958231952003584
11670 0.1958229108819418
11680 0.1958226247728263
11690 0.1958223371794589
11700 0.1958220502538016
11710 0.195821755362354
11720 0.1958214653959837
11730 0.1958211735736151
11740 0.1958208733523575
11750 0.195820572061072
11760 0.1958202725494997
11770 0.1958199657225997
11780 0.1958196628571715
11790 0.1958193539690184
11800 0.195819039679241
11810 0.1958187241728927
11820 0.195818415578458
11830 0.1958181020992899
11840 0.1958177848859133
11850 0.1958174712695029
11860 0.1958171542325599
11870 0.1958168383716512
11880 0.1958165202317249
11890 0.1958162031917026
11900 0.1958158867517659
11910 0.1958155632593598
11920 0.1958152419858571
11930 0.1958149204995505
11940 0.1958146015653435
11950 0.1958142763976696
11960 0.1958139549288541
11970 0.1958136353598926
11980 0.1958133162112441
11990 0.195812999269725
12000 0.1958126843141414
12010 0.1958123756903388
12020 0.1958120613691849
12030 0.1958117436101994
12040 0.1958114274419251
12050 0.1958111153438766
12060 0.1958108017501986
12070 0.1958104893794681
12080 0.1958101781454449
12090 0.1958098711246137
12100 0.1958095619023747
12110 0.1958092565852418
12120 0.1958089545809892
12130 0.1958086524876109
12140 0.1958083512738443
12150 0.1958080514504157
12160 0.1958077515656785
12170 0.1958074527969375
12180 0.1958071568148795
12190 0.1958068611221308
12200 0.1958065604773745
12210 0.1958062689056746
12220 0.1958059724403408
12230 0.1958056745995004
12240 0.1958053813926465
12250 0.195805090545375
12260 0.1958048026192826
12270 0.19580451291535
12280 0.1958042269165982
12290 0.1958039455086165
12300 0.1958036576721685
12310 0.1958033692651381
12320 0.1958030858856643
12330 0.1958027994737708
12340 0.1958025156622649
12350 0.1958022313511037
12360 0.1958019437284651
12370 0.1958016582232842
12380 0.1958013684755725
12390 0.1958010822221808
12400 0.1958007929963407
12410 0.1958005039931295
12420 0.1958002097101548
12430 0.1957999121625478
12440 0.195799615030223
12450 0.1957993164764314
12460 0.1957990154659929
12470 0.1957987125677511
12480 0.1957984109143141
12490 0.1957981055546877
12500 0.1957978032258395
12510 0.1957974958764739
12520 0.195797188217281
12530 0.1957968839222348
12540 0.195796573750864
12550 0.1957962633190287
12560 0.1957959515745666
12570 0.1957956382509542
12580 0.195795323693323
12590 0.1957950045709994
12600 0.1957946835063822
12610 0.1957943589131812
12620 0.1957940357368864
12630 0.1957937133202371
12640 0.1957933857059437
12650 0.1957930602280766
12660 0.1957927307870273
12670 0.1957924068284128
12680 0.1957920793639659
12690 0.195791749872775
12700 0.1957914203433011
12710 0.1957910874422258
12720 0.1957907491121373
12730 0.1957904128951157
12740 0.1957900775180065
12750 0.195789744273443
12760 0.1957894061435266
12770 0.1957890654036127
12780 0.1957887212388696
12790 0.1957883779566598
12800 0.1957880278512653
12810 0.1957876789755971
12820 0.1957873310558095
12830 0.1957869813503631
12840 0.1957866296219763
12850 0.1957862815834618
12860 0.1957859279047968
12870 0.1957855707302457
12880 0.1957852193299059
12890 0.1957848640088124
12900 0.1957845029910676
12910 0.1957841430821239
12920 0.1957837811400278
12930 0.1957834208669072
12940 0.1957830561475159
12950 0.1957826908665805
12960 0.1957823229011651
12970 0.1957819524412835
12980 0.1957815803277309
12990 0.195781204124161
13000 0.1957808321417058
13010 0.1957804583341942
13020 0.19578007674218
13030 0.1957796949861147
13040 0.195779319552225
13050 0.1957789429774913
13060 0.1957785663255175
13070 0.1957781897327986
13080 0.19577781241345
13090 0.1957774312459127
13100 0.1957770499893945
13110 0.1957766700150634
13120 0.1957762916001512
13130 0.1957759193104629
13140 0.1957755508162101
13150 0.1957751791203063
13160 0.1957748165407225
13170 0.1957744576448743
13180 0.1957741059467885
13190 0.1957737590823982
13200 0.1957734199515812
13210 0.195773087954672
13220 0.1957727645825824
13230 0.1957724488385422
13240 0.195772144102782
13250 0.1957718555915949
13260 0.1957715691831604
13270 0.1957712923561135
13280 0.1957710250342765
13290 0.1957707682500445
13300 0.1957705203802552
13310 0.1957702805230663
13320 0.1957700530351379
13330 0.1957698313916094
13340 0.1957696117113947
13350 0.1957694013267791
13360 0.1957691973716209
13370 0.1957690024284248
13380 0.1957688141746787
13390 0.1957686361531198
13400 0.1957684603948194
0 0.1959351890512433
10 0.1959433472124911
20 0.1959456219157981
30 0.195947299305207
40 0.1959484497180834
50 0.1959492210186068
60 0.1959497069213966
70 0.1959499785414966
80 0.1959500870093949
90 0.1959500601788401
100 0.1959499292396894
110 0.1959497219946254
120 0.1959494576809436
130 0.1959491464929599
140 0.1959487896193044
150 0.1959484004276733
160 0.1959479810570762
170 0.1959475417376464
180 0.1959470860580598
190 0.1959466197553714
200 0.1959461413645185
210 0.1959456614883481
220 0.1959451777322923
230 0.1959446979433236
240 0.195944209014923
250 0.1959437235538638
260 0.1959432338935768
270 0.1959427471787956
280 0.1959422598597285
290 0.1959417754189998
300 0.1959412918247734
310 0.1959408087807028
320 0.1959403367420545
330 0.1959398734899574
340 0.1959394164407587
350 0.1959389695444417
360 0.1959385350839372
370 0.1959381176389337
380 0.1959377231244561
390 0.1959373344379181
400 0.1959369736972561
410 0.1959366330827915
420 0.1959363220599877
430 0.1959360383352644
440 0.1959357799313821
450 0.1959355521817924
460 0.195935358606584
470 0.195935196792875
480 0.1959350696374487
490 0.1959349730520417
500 0.1959349065043762
510 0.1959348725302802
520 0.195934872673693
530 0.1959349052869527
540 0.1959349613131496
550 0.1959350414573143
560 0.1959351438137329
570 0.1959352664755172
580 0.1959354095488601
590 0.1959355695938416
600 0.1959357380468651
610 0.1959359159410982
620 0.1959361002403337
630 0.1959362845312907
640 0.1959364754550031
650 0.1959366600451091
660 0.195936834209353
670 0.1959369981392777
680 0.1959371504116411
690 0.1959372918520079
700 0.1959374178393896
710 0.1959375258949701
720 0.1959376117415151
730 0.1959376752239387
740 0.1959377093493658
750 0.195937724875636
760 0.195937717855489
770 0.1959376818808893
780 0.195937624306592
790 0.1959375431104215
800 0.1959374356429416
810 0.1959372977443677
820 0.195937140175457
830 0.1959369603977469
840 0.1959367569560695
850 0.1959365366206026
860 0.1959362949946219
870 0.1959360285209299
880 0.195935748816202
890 0.1959354540510463
900 0.1959351459349237
910 0.1959348282006755
920 0.1959345000993072
930 0.1959341649452264
940 0.1959338227960818
950 0.1959334778252789
960 0.1959331256801191
970 0.1959327710967631
980 0.1959324162909998
990 0.1959320648911682
1000 0.1959317159207576
1010 0.1959313694502948
1020 0.1959310280044496
1030 0.1959306946155646
1040 0.1959303663538582
1050 0.1959300442510378
1060 0.1959297365372801
1070 0.1959294387719021
1080 0.1959291483126378
1090 0.1959288717416796
1100 0.1959286074796596
1110 0.1959283616735175
1120 0.1959281253750119
1130 0.1959279047861826
1140 0.1959276986832787
1150 0.1959275068090953
1160 0.1959273332929347
1170 0.1959271748989584
1180 0.1959270322635419
1190 0.1959269050187575
1200 0.1959267955645184
1210 0.1959267040097756
1220 0.195926628106621
1230 0.1959265685890696
1240 0.1959265262217633
1250 0.1959264999829772
1260 0.195926493390017
1270 0.195926497302763
1280 0.1959265139301778
1290 0.1959265428218573
1300 0.1959265886514818
1310 0.1959266472714772
1320 0.1959267192371206
1330 0.1959268014463377
1340 0.1959268975264838
1350 0.1959269980186941
1360 0.1959271067722238
1370 0.1959272247823625
1380 0.1959273436846398
1390 0.1959274704065465
1400 0.1959276025946077
1410 0.195927737827299
1420 0.1959278698005495
1430 0.1959280008330688
1440 0.1959281287464166
1450 0.1959282536098352
1460 0.19592837327572
1470 0.1959284846850026
1480 0.1959285888415959
1490 0.1959286824898973
1500 0.1959287659208793
1510 0.1959288369786113
1520 0.1959288945808058
1530 0.1959289368811657
1540 0.1959289631777878
1550 0.1959289699554988
1560 0.1959289628586513
1570 0.1959289377192814
1580 0.1959288943625684
1590 0.1959288346610162
1600 0.1959287562076852
1610 0.1959286644811905
1620 0.1959285433623797
1630 0.1959284092177436
1640 0.1959282585935946
1650 0.19592809500361
1660 0.1959279059415251
1670 0.1959277046044744
1680 0.1959274876606352
1690 0.1959272590993834
1700 0.1959270174633606
1710 0.1959267636310024
1720 0.1959264997328134
1730 0.1959262309018998
1740 0.1959259509278151
1750 0.1959256642751614
1760 0.1959253735336385
1770 0.1959250773196259
1780 0.1959247791794797
1790 0.1959244814996987
1800 0.1959241861754786
1810 0.1959238919037265
1820 0.1959235975924997
1830 0.1959233133747011
1840 0.1959230426246978
1850 0.1959227707718897
1860 0.1959225125825534
1870 0.1959222652924305
1880 0.1959220307748135
1890 0.1959218128298304
1900 0.195921603431095
1910 0.1959214099975771
1920 0.1959212371935419
1930 0.1959210804604836
1940 0.1959209402656371
1950 0.1959208146649829
1960 0.1959207106789469
1970 0.1959206273644448
1980 0.1959205614335558
1990 0.1959205175643973
2000 0.1959204913293816
2010 0.195920485748027
2020 0.1959204997236191
2030 0.1959205309218715
2040 0.1959205862522203
2050 0.1959206610483291
2060 0.1959207555652417
2070 0.1959208716891237
2080 0.1959210099928411
2090 0.1959211646139652
2100 0.1959213414626481
2110 0.1959215370863722
2120 0.1959217513473913
2130 0.1959219828679262
2140 0.1959222297387012
2150 0.1959224947306781
2160 0.1959227734668322
2170 0.1959230688136401
2180 0.1959233772209246
2190 0.1959236996835439
2200 0.1959240325315681
2210 0.1959243784829532
2220 0.1959247326689042
2230 0.1959250995362523
2240 0.1959254675526952
2250 0.1959258482359169
2260 0.1959262379533092
2270 0.1959266287216389
2280 0.1959270215816978
2290 0.1959274136118202
2300 0.1959278085332026
2310 0.1959282050845055
2320 0.1959286001821367
2330 0.1959289941932912
2340 0.1959293808898031
2350 0.1959297674322709
2360 0.1959301394169611
2370 0.1959305071044049
2380 0.1959308663105442
2390 0.1959312125910391
2400 0.1959315484585987
2410 0.1959318708297167
2420 0.1959321792892714
2430 0.1959324757094748
2440 0.1959327518892437
2450 0.1959330109925582
2460 0.1959332470030849
2470 0.1959334653913667
2480 0.1959336640936351
2490 0.1959338416580777
2500 0.1959339963545761
2510 0.1959341276788555
2520 0.1959342362674906
2530 0.1959343238920252
2540 0.1959343872497358
2550 0.1959344244589581
2560 0.1959344369561995
2570 0.1959344236237946
2580 0.1959343855156144
2590 0.1959343201552805
2600 0.195934229459433
2610 0.1959341167465926
2620 0.1959339801443792
2630 0.1959338178861217
2640 0.1959336219834262
2650 0.1959334120899484
2660 0.1959331803482574
2670 0.1959329203721007
2680 0.1959326330518186
2690 0.1959323278704111
2700 0.1959320071296448
2710 0.1959316614044194
2720 0.195931288375258
2730 0.1959309001993145
2740 0.1959304950945228
2750 0.1959300745791744
2760 0.1959296353465745
2770 0.1959291777928526
2780 0.1959287051681569
2790 0.1959282209292825
2800 0.1959277228744577
2810 0.1959272138386624
2820 0.1959266936732795
2830 0.1959261678706516
2840 0.1959256320850978
2850 0.1959250933660552
2860 0.1959245431541335
2870 0.195923986193009
2880 0.1959234307889831
2890 0.1959228697492203
2900 0.1959223130545645
2910 0.1959217526741502
2920 0.1959211909760714
2930 0.1959206336837101
2940 0.1959200763603593
2950 0.1959195257517615
2960 0.1959189768928364
2970 0.1959184361216113
2980 0.1959179005144229
2990 0.1959173716677781
3000 0.1959168513125162
3010 0.1959163390091442
3020 0.1959158361633717
3030 0.1959153401716147
3040 0.1959148565151711
3050 0.1959143868215404
3060 0.1959139310981217
3070 0.1959134896290327
3080 0.1959130561237339
3090 0.1959126333903971
3100 0.1959122291507248
3110 0.1959118402614779
3120 0.1959114629387088
3130 0.1959110936683992
3140 0.1959107449183605
3150 0.1959104167631446
3160 0.1959101001623668
3170 0.1959097973262583
3180 0.195909508825085
3190 0.1959092388894113
3200 0.1959089849602892
3210 0.1959087457057395
3220 0.1959085219432344
3230 0.1959083163277337
3240 0.1959081255157833
3250 0.1959079484092374
3260 0.1959077859968306
3270 0.1959076380401796
3280 0.1959075059488945
3290 0.1959073913842137
3300 0.1959072840675414
3310 0.1959071912360585
3320 0.1959071096495071
3330 0.1959070423724086
3340 0.1959069911159119
3350 0.1959069515083079
3360 0.1959069183706781
3370 0.1959068932330937
3380 0.1959068779304464
3390 0.1959068688490393
3400 0.195906869616635
3410 0.195906878819963
3420 0.1959068937877039
3430 0.1959069143077221
3440 0.1959069380447694
3450 0.195906964797877
3460 0.1959069916876675
3470 0.1959070275131216
3480 0.1959070662320919
3490 0.1959071058385285
3500 0.1959071457931861
3510 0.1959071908239672
3520 0.1959072306482914
3530 0.195907269582962
3540 0.1959073032342106
3550 0.1959073395128623
3560 0.1959073729634554
3570 0.1959074046284231
3580 0.1959074320795064
3590 0.1959074606840892
3600 0.1959074830839996
3610 0.1959075000164163
3620 0.1959075107574758
3630 0.195907519666784
3640 0.1959075215105003
3650 0.1959075213215211
3660 0.1959075158810944
3670 0.1959075047861158
3680 0.1959074852242365
3690 0.1959074640201671
3700 0.1959074367976712
3710 0.1959074065194655
3720 0.1959073724278358
3730 0.195907334905726
3740 0.1959072928778598
3750 0.1959072475301706
3760 0.1959071948799866
3770 0.195907138344879
3780 0.1959070779840589
3790 0.1959070137668258
3800 0.1959069496065534
3810 0.1959068809213156
3820 0.195906803534742
3830 0.1959067284558657
3840 0.1959066460988498
3850 0.1959065572302599
3860 0.1959064687259068
3870 0.1959063805600758
3880 0.1959062855827924
3890 0.1959061867646197
3900 0.1959060840934608
3910 0.1959059775312654
3920 0.1959058679276125
3930 0.195905753436702
3940 0.1959056394183157
3950 0.1959055262216817
3960 0.1959054049065551
3970 0.1959052822718047
3980 0.1959051562970357
3990 0.1959050242715132
4000 0.19590489368556
4010 0.1959047658398035
4020 0.1959046271166273
4030 0.1959044898011354
4040 0.1959043520536863
4050 0.1959042119348297
4060 0.1959040695341767
4070 0.195903926766708
4080 0.1959037829695799
4090 0.1959036348433828
4100 0.1959034879551479
4110 0.1959033382436815
4120 0.1959031905152546
4130 0.1959030407303919
4140 0.1959028884303403
4150 0.1959027337577678
4160 0.1959025792963012
4170 0.1959024221605487
4180 0.1959022645439787
4190 0.1959021064276224
4200 0.1959019481464858
4210 0.1959017887170678
4220 0.1959016290172602
4230 0.1959014664097967
4240 0.195901306984588
4250 0.1959011514227182
4260 0.1959009945370309
4270 0.1959008358523373
4280 0.1959006769736422
4290 0.195900515503563
4300 0.1959003598781013
4310 0.1959002086279435
4320 0.1959000582226668
4330 0.1958999072930475
4340 0.1958997557716482
4350 0.195899607562435
4360 0.1958994602261941
4370 0.1958993128817258
4380 0.1958991695885705
4390 0.1958990280280502
4400 0.1958988917649743
4410 0.1958987578640424
4420 0.195898627733836
4430 0.1958984987569523
4440 0.1958983748891191
4450 0.1958982538883864
4460 0.1958981340820145
4470 0.1958980210552254
4480 0.19589791227185
4490 0.195897807140001
4500 0.1958977075820221
4510 0.1958976166589358
4520 0.195897520911188
4530 0.1958974381769764
4540 0.195897359494937
4550 0.1958972833342132
4560 0.1958972130482339
4570 0.1958971482803357
4580 0.1958970881204359
4590 0.1958970317060634
4600 0.1958969843773021
4610 0.1958969408010726
4620 0.1958969009333687
4630 0.1958968671994175
4640 0.1958968368584326
4650 0.1958968109943364
4660 0.1958967867265558
4670 0.19589676908984
4680 0.1958967567698395
4690 0.1958967487334968
4700 0.1958967408307539
4710 0.1958967375274915
4720 0.1958967356568058
4730 0.1958967372915771
4740 0.1958967393382406
4750 0.1958967461066249
4760 0.1958967498916742
4770 0.1958967529205915
4780 0.1958967513387637
4790 0.1958967521099487
4800 0.1958967545363933
4810 0.1958967542620652
4820 0.1958967460042514
4830 0.1958967374392896
4840 0.1958967274110401
4850 0.1958967153695475
4860 0.19589669453412
4870 0.1958966639194704
4880 0.1958966332893577
4890 0.1958965958970696
4900 0.195896552417441
4910 0.1958965018773095
4920 0.1958964438454676
4930 0.1958963813399072
4940 0.1958963078194003
4950 0.1958962232569869
4960 0.1958961313961569
4970 0.195896028490562
4980 0.1958959154250147
4990 0.1958957919575672
5000 0.1958956568117683
5010 0.1958955118581682
5020 0.1958953540329137
5030 0.1958951838253179
5040 0.1958950055064467
5050 0.1958948165151547
5060 0.1958946143047346
5070 0.1958944016721906
5080 0.1958941777121654
5090 0.1958939406284697
5100 0.1958936977402221
5110 0.1958934388001969
5120 0.1958931684572728
5130 0.1958928894406396
5140 0.1958925978753769
5150 0.1958922957328778
5160 0.1958919821346891
5170 0.195891658885746
5180 0.1958913236352424
5190 0.195890982433168
5200 0.1958906320973094
5210 0.1958902737622712
5220 0.1958899101811161
5230 0.1958895350894212
5240 0.1958891551487595
5250 0.1958887682071295
5260 0.1958883797393366
5270 0.1958879815509323
5280 0.1958875790587411
5290 0.1958871698229566
5300 0.1958867607474972
5310 0.1958863473331948
5320 0.1958859319284482
5330 0.1958855177544113
5340 0.1958850997243934
5350 0.1958846817389772
5360 0.1958842635572784
5370 0.1958838463473234
5380 0.1958834282599378
5390 0.1958830115448565
5400 0.195882594596812
5410 0.1958821833424947
5420 0.1958817728068048
5430 0.1958813653207073
5440 0.1958809621456364
5450 0.1958805606502642
5460 0.195880168622449
5470 0.1958797774753769
5480 0.1958793911530514
5490 0.195879010302914
5500 0.1958786398534982
5510 0.1958782717989164
5520 0.1958779064627267
5530 0.195877554732173
5540 0.1958772146460747
5550 0.1958768756048658
5560 0.195876546873368
5570 0.1958762300768864
5580 0.1958759198234061
5590 0.1958756204615365
5600 0.1958753306669619
5610 0.195875043968821
5620 0.1958747675626993
5630 0.1958745019245709
5640 0.1958742437147152
5650 0.1958739938211324
5660 0.1958737546943566
5670 0.1958735221819746
5680 0.1958732982248775
5690 0.1958730826436206
5700 0.1958728758323811
5710 0.1958726810219648
5720 0.1958724975143708
5730 0.1958723219978775
5740 0.1958721603465188
5750 0.1958720015688593
5760 0.1958718519318298
5770 0.1958717107355778
5780 0.1958715777182051
5790 0.19587145373416
5800 0.1958713349315654
5810 0.1958712296101397
5820 0.195871127368586
5830 0.1958710338693399
5840 0.1958709471362903
5850 0.1958708651717842
5860 0.1958707897382291
5870 0.1958707211953211
5880 0.1958706640366399
5890 0.1958706069482732
5900 0.1958705510251332
5910 0.1958705090395074
5920 0.1958704641880416
5930 0.195870427890204
5940 0.1958703967074308
5950 0.1958703652122448
5960 0.1958703398575845
5970 0.1958703186262614
5980 0.1958703028671756
5990 0.1958702898187546
6000 0.1958702808668959
6010 0.1958702735024617
6020 0.1958702657629709
6030 0.1958702626073386
6040 0.1958702621879543
6050 0.1958702636592532
6060 0.1958702692593097
6070 0.1958702757751855
6080 0.195870285389607
6090 0.1958702956103449
6100 0.195870311620321
6110 0.195870325156742
6120 0.1958703461750406
6130 0.1958703653378231
6140 0.1958703844270135
6150 0.1958704048448852
6160 0.1958704285055645
6170 0.195870454311164
6180 0.1958704792551312
6190 0.1958705082499653
6200 0.1958705370666199
6210 0.1958705660402631
6220 0.1958706002776854
6230 0.1958706397945011
6240 0.1958706733656471
6250 0.1958707194814823
6260 0.1958707619850643
6270 0.1958708055593185
6280 0.1958708542646679
6290 0.1958709110798915
6300 0.195870967449479
6310 0.1958710274429389
6320 0.195871086262935
6330 0.1958711539204479
6340 0.1958712237113467
6350 0.1958713002673999
6360 0.1958713831410116
6370 0.1958714676118939
6380 0.1958715591418803
6390 0.1958716511713502
6400 0.1958717435882027
6410 0.1958718457315309
6420 0.1958719549864894
6430 0.1958720667196618
6440 0.1958721829478859
6450 0.1958723084074305
6460 0.1958724347047792
6470 0.1958725655532657
6480 0.1958726979902694
6490 0.1958728362611582
6500 0.1958729813769052
6510 0.1958731287229709
6520 0.1958732872169983
6530 0.1958734430011681
6540 0.1958735985821327
6550 0.1958737653698664
6560 0.1958739353609987
6570 0.1958741066076781
6580 0.1958742796390096
6590 0.1958744506895391
6600 0.1958746302509373
6610 0.1958748184740038
6620 0.1958749998396613
6630 0.1958751829838525
6640 0.1958753714960485
6650 0.1958755585773042
6660 0.1958757485942106
6670 0.1958759405653427
6680 0.1958761301690939
6690 0.1958763193130717
6700 0.1958765052281257
6710 0.1958766917850273
6720 0.1958768725120007
6730 0.1958770540093686
6740 0.1958772326612589
6750 0.1958774086853809
6760 0.1958775854969006
