"Time Step" "mass-flux"
20210 2.508417618063419e-08
20220 1.174627291267161e-09
20230 1.39158090398106e-08
20240 -8.626838952918714e-08
20250 -7.27695897637104e-08
20260 5.061049854898636e-08
20270 9.683421327982833e-08
20280 7.933856962377694e-08
20290 3.18231443280359e-08
20300 -7.057803984994448e-08
20310 -1.188067243126922e-07
20320 4.553033697979325e-08
20330 5.49942040170559e-08
20340 4.917173238722095e-08
20350 -5.658636061806055e-08
20360 -5.534195526846197e-08
20370 -6.975097555789178e-08
20380 3.922265701811201e-08
20390 3.86876985239426e-08
20400 -8.793429190356861e-08
20410 -3.136649280588433e-09
20420 5.992852075004107e-08
20430 5.316376432140668e-08
20440 7.823378622706656e-08
20450 3.384019565261243e-08
20460 -4.512011679558281e-08
20470 4.574298050064041e-08
20480 5.85727234839184e-08
20490 9.503879814382055e-08
20500 8.579103101535868e-08
20510 1.051859197936933e-07
20520 9.071650770853257e-08
20530 9.787835882069107e-09
20540 -1.066448318196023e-07
20550 -8.988331020448603e-08
20560 6.948123132399786e-09
20570 3.710272941659376e-08
20580 -3.277873899393269e-08
20590 8.676975972454759e-08
20600 3.544484362266731e-08
20610 -1.38335509367038e-08
20620 -7.283186960471699e-08
20630 -8.127475737557122e-08
20640 -7.794976952801846e-08
20650 -6.349006402561752e-08
20660 6.039163050891583e-08
20670 1.650257800550614e-08
20680 6.288122825909293e-08
20690 -5.753274723296897e-08
20700 4.742307840172044e-08
20710 1.067465492457509e-07
20720 5.978213092616702e-08
20730 -3.542027773861811e-08
20740 -8.703485513544829e-08
20750 -6.707914231018908e-08
20760 -5.182468761077974e-08
20770 -4.538708557599858e-08
20780 -7.35686731881402e-08
20790 -2.077427838781398e-08
20800 7.67723874472992e-08
20810 5.306778855240779e-08
20820 5.668898025307234e-08
20830 -7.34225486381801e-08
20840 -6.236249786018e-08
20850 6.047790900715055e-08
20860 3.928412593140473e-08
20870 -8.197429048062421e-09
20880 -4.078581834071615e-08
20890 4.404818659820009e-08
20900 6.442984560456333e-08
20910 4.191572594569593e-08
20920 -4.004117911543537e-08
20930 -6.107257864707005e-08
20940 -6.034226492784844e-08
20950 -5.236343093156792e-08
20960 -7.306136644985584e-08
20970 -7.593592363241974e-08
20980 -6.706049753696375e-08
20990 -3.371024073772766e-08
21000 -3.835506347249495e-08
21010 -7.653094348525347e-08
21020 -2.431935146318676e-09
21030 6.083393119804548e-08
21040 4.671915639770097e-08
21050 -7.772642074410641e-08
21060 1.683427186538466e-08
21070 4.82231783324738e-08
21080 3.715278980992442e-08
21090 -7.741728696303296e-08
21100 -6.162534885167936e-08
21110 1.324125345480986e-08
21120 -2.529535245848757e-08
21130 -6.422619425877629e-08
21140 -4.522531714401534e-08
21150 -4.281350145241003e-08
21160 -6.197105770905376e-08
21170 -4.999418234952202e-08
21180 -4.333463386740899e-09
21190 9.985301044346251e-09
21200 6.730668321297539e-08
21210 5.644305401536487e-08
21220 -1.510183670477838e-08
21230 -6.551945052474251e-08
21240 -3.479342129686369e-08
21250 8.480748568684415e-08
21260 6.915126445766751e-08
21270 8.285844797090158e-08
21280 8.747617168125554e-08
21290 8.194418719270624e-08
21300 7.29517435349436e-08
21310 6.540786934294829e-08
21320 7.872209841636169e-08
21330 7.196937026887618e-08
21340 -6.055467967336359e-08
21350 6.999075857078152e-08
21360 6.2480734426551e-08
21370 -6.672664583373678e-08
21380 -8.024143873658351e-08
21390 -8.617927324539032e-08
21400 -7.377994337004479e-08
21410 -4.541931458018622e-08
21420 -7.50360644799497e-08
21430 -5.394008630726921e-08
21440 -8.485465008423176e-08
21450 -5.944070964603032e-08
21460 -3.575373602043852e-08
21470 4.795823448783265e-08
21480 4.856661213470392e-08
21490 -4.820540377981075e-08
21500 -4.503863385713069e-08
21510 6.084811353390673e-08
21520 5.972966873879493e-08
21530 -1.116459695527094e-09
21540 -6.320113072472155e-08
21550 -2.436894355750674e-08
21560 8.464633764748708e-09
21570 2.70098152385656e-08
21580 -6.703476728570079e-08
21590 -8.163596106752768e-08
21600 -8.505772634143094e-08
21610 3.11980614953189e-09
21620 1.015077071078729e-07
21630 1.317309348616846e-07
21640 9.985998142975072e-08
21650 1.022427132540971e-07
21660 8.938175981992869e-08
21670 7.568171080107877e-08
21680 3.881470614364169e-08
21690 5.248298257792827e-08
21700 6.820423928410868e-08
21710 7.902342055027267e-08
21720 4.527822156097372e-08
21730 -4.809544568162849e-08
21740 -6.448797587599309e-08
21750 -1.087571847163682e-07
21760 -5.412916760649811e-08
21770 -8.433991281753261e-08
21780 1.065653117832133e-08
21790 -6.32068986594625e-08
21800 -7.56890096986762e-08
21810 -2.830661983282967e-08
21820 5.805977507794546e-08
21830 -6.628543831876943e-08
21840 4.891933132883386e-08
21850 1.864552818392484e-08
21860 -8.948322561402877e-08
21870 3.172476214369224e-08
21880 -4.464767448114637e-08
21890 -7.786537189330422e-08
21900 -3.781419814774534e-08
21910 -8.113534202131012e-08
21920 6.031642144771476e-08
21930 4.724106639902859e-08
21940 -4.892863232630607e-08
21950 -8.527885748954578e-08
21960 -7.165444540491173e-08
21970 -6.138741250744095e-08
21980 1.049506394498745e-07
21990 2.525399576958076e-09
22000 -6.879286618827196e-08
22010 7.663503986954368e-08
22020 1.070785871706836e-07
22030 1.317591166935528e-07
22040 1.177301055949043e-07
22050 1.145555940176846e-07
22060 1.082250602121859e-07
22070 8.954513797815311e-08
22080 6.325778085375378e-08
22090 8.805572269260376e-08
22100 5.661443690935242e-08
22110 -1.433004019613104e-08
22120 -2.831912742501386e-08
22130 -6.090646115924914e-08
22140 -7.199404288699141e-08
22150 -7.761132339578758e-08
22160 -6.870984429335758e-08
22170 -1.058420084840139e-07
22180 -9.579539860665731e-08
22190 -6.975710993561979e-08
22200 9.793738284247233e-08
22210 6.784008142746156e-08
22220 -6.283850981225747e-08
22230 -6.595760146388407e-08
22240 -5.085563164336504e-08
22250 -7.465712585641437e-08
22260 -9.896070296555592e-08
22270 -9.860835655656208e-08
22280 -6.319703050455816e-08
22290 -8.416670636141044e-08
22300 6.602460444343761e-08
22310 8.990094511884816e-08
22320 8.153601356586382e-08
22330 6.86739732649877e-08
22340 7.516075292007818e-08
22350 2.615229838243138e-09
22360 -6.923794740321121e-08
22370 -7.142890925959655e-08
22380 -4.03765056944394e-08
22390 -5.541657913110676e-08
22400 -6.830221294107375e-08
22410 -3.360239366617668e-08
22420 -2.047651462971922e-08
22430 -9.701351021129678e-08
22440 6.811842556686543e-08
22450 8.775864508703268e-08
22460 6.328497000052113e-08
22470 7.296534105388774e-08
22480 9.598283403494667e-08
22490 9.170541580977298e-08
22500 8.946452757785384e-08
22510 7.380176331173161e-08
22520 8.11020268720597e-08
22530 -5.576071046564657e-08
22540 -6.3049633562684e-08
22550 -6.571797103727128e-08
22560 -1.027280986803936e-07
22570 -7.764688315231583e-08
22580 -1.059751398163611e-07
22590 -1.010704577183996e-07
22600 -9.264396463176672e-08
22610 7.610045905936946e-09
22620 -8.81862920604215e-08
22630 -9.682180304726451e-08
22640 -9.57011640490002e-08
22650 -4.035182366024515e-08
22660 1.581187979854404e-08
22670 -8.15734992123951e-08
22680 -8.725348991933668e-09
22690 -3.125142183924012e-08
22700 1.086794364224541e-08
22710 -7.779566019161521e-08
22720 -1.059676804221477e-07
22730 -9.457032411341881e-08
22740 -6.001185932913433e-08
22750 -5.473458928456632e-08
22760 7.625910426745097e-08
22770 5.332092276738587e-08
22780 7.921835132318478e-08
22790 9.65065078614713e-08
22800 8.025816228274252e-08
22810 5.543119323964119e-08
22820 6.365131494101561e-08
22830 9.419324707021781e-08
22840 8.413039884191953e-08
22850 9.334986963982495e-09
22860 3.900818265623052e-09
22870 -6.978838065774262e-08
22880 6.47673515513647e-08
22890 6.255349092182394e-08
22900 8.48603759137645e-08
22910 6.03533495124875e-08
22920 6.18449612355132e-08
22930 -7.07520703552289e-08
22940 -7.201481262708587e-08
22950 -3.960709769185167e-08
22960 -9.215250940108888e-08
22970 -7.35243945865216e-08
22980 -5.689488312421442e-08
22990 -2.703348252891535e-08
23000 -6.71463418755458e-08
23010 -6.145351379160946e-08
23020 -5.638802477725413e-08
23030 8.456686476782105e-08
23040 6.326769965564472e-08
23050 -6.143848672868213e-08
23060 -3.316910757861224e-08
23070 -4.470559165914434e-08
23080 -8.768477642584482e-08
23090 -6.720775835855619e-08
23100 6.194849708207606e-08
23110 8.842412201059968e-08
23120 8.066676457363364e-08
23130 6.68167085687843e-08
23140 6.931800035359093e-08
23150 8.703587018460412e-08
23160 8.848156719809541e-08
23170 7.679644779129413e-08
23180 7.503315480050787e-08
23190 4.425351663589483e-08
23200 -3.128230401105991e-08
23210 -8.365342710203727e-08
23220 -5.017897061060372e-08
23230 -7.199341926777958e-08
23240 -6.033065625549172e-08
23250 5.020937919597568e-08
23260 5.529818095095784e-08
23270 4.319836984650882e-08
23280 9.30004562874065e-08
23290 1.141658356740294e-08
23300 5.274322423948208e-08
23310 8.42884260235377e-08
23320 4.814952238307857e-08
23330 -4.696698345518779e-08
23340 -3.982793251450234e-08
23350 -6.861233377286613e-08
23360 -7.157032395205265e-08
23370 -9.701262256023302e-08
23380 -5.857672784326251e-08
23390 -7.774504796193016e-08
23400 5.337711266040213e-08
23410 -7.195349472494117e-08
23420 -7.571867247091468e-08
23430 -6.080899339622192e-08
23440 -5.897226892231933e-08
23450 -8.344476703364689e-08
23460 -5.096685275901569e-08
23470 -2.131801160598634e-08
23480 4.745970740710481e-08
23490 6.849030574629378e-08
23500 6.990595859124316e-09
23510 1.657286066714114e-08
23520 -9.15608584922678e-08
23530 -4.454284129040698e-08
23540 -4.265167008465909e-08
23550 -5.342093224031119e-08
23560 -2.119265432587447e-08
23570 -5.318251809771635e-08
23580 -6.843766414688091e-08
23590 -7.714258353636039e-08
23600 2.170184941474584e-09
23610 5.203678330595318e-08
23620 8.210340678854733e-08
23630 7.382920031578921e-08
23640 6.903116413214949e-08
23650 1.230390582543373e-07
23660 1.099458630110517e-07
23670 9.599729974135718e-08
23680 8.31399397729915e-08
23690 6.754949437998148e-08
23700 1.120927320408249e-07
23710 9.63957392657866e-08
23720 2.52600551031712e-08
23730 -1.766366816702281e-08
23740 -7.920181355203226e-08
23750 -9.64865060348874e-08
23760 -1.044715596601464e-07
23770 -7.549276499069224e-08
23780 -7.913627541461521e-08
23790 -9.72977721794277e-08
23800 -8.14100625107228e-08
23810 -6.979015424596335e-08
23820 -9.424940625168965e-08
23830 -7.509448513715045e-08
23840 -6.662649671557164e-08
23850 -8.692636935953013e-08
23860 -7.541911567487958e-08
23870 -1.002514372350216e-07
23880 7.132347686761298e-08
23890 7.30831435438728e-08
23900 8.097863000988692e-08
23910 6.275673432309947e-08
23920 -6.863643990662194e-08
23930 -7.309988729609085e-08
23940 4.956711625869747e-08
23950 5.295831405349727e-09
23960 4.567239602487616e-08
23970 4.66268110579926e-08
23980 -1.514394337015501e-08
23990 -5.437336875885324e-08
24000 -6.255898579721197e-08
13410 -1.203860512874466e-07
13420 -6.990872404577519e-08
13430 -2.231371009492333e-08
13440 2.615946667616775e-08
13450 3.443949623399556e-08
13460 6.371609932720457e-08
13470 8.392014296670913e-08
13480 5.088432167288381e-08
13490 7.363170081292614e-08
13500 4.604505376981649e-08
13510 -7.335914536943378e-08
13520 -4.755177139548206e-08
13530 -1.088560790118986e-09
13540 -8.295790294293726e-08
13550 -7.024429928004228e-08
13560 -6.32368707884079e-08
13570 8.555273308535893e-08
13580 8.860806994387405e-08
13590 9.994857791406631e-08
13600 6.149092581647642e-08
13610 -1.826892331857621e-09
13620 -7.599507072936218e-08
13630 -6.710914433188941e-08
13640 -7.535477115211409e-08
13650 3.656561826936855e-08
13660 7.163727622910843e-08
13670 8.267457572014303e-08
13680 6.954975766831906e-08
13690 3.096529354457145e-08
13700 6.075549131151492e-08
13710 5.824336504756111e-08
13720 -5.729817851435337e-08
13730 -4.992258637037672e-08
13740 -5.806489242893287e-08
13750 -5.05161512412422e-08
13760 -8.165600024617747e-08
13770 -7.969998724877136e-08
13780 -7.665310372551026e-08
13790 -1.0242683289724e-07
13800 -5.897126424680987e-08
13810 -6.036477692705766e-08
13820 -6.493523282274927e-08
13830 -4.487695919735968e-08
13840 6.854803946687582e-08
13850 3.070856261638832e-08
13860 8.938421001969399e-08
13870 9.115694637323868e-08
13880 6.40058327450177e-08
13890 3.479032623099343e-08
13900 5.485309477470945e-09
13910 -4.652441404351393e-08
13920 4.550687191656744e-08
13930 6.744156886423491e-08
13940 -5.403131768388914e-08
13950 3.344738699895267e-08
13960 7.58790866320358e-08
13970 -9.36563882697472e-09
13980 4.167960619694266e-08
13990 -5.252172645409114e-08
14000 -1.972532531063775e-08
14010 -6.073230190278833e-08
14020 8.470954249162332e-08
14030 6.203375571556258e-08
14040 6.79156768393363e-08
14050 8.686121890505438e-08
14060 9.566100424990287e-08
14070 1.021656319891151e-07
14080 8.91879670533724e-08
14090 8.866981017485731e-08
14100 5.224389003355423e-08
14110 2.344308416835084e-08
14120 -4.169571082845991e-08
14130 -7.319286803725289e-08
14140 -7.852058640789306e-08
14150 -4.185630764902415e-08
14160 -7.934421718952533e-08
14170 6.939732961203093e-08
14180 7.849027768708217e-08
14190 7.255628595159713e-08
14200 2.231856369161456e-08
14210 -2.494888509674276e-08
14220 9.046436773296751e-08
14230 -3.944989813986499e-08
14240 -7.101194707953562e-08
14250 -3.964084883262275e-08
14260 -6.101319721674159e-08
14270 -8.271523484898458e-08
14280 -2.296583635763572e-08
14290 -2.342883608646984e-08
14300 -7.747313297140623e-08
14310 -1.110154436573252e-07
14320 -1.009085471084803e-07
14330 1.461386176654367e-08
14340 6.669326487601657e-08
14350 4.901460760181608e-08
14360 4.631261481952142e-08
14370 5.540152180766311e-08
14380 6.590669442141373e-08
14390 -6.799200440860131e-08
14400 -5.219047455318204e-08
14410 -7.709197503286136e-08
14420 -7.248605455451029e-08
14430 -2.014664237520725e-08
14440 -4.844928008090887e-08
14450 7.92187183837334e-08
14460 7.041195147772239e-08
14470 4.286183689222733e-08
14480 7.173322277148619e-08
14490 5.434927926456501e-08
14500 4.585360822290108e-08
14510 7.219806127251038e-08
14520 4.32657577334461e-08
14530 -7.307552695595687e-08
14540 -7.559628315001454e-08
14550 -8.056992662625051e-08
14560 -6.905595770906325e-08
14570 -6.674177903398526e-08
14580 -4.63151770546677e-08
14590 -4.624167774386345e-08
14600 -6.822075843126996e-08
14610 -1.667825436091341e-08
14620 -5.124213366819452e-08
14630 -7.001241810605796e-08
14640 -8.302796434406234e-08
14650 -5.819577700988399e-08
14660 7.674987436562253e-08
14670 9.324740947447285e-08
14680 -5.646101493284039e-08
14690 -1.388497249815712e-08
14700 -1.010169648832382e-07
14710 7.462977783673219e-08
14720 4.081308785375271e-08
14730 -5.73805629330848e-08
14740 -6.518441350578108e-08
14750 7.92837325305773e-08
14760 2.141712911879479e-08
14770 6.654771585179464e-08
14780 4.546212357264823e-08
14790 7.336059371781944e-08
14800 6.185558760335441e-08
14810 -4.597188796306995e-09
14820 -8.469667034383122e-08
14830 -5.133764761217074e-08
14840 -6.811428842484757e-08
14850 5.731850344359302e-08
14860 8.724248559688341e-09
14870 4.737910446611648e-08
14880 5.508849048457831e-08
14890 5.820132385758736e-08
14900 9.328822817011861e-08
14910 4.799284743228771e-08
14920 3.631670982690016e-08
14930 -6.118902279306226e-08
14940 3.465924281603749e-08
14950 -6.806801867292878e-08
14960 -4.432320439839987e-08
14970 -1.169394538008683e-07
14980 -6.207225732024479e-08
14990 -6.557959783548561e-08
15000 -3.114801298831349e-08
15010 -6.186865807167319e-08
15020 -6.390628507629836e-08
15030 -6.521356315375426e-08
15040 -5.489849523587775e-08
15050 -3.905061585901537e-08
15060 -4.915866102378486e-08
15070 -6.818584439433062e-08
15080 -9.151147413455352e-08
15090 -6.011310562520356e-08
15100 5.517112419695103e-08
15110 4.418954092921812e-08
15120 6.843524576888305e-08
15130 5.720636658823608e-08
15140 6.397865549845339e-08
15150 7.795632075285885e-08
15160 6.945772830502239e-08
15170 -4.394044387373564e-08
15180 -9.305463526815272e-08
15190 -5.661215019686638e-08
15200 -5.899471167136738e-08
15210 1.292376286543551e-08
15220 1.234577433339989e-08
15230 1.759273599022393e-08
15240 -3.326561314603849e-08
15250 -8.085372207866648e-08
15260 5.625378390189395e-08
15270 9.977179683123838e-08
15280 -8.640204044590982e-08
15290 -6.011912208336856e-08
15300 3.748806589459752e-08
15310 2.155598014669247e-08
15320 6.92062341045574e-08
15330 3.887103491168054e-08
15340 2.798958127769868e-08
15350 1.313032514660417e-08
15360 -4.567501188379453e-08
15370 -6.562654768227372e-08
15380 -7.567232011840286e-08
15390 -4.270151453267257e-08
15400 -4.903905992392765e-08
15410 -8.028595731290888e-08
15420 -8.170849022381965e-08
15430 -6.710819484834207e-08
15440 -8.341635435171746e-08
15450 -3.373062469613775e-08
15460 5.975765877269668e-08
15470 -1.789556937359382e-08
15480 -5.886555585338238e-08
15490 -8.810413356513669e-08
15500 -5.550834075718214e-08
15510 5.65624745513249e-08
15520 5.091444010840718e-08
15530 4.068995643202733e-08
15540 -3.569420470306284e-08
15550 -7.235415706852155e-08
15560 5.983511749962922e-08
15570 7.273243587263556e-08
15580 3.168994841540318e-08
15590 5.849324016121704e-08
15600 4.25046646282401e-08
15610 -5.727212109424284e-08
15620 -6.827988618951508e-08
15630 1.761070200084758e-08
15640 4.732742550639379e-08
15650 9.51409573970996e-08
15660 5.029294697367348e-08
15670 4.841021466334139e-08
15680 6.74819134460769e-08
15690 4.340063292085361e-08
15700 5.297040060053826e-08
15710 3.639474048522384e-08
15720 -6.252641043813512e-08
15730 -5.212125247372468e-08
15740 -6.361998729220719e-08
15750 -9.033270513547631e-08
15760 -6.089693192073975e-08
15770 -9.503896292173408e-08
15780 -1.009955258243767e-07
15790 7.784922484432855e-08
15800 -7.305104791216488e-08
15810 -7.509601394894982e-08
15820 -3.375495759294633e-08
15830 5.170561959144671e-08
15840 -4.40424354555824e-08
15850 -5.422085877504479e-08
15860 1.583230480051157e-08
15870 3.619800774401494e-08
15880 3.901662195410216e-08
15890 -6.165142420189174e-08
15900 5.196817570024548e-08
15910 7.418215468291134e-08
15920 6.956541842573216e-08
15930 8.687368880516688e-08
15940 6.017309429895423e-08
15950 3.857381560695705e-08
15960 -4.758671783705593e-08
15970 -3.516738920905649e-08
15980 -4.135198714699806e-08
15990 -7.759838921428397e-08
16000 -6.215964960115672e-08
16010 -7.3639762988853e-08
16020 -6.69625377439087e-08
16030 5.284843199171441e-08
16040 5.453569559832339e-08
16050 -2.025995993887308e-08
16060 7.798617398385721e-08
16070 7.558418239211884e-08
16080 5.523442149490965e-08
16090 6.872946255176426e-08
16100 1.116715499516197e-07
16110 7.863964952836699e-08
16120 4.712831715159016e-08
16130 3.563923524352308e-08
16140 -8.106511419081475e-08
16150 -7.155102279415848e-08
16160 -4.466579103801216e-08
16170 -4.127497055250728e-08
16180 4.172786668976691e-08
16190 -1.400297519604798e-08
16200 -7.607479063365119e-08
16210 -5.519998996089681e-08
16220 -7.289054109599347e-08
16230 -4.483571735408587e-08
16240 2.357396809704593e-08
16250 -5.034632231254443e-08
16260 -8.5255630617731e-08
16270 -3.636981755344992e-08
16280 -2.319332856326461e-08
16290 6.370944726635797e-08
16300 1.256388871134773e-07
16310 6.193089279599162e-08
16320 3.374760609159422e-08
16330 1.550204019318269e-08
16340 -6.965790762952784e-08
16350 -6.575609021869377e-08
16360 -7.486431298497909e-08
16370 -1.218994789137229e-08
16380 -7.517635141479628e-08
16390 -1.308013933415397e-07
16400 -8.207153993217142e-08
16410 5.671715713750913e-08
16420 -1.658524143022255e-08
16430 1.089595485850858e-07
16440 9.46970465931507e-08
16450 8.785571244812607e-08
16460 1.02199592039165e-07
16470 9.291679706202594e-08
16480 9.633465586356138e-08
16490 7.060774169509454e-08
16500 1.269410235468782e-07
16510 8.526193886332356e-08
16520 -7.475437685533493e-08
16530 -3.385194593391594e-08
16540 -3.764196471883752e-08
16550 7.388767548494046e-08
16560 6.631130922141182e-09
16570 -2.663059892743513e-08
16580 -5.605870857100514e-08
16590 -6.656811241817495e-08
16600 8.076840714993372e-08
16610 -5.950832340090306e-08
16620 -5.313763189879195e-08
16630 -4.765728392475133e-08
16640 -3.999881145744233e-08
16650 -6.559485254270525e-08
16660 4.695421336464722e-08
16670 3.593531314183274e-08
16680 -8.051928673119546e-08
16690 -3.624858964379474e-08
16700 -1.773860999754184e-08
16710 -4.448030434950345e-08
16720 -6.910106522400872e-08
16730 -9.140275537139475e-08
16740 3.592486975956266e-08
16750 -3.841200443832626e-08
16760 -4.809845084025044e-08
16770 8.460347918071154e-08
16780 1.314152828016391e-07
16790 8.091065917259499e-08
16800 6.68061946457188e-08
16810 9.05247011656618e-08
16820 9.370404661923626e-08
16830 -5.454078751826463e-08
16840 8.049746434007909e-08
16850 1.022461277866427e-07
16860 9.385688062163444e-08
16870 8.746511395707479e-08
16880 7.516182909395042e-08
16890 6.564596295721703e-08
16900 6.012190997828348e-08
16910 1.907391967287397e-08
16920 2.372733348687817e-08
16930 -5.636938059383478e-08
16940 -5.906595949844995e-08
16950 -7.015390137560251e-08
16960 -8.598141329474451e-08
16970 -6.076107885583104e-08
16980 1.190945128626275e-08
16990 -8.624873118479037e-08
17000 -9.785754691987725e-08
17010 -1.192212681772054e-07
17020 -1.020341703350525e-07
17030 -7.707485035618467e-08
17040 1.69673119373992e-08
17050 7.345712231543455e-08
17060 5.079672549257452e-08
17070 4.915861968185498e-08
17080 3.711546241874641e-08
17090 -3.207126905019342e-08
17100 -4.373297256277109e-08
17110 3.612887665427333e-08
17120 7.154567251144162e-08
17130 8.22569284214536e-08
17140 5.39423690854024e-08
17150 -5.573689935284287e-08
17160 3.723583247294826e-11
17170 6.341223118822015e-08
17180 6.213568333468533e-08
17190 7.849989088620779e-08
17200 6.780074367218614e-08
17210 6.431252891347938e-08
17220 -8.266220071634356e-08
17230 -7.943484686689928e-08
17240 -5.996577784328494e-08
17250 1.258988498176183e-08
17260 5.228721553646176e-08
17270 6.778483345459829e-08
17280 2.515550357601315e-08
17290 6.868711365654034e-08
17300 8.699114247695539e-08
17310 6.175595015228685e-08
17320 -4.494771675689346e-08
17330 -7.749466119505444e-08
17340 -6.180121802507044e-08
17350 -7.787478258081126e-08
17360 -8.995010872259179e-08
17370 -8.938979317169027e-08
17380 -9.855477274556268e-08
17390 -8.127575423788613e-08
17400 -6.405139969106743e-08
17410 -5.064786812170041e-08
17420 -4.364406941403942e-08
17430 -5.525747830137373e-08
17440 -3.979267435699763e-08
17450 -8.710957443563982e-08
17460 -2.749661077994237e-08
17470 7.116917589977678e-09
17480 -6.096733320276604e-08
17490 -6.518147858958212e-08
17500 -7.799895119370293e-08
17510 3.124306752894102e-08
17520 4.304441806463055e-08
17530 1.965294976757903e-08
17540 -8.117386693373696e-10
17550 7.234325934135644e-08
17560 7.373114854075657e-08
17570 4.760429719863346e-08
17580 -4.486454133895146e-08
17590 -6.960096253505466e-08
17600 -4.477660953822182e-08
17610 6.673804858053911e-08
17620 5.875127555982074e-08
17630 4.81750085101762e-08
17640 -5.285776493585415e-08
17650 6.227857763524414e-08
17660 7.582859905957973e-08
17670 5.233521088027215e-08
17680 6.027773030020667e-08
17690 7.86961428245192e-08
17700 6.039430083815134e-08
17710 -1.522266795256355e-08
17720 6.725147723429803e-08
17730 3.173883867529925e-08
17740 -6.046761898831354e-08
17750 -8.645828544068257e-08
17760 -6.610458498645944e-08
17770 -5.59261027488489e-08
17780 -5.050627293473609e-08
17790 -7.029589688817284e-08
17800 -7.759311242833133e-08
17810 -4.957295810653628e-08
17820 -2.485279833319698e-08
17830 -6.361737675542045e-08
17840 -2.773812415868271e-09
17850 2.160672963463783e-08
17860 -8.675249368178539e-08
17870 -1.212814892126435e-07
17880 4.230337093819037e-08
17890 6.122176044592864e-08
17900 5.125463976157763e-08
17910 5.226124727419901e-08
17920 4.268816288649502e-08
17930 6.793446853670115e-08
17940 4.345457880333692e-08
17950 3.19098161227771e-08
17960 5.888492166095105e-08
17970 1.254389542931778e-08
17980 3.854510900042074e-08
17990 6.817115030810506e-08
18000 8.781210397712513e-08
18010 6.035513398089387e-08
18020 3.021977108136342e-08
18030 6.818445476286517e-08
18040 -5.033722001029917e-08
18050 9.352288896091743e-08
18060 6.34299223076229e-08
18070 -4.101385808058522e-08
18080 -6.31966681555185e-08
18090 -6.586223346566333e-08
18100 7.472348450415778e-08
18110 8.625155244190719e-08
18120 5.7231698609439e-08
18130 -1.129076623862524e-09
18140 -1.806317248553846e-10
18150 -4.973944006669839e-09
18160 -8.142276580747065e-08
18170 -8.561195041778547e-08
18180 -6.612204336148286e-08
18190 -6.623681848838547e-08
18200 -6.646692003037247e-08
18210 6.716755290153698e-08
18220 -1.868477490785114e-09
18230 4.65694475620948e-08
18240 -8.692521295122768e-08
18250 -1.029347511741219e-07
18260 -5.944661129325679e-08
18270 -6.866582125120146e-08
18280 -5.271178468019277e-08
18290 5.204897822463916e-08
18300 7.602830626868284e-08
18310 5.532999953344886e-08
18320 4.192974354527701e-08
18330 -3.251031422540906e-08
18340 -1.326395050738061e-08
18350 4.744437440140636e-08
18360 6.537659866245882e-08
18370 4.476633619354686e-08
18380 -8.855470850360758e-08
18390 -6.488311801722269e-08
18400 -6.849561560995365e-08
18410 6.035114259034247e-08
18420 8.422659881351935e-08
18430 5.698721739638701e-08
18440 3.79718425452813e-09
18450 7.629390091912214e-09
18460 6.3400584872364e-08
18470 7.217982137680545e-08
18480 1.289378424862431e-08
18490 6.316053457328108e-08
18500 5.346818415796761e-08
18510 1.080252151827721e-07
18520 -1.125006764135517e-08
18530 -5.639943782831391e-08
18540 -5.886992224951593e-08
18550 -8.630103059265037e-08
18560 -4.85819922346753e-08
18570 -9.942361141324074e-08
18580 -7.081214283000126e-08
18590 -5.141001595959649e-08
18600 6.871498329369397e-08
18610 2.289120441811843e-09
18620 3.577489311734627e-09
18630 -6.193850706631698e-08
18640 3.431096915612608e-08
18650 4.397597408445364e-08
18660 2.382721017019085e-08
18670 3.791401209651823e-08
18680 -4.141376633987059e-08
18690 -3.920755285019561e-08
18700 4.684151368866685e-08
18710 -2.874477756514837e-08
18720 -6.922054355401608e-08
18730 6.808258157936509e-08
18740 -4.865277611343366e-09
18750 -4.872815322076729e-08
18760 -1.797369051509401e-08
18770 -7.815956746398678e-08
18780 -7.253103394971872e-08
18790 5.754380796169078e-08
18800 5.681058795614646e-08
18810 7.516448274208498e-08
18820 6.340786919134533e-08
18830 6.195408355780252e-08
18840 9.342037812082316e-08
18850 7.481205559906057e-08
18860 8.407382421499188e-08
18870 7.57057116232418e-08
18880 8.012242636717959e-08
18890 6.170447074821395e-08
18900 8.437938317507054e-08
18910 7.485688992975303e-08
18920 7.015121170766969e-08
18930 -5.700809434933118e-08
18940 -6.098572362389643e-08
18950 -9.66011292208302e-08
18960 -8.704830838091038e-08
18970 -4.510995997575318e-08
18980 -1.706934298767449e-08
18990 9.166451831604805e-08
19000 5.63499256769906e-08
19010 -6.500210636417592e-08
19020 -2.00823698573438e-08
19030 -6.92146451056197e-08
19040 -7.722531310955238e-08
19050 -6.907978176984297e-08
19060 -4.929794164554302e-08
19070 5.235036645845348e-08
19080 2.883144073484445e-08
19090 -6.297893050122294e-08
19100 -6.927294644160087e-08
19110 -7.27110682080534e-08
19120 -9.060794529947014e-08
19130 -8.23337545571845e-08
19140 -8.836300401104946e-08
19150 7.389297361493075e-08
19160 8.313969954848455e-08
19170 9.303048240094647e-08
19180 7.68990312607909e-08
19190 -8.673481453197462e-08
19200 -1.058160527395158e-07
19210 -7.26251730351346e-08
19220 6.150000548404977e-08
19230 6.19234695881099e-08
19240 9.16481426721516e-08
19250 6.278984918811625e-08
19260 6.090071258402219e-08
19270 4.998908798709012e-08
19280 6.492183329126489e-08
19290 4.511376218430119e-08
19300 7.853237642824196e-08
19310 2.873585162876946e-08
19320 5.717215191547442e-08
19330 4.82117867087184e-08
19340 6.685050443766549e-09
19350 -8.003397890948838e-08
19360 -4.560314404572496e-08
19370 -2.56885366659021e-08
19380 -7.552856688686216e-08
19390 -8.521879400757992e-08
19400 -6.631855453687052e-08
19410 -6.222837830444083e-08
19420 -3.047452772769743e-08
19430 6.503797187612514e-08
19440 3.198806626525386e-08
19450 8.947656303381901e-08
19460 4.16420432511333e-08
19470 -4.354071301421181e-08
19480 -7.327017852165607e-08
19490 2.156776007788963e-09
19500 5.506083102652104e-08
19510 3.066288107450577e-08
19520 6.254636988195506e-08
19530 1.308031111896257e-08
19540 -6.316753284330012e-08
19550 -6.360360041424151e-08
19560 -7.169852354188544e-08
19570 -1.004292216333358e-07
19580 -1.029975312885623e-07
19590 -6.386402844060779e-08
19600 6.651540750135521e-08
19610 5.947476940104668e-08
19620 7.214523570220344e-08
19630 8.461071957649446e-08
19640 6.010567315389848e-08
19650 6.093342709567739e-08
19660 6.28366191440799e-08
19670 9.264103990186401e-08
19680 5.549256618803122e-08
19690 5.121005417635383e-08
19700 6.012495332163859e-08
19710 6.5931777891437e-08
19720 5.761848236723877e-08
19730 -6.500306450052395e-08
19740 -1.020611349739076e-07
19750 -8.071880124027597e-08
19760 -8.017930713116739e-08
19770 -5.556847038068469e-08
19780 -7.268089584344661e-08
19790 -4.901578021937469e-08
19800 -7.346243544037456e-10
19810 6.257939728915307e-08
19820 -6.322221884208501e-08
19830 -8.291472190086191e-08
19840 -6.301513866269204e-09
19850 -1.244862238986011e-08
19860 -5.124523039939932e-08
19870 -6.909443225205925e-08
19880 -5.407310303684465e-08
19890 2.368800940122373e-08
19900 8.552654690019423e-08
19910 5.765204014879233e-08
19920 6.183894927375144e-08
19930 -2.080522784608796e-08
19940 -5.18653788250667e-08
19950 -7.316540628216073e-08
19960 -6.37101763914516e-08
19970 4.842008587829794e-08
19980 -5.3106013572779e-08
19990 3.337906748918096e-08
20000 2.977916838120542e-08
20010 -3.956045379477358e-08
20020 -6.644164279173692e-08
20030 -2.529068861972794e-08
20040 4.232631323902725e-08
20050 6.170872876576361e-08
20060 6.015140525256202e-08
20070 4.406604731110875e-08
20080 5.887268485216257e-08
20090 5.346488776702962e-08
20100 8.029650418184264e-08
20110 7.703729403008008e-08
20120 5.158095462559631e-08
20130 -2.246654974558115e-08
20140 -6.649274227055191e-08
20150 -1.154961749572081e-07
20160 -5.972170905033103e-08
20170 -4.795647778194079e-08
20180 -7.724664859848351e-08
20190 -5.675527713078221e-08
20200 -4.560637501677123e-08
20220 1.174627284328267e-09
20230 1.391522848337434e-08
20240 -8.65752118398011e-08
20250 -7.43718390761039e-08
20260 5.056769607214573e-08
20270 9.841616138706044e-08
20280 8.467782212223662e-08
20290 3.548199288549991e-08
20300 -6.637673243686804e-08
20310 -1.173553945757466e-07
20320 4.153700400993943e-08
20330 5.823330437304541e-08
20340 4.133526638333551e-08
20350 -5.949801786669928e-08
20360 -5.737417529266819e-08
20370 -7.010916602823158e-08
6610 -8.434887218550235e-08
6620 -4.435552428821987e-08
6630 5.322511988786749e-08
6640 4.492528531130358e-08
6650 5.926485963092532e-08
6660 -9.146357074496514e-09
6670 -6.635065331883627e-08
6680 -7.305486233316616e-08
6690 -8.114867101199907e-08
6700 -8.092476701249129e-08
6710 -5.338311531016826e-08
6720 2.8766610926656e-08
6730 4.374900275383453e-09
6740 4.085039041062943e-08
6750 7.108414275952546e-08
6760 -5.984279326243236e-08
6770 -7.497691362906567e-08
6780 -7.550039002324205e-08
6790 -7.818685168747841e-08
6800 -6.734336047142797e-09
6810 7.710249860792828e-08
6820 5.338438870128304e-08
6830 7.268536739851728e-08
6840 7.500438188590142e-08
6850 6.584086278266232e-08
6860 4.442913498908796e-08
6870 -3.058479228906785e-08
6880 6.616398796899237e-08
6890 7.184183418301737e-08
6900 3.481930011678402e-08
6910 5.414850316742825e-08
6920 3.754343112782887e-08
6930 -5.846640935974756e-08
6940 -5.044367321765941e-08
6950 -6.730150107353561e-08
6960 -7.119916000525306e-08
6970 -4.740007841091964e-08
6980 -4.542600481188819e-08
6990 -7.860896395622818e-08
7000 -4.642943577520819e-08
7010 6.747237003834616e-08
7020 -6.562622144323793e-08
7030 -4.881497456254991e-08
7040 -5.787372909377142e-08
7050 -4.606546798874289e-08
7060 -5.283519701609896e-08
7070 -4.197296667868278e-08
7080 -3.97281328459731e-08
7090 -8.673420194560411e-08
7100 -4.504494568319251e-08
7110 4.569095927303701e-08
7120 7.857596767690822e-08
7130 4.710213439423905e-08
7140 -5.932219793169935e-08
7150 -7.750215394453086e-08
7160 -5.502611592073103e-08
7170 3.701998504274107e-08
7180 7.014324270027128e-08
7190 8.161636301518005e-08
7200 6.450409480163177e-08
7210 6.985884099669493e-08
7220 6.536295516640367e-08
7230 9.239041810771287e-08
7240 5.691115329692353e-08
7250 7.109038260150191e-08
7260 5.547122061688725e-08
7270 -8.100584229092656e-08
7280 -8.957009013654815e-08
7290 9.368833588790926e-08
7300 -9.381207603798014e-08
7310 -2.524639354517522e-08
7320 9.587449867343167e-08
7330 6.683469486873372e-08
7340 -7.046047369174691e-08
7350 -8.720968991404732e-08
7360 -1.007203893621522e-07
7370 -8.274748788256181e-08
7380 -7.781378149468443e-08
7390 -5.734651171290794e-08
7400 -3.969365314909767e-08
7410 -3.303997420794902e-08
7420 -1.481955538146229e-08
7430 -4.525502871749465e-08
7440 -6.470743136449686e-08
7450 7.359246344262882e-08
7460 5.026074582914486e-08
7470 2.644590709616201e-08
7480 4.706643427082602e-08
7490 -6.700285410526918e-08
7500 -9.189266907821958e-08
7510 3.313070147392683e-08
7520 6.431900819586778e-08
7530 5.615713844636661e-08
7540 5.556218858615569e-08
7550 6.181118798048724e-08
7560 1.231692405012641e-08
7570 -5.320040599721132e-08
7580 -4.507743206483283e-08
7590 -4.569210736160567e-08
7600 -7.897079038615695e-08
7610 -6.91863497326306e-08
7620 -3.971265308960747e-08
7630 7.750808028034184e-08
7640 4.946483917606104e-08
7650 8.453945189723644e-08
7660 5.877407373983123e-08
7670 5.927396744265234e-08
7680 7.010711302463113e-08
7690 7.435802168442862e-08
7700 6.904633653714853e-08
7710 8.187345762467046e-08
7720 -2.867563803771178e-08
7730 -5.570524722747772e-08
7740 -1.079510475454626e-08
7750 7.683536221159137e-08
7760 3.864240574052991e-08
7770 -7.838573925361692e-08
7780 -3.958768871742402e-08
7790 -7.095731683476325e-08
7800 -7.043382654198238e-08
7810 -5.43510023653937e-08
7820 -8.141544927814381e-08
7830 -8.70501690591885e-08
7840 4.590203942639315e-08
7850 3.965478313772142e-08
7860 4.725184669929217e-08
7870 2.586730726145126e-08
7880 -6.831461590167676e-08
7890 -6.809480727898443e-08
7900 -3.247030865016765e-08
7910 -6.278809865090107e-08
7920 -5.175869633583519e-08
7930 -1.822867428530328e-08
7940 -4.644907301148971e-08
7950 4.107704233008436e-08
7960 -1.469909701595773e-08
7970 3.426657975424963e-08
7980 4.8615350661807e-08
7990 2.896643036542912e-08
8000 4.934367828918207e-08
8010 5.051850465731533e-08
8020 6.968586456490566e-08
8030 7.618365603645483e-08
8040 -4.799600778621071e-08
8050 -3.383528639211431e-08
8060 4.663216780775858e-08
8070 1.338748670254297e-08
8080 3.749332953134621e-08
8090 2.620159911953523e-08
8100 6.805168686896401e-08
8110 1.197245930173452e-08
8120 9.575322548749376e-10
8130 -5.900715213669194e-08
8140 -8.836399814637907e-08
8150 -5.078843878097983e-08
8160 -7.393162389929264e-08
8170 -8.588456972685732e-08
8180 -5.133357765252367e-08
8190 -9.866906824224086e-08
8200 -7.058622587818864e-08
8210 -6.122110297185346e-08
8220 -5.010215566730869e-08
8230 -4.492844087738979e-08
8240 -9.763678576746315e-08
8250 -9.024261387463595e-08
8260 8.190310891997843e-08
8270 7.71797771803584e-08
8280 9.762817176905969e-08
8290 8.302827057132811e-08
8300 6.401330722438647e-08
8310 7.189183867661875e-08
8320 -2.652535002062306e-08
8330 -5.900831893945746e-08
8340 -6.998521593498674e-08
8350 6.029442532751172e-08
8360 7.320234639285328e-08
8370 6.711908047407622e-08
8380 3.743231656583301e-08
8390 8.661023699618742e-08
8400 5.765447370215115e-08
8410 4.205682176128267e-08
8420 -6.926822711944558e-08
8430 -3.389655532648472e-08
8440 -5.055500475886765e-08
8450 -8.090541347982594e-09
8460 -6.009613230661959e-09
8470 -4.536793084264357e-08
8480 5.259639197785493e-08
8490 8.426825085644518e-08
8500 5.965406642272075e-08
8510 7.250708351086432e-08
8520 5.572105900991664e-08
8530 6.535870381019215e-08
8540 -6.301854710288879e-08
8550 -4.239283885043577e-08
8560 -6.532242341483752e-08
8570 -3.067185050387167e-08
8580 -8.148851875916518e-08
8590 -5.022370500734619e-08
8600 4.435476666508897e-09
8610 -7.6884674932165e-08
8620 -8.068237301872561e-08
8630 -7.195750432315018e-08
8640 -6.168430510822276e-08
8650 7.903265639153112e-09
8660 3.585998808314228e-08
8670 -7.986353511846289e-08
8680 -1.005465079112478e-07
8690 1.064867934177927e-07
8700 1.06957597612034e-07
8710 5.229699842623781e-08
8720 5.607814276137324e-08
8730 7.308900579205968e-08
8740 6.155575130867286e-08
8750 5.967785860622188e-08
8760 3.458153716856538e-08
8770 -7.334854421059411e-08
8780 -6.973870145948746e-08
8790 -1.147059970618702e-08
8800 -6.429266392188326e-08
8810 -6.116902727393292e-08
8820 -9.179831495648161e-08
8830 5.468472709380112e-08
8840 9.821063878812097e-08
8850 1.186871569219816e-07
8860 1.110571833107254e-07
8870 9.133148565210192e-08
8880 8.476566044218758e-08
8890 7.786870252768363e-08
8900 7.948447849903673e-08
8910 4.062638551960429e-09
8920 -7.260534951036846e-09
8930 -1.053045715904144e-08
8940 4.92220391112852e-08
8950 3.466100074317469e-08
8960 5.618844908100717e-08
8970 -6.45105990848549e-09
8980 -4.299149997111229e-08
8990 -3.587573017826973e-08
9000 -4.698640460737424e-08
9010 -5.168900700514012e-08
9020 -5.962167275164187e-08
9030 -6.277313997077316e-08
9040 -7.314714416811752e-08
9050 -9.552473775181758e-08
9060 -1.530774728364381e-07
9070 -8.513332398069062e-08
9080 6.967678656266685e-08
9090 8.491336603994037e-08
9100 5.900042696072028e-08
9110 5.481731771284082e-08
9120 6.477510479385717e-08
9130 7.940656121530054e-08
9140 8.819715942298689e-08
9150 -8.31503029971592e-08
9160 6.478835384848836e-08
9170 8.238047984748809e-08
9180 -7.110253415903989e-08
9190 6.06325744959002e-08
9200 4.739441716167248e-08
9210 -9.031109363122347e-08
9220 1.659517703117563e-08
9230 7.418108174950255e-08
9240 7.180371581344547e-08
9250 6.570630342594974e-08
9260 8.169054932505304e-08
9270 5.334361444925273e-08
9280 5.892395446571719e-08
9290 6.193248788116668e-08
9300 5.813383137376338e-08
9310 6.728371005487732e-08
9320 3.324469737692182e-08
9330 -1.102245560657966e-07
9340 -7.984440684311034e-08
9350 -7.288915894465564e-08
9360 -7.581052879207517e-08
9370 -7.372534346905546e-09
9380 -1.071693281409769e-07
9390 -7.682259404312441e-08
9400 -9.517301012562651e-08
9410 -8.585430547047856e-08
9420 1.887492415142411e-08
9430 9.401116017604405e-09
9440 7.931639486868924e-08
9450 -8.250318776770182e-08
9460 -9.691565924785372e-08
9470 -8.603758928915628e-08
9480 8.455859007439059e-08
9490 6.75318582721296e-08
9500 7.093707871802524e-08
9510 8.315059459723662e-08
9520 6.259785372692006e-08
9530 4.677859834906206e-08
9540 4.742928935014268e-08
9550 8.376561844852803e-08
9560 5.889927311153453e-08
9570 -4.65225639609268e-08
9580 3.109953022883971e-08
9590 7.458507952223803e-08
9600 -5.942823285559617e-08
9610 -5.470001188112583e-08
9620 5.408309504406628e-08
9630 8.585571688313198e-08
9640 8.388721332852622e-08
9650 8.543643000707979e-08
9660 7.623484775398648e-08
9670 8.707655424489147e-08
9680 8.942861164096261e-08
9690 7.032366355214092e-08
9700 7.053052777927782e-08
9710 7.301132703974034e-08
9720 -5.898562554368381e-08
9730 -5.272684055340759e-08
9740 -1.002079854303672e-07
9750 -1.055203932565085e-07
9760 -9.3631166535324e-08
9770 -1.036986494173942e-07
9780 2.179599208756988e-08
9790 -2.516989811018888e-10
9800 -9.84558930564039e-08
9810 -9.862446912617395e-08
9820 -9.394241579779861e-08
9830 -6.00357950020225e-08
9840 -5.062795646604279e-08
9850 -7.933923852621039e-08
9860 -9.993393853408028e-08
9870 -6.014926545727661e-08
9880 6.414739815024939e-08
9890 6.968638847915098e-08
9900 7.590348635039268e-08
9910 8.628100247459747e-08
9920 3.648951726886729e-08
9930 -7.931164297536597e-08
9940 9.213630652871174e-08
9950 -8.726996802294051e-08
9960 4.131701830667467e-08
9970 -6.678727190734257e-08
9980 -7.625872682631707e-08
9990 -5.180329927523264e-08
10000 3.09709623294574e-08
10010 -3.056459475098139e-08
10020 4.951355477011976e-08
10030 7.576392026253931e-08
10040 9.443802284625491e-08
10050 7.011259301609174e-08
10060 -1.015573613608045e-07
10070 -4.430270656580193e-08
10080 7.750688411911622e-08
10090 3.364881140388576e-08
10100 9.13069252567178e-08
10110 8.189400094865684e-08
10120 6.240823397646311e-08
10130 4.139060555408136e-08
10140 -6.24635843674004e-08
10150 -7.654443234111907e-08
10160 -8.152858663179607e-08
10170 -7.148424352454441e-08
10180 -5.315448244058718e-08
10190 -6.933903572148292e-08
10200 -7.868357889545541e-08
10210 -6.004818420973779e-08
10220 -6.939066499872526e-08
10230 -5.70825381060458e-08
10240 -5.377761841396378e-08
10250 -7.982652164284509e-08
10260 -6.348106885295524e-08
10270 6.598771613852694e-08
10280 -1.74070028946538e-08
10290 7.188130828061912e-08
10300 4.652545057548529e-08
10310 5.087279139615042e-08
10320 5.73130267550459e-08
10330 3.206599717003877e-08
10340 -8.168073530739894e-08
10350 -5.863905560427041e-08
10360 -9.080112957360331e-08
10370 -1.014819139069645e-07
10380 -8.627624088763941e-08
10390 -8.488052085503517e-08
10400 -8.660044456543226e-08
10410 -5.454357668299714e-08
10420 3.814629326304164e-08
10430 1.724322163526582e-08
10440 3.929506472294397e-08
10450 7.482245466955417e-08
10460 -2.231637896005223e-08
10470 9.509878449998066e-08
10480 9.414395631124339e-08
10490 1.032666160777351e-07
10500 8.328949473168645e-08
10510 1.116813579601916e-07
10520 6.65182878570314e-08
10530 9.94467515696984e-08
10540 8.589427115401893e-08
10550 -5.533752006625647e-08
10560 -7.142617394068074e-08
10570 -8.983247319627186e-08
10580 -9.485496292593876e-08
10590 -7.05591662389371e-08
10600 -1.726617433750466e-08
10610 -5.829521979722196e-08
10620 -4.789698460766489e-08
10630 -8.849792967891013e-09
10640 6.534826258591808e-08
10650 4.731500034826919e-08
10660 5.986749446879047e-08
10670 -1.000591946798135e-08
10680 -7.293276961528594e-08
10690 -6.416493358862851e-08
10700 -7.102459461533206e-08
10710 -9.144550609102575e-08
10720 -7.578648480305317e-08
10730 -8.594517064697271e-08
10740 -4.252242793989502e-10
10750 5.453735507643387e-08
10760 6.846111341718419e-08
10770 6.809912296568132e-08
10780 7.084858768408031e-08
10790 6.480581177942257e-08
10800 7.184902852536146e-08
10810 4.318524120944245e-08
10820 -2.500596391064036e-08
10830 -9.494723460234944e-08
10840 -8.383414418222657e-08
10850 -8.682455140962553e-08
10860 -6.380665693028753e-08
10870 -2.349678192292703e-08
10880 -2.131868227089884e-08
10890 5.556213397706067e-08
10900 4.699231091753742e-08
10910 3.705212058696672e-08
10920 4.072619305683922e-08
10930 -3.665102604744064e-08
10940 -5.084284141615436e-08
10950 -5.510156727422943e-08
10960 -3.946518187247783e-08
10970 -2.951554654156974e-08
10980 -7.215132067500685e-08
10990 -8.85520889046254e-08
11000 -5.62076297519476e-08
11010 -5.546928503324944e-08
11020 -5.547169427966292e-08
11030 -6.028792732398758e-08
11040 5.467738727060745e-08
11050 4.357493546547353e-08
11060 -2.678035213032892e-08
11070 -5.305325562893204e-08
11080 -5.445785619673238e-08
11090 -6.654285235330182e-08
11100 -5.926345988949144e-08
11110 6.877217374745559e-08
11120 6.738555491381248e-08
11130 6.042612371581768e-08
11140 3.743010216356035e-08
11150 7.435861756194262e-08
11160 6.087558090950296e-08
11170 5.610760292484862e-08
11180 5.365522434686021e-08
11190 6.032548605094945e-08
11200 -1.948966772691296e-09
11210 -4.762224092152989e-08
11220 -8.948698384386722e-08
11230 -3.279890191387747e-08
11240 6.394305229751041e-08
11250 7.470138153192751e-08
11260 6.761058456150604e-08
11270 5.58721198681833e-08
11280 7.502806703002518e-08
11290 3.307074010472366e-08
11300 8.129914255694537e-08
11310 3.57933464395499e-08
11320 -5.070885349123255e-08
11330 -4.227181361893262e-08
11340 -5.470100433030423e-08
11350 2.601023323806073e-08
11360 -8.604346634494275e-08
11370 -6.539506053337973e-08
11380 -7.848482856676053e-08
11390 1.592196249844413e-08
11400 -9.503693376711198e-08
11410 -6.62900684275658e-08
11420 -6.30230470588522e-08
11430 -6.340086651512866e-08
11440 -8.169222587284253e-08
11450 -1.187682926520606e-07
11460 -7.61624229864144e-08
11470 -7.323273333581515e-08
11480 7.346581070571956e-08
11490 6.503348101011275e-08
11500 5.670742414531915e-08
11510 6.271179236322366e-08
11520 7.253798933043454e-08
11530 5.739541836247142e-08
11540 6.883367247717542e-08
11550 -6.499149679539684e-08
11560 -7.979041129896336e-08
11570 -1.345256404189366e-08
11580 5.855674922727871e-08
11590 6.997276857240164e-08
11600 4.795242630750707e-08
11610 -8.570390909456993e-08
11620 -6.671275247505104e-08
11630 -9.535068377225508e-08
11640 -8.514045603952303e-08
11650 4.857480759290489e-08
11660 6.501247208634542e-08
11670 6.907931125732514e-08
11680 5.795485843312909e-08
11690 5.799473145468026e-08
11700 3.081666934828808e-08
11710 1.354489626084754e-07
11720 4.418409776940635e-08
11730 -8.728998888984929e-08
11740 -4.155512111497783e-08
11750 1.784365724621928e-09
11760 -6.549288762702776e-08
11770 4.133619870005933e-08
11780 -5.931893584665282e-08
11790 -8.776996118786684e-08
11800 -3.656084743980381e-08
11810 4.26147367324492e-08
11820 -7.620687896003897e-08
11830 -6.789818673968995e-08
11840 1.464301529335854e-08
11850 -6.32463114449977e-08
11860 -6.51454366354387e-08
11870 -8.162818469770183e-08
11880 -6.505560358471829e-08
11890 -6.659028675692902e-08
11900 -7.758351543152298e-08
11910 2.921878313605353e-08
11920 2.870005123140063e-08
11930 3.995906230208623e-08
11940 -3.664662016206188e-08
11950 5.533389768608288e-08
11960 7.288770997176952e-08
11970 8.214428408315211e-08
11980 9.9182099630446e-08
11990 8.847008810958235e-08
12000 5.795081309267758e-08
12010 -9.990736378473475e-08
12020 -8.563231432279217e-08
12030 2.322328758463943e-08
12040 7.324344077075384e-08
12050 4.855777193529809e-08
12060 5.30923538535899e-08
12070 4.605517071876175e-08
12080 6.432175585907585e-08
12090 2.80467603586132e-08
12100 6.412781351078367e-08
12110 3.454157544019454e-08
12120 -3.836629448861206e-08
12130 -5.425048324458892e-08
12140 -5.109978205852794e-08
12150 -5.773107958351176e-08
12160 -3.906367360140273e-08
12170 -2.591189999373578e-08
12180 -5.703498920373029e-08
12190 -6.368642076204356e-08
12200 7.393838791225349e-08
12210 -5.396979677746438e-08
12220 -6.934228991700708e-08
12230 -5.103807517586878e-08
12240 -6.166451871347789e-08
12250 -5.045331381153817e-08
12260 -4.7126736985037e-08
12270 4.422673376830444e-08
12280 4.593929800456031e-08
12290 -8.140861448846515e-08
12300 -4.540680765413585e-08
12310 2.190092444898095e-08
12320 -2.914629541883595e-08
12330 6.478190782421844e-09
12340 -7.109503470659195e-08
12350 -1.040172425345598e-07
12360 -6.801506423348425e-08
12370 -8.22414893894563e-08
12380 1.293508875011007e-08
12390 -3.529338328533971e-09
12400 -1.297666581828727e-08
12410 -9.108972195970289e-08
12420 -5.964020340087917e-08
12430 4.637816815311613e-08
12440 8.693523477487641e-08
12450 9.780140689669148e-08
12460 1.090456427793596e-07
12470 1.137843942053407e-07
12480 6.078450402041691e-08
12490 8.602821789660542e-08
12500 2.986501149854215e-08
12510 7.082029367111442e-08
12520 8.078942086847674e-08
12530 -6.390890149032824e-08
12540 -7.669310206348534e-08
12550 -9.026122055333374e-08
12560 -9.214604499568901e-08
12570 -7.469450528929666e-08
12580 -9.288900829074187e-08
12590 -8.850054260961526e-08
12600 -9.271003982569415e-08
12610 -5.942240259571019e-08
12620 -6.470322474333434e-08
12630 -9.780553845289974e-08
12640 -8.823588200368437e-09
12650 -3.035433510101271e-08
12660 4.971339134102193e-08
12670 -4.664766312806323e-08
12680 -7.059057804265079e-08
12690 -6.48046748624731e-08
12700 -8.548536489794145e-08
12710 -6.775884252296915e-08
12720 4.8024482675324e-08
12730 5.186588558636629e-08
12740 4.162669216961623e-08
12750 -7.059695800865073e-08
12760 -7.076322738885921e-08
12770 -6.627110541584935e-08
12780 -3.330535258000422e-08
12790 -7.145794195945188e-08
12800 2.764232296531555e-08
12810 6.641057212486423e-08
12820 6.282816077118891e-08
12830 6.638029596828243e-08
12840 7.016790436187303e-08
12850 -4.226390679096248e-08
12860 -1.988083039167199e-08
12870 8.76294630677843e-08
12880 2.470662043008165e-08
12890 2.832837264765686e-08
12900 9.365899968083458e-08
12910 7.254189506727959e-08
12920 3.59984405617908e-08
12930 -6.41825915470573e-08
12940 -6.116067259587243e-08
12950 -6.567023146109019e-08
12960 -6.581080230078085e-08
12970 -6.178458505923246e-08
12980 -3.912536560013447e-08
12990 6.319153481038065e-08
13000 -3.050207528221272e-08
13010 -9.785059638250937e-08
13020 -1.717163904818575e-08
13030 4.644112153173729e-08
13040 -4.683008371364483e-08
13050 -7.111532192294323e-08
13060 -7.079800729004049e-08
13070 -6.979313438293389e-08
13080 -9.339929039203776e-08
13090 -6.321966308092675e-08
13100 -4.62317514479671e-08
13110 -5.526945293793384e-08
13120 -2.266507111159388e-08
13130 -5.218294690106928e-08
13140 -7.417712059865078e-08
13150 7.136223141579467e-08
13160 5.977755095087911e-08
13170 7.251307070077484e-08
13180 5.837576561029678e-08
13190 8.340571914372541e-08
13200 8.397633481649347e-08
13210 9.211895128646841e-08
13220 6.891652243323776e-08
13230 8.172977181142294e-08
13240 7.030312515476922e-08
13250 -8.827610493283844e-08
13260 -6.099371493983874e-09
13270 5.206718144135092e-08
13280 7.756317040724658e-08
13290 6.811888603880378e-08
13300 5.694147610368905e-08
13310 6.579337518547446e-08
13320 -3.807937253713645e-08
13330 -8.450400498793975e-08
13340 -3.665529684643287e-08
13350 -7.421400237406228e-08
13360 -8.693140834264979e-08
13370 -8.886772844690638e-08
13380 -5.353928794055163e-08
13390 -1.079825555569403e-07
13400 -9.596851836130016e-08
0 1.499934772852124e-05
10 8.621828286731192e-08
20 1.727880040713892e-07
30 2.245678670104168e-08
40 1.336533772822168e-07
50 -5.205330597113367e-09
60 2.293904379641054e-08
70 7.977729735153538e-08
80 1.138596737934594e-07
90 1.099622798927946e-07
100 1.006195372021956e-07
110 4.027072633000506e-08
120 4.18376959118727e-08
130 -7.262674216190756e-08
140 -7.332986470820479e-08
150 -1.348342683754611e-07
160 -9.370449966655814e-08
170 -5.847317421231457e-08
180 -1.909038613301384e-08
190 -4.874467358917389e-08
200 -5.657782076173845e-09
210 -2.202578008869693e-09
220 3.923535296657121e-08
230 -5.240891846891582e-08
240 5.419044313281773e-08
250 -6.209323421407786e-08
260 -5.11952015988526e-08
270 -6.354963944660286e-08
280 -3.310834649494776e-08
290 -4.624973687361589e-08
300 -1.013200445279527e-07
310 -6.53905328357185e-08
320 -4.298503868127579e-08
330 -4.946305562358866e-08
340 2.457968468344562e-08
350 4.602758307825638e-08
360 3.708725029860638e-08
370 6.66575781099743e-08
380 -9.619637802299463e-08
390 4.311985961347187e-08
400 -4.777931054272821e-08
410 -3.814831771309368e-08
420 -4.331150831038411e-08
430 -2.829792147829302e-08
440 1.373346422695043e-09
450 2.256817133866607e-08
460 -2.722454417458664e-08
470 2.508357566100017e-08
480 4.760162338607321e-08
490 4.36246693977238e-08
500 7.79475722023637e-08
510 7.155054530805227e-08
520 2.654509094479618e-08
530 -5.838433673327481e-08
540 -6.754878878467707e-08
550 -9.565174673153987e-08
560 -1.052435031692611e-07
570 -7.865791250283305e-08
580 -4.136302084178922e-08
590 -6.3238106813579e-08
600 -4.672452724036047e-08
610 -5.981817022271407e-08
620 -1.149504526912204e-07
630 -3.358740600922783e-08
640 -8.036381835690998e-08
650 -8.155319577984876e-08
660 -1.061759336701273e-08
670 3.951688690856381e-08
680 5.511974885547e-08
690 2.215403673705429e-08
700 1.168255344546898e-08
710 -2.627088564743918e-08
720 -5.594905349431967e-08
730 -1.081299552951887e-07
740 -3.625006603225067e-08
750 -6.350476682015493e-08
760 -6.363837064260469e-08
770 7.039325892327364e-08
780 7.672872274350206e-08
790 4.106572908113559e-09
800 -1.008685214382021e-07
810 -8.17917350237618e-08
820 -1.205654866498485e-07
830 -1.056416286740469e-07
840 -3.884455915953433e-08
850 -7.245895455865181e-08
860 -8.117220989811713e-08
870 7.486388564625912e-08
880 7.194593637516178e-08
890 5.984567364586413e-08
900 8.180483853509335e-08
910 7.429345261211751e-08
920 8.198292616307112e-08
930 6.776170261013625e-08
940 5.68802968961557e-08
950 -5.835423148858876e-08
960 -6.945995723733889e-08
970 -4.789176318020782e-08
980 -1.345931009699708e-08
990 -4.128363877142771e-08
1000 -5.6110290136413e-08
1010 -3.703708990887566e-08
1020 -3.721738975337452e-08
1030 -6.895898348180385e-08
1040 -5.338387238512654e-08
1050 4.271305631409206e-08
1060 -1.949782889310026e-08
1070 -6.748520532673385e-08
1080 -1.741065058097346e-08
1090 1.479604795628919e-08
1100 4.720104793826119e-08
1110 -8.159315680045243e-08
1120 -7.582615710322038e-08
1130 -9.822882825194501e-08
1140 -9.720093928355933e-08
1150 -5.44874103336479e-08
1160 -6.520613642785333e-08
1170 -4.623917632812224e-08
1180 -5.432647338932117e-09
1190 6.04466724590802e-08
1200 7.826208127392764e-08
1210 7.512713735141618e-08
1220 8.338488045184222e-08
1230 8.867878601576118e-08
1240 7.471060075453506e-08
1250 5.613984845748154e-08
1260 -6.821705077209028e-08
1270 -6.071833135584681e-08
1280 -2.442337068003786e-08
1290 6.014647109531257e-08
1300 5.504831501745855e-08
1310 6.4657412514324e-08
1320 4.179329159137435e-08
1330 2.668681779727233e-08
1340 -8.240718740032404e-08
1350 -4.07805258659244e-08
1360 -1.784176826419293e-08
1370 -4.799442786945773e-08
1380 3.622954270615653e-08
1390 2.887197968898247e-08
1400 -2.446932489963416e-08
1410 -1.019821477196703e-07
1420 -8.71199624941088e-08
1430 -7.563741916821742e-08
1440 -6.300903041683847e-08
1450 -6.598848887456876e-08
1460 -6.93619041508553e-08
1470 -4.682209774758972e-08
1480 -6.083333106005062e-08
1490 -5.637194739477325e-08
1500 -6.501765974220586e-08
1510 -6.812392264188283e-08
1520 -7.184829604184317e-08
1530 -8.184876570949129e-08
1540 -5.960527465348475e-08
1550 4.936804740701684e-08
1560 7.243747606605622e-08
1570 9.512423563423633e-08
1580 1.054914961010067e-07
1590 6.46529078746072e-08
1600 5.138076043798012e-08
1610 -8.994754129715288e-08
1620 9.079382706084216e-08
1630 9.775319029237117e-08
1640 6.916105049770138e-08
1650 -7.783171990932702e-08
1660 6.613009498335209e-08
1670 8.529343935304023e-08
1680 1.073744771915019e-07
1690 6.307665121468853e-08
1700 4.98665861867198e-08
1710 7.028791731283901e-08
1720 6.248071533071498e-08
1730 -6.215646728563451e-08
1740 -8.033938634494087e-08
1750 -8.0093615136001e-08
1760 -1.00860550779347e-07
1770 -7.79195817798839e-08
1780 -6.301987182100177e-08
1790 -7.829987516000392e-08
1800 -1.148877792137015e-07
1810 -9.051845118596136e-08
1820 6.689868151110723e-08
1830 8.347923321355699e-08
1840 -8.389444657030953e-08
1850 5.935698949022239e-08
1860 6.637089404459839e-08
1870 6.966403358343864e-08
1880 5.698636330181417e-08
1890 -3.483764898087882e-08
1900 5.651068848283591e-08
1910 1.029801366611571e-07
1920 -1.008072259695014e-08
1930 -7.153282842453645e-08
1940 -7.452350662962015e-08
1950 2.778182761620229e-08
1960 2.081849734963948e-08
1970 -4.106238923190508e-08
1980 -4.041519327535603e-08
1990 -9.576486970086506e-08
2000 -8.805373932080363e-08
2010 -9.138908417527514e-08
2020 -8.146871681435908e-08
2030 3.414253287037372e-08
2040 3.527577401019055e-08
2050 6.082314808059097e-08
2060 1.037140764173494e-07
2070 1.080927100952089e-07
2080 7.005712937546704e-08
2090 9.934786398407836e-08
2100 5.615815600740204e-08
2110 1.651327297819138e-08
2120 -3.062072466419874e-08
2130 -7.012140656320609e-08
2140 -7.439523413282911e-08
2150 -8.775403439326146e-08
2160 -7.159007700541231e-08
2170 -8.825212692575857e-08
2180 -1.034973320934718e-07
2190 -1.076943016362075e-07
2200 -7.909325570876202e-08
2210 -9.233649889139883e-08
2220 -5.301506299931757e-08
2230 -7.167300209581784e-08
2240 8.794476602513868e-08
2250 5.442614691569814e-08
2260 -8.72286065600747e-08
2270 -9.604035457189131e-08
2280 -5.007225264280768e-08
2290 7.697376103871223e-08
2300 1.083711775526353e-07
2310 6.913882411030414e-08
2320 7.457882036931984e-08
2330 1.75969902468931e-08
2340 6.454688344231796e-08
2350 -6.72118533259769e-08
2360 5.236490370486013e-08
2370 7.328431739228591e-08
2380 6.199872609746748e-08
2390 8.400121131318938e-08
2400 6.22981805517564e-08
2410 6.443306620196321e-08
2420 6.78085550834262e-08
2430 -6.49030519883631e-08
2440 -6.55137405991546e-08
2450 -7.958029992621851e-08
2460 3.621974944273409e-08
2470 8.363935258270949e-08
2480 9.449621054397062e-08
2490 6.850851973910776e-08
2500 6.991043748766357e-08
2510 7.413790490545802e-08
2520 6.506392501853808e-08
2530 -1.581951095119827e-08
2540 -7.508465869193737e-08
2550 -6.791683043044783e-08
2560 -7.071095480676304e-08
2570 -6.30289278408247e-08
2580 -6.855239183950479e-08
2590 -2.367907536715563e-08
2600 2.14325296676865e-08
2610 -1.688343802958014e-08
2620 -7.910293762375398e-08
2630 -9.237492247515799e-08
2640 1.049010815434848e-07
2650 1.639656368318532e-08
2660 -8.809765560113814e-08
2670 -6.090003438347091e-08
2680 7.831046987955004e-08
2690 9.926112922581387e-08
2700 -5.71812959759832e-08
2710 -8.85297249744732e-08
2720 6.985337727694052e-08
2730 8.292026714568079e-08
2740 6.691614785198086e-08
2750 -3.592340772767821e-08
2760 -6.124002235180503e-08
2770 -7.528169636283888e-09
2780 5.201080192224206e-08
2790 4.641085345896689e-08
2800 5.840965833919798e-08
2810 7.104108152439226e-08
2820 1.051157147019532e-07
2830 6.371554202300178e-08
2840 4.918215640303814e-08
2850 -6.864509321385937e-08
2860 -1.849236225953677e-08
2870 8.434000711016187e-08
2880 2.508250003530055e-08
2890 6.038864575758085e-08
2900 -6.260281066455819e-08
2910 -7.867946558853811e-08
2920 -3.996718169613223e-08
2930 -7.919791737004411e-08
2940 -4.852885189532419e-08
2950 -8.830500219936255e-08
2960 -5.869425567794906e-08
2970 -7.797970411754784e-08
2980 -7.913631182299152e-08
2990 -6.099134723658306e-08
3000 -6.772059071846748e-08
3010 -7.105194253786973e-08
3020 -6.411018135810131e-08
3030 6.686107260206464e-08
3040 9.596487923063668e-08
3050 7.280694609701488e-09
3060 -2.35584699040392e-08
3070 -8.94595938577547e-08
3080 -6.662134429541444e-08
3090 4.637985046018755e-08
3100 7.808569471579041e-09
3110 -8.492579008784196e-08
3120 -9.693736315735668e-08
3130 8.072113402007863e-08
3140 9.757957369904702e-08
3150 -4.199224475781582e-08
3160 -4.298348612458147e-08
3170 9.401191942981502e-09
3180 9.879732274648001e-08
3190 8.269694620061108e-08
3200 5.889678990345093e-08
3210 8.209846173029556e-08
3220 1.096464523203666e-07
3230 7.897116050675779e-08
3240 5.894284825502805e-08
3250 5.575000113638984e-08
3260 4.85316503859301e-08
3270 7.461509575479308e-08
3280 7.945577548684746e-08
3290 -1.311632261136175e-09
3300 8.428021949086206e-08
3310 9.370910408756927e-08
3320 1.193245831934697e-07
3330 1.011822216012703e-07
3340 -7.35840160331902e-09
3350 -1.027373232112549e-07
3360 -9.832115316354972e-08
3370 -9.760270306552465e-08
3380 -1.088664586534893e-07
3390 -8.162277737727708e-08
3400 -7.730068191796891e-08
3410 -8.080585518766004e-08
3420 -7.473712760469597e-08
3430 -1.094668458448411e-07
3440 -8.87256017545468e-08
3450 -5.981321986314736e-08
3460 8.529623381908769e-08
3470 8.083099495986845e-08
3480 6.910212979605035e-08
3490 5.085697465240235e-08
3500 4.642168417723358e-08
3510 -9.980403539028293e-08
3520 -9.472760578027595e-08
3530 -6.590746014223381e-08
3540 8.530371378018264e-08
3550 7.723697313666289e-08
3560 8.899614257346089e-08
3570 5.572767104028431e-08
3580 4.604665765350902e-08
3590 -6.571774505831351e-08
3600 -7.594010430905795e-08
3610 -6.924009656600338e-08
3620 -2.53377426609469e-08
3630 -6.324511898220253e-08
3640 -5.069285697462123e-08
3650 -8.84840160447764e-08
3660 -7.069125179670621e-08
3670 -4.550613404846748e-08
3680 5.534804266293936e-08
3690 7.083363103010942e-08
3700 9.787794011395512e-08
3710 7.577503139538644e-08
3720 6.950834421232122e-08
3730 4.924876823020341e-08
3740 2.377149919963184e-08
3750 -1.904495158105979e-08
3760 1.018617040715597e-08
3770 1.577064906443937e-08
3780 2.988237315926234e-08
3790 7.152241104924073e-08
3800 -3.690770196407289e-09
3810 -4.747866039905846e-08
3820 4.516428934314698e-08
3830 -5.032802222887378e-08
3840 -4.985151943331934e-08
3850 4.408215920070901e-08
3860 3.769704998851653e-08
3870 -6.667346534594554e-08
3880 -6.910068373056077e-08
3890 -6.678169924695387e-08
3900 -6.375272662562104e-08
3910 -4.89292478547676e-08
3920 -3.196464309213054e-08
3930 4.655976944961671e-08
3940 3.159875906072473e-08
3950 -9.296116235818497e-08
3960 -6.451220839476246e-08
3970 -7.74693731317444e-08
3980 -7.07056308987819e-08
3990 4.047848517485519e-08
4000 5.267545916121108e-08
4010 -7.181883848045301e-08
4020 5.29304984286938e-08
4030 7.639566044354007e-08
4040 6.095846138975958e-08
4050 5.829174078153532e-08
4060 6.798339267921616e-08
4070 5.87143755004238e-08
4080 3.176239729563157e-08
4090 8.968179065343973e-08
4100 6.299044304908241e-08
4110 7.637657665343633e-08
4120 -7.189153307385343e-09
4130 -6.419542483704355e-08
4140 -8.335546249765846e-08
4150 -8.185226826190606e-08
4160 -9.934078692291903e-08
4170 -8.056189164384886e-08
4180 -7.782755113983075e-08
4190 -7.795197964205469e-08
4200 -8.521656093968266e-08
4210 -5.499514315471243e-08
4220 -4.793017712584335e-08
4230 5.741954389737458e-08
4240 4.759811407517578e-08
4250 -6.018209041530609e-08
4260 -9.607389313270875e-08
4270 -8.353957003243151e-08
4280 -4.226857591715927e-08
4290 8.335668238296234e-08
4300 7.392882172413406e-08
4310 -2.291944364851695e-08
4320 -9.347160655898135e-08
4330 -1.085962605257285e-07
4340 -7.615267404170734e-08
4350 -7.714591165192131e-08
4360 -4.536803750038176e-08
4370 4.930462270402725e-08
4380 6.215059283887214e-08
4390 9.124607154575859e-08
4400 7.143944776022426e-08
4410 5.999444177562374e-08
4420 3.06200364022513e-08
4430 5.75112344483597e-08
4440 2.746061936176325e-08
4450 2.352319354581578e-08
4460 8.745649531655131e-08
4470 7.519338406786202e-08
4480 6.927403729123371e-08
4490 7.409178932882288e-08
4500 5.840213397612093e-08
4510 -6.799124988715599e-08
4520 8.013336644935309e-08
4530 -1.734184774948577e-08
4540 -7.428933113118319e-08
4550 -5.772918908186764e-08
4560 -6.2352387107667e-08
4570 -7.269390152331301e-08
4580 -6.102517186024059e-08
4590 -9.424344533937035e-09
4600 -7.575479394478224e-08
4610 -9.346681587724115e-08
4620 -7.655904204345587e-08
4630 -9.077336277779624e-08
4640 -7.078802260335193e-08
4650 -6.062811256507539e-08
4660 4.505063196796888e-08
4670 6.4356296985979e-08
4680 4.236959713632693e-08
4690 -3.640639560653636e-09
4700 3.970989138207814e-08
4710 3.096260188517608e-08
4720 5.145242403664652e-08
4730 1.787295762778474e-08
4740 2.028102745466054e-08
4750 -7.936468641306371e-08
4760 -8.709575762683164e-08
4770 -7.719027583785731e-08
4780 4.682763735108786e-08
4790 5.847928975788452e-08
4800 -8.613362571796568e-09
4810 -5.657264545710916e-08
4820 4.5808347511056e-08
4830 6.490109805828981e-08
4840 2.318994345162917e-08
4850 -8.055915502735989e-08
4860 -6.074025735158806e-08
4870 9.18976742966815e-08
4880 7.204257551629567e-08
4890 7.469197974702135e-08
4900 6.806477498288999e-08
4910 7.117750935869971e-08
4920 6.734132555752392e-08
4930 -5.331345172276958e-08
4940 -9.094585112084941e-08
4950 -6.493750746155991e-08
4960 -9.92454135609333e-08
4970 -9.167610859339703e-08
4980 -9.200291091471247e-08
4990 -8.099076095891e-08
5000 -4.995728780654574e-08
5010 -5.463643155956266e-08
5020 -9.014560882480982e-09
5030 7.183430820317804e-08
5040 5.647570731209806e-08
5050 1.759214229846151e-08
5060 4.171333141400613e-08
5070 3.838270354328266e-08
5080 4.173328585488356e-08
5090 5.94367778050664e-08
5100 -5.658422157217569e-08
5110 -4.343136838363959e-08
5120 -2.452734138708168e-08
5130 -8.073588089740902e-08
5140 -8.21123388033973e-08
5150 -8.51076739361023e-08
5160 -5.597788605565812e-08
5170 -3.798744757643746e-08
5180 5.927357546453571e-08
5190 5.476555436229047e-08
5200 6.166396449708289e-08
5210 6.811489737523768e-08
5220 -5.689939783226627e-09
5230 4.026809278384613e-08
5240 3.334942206417724e-08
5250 4.420680523031795e-08
5260 -6.287878622640575e-08
5270 -3.864248233204082e-08
5280 -2.044025382286208e-08
5290 7.485270406282218e-08
5300 6.49745981115557e-08
5310 8.727454271773016e-08
5320 9.257731824197091e-08
5330 3.629456082898663e-08
5340 3.786231202868029e-08
5350 1.236474423543799e-08
5360 -1.799786950029691e-08
5370 -7.074848164256853e-08
5380 -7.342316701852702e-08
5390 -7.397615220394727e-08
5400 -3.478543493529163e-08
5410 -6.980822663676944e-08
5420 -7.166303406941354e-08
5430 -6.58098768396842e-08
5440 -6.547475810136927e-08
5450 -2.405905177860213e-08
5460 -7.306225974917924e-08
5470 -1.247315134511595e-08
5480 6.114041921356783e-08
5490 7.075900614050834e-08
5500 -7.734125609393239e-08
5510 -9.149810675096459e-08
5520 7.749895215847236e-08
5530 6.898353044348937e-08
5540 -5.631135373274088e-08
5550 3.989107728169516e-08
5560 9.496765266542306e-08
5570 6.724312016231915e-08
5580 8.774383600251845e-08
5590 5.686168975255201e-08
5600 -3.242370951589413e-08
5610 5.34628660300851e-08
5620 8.574610966399776e-08
5630 5.369089658979753e-08
5640 6.608523320239534e-08
5650 9.857489820241927e-08
5660 7.906458130563232e-08
5670 9.333216650225795e-08
5680 9.075517330009442e-08
5690 9.178632443679335e-08
5700 1.325123396497818e-07
5710 1.350548932133044e-07
5720 9.19782868272212e-08
5730 7.351181460779621e-08
5740 -8.783586828015055e-08
5750 -8.549238407484783e-08
5760 -9.254058314783764e-08
5770 -9.92120335052693e-08
5780 -8.467502288223017e-08
5790 -8.812267378310867e-08
5800 -4.969685683808844e-09
5810 -8.223291268760757e-08
5820 -4.929898945321698e-08
5830 -5.462463735506073e-08
5840 -5.278550523762915e-08
5850 -3.699852285654615e-09
5860 4.432049367092405e-08
5870 6.014806147591756e-08
5880 -7.202552438495546e-08
5890 -5.490086736614774e-08
5900 6.765093196747785e-08
5910 -5.519126532876895e-08
5920 3.892344856148977e-08
5930 1.703807192554585e-08
5940 -2.538770375176691e-08
5950 5.88811435164871e-08
5960 7.648318886555039e-08
5970 8.098999069311441e-08
5980 3.874775551110377e-08
5990 9.071981624253489e-09
6000 -4.297855934337624e-08
6010 -5.606169194150024e-08
6020 2.674575641514743e-08
6030 5.247089251286807e-08
6040 7.202594612398805e-08
6050 9.174476526402353e-08
6060 7.101280560112277e-08
6070 8.019704451911469e-08
6080 6.599980539173655e-08
6090 9.537840067047609e-08
6100 4.157658754083693e-08
6110 5.91071057931547e-08
6120 -6.615109259672236e-08
6130 -8.698594445438745e-08
6140 -7.308758995933085e-08
6150 -5.112299405335419e-08
6160 -4.986102347670496e-08
6170 -7.530462826921269e-08
6180 -4.344717652315921e-08
6190 -7.069995713177013e-08
6200 -3.990658159480631e-08
6210 4.170347129434093e-08
6220 2.368039652561604e-08
6230 -6.976151168541778e-08
6240 6.469662667402121e-08
6250 -8.409646468088283e-08
6260 -4.737363228785041e-08
6270 4.020232739765373e-08
6280 6.293214967201255e-08
6290 -5.822636112151613e-08
6300 -6.454170202452314e-08
6310 -7.468331517102023e-08
6320 6.126605219675119e-08
6330 5.171911354739933e-08
6340 8.605401324857098e-08
6350 5.780933466648097e-08
6360 -2.579515259726328e-08
6370 -3.539526766821455e-08
6380 -1.175758067989419e-07
6390 -8.356399620879085e-08
6400 7.047430755635631e-08
6410 8.127523605516718e-08
6420 2.861636304307691e-08
6430 4.40792691930314e-08
6440 6.473617682883903e-08
6450 -4.860455628946658e-08
6460 -4.919541831543972e-08
6470 -4.808322929400477e-08
6480 3.185468914340683e-08
6490 7.521855113074016e-08
6500 4.577984135528679e-08
6510 6.869578653145858e-08
6520 -9.393272798474683e-08
6530 -6.791567344621718e-08
6540 6.890268654247134e-08
6550 -8.387762727435355e-09
6560 -7.849636741996679e-08
6570 -9.057636653903023e-08
6580 -6.50233861268501e-08
6590 9.186893376589289e-08
6600 8.044952715113851e-08
6610 -8.760035599686411e-08
6620 -1.259148144083788e-08
6630 5.913146193525787e-08
6640 2.043509907123653e-08
6650 5.214419733501341e-08
6660 2.020256088114403e-08
6670 -5.713698211784468e-08
6680 -6.343421810744987e-08
6690 -8.01026074429001e-08
6700 -3.232901789329556e-08
6710 -6.014486098743221e-08
6720 3.034672117763204e-08
6730 4.01662719057283e-08
6740 5.654118233333616e-08
6750 5.623016614830778e-08
6760 -7.059070844528392e-08
