"Time Step" "point-shear-b"
20210 2444.414794921875
20220 1214.561279296875
20230 2170.96484375
20240 1942.710083007812
20250 1499.96044921875
20260 1922.278198242188
20270 1733.597412109375
20280 2029.27783203125
20290 3685.37841796875
20300 2050.384765625
20310 1459.632934570312
20320 1943.294677734375
20330 2019.3681640625
20340 2596.220703125
20350 2895.461181640625
20360 1687.401489257812
20370 3991.723388671875
20380 2353.492919921875
20390 2573.41015625
20400 6325.42529296875
20410 6887.8486328125
20420 7252.54931640625
20430 3787.619384765625
20440 4610.82958984375
20450 2903.5458984375
20460 4710.90185546875
20470 2651.024658203125
20480 2988.755126953125
20490 3643.750244140625
20500 1933.484619140625
20510 2525.53173828125
20520 2747.99853515625
20530 2801.78955078125
20540 2417.58837890625
20550 2454.95556640625
20560 1960.309692382812
20570 1720.1875
20580 709.2530517578125
20590 1267.335815429688
20600 2062.39892578125
20610 4309.21435546875
20620 1966.012573242188
20630 942.868896484375
20640 1839.295043945312
20650 1124.357666015625
20660 1752.9638671875
20670 2069.810791015625
20680 1249.046997070312
20690 1216.109130859375
20700 2825.10595703125
20710 3319.19189453125
20720 2331.54833984375
20730 1598.919067382812
20740 3105.3984375
20750 2468.892578125
20760 2363.0537109375
20770 2199.504150390625
20780 2614.617431640625
20790 1781.016235351562
20800 2877.376953125
20810 3419.38525390625
20820 4147.52392578125
20830 5767.12353515625
20840 5095.4326171875
20850 5814.95556640625
20860 5425.67919921875
20870 3910.720947265625
20880 1754.129272460938
20890 2826.93359375
20900 1941.984252929688
20910 1347.360595703125
20920 2893.97119140625
20930 1602.53271484375
20940 1783.498168945312
20950 2140.590576171875
20960 5134.93310546875
20970 2463.85888671875
20980 4232.912109375
20990 3983.365966796875
21000 1999.827392578125
21010 2273.6767578125
21020 904.3198852539062
21030 2715.322021484375
21040 1120.107055664062
21050 1297.108642578125
21060 1575.939208984375
21070 1603.94189453125
21080 1572.29296875
21090 1959.9482421875
21100 2065.378173828125
21110 3831.289794921875
21120 2023.467895507812
21130 1322.297729492188
21140 990.27685546875
21150 2112.692138671875
21160 2276.356201171875
21170 2103.68408203125
21180 2157.59326171875
21190 1605.54443359375
21200 3321.540771484375
21210 5215.45068359375
21220 4447.05908203125
21230 7091.6162109375
21240 4432.3486328125
21250 4091.02392578125
21260 2808.67333984375
21270 3196.543701171875
21280 2406.156005859375
21290 2876.027099609375
21300 4216.34228515625
21310 4974.42333984375
21320 2687.756591796875
21330 2966.8232421875
21340 3095.85302734375
21350 2901.37060546875
21360 3880.031005859375
21370 1681.062133789062
21380 1376.427612304688
21390 1244.590576171875
21400 1770.40869140625
21410 2343.589599609375
21420 2605.964111328125
21430 1007.144836425781
21440 1053.36572265625
21450 923.9078979492188
21460 2324.1796875
21470 3737.229248046875
21480 3735.47900390625
21490 3914.289306640625
21500 2662.39013671875
21510 1832.265502929688
21520 2685.775146484375
21530 2612.622802734375
21540 1685.243408203125
21550 2296.670654296875
21560 1912.876953125
21570 2215.505859375
21580 2902.052978515625
21590 2357.084716796875
21600 6130.67333984375
21610 5045.29638671875
21620 2392.953857421875
21630 7209.8671875
21640 4279.69970703125
21650 3012.416259765625
21660 3232.017822265625
21670 3141.9970703125
21680 2096.052001953125
21690 836.3744506835938
21700 2336.009765625
21710 4114.11865234375
21720 2974.81591796875
21730 2611.234619140625
21740 2888.802490234375
21750 1131.206176757812
21760 679.1802978515625
21770 1620.74658203125
21780 1568.96826171875
21790 970.8115844726562
21800 1725.219116210938
21810 1773.625854492188
21820 3000.76953125
21830 1279.128051757812
21840 2675.38818359375
21850 3369.998291015625
21860 3706.7216796875
21870 1127.878662109375
21880 1642.333862304688
21890 2344.55517578125
21900 1976.427001953125
21910 1355.734985351562
21920 1982.069946289062
21930 2149.891845703125
21940 2486.932373046875
21950 2736.224365234375
21960 821.526611328125
21970 1381.8076171875
21980 2355.092041015625
21990 2472.6953125
22000 9032.8935546875
22010 4157.23583984375
22020 3586.680908203125
22030 3985.69775390625
22040 2957.673828125
22050 1276.523803710938
22060 2027.596801757812
22070 2513.11767578125
22080 3806.34375
22090 3350.03515625
22100 2834.37841796875
22110 2909.93994140625
22120 5035.6376953125
22130 2910.06396484375
22140 1762.385009765625
22150 2002.1845703125
22160 1207.603393554688
22170 2401.122802734375
22180 2890.42919921875
22190 4031.8125
22200 6420.154296875
22210 2854.683837890625
22220 3107.510986328125
22230 2513.598388671875
22240 2589.596923828125
22250 2387.402587890625
22260 2591.39697265625
22270 1796.271850585938
22280 3179.2646484375
22290 1918.507080078125
22300 2191.547119140625
22310 2288.53564453125
22320 1385.526977539062
22330 1555.572143554688
22340 2145.13916015625
22350 2579.45654296875
22360 2416.716552734375
22370 2704.5634765625
22380 1737.378784179688
22390 1800.132934570312
22400 2774.968505859375
22410 4939.501953125
22420 3935.825439453125
22430 6386.55517578125
22440 4452.32080078125
22450 1965.620727539062
22460 3710.94970703125
22470 2886.979248046875
22480 2947.57373046875
22490 1787.119995117188
22500 3564.048095703125
22510 2105.205078125
22520 2830.6982421875
22530 3525.607177734375
22540 3185.354736328125
22550 3117.833984375
22560 2233.4853515625
22570 1590.26123046875
22580 1714.87646484375
22590 1597.736328125
22600 2457.927001953125
22610 2755.613037109375
22620 1794.68701171875
22630 2386.6220703125
22640 1324.147216796875
22650 1262.086669921875
22660 1151.593017578125
22670 1683.77685546875
22680 1845.485717773438
22690 1259.955444335938
22700 1261.477905273438
22710 1214.848266601562
22720 1496.60009765625
22730 1033.899780273438
22740 1672.920166015625
22750 1570.419921875
22760 1845.393920898438
22770 1770.368774414062
22780 3282.264892578125
22790 1785.857299804688
22800 5645.33544921875
22810 7634.0048828125
22820 6527.50537109375
22830 6522.8076171875
22840 6255.26953125
22850 3170.5908203125
22860 4712.74853515625
22870 2735.5380859375
22880 4905.84619140625
22890 1328.745361328125
22900 2908.740478515625
22910 2596.564697265625
22920 2180.14306640625
22930 2087.845703125
22940 1306.978393554688
22950 2307.97216796875
22960 2352.87744140625
22970 1852.424438476562
22980 968.0908813476562
22990 457.7090454101562
23000 946.4777221679688
23010 1286.26611328125
23020 1334.069091796875
23030 1415.503051757812
23040 947.5436401367188
23050 2872.33837890625
23060 1880.482177734375
23070 1487.8212890625
23080 2559.22314453125
23090 2296.876708984375
23100 2248.61083984375
23110 2835.06396484375
23120 2014.013671875
23130 1688.598266601562
23140 2644.029296875
23150 1895.253173828125
23160 1040.809204101562
23170 1620.231201171875
23180 3015.92333984375
23190 6714.208984375
23200 11399.57421875
23210 9957.8154296875
23220 5337.65478515625
23230 6248.5625
23240 3738.88720703125
23250 3573.29736328125
23260 4710.72900390625
23270 2763.962646484375
23280 3848.2978515625
23290 2694.7509765625
23300 2691.54931640625
23310 2766.906494140625
23320 2853.857177734375
23330 1991.605346679688
23340 2161.663818359375
23350 1739.2998046875
23360 1511.155639648438
23370 2595.622314453125
23380 2730.299072265625
23390 3010.338134765625
23400 1748.633666992188
23410 1828.583374023438
23420 2713.8583984375
23430 2245.720947265625
23440 1780.669921875
23450 1635.275268554688
23460 2020.39990234375
23470 2682.15234375
23480 2035.2060546875
23490 3601.73876953125
23500 2823.804443359375
23510 1826.723876953125
23520 3899.293701171875
23530 4387.291015625
23540 3046.98681640625
23550 4622.6640625
23560 2889.499755859375
23570 1402.54052734375
23580 1799.07958984375
23590 2201.538330078125
23600 1767.735595703125
23610 5888.595703125
23620 3640.71826171875
23630 5255.44873046875
23640 2059.818115234375
23650 5407.1015625
23660 3215.034912109375
23670 3533.408203125
23680 4576.77001953125
23690 3296.974853515625
23700 1637.630126953125
23710 1528.2412109375
23720 2602.6396484375
23730 2544.768798828125
23740 3551.5302734375
23750 3476.19677734375
23760 3486.241455078125
23770 2904.608642578125
23780 3270.583740234375
23790 2470.7333984375
23800 3028.247314453125
23810 1861.699951171875
23820 1454.444580078125
23830 987.4183959960938
23840 1486.219116210938
23850 2707.7333984375
23860 3172.798583984375
23870 3106.996826171875
23880 2287.769287109375
23890 1108.086181640625
23900 2911.001953125
23910 2845.140869140625
23920 2666.3203125
23930 2815.21875
23940 1822.837768554688
23950 3061.611328125
23960 1760.303100585938
23970 2697.126708984375
23980 3581.184326171875
23990 2327.78271484375
24000 5278.15380859375
13410 4041.01513671875
13420 2975.527587890625
13430 3719.92529296875
13440 2357.172119140625
13450 1792.815063476562
13460 1946.253051757812
13470 957.11669921875
13480 2190.21484375
13490 1644.919311523438
13500 1850.759521484375
13510 880.6550903320312
13520 2461.68994140625
13530 2728.61767578125
13540 1173.708862304688
13550 1952.607666015625
13560 2256.395263671875
13570 1657.935302734375
13580 1996.961669921875
13590 1484.2158203125
13600 7098.6259765625
13610 6211.47509765625
13620 3745.927001953125
13630 3801.038330078125
13640 4291.70751953125
13650 6013.70654296875
13660 3279.5869140625
13670 4389.1865234375
13680 3203.50537109375
13690 1920.763305664062
13700 1906.364990234375
13710 1898.726928710938
13720 1161.970581054688
13730 3680.083251953125
13740 1747.603881835938
13750 2756.011474609375
13760 2861.720947265625
13770 2301.295166015625
13780 980.2923583984375
13790 1322.030151367188
13800 2538.639892578125
13810 1133.800659179688
13820 2905.1220703125
13830 2520.1923828125
13840 2958.27880859375
13850 2042.79638671875
13860 1956.971557617188
13870 1740.784790039062
13880 3369.444091796875
13890 1767.9404296875
13900 2259.573974609375
13910 1841.526977539062
13920 1802.843872070312
13930 2042.296997070312
13940 1567.9091796875
13950 1557.4833984375
13960 1888.00048828125
13970 2261.539306640625
13980 2554.712646484375
13990 1467.358032226562
14000 1340.97314453125
14010 2307.994140625
14020 5713.24267578125
14030 4439.509765625
14040 3352.491455078125
14050 3856.31396484375
14060 2118.548095703125
14070 4531.142578125
14080 4354.1083984375
14090 993.1414794921875
14100 1656.342407226562
14110 3679.50146484375
14120 2939.182373046875
14130 1927.481079101562
14140 4678.92041015625
14150 2064.979248046875
14160 1555.342407226562
14170 1262.33056640625
14180 2184.289306640625
14190 1685.978271484375
14200 718.669189453125
14210 1290.383178710938
14220 1491.637939453125
14230 720.9608154296875
14240 1483.642333984375
14250 1289.187622070312
14260 1535.711059570312
14270 1122.608642578125
14280 1798.0029296875
14290 1097.294067382812
14300 885.9038696289062
14310 2737.893798828125
14320 2666.04248046875
14330 1650.065551757812
14340 697.38134765625
14350 3760.078857421875
14360 2470.7001953125
14370 2595.5205078125
14380 2452.677001953125
14390 2947.904296875
14400 7002.71630859375
14410 5973.45947265625
14420 8684.7392578125
14430 4962.3017578125
14440 5003.39599609375
14450 5586.4814453125
14460 4362.94873046875
14470 2114.59765625
14480 4377.69873046875
14490 3718.654052734375
14500 2773.458251953125
14510 2709.613525390625
14520 2693.501220703125
14530 2096.166259765625
14540 1556.367065429688
14550 1846.87841796875
14560 3361.059814453125
14570 2897.752685546875
14580 1326.60791015625
14590 761.4894409179688
14600 3439.2822265625
14610 1755.47509765625
14620 1109.761108398438
14630 699.6098022460938
14640 2097.816650390625
14650 1616.920166015625
14660 1424.545043945312
14670 1576.704956054688
14680 874.4903564453125
14690 1961.60791015625
14700 1740.352661132812
14710 2576.3212890625
14720 2595.56201171875
14730 1720.266479492188
14740 1621.528198242188
14750 2689.873779296875
14760 2159.19482421875
14770 2018.312622070312
14780 2452.254150390625
14790 2052.1025390625
14800 5874.9892578125
14810 6512.96142578125
14820 3615.63623046875
14830 4894.9951171875
14840 3702.869873046875
14850 5220.36083984375
14860 2784.7392578125
14870 3279.23583984375
14880 4687.6015625
14890 4094.638671875
14900 2602.81689453125
14910 1987.052490234375
14920 1575.122680664062
14930 1724.831787109375
14940 3116.12744140625
14950 2351.035888671875
14960 3817.898193359375
14970 1239.281005859375
14980 1727.5078125
14990 1967.625610351562
15000 1539.080078125
15010 1842.236083984375
15020 2238.759033203125
15030 1479.797241210938
15040 2526.247314453125
15050 1693.761352539062
15060 2880.72509765625
15070 2598.531982421875
15080 2779.57421875
15090 1541.741333007812
15100 1590.253540039062
15110 2066.66357421875
15120 2763.618896484375
15130 3555.028076171875
15140 1740.306762695312
15150 1585.420776367188
15160 1716.533813476562
15170 2634.19091796875
15180 4432.8720703125
15190 1492.085327148438
15200 2055.531982421875
15210 9119.240234375
15220 7181.759765625
15230 6357.3994140625
15240 5213.0615234375
15250 2757.069091796875
15260 1563.46484375
15270 2222.33447265625
15280 2360.98681640625
15290 3516.121337890625
15300 1819.557006835938
15310 1572.61328125
15320 2858.82421875
15330 2736.78857421875
15340 1654.372192382812
15350 2233.578369140625
15360 1507.706665039062
15370 1905.985961914062
15380 1484.518188476562
15390 1652.138671875
15400 2271.414794921875
15410 3717.224365234375
15420 3772.0625
15430 3239.9501953125
15440 1878.343017578125
15450 2427.737548828125
15460 3926.385498046875
15470 1642.609619140625
15480 1694.093017578125
15490 2326.9052734375
15500 3369.459228515625
15510 2708.961181640625
15520 2582.694091796875
15530 2956.73974609375
15540 2417.23828125
15550 1816.642211914062
15560 2545.634521484375
15570 1453.142578125
15580 913.0531616210938
15590 2418.296875
15600 4156.7255859375
15610 4137.79296875
15620 2972.1064453125
15630 3902.16748046875
15640 4036.534912109375
15650 5632.943359375
15660 1827.804443359375
15670 1629.175903320312
15680 1983.485473632812
15690 2898.355712890625
15700 2197.1181640625
15710 3625.54296875
15720 3730.356689453125
15730 3115.334716796875
15740 1840.98046875
15750 2241.43798828125
15760 2388.3017578125
15770 2694.595703125
15780 2274.690185546875
15790 1196.5771484375
15800 1036.2099609375
15810 1098.469848632812
15820 2365.2890625
15830 1399.650512695312
15840 1551.147338867188
15850 3096.172607421875
15860 2599.671875
15870 2797.17236328125
15880 1501.995849609375
15890 3247.494140625
15900 1289.886962890625
15910 3053.763916015625
15920 2531.360107421875
15930 1601.95361328125
15940 2461.120849609375
15950 2855.0927734375
15960 2302.00146484375
15970 1054.439453125
15980 833.1771850585938
15990 1730.652587890625
16000 10620.078125
16010 10049.314453125
16020 6422.630859375
16030 7420.74267578125
16040 4436.208984375
16050 5414.7001953125
16060 3185.142822265625
16070 3339.7763671875
16080 2506.7744140625
16090 2852.32080078125
16100 1568.758911132812
16110 1593.306884765625
16120 926.8048706054688
16130 1592.983276367188
16140 1593.055419921875
16150 1413.123046875
16160 1467.529907226562
16170 1878.83203125
16180 1755.257934570312
16190 2415.376220703125
16200 2807.939697265625
16210 2075.784912109375
16220 2288.111083984375
16230 2921.84423828125
16240 2718.01513671875
16250 3043.281005859375
16260 2277.046875
16270 3448.061767578125
16280 2986.100830078125
16290 4713.68310546875
16300 5297.85009765625
16310 3297.934326171875
16320 4080.807373046875
16330 3469.95068359375
16340 3002.951171875
16350 2885.085205078125
16360 3342.250244140625
16370 1818.591186523438
16380 2542.0146484375
16390 1931.637451171875
16400 1884.448120117188
16410 2869.7138671875
16420 6827.353515625
16430 2982.541259765625
16440 3518.4609375
16450 3062.754638671875
16460 3304.617919921875
16470 2664.435791015625
16480 3347.594482421875
16490 3826.149169921875
16500 2989.929931640625
16510 3356.646728515625
16520 3098.77294921875
16530 3030.75439453125
16540 2786.40234375
16550 2494.447265625
16560 4809.28076171875
16570 3962.495361328125
16580 2632.603759765625
16590 2837.200927734375
16600 3379.005615234375
16610 3336.891357421875
16620 3307.474853515625
16630 2277.06689453125
16640 2241.216064453125
16650 2353.068359375
16660 1539.587524414062
16670 1073.255126953125
16680 1222.502075195312
16690 1283.1865234375
16700 1259.579833984375
16710 1732.207275390625
16720 2524.71142578125
16730 2397.0576171875
16740 3398.003173828125
16750 1712.12939453125
16760 2940.9619140625
16770 3625.8701171875
16780 2630.95947265625
16790 1686.835083007812
16800 7130.62451171875
16810 5372.201171875
16820 7192.19482421875
16830 6860.02392578125
16840 4879.53125
16850 2365.84716796875
16860 3051.982666015625
16870 5490.90283203125
16880 5210.92578125
16890 3696.373291015625
16900 3907.847412109375
16910 2853.654541015625
16920 2990.4296875
16930 2992.20556640625
16940 2110.39990234375
16950 2425.029052734375
16960 2510.69091796875
16970 2634.71044921875
16980 2128.03076171875
16990 1494.00146484375
17000 1645.197875976562
17010 2735.421875
17020 1890.77001953125
17030 2821.40625
17040 2533.344970703125
17050 1783.62060546875
17060 3467.614013671875
17070 6061.73388671875
17080 2398.047119140625
17090 3711.797119140625
17100 2430.516357421875
17110 2924.5283203125
17120 1332.742309570312
17130 2501.933349609375
17140 2094.13818359375
17150 1488.613525390625
17160 1788.51318359375
17170 1418.691528320312
17180 2174.8564453125
17190 1747.15234375
17200 2201.9521484375
17210 10921.0625
17220 13002.56640625
17230 4604.13525390625
17240 7327.91748046875
17250 3110.842041015625
17260 3839.125732421875
17270 3232.985107421875
17280 1916.555419921875
17290 3034.873291015625
17300 2187.0849609375
17310 2005.114624023438
17320 2069.905029296875
17330 2296.75341796875
17340 2495.91015625
17350 2054.174072265625
17360 1711.5595703125
17370 1908.24365234375
17380 2740.907470703125
17390 2713.469970703125
17400 1071.83251953125
17410 2473.951416015625
17420 1539.822631835938
17430 952.6739501953125
17440 1914.939086914062
17450 2977.201171875
17460 3291.452392578125
17470 2070.355224609375
17480 1322.00634765625
17490 3598.831298828125
17500 1254.4912109375
17510 1795.2060546875
17520 2966.32666015625
17530 2048.9755859375
17540 3475.7734375
17550 1848.089233398438
17560 2359.419677734375
17570 3502.622314453125
17580 3489.687255859375
17590 2063.048095703125
17600 6187.9716796875
17610 5937.08642578125
17620 7410.49951171875
17630 5125.0009765625
17640 6230.57470703125
17650 3395.044921875
17660 3527.739501953125
17670 3520.075439453125
17680 2555.453857421875
17690 3881.211181640625
17700 3153.52392578125
17710 2520.4599609375
17720 4169.3662109375
17730 3723.957275390625
17740 3438.299560546875
17750 1921.809448242188
17760 3335.760498046875
17770 1991.923461914062
17780 750.606689453125
17790 1247.7666015625
17800 782.4546508789062
17810 1157.880249023438
17820 1666.773315429688
17830 1970.009399414062
17840 2469.3837890625
17850 2146.3232421875
17860 1704.986694335938
17870 1716.165649414062
17880 1511.118774414062
17890 1802.967529296875
17900 1513.477294921875
17910 1301.070434570312
17920 1383.059814453125
17930 2202.29541015625
17940 2300.25927734375
17950 2151.140625
17960 2006.445922851562
17970 1374.487426757812
17980 3395.70166015625
17990 2951.830810546875
18000 2835.384765625
18010 2678.365478515625
18020 6467.2978515625
18030 4757.35498046875
18040 1988.442260742188
18050 2606.74853515625
18060 3681.166015625
18070 3135.634521484375
18080 2581.397705078125
18090 1918.4892578125
18100 2237.6025390625
18110 2976.113525390625
18120 2558.757080078125
18130 2184.656005859375
18140 2850.58837890625
18150 1546.858642578125
18160 1688.828979492188
18170 1905.128173828125
18180 1103.020263671875
18190 1075.730834960938
18200 2829.246337890625
18210 1969.849365234375
18220 3267.26318359375
18230 2877.406494140625
18240 2511.498046875
18250 2226.25634765625
18260 2689.372802734375
18270 4028.667724609375
18280 1165.86962890625
18290 1443.666748046875
18300 3114.974365234375
18310 2843.405029296875
18320 2368.126220703125
18330 2028.895385742188
18340 844.8469848632812
18350 1858.78564453125
18360 1500.671630859375
18370 2123.36376953125
18380 3625.74609375
18390 1860.048095703125
18400 9177.41796875
18410 6104.3505859375
18420 4078.607421875
18430 4521.9697265625
18440 4915.1474609375
18450 7880.69189453125
18460 6029.77685546875
18470 3902.81787109375
18480 4466.97119140625
18490 3540.12939453125
18500 3120.927001953125
18510 2086.832275390625
18520 1710.692260742188
18530 2391.333740234375
18540 3125.51171875
18550 2342.55908203125
18560 3476.913330078125
18570 2757.4443359375
18580 1737.539306640625
18590 1440.873168945312
18600 1779.296508789062
18610 1223.49609375
18620 1268.928955078125
18630 879.6767578125
18640 1591.158813476562
18650 990.6539916992188
18660 1334.431762695312
18670 2006.657348632812
18680 4699.869140625
18690 3752.520263671875
18700 1906.6552734375
18710 1509.153076171875
18720 2481.76708984375
18730 1707.146484375
18740 2942.28466796875
18750 2570.789306640625
18760 1987.830444335938
18770 1651.314208984375
18780 2120.791259765625
18790 2214.7197265625
18800 2189.078857421875
18810 1472.369995117188
18820 4045.2060546875
18830 6401.4765625
18840 5033.68701171875
18850 3941.5341796875
18860 6644.7919921875
18870 6049.8212890625
18880 3439.723876953125
18890 3559.54541015625
18900 5333.41162109375
18910 4272.97705078125
18920 2921.67919921875
18930 2745.875732421875
18940 2772.667236328125
18950 2741.72412109375
18960 1663.566162109375
18970 1710.380737304688
18980 2137.66162109375
18990 4075.899658203125
19000 2624.563232421875
19010 3195.9404296875
19020 1904.088134765625
19030 2827.635986328125
19040 2405.52099609375
19050 1619.923950195312
19060 2132.9287109375
19070 1636.5205078125
19080 1512.080688476562
19090 1251.001953125
19100 1589.574462890625
19110 2306.928955078125
19120 3990.19287109375
19130 3296.73876953125
19140 2888.302734375
19150 984.8094482421875
19160 1136.410522460938
19170 925.6417236328125
19180 1929.858764648438
19190 2540.248291015625
19200 4196.34130859375
19210 6214.9609375
19220 4650.45361328125
19230 5593.478515625
19240 4438.49853515625
19250 2849.713623046875
19260 2186.51220703125
19270 3722.293701171875
19280 3565.469482421875
19290 2260.3984375
19300 2635.10498046875
19310 1424.485107421875
19320 2627.902099609375
19330 5357.33203125
19340 3295.45947265625
19350 2658.904052734375
19360 2045.1328125
19370 1210.869873046875
19380 614.6597290039062
19390 1440.549560546875
19400 1994.91455078125
19410 3228.955078125
19420 1405.625854492188
19430 1433.748291015625
19440 2947.249755859375
19450 2152.112548828125
19460 1742.46484375
19470 1838.430297851562
19480 1585.144653320312
19490 1409.911743164062
19500 1227.293701171875
19510 1808.201782226562
19520 2367.3154296875
19530 1598.5068359375
19540 1532.405151367188
19550 2016.029174804688
19560 1733.07177734375
19570 1257.717651367188
19580 1484.8203125
19590 1497.195434570312
19600 1592.597778320312
19610 4625.6845703125
19620 4968.7001953125
19630 3295.0439453125
19640 2073.422607421875
19650 4032.042236328125
19660 3715.83740234375
19670 4431.66015625
19680 4309.54541015625
19690 2087.458740234375
19700 2278.301513671875
19710 2604.876953125
19720 3030.578857421875
19730 3805.0380859375
19740 1831.002075195312
19750 1166.837890625
19760 1367.437866210938
19770 2102.058837890625
19780 980.6885375976562
19790 1765.6083984375
19800 1855.15380859375
19810 1604.987548828125
19820 3515.642578125
19830 2492.662841796875
19840 1457.404296875
19850 1867.94091796875
19860 1724.56201171875
19870 1705.585571289062
19880 1297.090087890625
19890 1908.154174804688
19900 1663.317260742188
19910 1668.140502929688
19920 1982.646362304688
19930 1442.254760742188
19940 1420.035400390625
19950 1076.156616210938
19960 1048.486083984375
19970 1855.055541992188
19980 2251.8056640625
19990 2049.35595703125
20000 10268.18359375
20010 5360.97265625
20020 4523.07861328125
20030 4188.9072265625
20040 5122.9892578125
20050 2514.28955078125
20060 3172.06201171875
20070 3555.58740234375
20080 3135.7001953125
20090 2580.139892578125
20100 2682.4013671875
20110 2162.531982421875
20120 2725.144287109375
20130 3306.932861328125
20140 1716.366577148438
20150 1657.400634765625
20160 2223.451904296875
20170 2729.378173828125
20180 1901.976318359375
20190 1830.585083007812
20200 1332.533203125
20280 2029.277709960938
20300 2050.384521484375
20320 1943.294921875
20330 2019.367919921875
20360 1687.401733398438
20370 3991.724609375
6610 3469.859130859375
6620 1717.072875976562
6630 1974.71630859375
6640 2007.91259765625
6650 2448.117919921875
6660 4544.4072265625
6670 2359.7646484375
6680 899.20361328125
6690 1362.457153320312
6700 1781.277221679688
6710 3306.424072265625
6720 2918.73095703125
6730 2556.185791015625
6740 2652.7109375
6750 1844.862060546875
6760 3420.33740234375
6770 1747.395385742188
6780 1467.742065429688
6790 2779.939208984375
6800 2528.36962890625
6810 1574.2783203125
6820 1175.041259765625
6830 2644.3955078125
6840 3716.89111328125
6850 2659.80224609375
6860 3414.28515625
6870 3884.51953125
6880 3189.872314453125
6890 3443.06396484375
6900 4574.337890625
6910 4316.90771484375
6920 2354.115478515625
6930 3054.369140625
6940 1467.531372070312
6950 2863.37841796875
6960 2192.55908203125
6970 2034.536010742188
6980 2426.0595703125
6990 4304.35009765625
7000 5343.71435546875
7010 2289.34228515625
7020 1974.681274414062
7030 1430.591674804688
7040 3679.085205078125
7050 2758.101318359375
7060 3768.851318359375
7070 4046.8701171875
7080 5200.39013671875
7090 2469.197021484375
7100 3979.026611328125
7110 2782.81640625
7120 2482.4990234375
7130 1840.044921875
7140 2022.701049804688
7150 1648.26025390625
7160 2105.718994140625
7170 1313.33154296875
7180 2931.263916015625
7190 1704.732421875
7200 4295.634765625
7210 4718.958984375
7220 9515.072265625
7230 5884.17529296875
7240 3571.44091796875
7250 5075.24658203125
7260 2961.4111328125
7270 2687.943603515625
7280 1916.616455078125
7290 2248.5927734375
7300 2779.626220703125
7310 1974.603881835938
7320 2566.99169921875
7330 2741.76171875
7340 3069.388671875
7350 2687.60986328125
7360 1654.681396484375
7370 807.9478149414062
7380 1754.398803710938
7390 2010.506469726562
7400 1900.93701171875
7410 3286.3740234375
7420 3707.57861328125
7430 2698.685546875
7440 1583.195678710938
7450 1924.7373046875
7460 2816.103515625
7470 2411.864013671875
7480 2373.3623046875
7490 2076.39990234375
7500 1727.73583984375
7510 2290.791015625
7520 3876.677490234375
7530 2929.72607421875
7540 4500.650390625
7550 3865.870849609375
7560 2013.504028320312
7570 2904.967529296875
7580 2951.1826171875
7590 3168.29150390625
7600 6124.701171875
7610 8624.5830078125
7620 5585.75732421875
7630 5737.79443359375
7640 3058.265625
7650 1908.581420898438
7660 3827.59033203125
7670 2958.62060546875
7680 2208.790283203125
7690 2453.898681640625
7700 2742.874755859375
7710 5974.783203125
7720 4266.3271484375
7730 3505.365478515625
7740 5352.09619140625
7750 3663.40283203125
7760 3732.1953125
7770 1923.946166992188
7780 2383.752685546875
7790 1912.609619140625
7800 2060.02880859375
7810 3161.06298828125
7820 2227.21435546875
7830 2143.27294921875
7840 1430.2626953125
7850 2394.394287109375
7860 1322.166625976562
7870 1842.615234375
7880 2058.90380859375
7890 1534.941040039062
7900 1698.002319335938
7910 2079.617431640625
7920 1150.942749023438
7930 2071.057373046875
7940 1920.625244140625
7950 2302.7412109375
7960 1905.383422851562
7970 2862.740234375
7980 2312.606689453125
7990 2135.55712890625
8000 2997.4345703125
8010 2998.715087890625
8020 8546.9345703125
8030 5104.82666015625
8040 5364.6103515625
8050 10044.896484375
8060 2858.684326171875
8070 2314.03857421875
8080 2958.215087890625
8090 2360.500244140625
8100 2171.7001953125
8110 3213.875244140625
8120 3258.177490234375
8130 3241.19775390625
8140 2380.604736328125
8150 4037.090576171875
8160 3116.829833984375
8170 2366.525146484375
8180 2719.007080078125
8190 4006.97412109375
8200 1601.722778320312
8210 1148.203857421875
8220 976.551025390625
8230 1443.257568359375
8240 1212.058959960938
8250 546.1282958984375
8260 1943.655151367188
8270 2622.638671875
8280 3064.828125
8290 3797.29052734375
8300 2388.53662109375
8310 2053.432861328125
8320 989.6929321289062
8330 2189.21728515625
8340 1766.8486328125
8350 1926.476440429688
8360 5282.46875
8370 3648.966796875
8380 2968.6220703125
8390 2218.1015625
8400 3260.1943359375
8410 7107.05517578125
8420 5042.4345703125
8430 3784.026123046875
8440 6125.74462890625
8450 3328.391845703125
8460 2419.49072265625
8470 2607.03369140625
8480 3169.4521484375
8490 2141.35205078125
8500 1665.031372070312
8510 2303.494140625
8520 1863.522216796875
8530 1798.885986328125
8540 4290.58837890625
8550 3812.48095703125
8560 4456.75537109375
8570 3129.556396484375
8580 1394.108032226562
8590 2947.27392578125
8600 2004.69287109375
8610 1927.1650390625
8620 1917.079223632812
8630 2117.9521484375
8640 2544.452392578125
8650 1882.627685546875
8660 1953.788818359375
8670 1977.515502929688
8680 1492.990112304688
8690 2147.827880859375
8700 919.0947875976562
8710 1659.0751953125
8720 3179.7177734375
8730 2235.647216796875
8740 1918.62548828125
8750 1756.828979492188
8760 2142.169189453125
8770 3132.18701171875
8780 4781.3095703125
8790 3883.117919921875
8800 2436.75341796875
8810 4447.416015625
8820 5829.48828125
8830 5237.21923828125
8840 4050.764892578125
8850 4484.861328125
8860 2318.954345703125
8870 1726.079956054688
8880 2780.0966796875
8890 2853.8134765625
8900 2506.184326171875
8910 2342.269775390625
8920 1560.33740234375
8930 1760.331665039062
8940 2150.77978515625
8950 1580.050659179688
8960 2625.575927734375
8970 1550.533569335938
8980 2803.33447265625
8990 2819.052001953125
9000 4324.2392578125
9010 2863.359375
9020 1814.833740234375
9030 2036.457275390625
9040 610.2269897460938
9050 2857.427978515625
9060 3481.3916015625
9070 3124.0068359375
9080 2657.64208984375
9090 1813.697021484375
9100 1302.505249023438
9110 1527.080322265625
9120 1944.350952148438
9130 1200.950805664062
9140 2432.48876953125
9150 1967.348266601562
9160 2864.8662109375
9170 2961.712890625
9180 3529.821533203125
9190 4094.9521484375
9200 8683.892578125
9210 5533.390625
9220 6091.2421875
9230 4748.7236328125
9240 2831.040771484375
9250 3037.965087890625
9260 5067.73681640625
9270 2857.651123046875
9280 5262.48193359375
9290 1798.65185546875
9300 2873.183349609375
9310 3804.676025390625
9320 3110.37255859375
9330 2126.798095703125
9340 1211.176635742188
9350 1495.097412109375
9360 1504.1025390625
9370 2028.0546875
9380 2446.75634765625
9390 2236.47705078125
9400 1441.141235351562
9410 2434.050048828125
9420 2110.9912109375
9430 1471.1787109375
9440 1741.276000976562
9450 1066.658447265625
9460 1429.239379882812
9470 2298.92236328125
9480 4129.49951171875
9490 3905.714599609375
9500 3627.08251953125
9510 2089.380615234375
9520 972.4386596679688
9530 1694.345458984375
9540 1755.404541015625
9550 1691.626953125
9560 2037.21923828125
9570 1549.327270507812
9580 1451.485473632812
9590 2372.03759765625
9600 8399.154296875
9610 2613.51025390625
9620 2994.336181640625
9630 5302.9462890625
9640 2570.151611328125
9650 3001.307861328125
9660 2454.018798828125
9670 1909.193481445312
9680 2876.279541015625
9690 1741.631103515625
9700 1967.281005859375
9710 5439.65283203125
9720 3520.184326171875
9730 2139.592529296875
9740 1690.5361328125
9750 1251.141235351562
9760 3120.062255859375
9770 5557.61767578125
9780 3826.37890625
9790 1515.300537109375
9800 1047.673706054688
9810 1305.210083007812
9820 2444.91796875
9830 2874.2978515625
9840 1208.332397460938
9850 1813.367309570312
9860 2854.151611328125
9870 3114.656005859375
9880 2397.316650390625
9890 2080.5556640625
9900 3271.821044921875
9910 2022.177124023438
9920 3019.08740234375
9930 2617.753173828125
9940 1261.371459960938
9950 1775.790161132812
9960 3909.043212890625
9970 3069.627685546875
9980 4018.1318359375
9990 3777.777587890625
10000 4213.92919921875
10010 8214.736328125
10020 2381.865234375
10030 7213.56982421875
10040 5456.96240234375
10050 3551.72998046875
10060 5156.88037109375
10070 5167.09375
10080 2648.369384765625
10090 3659.259521484375
10100 2883.2099609375
10110 2646.018310546875
10120 2604.53271484375
10130 1742.0693359375
10140 1458.158935546875
10150 2048.234130859375
10160 4154.45849609375
10170 3974.171630859375
10180 2445.799072265625
10190 2204.240966796875
10200 1070.706176757812
10210 972.7322387695312
10220 1667.490234375
10230 1352.513916015625
10240 1643.224853515625
10250 1825.72705078125
10260 1521.845825195312
10270 3561.798828125
10280 3015.631591796875
10290 3280.325439453125
10300 4364.044921875
10310 2179.55029296875
10320 1099.143920898438
10330 2075.40087890625
10340 940.4519653320312
10350 1934.702880859375
10360 2141.3759765625
10370 3015.43017578125
10380 1313.333251953125
10390 2425.82861328125
10400 1707.1884765625
10410 2196.807373046875
10420 2816.14111328125
10430 3011.2890625
10440 1588.14306640625
10450 2607.094482421875
10460 2949.236083984375
10470 3541.42822265625
10480 3164.021484375
10490 2423.4609375
10500 1221.795288085938
10510 1734.30078125
10520 1469.035034179688
10530 3416.687744140625
10540 2099.05908203125
10550 3548.85205078125
10560 2316.8388671875
10570 2123.5673828125
10580 2518.05615234375
10590 2064.921142578125
10600 1484.3544921875
10610 1983.771484375
10620 5315.2607421875
10630 2555.904296875
10640 2250.178466796875
10650 2314.041015625
10660 2104.115966796875
10670 4064.394775390625
10680 1795.308959960938
10690 1633.334594726562
10700 1898.78759765625
10710 1486.234985351562
10720 1733.910034179688
10730 2705.987548828125
10740 2500.086669921875
10750 2622.794921875
10760 2311.91162109375
10770 2214.5087890625
10780 3164.120849609375
10790 2711.830322265625
10800 5146.7392578125
10810 5998.27880859375
10820 4488.697265625
10830 3199.575439453125
10840 4372.28515625
10850 3759.697509765625
10860 4115.71728515625
10870 4109.201171875
10880 4018.5966796875
10890 3963.532470703125
10900 5937.412109375
10910 3626.631591796875
10920 4056.900634765625
10930 2691.52001953125
10940 1919.36328125
10950 1291.682250976562
10960 1607.31787109375
10970 2288.09765625
10980 1910.515258789062
10990 974.28076171875
11000 2791.2275390625
11010 3586.55126953125
11020 1771.745971679688
11030 1756.318725585938
11040 1233.703491210938
11050 1600.565551757812
11060 2015.38427734375
11070 3274.156494140625
11080 2287.83740234375
11090 1788.116577148438
11100 2126.302490234375
11110 1383.715209960938
11120 1499.520751953125
11130 1618.287963867188
11140 1976.307250976562
11150 1567.41943359375
11160 2139.35009765625
11170 5235.41259765625
11180 5590.2080078125
11190 2175.94873046875
11200 8094.533203125
11210 5591.04150390625
11220 5721.26416015625
11230 4325.44140625
11240 2350.332763671875
11250 5625.24755859375
11260 2942.38671875
11270 5464.25830078125
11280 4598.9345703125
11290 3455.591796875
11300 3084.7880859375
11310 2060.48486328125
11320 2551.017578125
11330 2138.577880859375
11340 3471.7294921875
11350 2687.23828125
11360 2195.141357421875
11370 2294.267578125
11380 1827.242309570312
11390 1395.49267578125
11400 1653.037841796875
11410 3768.2509765625
11420 2490.85205078125
11430 3531.682861328125
11440 1680.523193359375
11450 1101.7353515625
11460 3157.897705078125
11470 2135.185302734375
11480 1751.093627929688
11490 1131.585571289062
11500 1084.623779296875
11510 2053.3037109375
11520 1612.25048828125
11530 2103.394287109375
11540 1906.599487304688
11550 1860.11767578125
11560 1720.9296875
11570 1366.6103515625
11580 1261.708740234375
11590 2736.2705078125
11600 9719.341796875
11610 9158.9140625
11620 9154.4658203125
11630 3054.87841796875
11640 4354.02783203125
11650 5341.05078125
11660 4974.69921875
11670 4525.0966796875
11680 3350.835205078125
11690 2414.67041015625
11700 2941.365234375
11710 2826.56005859375
11720 1216.377075195312
11730 1648.067626953125
11740 2600.177734375
11750 1354.769653320312
11760 1529.226318359375
11770 2901.45556640625
11780 3252.60888671875
11790 2348.303955078125
11800 1401.375732421875
11810 1489.185913085938
11820 1377.456176757812
11830 1517.612915039062
11840 1370.090942382812
11850 3208.88818359375
11860 2395.380615234375
11870 1403.816772460938
11880 1444.553955078125
11890 2996.156982421875
11900 1389.871704101562
11910 1539.884155273438
11920 1251.185302734375
11930 3399.465576171875
11940 2853.482177734375
11950 1078.59375
11960 1172.056640625
11970 3219.810791015625
11980 2551.25390625
11990 1997.319946289062
12000 9379.197265625
12010 6802.93408203125
12020 2665.00537109375
12030 3185.939453125
12040 1454.235107421875
12050 2734.152587890625
12060 1973.334838867188
12070 6336.24365234375
12080 6544.3984375
12090 5649.47021484375
12100 6478.06982421875
12110 5160.39697265625
12120 3060.294921875
12130 1278.550415039062
12140 1394.398559570312
12150 1434.193237304688
12160 1673.315307617188
12170 5162.6806640625
12180 1673.8828125
12190 1932.55029296875
12200 3405.75927734375
12210 3023.7119140625
12220 2805.55615234375
12230 2355.950927734375
12240 1663.676879882812
12250 1378.637817382812
12260 1719.609619140625
12270 2679.8037109375
12280 2409.769287109375
12290 1884.154052734375
12300 1960.989624023438
12310 2382.28125
12320 1632.671752929688
12330 1632.783325195312
12340 3652.771484375
12350 2228.371826171875
12360 3332.6201171875
12370 2246.8916015625
12380 1898.155639648438
12390 3332.608154296875
12400 5169.81787109375
12410 10155.5595703125
12420 8533.623046875
12430 3790.308837890625
12440 4971.810546875
12450 2770.923583984375
12460 2466.177734375
12470 2511.956298828125
12480 3527.977294921875
12490 2555.627685546875
12500 2179.13720703125
12510 4344.828125
12520 5262.951171875
12530 3191.826904296875
12540 2030.0537109375
12550 1737.63525390625
12560 3676.182373046875
12570 2048.379638671875
12580 2394.48583984375
12590 1150.759643554688
12600 1571.612426757812
12610 1601.430419921875
12620 2020.172729492188
12630 2226.90966796875
12640 2959.18896484375
12650 3255.587158203125
12660 2740.149658203125
12670 1699.576416015625
12680 1716.693969726562
12690 1136.906860351562
12700 1372.33056640625
12710 1650.887329101562
12720 1298.456665039062
12730 811.6607055664062
12740 2179.200927734375
12750 1453.148559570312
12760 1736.426879882812
12770 1808.537475585938
12780 2344.819580078125
12790 1978.305297851562
12800 1983.451904296875
12810 5551.98779296875
12820 4694.89501953125
12830 3845.102294921875
12840 5851.56591796875
12850 2204.47705078125
12860 4087.074951171875
12870 4376.57080078125
12880 1994.327514648438
12890 2534.009765625
12900 1562.520263671875
12910 2127.5849609375
12920 2125.10546875
12930 2185.83203125
12940 2083.25732421875
12950 2459.92578125
12960 2410.118408203125
12970 2074.593505859375
12980 1837.211791992188
12990 1911.188354492188
13000 2817.37548828125
13010 2826.3173828125
13020 2923.306884765625
13030 2032.572265625
13040 2148.260986328125
13050 1313.128784179688
13060 4018.51025390625
13070 2468.85595703125
13080 3460.1064453125
13090 2938.767822265625
13100 2031.677856445312
13110 1306.515625
13120 2163.637939453125
13130 2433.8740234375
13140 3152.009765625
13150 2889.875
13160 2664.991943359375
13170 4302.8583984375
13180 1793.639282226562
13190 1834.752319335938
13200 4921.15673828125
13210 8006.33056640625
13220 4417.60498046875
13230 7998.74267578125
13240 5914.45556640625
13250 1945.944458007812
13260 2155.034423828125
13270 3774.507080078125
13280 2858.511474609375
13290 2430.936279296875
13300 2042.291137695312
13310 1497.359375
13320 1698.87060546875
13330 1655.794067382812
13340 1756.812744140625
13350 1567.613647460938
13360 1826.693359375
13370 3610.4619140625
13380 3790.544677734375
13390 1548.447509765625
13400 4263.7333984375
0 1217.828735351562
10 1325.786743164062
20 2006.193115234375
30 2739.99365234375
40 3230.974853515625
50 3101.6181640625
60 3177.117431640625
70 4327.27001953125
80 5345.04833984375
90 5108.28271484375
100 4285.078125
110 3825.720458984375
120 3432.132568359375
130 2644.53271484375
140 1677.243286132812
150 1030.84375
160 721.2632446289062
170 713.1552124023438
180 799.201416015625
190 923.927978515625
200 1858.633666992188
210 4390.71533203125
220 3473.7314453125
230 3437.099609375
240 2130.716796875
250 1349.58154296875
260 1003.879699707031
270 920.162841796875
280 952.7728881835938
290 954.7550659179688
300 866.4908447265625
310 788.9708862304688
320 733.4600219726562
330 658.4205932617188
340 614.15966796875
350 645.18359375
360 752.9956665039062
370 939.7020874023438
380 1265.16455078125
390 1651.710205078125
400 1204.371459960938
410 911.7338256835938
420 2101.245361328125
430 5502.83154296875
440 3489.37353515625
450 5581.10107421875
460 2765.799072265625
470 1543.359008789062
480 1683.69189453125
490 2728.16064453125
500 3397.696533203125
510 4216.28076171875
520 1425.996459960938
530 3155.923828125
540 3249.82080078125
550 5450.11962890625
560 4619.81298828125
570 5415.958984375
580 2055.567626953125
590 1831.216918945312
600 2376.424560546875
610 2757.297607421875
620 1631.774291992188
630 2526.415771484375
640 1886.669555664062
650 2557.65380859375
660 3066.45654296875
670 2779.412353515625
680 1812.891235351562
690 2180.7587890625
700 2705.975830078125
710 2284.429443359375
720 877.9280395507812
730 1316.7802734375
740 1191.941284179688
750 848.6553955078125
760 955.8038940429688
770 1901.411376953125
780 3151.955810546875
790 3920.447509765625
800 6374.42919921875
810 4726.2099609375
820 4846.9775390625
830 2224.526123046875
840 5728.7958984375
850 7989.619140625
860 6343.68603515625
870 5478.49072265625
880 4138.75439453125
890 4806.921875
900 2439.183837890625
910 3491.659423828125
920 4111.70556640625
930 2171.13671875
940 2078.23681640625
950 1351.2451171875
960 3614.11572265625
970 2768.031494140625
980 2379.17333984375
990 3657.22412109375
1000 2374.896240234375
1010 1091.79052734375
1020 703.2799072265625
1030 492.3081970214844
1040 866.7216186523438
1050 980.06005859375
1060 851.2269287109375
1070 2115.57763671875
1080 2953.227294921875
1090 4182.4912109375
1100 2635.337158203125
1110 3998.8955078125
1120 3388.301513671875
1130 3795.150390625
1140 2847.900634765625
1150 3252.94677734375
1160 3754.92138671875
1170 1936.076171875
1180 2144.327880859375
1190 3368.750244140625
1200 2479.476318359375
1210 8246.552734375
1220 7143.77587890625
1230 11335.126953125
1240 5241.7607421875
1250 3210.12158203125
1260 2043.39501953125
1270 3225.595458984375
1280 3388.78564453125
1290 2893.55810546875
1300 5038.71875
1310 2903.154052734375
1320 4395.89892578125
1330 2088.812744140625
1340 1841.431762695312
1350 2173.270263671875
1360 2421.232177734375
1370 2231.31201171875
1380 2071.332763671875
1390 3040.688720703125
1400 1841.640747070312
1410 1713.215209960938
1420 2295.631591796875
1430 2148.0146484375
1440 3466.89599609375
1450 1702.569091796875
1460 2301.593017578125
1470 1999.206420898438
1480 3007.640625
1490 2680.711181640625
1500 7411.9453125
1510 2686.875
1520 2535.480224609375
1530 1853.801635742188
1540 3009.779052734375
1550 1377.331787109375
1560 1162.509521484375
1570 1268.9482421875
1580 2509.28271484375
1590 8144.65478515625
1600 2250.764404296875
1610 1211.857666015625
1620 2589.14453125
1630 2615.81982421875
1640 4345.7197265625
1650 3616.185302734375
1660 2268.121826171875
1670 3627.139892578125
1680 5277.12890625
1690 3278.85546875
1700 4374.658203125
1710 3452.044677734375
1720 982.0008544921875
1730 2357.1435546875
1740 2436.96484375
1750 5568.109375
1760 2862.614990234375
1770 1487.521484375
1780 1915.588745117188
1790 3153.65380859375
1800 2639.98486328125
1810 2061.270751953125
1820 1358.488525390625
1830 1488.764892578125
1840 1888.259521484375
1850 2577.626708984375
1860 3761.22216796875
1870 3897.86767578125
1880 3359.369140625
1890 2907.36279296875
1900 2125.68212890625
1910 1498.841064453125
1920 1809.196411132812
1930 1702.01953125
1940 1939.786254882812
1950 2110.72314453125
1960 2393.28466796875
1970 2126.5048828125
1980 1287.292114257812
1990 1822.610107421875
2000 2813.735595703125
2010 4312.74853515625
2020 3514.156005859375
2030 3157.089599609375
2040 3664.3857421875
2050 4637.20703125
2060 4736.6044921875
2070 4655.884765625
2080 4933.90478515625
2090 3761.21923828125
2100 4541.34716796875
2110 1504.638549804688
2120 3811.48779296875
2130 2095.843994140625
2140 3794.671142578125
2150 2593.8359375
2160 1845.628662109375
2170 2803.052978515625
2180 2180.28466796875
2190 2199.5068359375
2200 4024.919677734375
2210 3006.98876953125
2220 1482.336547851562
2230 1731.629272460938
2240 1805.771484375
2250 1683.972900390625
2260 1810.313598632812
2270 1893.264404296875
2280 1848.978393554688
2290 2043.106323242188
2300 1798.385131835938
2310 1447.212158203125
2320 1997.342041015625
2330 1193.027954101562
2340 2585.0380859375
2350 2719.566650390625
2360 2289.70654296875
2370 2000.235229492188
2380 2411.67431640625
2390 1378.72998046875
2400 3644.831787109375
2410 7998.8916015625
2420 5854.23046875
2430 4291.5302734375
2440 3804.582763671875
2450 3313.45703125
2460 2520.134765625
2470 1270.587158203125
2480 1807.489624023438
2490 1181.8388671875
2500 1551.643798828125
2510 1095.2509765625
2520 924.4182739257812
2530 2101.86328125
2540 855.962890625
2550 2322.533447265625
2560 3194.9677734375
2570 2439.87744140625
2580 2945.4638671875
2590 2781.2353515625
2600 2939.84521484375
2610 1805.701782226562
2620 1545.393676757812
2630 1376.58349609375
2640 2184.505859375
2650 2569.914794921875
2660 3555.300048828125
2670 2378.263671875
2680 2130.53857421875
2690 3272.513916015625
2700 3525.899169921875
2710 1373.8330078125
2720 1663.754760742188
2730 1276.706420898438
2740 1407.822509765625
2750 1180.175048828125
2760 1190.423706054688
2770 1762.8583984375
2780 2508.030517578125
2790 2282.43798828125
2800 2932.13916015625
2810 8637.7197265625
2820 6038.8173828125
2830 6102.0478515625
2840 5371.71533203125
2850 5624.96044921875
2860 2922.34326171875
2870 3651.59130859375
2880 3312.866943359375
2890 2487.68701171875
2900 3462.09619140625
2910 3132.0654296875
2920 4328.66552734375
2930 5039.04833984375
2940 2724.912109375
2950 2110.161865234375
2960 2572.563232421875
2970 1472.333862304688
2980 1837.470581054688
2990 2368.65283203125
3000 2286.857666015625
3010 3373.546875
3020 1238.854858398438
3030 2757.95166015625
3040 2907.013427734375
3050 3599.46875
3060 3477.96484375
3070 1734.650146484375
3080 2686.317138671875
3090 2082.5263671875
3100 5505.1376953125
3110 3141.522216796875
3120 1870.351806640625
3130 2033.7978515625
3140 2453.81103515625
3150 3997.9267578125
3160 3136.02001953125
3170 2689.6533203125
3180 2657.357177734375
3190 3735.432373046875
3200 10134.845703125
3210 4514.7119140625
3220 4880.2900390625
3230 4669.05615234375
3240 3362.87646484375
3250 3384.27734375
3260 5770.56396484375
3270 7247.0927734375
3280 6271.91015625
3290 1421.024291992188
3300 3078.664794921875
3310 4597.65966796875
3320 5196.38330078125
3330 5348.5888671875
3340 3292.602294921875
3350 3982.191650390625
3360 2345.195068359375
3370 2545.189697265625
3380 2079.85205078125
3390 2231.117919921875
3400 2313.76806640625
3410 3327.792724609375
3420 3404.7861328125
3430 3215.435791015625
3440 4322.72509765625
3450 2764.003173828125
3460 3515.607421875
3470 2344.832763671875
3480 2874.26953125
3490 1998.417724609375
3500 2255.32763671875
3510 4042.547119140625
3520 2856.810791015625
3530 3823.64501953125
3540 2386.687744140625
3550 3185.8115234375
3560 2330.743896484375
3570 3545.671875
3580 2198.33544921875
3590 2369.45166015625
3600 4581.21923828125
3610 6338.94287109375
3620 6084.4658203125
3630 3544.356201171875
3640 3017.48095703125
3650 1215.3935546875
3660 2146.93896484375
3670 3371.753173828125
3680 5203.927734375
3690 2788.28515625
3700 2795.541015625
3710 2853.203369140625
3720 2165.88134765625
3730 2838.075927734375
3740 1726.763061523438
3750 1756.926513671875
3760 2122.078369140625
3770 2072.1083984375
3780 2072.246826171875
3790 3081.787109375
3800 1911.9501953125
3810 1222.30126953125
3820 3435.925537109375
3830 2249.8779296875
3840 3510.4794921875
3850 1810.663208007812
3860 2820.567626953125
3870 2810.4521484375
3880 2470.701171875
3890 1670.005126953125
3900 2704.249267578125
3910 1853.875122070312
3920 1963.828979492188
3930 4168.478515625
3940 1925.567260742188
3950 916.669677734375
3960 1716.091674804688
3970 1000.252136230469
3980 1474.992309570312
3990 1232.741943359375
4000 1788.70458984375
4010 8256.1826171875
4020 3658.47119140625
4030 5247.36083984375
4040 3724.865478515625
4050 5800.52734375
4060 4980.2861328125
4070 2219.313232421875
4080 2946.464599609375
4090 1743.517822265625
4100 3392.093994140625
4110 2309.85302734375
4120 2217.002197265625
4130 2654.8798828125
4140 2354.375
4150 2755.025634765625
4160 1680.834228515625
4170 3547.830810546875
4180 3769.431396484375
4190 3278.981201171875
4200 2091.719970703125
4210 2976.96337890625
4220 2224.701904296875
4230 4020.091796875
4240 5342.36279296875
4250 2933.205810546875
4260 3012.500244140625
4270 2930.0478515625
4280 2328.4638671875
4290 3673.7841796875
4300 1217.875732421875
4310 1497.432006835938
4320 1527.597900390625
4330 2640.871337890625
4340 1959.23486328125
4350 1661.36279296875
4360 4340.34228515625
4370 3298.18798828125
4380 2764.3603515625
4390 2033.861206054688
4400 5048.74169921875
4410 5196.03271484375
4420 5237.0615234375
4430 5941.259765625
4440 2837.942138671875
4450 6413.53955078125
4460 4937.3466796875
4470 3175.275390625
4480 2342.862060546875
4490 2621.175537109375
4500 3593.917236328125
4510 3775.135986328125
4520 1892.282836914062
4530 1643.5185546875
4540 2517.5673828125
4550 3171.0048828125
4560 3151.987548828125
4570 2526.90869140625
4580 2323.07177734375
4590 1294.449951171875
4600 1412.78466796875
4610 1042.388427734375
4620 1762.211181640625
4630 1915.85498046875
4640 1221.383544921875
4650 1018.878295898438
4660 2268.473388671875
4670 1672.233154296875
4680 3988.249267578125
4690 1618.978515625
4700 1518.571166992188
4710 1226.463989257812
4720 2192.509765625
4730 2946.561279296875
4740 2674.06787109375
4750 1615.816162109375
4760 1714.652465820312
4770 3344.216552734375
4780 3742.577392578125
4790 3117.50341796875
4800 2521.223388671875
4810 1856.69384765625
4820 7083.134765625
4830 3758.97021484375
4840 3736.3984375
4850 2494.262451171875
4860 2262.51904296875
4870 3242.01171875
4880 2768.560791015625
4890 1864.473388671875
4900 2578.6123046875
4910 3663.914794921875
4920 3436.93701171875
4930 2757.741455078125
4940 2386.845703125
4950 2281.47314453125
4960 1714.70556640625
4970 2211.4130859375
4980 1573.526977539062
4990 1962.558227539062
5000 2141.14453125
5010 1999.422119140625
5020 2068.740478515625
5030 3464.129638671875
5040 2539.85693359375
5050 4026.642822265625
5060 1905.582153320312
5070 1867.53125
5080 2251.407470703125
5090 1540.48583984375
5100 1801.586303710938
5110 3379.89404296875
5120 1883.325561523438
5130 4073.572021484375
5140 1863.147338867188
5150 2591.5126953125
5160 3045.728515625
5170 3641.0712890625
5180 2072.606201171875
5190 1656.079467773438
5200 2282.744384765625
5210 7214.4111328125
5220 3509.091552734375
5230 5195.68505859375
5240 2549.812255859375
5250 3302.3642578125
5260 3947.44189453125
5270 3758.386474609375
5280 2640.854736328125
5290 2470.357177734375
5300 3956.32568359375
5310 3069.042724609375
5320 4058.83056640625
5330 2658.877685546875
5340 1600.233642578125
5350 1193.7958984375
5360 687.2515869140625
5370 948.40673828125
5380 1644.420776367188
5390 2078.865478515625
5400 2615.3505859375
5410 2457.83544921875
5420 1910.463745117188
5430 1177.795166015625
5440 1287.460205078125
5450 1483.671630859375
5460 2588.67529296875
5470 2655.8515625
5480 1307.485717773438
5490 1290.677001953125
5500 1755.583251953125
5510 724.0498046875
5520 2298.0673828125
5530 1551.159545898438
5540 3151.87939453125
5550 3155.37744140625
5560 1958.111694335938
5570 2601.552734375
5580 1627.094604492188
5590 1868.851928710938
5600 2538.82373046875
5610 5541.7080078125
5620 3008.654052734375
5630 6739.92578125
5640 4154.4453125
5650 2883.581787109375
5660 2005.22265625
5670 1971.0439453125
5680 2644.990966796875
5690 3174.100341796875
5700 3083.452392578125
5710 1427.976806640625
5720 1593.8046875
5730 2470.58544921875
5740 3521.052001953125
5750 3343.8466796875
5760 2225.334228515625
5770 2548.23974609375
5780 3057.973876953125
5790 1634.433349609375
5800 2252.72998046875
5810 1655.285034179688
5820 1462.833740234375
5830 3366.58984375
5840 1631.664672851562
5850 2856.641357421875
5860 3393.2421875
5870 4811.2470703125
5880 2801.81494140625
5890 3056.7041015625
5900 4648.685546875
5910 2469.59326171875
5920 2507.6787109375
5930 1848.437133789062
5940 1534.340087890625
5950 3763.986572265625
5960 2280.263671875
5970 1081.39794921875
5980 3820.5927734375
5990 2570.351806640625
6000 1165.957763671875
6010 1166.8876953125
6020 2639.622314453125
6030 3979.199462890625
6040 3786.472412109375
6050 3331.35009765625
6060 3968.800537109375
6070 2808.359130859375
6080 3851.48681640625
6090 4156.81640625
6100 3364.9794921875
6110 2026.873046875
6120 2618.4375
6130 2415.743896484375
6140 1703.526733398438
6150 2671.115966796875
6160 2512.093505859375
6170 2053.320556640625
6180 3181.973388671875
6190 3157.7314453125
6200 2741.364013671875
6210 2755.165283203125
6220 2414.394775390625
6230 2672.146240234375
6240 3742.503662109375
6250 2218.84814453125
6260 3053.5712890625
6270 2868.916259765625
6280 2140.126953125
6290 3082.759765625
6300 1989.873413085938
6310 1299.928344726562
6320 1432.945922851562
6330 1508.208740234375
6340 1249.138061523438
6350 1480.55859375
6360 2400.154052734375
6370 2181.293212890625
6380 3016.39990234375
6390 2238.98779296875
6400 7950.69189453125
6410 8834.5986328125
6420 4951.85595703125
6430 3825.951904296875
6440 6952.90087890625
6450 4029.031494140625
6460 2522.01513671875
6470 2978.5
6480 2048.580078125
6490 1899.193481445312
6500 3006.129638671875
6510 2070.8369140625
6520 2421.696533203125
6530 2563.6103515625
6540 2221.6376953125
6550 2219.35693359375
6560 1799.202514648438
6570 2968.193359375
6580 1381.0107421875
6590 1449.195678710938
6600 2595.468505859375
6610 3469.856689453125
6620 1717.0703125
6630 1974.715454101562
6640 2007.91064453125
6650 2448.116455078125
6660 4544.4052734375
6670 2359.76123046875
6680 899.2046508789062
6690 1362.452392578125
6700 1781.278686523438
6710 3306.420654296875
6720 2918.727294921875
6730 2556.190185546875
6740 2652.70654296875
6750 1844.865234375
6760 3420.341796875
