"Time Step" "point-ho-a"
20210 5.806691115139984e-05
20220 5.80435516894795e-05
20230 5.802224040962756e-05
20240 5.800301369163208e-05
20250 5.798545680590905e-05
20260 5.796882032882422e-05
20270 5.795273318653926e-05
20280 5.793716991320252e-05
20290 5.792258161818609e-05
20300 5.79092484258581e-05
20310 5.7896992075257e-05
20320 5.788549606222659e-05
20330 5.78743674850557e-05
20340 5.786233305116184e-05
20350 5.784865425084718e-05
20360 5.78330218559131e-05
20370 5.78151666559279e-05
20380 5.779489947599359e-05
20390 5.777228579972871e-05
20400 5.774787132395431e-05
20410 5.772208533016965e-05
20420 5.769530980614945e-05
20430 5.766774484072812e-05
20440 5.763957960880361e-05
20450 5.761114152846858e-05
20460 5.758295083069243e-05
20470 5.755569509346969e-05
20480 5.752961806138046e-05
20490 5.75047561142128e-05
20500 5.748099283664487e-05
20510 5.745820453739725e-05
20520 5.743595465901308e-05
20530 5.741423228755593e-05
20540 5.739283733419143e-05
20550 5.737144238082692e-05
20560 5.734976002713665e-05
20570 5.732747740694322e-05
20580 5.730446719098836e-05
20590 5.728084579459392e-05
20600 5.725707524106838e-05
20610 5.723342837882228e-05
20620 5.720955959986895e-05
20630 5.718479224015027e-05
20640 5.715844599762931e-05
20650 5.712993151973933e-05
20660 5.709866672987118e-05
20670 5.706437877961434e-05
20680 5.702686758013442e-05
20690 5.698580207535997e-05
20700 5.694094579666853e-05
20710 5.689251702278852e-05
20720 5.684137067873962e-05
20730 5.678845263901167e-05
20740 5.673485065926798e-05
20750 5.668205267284065e-05
20760 5.663144838763401e-05
20770 5.658428563037887e-05
20780 5.654168126056902e-05
20790 5.650417369906791e-05
20800 5.647217039950192e-05
20810 5.644606426358223e-05
20820 5.642599717248231e-05
20830 5.641204188577831e-05
20840 5.640430026687682e-05
20850 5.64025467610918e-05
20860 5.640637391479686e-05
20870 5.641536336042918e-05
20880 5.642939868266694e-05
20890 5.64484616916161e-05
20900 5.647243233397603e-05
20910 5.650091770803556e-05
20920 5.653345579048619e-05
20930 5.656963548972271e-05
20940 5.660906390403397e-05
20950 5.665145363309421e-05
20960 5.669630627380684e-05
20970 5.674303247360513e-05
20980 5.679114474332891e-05
20990 5.684040297637694e-05
21000 5.689073441317305e-05
21010 5.694224455510266e-05
21020 5.699502071365714e-05
21030 5.7049015595112e-05
21040 5.710388722945936e-05
21050 5.715949737350456e-05
21060 5.721567504224367e-05
21070 5.727221287088469e-05
21080 5.732934369007125e-05
21090 5.738726758863777e-05
21100 5.744608642999083e-05
21110 5.750668788095936e-05
21120 5.75697049498558e-05
21130 5.763489389210008e-05
21140 5.770217467215843e-05
21150 5.777188198408112e-05
21160 5.784449240309186e-05
21170 5.792044612462632e-05
21180 5.799985956400633e-05
21190 5.808276910101995e-05
21200 5.816919656354003e-05
21210 5.825913103763014e-05
21220 5.835251431562938e-05
21230 5.844931365572847e-05
21240 5.854944538441487e-05
21250 5.865348430234008e-05
21260 5.876242357771844e-05
21270 5.88770599279087e-05
21280 5.8998070016969e-05
21290 5.912598862778395e-05
21300 5.926106314291246e-05
21310 5.940308255958371e-05
21320 5.955160668236203e-05
21330 5.970557322143577e-05
21340 5.986364340060391e-05
21350 6.002468944643624e-05
21360 6.01878527959343e-05
21370 6.035233673173934e-05
21380 6.051749005564488e-05
21390 6.068277070880868e-05
21400 6.084728374844417e-05
21410 6.100997416069731e-05
21420 6.11700234003365e-05
21430 6.13270458416082e-05
21440 6.148075044620782e-05
21450 6.163148646010086e-05
21460 6.177942850627005e-05
21470 6.192381988512352e-05
21480 6.206367106642574e-05
21490 6.219777424121276e-05
21500 6.232506711967289e-05
21510 6.244501128094271e-05
21520 6.255724292714149e-05
21530 6.266139826038852e-05
21540 6.275755731621757e-05
21550 6.28458583378233e-05
21560 6.292652687989175e-05
21570 6.299955566646531e-05
21580 6.306471186690032e-05
21590 6.312159530352801e-05
21600 6.316980579867959e-05
21610 6.320903776213527e-05
21620 6.323903653537855e-05
21630 6.326012953650206e-05
21640 6.327262963168323e-05
21650 6.327698793029413e-05
21660 6.327408482320607e-05
21670 6.326547008939087e-05
21680 6.325236608972773e-05
21690 6.323571869870648e-05
21700 6.321620458038524e-05
21710 6.319488602457568e-05
21720 6.317263614619151e-05
21730 6.315026257652789e-05
21740 6.312828918453306e-05
21750 6.310699973255396e-05
21760 6.308685260592028e-05
21770 6.306827708613127e-05
21780 6.305161514319479e-05
21790 6.303692498477176e-05
21800 6.302385008893907e-05
21810 6.301207758951932e-05
21820 6.300117092905566e-05
21830 6.299083179328591e-05
21840 6.298090738710016e-05
21850 6.29710266366601e-05
21860 6.296073115663603e-05
21870 6.294922786764801e-05
21880 6.293610204011202e-05
21890 6.292152102105319e-05
21900 6.290555029409006e-05
21910 6.288829899858683e-05
21920 6.286981079028919e-05
21930 6.285031122388318e-05
21940 6.282958202064037e-05
21950 6.28071793471463e-05
21960 6.278249202296138e-05
21970 6.275481428019702e-05
21980 6.272362952586263e-05
21990 6.268891593208537e-05
22000 6.265120464377105e-05
22010 6.261107773752883e-05
22020 6.256911728996783e-05
22030 6.252581806620583e-05
22040 6.248172576306388e-05
22050 6.243740062927827e-05
22060 6.239380309125409e-05
22070 6.235176988411695e-05
22080 6.231198494788259e-05
22090 6.227489211596549e-05
22100 6.224081880645826e-05
22110 6.221001240191981e-05
22120 6.218234921107069e-05
22130 6.215767643880099e-05
22140 6.213568121893331e-05
22150 6.211611616890877e-05
22160 6.209888670127839e-05
22170 6.208362174220383e-05
22180 6.207019032444805e-05
22190 6.205880345078185e-05
22200 6.204973760759458e-05
22210 6.204300734680146e-05
22220 6.203843804541975e-05
22230 6.203578959684819e-05
22240 6.20347709627822e-05
22250 6.203503289725631e-05
22260 6.203619705047458e-05
22270 6.203783414093778e-05
22280 6.203930388437584e-05
22290 6.203993689268827e-05
22300 6.203929660841823e-05
22310 6.203737575560808e-05
22320 6.203458906384185e-05
22330 6.203147495398298e-05
22340 6.20288701611571e-05
22350 6.202785152709112e-05
22360 6.202972872415558e-05
22370 6.203533848747611e-05
22380 6.204498640727252e-05
22390 6.205882527865469e-05
22400 6.207707338035107e-05
22410 6.209983257576823e-05
22420 6.212662992766127e-05
22430 6.215697067091241e-05
22440 6.219094939297065e-05
22450 6.222834053914994e-05
22460 6.226848199730739e-05
22470 6.231103179743513e-05
22480 6.235550245037302e-05
22490 6.240170478122309e-05
22500 6.244964606594294e-05
22510 6.249901343835518e-05
22520 6.254935578908771e-05
22530 6.26002365606837e-05
22540 6.265132105909288e-05
22550 6.270218727877364e-05
22560 6.275227497098967e-05
22570 6.28010238870047e-05
22580 6.284781557042152e-05
22590 6.289251177804545e-05
22600 6.29351707175374e-05
22610 6.297601066762581e-05
22620 6.301521352725103e-05
22630 6.305252463789657e-05
22640 6.308800220722333e-05
22650 6.312198820523918e-05
22660 6.315486098174006e-05
22670 6.318694067886099e-05
22680 6.321869295788929e-05
22690 6.32502997177653e-05
22700 6.328167364699766e-05
22710 6.331316399155185e-05
22720 6.334471981972456e-05
22730 6.33761374047026e-05
22740 6.340757681755349e-05
22750 6.344031862681732e-05
22760 6.347544695017859e-05
22770 6.351398769766092e-05
22780 6.355642108246684e-05
22790 6.360286351991817e-05
22800 6.365346780512482e-05
22810 6.370839400915429e-05
22820 6.376780947903171e-05
22830 6.383163417922333e-05
22840 6.389999180100858e-05
22850 6.397320976248011e-05
22860 6.405190652003512e-05
22870 6.413651135517284e-05
22880 6.422721344279125e-05
22890 6.432466034311801e-05
22900 6.442952872021124e-05
22910 6.454214599216357e-05
22920 6.466257764259353e-05
22930 6.479022704297677e-05
22940 6.492457032436505e-05
22950 6.506501813419163e-05
22960 6.52113085379824e-05
22970 6.536303408211097e-05
22980 6.55196636216715e-05
22990 6.568044773302972e-05
23000 6.584460788872093e-05
23010 6.601135100936517e-05
23020 6.618015322601423e-05
23030 6.635062163695693e-05
23040 6.652210868196562e-05
23050 6.66944615659304e-05
23060 6.686776032438502e-05
23070 6.704156839987263e-05
23080 6.721509271301329e-05
23090 6.738770753145218e-05
23100 6.755903450539336e-05
23110 6.772874621674418e-05
23120 6.789618782931939e-05
23130 6.806060264352709e-05
23140 6.822169234510511e-05
23150 6.837907858425751e-05
23160 6.853247759863734e-05
23170 6.868162745377049e-05
23180 6.882613524794579e-05
23190 6.89654189045541e-05
23200 6.909888907102868e-05
23210 6.922608736203983e-05
23220 6.934678094694391e-05
23230 6.946086796233431e-05
23240 6.956823926884681e-05
23250 6.966917862882838e-05
23260 6.976407894399017e-05
23270 6.985418440308422e-05
23280 6.99407173669897e-05
23290 7.00241289450787e-05
23300 7.010515400907025e-05
23310 7.018562610028312e-05
23320 7.026685489108786e-05
23330 7.034900045255199e-05
23340 7.043212826829404e-05
23350 7.051638385746628e-05
23360 7.060234202072024e-05
23370 7.069059938658029e-05
23380 7.078167254803702e-05
23390 7.087599078658968e-05
23400 7.097371417330578e-05
23410 7.107449346221983e-05
23420 7.117736095096916e-05
23430 7.128177094273269e-05
23440 7.138717046473175e-05
23450 7.149299199227244e-05
23460 7.159831147873774e-05
23470 7.170226308517158e-05
23480 7.180481043178588e-05
23490 7.190609176177531e-05
23500 7.20056559657678e-05
23510 7.210264448076487e-05
23520 7.219589315354824e-05
23530 7.228471804410219e-05
23540 7.236826786538586e-05
23550 7.244574226206169e-05
23560 7.2517002990935e-05
23570 7.258235564222559e-05
23580 7.264199666678905e-05
23590 7.269595516845584e-05
23600 7.274492963915691e-05
23610 7.278934208443388e-05
23620 7.282965088961646e-05
23630 7.286613981705159e-05
23640 7.289896893780679e-05
23650 7.292850204976276e-05
23660 7.295555406017229e-05
23670 7.298109267139807e-05
23680 7.300584547920153e-05
23690 7.303021993720904e-05
23700 7.305445615202188e-05
23710 7.30785759515129e-05
23720 7.310228829737753e-05
23730 7.312533853109926e-05
23740 7.314748654607683e-05
23750 7.316843402804807e-05
23760 7.318781717913225e-05
23770 7.320500299101695e-05
23780 7.321952580241486e-05
23790 7.323163299588487e-05
23800 7.324146281462163e-05
23810 7.324884791160002e-05
23820 7.325342448893934e-05
23830 7.32548360247165e-05
23840 7.325233309529722e-05
23850 7.3245755629614e-05
23860 7.323490717681125e-05
23870 7.321972952922806e-05
23880 7.320044096559286e-05
23890 7.31770705897361e-05
23900 7.314933463931084e-05
23910 7.31174077372998e-05
23920 7.308198109967634e-05
23930 7.304368045879528e-05
23940 7.300313154701144e-05
23950 7.296105468412861e-05
23960 7.29183666408062e-05
23970 7.287556945811957e-05
23980 7.283307058969513e-05
23990 7.279107376234606e-05
24000 7.274981908267364e-05
13410 5.269806570140645e-05
13420 5.279218021314591e-05
13430 5.288716056384146e-05
13440 5.298234464135021e-05
13450 5.30774486833252e-05
13460 5.317226896295324e-05
13470 5.326582686393522e-05
13480 5.335691093932837e-05
13490 5.344421151676215e-05
13500 5.352687003323808e-05
13510 5.360425711842254e-05
13520 5.367601261241361e-05
13530 5.374208194552921e-05
13540 5.380288348533213e-05
13550 5.38587810297031e-05
13560 5.391015656641684e-05
13570 5.395709013100713e-05
13580 5.399946530815214e-05
13590 5.403695104178041e-05
13600 5.406927448348142e-05
13610 5.409649020293728e-05
13620 5.411838355939835e-05
13630 5.413459439296275e-05
13640 5.41447225259617e-05
13650 5.414858969743364e-05
13660 5.414618135546334e-05
13670 5.413790495367721e-05
13680 5.412444807006977e-05
13690 5.410597805166617e-05
13700 5.408276047091931e-05
13710 5.40557193744462e-05
13720 5.402567330747843e-05
13730 5.399329893407412e-05
13740 5.395906919147819e-05
13750 5.392339880927466e-05
13760 5.388678255258128e-05
13770 5.384960604715161e-05
13780 5.38123567821458e-05
13790 5.377579509513453e-05
13800 5.374070678954013e-05
13810 5.370731014409102e-05
13820 5.367515768739395e-05
13830 5.364438402466476e-05
13840 5.361494186217897e-05
13850 5.358656198950484e-05
13860 5.355882240110077e-05
13870 5.353107917471789e-05
13880 5.350337596610188e-05
13890 5.347569822333753e-05
13900 5.344788951333612e-05
13910 5.341945507097989e-05
13920 5.33901147719007e-05
13930 5.335955574992113e-05
13940 5.332707223715261e-05
13950 5.329226405592635e-05
13960 5.325519305188209e-05
13970 5.321566641214304e-05
13980 5.317362956702709e-05
13990 5.312911525834352e-05
14000 5.308249455993064e-05
14010 5.303435318637639e-05
14020 5.298532414599322e-05
14030 5.293596041155979e-05
14040 5.288700413075276e-05
14050 5.283917926135473e-05
14060 5.279357355902903e-05
14070 5.275143485050648e-05
14080 5.27135343872942e-05
14090 5.268036329653114e-05
14100 5.265244180918671e-05
14110 5.26303265360184e-05
14120 5.261421392788179e-05
14130 5.260383477434516e-05
14140 5.259877070784569e-05
14150 5.259849785943516e-05
14160 5.260254692984745e-05
14170 5.261039041215554e-05
14180 5.262178819975816e-05
14190 5.263661296339706e-05
14200 5.265446088742465e-05
14210 5.26750591234304e-05
14220 5.269800749374554e-05
14230 5.272282942314632e-05
14240 5.274884097161703e-05
14250 5.277547461446375e-05
14260 5.280241384753026e-05
14270 5.282957499730401e-05
14280 5.285697625367902e-05
14290 5.288470129016787e-05
14300 5.291302659315988e-05
14310 5.294240327202715e-05
14320 5.297348252497613e-05
14330 5.300713382894173e-05
14340 5.304442674969323e-05
14350 5.308627805789001e-05
14360 5.313339715939946e-05
14370 5.318631156114861e-05
14380 5.324423909769394e-05
14390 5.330635030986741e-05
14400 5.337254697224125e-05
14410 5.344200326362625e-05
14420 5.351360232452862e-05
14430 5.358625276130624e-05
14440 5.365909237298183e-05
14450 5.373115709517151e-05
14460 5.380160291679204e-05
14470 5.387007331592031e-05
14480 5.393653918872587e-05
14490 5.400100417318754e-05
14500 5.406338459579274e-05
14510 5.412352402345277e-05
14520 5.41811459697783e-05
14530 5.423595575848594e-05
14540 5.42877460247837e-05
14550 5.433618571260013e-05
14560 5.438067091745324e-05
14570 5.442088149720803e-05
14580 5.445671195047908e-05
14590 5.448827869258821e-05
14600 5.451587276184e-05
14610 5.453985431813635e-05
14620 5.456020153360441e-05
14630 5.45768671145197e-05
14640 5.458971281768754e-05
14650 5.459859312395565e-05
14660 5.46035407751333e-05
14670 5.460458123707213e-05
14680 5.460184183903039e-05
14690 5.459609383251518e-05
14700 5.458751547848806e-05
14710 5.457587030832656e-05
14720 5.456103463075124e-05
14730 5.454276106320322e-05
14740 5.452095865621231e-05
14750 5.449590389616787e-05
14760 5.446797149488702e-05
14770 5.443759800982662e-05
14780 5.440481618279591e-05
14790 5.436965147964656e-05
14800 5.433220212580636e-05
14810 5.429258453659713e-05
14820 5.425097333500162e-05
14830 5.420780144049786e-05
14840 5.416395288193598e-05
14850 5.41204099135939e-05
14860 5.407835124060512e-05
14870 5.403881004895084e-05
14880 5.400271766120568e-05
14890 5.397111453930847e-05
14900 5.394495019572787e-05
14910 5.392482489696704e-05
14920 5.39109569217544e-05
14930 5.390302976593375e-05
14940 5.390036676544696e-05
14950 5.390233127400279e-05
14960 5.390877049649134e-05
14970 5.391952436184511e-05
14980 5.393428364186548e-05
14990 5.395259722718038e-05
15000 5.397381028160453e-05
15010 5.399733345257118e-05
15020 5.402277747634798e-05
15030 5.404978583101183e-05
15040 5.407779462984763e-05
15050 5.410682933870703e-05
15060 5.413692997535691e-05
15070 5.416727799456567e-05
15080 5.419666558736935e-05
15090 5.422388494480401e-05
15100 5.424803021014668e-05
15110 5.426837014965713e-05
15120 5.428438089438714e-05
15130 5.429572411230765e-05
15140 5.430253077065572e-05
15150 5.430496457847767e-05
15160 5.430336750578135e-05
15170 5.429783777799457e-05
15180 5.428827353171073e-05
15190 5.427439100458287e-05
15200 5.425576091511175e-05
15210 5.423230322776362e-05
15220 5.420405796030536e-05
15230 5.417085412773304e-05
15240 5.413274993770756e-05
15250 5.409000004874542e-05
15260 5.404301555245183e-05
15270 5.399260408012196e-05
15280 5.393982064560987e-05
15290 5.38852546014823e-05
15300 5.382946983445436e-05
15310 5.377364868763834e-05
15320 5.371898078010418e-05
15330 5.366654295357876e-05
15340 5.361696821637452e-05
15350 5.357082773116417e-05
15360 5.352873631636612e-05
15370 5.349106504581869e-05
15380 5.345804311218672e-05
15390 5.342999429558404e-05
15400 5.340734787750989e-05
15410 5.3390373068396e-05
15420 5.33785205334425e-05
15430 5.337126276572235e-05
15440 5.336853791959584e-05
15450 5.336981848813593e-05
15460 5.337424227036536e-05
15470 5.338102710084058e-05
15480 5.338974733604118e-05
15490 5.340029383660294e-05
15500 5.341248834156431e-05
15510 5.342588337953202e-05
15520 5.343971497495659e-05
15530 5.345345562091097e-05
15540 5.346593025024049e-05
15550 5.347606202121824e-05
15560 5.348334161681123e-05
15570 5.348716513253748e-05
15580 5.348714694264345e-05
15590 5.348313788999803e-05
15600 5.347534897737205e-05
15610 5.34643477294594e-05
15620 5.345066892914474e-05
15630 5.343469820218161e-05
15640 5.341698488336988e-05
15650 5.339833296602592e-05
15660 5.337990296538919e-05
15670 5.336321191862226e-05
15680 5.334937668521889e-05
15690 5.333900116966106e-05
15700 5.333250010153279e-05
15710 5.33306592842564e-05
15720 5.333378067007288e-05
15730 5.334196612238884e-05
15740 5.335483001545072e-05
15750 5.337196489563212e-05
15760 5.339294511941262e-05
15770 5.34173559572082e-05
15780 5.344502642401494e-05
15790 5.347576006897725e-05
15800 5.350971696316265e-05
15810 5.35467806912493e-05
15820 5.358639464247972e-05
15830 5.362786396290176e-05
15840 5.36703628313262e-05
15850 5.371332372305915e-05
15860 5.375607725000009e-05
15870 5.379798676585779e-05
15880 5.383873212849721e-05
15890 5.387800774769858e-05
15900 5.391575177782215e-05
15910 5.395224434323609e-05
15920 5.398811845225282e-05
15930 5.402393071562983e-05
15940 5.406040509114973e-05
15950 5.409852383309044e-05
15960 5.41392328159418e-05
15970 5.41833505849354e-05
15980 5.423094989964738e-05
15990 5.428132135421038e-05
16000 5.433387195807882e-05
16010 5.43883434147574e-05
16020 5.444380803965032e-05
16030 5.449930904433131e-05
16040 5.455407881527208e-05
16050 5.460729880724102e-05
16060 5.465821595862508e-05
16070 5.470626638270915e-05
16080 5.475141733768396e-05
16090 5.479371611727402e-05
16100 5.483314453158528e-05
16110 5.486964437295683e-05
16120 5.490303010446951e-05
16130 5.493312710314058e-05
16140 5.495993536897004e-05
16150 5.498343671206385e-05
16160 5.500330007635057e-05
16170 5.501905252458528e-05
16180 5.503069041878916e-05
16190 5.50384575035423e-05
16200 5.504276123247109e-05
16210 5.50441509403754e-05
16220 5.50430704606697e-05
16230 5.503965076059103e-05
16240 5.503397915163077e-05
16250 5.502617568708956e-05
16260 5.501621490111575e-05
16270 5.500423139892519e-05
16280 5.499029066413641e-05
16290 5.497488382388838e-05
16300 5.495888035511598e-05
16310 5.494260403793305e-05
16320 5.492583295563236e-05
16330 5.490842522704042e-05
16340 5.489029717864469e-05
16350 5.487169255502522e-05
16360 5.48529060324654e-05
16370 5.483430868480355e-05
16380 5.481597690959461e-05
16390 5.479777973960154e-05
16400 5.477959348354489e-05
16410 5.476130900206044e-05
16420 5.474304998642765e-05
16430 5.472473640111275e-05
16440 5.470683390740305e-05
16450 5.469047391670756e-05
16460 5.467682058224455e-05
16470 5.46669471077621e-05
16480 5.466191578307189e-05
16490 5.466247603180818e-05
16500 5.466926086228341e-05
16510 5.468261952046305e-05
16520 5.470264295581728e-05
16530 5.472893099067733e-05
16540 5.476082878885791e-05
16550 5.479750689119101e-05
16560 5.483863424160518e-05
16570 5.488393799168989e-05
16580 5.493318531080149e-05
16590 5.498599784914404e-05
16600 5.504157161340117e-05
16610 5.509907350642607e-05
16620 5.515820157597773e-05
16630 5.521888306248002e-05
16640 5.528085966943763e-05
16650 5.534410229302011e-05
16660 5.540871279663406e-05
16670 5.547395267058164e-05
16680 5.553865048568696e-05
16690 5.560151839745231e-05
16700 5.566160689340904e-05
16710 5.571833025896922e-05
16720 5.577138654189184e-05
16730 5.582048106589355e-05
16740 5.586566112469882e-05
16750 5.590687214862555e-05
16760 5.594400136033073e-05
16770 5.597680501523428e-05
16780 5.600494114332832e-05
16790 5.602799137705006e-05
16800 5.604539546766318e-05
16810 5.605679689324461e-05
16820 5.606213744613342e-05
16830 5.606111153610982e-05
16840 5.605367186944932e-05
16850 5.60399639653042e-05
16860 5.602040982921608e-05
16870 5.599582073045895e-05
16880 5.596721894107759e-05
16890 5.593512469204143e-05
16900 5.590018554357812e-05
16910 5.58637002541218e-05
16920 5.582688754657283e-05
16930 5.579068965744227e-05
16940 5.575580507866107e-05
16950 5.572277223109268e-05
16960 5.569212225964293e-05
16970 5.56642007722985e-05
16980 5.563915692619048e-05
16990 5.561720172408968e-05
17000 5.559849887504242e-05
17010 5.558299017138779e-05
17020 5.556984615395777e-05
17030 5.555882671615109e-05
17040 5.554978270083666e-05
17050 5.554229937843047e-05
17060 5.553597657126375e-05
17070 5.553029768634588e-05
17080 5.5525335483253e-05
17090 5.552135917241685e-05
17100 5.55185106350109e-05
17110 5.551654976443388e-05
17120 5.551489448407665e-05
17130 5.551272261072882e-05
17140 5.550900459638797e-05
17150 5.550298374146223e-05
17160 5.549431807594374e-05
17170 5.548250555875711e-05
17180 5.546724059968255e-05
17190 5.54484358872287e-05
17200 5.542644794331864e-05
17210 5.540169877349399e-05
17220 5.537455945159309e-05
17230 5.534521551453508e-05
17240 5.531412534764968e-05
17250 5.528172550839372e-05
17260 5.524891821551137e-05
17270 5.52167693967931e-05
17280 5.518596663023345e-05
17290 5.515684097190388e-05
17300 5.512951611308381e-05
17310 5.510422488441691e-05
17320 5.508135654963553e-05
17330 5.506099114427343e-05
17340 5.504291402758099e-05
17350 5.502689964487217e-05
17360 5.501272244146094e-05
17370 5.500018232851289e-05
17380 5.498931932379492e-05
17390 5.49804863112513e-05
17400 5.497381425811909e-05
17410 5.496919402503408e-05
17420 5.496624362422153e-05
17430 5.496444646269083e-05
17440 5.496326775755733e-05
17450 5.496228914125822e-05
17460 5.496105222846381e-05
17470 5.495901132235304e-05
17480 5.495562436408363e-05
17490 5.495055665960535e-05
17500 5.494381184689701e-05
17510 5.493538628797978e-05
17520 5.492567652254365e-05
17530 5.491563570103608e-05
17540 5.490613693837076e-05
17550 5.489797331392765e-05
17560 5.489167597261257e-05
17570 5.488759779836982e-05
17580 5.488567330758087e-05
17590 5.488632814376615e-05
17600 5.488955866894685e-05
17610 5.489479735842906e-05
17620 5.490146213560365e-05
17630 5.490873445523903e-05
17640 5.491575939231552e-05
17650 5.492143827723339e-05
17660 5.492499622050673e-05
17670 5.492606942425482e-05
17680 5.492429045261815e-05
17690 5.491936099133454e-05
17700 5.491079718922265e-05
17710 5.489809336722828e-05
17720 5.488084207172506e-05
17730 5.485879228217527e-05
17740 5.48316675121896e-05
17750 5.479911487782374e-05
17760 5.476083970279433e-05
17770 5.471656186273322e-05
17780 5.466619768412784e-05
17790 5.460976535687223e-05
17800 5.454758502310142e-05
17810 5.447989315143786e-05
17820 5.440691893454641e-05
17830 5.432881880551577e-05
17840 5.424586197477765e-05
17850 5.415829218691215e-05
17860 5.406653872341849e-05
17870 5.397090353653766e-05
17880 5.387251076172106e-05
17890 5.377210618462414e-05
17900 5.366992627386935e-05
17910 5.356636393116787e-05
17920 5.346172474673949e-05
17930 5.335605601430871e-05
17940 5.324953963281587e-05
17950 5.314272493706085e-05
17960 5.303634316078387e-05
17970 5.293100184644572e-05
17980 5.282703205011785e-05
17990 5.272524867905304e-05
18000 5.26262738276273e-05
18010 5.253061317489482e-05
18020 5.243858322501183e-05
18030 5.235088974586688e-05
18040 5.226837311056443e-05
18050 5.219211743678898e-05
18060 5.212342875893228e-05
18070 5.206328933127224e-05
18080 5.201269232202321e-05
18090 5.197257996769622e-05
18100 5.194351251702756e-05
18110 5.192570097278804e-05
18120 5.191912350710481e-05
18130 5.192328171688132e-05
18140 5.193720426177606e-05
18150 5.196008714847267e-05
18160 5.199142469791695e-05
18170 5.203068576520309e-05
18180 5.207732829148881e-05
18190 5.21307265444193e-05
18200 5.219009835855104e-05
18210 5.225474887993187e-05
18220 5.232423427514732e-05
18230 5.239809252088889e-05
18240 5.247579247225076e-05
18250 5.255726500763558e-05
18260 5.264252831693739e-05
18270 5.273074566503055e-05
18280 5.28206983290147e-05
18290 5.291107299854048e-05
18300 5.300080374581739e-05
18310 5.308917025104165e-05
18320 5.317573959473521e-05
18330 5.32602280145511e-05
18340 5.334272282198071e-05
18350 5.34233040525578e-05
18360 5.350192805053666e-05
18370 5.357833651942201e-05
18380 5.365215838537551e-05
18390 5.372306259232573e-05
18400 5.37905543751549e-05
18410 5.385430267779157e-05
18420 5.391427112044767e-05
18430 5.397036875365302e-05
18440 5.402265014708973e-05
18450 5.407149728853256e-05
18460 5.411740858107805e-05
18470 5.416110434453003e-05
18480 5.42034104000777e-05
18490 5.424470873549581e-05
18500 5.428546137409285e-05
18510 5.432646139524877e-05
18520 5.436860010377131e-05
18530 5.441253597382456e-05
18540 5.445847273222171e-05
18550 5.45064831385389e-05
18560 5.45566545042675e-05
18570 5.460882675834e-05
18580 5.466268339660019e-05
18590 5.471801705425605e-05
18600 5.477458398672752e-05
18610 5.483218774315901e-05
18620 5.488990063895471e-05
18630 5.49470423720777e-05
18640 5.500329643837176e-05
18650 5.505810622707941e-05
18660 5.511043855221942e-05
18670 5.515970042324625e-05
18680 5.520575723494403e-05
18690 5.524888911168091e-05
18700 5.528940164367668e-05
18710 5.532729483093135e-05
18720 5.536211028811522e-05
18730 5.539358608075418e-05
18740 5.542092912946828e-05
18750 5.5443357268814e-05
18760 5.546050670091063e-05
18770 5.547199543798342e-05
18780 5.547761975321919e-05
18790 5.547739783651195e-05
18800 5.547176624531858e-05
18810 5.54613143322058e-05
18820 5.544655869016424e-05
18830 5.542774306377396e-05
18840 5.54051912331488e-05
18850 5.53793361177668e-05
18860 5.535097807296552e-05
18870 5.532145587494597e-05
18880 5.529164263862185e-05
18890 5.526209133677185e-05
18900 5.523306754184887e-05
18910 5.520497870747931e-05
18920 5.517786848940887e-05
18930 5.515215161722153e-05
18940 5.512800271390006e-05
18950 5.510544360731728e-05
18960 5.50844706594944e-05
18970 5.506501838681288e-05
18980 5.504731234395877e-05
18990 5.503166175913066e-05
19000 5.501871419255622e-05
19010 5.500886254594661e-05
19020 5.500185579876415e-05
19030 5.499714097823016e-05
19040 5.499411054188386e-05
19050 5.499227336258627e-05
19060 5.499117833096534e-05
19070 5.499041435541585e-05
19080 5.498959581018426e-05
19090 5.498818791238591e-05
19100 5.498599421116523e-05
19110 5.498328391695395e-05
19120 5.498059908859432e-05
19130 5.497870370163582e-05
19140 5.497813981492072e-05
19150 5.497978054336272e-05
19160 5.498471728060395e-05
19170 5.499379403772764e-05
19180 5.500741463038139e-05
19190 5.502581916516647e-05
19200 5.504855653271079e-05
19210 5.507538298843428e-05
19220 5.510615665116347e-05
19230 5.514030635822564e-05
19240 5.517753743333742e-05
19250 5.52172350580804e-05
19260 5.525858796318062e-05
19270 5.530106864171103e-05
19280 5.534439696930349e-05
19290 5.5388365581166e-05
19300 5.543242150451988e-05
19310 5.547594628296793e-05
19320 5.55182559764944e-05
19330 5.555880852625705e-05
19340 5.559731289395131e-05
19350 5.563357990467921e-05
19360 5.566713662119582e-05
19370 5.569733184529468e-05
19380 5.572384179686196e-05
19390 5.574661554419436e-05
19400 5.576579860644415e-05
19410 5.578168929787353e-05
19420 5.579461867455393e-05
19430 5.580459401244298e-05
19440 5.581161167356186e-05
19450 5.58159445063211e-05
19460 5.581786172115244e-05
19470 5.581748700933531e-05
19480 5.58152787561994e-05
19490 5.581180084845982e-05
19500 5.58079918846488e-05
19510 5.580495053436607e-05
19520 5.580295328400098e-05
19530 5.580194556387141e-05
19540 5.580214929068461e-05
19550 5.580408469540998e-05
19560 5.58082465431653e-05
19570 5.581525329034775e-05
19580 5.582541416515596e-05
19590 5.583882739301771e-05
19600 5.585551843978465e-05
19610 5.587541090790182e-05
19620 5.589838474406861e-05
19630 5.592426168732345e-05
19640 5.595297989202663e-05
19650 5.598542702500708e-05
19660 5.602263263426721e-05
19670 5.606528793578036e-05
19680 5.611417509499006e-05
19690 5.616982525680214e-05
19700 5.623253673547879e-05
19710 5.630238956655376e-05
19720 5.637930007651448e-05
19730 5.64625152037479e-05
19740 5.655087807099335e-05
19750 5.664340278599411e-05
19760 5.673933628713712e-05
19770 5.683804556610994e-05
19780 5.693898856407031e-05
19790 5.704173963749781e-05
19800 5.7145458413288e-05
19810 5.724915172322653e-05
19820 5.735213926527649e-05
19830 5.745426096837036e-05
19840 5.755539677920751e-05
19850 5.765540117863566e-05
19860 5.77541213715449e-05
19870 5.785083340015262e-05
19880 5.794448952656239e-05
19890 5.803373642265797e-05
19900 5.811766095575877e-05
19910 5.819582293042913e-05
19920 5.826786218676716e-05
19930 5.833348041051067e-05
19940 5.83926921535749e-05
19950 5.844574479851872e-05
19960 5.849286026204936e-05
19970 5.853404218214564e-05
19980 5.856909774593078e-05
19990 5.85975831199903e-05
20000 5.86190217291005e-05
20010 5.863293699803762e-05
20020 5.863943079020828e-05
20030 5.863859405508265e-05
20040 5.863038677489385e-05
20050 5.861524550709873e-05
20060 5.859357042936608e-05
20070 5.856638017576188e-05
20080 5.853485708939843e-05
20090 5.849968511029147e-05
20100 5.846152998856269e-05
20110 5.842147947987542e-05
20120 5.838051947648637e-05
20130 5.833958493894897e-05
20140 5.829920701216906e-05
20150 5.825989501317963e-05
20160 5.822211460326798e-05
20170 5.818623685627244e-05
20180 5.815254189656116e-05
20190 5.812135350424796e-05
20200 5.809275899082422e-05
6610 5.629743100143969e-05
6620 5.630228770314716e-05
6630 5.630782834487036e-05
6640 5.631393287330866e-05
6650 5.632042666547932e-05
6660 5.632732063531876e-05
6670 5.633469118038192e-05
6680 5.634266926790588e-05
6690 5.63511457585264e-05
6700 5.635966954287142e-05
6710 5.636744026560336e-05
6720 5.637398135149851e-05
6730 5.637893627863377e-05
6740 5.638210859615356e-05
6750 5.638365109916776e-05
6760 5.638388392981142e-05
6770 5.638318179990165e-05
6780 5.638162110699341e-05
6790 5.637935464619659e-05
6800 5.637606591335498e-05
6810 5.637152935378253e-05
6820 5.636598871205933e-05
6830 5.63604808121454e-05
6840 5.635643901769072e-05
6850 5.635526395053603e-05
6860 5.635842171614058e-05
6870 5.636699279421009e-05
6880 5.638190486934036e-05
6890 5.640417657559738e-05
6900 5.643427721224725e-05
6910 5.647228681482375e-05
6920 5.651815081364475e-05
6930 5.657158180838451e-05
6940 5.66323651582934e-05
6950 5.669989695888944e-05
6960 5.67736969969701e-05
6970 5.685300857294351e-05
6980 5.693674029316753e-05
6990 5.702389898942783e-05
7000 5.711312405765057e-05
7010 5.72030185139738e-05
7020 5.729218537453562e-05
7030 5.737970423069783e-05
7040 5.746456008637324e-05
7050 5.754668018198572e-05
7060 5.76262864342425e-05
7070 5.770298957941122e-05
7080 5.77760802116245e-05
7090 5.784480163129047e-05
7100 5.790848445030861e-05
7110 5.796681944048032e-05
7120 5.801976294605993e-05
7130 5.806768604088575e-05
7140 5.811129085486755e-05
7150 5.815136319142766e-05
7160 5.818873614771292e-05
7170 5.822411185363308e-05
7180 5.825794141856022e-05
7190 5.829040674143471e-05
7200 5.832153692608699e-05
7210 5.835158663103357e-05
7220 5.838049037265591e-05
7230 5.840781886945479e-05
7240 5.843313192599453e-05
7250 5.845611667609774e-05
7260 5.847634383826517e-05
7270 5.849374065292068e-05
7280 5.850850357091986e-05
7290 5.852048343513161e-05
7300 5.852989852428436e-05
7310 5.853742186445743e-05
7320 5.854362098034471e-05
7330 5.854910705238581e-05
7340 5.855436393176205e-05
7350 5.855950439581648e-05
7360 5.856463030795567e-05
7370 5.856966163264588e-05
7380 5.857453652424738e-05
7390 5.857953510712832e-05
7400 5.858473014086485e-05
7410 5.858975055161864e-05
7420 5.859379962203093e-05
7430 5.859659358975478e-05
7440 5.859797602170147e-05
7450 5.859743760083802e-05
7460 5.859462544322014e-05
7470 5.858937583980151e-05
7480 5.858168515260331e-05
7490 5.857180440216325e-05
7500 5.855917333974503e-05
7510 5.854336268384941e-05
7520 5.852365575265139e-05
7530 5.849951048730873e-05
7540 5.847053398611024e-05
7550 5.843702092533931e-05
7560 5.839976438437589e-05
7570 5.835945921717212e-05
7580 5.831673115608282e-05
7590 5.827235872857273e-05
7600 5.822738603455946e-05
7610 5.818259887746535e-05
7620 5.813858297187835e-05
7630 5.809568028780632e-05
7640 5.805425826110877e-05
7650 5.801466977573e-05
7660 5.797766061732545e-05
7670 5.794407115899958e-05
7680 5.791450530523434e-05
7690 5.788947964902036e-05
7700 5.786926340078935e-05
7710 5.785404573543929e-05
7720 5.784349195891991e-05
7730 5.783667802461423e-05
7740 5.783236338174902e-05
7750 5.782934022136033e-05
7760 5.782679363619536e-05
7770 5.782394873676822e-05
7780 5.782017251476645e-05
7790 5.781495201517828e-05
7800 5.78081417188514e-05
7810 5.779982166131958e-05
7820 5.779011553386226e-05
7830 5.777904880233109e-05
7840 5.776657053502277e-05
7850 5.775300451205112e-05
7860 5.773885277449153e-05
7870 5.772481381427497e-05
7880 5.771131327492185e-05
7890 5.769891140516847e-05
7900 5.768839037045836e-05
7910 5.768074697698466e-05
7920 5.767727998318151e-05
7930 5.767928814748302e-05
7940 5.768763003288768e-05
7950 5.770294956164435e-05
7960 5.772564327344298e-05
7970 5.775519093731418e-05
7980 5.779057391919196e-05
7990 5.783135929959826e-05
8000 5.787745976704173e-05
8010 5.792794763692655e-05
8020 5.798164056614041e-05
8030 5.80374471610412e-05
8040 5.80944397370331e-05
8050 5.815155964228325e-05
8060 5.820791920996271e-05
8070 5.826309643452987e-05
8080 5.831688395119272e-05
8090 5.836915443069302e-05
8100 5.841965685249306e-05
8110 5.846808198839426e-05
8120 5.851409514434636e-05
8130 5.855733252246864e-05
8140 5.859760130988434e-05
8150 5.863469414180145e-05
8160 5.86684764130041e-05
8170 5.869876622455195e-05
8180 5.872537803952582e-05
8190 5.874822454643436e-05
8200 5.876723298570141e-05
8210 5.878243246115744e-05
8220 5.879379386897199e-05
8230 5.8801186241908e-05
8240 5.880413664272055e-05
8250 5.880223761778325e-05
8260 5.879547461518086e-05
8270 5.878449155716226e-05
8280 5.876948853256181e-05
8290 5.875056740478612e-05
8300 5.872734254808165e-05
8310 5.869934830116108e-05
8320 5.866635910933837e-05
8330 5.862803664058447e-05
8340 5.858432268723845e-05
8350 5.853546463185921e-05
8360 5.848180444445461e-05
8370 5.842374230269343e-05
8380 5.836147465743124e-05
8390 5.829511428601108e-05
8400 5.822463208460249e-05
8410 5.81499480176717e-05
8420 5.807145498692989e-05
8430 5.799049540655687e-05
8440 5.790817886008881e-05
8450 5.782598600490019e-05
8460 5.774545934400521e-05
8470 5.766770482296124e-05
8480 5.759394116466865e-05
8490 5.75254853174556e-05
8500 5.746317765442654e-05
8510 5.740748747484758e-05
8520 5.735869490308687e-05
8530 5.731691999244504e-05
8540 5.72821227251552e-05
8550 5.725409573642537e-05
8560 5.723290814785287e-05
8570 5.721824345528148e-05
8580 5.720942135667428e-05
8590 5.720559420296922e-05
8600 5.720564149669372e-05
8610 5.720794797525741e-05
8620 5.721113120671362e-05
8630 5.721433262806386e-05
8640 5.721682828152552e-05
8650 5.72186618228443e-05
8660 5.722017158404924e-05
8670 5.722089190385304e-05
8680 5.72199460293632e-05
8690 5.72161479794886e-05
8700 5.720862827729434e-05
8710 5.719685213989578e-05
8720 5.71806012885645e-05
8730 5.716002488043159e-05
8740 5.713569407816976e-05
8750 5.710828918381594e-05
8760 5.707857781089842e-05
8770 5.70472220715601e-05
8780 5.701455665985122e-05
8790 5.698072709492408e-05
8800 5.694598439731635e-05
8810 5.6910612329375e-05
8820 5.687462908099405e-05
8830 5.683770723408088e-05
8840 5.679958849214017e-05
8850 5.675998181686737e-05
8860 5.671871258527972e-05
8870 5.667600271408446e-05
8880 5.663221963914111e-05
8890 5.658741793013178e-05
8900 5.654173219227232e-05
8910 5.649582453770563e-05
8920 5.645033888868056e-05
8930 5.640579547616653e-05
8940 5.636262358166277e-05
8950 5.632102693198249e-05
8960 5.628118742606603e-05
8970 5.62431596335955e-05
8980 5.620730007649399e-05
8990 5.617410351987928e-05
9000 5.614362089545466e-05
9010 5.611533924820833e-05
9020 5.60885964659974e-05
9030 5.606321064988151e-05
9040 5.603867248282768e-05
9050 5.601470184046775e-05
9060 5.599100040853955e-05
9070 5.596728442469612e-05
9080 5.594381218543276e-05
9090 5.592045272351243e-05
9100 5.58969950361643e-05
9110 5.587299528997391e-05
9120 5.584758400800638e-05
9130 5.582032827078365e-05
9140 5.579084972850978e-05
9150 5.575945397140458e-05
9160 5.572694499278441e-05
9170 5.569391942117363e-05
9180 5.566109757637605e-05
9190 5.562934893532656e-05
9200 5.559957935474813e-05
9210 5.557244003284723e-05
9220 5.554838207899593e-05
9230 5.552764559979551e-05
9240 5.551055073738098e-05
9250 5.549724664888345e-05
9260 5.548824992729351e-05
9270 5.548416811507195e-05
9280 5.548543049371801e-05
9290 5.549232810153626e-05
9300 5.55049191461876e-05
9310 5.552304719458334e-05
9320 5.554612653213553e-05
9330 5.557287295232527e-05
9340 5.560180943575688e-05
9350 5.56314189452678e-05
9360 5.566046456806362e-05
9370 5.568788037635386e-05
9380 5.571281872107647e-05
9390 5.573459566221572e-05
9400 5.575287286774255e-05
9410 5.576762487180531e-05
9420 5.577893898589537e-05
9430 5.578678610618226e-05
9440 5.579104617936537e-05
9450 5.579186472459696e-05
9460 5.578954005613923e-05
9470 5.578440323006362e-05
9480 5.57766470592469e-05
9490 5.576685725827701e-05
9500 5.575584509642795e-05
9510 5.574449460254982e-05
9520 5.57339662918821e-05
9530 5.572538429987617e-05
9540 5.571951987803914e-05
9550 5.571697693085298e-05
9560 5.571818110183813e-05
9570 5.572272857534699e-05
9580 5.572977534029633e-05
9590 5.573914313572459e-05
9600 5.575072646024637e-05
9610 5.576383045990951e-05
9620 5.577763658948243e-05
9630 5.579133721766993e-05
9640 5.580432116403244e-05
9650 5.581601362791844e-05
9660 5.582593803410418e-05
9670 5.583409438258968e-05
9680 5.58407191419974e-05
9690 5.584626705967821e-05
9700 5.585105100180954e-05
9710 5.585519102169201e-05
9720 5.585881444858387e-05
9730 5.58620085939765e-05
9740 5.586500992649235e-05
9750 5.586790575762279e-05
9760 5.587085979641415e-05
9770 5.587397026829422e-05
9780 5.587738996837288e-05
9790 5.588128988165408e-05
9800 5.588574640569277e-05
9810 5.589077773038298e-05
9820 5.589624925050884e-05
9830 5.59022773813922e-05
9840 5.590862201643176e-05
9850 5.591511580860242e-05
9860 5.592167508439161e-05
9870 5.592851812252775e-05
9880 5.593566311290488e-05
9890 5.59429572604131e-05
9900 5.594993126578629e-05
9910 5.595581751549616e-05
9920 5.596016490017064e-05
9930 5.596262781182304e-05
9940 5.596298433374614e-05
9950 5.596135088126175e-05
9960 5.595796028501354e-05
9970 5.595308903139085e-05
9980 5.594679532805458e-05
9990 5.593918831436895e-05
10000 5.592984962277114e-05
10010 5.591853187070228e-05
10020 5.590543878497556e-05
10030 5.589153442997485e-05
10040 5.587836130871437e-05
10050 5.586740007856861e-05
10060 5.586003317148425e-05
10070 5.58574465685524e-05
10080 5.586065890383907e-05
10090 5.587074338109232e-05
10100 5.588819112745114e-05
10110 5.591330045717768e-05
10120 5.594623507931828e-05
10130 5.598691495833918e-05
10140 5.603510362561792e-05
10150 5.609025538433343e-05
10160 5.615172267425805e-05
10170 5.621853051707149e-05
10180 5.628954022540711e-05
10190 5.636375863105059e-05
10200 5.643991971737705e-05
10210 5.651676474371925e-05
10220 5.659309681504965e-05
10230 5.666813376592472e-05
10240 5.674100975738838e-05
10250 5.681166658177972e-05
10260 5.688039163942449e-05
10270 5.694681749446318e-05
10280 5.701024201698601e-05
10290 5.70698975934647e-05
10300 5.712504935218021e-05
10310 5.717530802940018e-05
10320 5.722052810597233e-05
10330 5.726086601498537e-05
10340 5.729692202294245e-05
10350 5.732927820645273e-05
10360 5.73585566598922e-05
10370 5.738522668252699e-05
10380 5.740960114053451e-05
10390 5.743169822380878e-05
10400 5.745149246649817e-05
10410 5.746921669924632e-05
10420 5.748473995481618e-05
10430 5.749763658968732e-05
10440 5.750736090703867e-05
10450 5.751360731665045e-05
10460 5.751595745095983e-05
10470 5.751441494794562e-05
10480 5.750917625846341e-05
10490 5.75001395191066e-05
10500 5.748754119849764e-05
10510 5.74719779251609e-05
10520 5.745419548475184e-05
10530 5.743479778175242e-05
10540 5.74141631659586e-05
10550 5.739248808822595e-05
10560 5.736991806770675e-05
10570 5.73465003981255e-05
10580 5.732244972023182e-05
10590 5.729832628276199e-05
10600 5.727436655433849e-05
10610 5.725025766878389e-05
10620 5.722514833905734e-05
10630 5.719876207876951e-05
10640 5.717076783184893e-05
10650 5.714068174711429e-05
10660 5.71082673559431e-05
10670 5.707332093152218e-05
10680 5.703616261598654e-05
10690 5.699687244486995e-05
10700 5.695515574188903e-05
10710 5.691067053703591e-05
10720 5.686283839168027e-05
10730 5.681122638634406e-05
10740 5.675564170815051e-05
10750 5.669649908668362e-05
10760 5.66346752748359e-05
10770 5.657078872900456e-05
10780 5.650548337143846e-05
10790 5.643951226375066e-05
10800 5.637374124489725e-05
10810 5.630891246255487e-05
10820 5.624557525152341e-05
10830 5.618390787276439e-05
10840 5.612406312138774e-05
10850 5.60660264454782e-05
10860 5.601017619483173e-05
10870 5.595688344328664e-05
10880 5.590630462393165e-05
10890 5.58585197723005e-05
10900 5.581335062743165e-05
10910 5.577056072070263e-05
10920 5.572957525146194e-05
10930 5.568931010202505e-05
10940 5.564856110140681e-05
10950 5.560631689149886e-05
10960 5.556186442845501e-05
10970 5.551456706598401e-05
10980 5.546399188460782e-05
10990 5.540971687878482e-05
11000 5.535150921787135e-05
11010 5.528939072974026e-05
11020 5.52233868802432e-05
11030 5.515348311746493e-05
11040 5.507959212991409e-05
11050 5.500205952557735e-05
11060 5.492138734553009e-05
11070 5.483821223606355e-05
11080 5.475300349644385e-05
11090 5.466663424158469e-05
11100 5.458018858917058e-05
11110 5.449472882901318e-05
11120 5.441175380838104e-05
11130 5.433279511635192e-05
11140 5.425907875178382e-05
11150 5.419167428044602e-05
11160 5.413133112597279e-05
11170 5.407822754932567e-05
11180 5.403149407356977e-05
11190 5.399086876423098e-05
11200 5.395621337811463e-05
11210 5.392677849158645e-05
11220 5.390168007579632e-05
11230 5.388003410189413e-05
11240 5.386106568039395e-05
11250 5.384399992180988e-05
11260 5.382812742027454e-05
11270 5.381324444897473e-05
11280 5.379931826610118e-05
11290 5.37865525984671e-05
11300 5.377512206905521e-05
11310 5.376507033361122e-05
11320 5.375642285798676e-05
11330 5.374912507249974e-05
11340 5.374317697715014e-05
11350 5.373852400225587e-05
11360 5.373522071749903e-05
11370 5.373329622671008e-05
11380 5.373273597797379e-05
11390 5.373358362703584e-05
11400 5.373594103730284e-05
11410 5.37397718289867e-05
11420 5.374506508815102e-05
11430 5.375193359213881e-05
11440 5.376011540647596e-05
11450 5.376935587264597e-05
11460 5.377955676522106e-05
11470 5.379080175771378e-05
11480 5.380315997172147e-05
11490 5.381628579925746e-05
11500 5.382956078392453e-05
11510 5.384223186410964e-05
11520 5.38536551175639e-05
11530 5.386327757150866e-05
11540 5.387071360019036e-05
11550 5.387588680605404e-05
11560 5.387885175878182e-05
11570 5.387973578763194e-05
11580 5.38784297532402e-05
11590 5.387486453400925e-05
11600 5.386853808886372e-05
11610 5.385925396694802e-05
11620 5.384715404943563e-05
11630 5.383304960560054e-05
11640 5.381798837333918e-05
11650 5.380318179959431e-05
11660 5.378995047067292e-05
11670 5.37792693648953e-05
11680 5.377216439228505e-05
11690 5.376968692871742e-05
11700 5.377258639782667e-05
11710 5.378109199227765e-05
11720 5.379532376537099e-05
11730 5.381516166380607e-05
11740 5.384038377087563e-05
11750 5.387057899497449e-05
11760 5.390561273088679e-05
11770 5.394523759605363e-05
11780 5.398909706855193e-05
11790 5.403676186688244e-05
11800 5.408714787336066e-05
11810 5.413904364104383e-05
11820 5.419120861915872e-05
11830 5.424296614364721e-05
11840 5.429368320619687e-05
11850 5.43434580322355e-05
11860 5.439268352347426e-05
11870 5.444088310468942e-05
11880 5.448724186862819e-05
11890 5.453079575090669e-05
11900 5.45707625860814e-05
11910 5.460668762680143e-05
11920 5.463837078423239e-05
11930 5.466596121550538e-05
11940 5.468995004775934e-05
11950 5.471087570185773e-05
11960 5.472944030771032e-05
11970 5.474618956213817e-05
11980 5.476152364281006e-05
11990 5.477555168909021e-05
12000 5.478854291141033e-05
12010 5.48008392797783e-05
12020 5.481252082972787e-05
12030 5.482327105710283e-05
12040 5.483267523231916e-05
12050 5.48404386790935e-05
12060 5.484626308316365e-05
12070 5.485019210027531e-05
12080 5.485235305968672e-05
12090 5.485260771820322e-05
12100 5.485115616465919e-05
12110 5.484830762725323e-05
12120 5.484465873450972e-05
12130 5.484070061356761e-05
12140 5.48367461306043e-05
12150 5.483304994413629e-05
12160 5.482977576320991e-05
12170 5.482708002091385e-05
12180 5.482526103151031e-05
12190 5.482498090714216e-05
12200 5.482659616973251e-05
12210 5.482992855831981e-05
12220 5.483425047714263e-05
12230 5.483933637151495e-05
12240 5.484477878781036e-05
12250 5.485013389261439e-05
12260 5.485504880198278e-05
12270 5.485901419888251e-05
12280 5.486210648086853e-05
12290 5.486424925038591e-05
12300 5.486494046635926e-05
12310 5.486360169015825e-05
12320 5.485965448315255e-05
12330 5.485247311298735e-05
12340 5.48415700905025e-05
12350 5.482687993207946e-05
12360 5.480883555719629e-05
12370 5.478761522681452e-05
12380 5.476340811583214e-05
12390 5.473643250297755e-05
12400 5.470717951538973e-05
12410 5.467624941957183e-05
12420 5.464426430989988e-05
12430 5.461165710585192e-05
12440 5.457880615722388e-05
12450 5.454597703646868e-05
12460 5.451396282296628e-05
12470 5.448353840620257e-05
12480 5.445511123980395e-05
12490 5.442883048090152e-05
12500 5.440473614726216e-05
12510 5.438306470750831e-05
12520 5.436376522993669e-05
12530 5.434624472400174e-05
12540 5.432962279883213e-05
12550 5.431304816738702e-05
12560 5.429566590464674e-05
12570 5.427678479463793e-05
12580 5.425590643426403e-05
12590 5.423259062808938e-05
12600 5.420662637334317e-05
12610 5.417783540906385e-05
12620 5.414613406173885e-05
12630 5.411134770838544e-05
12640 5.407314893091097e-05
12650 5.403160685091279e-05
12660 5.39871325599961e-05
12670 5.394010804593563e-05
12680 5.389100260799751e-05
12690 5.384043106460012e-05
12700 5.378907371778041e-05
12710 5.37375635758508e-05
12720 5.368701749830507e-05
12730 5.363875243347138e-05
12740 5.359400165616535e-05
12750 5.355373286874965e-05
12760 5.351862637326121e-05
12770 5.348836202756502e-05
12780 5.346233956515789e-05
12790 5.344031524145976e-05
12800 5.342155782273039e-05
12810 5.340513598639518e-05
12820 5.339007111615501e-05
12830 5.337539550964721e-05
12840 5.336030517355539e-05
12850 5.334383968147449e-05
12860 5.332534419721924e-05
12870 5.330462226993404e-05
12880 5.328170300344937e-05
12890 5.325688107404858e-05
12900 5.323039295035414e-05
12910 5.32023623236455e-05
12920 5.317295654094778e-05
12930 5.314226291375235e-05
12940 5.31102305103559e-05
12950 5.307673563947901e-05
12960 5.304167643771507e-05
12970 5.300487828208134e-05
12980 5.296637755236588e-05
12990 5.29264762008097e-05
13000 5.28855889569968e-05
13010 5.284389408188872e-05
13020 5.280134064378217e-05
13030 5.27581105416175e-05
13040 5.271413465379737e-05
13050 5.266934749670327e-05
13060 5.262402919470333e-05
13070 5.257832890492864e-05
13080 5.253293056739494e-05
13090 5.24881761521101e-05
13100 5.244395288173109e-05
13110 5.240014070295729e-05
13120 5.235656863078475e-05
13130 5.231306568020955e-05
13140 5.22698464919813e-05
13150 5.222733670962043e-05
13160 5.218604928813875e-05
13170 5.21464753546752e-05
13180 5.2108818636043e-05
13190 5.207310459809378e-05
13200 5.203940236242488e-05
13210 5.200774103286676e-05
13220 5.197834980208427e-05
13230 5.195203993935138e-05
13240 5.192981916479766e-05
13250 5.191277159610763e-05
13260 5.190203955862671e-05
13270 5.189848889131099e-05
13280 5.19030072609894e-05
13290 5.191655873204581e-05
13300 5.193974720896222e-05
13310 5.197267819312401e-05
13320 5.201511521590874e-05
13330 5.206642526900396e-05
13340 5.212579344515689e-05
13350 5.219215381657705e-05
13360 5.22649752383586e-05
13370 5.23435664945282e-05
13380 5.242709812591784e-05
13390 5.251470065559261e-05
13400 5.260534817352891e-05
0 4.693496157415211e-05
10 4.693346272688359e-05
20 4.693573646363802e-05
30 4.69410624646116e-05
40 4.694960807682946e-05
50 4.696174801210873e-05
60 4.697787881013937e-05
70 4.69980550406035e-05
80 4.702205478679389e-05
90 4.704948514699936e-05
100 4.707991320174187e-05
110 4.711278597824275e-05
120 4.714752503787167e-05
130 4.718380296253599e-05
140 4.7221255954355e-05
150 4.725931285065599e-05
160 4.729735883302055e-05
170 4.733479727292433e-05
180 4.737123890663497e-05
190 4.740647636936046e-05
200 4.744049147120677e-05
210 4.747303682961501e-05
220 4.750378866447136e-05
230 4.753251414513215e-05
240 4.755908230436035e-05
250 4.758346403832547e-05
260 4.760564843309112e-05
270 4.762567550642416e-05
280 4.764358163811266e-05
290 4.765945777762681e-05
300 4.767323116539046e-05
310 4.768483267980628e-05
320 4.76943350804504e-05
330 4.77020803373307e-05
340 4.770864325109869e-05
350 4.771483872900717e-05
360 4.772164538735524e-05
370 4.773005639435723e-05
380 4.774073750013486e-05
390 4.775438355864026e-05
400 4.777113645104691e-05
410 4.779089795192704e-05
420 4.781408279086463e-05
430 4.784133852808736e-05
440 4.787381112691946e-05
450 4.791253013536334e-05
460 4.795851054950617e-05
470 4.801247632713057e-05
480 4.807495133718476e-05
490 4.814635030925274e-05
500 4.822686605621129e-05
510 4.831645856029354e-05
520 4.841514237341471e-05
530 4.852274287259206e-05
540 4.8638648877386e-05
550 4.876181264990009e-05
560 4.889107367489487e-05
570 4.902512591797858e-05
580 4.916288162348792e-05
590 4.930344584863633e-05
600 4.944565444020554e-05
610 4.958827776135877e-05
620 4.973015893483534e-05
630 4.987060310668312e-05
640 5.000900273444131e-05
650 5.014532143832184e-05
660 5.027974475524388e-05
670 5.041171243647113e-05
680 5.054031862528063e-05
690 5.066458834335208e-05
700 5.078367394162342e-05
710 5.0897135224659e-05
720 5.100493217469193e-05
730 5.110725032864138e-05
740 5.120445712236688e-05
750 5.12969636474736e-05
760 5.138510459801182e-05
770 5.146896000951529e-05
780 5.154840255272575e-05
790 5.162310844752938e-05
800 5.169250653125346e-05
810 5.175625483389013e-05
820 5.181390952202491e-05
830 5.18645829288289e-05
840 5.190715091885068e-05
850 5.194063123781234e-05
860 5.196414713282138e-05
870 5.197717837290838e-05
880 5.197971040615812e-05
890 5.197170685278252e-05
900 5.195379708311521e-05
910 5.192669777898118e-05
920 5.189137664274313e-05
930 5.184887777431868e-05
940 5.180003790883347e-05
950 5.174548277864233e-05
960 5.168579446035437e-05
970 5.162120942259207e-05
980 5.155209873919375e-05
990 5.147902629687451e-05
1000 5.140238863532431e-05
1010 5.13221493747551e-05
1020 5.123813753016293e-05
1030 5.114989471621811e-05
1040 5.105739910504781e-05
1050 5.096046152175404e-05
1060 5.085908196633682e-05
1070 5.0753395044012e-05
1080 5.064393189968541e-05
1090 5.053075437899679e-05
1100 5.041369149694219e-05
1110 5.029263411415741e-05
1120 5.016752766096033e-05
1130 5.003845217288472e-05
1140 4.990529487258755e-05
1150 4.976832497050054e-05
1160 4.962801904184744e-05
1170 4.948470086674206e-05
1180 4.933854143018834e-05
1190 4.918972626910545e-05
1200 4.90386228193529e-05
1210 4.888571129413322e-05
1220 4.873140642303042e-05
1230 4.857594831264578e-05
1240 4.841970803681761e-05
1250 4.826291478821076e-05
1260 4.810628888662905e-05
1270 4.795056884177029e-05
1280 4.779635492013767e-05
1290 4.764402547152713e-05
1300 4.74937551189214e-05
1310 4.734549293061718e-05
1320 4.719891148852184e-05
1330 4.705349056166597e-05
1340 4.690862624556758e-05
1350 4.676354001276195e-05
1360 4.661764251068234e-05
1370 4.647051173378713e-05
1380 4.63218784716446e-05
1390 4.617162994691171e-05
1400 4.602017725119367e-05
1410 4.586802242556587e-05
1420 4.571575846057385e-05
1430 4.556385465548374e-05
1440 4.541279486147687e-05
1450 4.526326665654778e-05
1460 4.511596489464864e-05
1470 4.497164263739251e-05
1480 4.483096563490108e-05
1490 4.469460691325366e-05
1500 4.456399619812146e-05
1510 4.444071601028554e-05
1520 4.43266035290435e-05
1530 4.422317579155788e-05
1540 4.413146962178871e-05
1550 4.405254003359005e-05
1560 4.39873147115577e-05
1570 4.393673589220271e-05
1580 4.390144385979511e-05
1590 4.388140223454684e-05
1600 4.387639637570828e-05
1610 4.388624802231789e-05
1620 4.391008042148314e-05
1630 4.394690040498972e-05
1640 4.399591125547886e-05
1650 4.40563635493163e-05
1660 4.412750058691017e-05
1670 4.420863479026593e-05
1680 4.429923501447774e-05
1690 4.439889744389802e-05
1700 4.450706546776928e-05
1710 4.462318247533403e-05
1720 4.474693196243607e-05
1730 4.487825935939327e-05
1740 4.50169354735408e-05
1750 4.516250191954896e-05
1760 4.531451850198209e-05
1770 4.547281423583627e-05
1780 4.56374473287724e-05
1790 4.580877066473477e-05
1800 4.598720261128619e-05
1810 4.617288868757896e-05
1820 4.636552330339327e-05
1830 4.656486635212786e-05
1840 4.677075048675761e-05
1850 4.698268821812235e-05
1860 4.719995195046067e-05
1870 4.742155215353705e-05
1880 4.764635377796367e-05
1890 4.787311627296731e-05
1900 4.810122845810838e-05
1910 4.832980994251557e-05
1920 4.855776205658913e-05
1930 4.878393519902602e-05
1940 4.900726708001457e-05
1950 4.92268918605987e-05
1960 4.944195825373754e-05
1970 4.965172047377564e-05
1980 4.985523264622316e-05
1990 5.005178900319152e-05
2000 5.024037091061473e-05
2010 5.041987606091425e-05
2020 5.058975875726901e-05
2030 5.074984437669627e-05
2040 5.090031118015759e-05
2050 5.10418030899018e-05
2060 5.117500404594466e-05
2070 5.130048521095887e-05
2080 5.1418744988041e-05
2090 5.153018719283864e-05
2100 5.163496825844049e-05
2110 5.173277895664796e-05
2120 5.182327004149556e-05
2130 5.190605588722974e-05
2140 5.198089638724923e-05
2150 5.204764602240175e-05
2160 5.210633753449656e-05
2170 5.215702549321577e-05
2180 5.219976083026268e-05
2190 5.223453626967967e-05
2200 5.226111534284428e-05
2210 5.227900692261755e-05
2220 5.228774534771219e-05
2230 5.228741065366194e-05
2240 5.22780537721701e-05
2250 5.226034409133717e-05
2260 5.223518746788613e-05
2270 5.220259845373221e-05
2280 5.21622205269523e-05
2290 5.211356619838625e-05
2300 5.205628258408979e-05
2310 5.199016959522851e-05
2320 5.191546733840369e-05
2330 5.183269968256354e-05
2340 5.174271427677013e-05
2350 5.164645335753448e-05
2360 5.154495011083782e-05
2370 5.143893577042036e-05
2380 5.13289742229972e-05
2390 5.121529102325439e-05
2400 5.109788980917074e-05
2410 5.097696339362301e-05
2420 5.085272277938202e-05
2430 5.072491330793127e-05
2440 5.059315299149603e-05
2450 5.045703801442869e-05
2460 5.031654291087762e-05
2470 5.017189687350765e-05
2480 5.002372563467361e-05
2490 4.987252759747207e-05
2500 4.971908128936775e-05
2510 4.956433258485049e-05
2520 4.940943108522333e-05
2530 4.925561734125949e-05
2540 4.910392453894019e-05
2550 4.895506572211161e-05
2560 4.880961205344647e-05
2570 4.866786184720695e-05
2580 4.853015343542211e-05
2590 4.839699613512494e-05
2600 4.826870645047165e-05
2610 4.814533167518675e-05
2620 4.802686453331262e-05
2630 4.791313403984532e-05
2640 4.780376548296772e-05
2650 4.769871520693414e-05
2660 4.759801231557503e-05
2670 4.750187144964002e-05
2680 4.741081647807732e-05
2690 4.732526213047095e-05
2700 4.724499012809247e-05
2710 4.716996772913262e-05
2720 4.709995118901134e-05
2730 4.703482409240678e-05
2740 4.69743536086753e-05
2750 4.691860885941423e-05
2760 4.686796455644071e-05
2770 4.682257713284343e-05
2780 4.678247205447406e-05
2790 4.674769661505707e-05
2800 4.671845454140566e-05
2810 4.669481859309599e-05
2820 4.667678513214923e-05
2830 4.666420500143431e-05
2840 4.665707456297241e-05
2850 4.665531741920859e-05
2860 4.665952292270958e-05
2870 4.667048415285535e-05
2880 4.668891779147089e-05
2890 4.671528586186469e-05
2900 4.674983938457444e-05
2910 4.679276389651932e-05
2920 4.684347732109018e-05
2930 4.690125933848321e-05
2940 4.696508403867483e-05
2950 4.703372542280704e-05
2960 4.710587381850928e-05
2970 4.718042691820301e-05
2980 4.725661710835993e-05
2990 4.733378591481596e-05
3000 4.741145676234737e-05
3010 4.748938226839527e-05
3020 4.756753696710803e-05
3030 4.764586628880352e-05
3040 4.77242938359268e-05
3050 4.780305607710034e-05
3060 4.788241494679824e-05
3070 4.796274151885882e-05
3080 4.804449417861179e-05
3090 4.812788392882794e-05
3100 4.821352922590449e-05
3110 4.830223406315781e-05
3120 4.83948206237983e-05
3130 4.849181641475298e-05
3140 4.859354521613568e-05
3150 4.870033444603905e-05
3160 4.881227141595446e-05
3170 4.892932338407263e-05
3180 4.905094829155132e-05
3190 4.917599289910868e-05
3200 4.93042025482282e-05
3210 4.943488602293655e-05
3220 4.956674092682078e-05
3230 4.969847577740438e-05
3240 4.982903556083329e-05
3250 4.995755443815142e-05
3260 5.008329389966093e-05
3270 5.020563548896462e-05
3280 5.032421177020296e-05
3290 5.043887358624488e-05
3300 5.054928260506131e-05
3310 5.065499863121659e-05
3320 5.075569060863927e-05
3330 5.085114753455855e-05
3340 5.094120933790691e-05
3350 5.102572322357446e-05
3360 5.110467100166716e-05
3370 5.11780999659095e-05
3380 5.124603558215313e-05
3390 5.13086088176351e-05
3400 5.136588151799515e-05
3410 5.141796282259747e-05
3420 5.14650164404884e-05
3430 5.150734432390891e-05
3440 5.154497557668947e-05
3450 5.157771010999568e-05
3460 5.160549335414544e-05
3470 5.162879824638367e-05
3480 5.164780668565072e-05
3490 5.166264236322604e-05
3500 5.167311974219047e-05
3510 5.16788313689176e-05
3520 5.167946073925123e-05
3530 5.16749314556364e-05
3540 5.166530536371283e-05
3550 5.16509244334884e-05
3560 5.163231617189012e-05
3570 5.161012813914567e-05
3580 5.158480780664831e-05
3590 5.155695544090122e-05
3600 5.152669837116264e-05
3610 5.149383650859818e-05
3620 5.145874820300378e-05
3630 5.142253212397918e-05
3640 5.138685082783923e-05
3650 5.135335231898353e-05
3660 5.132365913596004e-05
3670 5.129908822709695e-05
3680 5.128087286720984e-05
3690 5.127027543494478e-05
3700 5.126801261212677e-05
3710 5.127421536599286e-05
3720 5.12890619575046e-05
3730 5.131265425006859e-05
3740 5.134498860570602e-05
3750 5.138589767739177e-05
3760 5.14349558216054e-05
3770 5.149147909833118e-05
3780 5.155460894457065e-05
3790 5.162367597222328e-05
3800 5.169750147615559e-05
3810 5.17747103003785e-05
3820 5.185394547879696e-05
3830 5.193445758777671e-05
3840 5.20155081176199e-05
3850 5.209708615439013e-05
3860 5.217941725277342e-05
3870 5.226191569818184e-05
3880 5.234366108197719e-05
3890 5.242363840807229e-05
3900 5.250094181974418e-05
3910 5.257503653410822e-05
3920 5.264584251563065e-05
3930 5.271360350889154e-05
3940 5.27789889019914e-05
3950 5.284262806526385e-05
3960 5.290511035127565e-05
3970 5.296680683386512e-05
3980 5.302791396388784e-05
3990 5.308839899953455e-05
4000 5.314806548994966e-05
4010 5.320704440237023e-05
4020 5.326517566572875e-05
4030 5.332198634278029e-05
4040 5.337673792382702e-05
4050 5.342888107406907e-05
4060 5.347777550923638e-05
4070 5.352307562134229e-05
4080 5.356490873964503e-05
4090 5.360309296520427e-05
4100 5.363791206036694e-05
4110 5.367004268919118e-05
4120 5.370008875615895e-05
4130 5.372864688979462e-05
4140 5.375613909563981e-05
4150 5.37826563231647e-05
4160 5.38082531420514e-05
4170 5.383279494708404e-05
4180 5.385626354836859e-05
4190 5.387903365772218e-05
4200 5.390121805248782e-05
4210 5.392251841840334e-05
4220 5.394234540290199e-05
4230 5.395998960011639e-05
4240 5.397546556196176e-05
4250 5.39884676982183e-05
4260 5.399873407441191e-05
4270 5.400610825745389e-05
4280 5.401079397415742e-05
4290 5.401313319453038e-05
4300 5.401279122452252e-05
4310 5.400950976763852e-05
4320 5.400295776780695e-05
4330 5.399289875640534e-05
4340 5.397893619374372e-05
4350 5.396145206759684e-05
4360 5.394124673330225e-05
4370 5.391891681938432e-05
4380 5.389513535192236e-05
4390 5.38706335646566e-05
4400 5.384639007388614e-05
4410 5.38231797690969e-05
4420 5.380146467359737e-05
4430 5.378145579015836e-05
4440 5.376342596719041e-05
4450 5.374759348342195e-05
4460 5.373466774472035e-05
4470 5.372544910642318e-05
4480 5.372067244024947e-05
4490 5.372098894440569e-05
4500 5.372681334847584e-05
4510 5.373814565245993e-05
4520 5.375445107347332e-05
4530 5.37748092028778e-05
4540 5.379795038606972e-05
4550 5.382247036322951e-05
4560 5.384732867241837e-05
4570 5.387155397329479e-05
4580 5.389445504988544e-05
4590 5.391550075728446e-05
4600 5.393453102442436e-05
4610 5.395153493736871e-05
4620 5.396654159994796e-05
4630 5.397956556407735e-05
4640 5.399057772592641e-05
4650 5.39999091415666e-05
4660 5.400818190537393e-05
4670 5.401617454481311e-05
4680 5.402454917202704e-05
4690 5.403390969149768e-05
4700 5.404527109931223e-05
4710 5.405972842709161e-05
4720 5.407842036220245e-05
4730 5.410267476690933e-05
4740 5.413326289271936e-05
4750 5.417073771241121e-05
4760 5.421535024652258e-05
4770 5.426719872048125e-05
4780 5.432520993053913e-05
4790 5.438883454189636e-05
4800 5.445807255455293e-05
4810 5.45321345271077e-05
4820 5.46099545317702e-05
4830 5.469044845085591e-05
4840 5.477276135934517e-05
4850 5.485602014232427e-05
4860 5.49394462723285e-05
4870 5.502253770828247e-05
4880 5.510519986273721e-05
4890 5.518738180398941e-05
4900 5.526891982299276e-05
4910 5.534946467378177e-05
4920 5.542860890273005e-05
4930 5.550606510951184e-05
4940 5.55817132408265e-05
4950 5.56553241040092e-05
4960 5.572669397224672e-05
4970 5.579575008596294e-05
4980 5.586233965004794e-05
4990 5.592649904428981e-05
5000 5.598813731921837e-05
5010 5.604739271802828e-05
5020 5.610433800029568e-05
5030 5.615922418655828e-05
5040 5.621209857054055e-05
5050 5.626285201287828e-05
5060 5.631145904771984e-05
5070 5.635806155623868e-05
5080 5.64028050575871e-05
5090 5.644571137963794e-05
5100 5.648665319313295e-05
5110 5.65249974897597e-05
5120 5.656029679812491e-05
5130 5.659231464960612e-05
5140 5.662080002366565e-05
5150 5.664584750775248e-05
5160 5.666779907187447e-05
5170 5.668702578986995e-05
5180 5.670361497323029e-05
5190 5.671779217664152e-05
5200 5.672936094924808e-05
5210 5.673817577189766e-05
5220 5.674459316651337e-05
5230 5.674967542290688e-05
5240 5.675503052771091e-05
5250 5.676211003446952e-05
5260 5.67723618587479e-05
5270 5.678689922206104e-05
5280 5.680675894836895e-05
5290 5.68328432564158e-05
5300 5.686560325557366e-05
5310 5.690518810297363e-05
5320 5.695178333553486e-05
5330 5.700535257346928e-05
5340 5.706575393560342e-05
5350 5.713253631256521e-05
5360 5.720516128349118e-05
5370 5.728287578676827e-05
5380 5.73646611883305e-05
5390 5.744971713284031e-05
5400 5.753687946707942e-05
5410 5.762498403782956e-05
5420 5.771283758804202e-05
5430 5.779962157248519e-05
5440 5.788444104837254e-05
5450 5.796732875751331e-05
5460 5.804852116852999e-05
5470 5.81275780859869e-05
5480 5.820385558763519e-05
5490 5.82766551815439e-05
5500 5.834532930748537e-05
5510 5.840954327140935e-05
5520 5.846922431373969e-05
5530 5.852471440448426e-05
5540 5.857673386344686e-05
5550 5.862607940798625e-05
5560 5.867350046173669e-05
5570 5.87196191190742e-05
5580 5.876491559320129e-05
5590 5.880958633497357e-05
5600 5.885382415726781e-05
5610 5.889800013392232e-05
5620 5.894199784961529e-05
5630 5.898547897231765e-05
5640 5.90279269090388e-05
5650 5.906885780859739e-05
5660 5.910771142225713e-05
5670 5.914440407650545e-05
5680 5.917924136156216e-05
5690 5.921212505199946e-05
5700 5.924329525441863e-05
5710 5.927338861511089e-05
5720 5.930296174483374e-05
5730 5.933259672019631e-05
5740 5.936254456173629e-05
5750 5.939275797572918e-05
5760 5.942312054685317e-05
5770 5.945336670265533e-05
5780 5.948334001004696e-05
5790 5.951314597041346e-05
5800 5.954267544439062e-05
5810 5.957114626653492e-05
5820 5.959741247352213e-05
5830 5.962113209534436e-05
5840 5.964181036688387e-05
5850 5.965878517599776e-05
5860 5.967164543108083e-05
5870 5.967989636701532e-05
5880 5.968359255348332e-05
5890 5.968289769953117e-05
5900 5.967725519440137e-05
5910 5.9666192100849e-05
5920 5.96488025621511e-05
5930 5.962467184872366e-05
5940 5.959354530205019e-05
5950 5.955571759841405e-05
5960 5.951194907538593e-05
5970 5.946280725765973e-05
5980 5.940881601418369e-05
5990 5.935076478635892e-05
6000 5.928961036261171e-05
6010 5.922616765019484e-05
6020 5.916108420933597e-05
6030 5.909466563025489e-05
6040 5.902723569306545e-05
6050 5.89590854360722e-05
6060 5.889079693588428e-05
6070 5.8822835853789e-05
6080 5.875564238522202e-05
6090 5.868943117093295e-05
6100 5.862437683390453e-05
6110 5.85607485845685e-05
6120 5.849832450621761e-05
6130 5.843626422574744e-05
6140 5.83735600230284e-05
6150 5.830940062878653e-05
6160 5.824342224514112e-05
6170 5.817504643346183e-05
6180 5.81038257223554e-05
6190 5.802930172649212e-05
6200 5.795135439257137e-05
6210 5.787013651570305e-05
6220 5.778586273663677e-05
6230 5.769860581494868e-05
6240 5.760840576840565e-05
6250 5.751569187850691e-05
6260 5.742108623962849e-05
6270 5.732517092837952e-05
6280 5.722844070987776e-05
6290 5.713185601052828e-05
6300 5.703645729226992e-05
6310 5.694348146789707e-05
6320 5.685447104042396e-05
6330 5.67709794268012e-05
6340 5.669415986631066e-05
6350 5.662501280312426e-05
6360 5.656417852151208e-05
6370 5.651130777550861e-05
6380 5.64657493669074e-05
6390 5.642738324240781e-05
6400 5.639595110551454e-05
6410 5.637063441099599e-05
6420 5.635049819829874e-05
6430 5.63346256967634e-05
6440 5.632222382701002e-05
6450 5.631241219816729e-05
6460 5.630433588521555e-05
6470 5.629758015857078e-05
6480 5.629197767120786e-05
6490 5.628756116493605e-05
6500 5.628429789794609e-05
6510 5.62820459890645e-05
6520 5.628060534945689e-05
6530 5.627986320178024e-05
6540 5.627980499411933e-05
6550 5.628038707072847e-05
6560 5.628166400128976e-05
6570 5.628362123388797e-05
6580 5.628620419884101e-05
6590 5.628937287838198e-05
6600 5.629311272059567e-05
6660 5.632731335936114e-05
6670 5.633468390442431e-05
6680 5.634266562992707e-05
6690 5.635114212054759e-05
6710 5.636742935166694e-05
6720 5.63739740755409e-05
6730 5.637893991661258e-05
6760 5.638388756779023e-05
