"Time Step" "point-shear-e"
20210 3618.26708984375
20220 2410.349609375
20230 4873.12451171875
20240 4015.191650390625
20250 4890.06689453125
20260 2659.19287109375
20270 1588.609619140625
20280 1965.6748046875
20290 2355.0693359375
20300 2131.19677734375
20310 1143.54150390625
20320 1179.86083984375
20330 1866.058349609375
20340 1370.867797851562
20350 1746.734008789062
20360 1800.188232421875
20370 1141.892333984375
20380 1494.572265625
20390 1830.3125
20400 2208.956787109375
20410 1553.20947265625
20420 1466.897216796875
20430 1981.27880859375
20440 2532.8427734375
20450 3106.53515625
20460 2745.98681640625
20470 2924.336669921875
20480 2435.466796875
20490 1683.859619140625
20500 2445.179931640625
20510 2643.1728515625
20520 2466.017578125
20530 1441.583740234375
20540 2437.480712890625
20550 3176.103515625
20560 2886.99462890625
20570 1771.15625
20580 1703.072021484375
20590 1462.212646484375
20600 1799.602783203125
20610 1907.015747070312
20620 1604.443359375
20630 2566.939453125
20640 2066.103759765625
20650 1435.04345703125
20660 1871.154052734375
20670 1565.56689453125
20680 2050.60595703125
20690 2209.277587890625
20700 2141.869140625
20710 2520.446044921875
20720 3161.75341796875
20730 2237.53173828125
20740 2887.85791015625
20750 1311.748779296875
20760 1492.638427734375
20770 2301.195068359375
20780 1608.618041992188
20790 1287.361572265625
20800 1121.005737304688
20810 1290.883178710938
20820 1511.3310546875
20830 2232.51513671875
20840 1970.522583007812
20850 2186.86767578125
20860 2649.6220703125
20870 1957.935180664062
20880 1241.6142578125
20890 839.3707885742188
20900 2117.73193359375
20910 2218.109130859375
20920 3649.29345703125
20930 1698.901000976562
20940 2559.8251953125
20950 4743.162109375
20960 4833.7685546875
20970 2442.0947265625
20980 2128.35107421875
20990 3381.33984375
21000 3220.392822265625
21010 3750.83447265625
21020 3032.685546875
21030 2535.412109375
21040 2159.45068359375
21050 2523.125244140625
21060 1903.60986328125
21070 1735.750732421875
21080 1475.778564453125
21090 2361.015869140625
21100 2833.89599609375
21110 2360.3203125
21120 2400.75
21130 4247.54833984375
21140 2452.70263671875
21150 1614.553466796875
21160 2252.663330078125
21170 1671.678955078125
21180 1474.647705078125
21190 1026.549560546875
21200 2058.14990234375
21210 3038.596923828125
21220 2740.199951171875
21230 1937.726928710938
21240 1627.0546875
21250 2813.8935546875
21260 1878.554321289062
21270 2059.47900390625
21280 2327.894287109375
21290 2910.32421875
21300 2182.47705078125
21310 1084.89794921875
21320 1649.72802734375
21330 1700.13330078125
21340 1859.458374023438
21350 5236.4462890625
21360 6624.4814453125
21370 5180.4306640625
21380 3969.76904296875
21390 3074.69384765625
21400 2118.26806640625
21410 1445.591430664062
21420 1279.390869140625
21430 1318.568603515625
21440 1964.782104492188
21450 2227.435546875
21460 1915.354370117188
21470 2040.918823242188
21480 2414.47998046875
21490 2096.525146484375
21500 1362.170654296875
21510 1417.671264648438
21520 1798.4775390625
21530 1033.68603515625
21540 1051.398681640625
21550 1272.27978515625
21560 1599.142211914062
21570 1892.669921875
21580 1661.3056640625
21590 2100.741943359375
21600 2160.2822265625
21610 1994.79345703125
21620 2112.23095703125
21630 2239.102294921875
21640 2535.71337890625
21650 1752.445556640625
21660 734.925048828125
21670 917.0254516601562
21680 2005.687744140625
21690 1535.415283203125
21700 1544.674682617188
21710 976.3919677734375
21720 912.37158203125
21730 2322.1552734375
21740 2160.75634765625
21750 4841.1689453125
21760 3317.533203125
21770 4090.31787109375
21780 1903.338623046875
21790 3123.474609375
21800 3292.481689453125
21810 2135.2333984375
21820 1759.41943359375
21830 2150.707275390625
21840 2292.611572265625
21850 2235.55419921875
21860 1281.25537109375
21870 1174.888671875
21880 1891.5751953125
21890 1770.505981445312
21900 1537.81640625
21910 1652.353759765625
21920 2051.038330078125
21930 2232.56005859375
21940 2158.668701171875
21950 1929.683959960938
21960 1609.140380859375
21970 1690.38623046875
21980 2539.955078125
21990 1308.204467773438
22000 2203.810791015625
22010 3030.410888671875
22020 1584.747802734375
22030 1748.712646484375
22040 2128.14599609375
22050 2308.707763671875
22060 1307.020751953125
22070 1125.51318359375
22080 1106.750244140625
22090 1483.84765625
22100 1444.470458984375
22110 1673.512817382812
22120 2271.7666015625
22130 3078.9189453125
22140 3176.61865234375
22150 3485.23046875
22160 3127.07470703125
22170 2536.732421875
22180 2156.62841796875
22190 2687.6650390625
22200 2486.876953125
22210 3186.588623046875
22220 2597.619140625
22230 2657.1162109375
22240 1861.61279296875
22250 2055.135009765625
22260 1905.011474609375
22270 2434.51708984375
22280 1000.65283203125
22290 851.8521728515625
22300 1645.9208984375
22310 1313.512451171875
22320 1039.949340820312
22330 1265.800537109375
22340 922.033447265625
22350 1699.621826171875
22360 1307.0888671875
22370 2127.390380859375
22380 2644.4501953125
22390 1846.509643554688
22400 2387.99658203125
22410 2192.248046875
22420 1931.338256835938
22430 1071.53271484375
22440 915.7996826171875
22450 1710.238037109375
22460 1434.180419921875
22470 1659.43701171875
22480 1797.362060546875
22490 2753.791748046875
22500 2764.88037109375
22510 1655.861328125
22520 1419.14892578125
22530 1374.0576171875
22540 2258.0810546875
22550 1439.70751953125
22560 3504.82861328125
22570 3048.2001953125
22580 3207.158203125
22590 1548.27880859375
22600 2756.5107421875
22610 2751.705322265625
22620 1292.837158203125
22630 1808.805908203125
22640 2629.9306640625
22650 1461.528442382812
22660 1559.383544921875
22670 2195.009765625
22680 3004.8212890625
22690 2595.870361328125
22700 1311.104248046875
22710 2144.98486328125
22720 1671.241088867188
22730 903.1680297851562
22740 1559.071411132812
22750 2386.71240234375
22760 1693.1630859375
22770 2267.973876953125
22780 1169.014770507812
22790 2298.87158203125
22800 2105.460693359375
22810 3064.515380859375
22820 2321.056396484375
22830 1544.472290039062
22840 1676.052490234375
22850 1840.60302734375
22860 1405.66748046875
22870 1283.069091796875
22880 1469.060546875
22890 1356.275268554688
22900 1433.118896484375
22910 1581.796875
22920 1993.583251953125
22930 1171.559326171875
22940 1898.93896484375
22950 1495.712890625
22960 2150.05419921875
22970 3195.529296875
22980 4363.9755859375
22990 2629.66552734375
23000 2789.3857421875
23010 2559.208984375
23020 2141.1611328125
23030 3367.1787109375
23040 1572.541015625
23050 1843.021484375
23060 2674.11474609375
23070 2581.07666015625
23080 2308.9873046875
23090 1164.964965820312
23100 1850.9716796875
23110 1500.56689453125
23120 2469.804443359375
23130 3113.069091796875
23140 1723.806640625
23150 1889.385498046875
23160 1281.870361328125
23170 1366.124755859375
23180 1848.314697265625
23190 999.027099609375
23200 1303.314208984375
23210 2163.365478515625
23220 3489.412353515625
23230 1108.303344726562
23240 1973.047607421875
23250 1315.38720703125
23260 1083.627685546875
23270 1189.676513671875
23280 2114.340576171875
23290 1438.30908203125
23300 1508.448364257812
23310 1758.202392578125
23320 1741.8056640625
23330 3898.8828125
23340 5492.4521484375
23350 4416.8125
23360 1923.935668945312
23370 1455.75048828125
23380 1870.589599609375
23390 2506.877685546875
23400 4157.98583984375
23410 2982.94580078125
23420 2568.19140625
23430 2398.428955078125
23440 2111.548828125
23450 2844.01171875
23460 2015.910522460938
23470 1230.640380859375
23480 1408.6865234375
23490 1831.368408203125
23500 1339.40185546875
23510 1633.158935546875
23520 779.42236328125
23530 2255.979248046875
23540 1988.360717773438
23550 1619.201538085938
23560 1293.367919921875
23570 798.595947265625
23580 907.8556518554688
23590 846.5174560546875
23600 1693.564208984375
23610 1367.628662109375
23620 1594.43359375
23630 2361.6640625
23640 1728.93212890625
23650 2227.0859375
23660 2235.17236328125
23670 2086.297607421875
23680 1753.02490234375
23690 1835.6708984375
23700 917.9154052734375
23710 1502.6865234375
23720 1816.712890625
23730 2650.423828125
23740 2273.81640625
23750 2684.7236328125
23760 2707.16552734375
23770 2326.62646484375
23780 2003.284790039062
23790 2092.99169921875
23800 2201.91796875
23810 2952.8173828125
23820 2515.92138671875
23830 2008.046630859375
23840 2330.542236328125
23850 3352.250732421875
23860 1773.132446289062
23870 1687.670166015625
23880 1137.74658203125
23890 1670.23974609375
23900 1484.212890625
23910 1283.849731445312
23920 1812.743041992188
23930 1803.70654296875
23940 1438.548828125
23950 913.8881225585938
23960 1325.755126953125
23970 1918.292846679688
23980 1113.845947265625
23990 1525.15625
24000 2531.7802734375
13410 1654.170654296875
13420 2041.521118164062
13430 1816.828857421875
13440 2590.48095703125
13450 5384.43408203125
13460 3410.30078125
13470 2981.67529296875
13480 3724.99462890625
13490 2936.531982421875
13500 2683.374755859375
13510 3776.74560546875
13520 3755.323974609375
13530 4640.52734375
13540 1367.449462890625
13550 1440.9482421875
13560 1254.7509765625
13570 1633.336669921875
13580 1508.871459960938
13590 2651.222900390625
13600 3262.7685546875
13610 1868.02880859375
13620 3107.29833984375
13630 1307.83740234375
13640 2432.83251953125
13650 2590.9990234375
13660 2219.1318359375
13670 1182.711181640625
13680 1314.859619140625
13690 941.93115234375
13700 1639.816284179688
13710 1720.984619140625
13720 1972.33984375
13730 1549.960693359375
13740 1989.445190429688
13750 3214.26953125
13760 3454.059814453125
13770 2718.206787109375
13780 2901.316162109375
13790 2903.88818359375
13800 2440.17578125
13810 2384.58056640625
13820 1331.3466796875
13830 1846.4013671875
13840 1959.24951171875
13850 1532.73681640625
13860 1570.68994140625
13870 1688.697875976562
13880 1635.68994140625
13890 1026.06884765625
13900 1887.283203125
13910 1613.988403320312
13920 1454.4775390625
13930 988.3424072265625
13940 2435.21435546875
13950 1807.960083007812
13960 3424.6796875
13970 1847.918579101562
13980 1915.469848632812
13990 1074.6318359375
14000 1703.634033203125
14010 1636.056884765625
14020 2907.665771484375
14030 1682.24169921875
14040 3141.216552734375
14050 2101.0244140625
14060 2203.7021484375
14070 2391.83837890625
14080 2740.6005859375
14090 1645.962158203125
14100 2215.410400390625
14110 3165.0224609375
14120 2244.06884765625
14130 3410.955078125
14140 2319.315185546875
14150 1419.553344726562
14160 2283.932373046875
14170 3007.960693359375
14180 2885.64306640625
14190 2207.462890625
14200 1572.725219726562
14210 1797.70849609375
14220 1283.575439453125
14230 1952.631591796875
14240 2863.34423828125
14250 3573.22802734375
14260 2978.986083984375
14270 2534.38818359375
14280 2234.51513671875
14290 1309.660888671875
14300 1995.850463867188
14310 1771.100952148438
14320 1857.821044921875
14330 1608.98193359375
14340 1453.533203125
14350 1455.800659179688
14360 2099.05615234375
14370 2749.410888671875
14380 2430.357177734375
14390 2388.35791015625
14400 2317.185546875
14410 1454.724243164062
14420 1611.84326171875
14430 1380.8603515625
14440 882.193359375
14450 1031.212158203125
14460 1566.90087890625
14470 1897.223754882812
14480 1761.251831054688
14490 1247.932373046875
14500 2081.461181640625
14510 1910.269897460938
14520 2167.705810546875
14530 2441.5556640625
14540 3390.4755859375
14550 2967.71240234375
14560 3345.677978515625
14570 2309.87109375
14580 3689.31396484375
14590 2361.55712890625
14600 3926.695068359375
14610 3197.9990234375
14620 2205.864501953125
14630 1948.632202148438
14640 3954.142578125
14650 2951.01708984375
14660 2136.398193359375
14670 1910.341064453125
14680 2143.36474609375
14690 2680.54248046875
14700 1890.08203125
14710 2335.67138671875
14720 2111.94287109375
14730 1487.832397460938
14740 1212.040893554688
14750 886.8858032226562
14760 1356.033935546875
14770 2119.681396484375
14780 2001.488525390625
14790 1056.5234375
14800 532.6348876953125
14810 761.6829223632812
14820 1275.83154296875
14830 977.8779296875
14840 1535.437255859375
14850 1478.512329101562
14860 2435.62744140625
14870 1347.806396484375
14880 2155.1943359375
14890 1694.973510742188
14900 2168.03857421875
14910 2560.990966796875
14920 2343.29248046875
14930 1832.23583984375
14940 1269.558959960938
14950 1486.8935546875
14960 1531.244018554688
14970 2251.8642578125
14980 1744.331420898438
14990 1667.3095703125
15000 1182.533447265625
15010 1106.243896484375
15020 3348.943359375
15030 2590.1376953125
15040 2101.412841796875
15050 1227.742431640625
15060 1453.914794921875
15070 1880.911865234375
15080 1931.73828125
15090 2786.821044921875
15100 948.759033203125
15110 1904.98046875
15120 2540.15087890625
15130 1677.30126953125
15140 1515.42138671875
15150 1340.0576171875
15160 981.000244140625
15170 1307.959228515625
15180 1167.158203125
15190 2264.9970703125
15200 1935.229248046875
15210 1451.6025390625
15220 1869.494140625
15230 2507.4033203125
15240 3188.625732421875
15250 1620.186401367188
15260 1889.943481445312
15270 2193.48583984375
15280 1895.93408203125
15290 2681.85400390625
15300 1307.6416015625
15310 1100.66259765625
15320 1090.030151367188
15330 1257.44775390625
15340 1245.940307617188
15350 1006.3720703125
15360 1416.042724609375
15370 874.1478881835938
15380 1163.127319335938
15390 2326.28662109375
15400 2200.968994140625
15410 1712.771728515625
15420 1466.746459960938
15430 1264.271728515625
15440 2561.5625
15450 2890.06982421875
15460 2777.34521484375
15470 2072.495361328125
15480 1597.663818359375
15490 2321.05322265625
15500 1881.20751953125
15510 1761.596069335938
15520 1839.4501953125
15530 2075.702880859375
15540 1701.494140625
15550 805.9749755859375
15560 1066.76171875
15570 1676.726928710938
15580 1521.775268554688
15590 1803.463623046875
15600 2589.42431640625
15610 2045.255859375
15620 2365.18994140625
15630 1601.6708984375
15640 2182.43408203125
15650 1704.671142578125
15660 2059.01416015625
15670 1481.723876953125
15680 2213.669189453125
15690 1923.754760742188
15700 1675.020751953125
15710 1531.43212890625
15720 1326.124755859375
15730 688.7965087890625
15740 1771.5478515625
15750 2777.8232421875
15760 2759.41455078125
15770 2715.69775390625
15780 1710.365234375
15790 2984.595703125
15800 3318.181884765625
15810 3712.7705078125
15820 2334.16943359375
15830 3738.9658203125
15840 1822.283935546875
15850 1275.830322265625
15860 1617.171630859375
15870 1798.644287109375
15880 1760.850219726562
15890 2318.591552734375
15900 1124.67138671875
15910 1162.630249023438
15920 1875.966796875
15930 1741.447509765625
15940 1554.114013671875
15950 1401.033447265625
15960 1039.615234375
15970 1256.341186523438
15980 1416.203979492188
15990 1835.619750976562
16000 2172.679931640625
16010 1179.776977539062
16020 1123.4736328125
16030 933.6671752929688
16040 1532.0712890625
16050 1570.35791015625
16060 1367.994140625
16070 1264.746826171875
16080 2243.88330078125
16090 1281.61376953125
16100 1200.132690429688
16110 769.216552734375
16120 995.4114990234375
16130 1381.546142578125
16140 1540.5361328125
16150 1917.8974609375
16160 3888.472900390625
16170 2435.40673828125
16180 3430.078369140625
16190 2533.3486328125
16200 2520.11669921875
16210 2326.59521484375
16220 1683.079833984375
16230 1815.097412109375
16240 1428.363647460938
16250 1494.1962890625
16260 718.1376953125
16270 1373.799926757812
16280 1046.988891601562
16290 1490.659912109375
16300 849.0777587890625
16310 1386.146728515625
16320 2798.375
16330 1579.86181640625
16340 2362.34716796875
16350 2072.8623046875
16360 1603.719482421875
16370 2401.799072265625
16380 1554.934326171875
16390 1459.583129882812
16400 1605.052978515625
16410 2003.61474609375
16420 1478.014404296875
16430 2028.076904296875
16440 1910.431518554688
16450 1808.697143554688
16460 2529.4462890625
16470 1119.1220703125
16480 2017.464111328125
16490 2035.779296875
16500 1902.026000976562
16510 1518.96533203125
16520 2958.94189453125
16530 1954.896728515625
16540 1513.4951171875
16550 2620.5283203125
16560 2848.98486328125
16570 3909.5947265625
16580 3241.2080078125
16590 5272.96337890625
16600 2752.7353515625
16610 4216.94140625
16620 2078.267578125
16630 3423.22607421875
16640 2355.6474609375
16650 3886.09912109375
16660 2846.02880859375
16670 2992.96728515625
16680 2548.01806640625
16690 2729.82080078125
16700 2223.8994140625
16710 1403.93212890625
16720 1875.946166992188
16730 1836.171142578125
16740 3120.58154296875
16750 3062.34326171875
16760 1926.724975585938
16770 2468.009765625
16780 2344.285888671875
16790 3454.75
16800 1898.153198242188
16810 2023.29931640625
16820 1241.086303710938
16830 1367.17431640625
16840 1774.08203125
16850 1021.560668945312
16860 1053.576904296875
16870 752.1994018554688
16880 2247.41748046875
16890 1652.510864257812
16900 1160.612060546875
16910 3016.38330078125
16920 1609.4765625
16930 1126.90966796875
16940 1648.2109375
16950 2835.991455078125
16960 2438.3525390625
16970 4438.46630859375
16980 3203.12841796875
16990 1887.18408203125
17000 2326.3486328125
17010 3022.84326171875
17020 1883.686889648438
17030 3992.567138671875
17040 2509.939453125
17050 4461.45751953125
17060 3164.9541015625
17070 1885.6474609375
17080 1536.208251953125
17090 1026.223999023438
17100 2078.818359375
17110 1573.403564453125
17120 2322.6337890625
17130 1503.158325195312
17140 1702.306518554688
17150 3518.3251953125
17160 1238.870727539062
17170 1167.540771484375
17180 644.7537841796875
17190 837.76513671875
17200 1109.435668945312
17210 672.271240234375
17220 2041.978393554688
17230 1564.495971679688
17240 2069.388427734375
17250 2045.395263671875
17260 966.60888671875
17270 809.4886474609375
17280 870.3885498046875
17290 1215.79150390625
17300 1092.4697265625
17310 2521.412109375
17320 1571.571166992188
17330 1274.922485351562
17340 1225.212280273438
17350 1434.0439453125
17360 3026.638671875
17370 4354.27685546875
17380 2295.39208984375
17390 1783.96240234375
17400 1013.658203125
17410 1513.52001953125
17420 1503.666015625
17430 1869.86767578125
17440 1934.585693359375
17450 1559.767211914062
17460 1545.6396484375
17470 2195.478515625
17480 1667.878662109375
17490 2289.015625
17500 1715.499877929688
17510 2549.0517578125
17520 2290.435546875
17530 1623.643188476562
17540 2694.662841796875
17550 2472.47216796875
17560 3699.99462890625
17570 4171.3603515625
17580 3958.6396484375
17590 3459.615478515625
17600 2656.8544921875
17610 2533.502685546875
17620 1520.2578125
17630 912.8203735351562
17640 728.9781494140625
17650 1563.971923828125
17660 2339.111083984375
17670 1760.33935546875
17680 1549.721923828125
17690 1588.544189453125
17700 723.1282958984375
17710 1489.17236328125
17720 1116.61865234375
17730 1792.795166015625
17740 1579.003662109375
17750 2007.6298828125
17760 1554.110961914062
17770 1862.64208984375
17780 1627.302490234375
17790 2258.093505859375
17800 1702.06005859375
17810 1921.434814453125
17820 2007.08203125
17830 1984.081665039062
17840 2292.4638671875
17850 2010.428955078125
17860 1908.861206054688
17870 3505.25244140625
17880 2178.0419921875
17890 2514.26904296875
17900 3988.3095703125
17910 3825.3427734375
17920 3010.986328125
17930 2728.3134765625
17940 1435.201171875
17950 1903.390991210938
17960 3043.89453125
17970 2663.845703125
17980 1959.347900390625
17990 2318.730712890625
18000 1239.42431640625
18010 1695.507080078125
18020 867.1690673828125
18030 1359.378540039062
18040 885.5897216796875
18050 884.9220581054688
18060 1571.860595703125
18070 2905.693359375
18080 2392.47509765625
18090 2617.228759765625
18100 2585.2392578125
18110 1795.730102539062
18120 1340.007568359375
18130 1656.5859375
18140 1772.710693359375
18150 1821.553466796875
18160 3210.7919921875
18170 2188.81787109375
18180 1575.545166015625
18190 1235.32666015625
18200 1023.762145996094
18210 1572.09423828125
18220 3046.16162109375
18230 2309.807861328125
18240 1410.099731445312
18250 1297.13818359375
18260 2552.96728515625
18270 2778.322265625
18280 2911.9267578125
18290 2576.93212890625
18300 3030.76611328125
18310 3608.980224609375
18320 1597.150634765625
18330 1362.729736328125
18340 958.2467041015625
18350 1404.841552734375
18360 1796.105712890625
18370 1729.286010742188
18380 1108.0419921875
18390 1880.729736328125
18400 1564.929321289062
18410 1478.384399414062
18420 1229.838623046875
18430 785.625
18440 1800.55126953125
18450 1103.921020507812
18460 1755.94189453125
18470 1352.989990234375
18480 2287.9892578125
18490 2430.271484375
18500 2401.00830078125
18510 1632.25244140625
18520 1802.574096679688
18530 1767.095947265625
18540 1452.51123046875
18550 3101.32666015625
18560 5424.0888671875
18570 3717.6982421875
18580 2557.21044921875
18590 4931.95703125
18600 5104.013671875
18610 3284.822265625
18620 2343.9375
18630 3754.9892578125
18640 2704.970703125
18650 3172.234375
18660 1961.824584960938
18670 2954.7099609375
18680 1264.419189453125
18690 2316.15625
18700 1946.340576171875
18710 1376.77099609375
18720 2459.9140625
18730 1522.872802734375
18740 1775.663818359375
18750 1162.599243164062
18760 1487.342163085938
18770 2284.5927734375
18780 3148.6220703125
18790 2443.585205078125
18800 2975.03955078125
18810 2551.75634765625
18820 2641.2734375
18830 1490.29736328125
18840 1442.819213867188
18850 1097.226318359375
18860 1552.699951171875
18870 1041.780517578125
18880 722.8441162109375
18890 1522.097290039062
18900 2261.9267578125
18910 2964.30615234375
18920 1341.555297851562
18930 1346.1201171875
18940 787.9783325195312
18950 2090.8916015625
18960 2379.59033203125
18970 2898.001953125
18980 3474.98681640625
18990 3417.69970703125
19000 2178.98095703125
19010 1440.590209960938
19020 2283.19189453125
19030 1500.969116210938
19040 2559.4345703125
19050 2518.42578125
19060 1498.088500976562
19070 2667.11865234375
19080 1979.535400390625
19090 1800.729736328125
19100 1086.583984375
19110 1934.251220703125
19120 2195.498046875
19130 1032.506958007812
19140 1167.08642578125
19150 1799.870361328125
19160 2668.3935546875
19170 4542.302734375
19180 4185.66162109375
19190 1589.830810546875
19200 2917.5400390625
19210 2141.55908203125
19220 2529.97900390625
19230 1319.667358398438
19240 1246.359985351562
19250 1271.916625976562
19260 1783.812255859375
19270 2122.44677734375
19280 1646.57177734375
19290 1726.2236328125
19300 1964.415771484375
19310 1184.842163085938
19320 1230.190185546875
19330 2334.10107421875
19340 4011.3720703125
19350 2887.955322265625
19360 3928.87548828125
19370 1725.662841796875
19380 1737.19970703125
19390 997.9071655273438
19400 1550.006713867188
19410 2010.0029296875
19420 1183.052734375
19430 2337.46630859375
19440 2328.42578125
19450 1952.45361328125
19460 1565.848388671875
19470 1361.047241210938
19480 2024.575927734375
19490 964.610595703125
19500 958.6865844726562
19510 862.9832153320312
19520 917.2481079101562
19530 820.1674194335938
19540 1059.148315429688
19550 1089.677978515625
19560 1127.618408203125
19570 1077.393432617188
19580 1095.3369140625
19590 1292.45703125
19600 1934.99462890625
19610 1776.318237304688
19620 3287.2685546875
19630 2834.59423828125
19640 1646.4892578125
19650 1447.582397460938
19660 1126.24365234375
19670 1658.6748046875
19680 3197.5556640625
19690 2082.468505859375
19700 1608.968994140625
19710 1051.861572265625
19720 1210.021484375
19730 2178.69677734375
19740 1422.549438476562
19750 1748.7001953125
19760 3876.016845703125
19770 3358.939208984375
19780 3725.736328125
19790 2452.2041015625
19800 3657.753662109375
19810 3011.205322265625
19820 3959.061767578125
19830 2647.267578125
19840 1976.734619140625
19850 1054.301635742188
19860 2085.93310546875
19870 1908.1474609375
19880 2878.54736328125
19890 909.8895263671875
19900 1393.153076171875
19910 819.2382202148438
19920 1421.668334960938
19930 1847.9248046875
19940 3694.80810546875
19950 3069.1904296875
19960 1792.785400390625
19970 1688.068115234375
19980 1152.938842773438
19990 1470.86962890625
20000 1017.320556640625
20010 1180.260009765625
20020 1683.0908203125
20030 1552.874755859375
20040 1244.380126953125
20050 883.1564331054688
20060 899.902587890625
20070 1343.73828125
20080 1222.39453125
20090 1301.2490234375
20100 1812.826904296875
20110 2176.15966796875
20120 1287.550048828125
20130 1931.967529296875
20140 1253.54638671875
20150 4530.5341796875
20160 2674.0146484375
20170 3570.302978515625
20180 4195.68017578125
20190 3020.4609375
20200 2017.523559570312
20260 2659.193115234375
20290 2355.06884765625
20300 2131.197021484375
20320 1179.860961914062
20340 1370.867919921875
20350 1746.73388671875
20360 1800.1884765625
6610 2525.81884765625
6620 2569.9755859375
6630 1719.02392578125
6640 1106.99853515625
6650 1547.110229492188
6660 827.416748046875
6670 923.4159545898438
6680 918.3055419921875
6690 913.6058959960938
6700 1449.98291015625
6710 1650.75634765625
6720 3100.894775390625
6730 2429.5751953125
6740 3276.431884765625
6750 1679.420288085938
6760 2214.64697265625
6770 1920.237548828125
6780 2146.02197265625
6790 2229.56689453125
6800 1707.2783203125
6810 1220.471313476562
6820 1185.836669921875
6830 851.7206420898438
6840 1170.523193359375
6850 1068.418701171875
6860 1462.2041015625
6870 1345.350341796875
6880 3108.051025390625
6890 1354.240966796875
6900 1630.70458984375
6910 1211.525634765625
6920 1171.892578125
6930 1391.19775390625
6940 2331.228515625
6950 4549.90234375
6960 3352.21142578125
6970 1262.12158203125
6980 2842.7001953125
6990 3645.3525390625
7000 3678.805419921875
7010 4295.04345703125
7020 3910.609375
7030 3412.41748046875
7040 1805.3056640625
7050 1663.84716796875
7060 2009.21435546875
7070 1687.42138671875
7080 2847.920654296875
7090 3065.665283203125
7100 2456.886474609375
7110 4216.2021484375
7120 4953.9345703125
7130 4262.63720703125
7140 3029.95849609375
7150 1647.025390625
7160 1686.098388671875
7170 1609.96337890625
7180 3157.799072265625
7190 2412.22216796875
7200 3761.42041015625
7210 2867.265380859375
7220 2549.029296875
7230 1189.947509765625
7240 2071.6953125
7250 2521.2158203125
7260 2476.3642578125
7270 1646.38818359375
7280 3225.8037109375
7290 2520.79541015625
7300 2126.04052734375
7310 1909.148681640625
7320 1885.1787109375
7330 2083.19140625
7340 1717.840087890625
7350 2308.40869140625
7360 1248.9228515625
7370 1132.652709960938
7380 691.2465209960938
7390 2122.48046875
7400 1719.664794921875
7410 1189.8359375
7420 2910.193359375
7430 2658.81787109375
7440 1596.6259765625
7450 1335.523071289062
7460 1882.5986328125
7470 1921.1318359375
7480 1459.565185546875
7490 1697.98828125
7500 2422.6015625
7510 2249.70751953125
7520 3067.99365234375
7530 2073.902099609375
7540 2104.082763671875
7550 1139.478881835938
7560 1723.996337890625
7570 2044.63720703125
7580 2198.87451171875
7590 1501.842529296875
7600 1372.537841796875
7610 1324.112182617188
7620 1684.661743164062
7630 2643.46044921875
7640 3158.97900390625
7650 4119.21044921875
7660 2481.390625
7670 2427.5693359375
7680 4470.25390625
7690 2294.938232421875
7700 2371.40380859375
7710 1103.51611328125
7720 1596.118896484375
7730 1631.79296875
7740 3088.48388671875
7750 3293.55615234375
7760 1429.052001953125
7770 2547.166015625
7780 2763.5419921875
7790 2986.037841796875
7800 5044.65234375
7810 2238.7431640625
7820 2955.117431640625
7830 3011.647216796875
7840 1984.098754882812
7850 1220.036376953125
7860 1559.980224609375
7870 2838.96240234375
7880 2724.6044921875
7890 3761.307861328125
7900 2904.36572265625
7910 1835.894775390625
7920 3144.73095703125
7930 1574.830078125
7940 3405.48193359375
7950 3361.02783203125
7960 3473.949951171875
7970 3660.990234375
7980 3249.3818359375
7990 1260.001220703125
8000 1496.658325195312
8010 1721.060913085938
8020 1832.291259765625
8030 2033.04345703125
8040 1941.520263671875
8050 1537.67529296875
8060 2368.380859375
8070 1413.30712890625
8080 1224.615478515625
8090 1629.486572265625
8100 1748.674926757812
8110 2515.072265625
8120 2931.2548828125
8130 2318.7177734375
8140 2573.427734375
8150 1926.747680664062
8160 4558.7421875
8170 4083.25830078125
8180 3491.1787109375
8190 3792.78662109375
8200 3240.50146484375
8210 1936.275634765625
8220 2244.04833984375
8230 2079.2763671875
8240 3106.1650390625
8250 1893.160888671875
8260 1553.897216796875
8270 818.3341064453125
8280 659.71875
8290 1038.579345703125
8300 1976.794555664062
8310 1229.38916015625
8320 1554.736083984375
8330 1742.991943359375
8340 1747.82177734375
8350 3275.646484375
8360 3434.6806640625
8370 2448.633544921875
8380 1464.332763671875
8390 1662.701049804688
8400 2976.79150390625
8410 3001.97900390625
8420 3205.4306640625
8430 1910.888671875
8440 2810.12255859375
8450 1361.080810546875
8460 932.1981811523438
8470 1062.910278320312
8480 2028.236206054688
8490 1629.240478515625
8500 1985.979248046875
8510 1672.823852539062
8520 1617.007934570312
8530 1920.117431640625
8540 1975.325927734375
8550 5340.240234375
8560 4082.8623046875
8570 3346.65869140625
8580 2785.037109375
8590 2190.48388671875
8600 2616.40576171875
8610 1926.291625976562
8620 2093.415283203125
8630 2260.3095703125
8640 1431.669189453125
8650 1453.751098632812
8660 1771.63427734375
8670 2141.4736328125
8680 2597.474609375
8690 1492.531372070312
8700 1510.539184570312
8710 963.4443359375
8720 1310.705322265625
8730 1533.410888671875
8740 773.3809204101562
8750 2490.2041015625
8760 1424.385986328125
8770 1449.1259765625
8780 1557.76953125
8790 1882.278442382812
8800 1369.678344726562
8810 1461.714111328125
8820 1291.744140625
8830 3097.9814453125
8840 2726.30859375
8850 2629.9150390625
8860 1463.6083984375
8870 1586.942749023438
8880 1472.799560546875
8890 1332.831298828125
8900 1034.26953125
8910 1499.601318359375
8920 960.2509765625
8930 1104.7001953125
8940 1584.7646484375
8950 1426.268798828125
8960 3063.5966796875
8970 4155.53125
8980 3809.97412109375
8990 3185.14794921875
9000 2645.226806640625
9010 2258.498046875
9020 2853.7177734375
9030 2619.85888671875
9040 2014.650634765625
9050 1906.382202148438
9060 1753.018188476562
9070 2154.699951171875
9080 1739.601318359375
9090 1132.782958984375
9100 2399.293212890625
9110 1980.252319335938
9120 2988.5986328125
9130 2162.7646484375
9140 1384.18896484375
9150 1431.782470703125
9160 1298.77587890625
9170 1957.1337890625
9180 2948.384033203125
9190 2424.76953125
9200 2457.505859375
9210 1484.357177734375
9220 2465.2841796875
9230 2201.83251953125
9240 2992.160888671875
9250 2822.386474609375
9260 1811.912475585938
9270 2223.537353515625
9280 1875.629150390625
9290 1307.458618164062
9300 1477.083251953125
9310 1764.4990234375
9320 2459.972900390625
9330 1445.2978515625
9340 1284.562744140625
9350 1212.079345703125
9360 1911.257934570312
9370 2352
9380 3447.59619140625
9390 3690.5703125
9400 3426.2060546875
9410 2246.986083984375
9420 1454.149169921875
9430 1790.925415039062
9440 1953.944580078125
9450 1779.877685546875
9460 2102.981201171875
9470 2308.535400390625
9480 2725.51708984375
9490 1304.88330078125
9500 1929.76220703125
9510 1881.295166015625
9520 2288.33544921875
9530 2453.3095703125
9540 2029.509033203125
9550 1024.959228515625
9560 968.7225341796875
9570 551.5003662109375
9580 806.531494140625
9590 1374.515747070312
9600 1138.235473632812
9610 1473.444091796875
9620 2011.953247070312
9630 2010.838623046875
9640 1234.1630859375
9650 533.603759765625
9660 1060.811767578125
9670 1507.203979492188
9680 1179.332275390625
9690 1062.51708984375
9700 1125.932739257812
9710 2139.99951171875
9720 1623.099853515625
9730 1611.82763671875
9740 2437.950927734375
9750 1714.538818359375
9760 2690.23828125
9770 3287.56640625
9780 1538.631591796875
9790 1259.089477539062
9800 2164.921875
9810 3890.4765625
9820 2199.46142578125
9830 2983.3720703125
9840 2265.19580078125
9850 2452.71533203125
9860 2422.11279296875
9870 3378.799072265625
9880 2168.76904296875
9890 2492.857421875
9900 1844.56884765625
9910 1953.53125
9920 1785.394775390625
9930 1868.47119140625
9940 2176.88623046875
9950 2604.662109375
9960 1560.421508789062
9970 1800.347900390625
9980 1493.472900390625
9990 1682.99365234375
10000 2057.594970703125
10010 1800.851318359375
10020 1945.905517578125
10030 1898.799560546875
10040 2202.4033203125
10050 1523.103637695312
10060 1987.555419921875
10070 1654.931518554688
10080 1839.361083984375
10090 1799.475952148438
10100 1960.176147460938
10110 2409.6904296875
10120 1716.894409179688
10130 2579.16552734375
10140 2966.94189453125
10150 2367.89501953125
10160 2195.51025390625
10170 1901.558471679688
10180 2133.30712890625
10190 2310.864501953125
10200 3226.3125
10210 2388.077392578125
10220 3837.01171875
10230 1740.830932617188
10240 2371.621826171875
10250 2641.27734375
10260 1607.44287109375
10270 1343.787109375
10280 2678.076904296875
10290 1999.82470703125
10300 1614.927978515625
10310 2072.3505859375
10320 1935.043701171875
10330 1530.90625
10340 1672.184692382812
10350 1032.99169921875
10360 1226.640625
10370 1031.696044921875
10380 1830.96875
10390 1745.579345703125
10400 1629.8671875
10410 1421.787475585938
10420 1766.385009765625
10430 2268.2607421875
10440 2254.401123046875
10450 2806.48193359375
10460 1106.852783203125
10470 2000.392333984375
10480 1712.517822265625
10490 2722.11376953125
10500 1949.653564453125
10510 1071.815185546875
10520 675.1868896484375
10530 896.6768798828125
10540 1117.111328125
10550 1196.426391601562
10560 1439.541015625
10570 1280.33203125
10580 1751.651611328125
10590 1197.146118164062
10600 1766.550415039062
10610 1193.012939453125
10620 1822.955444335938
10630 2013.918090820312
10640 3056.797119140625
10650 2719.3271484375
10660 975.7025146484375
10670 1959.782592773438
10680 3384.22900390625
10690 2015.601318359375
10700 3061.903076171875
10710 3598.9345703125
10720 2972.14697265625
10730 2607.70166015625
10740 2906.3583984375
10750 3409.6669921875
10760 2435.64111328125
10770 1295.99365234375
10780 1320.6806640625
10790 1537.55078125
10800 888.30517578125
10810 1665.639770507812
10820 3171.6875
10830 1389.838134765625
10840 1588.299560546875
10850 2024.17919921875
10860 1964.024291992188
10870 1687.694580078125
10880 1807.981567382812
10890 2147.44775390625
10900 1760.323974609375
10910 1063.05517578125
10920 1592.421752929688
10930 2244.69091796875
10940 2267.135009765625
10950 2123.1044921875
10960 2356.75927734375
10970 6681.21337890625
10980 4867.85498046875
10990 2800.819091796875
11000 1955.31787109375
11010 1410.41650390625
11020 1617.31494140625
11030 1607.754638671875
11040 2499.4990234375
11050 1897.377685546875
11060 1831.343505859375
11070 2372.01513671875
11080 1370.878173828125
11090 1657.604736328125
11100 3013.2646484375
11110 2197.367919921875
11120 2713.110107421875
11130 1970.525390625
11140 2750.43603515625
11150 1875.34130859375
11160 1620.174560546875
11170 2205.22998046875
11180 2833.38232421875
11190 1169.321533203125
11200 1928.472534179688
11210 2877.60791015625
11220 1663.301879882812
11230 1059.61328125
11240 2351.103515625
11250 2627.34521484375
11260 3279.201171875
11270 3184.750732421875
11280 2387.230712890625
11290 2856.0146484375
11300 1190.209716796875
11310 881.4622192382812
11320 2585.902587890625
11330 1844.344116210938
11340 1734.717041015625
11350 5586.09375
11360 4366.73876953125
11370 4370.4462890625
11380 1697.936889648438
11390 3248.8935546875
11400 3644.250732421875
11410 2973.4150390625
11420 4143.2822265625
11430 2165.6025390625
11440 1388.103881835938
11450 1389.208251953125
11460 2240.006103515625
11470 2759.9150390625
11480 2883.2607421875
11490 3728.35693359375
11500 3037.90576171875
11510 1544.280151367188
11520 1039.744018554688
11530 1550.006103515625
11540 1090.270629882812
11550 1139.531494140625
11560 1309.86865234375
11570 1600.464599609375
11580 2058.772705078125
11590 1462.645263671875
11600 1581.340454101562
11610 2965.55810546875
11620 1807.044921875
11630 1776.151611328125
11640 2646.8779296875
11650 1586.82275390625
11660 2340.55615234375
11670 3217.385986328125
11680 3903.55859375
11690 3128.416015625
11700 1458.06103515625
11710 1469.58642578125
11720 1952.998657226562
11730 1813.6552734375
11740 1869.240600585938
11750 2993.2978515625
11760 4248.5908203125
11770 2069.63037109375
11780 2714.14501953125
11790 1584.544677734375
11800 1024.144287109375
11810 2255.1337890625
11820 2698.70849609375
11830 3573.048583984375
11840 1877.26123046875
11850 1354.873413085938
11860 1381.118896484375
11870 1960.20849609375
11880 1291.606201171875
11890 1546.71630859375
11900 1782.423950195312
11910 2300.59130859375
11920 1989.890869140625
11930 1213.488525390625
11940 1773.319091796875
11950 2884.871826171875
11960 3621.89794921875
11970 2998.07568359375
11980 2749.3212890625
11990 4430.74072265625
12000 2595.982421875
12010 920.5711059570312
12020 1064.169189453125
12030 1768.175659179688
12040 1964.671142578125
12050 875.7582397460938
12060 1548.79248046875
12070 2972.75341796875
12080 1289.727905273438
12090 2059.949462890625
12100 3874.714111328125
12110 1830.9853515625
12120 1432.601440429688
12130 3960.8759765625
12140 3886.3359375
12150 2322.545654296875
12160 2364.749755859375
12170 3578.34716796875
12180 3543.4462890625
12190 3519.1162109375
12200 2700.446533203125
12210 2644.705810546875
12220 2247.11767578125
12230 2596.050537109375
12240 2034.898315429688
12250 3020.956298828125
12260 1742.805908203125
12270 2460.7578125
12280 1823.88818359375
12290 1281.620849609375
12300 2523.573974609375
12310 2858.75146484375
12320 1592.992553710938
12330 1830.55029296875
12340 1390.034912109375
12350 1230.66845703125
12360 1791.339111328125
12370 1595.5322265625
12380 2138.98583984375
12390 2218.8505859375
12400 2203.0224609375
12410 1473.7109375
12420 1775.39697265625
12430 2436.703857421875
12440 2753.45556640625
12450 2722.06298828125
12460 1873.97314453125
12470 1184.02978515625
12480 1175.336059570312
12490 1245.5205078125
12500 1288.566650390625
12510 2032.887084960938
12520 1884.263916015625
12530 1218.240478515625
12540 1797.622314453125
12550 2736.3916015625
12560 3835.81005859375
12570 3608.87646484375
12580 2395.888671875
12590 2315.079345703125
12600 2989.2705078125
12610 1890.319213867188
12620 1266.619262695312
12630 991.685546875
12640 2399.140625
12650 2734.547607421875
12660 2770.99755859375
12670 2079.119140625
12680 1983.585571289062
12690 2368.22216796875
12700 3254.86474609375
12710 1986.751953125
12720 2195.9052734375
12730 2235.56884765625
12740 908.4862060546875
12750 1420.7900390625
12760 1152.488525390625
12770 845.775146484375
12780 1852.747680664062
12790 1478.515869140625
12800 2143.28955078125
12810 1227.510131835938
12820 1786.289916992188
12830 2063.48681640625
12840 1703.720458984375
12850 1625.111938476562
12860 2614.088134765625
12870 3736.37646484375
12880 1917.806640625
12890 1458.641235351562
12900 1628.884033203125
12910 1224.92138671875
12920 1002.966552734375
12930 1167.330078125
12940 2596.7822265625
12950 2410.052490234375
12960 1947.042846679688
12970 2345.71923828125
12980 1388.265014648438
12990 1370.1220703125
13000 1294.495361328125
13010 2184.18408203125
13020 1964.448486328125
13030 1862.683837890625
13040 772.9193115234375
13050 1775.845458984375
13060 2345.904052734375
13070 2463.67578125
13080 1607.7119140625
13090 1433.52001953125
13100 1177.403076171875
13110 809.1920166015625
13120 909.1090087890625
13130 995.8590087890625
13140 2035.000366210938
13150 2977.989501953125
13160 2958.0947265625
13170 3533.156005859375
13180 3443.1279296875
13190 3110.978515625
13200 2198.5224609375
13210 2051.173828125
13220 1441.17431640625
13230 2088.948486328125
13240 1715.8720703125
13250 1024.044799804688
13260 1150.14697265625
13270 1254.1298828125
13280 1871.51513671875
13290 2525.65576171875
13300 1500.409912109375
13310 1517.906616210938
13320 1189.264282226562
13330 2028.238037109375
13340 1365.6025390625
13350 1409.465087890625
13360 2430.268798828125
13370 3074.55908203125
13380 2472.8994140625
13390 1950.093139648438
13400 1900.455322265625
0 1257.067749023438
10 1099.088623046875
20 987.5792236328125
30 927.678466796875
40 875.430908203125
50 781.310302734375
60 650.5556030273438
70 660.6905517578125
80 929.3234252929688
90 1054.544677734375
100 966.6174926757812
110 984.93115234375
120 1206.993408203125
130 1429.4716796875
140 1840.999267578125
150 1859.251831054688
160 1088.748046875
170 650.3477783203125
180 740.9552612304688
190 987.884033203125
200 1385.392822265625
210 1193.825439453125
220 927.5376586914062
230 853.5470581054688
240 589.51611328125
250 619.177490234375
260 1009.858947753906
270 2564.869873046875
280 4334.3134765625
290 3762.12158203125
300 3566.00634765625
310 3617.77099609375
320 3118.19482421875
330 1693.465698242188
340 1069.742553710938
350 942.639404296875
360 851.85205078125
370 762.5658569335938
380 698.9356689453125
390 677.6425170898438
400 675.46533203125
410 676.989990234375
420 686.9558715820312
430 682.736083984375
440 598.2455444335938
450 435.9766235351562
460 350.4378051757812
470 332.19677734375
480 347.9125366210938
490 386.7560424804688
500 474.1419677734375
510 640.1438598632812
520 814.7075805664062
530 745.614501953125
540 816.666015625
550 735.3963623046875
560 822.1343383789062
570 1153.5087890625
580 883.02197265625
590 902.98974609375
600 1012.757507324219
610 1161.380859375
620 1197.804565429688
630 1061.048095703125
640 630.9322509765625
650 1469.290283203125
660 2153.79638671875
670 1727.74072265625
680 1018.271362304688
690 1271.990112304688
700 1447.97265625
710 1517.797485351562
720 3174.317138671875
730 1519.956420898438
740 1157.569458007812
750 1558.341796875
760 2501.49365234375
770 2778.6328125
780 2265.1025390625
790 2045.723510742188
800 3416.027587890625
810 1937.13916015625
820 3109.134765625
830 2305.80322265625
840 3677.40771484375
850 1437.962890625
860 832.4722900390625
870 1453.945068359375
880 1938.209228515625
890 3167.97119140625
900 1906.299560546875
910 2120.774169921875
920 2439.8759765625
930 1534.427001953125
940 2312.312744140625
950 2180.39208984375
960 2794.566650390625
970 2195.607421875
980 2596.87109375
990 1782.478515625
1000 1729.2626953125
1010 3026.46533203125
1020 3326.23974609375
1030 3163.71826171875
1040 2239.18603515625
1050 2032.3369140625
1060 2112.0986328125
1070 2242.1240234375
1080 2913.33544921875
1090 2321.333740234375
1100 1907.448974609375
1110 1502.278076171875
1120 2338.21875
1130 3298.78662109375
1140 1848.659423828125
1150 2262.18408203125
1160 1988.0595703125
1170 1900.990478515625
1180 2225.76806640625
1190 2326.609130859375
1200 1872.635620117188
1210 2443.2138671875
1220 1541.468383789062
1230 1712.173828125
1240 1432.875366210938
1250 2220.878173828125
1260 1365.077270507812
1270 1593.556640625
1280 2567.2421875
1290 1682.31494140625
1300 1819.245971679688
1310 1393.283203125
1320 1128.415893554688
1330 1731.472900390625
1340 4863.13671875
1350 4539.4775390625
1360 5730.90966796875
1370 4042.272216796875
1380 3512.887939453125
1390 2322.36279296875
1400 2659.125244140625
1410 1865.091186523438
1420 1652.603759765625
1430 3266.56591796875
1440 4731.5244140625
1450 3101.611328125
1460 2857.350830078125
1470 3045.7919921875
1480 3057.47802734375
1490 3499.29150390625
1500 3336.230712890625
1510 1436.922607421875
1520 2649.929443359375
1530 4441.2255859375
1540 3398.197021484375
1550 2973.64794921875
1560 2742.125244140625
1570 3138.4443359375
1580 3208.797119140625
1590 2716.8310546875
1600 2854.173583984375
1610 1995.820068359375
1620 5496.85107421875
1630 2622.65576171875
1640 2203.70947265625
1650 2663.69775390625
1660 1314.453125
1670 1909.588256835938
1680 2152.228759765625
1690 1358.5029296875
1700 1875.9755859375
1710 2509.661865234375
1720 2105.63427734375
1730 2033.919067382812
1740 4018.53857421875
1750 2448.71044921875
1760 5366.7373046875
1770 2615.76318359375
1780 3132.873779296875
1790 6554.5654296875
1800 5741.83984375
1810 4036.057861328125
1820 4282.423828125
1830 2723.33056640625
1840 2551.238037109375
1850 3961.10888671875
1860 3066.75634765625
1870 3099.4375
1880 2677.88818359375
1890 3595.33349609375
1900 1910.29443359375
1910 2091.638916015625
1920 1702.240478515625
1930 1776.829833984375
1940 1387.69970703125
1950 1444.525512695312
1960 1890.06298828125
1970 1555.641235351562
1980 2152.73095703125
1990 1664.97802734375
2000 1111.110107421875
2010 1057.382080078125
2020 1580.15771484375
2030 2707.3466796875
2040 1957.19873046875
2050 1820.50244140625
2060 2132.2548828125
2070 1887.053344726562
2080 1846.399169921875
2090 2018.437255859375
2100 1329.007080078125
2110 1496.249267578125
2120 1821.156005859375
2130 1943.263916015625
2140 3045.390625
2150 2429.20703125
2160 2801.81298828125
2170 2217.13134765625
2180 3846.94580078125
2190 4364.02392578125
2200 1667.9501953125
2210 4265.130859375
2220 4625.6875
2230 2471.139892578125
2240 3141.597900390625
2250 2043.694213867188
2260 1118.03857421875
2270 2611.896484375
2280 2458.48095703125
2290 3399.333984375
2300 1767.412231445312
2310 2371.48876953125
2320 2071.309326171875
2330 2227.90380859375
2340 1240.743896484375
2350 1784.364013671875
2360 3116.20068359375
2370 1972.31201171875
2380 1497.327392578125
2390 1185.992431640625
2400 1623.46875
2410 2996.21826171875
2420 1296.8564453125
2430 1042.94921875
2440 1039.432983398438
2450 2408.32421875
2460 2172.98486328125
2470 1595.790893554688
2480 2242.796875
2490 2322.64111328125
2500 3299.4208984375
2510 3598.394287109375
2520 3155.60986328125
2530 1250.04833984375
2540 1982.303466796875
2550 2246.4130859375
2560 2337.68994140625
2570 1825.90771484375
2580 2699.082763671875
2590 4965.2021484375
2600 3189.6259765625
2610 3166.141357421875
2620 1941.979614257812
2630 1867.8662109375
2640 964.283935546875
2650 3939.544189453125
2660 2970.5478515625
2670 3750.74755859375
2680 1822.643310546875
2690 1832.017822265625
2700 2350.065673828125
2710 3517.796875
2720 3409.000732421875
2730 3017.16552734375
2740 2913.68212890625
2750 3007.037109375
2760 1872.589599609375
2770 1815.452880859375
2780 2261.89501953125
2790 1899.781494140625
2800 1335.87451171875
2810 1418.593017578125
2820 1218.781005859375
2830 1271.28125
2840 1236.741943359375
2850 1279.0810546875
2860 962.9326171875
2870 985.5070190429688
2880 1397.1650390625
2890 2024.059814453125
2900 1525.112060546875
2910 1119.330688476562
2920 1530.482421875
2930 1537.8291015625
2940 2091.067626953125
2950 1972.242797851562
2960 2296.29345703125
2970 2892.314453125
2980 2882.67138671875
2990 3221.7412109375
3000 1562.279296875
3010 1994.396240234375
3020 1386.765502929688
3030 2217.68798828125
3040 2588.3818359375
3050 2216.294921875
3060 1955.45556640625
3070 3523.47119140625
3080 4207.6923828125
3090 4332.02001953125
3100 2261.551513671875
3110 1886.52001953125
3120 1727.162353515625
3130 2658.8662109375
3140 2403.663330078125
3150 1681.587646484375
3160 3273.52001953125
3170 4041.83935546875
3180 4824.17919921875
3190 4926.16357421875
3200 3920.830078125
3210 3732.59423828125
3220 3502.5078125
3230 2695.67578125
3240 2420.27001953125
3250 1634.694091796875
3260 873.0931396484375
3270 1670.866943359375
3280 977.980712890625
3290 1473.644775390625
3300 1458.43212890625
3310 1450.449340820312
3320 1614.43994140625
3330 1895.11767578125
3340 1911.403198242188
3350 1962.807983398438
3360 1528.31396484375
3370 1651.117431640625
3380 2315.979736328125
3390 2226.614013671875
3400 2695.940673828125
3410 4040.465576171875
3420 2390.12060546875
3430 4554.3447265625
3440 3211.333984375
3450 4415.62841796875
3460 3307.061279296875
3470 2235.71240234375
3480 3802.9482421875
3490 4165.7431640625
3500 3814.81494140625
3510 5025.88330078125
3520 3330.533203125
3530 2522.57666015625
3540 1860.32177734375
3550 1570.977416992188
3560 1772.9140625
3570 2702.912353515625
3580 3225.821533203125
3590 1920.085205078125
3600 796.0457763671875
3610 1088.884155273438
3620 2363.624267578125
3630 1756.447387695312
3640 1704.092651367188
3650 1661.477416992188
3660 1739.544677734375
3670 1588.710327148438
3680 713.5086059570312
3690 1752.381591796875
3700 2091.24169921875
3710 1862.343627929688
3720 1194.69970703125
3730 1230.827880859375
3740 3134.20458984375
3750 4886.26220703125
3760 3910.44873046875
3770 3328.326904296875
3780 4434.34423828125
3790 3691.3017578125
3800 3604.43798828125
3810 2842.322265625
3820 3108.275634765625
3830 1787.662109375
3840 2752.150634765625
3850 1886.239990234375
3860 2092.02001953125
3870 2386.818603515625
3880 2067.879638671875
3890 2175.334716796875
3900 2195.7529296875
3910 2262.268310546875
3920 1480.226806640625
3930 1821.062255859375
3940 3413.734375
3950 2714.505126953125
3960 4563.056640625
3970 4643.79736328125
3980 3806.26806640625
3990 2725.613525390625
4000 3065.826416015625
4010 3455.52978515625
4020 2374.745849609375
4030 2629.41943359375
4040 1595.14990234375
4050 2010.041748046875
4060 2503.05126953125
4070 2616.77880859375
4080 1156.97265625
4090 2398.806640625
4100 1606.728515625
4110 2797.034423828125
4120 2412.9501953125
4130 1496.1826171875
4140 1822.8623046875
4150 2027.570068359375
4160 1767.61279296875
4170 3419.845458984375
4180 3276.298828125
4190 4472.4658203125
4200 2730.951416015625
4210 1841.797607421875
4220 1806.170654296875
4230 2032.895874023438
4240 2063.5947265625
4250 1220.727783203125
4260 1486.1494140625
4270 2484.739990234375
4280 3170.0068359375
4290 2743.47216796875
4300 2302.884765625
4310 1555.968383789062
4320 2960.5205078125
4330 1679.4638671875
4340 905.5928344726562
4350 3292.806884765625
4360 2302.005615234375
4370 1848.05224609375
4380 1732.21533203125
4390 2118.52197265625
4400 2068.8408203125
4410 2154.015625
4420 1820.687744140625
4430 2244.413818359375
4440 1780.490234375
4450 837.00830078125
4460 887.5660400390625
4470 950.5137329101562
4480 1047.1767578125
4490 1365.5146484375
4500 1095.721923828125
4510 1551.429931640625
4520 1623.125244140625
4530 1477.418823242188
4540 3016.478515625
4550 2096.5302734375
4560 1845.736328125
4570 1119.80810546875
4580 2606.796142578125
4590 3628.6923828125
4600 2451.306396484375
4610 1561.010986328125
4620 2182.541259765625
4630 1850.910766601562
4640 3466.13134765625
4650 3215.609375
4660 3003.891357421875
4670 3373.7783203125
4680 3911.15576171875
4690 1486.852416992188
4700 1316.8857421875
4710 3968.26220703125
4720 2517.001220703125
4730 1566.023193359375
4740 844.1234130859375
4750 1753.3193359375
4760 1593.280517578125
4770 1604.132446289062
4780 2037.216552734375
4790 1418.093505859375
4800 1304.286499023438
4810 1527.275390625
4820 1407.526489257812
4830 1098.787963867188
4840 1317.083251953125
4850 3355.966796875
4860 3430.83984375
4870 2280.20068359375
4880 1711.8330078125
4890 1370.048706054688
4900 1486.325927734375
4910 1856.024780273438
4920 2363.818115234375
4930 1639.915161132812
4940 1744.286376953125
4950 2016.097778320312
4960 2064.527587890625
4970 2266.055908203125
4980 3600.619873046875
4990 4022.18408203125
5000 3649.17236328125
5010 3337.530029296875
5020 2713.45654296875
5030 3021.99755859375
5040 1733.150634765625
5050 1540.552856445312
5060 837.8150634765625
5070 1263.386352539062
5080 856.0692749023438
5090 1183.53125
5100 1205.335571289062
5110 830.4754028320312
5120 1006.90234375
5130 1029.85888671875
5140 1557.3623046875
5150 1294.172485351562
5160 1141.738037109375
5170 1563.14453125
5180 2237.203125
5190 1551.423095703125
5200 1917.157104492188
5210 1488.226806640625
5220 1131.993896484375
5230 1120.399291992188
5240 1315.909057617188
5250 1670.918212890625
5260 1253.197998046875
5270 1669.4072265625
5280 2290.11181640625
5290 1649.138793945312
5300 1792.52880859375
5310 1571.27587890625
5320 1798.228637695312
5330 2365.052001953125
5340 1643.8662109375
5350 1201.5869140625
5360 2023.816162109375
5370 1286.810668945312
5380 2078.0185546875
5390 1601.458251953125
5400 1897.47509765625
5410 2168.801025390625
5420 1749.933227539062
5430 2876.0556640625
5440 2399.181884765625
5450 1396.917602539062
5460 3899.90185546875
5470 3857.70068359375
5480 1953.03515625
5490 1758.3896484375
5500 2321.196044921875
5510 2046.829467773438
5520 3021.523681640625
5530 1471.019775390625
5540 1657.420043945312
5550 2213.139404296875
5560 1258.58740234375
5570 1772.38330078125
5580 1867.317749023438
5590 1552.200561523438
5600 1240.081665039062
5610 2056.8701171875
5620 1769.219482421875
5630 2046.44189453125
5640 1166.274169921875
5650 1679.542846679688
5660 2155.78466796875
5670 1815.741455078125
5680 1532.634033203125
5690 2087.0029296875
5700 2310.2724609375
5710 1894.61572265625
5720 1780.425537109375
5730 2227.44482421875
5740 4897.09912109375
5750 5376.6748046875
5760 3207.81982421875
5770 1456.706787109375
5780 2372.493408203125
5790 2343.363525390625
5800 1495.02880859375
5810 1994.1083984375
5820 5788.39306640625
5830 3390.01318359375
5840 2448.43896484375
5850 3134.91015625
5860 3370.370849609375
5870 2380.88134765625
5880 2381.65185546875
5890 2597.238037109375
5900 2325.43994140625
5910 2311.2236328125
5920 2080.236328125
5930 2006.393798828125
5940 2118.244140625
5950 2209.94140625
5960 2036.021728515625
5970 2214.669921875
5980 1801.238525390625
5990 1474.655517578125
6000 1838.572509765625
6010 2222.070556640625
6020 1470.31005859375
6030 2839.197265625
6040 2975.9208984375
6050 2221.07275390625
6060 1883.3935546875
6070 2093.547607421875
6080 1471.246337890625
6090 1008.092102050781
6100 678.8994140625
6110 922.8525390625
6120 990.5877075195312
6130 1015.640625
6140 2170.05029296875
6150 3665.294921875
6160 1468.014038085938
6170 2173.99267578125
6180 3405.21630859375
6190 2022.088500976562
6200 4330.3564453125
6210 5297.3203125
6220 5487.232421875
6230 3178.96044921875
6240 3620.8193359375
6250 2217.8505859375
6260 2535.79931640625
6270 3105.40966796875
6280 3051.24609375
6290 2587.97314453125
6300 3656.8955078125
6310 1836.176635742188
6320 1895.6376953125
6330 2133.7763671875
6340 2139.063232421875
6350 2551.360595703125
6360 1742.13330078125
6370 4350.0458984375
6380 2591.4541015625
6390 2396.99072265625
6400 1794.4228515625
6410 1593.384887695312
6420 957.7662963867188
6430 1703.68505859375
6440 2405.666015625
6450 1767.470703125
6460 1995.484252929688
6470 2334.087646484375
6480 1647.553588867188
6490 1602.758178710938
6500 1635.792358398438
6510 1575.736206054688
6520 1275.776245117188
6530 1474.031616210938
6540 3482.1640625
6550 3642.37890625
6560 4683.5048828125
6570 1503.852905273438
6580 1523.170166015625
6590 2414.947509765625
6600 3070.0390625
6610 2525.818603515625
6620 2569.976806640625
6630 1719.023071289062
6640 1106.998291015625
6650 1547.111206054688
6660 827.4168701171875
6670 923.4149780273438
6680 918.3060913085938
6690 913.607421875
6700 1449.98095703125
6710 1650.755004882812
6720 3100.8935546875
6730 2429.574951171875
6740 3276.431396484375
6750 1679.41748046875
6760 2214.64892578125
