"Time Step" "point-pressure-a"
20210 -26341.953125
20220 -26385.783203125
20230 -26194.890625
20240 -26429.927734375
20250 -26689.208984375
20260 -26759.181640625
20270 -26449.630859375
20280 -26104.03515625
20290 -25933.248046875
20300 -26156.908203125
20310 -26511.09375
20320 -26534.0546875
20330 -26399.90234375
20340 -26242.064453125
20350 -26235.150390625
20360 -26565.3828125
20370 -26859.763671875
20380 -26900.44140625
20390 -26763.34765625
20400 -26800.59765625
20410 -26924.92578125
20420 -26658.390625
20430 -26124.912109375
20440 -25652.978515625
20450 -25491.71484375
20460 -25569.58203125
20470 -25581.646484375
20480 -25485.173828125
20490 -25292.802734375
20500 -25005.275390625
20510 -24725.31640625
20520 -24480.3203125
20530 -24421.990234375
20540 -24582.263671875
20550 -24868.529296875
20560 -24969.580078125
20570 -24950.46875
20580 -24922.375
20590 -24791.802734375
20600 -24543.169921875
20610 -25041.099609375
20620 -25624.001953125
20630 -25838.341796875
20640 -26062.578125
20650 -26287.751953125
20660 -26165.52734375
20670 -26007.97265625
20680 -25930.50390625
20690 -25917.775390625
20700 -25769.00390625
20710 -25428.072265625
20720 -25139.94921875
20730 -25039.806640625
20740 -25254.123046875
20750 -25435.474609375
20760 -25573.80078125
20770 -25774.509765625
20780 -25826.55859375
20790 -25947.68359375
20800 -25843.515625
20810 -25459.607421875
20820 -25193.822265625
20830 -25150.171875
20840 -25332.423828125
20850 -25239.630859375
20860 -25089.501953125
20870 -25046.251953125
20880 -25043.599609375
20890 -24932.236328125
20900 -24769.07421875
20910 -24658.927734375
20920 -24651.392578125
20930 -24807.818359375
20940 -25110.802734375
20950 -25368.546875
20960 -25569.626953125
20970 -25714.49609375
20980 -25787.037109375
20990 -25746.556640625
21000 -26075.044921875
21010 -26472.02734375
21020 -26592.44140625
21030 -26456.400390625
21040 -26152.99609375
21050 -26132.712890625
21060 -26188.513671875
21070 -26061.033203125
21080 -25873.2421875
21090 -25943.8125
21100 -26173.125
21110 -26119.623046875
21120 -26094.060546875
21130 -26242.5625
21140 -26463.62890625
21150 -26635.439453125
21160 -26833.427734375
21170 -27131.806640625
21180 -27285.37890625
21190 -27083.173828125
21200 -26800.74609375
21210 -26650
21220 -26605.431640625
21230 -26707.833984375
21240 -26989.40234375
21250 -27022.220703125
21260 -26776.119140625
21270 -26581.25390625
21280 -26182.474609375
21290 -25621.794921875
21300 -25229.7109375
21310 -25058.162109375
21320 -24651.439453125
21330 -24214.318359375
21340 -24249.03515625
21350 -24251.783203125
21360 -24080.6015625
21370 -24180.521484375
21380 -24444.08984375
21390 -24626.6640625
21400 -24894.36328125
21410 -25446.236328125
21420 -25883.822265625
21430 -25986.7265625
21440 -26365.306640625
21450 -26744.974609375
21460 -27040.90625
21470 -27047.35546875
21480 -26901.158203125
21490 -26940.560546875
21500 -27109.1875
21510 -27116.046875
21520 -26899.2265625
21530 -26795.666015625
21540 -26952.994140625
21550 -27051.494140625
21560 -27063.5703125
21570 -27054.544921875
21580 -27080.8125
21590 -27285.408203125
21600 -27541.21875
21610 -27666.09375
21620 -27425.9765625
21630 -26792.314453125
21640 -26153.29296875
21650 -25715.8828125
21660 -25402.724609375
21670 -25275.44140625
21680 -25240.939453125
21690 -25111.109375
21700 -24899.4140625
21710 -24497.8203125
21720 -24160.013671875
21730 -24071.02734375
21740 -24265.76953125
21750 -24588.22265625
21760 -25043.6015625
21770 -25335.1328125
21780 -25410.84375
21790 -25551.935546875
21800 -25679.5703125
21810 -25926.02734375
21820 -25641.953125
21830 -25628.134765625
21840 -25508.39453125
21850 -25425.1875
21860 -25505.921875
21870 -25541.71484375
21880 -25541.18359375
21890 -25734.619140625
21900 -26037.27734375
21910 -26338.572265625
21920 -26428.62109375
21930 -26348.70703125
21940 -26398.14453125
21950 -26586.70703125
21960 -26908.337890625
21970 -27116.013671875
21980 -26978.37890625
21990 -26820.7109375
22000 -26859.259765625
22010 -26868.30078125
22020 -26626.94921875
22030 -26124.388671875
22040 -25585.2421875
22050 -25098.61328125
22060 -24543.0859375
22070 -24106.02734375
22080 -23949.69921875
22090 -23690.837890625
22100 -23500.21875
22110 -23428.986328125
22120 -23405.646484375
22130 -23460.826171875
22140 -23574.47265625
22150 -23778.880859375
22160 -24026.99609375
22170 -24301.421875
22180 -24815.671875
22190 -25227.486328125
22200 -24810.8828125
22210 -24344.2578125
22220 -24545.9765625
22230 -25308.953125
22240 -25529.771484375
22250 -25700.046875
22260 -26281.3828125
22270 -26879.775390625
22280 -27409.98828125
22290 -27676.275390625
22300 -27702.298828125
22310 -27366.513671875
22320 -26830.30078125
22330 -26463.54296875
22340 -26168.482421875
22350 -25955.134765625
22360 -26233.2734375
22370 -26570.0078125
22380 -26711.64453125
22390 -26758.13671875
22400 -26871.4921875
22410 -27096.8671875
22420 -27412.9296875
22430 -27642.390625
22440 -27677.19921875
22450 -27441.134765625
22460 -27001.67578125
22470 -26507.287109375
22480 -25925.916015625
22490 -25293.97265625
22500 -24681.099609375
22510 -24114.201171875
22520 -23653.064453125
22530 -23468.619140625
22540 -23639.0546875
22550 -23959.51171875
22560 -24280.3671875
22570 -24490.1953125
22580 -24697.7890625
22590 -25020.484375
22600 -25329.83203125
22610 -25500.43359375
22620 -25611.009765625
22630 -25895.58984375
22640 -26129.34375
22650 -26301.421875
22660 -26256.91015625
22670 -26346.783203125
22680 -26459.427734375
22690 -26495.142578125
22700 -26507.392578125
22710 -26547.87109375
22720 -26784.318359375
22730 -27104.138671875
22740 -27347.001953125
22750 -27507.84765625
22760 -27408.560546875
22770 -27187.45703125
22780 -27003.984375
22790 -26751.03125
22800 -26408.748046875
22810 -26087.435546875
22820 -25943.126953125
22830 -25829.48828125
22840 -25643.953125
22850 -25557.974609375
22860 -25535.822265625
22870 -25609.75
22880 -25628.751953125
22890 -25342.072265625
22900 -24837.115234375
22910 -24302.841796875
22920 -24023.966796875
22930 -24064.619140625
22940 -24479.201171875
22950 -25049.591796875
22960 -25599.00390625
22970 -25991.267578125
22980 -26343.529296875
22990 -26686.66796875
23000 -26968.501953125
23010 -27227.203125
23020 -27347.96484375
23030 -27200.39453125
23040 -26879.654296875
23050 -26952.921875
23060 -27074.552734375
23070 -27256.91796875
23080 -27522.015625
23090 -27767.1484375
23100 -27687.236328125
23110 -27423.357421875
23120 -27149.1875
23130 -26752.69140625
23140 -26478.9375
23150 -26226.41015625
23160 -25880.31640625
23170 -25506.283203125
23180 -25172.35546875
23190 -24994.8046875
23200 -24988.025390625
23210 -25235.4296875
23220 -25637.296875
23230 -25886.98046875
23240 -25997.359375
23250 -25942.357421875
23260 -25822.1328125
23270 -25716.89453125
23280 -25430.52734375
23290 -25016.96875
23300 -24733.357421875
23310 -24486.984375
23320 -24236.904296875
23330 -24161.19140625
23340 -24184.498046875
23350 -24269.3046875
23360 -24514.130859375
23370 -24777.833984375
23380 -24944.458984375
23390 -24995.5546875
23400 -24716.17578125
23410 -24643.236328125
23420 -24954.048828125
23430 -25269.75
23440 -25458.486328125
23450 -25603.357421875
23460 -25754.453125
23470 -25811.78515625
23480 -25713.662109375
23490 -25232.580078125
23500 -24953.25390625
23510 -25299.794921875
23520 -26036.85546875
23530 -26210.296875
23540 -26208.5859375
23550 -26322.1171875
23560 -26392.587890625
23570 -26450.015625
23580 -26695.162109375
23590 -26895.685546875
23600 -26928.390625
23610 -26878.3046875
23620 -26813.375
23630 -26668.123046875
23640 -26364.794921875
23650 -25947.328125
23660 -25514.693359375
23670 -25207.609375
23680 -24969.10546875
23690 -24701.986328125
23700 -24353.875
23710 -23987.18359375
23720 -23812.65625
23730 -23725.16015625
23740 -23862.94140625
23750 -24125.96875
23760 -24526.578125
23770 -24753.357421875
23780 -24932.939453125
23790 -25281.376953125
23800 -25571.650390625
23810 -25867.533203125
23820 -26277.37109375
23830 -26623.458984375
23840 -26893.578125
23850 -27026.02734375
23860 -27123.41015625
23870 -27275.1796875
23880 -27265.24609375
23890 -27039.6796875
23900 -26536.994140625
23910 -26054.287109375
23920 -25919.580078125
23930 -26140.802734375
23940 -26171.650390625
23950 -26154.171875
23960 -26119.8203125
23970 -25980.263671875
23980 -25891.130859375
23990 -26084.369140625
24000 -26400.6171875
13410 -26786.375
13420 -27177.916015625
13430 -27298.359375
13440 -27335.333984375
13450 -27286.19921875
13460 -27042.150390625
13470 -26580.29296875
13480 -26241.537109375
13490 -25896.60546875
13500 -25508.896484375
13510 -25559.017578125
13520 -25686.466796875
13530 -25920.427734375
13540 -26342.900390625
13550 -26577.0859375
13560 -26724.8125
13570 -26662.306640625
13580 -26273.216796875
13590 -25649.44140625
13600 -25176.1328125
13610 -25018.9921875
13620 -25079.953125
13630 -25196.330078125
13640 -25491.369140625
13650 -25644.87890625
13660 -25348.203125
13670 -25074.84765625
13680 -24763.6875
13690 -24466.458984375
13700 -24218.845703125
13710 -23974.34375
13720 -23995.16796875
13730 -24309.90625
13740 -24900.630859375
13750 -25416.689453125
13760 -25675.234375
13770 -25879.052734375
13780 -26181.830078125
13790 -26569.353515625
13800 -27024.865234375
13810 -27320.755859375
13820 -27591.736328125
13830 -27665.431640625
13840 -27531.39453125
13850 -27411.798828125
13860 -27261.537109375
13870 -26971.89453125
13880 -26761.6171875
13890 -26612.861328125
13900 -26538.79296875
13910 -26541.884765625
13920 -26534.73046875
13930 -26415.275390625
13940 -26417.369140625
13950 -26451.765625
13960 -26233.00390625
13970 -26143.064453125
13980 -26153.03515625
13990 -26313.19921875
14000 -26793.09375
14010 -27332.4921875
14020 -27384.05859375
14030 -27209.72265625
14040 -27156.59765625
14050 -26948.00390625
14060 -26479.09765625
14070 -25940.923828125
14080 -25394.3359375
14090 -24983.375
14100 -24680.69921875
14110 -24665.28125
14120 -24708.5078125
14130 -24820.7109375
14140 -25033.71484375
14150 -25358.5
14160 -25620.6171875
14170 -25624.8515625
14180 -25540.51953125
14190 -25242.130859375
14200 -24994.0234375
14210 -25099.994140625
14220 -24804.46484375
14230 -24728.6640625
14240 -25167.7890625
14250 -25480.74609375
14260 -25924.673828125
14270 -26229.1484375
14280 -26319.900390625
14290 -26300.015625
14300 -26437.53125
14310 -26663.6171875
14320 -26889.392578125
14330 -26828.193359375
14340 -26652.7890625
14350 -26529.40234375
14360 -26483.84375
14370 -26387.796875
14380 -26195.54296875
14390 -26159.65234375
14400 -26498.9609375
14410 -26682.14453125
14420 -27035.14453125
14430 -27118.68359375
14440 -27214.345703125
14450 -27120.0390625
14460 -26528.03515625
14470 -25981.08984375
14480 -25498.66015625
14490 -25106.8046875
14500 -24914.953125
14510 -24829.45703125
14520 -24653.96875
14530 -24728.021484375
14540 -24992.658203125
14550 -25293.474609375
14560 -25582.12109375
14570 -25829.837890625
14580 -25935.994140625
14590 -25987.75
14600 -26105.26953125
14610 -26245.078125
14620 -26203.830078125
14630 -26446.615234375
14640 -26854.580078125
14650 -27351.73828125
14660 -27303.423828125
14670 -27097.892578125
14680 -26926.056640625
14690 -26957.509765625
14700 -27204.779296875
14710 -27103.3125
14720 -26898.76953125
14730 -26936.6640625
14740 -27096.115234375
14750 -26882.91796875
14760 -26321.859375
14770 -25801.62109375
14780 -25613.064453125
14790 -25377.736328125
14800 -25075.083984375
14810 -24963.53515625
14820 -25129.02734375
14830 -25557.71875
14840 -25803.76171875
14850 -25755.552734375
14860 -25664.794921875
14870 -25595.50390625
14880 -25420.845703125
14890 -25157.5234375
14900 -24742.296875
14910 -24231.236328125
14920 -23953.15625
14930 -24050.98046875
14940 -24098.767578125
14950 -24081.625
14960 -24286.298828125
14970 -24637.52734375
14980 -24996.923828125
14990 -25314.990234375
15000 -25556.361328125
15010 -25726.12890625
15020 -26000.603515625
15030 -26152.416015625
15040 -26316.94140625
15050 -26474.291015625
15060 -26689.90625
15070 -27021.8125
15080 -27367.7734375
15090 -27682.1015625
15100 -27729.65234375
15110 -27545.009765625
15120 -27220.73046875
15130 -26964.91015625
15140 -26836.2265625
15150 -26627.67578125
15160 -26369.728515625
15170 -26274.6953125
15180 -26378.9296875
15190 -26452.130859375
15200 -26517.82421875
15210 -26552.62109375
15220 -26525.015625
15230 -26494.97265625
15240 -26521.99609375
15250 -26648.75
15260 -26702.75
15270 -26386.40625
15280 -26200.828125
15290 -26243.751953125
15300 -26066.068359375
15310 -25515.771484375
15320 -24883.078125
15330 -24623.83984375
15340 -24420.37109375
15350 -24302.16796875
15360 -24362.05078125
15370 -24612.798828125
15380 -24967.763671875
15390 -25221.041015625
15400 -25537.765625
15410 -25902.232421875
15420 -26178.810546875
15430 -26573.880859375
15440 -26960.01953125
15450 -27118.998046875
15460 -27095.34765625
15470 -27058.66015625
15480 -27195.6953125
15490 -27458.990234375
15500 -27699.54296875
15510 -27649.013671875
15520 -27301.451171875
15530 -27028.095703125
15540 -26995.625
15550 -27045.533203125
15560 -27006.1328125
15570 -26859.83203125
15580 -26629.431640625
15590 -26377.724609375
15600 -26178.23046875
15610 -26192.63671875
15620 -26331.63671875
15630 -26398.75
15640 -26304.197265625
15650 -26045.052734375
15660 -25665.8125
15670 -25306.859375
15680 -25037.6484375
15690 -24901.404296875
15700 -24611.45703125
15710 -24245.85546875
15720 -24197.634765625
15730 -24489.619140625
15740 -24936.88671875
15750 -25314.708984375
15760 -25607.66015625
15770 -26054.724609375
15780 -26728.32421875
15790 -26805.171875
15800 -26754.095703125
15810 -26912.876953125
15820 -27057.337890625
15830 -26968.048828125
15840 -27046.310546875
15850 -27119.087890625
15860 -27197.83203125
15870 -26909.890625
15880 -26592.85546875
15890 -26757.13671875
15900 -26777.294921875
15910 -26578.359375
15920 -26269.3828125
15930 -25841.162109375
15940 -25469.26953125
15950 -25114.748046875
15960 -25017.583984375
15970 -25063.73828125
15980 -25106.033203125
15990 -25455.0234375
16000 -25749.62890625
16010 -25979.958984375
16020 -26307.41796875
16030 -26440.6796875
16040 -26254.873046875
16050 -26218.470703125
16060 -26128.1640625
16070 -25881.31640625
16080 -25733.599609375
16090 -25426.306640625
16100 -24830.982421875
16110 -24373.5859375
16120 -24148.77734375
16130 -24060.3125
16140 -24133.267578125
16150 -24382.357421875
16160 -24660.3359375
16170 -24796.498046875
16180 -24731.560546875
16190 -24641.818359375
16200 -24895.443359375
16210 -25326.154296875
16220 -25563.1640625
16230 -25847.64453125
16240 -25971.228515625
16250 -25912.931640625
16260 -26219.451171875
16270 -26655.5
16280 -26939.263671875
16290 -26758.666015625
16300 -26219.025390625
16310 -25910
16320 -25903.98828125
16330 -25823.2109375
16340 -25978.654296875
16350 -26269.341796875
16360 -26450.580078125
16370 -26476.33984375
16380 -26500.779296875
16390 -26837.9921875
16400 -27167.5
16410 -27115.0625
16420 -26975.8359375
16430 -26839.978515625
16440 -26554.4296875
16450 -26255.541015625
16460 -26036.228515625
16470 -25780.12890625
16480 -25451.904296875
16490 -25131.150390625
16500 -24802.92578125
16510 -24484.8515625
16520 -24485.22265625
16530 -24561.99609375
16540 -24545.73828125
16550 -24528.416015625
16560 -24486.24609375
16570 -24537.6640625
16580 -24880.8046875
16590 -25842.814453125
16600 -26073.62109375
16610 -25984.9375
16620 -26182.458984375
16630 -26158.16796875
16640 -26239.1796875
16650 -26278.625
16660 -26275.91796875
16670 -26106.6015625
16680 -26130.544921875
16690 -26527.87109375
16700 -26798.787109375
16710 -26814.68359375
16720 -27639.283203125
16730 -28346.818359375
16740 -27996.796875
16750 -28007.869140625
16760 -27999.365234375
16770 -27928.283203125
16780 -27539.64453125
16790 -26991.40234375
16800 -26447.8203125
16810 -26053.779296875
16820 -25726.185546875
16830 -25627.609375
16840 -25645.724609375
16850 -25470.07421875
16860 -25241.97265625
16870 -24832.841796875
16880 -24445.1328125
16890 -24300.86328125
16900 -24244.837890625
16910 -24191.796875
16920 -24185.45703125
16930 -24225.08203125
16940 -24444.53125
16950 -24690.72265625
16960 -24963.98046875
16970 -25265.634765625
16980 -25185.033203125
16990 -25268.759765625
17000 -25355.173828125
17010 -25679.572265625
17020 -26386.521484375
17030 -27041.599609375
17040 -27156.431640625
17050 -26933.068359375
17060 -26779.06640625
17070 -26689.658203125
17080 -26608.2734375
17090 -26572.185546875
17100 -26646.51953125
17110 -26591.66796875
17120 -26454.60546875
17130 -26248.45703125
17140 -26021.01953125
17150 -25983.755859375
17160 -26090.23046875
17170 -25785.63671875
17180 -25437.720703125
17190 -25125.8046875
17200 -24833.00390625
17210 -24559.810546875
17220 -24580.462890625
17230 -24892.37890625
17240 -25148.099609375
17250 -25171.765625
17260 -25079.724609375
17270 -24948.896484375
17280 -24730.408203125
17290 -24405.103515625
17300 -24092.681640625
17310 -23866.689453125
17320 -23820.27734375
17330 -23974.470703125
17340 -24242.26171875
17350 -24604.365234375
17360 -24955.98828125
17370 -25306.00390625
17380 -25634.1796875
17390 -25837.8828125
17400 -25952.19921875
17410 -26062.466796875
17420 -26205.900390625
17430 -26389.759765625
17440 -26717.2890625
17450 -26987.783203125
17460 -27227.08203125
17470 -27186.76953125
17480 -27230.263671875
17490 -27444.728515625
17500 -27719.2734375
17510 -27834.75
17520 -27686.412109375
17530 -27639.888671875
17540 -27648.388671875
17550 -27467.80859375
17560 -27110.740234375
17570 -26793.0625
17580 -26676.876953125
17590 -27017.82421875
17600 -27258.17578125
17610 -27098.24609375
17620 -26858.19921875
17630 -26724.693359375
17640 -26762.984375
17650 -26824.806640625
17660 -26568.859375
17670 -26107.24609375
17680 -25633.677734375
17690 -25216.873046875
17700 -24773.615234375
17710 -24332.23046875
17720 -23884.388671875
17730 -23689.38671875
17740 -23744.326171875
17750 -23879.16015625
17760 -24201.986328125
17770 -24591.578125
17780 -25007.5703125
17790 -25383.408203125
17800 -25650.220703125
17810 -25949.84765625
17820 -26349.0625
17830 -26743.99609375
17840 -26902.12109375
17850 -26838.857421875
17860 -27016.73046875
17870 -27641.142578125
17880 -28069.67578125
17890 -27887.1640625
17900 -27711.59765625
17910 -27579.947265625
17920 -27508.853515625
17930 -27265.64453125
17940 -26996.763671875
17950 -26949.107421875
17960 -26874.14453125
17970 -26809.25
17980 -26661.078125
17990 -26203.1875
18000 -25810.796875
18010 -25357.62109375
18020 -25248.109375
18030 -25136.63671875
18040 -25161.09375
18050 -25031.169921875
18060 -24727.421875
18070 -24951.0859375
18080 -25354.3125
18090 -25523.083984375
18100 -25433.267578125
18110 -25153.591796875
18120 -24943.638671875
18130 -24904.720703125
18140 -24855.0234375
18150 -24811.1484375
18160 -24845.53515625
18170 -25104.0859375
18180 -25460.8984375
18190 -26051.244140625
18200 -26601.25
18210 -26772.01171875
18220 -26703.447265625
18230 -26693.130859375
18240 -26834.447265625
18250 -27301.697265625
18260 -27684.388671875
18270 -28129.4375
18280 -28477.244140625
18290 -28293.86328125
18300 -27723.30078125
18310 -27369.52734375
18320 -27195.572265625
18330 -27184.705078125
18340 -27190.75
18350 -27102.740234375
18360 -26725.640625
18370 -26378.42578125
18380 -26434.9921875
18390 -26721.71484375
18400 -27096.416015625
18410 -27238.73828125
18420 -27047.064453125
18430 -26874.904296875
18440 -26811.666015625
18450 -26777.701171875
18460 -26608.697265625
18470 -26296.3046875
18480 -25846.509765625
18490 -25391.0234375
18500 -24908.32421875
18510 -24478.29296875
18520 -24321.939453125
18530 -24375.431640625
18540 -24534.9453125
18550 -24960.572265625
18560 -25667.603515625
18570 -26316.58984375
18580 -26791.62890625
18590 -27062.134765625
18600 -26951.35546875
18610 -26972.345703125
18620 -26901.66015625
18630 -27065.337890625
18640 -27112.12109375
18650 -27020.79296875
18660 -26917.75390625
18670 -26818.619140625
18680 -26794.03125
18690 -26864.787109375
18700 -26815.52734375
18710 -26809.70703125
18720 -26983.224609375
18730 -26874.953125
18740 -26707.271484375
18750 -27027.5703125
18760 -27475.83203125
18770 -27884.50390625
18780 -28131.232421875
18790 -28194.08984375
18800 -28067.8359375
18810 -27790.57421875
18820 -27453.01953125
18830 -27057.86328125
18840 -26547.673828125
18850 -26003.8125
18860 -25453.814453125
18870 -25197.478515625
18880 -24787.5
18890 -24588.25
18900 -24392.00390625
18910 -23948.35546875
18920 -23610.0390625
18930 -23664.890625
18940 -23917.5546875
18950 -24303.75390625
18960 -24734.43359375
18970 -24902.625
18980 -24899.896484375
18990 -24801.08984375
19000 -24649.703125
19010 -24820.84375
19020 -25351.439453125
19030 -25816.0859375
19040 -26062.951171875
19050 -26305.37890625
19060 -26429.40625
19070 -26228.63671875
19080 -26065.845703125
19090 -26166.6796875
19100 -26390.287109375
19110 -26619.591796875
19120 -27075.6171875
19130 -27605.306640625
19140 -27922.94921875
19150 -27757.658203125
19160 -27315.021484375
19170 -26884.181640625
19180 -26423.359375
19190 -26417.076171875
19200 -26689.916015625
19210 -26770.9921875
19220 -26666.3046875
19230 -26478.2578125
19240 -26269.71875
19250 -25870.607421875
19260 -25547.033203125
19270 -25329.1875
19280 -25173.880859375
19290 -25087.74609375
19300 -24937.28515625
19310 -24528.53515625
19320 -24194.048828125
19330 -24085.330078125
19340 -24040.482421875
19350 -24237.736328125
19360 -24786.46875
19370 -25604.82421875
19380 -26255.681640625
19390 -26571.75390625
19400 -26810.400390625
19410 -27014.8359375
19420 -27173.97265625
19430 -27029.681640625
19440 -26673.603515625
19450 -26265.23046875
19460 -26040.2421875
19470 -26114.05078125
19480 -26218.685546875
19490 -26236.451171875
19500 -26133.234375
19510 -26060.3046875
19520 -25950.724609375
19530 -25848.158203125
19540 -25884.916015625
19550 -26163.25390625
19560 -26578.62890625
19570 -26898.630859375
19580 -27093.48828125
19590 -27308.30859375
19600 -27332.21875
19610 -27229.056640625
19620 -27085.45703125
19630 -26937.9296875
19640 -26828.4921875
19650 -26706.837890625
19660 -26437.53515625
19670 -26041.283203125
19680 -25621.126953125
19690 -25069.455078125
19700 -24620.048828125
19710 -24225.15234375
19720 -24000.609375
19730 -23958.9921875
19740 -24034.705078125
19750 -24194.607421875
19760 -24561.328125
19770 -24929.46484375
19780 -25187.849609375
19790 -25378.33203125
19800 -25476.90234375
19810 -25305.166015625
19820 -25442.685546875
19830 -25630.404296875
19840 -25729.87890625
19850 -25682.71875
19860 -25864.37109375
19870 -26112.9375
19880 -26281.64453125
19890 -26433.478515625
19900 -26175.619140625
19910 -25759.556640625
19920 -25475.0703125
19930 -25352.45703125
19940 -25518.72265625
19950 -25770.150390625
19960 -25991.83984375
19970 -25924.064453125
19980 -25955.904296875
19990 -25974.33984375
20000 -25908.357421875
20010 -26009.494140625
20020 -26142.81640625
20030 -26187.888671875
20040 -26213.09375
20050 -26109.28515625
20060 -25932.033203125
20070 -25695.677734375
20080 -25391.107421875
20090 -25015.908203125
20100 -24589.466796875
20110 -24176.904296875
20120 -23952.578125
20130 -23927.21875
20140 -24101.62109375
20150 -24511.640625
20160 -25117.896484375
20170 -25650.013671875
20180 -26108.3671875
20190 -26308.767578125
20200 -26377.28125
20240 -26429.373046875
20250 -26687.38671875
20260 -26759.154296875
20270 -26448.708984375
20280 -26104.748046875
20290 -25935.091796875
20300 -26156.763671875
20310 -26511.716796875
20320 -26532.568359375
20330 -26398.736328125
20340 -26242.927734375
20350 -26236.068359375
20360 -26563.310546875
20370 -26862.626953125
6610 -25003.9140625
6620 -25218.8203125
6630 -25112.818359375
6640 -25000.96875
6650 -24912.900390625
6660 -24799.751953125
6670 -24847.20703125
6680 -25210.48046875
6690 -25819.509765625
6700 -26388.544921875
6710 -26656.02734375
6720 -26714.58984375
6730 -26647.056640625
6740 -26597.595703125
6750 -26499.12890625
6760 -26481.744140625
6770 -26726.322265625
6780 -27104.458984375
6790 -27383.9296875
6800 -27429.26171875
6810 -27370.203125
6820 -26881.599609375
6830 -26086.009765625
6840 -25481.619140625
6850 -25049.984375
6860 -24841.55078125
6870 -24892.859375
6880 -24713.728515625
6890 -24297.0390625
6900 -24171.615234375
6910 -24045.384765625
6920 -23925.078125
6930 -23913.951171875
6940 -23967.36328125
6950 -24083.537109375
6960 -24270.755859375
6970 -24305.0859375
6980 -24417.546875
6990 -24536.544921875
7000 -24817.7265625
7010 -24761.16015625
7020 -24885.26953125
7030 -25379.431640625
7040 -25669.78515625
7050 -25829.716796875
7060 -26007.947265625
7070 -26344.890625
7080 -26584.2421875
7090 -27151.654296875
7100 -27457.498046875
7110 -27451.185546875
7120 -27267.52734375
7130 -27036.99609375
7140 -27057.662109375
7150 -27314.462890625
7160 -27579.3359375
7170 -27657.626953125
7180 -27415.03515625
7190 -27094.83203125
7200 -26850.666015625
7210 -26483.712890625
7220 -26003.849609375
7230 -25306.2890625
7240 -24833.396484375
7250 -24390.21484375
7260 -24173.06640625
7270 -24138.6953125
7280 -24458.93359375
7290 -24463
7300 -24477.8984375
7310 -24687.021484375
7320 -24432.267578125
7330 -24095.80859375
7340 -24242.75
7350 -24546.169921875
7360 -24996.783203125
7370 -25539.314453125
7380 -25894.80859375
7390 -26162.580078125
7400 -26273.6796875
7410 -26325.34765625
7420 -26302.41015625
7430 -26467.533203125
7440 -26835.072265625
7450 -26626.02734375
7460 -26087.748046875
7470 -25966.287109375
7480 -25823.654296875
7490 -25781.861328125
7500 -26175.501953125
7510 -26339.78515625
7520 -26050.48046875
7530 -25823.923828125
7540 -25664.28515625
7550 -25435.306640625
7560 -25266.927734375
7570 -25293.927734375
7580 -25363.73828125
7590 -25466.380859375
7600 -25732.138671875
7610 -26040.228515625
7620 -26185.021484375
7630 -26046.376953125
7640 -25683.5859375
7650 -25394.1875
7660 -25058.353515625
7670 -24606.751953125
7680 -24257.4609375
7690 -24043.029296875
7700 -23726.3046875
7710 -23471.806640625
7720 -23291.375
7730 -23449.4921875
7740 -23526.908203125
7750 -23426.287109375
7760 -23291.169921875
7770 -23543.2109375
7780 -23867.427734375
7790 -23910.69921875
7800 -24389.501953125
7810 -25004.791015625
7820 -25671.47265625
7830 -26235.349609375
7840 -26391.66015625
7850 -26068.7421875
7860 -25824.73828125
7870 -25777.5546875
7880 -25907.96875
7890 -26116.451171875
7900 -26484.173828125
7910 -26903.48046875
7920 -27089.93359375
7930 -27120.654296875
7940 -27154.9375
7950 -27093.171875
7960 -27022.4140625
7970 -27004.845703125
7980 -26567.712890625
7990 -25985.8203125
8000 -25782.54296875
8010 -25725.97265625
8020 -25321.7890625
8030 -25049.146484375
8040 -25020.158203125
8050 -25110.66015625
8060 -25122.373046875
8070 -25010.015625
8080 -24863.55859375
8090 -24668.365234375
8100 -24391.943359375
8110 -24266.556640625
8120 -24195.9609375
8130 -24343.578125
8140 -24680.603515625
8150 -25132.94921875
8160 -25539.765625
8170 -25870.66015625
8180 -26051.291015625
8190 -26130.365234375
8200 -26379.666015625
8210 -26642.919921875
8220 -27052.6953125
8230 -27593.11328125
8240 -28019.646484375
8250 -28348.4765625
8260 -28284.767578125
8270 -27905.525390625
8280 -27401.185546875
8290 -26873.08203125
8300 -26380.607421875
8310 -25924.673828125
8320 -25755.2421875
8330 -25962.10546875
8340 -26297.095703125
8350 -26292.98828125
8360 -26031.732421875
8370 -25602.9375
8380 -25200.8515625
8390 -24789.841796875
8400 -24446.7734375
8410 -24223.873046875
8420 -24379.14453125
8430 -24841.220703125
8440 -25114.728515625
8450 -25120.62109375
8460 -25084.697265625
8470 -25107.49609375
8480 -25119.439453125
8490 -24933.951171875
8500 -24599.560546875
8510 -24197.94140625
8520 -23806.732421875
8530 -23559.5703125
8540 -23627.9765625
8550 -23874.107421875
8560 -24231.802734375
8570 -24806.74609375
8580 -25313.474609375
8590 -25777.412109375
8600 -26435.814453125
8610 -26828.720703125
8620 -27070.751953125
8630 -27308.98828125
8640 -27612.12109375
8650 -27512.408203125
8660 -27489.859375
8670 -27545.119140625
8680 -28104.2421875
8690 -27992.544921875
8700 -27374.17578125
8710 -26929.875
8720 -26777.296875
8730 -26442.61328125
8740 -25922.822265625
8750 -25617.134765625
8760 -25530.12890625
8770 -25638.2421875
8780 -25856.029296875
8790 -26289.3828125
8800 -26684.763671875
8810 -26833.740234375
8820 -26939.544921875
8830 -26999.98828125
8840 -26844.755859375
8850 -26617.251953125
8860 -26326.05078125
8870 -25910.033203125
8880 -25606.248046875
8890 -25289.822265625
8900 -24963.908203125
8910 -24851.8671875
8920 -24879.44921875
8930 -24883.33984375
8940 -24817.12109375
8950 -24741.978515625
8960 -24632.73828125
8970 -24550.375
8980 -24720.48046875
8990 -25286.650390625
9000 -25946.384765625
9010 -26632.74609375
9020 -27218.783203125
9030 -27381.46875
9040 -27746.759765625
9050 -27801.94921875
9060 -28253.5078125
9070 -28769.373046875
9080 -28743.0546875
9090 -28232.712890625
9100 -27700.35546875
9110 -27405.6484375
9120 -27164.19140625
9130 -26870.453125
9140 -26640.056640625
9150 -26707.97265625
9160 -26760.181640625
9170 -26478.6875
9180 -26326.412109375
9190 -26362.341796875
9200 -26252.513671875
9210 -26293.310546875
9220 -26343.591796875
9230 -26109.359375
9240 -25805.701171875
9250 -25578.79296875
9260 -25421.58984375
9270 -25137.87890625
9280 -24811.90625
9290 -24602.150390625
9300 -24540.40234375
9310 -24350.86328125
9320 -24216.921875
9330 -24306.392578125
9340 -24646.689453125
9350 -25108.4140625
9360 -25363.900390625
9370 -25349.330078125
9380 -25677.15625
9390 -26408.572265625
9400 -26930.548828125
9410 -27223.287109375
9420 -27255.759765625
9430 -27320.982421875
9440 -27230.177734375
9450 -27211.796875
9460 -27556.6015625
9470 -27959.77734375
9480 -27720.787109375
9490 -27416.11328125
9500 -27126.908203125
9510 -26883.052734375
9520 -26760.802734375
9530 -26695.748046875
9540 -26608.853515625
9550 -26485.876953125
9560 -26362.205078125
9570 -26392.193359375
9580 -26344.63671875
9590 -26182.783203125
9600 -26133.08984375
9610 -26217.3515625
9620 -26215.609375
9630 -26048.92578125
9640 -25749.2734375
9650 -25421.310546875
9660 -25171.1484375
9670 -24795.357421875
9680 -24210.791015625
9690 -23778.15234375
9700 -23647.5
9710 -23444.681640625
9720 -23441.142578125
9730 -23617.755859375
9740 -23969.61328125
9750 -24449.263671875
9760 -25022.16015625
9770 -25422.119140625
9780 -25600.431640625
9790 -25455.59765625
9800 -25699.794921875
9810 -26025.765625
9820 -26341.287109375
9830 -26718.853515625
9840 -27067.87890625
9850 -27427.28515625
9860 -27786.490234375
9870 -28048.1640625
9880 -27908.373046875
9890 -27672.72265625
9900 -27535.525390625
9910 -27186.4765625
9920 -27013.12890625
9930 -27125.90234375
9940 -26931.169921875
9950 -26881.35546875
9960 -26818.74609375
9970 -26923.447265625
9980 -27132.873046875
9990 -27279.677734375
10000 -27253.935546875
10010 -27240.83203125
10020 -27241.9375
10030 -26920.181640625
10040 -26473.84765625
10050 -26233.9921875
10060 -26258.88671875
10070 -26333.224609375
10080 -26204.12890625
10090 -25809.283203125
10100 -25251.955078125
10110 -24647.787109375
10120 -24221.736328125
10130 -24016.759765625
10140 -24007.595703125
10150 -24154.419921875
10160 -24473.84375
10170 -24897.0546875
10180 -25332.2734375
10190 -25840.556640625
10200 -26238.83203125
10210 -26614.83203125
10220 -26843.08984375
10230 -26950.33984375
10240 -27039.04296875
10250 -27119.89453125
10260 -27323.197265625
10270 -27293.5703125
10280 -26750.736328125
10290 -26104.58984375
10300 -25746.287109375
10310 -25547.111328125
10320 -25359.67578125
10330 -25128.640625
10340 -25154.06640625
10350 -25469.77734375
10360 -25781.005859375
10370 -26253.84375
10380 -26631.576171875
10390 -26887.521484375
10400 -27119.568359375
10410 -27220.5
10420 -27245.224609375
10430 -27232.884765625
10440 -27222.0078125
10450 -27111.6015625
10460 -27077.173828125
10470 -26995.125
10480 -26750.130859375
10490 -26474.16015625
10500 -26206.0546875
10510 -25676.576171875
10520 -25012.509765625
10530 -24570.8203125
10540 -24318.248046875
10550 -24331.21875
10560 -24429.533203125
10570 -24508.982421875
10580 -24637.25390625
10590 -24921.99609375
10600 -25018.75390625
10610 -25130.73046875
10620 -25273.95703125
10630 -25291.173828125
10640 -25201.197265625
10650 -24989.90234375
10660 -24759.5234375
10670 -24630.31640625
10680 -24798.326171875
10690 -24985.681640625
10700 -25155.78515625
10710 -25477.74609375
10720 -25808.00390625
10730 -26109.43359375
10740 -26213.373046875
10750 -26095.966796875
10760 -25926.369140625
10770 -25704.09765625
10780 -25490.720703125
10790 -25281.796875
10800 -25131.095703125
10810 -25058.1796875
10820 -25046.36328125
10830 -25216.396484375
10840 -25561.962890625
10850 -25869.654296875
10860 -26036.33203125
10870 -26103.314453125
10880 -26164.7890625
10890 -26130.048828125
10900 -25908.998046875
10910 -25743.2109375
10920 -25624.537109375
10930 -25545.564453125
10940 -25672.00390625
10950 -25838.97265625
10960 -25930.6015625
10970 -25934.90234375
10980 -26102.330078125
10990 -26359.3125
11000 -26529.35546875
11010 -26696.505859375
11020 -26759.4765625
11030 -26954.49609375
11040 -26975.724609375
11050 -26880.41796875
11060 -26891.712890625
11070 -26952.369140625
11080 -27323.25
11090 -27707.65234375
11100 -27946.3359375
11110 -27981.421875
11120 -27729.72265625
11130 -27338.751953125
11140 -26947.57421875
11150 -26658.904296875
11160 -26457.580078125
11170 -26317.974609375
11180 -26248.373046875
11190 -26141.2265625
11200 -26058.0234375
11210 -26020.09765625
11220 -26107.310546875
11230 -26327.779296875
11240 -26141.6484375
11250 -25757.45703125
11260 -25174.28125
11270 -24720.326171875
11280 -24273.767578125
11290 -23816.35546875
11300 -23538.037109375
11310 -23418.029296875
11320 -23561.134765625
11330 -23995.076171875
11340 -24364.931640625
11350 -24349.00390625
11360 -24370.83984375
11370 -24529.185546875
11380 -24602.724609375
11390 -24770.701171875
11400 -24989.13671875
11410 -25288.970703125
11420 -25488.525390625
11430 -25691.517578125
11440 -26146.60546875
11450 -26900.28125
11460 -27632.6171875
11470 -27917.068359375
11480 -27947.09765625
11490 -27487.890625
11500 -26932.677734375
11510 -26556.16015625
11520 -26299.525390625
11530 -25917.869140625
11540 -25521.78125
11550 -25481.66796875
11560 -25719.501953125
11570 -25832.8515625
11580 -25648.5859375
11590 -25397.123046875
11600 -25259.7578125
11610 -25373.794921875
11620 -25758.96875
11630 -26187.724609375
11640 -26434.595703125
11650 -26511.611328125
11660 -26398.5390625
11670 -26132.525390625
11680 -25855.314453125
11690 -25649.826171875
11700 -25453.748046875
11710 -24865.833984375
11720 -24466.921875
11730 -24743.462890625
11740 -25043.783203125
11750 -24994.84375
11760 -25068.697265625
11770 -24996.455078125
11780 -25188.69921875
11790 -25595.9296875
11800 -25687.44140625
11810 -25633.033203125
11820 -25640.40234375
11830 -26156.298828125
11840 -26426.033203125
11850 -26458.939453125
11860 -26666.236328125
11870 -26938.64453125
11880 -27219.955078125
11890 -27573.1484375
11900 -27912.27734375
11910 -28010.193359375
11920 -27958.751953125
11930 -27915.71484375
11940 -27937.8671875
11950 -27907.328125
11960 -27689.349609375
11970 -27387.25
11980 -26923.26171875
11990 -26300.380859375
12000 -25954.8203125
12010 -26284.84765625
12020 -26974.71875
12030 -27064.388671875
12040 -26631.916015625
12050 -26271.9375
12060 -25843.30078125
12070 -25627.0625
12080 -25170.61328125
12090 -24749.923828125
12100 -24437.14453125
12110 -24227.234375
12120 -24241.759765625
12130 -24323.822265625
12140 -24548.4609375
12150 -24731.21875
12160 -24826.2890625
12170 -24802.244140625
12180 -24918.392578125
12190 -25138.126953125
12200 -24920.505859375
12210 -25076.736328125
12220 -25485.466796875
12230 -25802.9140625
12240 -26036.658203125
12250 -26164.158203125
12260 -26258.66796875
12270 -26233.26953125
12280 -26146.47265625
12290 -26221.69140625
12300 -26387.982421875
12310 -26425.271484375
12320 -26454.400390625
12330 -26470.025390625
12340 -26612.05859375
12350 -26916.734375
12360 -27277.98828125
12370 -27521.748046875
12380 -27596.484375
12390 -27643.9765625
12400 -27638.94140625
12410 -27838.880859375
12420 -28096.455078125
12430 -28146.943359375
12440 -27826.53125
12450 -27259.775390625
12460 -26841.40234375
12470 -26584.1171875
12480 -26112.8203125
12490 -25425.537109375
12500 -24694.009765625
12510 -24170.82421875
12520 -23747.90625
12530 -23671.328125
12540 -23838.568359375
12550 -23979.009765625
12560 -24156.126953125
12570 -24318.3203125
12580 -24442.916015625
12590 -24676.97265625
12600 -24970.1484375
12610 -25172.8046875
12620 -25334.48046875
12630 -25626.10546875
12640 -25870.13671875
12650 -25866.107421875
12660 -25895.390625
12670 -25864.89453125
12680 -26071.677734375
12690 -26347.083984375
12700 -26573.380859375
12710 -26799.72265625
12720 -26862.654296875
12730 -26558.787109375
12740 -26340.046875
12750 -26587.470703125
12760 -26994.189453125
12770 -27282.478515625
12780 -27405.94140625
12790 -27454.125
12800 -27537.517578125
12810 -27386.3515625
12820 -27217.966796875
12830 -27123.431640625
12840 -26966.681640625
12850 -26918.783203125
12860 -27000.216796875
12870 -26869.41015625
12880 -26346.966796875
12890 -25848.056640625
12900 -25212.130859375
12910 -24779.056640625
12920 -24600.248046875
12930 -24693.94921875
12940 -24801.3125
12950 -25010.931640625
12960 -25272.818359375
12970 -25551.189453125
12980 -25712.30859375
12990 -25587.0703125
13000 -25556.552734375
13010 -26217.2890625
13020 -26551.94921875
13030 -26438.8046875
13040 -26442.470703125
13050 -26547.677734375
13060 -26659.98828125
13070 -26796.88671875
13080 -26981.474609375
13090 -27118.296875
13100 -27192.025390625
13110 -27259.36328125
13120 -27274.1328125
13130 -27310.83984375
13140 -27425.814453125
13150 -27440.001953125
13160 -27216.99609375
13170 -27055.6796875
13180 -26885.380859375
13190 -26527.0625
13200 -26095.552734375
13210 -25696.931640625
13220 -25377.3671875
13230 -25065.62109375
13240 -24779.359375
13250 -24798.892578125
13260 -24935.966796875
13270 -24800.46484375
13280 -24637.5625
13290 -24370.51953125
13300 -24080.689453125
13310 -23828.91796875
13320 -23704.1484375
13330 -23919.521484375
13340 -24308.029296875
13350 -24579.1875
13360 -24787.4453125
13370 -25136.283203125
13380 -25288.583984375
13390 -25475.62109375
13400 -26052.466796875
0 -20487.94140625
10 -23547.1953125
20 -23661.685546875
30 -23705.3984375
40 -23729.7734375
50 -23715.244140625
60 -23562.76171875
70 -23275.638671875
80 -22706.93359375
90 -21877.041015625
100 -20869.732421875
110 -19642.9453125
120 -18579.798828125
130 -18066.498046875
140 -18062.259765625
150 -18218.3828125
160 -18432.333984375
170 -18538.4609375
180 -18511.421875
190 -18441.345703125
200 -18482.265625
210 -18537.81640625
220 -18556.37890625
230 -18483.4140625
240 -18416.419921875
250 -18551.9921875
260 -18867.70703125
270 -19081.69921875
280 -19180.931640625
290 -19258.97265625
300 -19467.69921875
310 -19765.685546875
320 -19956.6015625
330 -20047.947265625
340 -20034.380859375
350 -19913.669921875
360 -19724.3828125
370 -19624.509765625
380 -19747.830078125
390 -19838.822265625
400 -19804.294921875
410 -19864.689453125
420 -19938.4375
430 -19987.6171875
440 -19980.373046875
450 -19956.91796875
460 -19918.2109375
470 -19889.638671875
480 -19871.556640625
490 -19809.435546875
500 -19687.466796875
510 -19555.470703125
520 -19483.44921875
530 -19525.9765625
540 -19662.248046875
550 -19856.189453125
560 -20092.349609375
570 -20280.537109375
580 -20381.576171875
590 -20483.24609375
600 -20610.505859375
610 -20732.421875
620 -21082.26953125
630 -21580.263671875
640 -21884.900390625
650 -22112.783203125
660 -22166.57421875
670 -22094.615234375
680 -21940.04296875
690 -21852.705078125
700 -21861.28125
710 -21852.541015625
720 -22027.822265625
730 -22392.24609375
740 -22553.25390625
750 -22608.990234375
760 -22778.728515625
770 -22760.83203125
780 -22500.19921875
790 -22356.87109375
800 -22586.521484375
810 -22749.56640625
820 -22937.515625
830 -23331.1015625
840 -23673.98046875
850 -23978.046875
860 -24315.443359375
870 -24266.130859375
880 -23672.53125
890 -22974.810546875
900 -22486.912109375
910 -22095.05078125
920 -21493.9296875
930 -21115.048828125
940 -21024.28515625
950 -21038.384765625
960 -21332.5703125
970 -21596.5
980 -21654.6875
990 -21709.130859375
1000 -21957.5078125
1010 -22289.099609375
1020 -22760.5703125
1030 -23175.17578125
1040 -23502.361328125
1050 -23430.841796875
1060 -23354.69921875
1070 -23558.623046875
1080 -23832.84765625
1090 -23852.599609375
1100 -23687.328125
1110 -23623.587890625
1120 -23917.294921875
1130 -24484.3828125
1140 -25094.19140625
1150 -25481.173828125
1160 -25685.84765625
1170 -25822.9921875
1180 -25915.892578125
1190 -25798.455078125
1200 -25353.763671875
1210 -24640.787109375
1220 -23904.7109375
1230 -23233.71875
1240 -22607.259765625
1250 -22105.765625
1260 -22259.4609375
1270 -22636.755859375
1280 -22805.546875
1290 -22742.064453125
1300 -22362.314453125
1310 -21820.5078125
1320 -21325.681640625
1330 -21127.1484375
1340 -21276.107421875
1350 -21501.2890625
1360 -21699.498046875
1370 -21823.98046875
1380 -21856.056640625
1390 -21830.49609375
1400 -21852.302734375
1410 -21985.830078125
1420 -22254.1640625
1430 -22700.3984375
1440 -23101.283203125
1450 -23516.458984375
1460 -24022.533203125
1470 -24433.984375
1480 -24899.408203125
1490 -25107.859375
1500 -25377.24609375
1510 -25844.345703125
1520 -26385.5
1530 -26817.93359375
1540 -27041.873046875
1550 -27013.62890625
1560 -26944.80078125
1570 -26657.859375
1580 -26100.400390625
1590 -25417.16796875
1600 -25186.1171875
1610 -25398.0078125
1620 -25481.0546875
1630 -24861.0546875
1640 -24100.279296875
1650 -24044.28125
1660 -24139.212890625
1670 -23683.966796875
1680 -23135.744140625
1690 -22947.21875
1700 -22865.466796875
1710 -22754.6640625
1720 -22584.076171875
1730 -22656.548828125
1740 -22990.6171875
1750 -23507.23828125
1760 -24015.58984375
1770 -24497.955078125
1780 -24798.544921875
1790 -24839.3984375
1800 -25205.318359375
1810 -25752.443359375
1820 -25778.38671875
1830 -24852.8984375
1840 -24768.3046875
1850 -25181.951171875
1860 -24625.41015625
1870 -24300.603515625
1880 -24082.04296875
1890 -23951.22265625
1900 -23819.9296875
1910 -23051.896484375
1920 -22682.1640625
1930 -22999.7109375
1940 -23417.37109375
1950 -23490.5078125
1960 -23468.234375
1970 -23545.890625
1980 -23621.169921875
1990 -23884.171875
2000 -24260.1484375
2010 -24490.2421875
2020 -24647.892578125
2030 -24657.658203125
2040 -24582.49609375
2050 -24469.1953125
2060 -24168.556640625
2070 -23684.4765625
2080 -23201.869140625
2090 -22774.619140625
2100 -22549.64453125
2110 -22460.02734375
2120 -22469.39453125
2130 -22511.427734375
2140 -22712.01953125
2150 -23134.041015625
2160 -23464.16015625
2170 -23767.439453125
2180 -24369.607421875
2190 -25026.517578125
2200 -25650.8984375
2210 -26331.73828125
2220 -27017.876953125
2230 -27751.625
2240 -28047.2734375
2250 -27261.748046875
2260 -27450.48046875
2270 -27942.673828125
2280 -28381.36328125
2290 -27915.427734375
2300 -27105.927734375
2310 -26878.359375
2320 -26545.29296875
2330 -26383.640625
2340 -26125.109375
2350 -26050.63671875
2360 -26139.220703125
2370 -25942.400390625
2380 -25505.603515625
2390 -25120.14453125
2400 -24905.869140625
2410 -24665.126953125
2420 -24470.265625
2430 -24351.81640625
2440 -24548.583984375
2450 -24757.810546875
2460 -24795.0859375
2470 -24619.947265625
2480 -24219.8671875
2490 -23884.251953125
2500 -23603.197265625
2510 -23304.90625
2520 -23008.509765625
2530 -22871.935546875
2540 -23084.142578125
2550 -23492.978515625
2560 -23893.669921875
2570 -24244.462890625
2580 -24494.76171875
2590 -24650.712890625
2600 -24621.1328125
2610 -24646.654296875
2620 -24752.50390625
2630 -25300.115234375
2640 -25121.009765625
2650 -25135.41015625
2660 -25764.275390625
2670 -26209.603515625
2680 -26047.291015625
2690 -25673.08984375
2700 -25515.91796875
2710 -25858.83984375
2720 -25918.287109375
2730 -25585.484375
2740 -25208.08984375
2750 -25078.158203125
2760 -25187.2734375
2770 -25266.50390625
2780 -25238.50390625
2790 -25029.2578125
2800 -24831.853515625
2810 -24398.125
2820 -23641.41015625
2830 -23206.0390625
2840 -22992.76171875
2850 -23041.513671875
2860 -23098.43359375
2870 -22962.35546875
2880 -22779.712890625
2890 -22596.41015625
2900 -22551.650390625
2910 -22627.4453125
2920 -22678.3515625
2930 -22748.701171875
2940 -22898.19921875
2950 -23102.912109375
2960 -23454.2578125
2970 -23859.462890625
2980 -24176.775390625
2990 -24360.82421875
3000 -24538.01171875
3010 -24827.76171875
3020 -25148.98828125
3030 -25147.4765625
3040 -24531.642578125
3050 -25062.287109375
3060 -25711.7421875
3070 -26015.5859375
3080 -26287.978515625
3090 -26480.72265625
3100 -26369.931640625
3110 -26439.89453125
3120 -26705.9296875
3130 -26635.396484375
3140 -26227.35546875
3150 -26103.259765625
3160 -26286.380859375
3170 -26381.900390625
3180 -26164.416015625
3190 -25912.361328125
3200 -25734.0390625
3210 -25441.81640625
3220 -24863.337890625
3230 -24404.34375
3240 -24253.3046875
3250 -24121.17578125
3260 -24048.724609375
3270 -23902.259765625
3280 -23671.626953125
3290 -23589.365234375
3300 -23498.162109375
3310 -23063.314453125
3320 -22631.576171875
3330 -22247.453125
3340 -22099.8984375
3350 -22217.6640625
3360 -22540.49609375
3370 -23092.83984375
3380 -23797.6796875
3390 -24430.107421875
3400 -24776.279296875
3410 -24911.056640625
3420 -25236.083984375
3430 -26061.287109375
3440 -26697.4375
3450 -27024.28515625
3460 -26904.84375
3470 -26563.6171875
3480 -25988.91015625
3490 -24991.4765625
3500 -24492.13671875
3510 -25100.265625
3520 -25518.162109375
3530 -25729.43359375
3540 -25624.29296875
3550 -25329.986328125
3560 -24838.921875
3570 -24501.171875
3580 -24275.140625
3590 -24335.48046875
3600 -24582.5
3610 -24804.919921875
3620 -24875.625
3630 -24936.6875
3640 -25015.904296875
3650 -25227.00390625
3660 -25472.4375
3670 -25604.8359375
3680 -25573.744140625
3690 -25419.302734375
3700 -25187.091796875
3710 -24970.5
3720 -24770.779296875
3730 -24632.826171875
3740 -24518.015625
3750 -24504.626953125
3760 -24507.00390625
3770 -24484.107421875
3780 -24449.8125
3790 -24313.328125
3800 -24188.318359375
3810 -24336.267578125
3820 -24253.265625
3830 -24237.3984375
3840 -24410.296875
3850 -24394.162109375
3860 -24223.529296875
3870 -24420.521484375
3880 -24751.328125
3890 -25024.283203125
3900 -25257.875
3910 -25303.27734375
3920 -25389.529296875
3930 -25323.109375
3940 -25276.5
3950 -25391.734375
3960 -25805.916015625
3970 -26220.294921875
3980 -26530.61328125
3990 -26539.8984375
4000 -26491.6796875
4010 -26502.89453125
4020 -26465.814453125
4030 -26258.580078125
4040 -25972.6796875
4050 -25427.33984375
4060 -24816.515625
4070 -24264.140625
4080 -24074.3828125
4090 -23962.18359375
4100 -23603.546875
4110 -23233.55078125
4120 -23081.99609375
4130 -23279.16796875
4140 -23658.609375
4150 -24057.111328125
4160 -24460.703125
4170 -24792.421875
4180 -24984.1015625
4190 -25180.341796875
4200 -25475.86328125
4210 -25807.625
4220 -26236.5625
4230 -26250.802734375
4240 -25837.041015625
4250 -25710.9921875
4260 -26059.9453125
4270 -26455.845703125
4280 -26688.056640625
4290 -26389.328125
4300 -26151.36328125
4310 -26037.1328125
4320 -26361.232421875
4330 -26779.0078125
4340 -27075.603515625
4350 -27386.677734375
4360 -27560.181640625
4370 -27497.837890625
4380 -27124.900390625
4390 -26484.6953125
4400 -25887.115234375
4410 -25660.388671875
4420 -25523.935546875
4430 -25400.224609375
4440 -25310.845703125
4450 -25246.08984375
4460 -24938.896484375
4470 -24296.76953125
4480 -23756.673828125
4490 -23163.171875
4500 -22856.943359375
4510 -23022.796875
4520 -22958.2109375
4530 -22846.837890625
4540 -22981.1015625
4550 -23094.03125
4560 -23152.921875
4570 -23308.0390625
4580 -23509.92578125
4590 -23590.203125
4600 -23677.134765625
4610 -24044.51171875
4620 -24643.830078125
4630 -25261.921875
4640 -25857.52734375
4650 -26194.384765625
4660 -26202.94921875
4670 -25964.470703125
4680 -25682.9375
4690 -25581.369140625
4700 -25587.224609375
4710 -25570.4921875
4720 -25519.22265625
4730 -25469.328125
4740 -25407.013671875
4750 -25626.7421875
4760 -26128.861328125
4770 -26648.306640625
4780 -26767.00390625
4790 -26596.1171875
4800 -26501.927734375
4810 -26565.73046875
4820 -26528.326171875
4830 -26373.513671875
4840 -26284.892578125
4850 -26463.107421875
4860 -26640.78515625
4870 -26492.16015625
4880 -26075.720703125
4890 -25554.833984375
4900 -25074.908203125
4910 -24727.400390625
4920 -24404.689453125
4930 -24253.875
4940 -24427.001953125
4950 -24623.890625
4960 -24871.53515625
4970 -25030.486328125
4980 -25390.181640625
4990 -25775.158203125
5000 -26003.1875
5010 -26053.080078125
5020 -26145.0859375
5030 -26015.796875
5040 -25572.35546875
5050 -25384.716796875
5060 -25336.736328125
5070 -25131.857421875
5080 -24727.763671875
5090 -24392.810546875
5100 -24360.62109375
5110 -24394.802734375
5120 -24418.984375
5130 -24596.603515625
5140 -24898.13671875
5150 -25192.201171875
5160 -25354.193359375
5170 -25396.77734375
5180 -25328.140625
5190 -25125.482421875
5200 -24936.017578125
5210 -24722.373046875
5220 -24629.58203125
5230 -24645.515625
5240 -24580.75
5250 -24504.732421875
5260 -24529.564453125
5270 -24577.85546875
5280 -24602.484375
5290 -24457.798828125
5300 -24100.875
5310 -23760.82421875
5320 -23375.220703125
5330 -23201.7109375
5340 -23166.171875
5350 -23150.005859375
5360 -23118.0546875
5370 -23238.7421875
5380 -23595.19921875
5390 -23954.546875
5400 -24402.09765625
5410 -25019.46875
5420 -25555.06640625
5430 -26072.71484375
5440 -26353.517578125
5450 -26963.931640625
5460 -27733.431640625
5470 -27868.01171875
5480 -27728.32421875
5490 -27411.76171875
5500 -27204.986328125
5510 -27845.125
5520 -28084.806640625
5530 -27757.98046875
5540 -27756.810546875
5550 -27757.501953125
5560 -27369.341796875
5570 -26957.408203125
5580 -26708.33203125
5590 -26400.3125
5600 -26322.775390625
5610 -26257.279296875
5620 -26016.69140625
5630 -25893.7578125
5640 -25794.390625
5650 -25454.142578125
5660 -25024.37890625
5670 -24703.759765625
5680 -24444.8359375
5690 -24153.888671875
5700 -23668.34765625
5710 -23173.50390625
5720 -22744.517578125
5730 -22449.91015625
5740 -22488.42578125
5750 -22739.125
5760 -22997.134765625
5770 -23245.609375
5780 -23526.462890625
5790 -23818.7578125
5800 -23993.298828125
5810 -24706.20703125
5820 -25335.8203125
5830 -25463.857421875
5840 -25877.884765625
5850 -25936.029296875
5860 -25911.0703125
5870 -25643.083984375
5880 -25600.5703125
5890 -26823.669921875
5900 -27235.876953125
5910 -27320.625
5920 -27321.326171875
5930 -27229.0078125
5940 -27229.384765625
5950 -27074.37890625
5960 -26758.46875
5970 -26354.123046875
5980 -26189.05078125
5990 -26154.09375
6000 -26133.17578125
6010 -26186.603515625
6020 -26275.890625
6030 -26173.755859375
6040 -26029.33984375
6050 -25483.798828125
6060 -24893.84765625
6070 -24478.826171875
6080 -24083.75
6090 -23495.671875
6100 -22983.392578125
6110 -22735.6796875
6120 -22887.72265625
6130 -23476.900390625
6140 -23979.287109375
6150 -24412.376953125
6160 -24879.01171875
6170 -25236.6875
6180 -25541.822265625
6190 -25791.494140625
6200 -25946.88671875
6210 -25836.787109375
6220 -25679.052734375
6230 -25747.693359375
6240 -25704.5234375
6250 -25645.8671875
6260 -25761.349609375
6270 -25852.5546875
6280 -25498.181640625
6290 -25505.8203125
6300 -25598.71875
6310 -25920.63671875
6320 -25924.728515625
6330 -25706.513671875
6340 -25308.064453125
6350 -25008.8359375
6360 -25023.958984375
6370 -24997.08203125
6380 -25312.890625
6390 -25858.521484375
6400 -25834.490234375
6410 -25560.00390625
6420 -25454.36328125
6430 -25400.138671875
6440 -25228.3046875
6450 -25182.0078125
6460 -25341.365234375
6470 -25510.125
6480 -25496.17578125
6490 -25247.513671875
6500 -24897.515625
6510 -24618.912109375
6520 -24576.75
6530 -24765.64453125
6540 -24681.0625
6550 -24614.236328125
6560 -24751.80859375
6570 -25026.87109375
6580 -25273.65625
6590 -25180.66796875
6600 -24832.986328125
6610 -25000.416015625
6620 -25218.6640625
6630 -25111.17578125
6640 -25003.291015625
6650 -24907.576171875
6660 -24804.611328125
6670 -24843.34765625
6680 -25211.083984375
6690 -25826.32421875
6700 -26380.98828125
6710 -26648.021484375
6720 -26712.8046875
6730 -26647.37109375
6740 -26586.33984375
6750 -26500.408203125
6760 -26478.849609375
