"Time Step" "point-pressure-d"
20210 -7451.3955078125
20220 -7920.712890625
20230 -7361.7275390625
20240 -7533.5595703125
20250 -7888.92138671875
20260 -7976.85498046875
20270 -7300
20280 -6885.55322265625
20290 -6681.5576171875
20300 -6765.169921875
20310 -7013.005859375
20320 -6997.33544921875
20330 -6828.75390625
20340 -6617.1982421875
20350 -6534.5244140625
20360 -6830.0859375
20370 -7154.16259765625
20380 -7317.64208984375
20390 -7332.509765625
20400 -7282.0205078125
20410 -7251.0595703125
20420 -7032.87109375
20430 -6613.3623046875
20440 -5982.76708984375
20450 -5860.57470703125
20460 -6020.712890625
20470 -6231.5146484375
20480 -6291.7509765625
20490 -6307.6640625
20500 -6186.71533203125
20510 -5815.013671875
20520 -5401.29541015625
20530 -5408.05908203125
20540 -5685.12451171875
20550 -5810.3681640625
20560 -5542.91796875
20570 -5594.0419921875
20580 -5580.83642578125
20590 -5614.7666015625
20600 -5368.55908203125
20610 -5697.24609375
20620 -6141.4443359375
20630 -6331.1787109375
20640 -6660.814453125
20650 -6877.4951171875
20660 -6716.3505859375
20670 -6807.6748046875
20680 -6779.3671875
20690 -6707.154296875
20700 -6568.79443359375
20710 -6177.20849609375
20720 -6299.271484375
20730 -5956.412109375
20740 -5800.31640625
20750 -6134.7373046875
20760 -6378.41064453125
20770 -6537.796875
20780 -6501.0615234375
20790 -6546.06494140625
20800 -6421.3212890625
20810 -6005.357421875
20820 -5764.98681640625
20830 -5854.953125
20840 -6112.34130859375
20850 -6012.3408203125
20860 -5884.740234375
20870 -5956.31396484375
20880 -6123.474609375
20890 -6107.5068359375
20900 -5921.998046875
20910 -5718.447265625
20920 -5571.2861328125
20930 -5681.37255859375
20940 -5862.2587890625
20950 -6483.0390625
20960 -6771.53125
20970 -6481.34326171875
20980 -6479.310546875
20990 -6583.8447265625
21000 -6917.345703125
21010 -7349.1845703125
21020 -7726.58984375
21030 -7374.1875
21040 -6845.7841796875
21050 -6687.8134765625
21060 -6756.40625
21070 -6459.92236328125
21080 -6247.70849609375
21090 -6316.14208984375
21100 -6469.84375
21110 -6300.26806640625
21120 -6288.68505859375
21130 -6383.61376953125
21140 -6894.0341796875
21150 -7280.9365234375
21160 -7619.85595703125
21170 -7636.66796875
21180 -7516.9013671875
21190 -7303.80029296875
21200 -7002.68798828125
21210 -7002.20751953125
21220 -6987.005859375
21230 -7001.9921875
21240 -7091.69140625
21250 -7037.9921875
21260 -7015.986328125
21270 -7003.111328125
21280 -6865.4501953125
21290 -6630.181640625
21300 -6427.3212890625
21310 -6443.3662109375
21320 -5926.3330078125
21330 -5351.22998046875
21340 -5172.8505859375
21350 -4745.1103515625
21360 -5444.7890625
21370 -5094.736328125
21380 -5120.83837890625
21390 -5178.7763671875
21400 -5651.2587890625
21410 -6298.36767578125
21420 -6623.36181640625
21430 -6620.5830078125
21440 -6976.6259765625
21450 -7383.07080078125
21460 -7626.5615234375
21470 -7755.91015625
21480 -7502.0419921875
21490 -7457.5966796875
21500 -7567.0244140625
21510 -7527.4052734375
21520 -7418.73291015625
21530 -7386.31591796875
21540 -7396.798828125
21550 -7528.025390625
21560 -7572.43359375
21570 -7536.376953125
21580 -7707.34375
21590 -8058.3955078125
21600 -7894.14453125
21610 -7787.70654296875
21620 -7404.1171875
21630 -6834.60107421875
21640 -6380.6015625
21650 -6197.30615234375
21660 -6078.0908203125
21670 -6089.544921875
21680 -6140.30224609375
21690 -6158.76708984375
21700 -6094.1337890625
21710 -5732.3017578125
21720 -5323.349609375
21730 -5145.720703125
21740 -5413.2763671875
21750 -5074.7958984375
21760 -5880.88525390625
21770 -5843.509765625
21780 -5772.0029296875
21790 -5737.708984375
21800 -5888.31396484375
21810 -6269.7373046875
21820 -6140.8935546875
21830 -6204.98291015625
21840 -6114.576171875
21850 -5961.1455078125
21860 -5987.265625
21870 -6010.92529296875
21880 -6058.0439453125
21890 -6344.1552734375
21900 -6612.23583984375
21910 -6973.212890625
21920 -7219.4384765625
21930 -7116.73583984375
21940 -6983.7509765625
21950 -7097.19921875
21960 -7505.0537109375
21970 -7633.296875
21980 -7362.8642578125
21990 -7549.50830078125
22000 -7725.08203125
22010 -7663.251953125
22020 -7252.84765625
22030 -6771.130859375
22040 -6353.6767578125
22050 -5985.416015625
22060 -5574.17236328125
22070 -5359.5205078125
22080 -5431.587890625
22090 -5347.8330078125
22100 -5289.96875
22110 -5111.41943359375
22120 -4748.673828125
22130 -4577.02734375
22140 -5228.5390625
22150 -5530.17333984375
22160 -5601.0947265625
22170 -5569.2734375
22180 -5999.2890625
22190 -6447.86962890625
22200 -6047.4892578125
22210 -5732.0966796875
22220 -5874.154296875
22230 -5992.98388671875
22240 -6247.5556640625
22250 -6770.29296875
22260 -7279.67578125
22270 -7556.76953125
22280 -8086.81494140625
22290 -8157.13037109375
22300 -8030.19091796875
22310 -7623.22998046875
22320 -7156.1279296875
22330 -6944.10400390625
22340 -6842.01123046875
22350 -6290.67578125
22360 -6360.61474609375
22370 -6725.0302734375
22380 -7058.125
22390 -6965.57421875
22400 -6930.63916015625
22410 -7305.71875
22420 -7565.9599609375
22430 -7806.32177734375
22440 -7963.5341796875
22450 -7856.9638671875
22460 -7627.412109375
22470 -7348.2900390625
22480 -7033.18212890625
22490 -6858.53125
22500 -6363.4189453125
22510 -5898.1513671875
22520 -5441.45703125
22530 -5054.20556640625
22540 -5029.998046875
22550 -5388.1953125
22560 -5337.30078125
22570 -5310.9306640625
22580 -5479.4052734375
22590 -5860.279296875
22600 -6070.05908203125
22610 -6211.078125
22620 -6544.46484375
22630 -6655.04296875
22640 -7177.236328125
22650 -7591.822265625
22660 -7411.2646484375
22670 -7242.162109375
22680 -7122.7490234375
22690 -7097.15234375
22700 -7082.2509765625
22710 -6946.7265625
22720 -7136.3984375
22730 -7360.79931640625
22740 -7472.1201171875
22750 -7585.91796875
22760 -7709.62158203125
22770 -7543.5556640625
22780 -7477.24560546875
22790 -7301.3798828125
22800 -7238.29345703125
22810 -6870.14794921875
22820 -6682.2900390625
22830 -6510.0048828125
22840 -6407.9208984375
22850 -6469.1748046875
22860 -6467.3466796875
22870 -6603.15869140625
22880 -6685.7314453125
22890 -6620.88671875
22900 -6241.5927734375
22910 -5743.83740234375
22920 -5379.99365234375
22930 -5301.00341796875
22940 -5341.09814453125
22950 -5637.65869140625
22960 -5933.6904296875
22970 -6741.49072265625
22980 -7359.83984375
22990 -7659.7314453125
23000 -7708.376953125
23010 -7923.8505859375
23020 -7853.7734375
23030 -7465.673828125
23040 -7691.3154296875
23050 -7821.2041015625
23060 -7727.71240234375
23070 -7941.078125
23080 -8357.66796875
23090 -8403.1640625
23100 -8039.7939453125
23110 -7813.771484375
23120 -7605.4619140625
23130 -7569.3818359375
23140 -7534.28515625
23150 -7154.2578125
23160 -6637.4775390625
23170 -6107.44873046875
23180 -5727.466796875
23190 -5649.1025390625
23200 -5671.81591796875
23210 -5980.12060546875
23220 -6397.7294921875
23230 -6698.94970703125
23240 -6678.4619140625
23250 -6743.9677734375
23260 -6748.38232421875
23270 -6707.21435546875
23280 -6572.4072265625
23290 -6193.37158203125
23300 -6099.4375
23310 -5645.8427734375
23320 -5071.486328125
23330 -4893.9892578125
23340 -6180.2578125
23350 -5416.6376953125
23360 -5136.57421875
23370 -5345.20947265625
23380 -5536.9580078125
23390 -5708.94287109375
23400 -5543.578125
23410 -5457.86328125
23420 -5994.8388671875
23430 -6410.10791015625
23440 -6662.53271484375
23450 -6566.52001953125
23460 -6489.662109375
23470 -6419.89453125
23480 -6342.6923828125
23490 -5871.224609375
23500 -5706.8896484375
23510 -6011.63427734375
23520 -6597.3154296875
23530 -6592.1611328125
23540 -6623.32568359375
23550 -6855.2529296875
23560 -6859.3203125
23570 -6881.123046875
23580 -6979.3173828125
23590 -7115.1064453125
23600 -7142.38134765625
23610 -7206.736328125
23620 -7139.15234375
23630 -6913.12890625
23640 -6929.9833984375
23650 -6578.73193359375
23660 -6210.306640625
23670 -5942.7392578125
23680 -5882.2998046875
23690 -5769.1572265625
23700 -5666.38671875
23710 -5431.484375
23720 -5188.525390625
23730 -5049.5693359375
23740 -4995.2060546875
23750 -5072.5830078125
23760 -5389.9814453125
23770 -5370.13671875
23780 -5397.6611328125
23790 -5659.91845703125
23800 -5807.455078125
23810 -6047.7978515625
23820 -6854.375
23830 -8015.759765625
23840 -8814.349609375
23850 -8920.345703125
23860 -8673.064453125
23870 -8547.30078125
23880 -8603.45703125
23890 -8250.8115234375
23900 -7683.140625
23910 -7215.2216796875
23920 -7086.626953125
23930 -7035.8662109375
23940 -7037.5126953125
23950 -6934.8193359375
23960 -6779.4228515625
23970 -6617.9580078125
23980 -6589.185546875
23990 -6672.49609375
24000 -6789.1015625
13410 -7162.24609375
13420 -7393.171875
13430 -7565.7451171875
13440 -7591.3583984375
13450 -7884.734375
13460 -7845.15185546875
13470 -7164.8818359375
13480 -6717.0146484375
13490 -6539.986328125
13500 -5975.4150390625
13510 -6130.6787109375
13520 -6792.5185546875
13530 -6788.23046875
13540 -6773.177734375
13550 -7085.0869140625
13560 -7176.525390625
13570 -7029.21875
13580 -6557.09375
13590 -6051.0419921875
13600 -6060.3642578125
13610 -5916.7236328125
13620 -5841.4443359375
13630 -5964.076171875
13640 -6377.2919921875
13650 -6518.68310546875
13660 -6201.91455078125
13670 -6014.240234375
13680 -5862.349609375
13690 -5736.904296875
13700 -5506.2529296875
13710 -5227.265625
13720 -5255.52734375
13730 -5683.447265625
13740 -6033.90087890625
13750 -6235.6357421875
13760 -6327.7783203125
13770 -6431.404296875
13780 -6583.42138671875
13790 -7390.83740234375
13800 -7936.79248046875
13810 -7844.83251953125
13820 -7971.05224609375
13830 -7889.6845703125
13840 -7867.3720703125
13850 -7920.19873046875
13860 -7731.642578125
13870 -7604.5478515625
13880 -7282.2861328125
13890 -6994.2822265625
13900 -6832.484375
13910 -6957.90380859375
13920 -6999.4697265625
13930 -7031.345703125
13940 -6889.6669921875
13950 -6794.7578125
13960 -6549.15234375
13970 -6552.3310546875
13980 -6662.4111328125
13990 -6820.36328125
14000 -7279.689453125
14010 -7998.0546875
14020 -7987.49658203125
14030 -7880.62890625
14040 -7849.505859375
14050 -7530.4140625
14060 -7127.5517578125
14070 -6714.3232421875
14080 -6386.5224609375
14090 -6290.17822265625
14100 -6039.39013671875
14110 -5941.41015625
14120 -6042.46240234375
14130 -6264.5322265625
14140 -6715.81494140625
14150 -6695.9248046875
14160 -6955.9609375
14170 -6750.93359375
14180 -6533.92578125
14190 -6263.9541015625
14200 -5998.1474609375
14210 -5972.4267578125
14220 -5600.22412109375
14230 -5479.6201171875
14240 -6065.23046875
14250 -6752.732421875
14260 -7447.21875
14270 -7711.791015625
14280 -7568.021484375
14290 -7184.95068359375
14300 -7033.27734375
14310 -7193.0615234375
14320 -7462.7919921875
14330 -7270.140625
14340 -7008.65966796875
14350 -6877.8125
14360 -6867.865234375
14370 -7002.69921875
14380 -6558.99951171875
14390 -6363.8134765625
14400 -6613.83447265625
14410 -6847.2294921875
14420 -7125.7646484375
14430 -7243.2666015625
14440 -7382.298828125
14450 -7327.8173828125
14460 -6890.86279296875
14470 -6534.2822265625
14480 -6470.119140625
14490 -6532.841796875
14500 -6308.59619140625
14510 -6105.7451171875
14520 -5885.611328125
14530 -5658.6513671875
14540 -5459.9072265625
14550 -5778.5283203125
14560 -6346.63818359375
14570 -6355.3408203125
14580 -6367.7412109375
14590 -6461.5244140625
14600 -6546.017578125
14610 -7089.9765625
14620 -6902.51953125
14630 -7380.5263671875
14640 -7343.998046875
14650 -7744.84375
14660 -8023.57958984375
14670 -8164.05615234375
14680 -8056.7041015625
14690 -7892.8056640625
14700 -7925.06591796875
14710 -7973.25634765625
14720 -7718.3818359375
14730 -7632.6728515625
14740 -7868.14404296875
14750 -8050.830078125
14760 -7262.6982421875
14770 -6496.84033203125
14780 -6255.48291015625
14790 -6008.38671875
14800 -5762.18603515625
14810 -5708.2275390625
14820 -5922.9482421875
14830 -6319.73193359375
14840 -6527.2177734375
14850 -6460.0791015625
14860 -6318.7021484375
14870 -6375.4638671875
14880 -6518.2412109375
14890 -6556.09228515625
14900 -6289.4736328125
14910 -5700.783203125
14920 -5132.6435546875
14930 -5102.78662109375
14940 -5021.5322265625
14950 -4920.6513671875
14960 -5024.7734375
14970 -5269.697265625
14980 -5613.962890625
14990 -5935.9716796875
15000 -6295.90087890625
15010 -6462.43896484375
15020 -6428.37841796875
15030 -6527.95751953125
15040 -6645.2177734375
15050 -6979.125
15060 -7222.4853515625
15070 -7488.9921875
15080 -7830.21484375
15090 -7967.525390625
15100 -8151.4716796875
15110 -7842.04443359375
15120 -7510.4541015625
15130 -7431.50439453125
15140 -7417.81640625
15150 -7175.90576171875
15160 -6874.623046875
15170 -6694.80810546875
15180 -6765.20556640625
15190 -6646.41796875
15200 -6672.115234375
15210 -7008.3232421875
15220 -6815.1875
15230 -6601.5244140625
15240 -6605.4794921875
15250 -6960.79833984375
15260 -7167.33203125
15270 -7048.375
15280 -7141.197265625
15290 -7478.921875
15300 -7374.43017578125
15310 -6873.3466796875
15320 -6226.10986328125
15330 -5818.607421875
15340 -5515.80224609375
15350 -5289.880859375
15360 -5147.646484375
15370 -5417.6611328125
15380 -5781.15625
15390 -5901.912109375
15400 -6147.5625
15410 -6318.865234375
15420 -6609.37353515625
15430 -7050.6025390625
15440 -7401.5478515625
15450 -7765.6005859375
15460 -8118.36181640625
15470 -8063.2490234375
15480 -8140.35498046875
15490 -8433.416015625
15500 -8646.791015625
15510 -8574.1845703125
15520 -8014.021484375
15530 -7588.669921875
15540 -7370.7294921875
15550 -7313.8720703125
15560 -7182.3173828125
15570 -6946.84814453125
15580 -6756.6142578125
15590 -6465.1611328125
15600 -6318.1416015625
15610 -6442.80859375
15620 -6547.1494140625
15630 -6618.7216796875
15640 -6615.00390625
15650 -6504.8037109375
15660 -6216.44873046875
15670 -6036.77978515625
15680 -6021.8486328125
15690 -6178.93408203125
15700 -6092.658203125
15710 -5691.5537109375
15720 -5463.26611328125
15730 -5402.640625
15740 -5569.9052734375
15750 -5713.4921875
15760 -6123.052734375
15770 -6871.3779296875
15780 -8030.59375
15790 -8231.091796875
15800 -7859.66943359375
15810 -7436.12060546875
15820 -7461.185546875
15830 -7416.33544921875
15840 -7633.1044921875
15850 -7556.9267578125
15860 -7460.701171875
15870 -7258.6845703125
15880 -7202.755859375
15890 -7598.88330078125
15900 -7739.0068359375
15910 -7485.791015625
15920 -7163.46826171875
15930 -6837.7041015625
15940 -6490.40478515625
15950 -6027.4287109375
15960 -5958.4619140625
15970 -6078.849609375
15980 -6046.4228515625
15990 -6291.146484375
16000 -6544.61962890625
16010 -6652.6474609375
16020 -6784.97119140625
16030 -6909.8681640625
16040 -6760.115234375
16050 -6725.865234375
16060 -6789.87939453125
16070 -6740.0673828125
16080 -6749.22802734375
16090 -6768.1494140625
16100 -6371.42236328125
16110 -6040.0361328125
16120 -5766.3525390625
16130 -5557.5908203125
16140 -5401.4794921875
16150 -5414.4541015625
16160 -5684.5703125
16170 -6322.056640625
16180 -6636.57421875
16190 -6851.3642578125
16200 -7081.2412109375
16210 -7136.3037109375
16220 -6962.130859375
16230 -6973.3564453125
16240 -6993.9326171875
16250 -6858.5400390625
16260 -7111.68359375
16270 -7529.431640625
16280 -7747.43310546875
16290 -7476.92041015625
16300 -6849.392578125
16310 -6438.8310546875
16320 -6533.099609375
16330 -6421.8525390625
16340 -6431.41259765625
16350 -6738.1494140625
16360 -6840.0419921875
16370 -6787.96484375
16380 -6923.4736328125
16390 -7169.84326171875
16400 -7301.1572265625
16410 -7280.7734375
16420 -7146.2197265625
16430 -7013.5517578125
16440 -6868.40234375
16450 -6539.5380859375
16460 -6381.15673828125
16470 -6426.56298828125
16480 -6375.0498046875
16490 -6383.56982421875
16500 -6404.5537109375
16510 -6233.5048828125
16520 -5973.7099609375
16530 -5767.7138671875
16540 -5958.6640625
16550 -5661.6875
16560 -5229.21923828125
16570 -5318.2587890625
16580 -5783.38232421875
16590 -6414.5224609375
16600 -6546.17724609375
16610 -6357.060546875
16620 -6934.92041015625
16630 -6703.822265625
16640 -6722.8330078125
16650 -7072.1328125
16660 -6972.09375
16670 -6477.40625
16680 -6815.3896484375
16690 -6845.880859375
16700 -7133.20947265625
16710 -7125.6083984375
16720 -7950.9580078125
16730 -8584.837890625
16740 -8544.38671875
16750 -8404.234375
16760 -8583.482421875
16770 -8452.4140625
16780 -7873.224609375
16790 -7386.9833984375
16800 -7012.62939453125
16810 -6818.884765625
16820 -6955.421875
16830 -6738.5498046875
16840 -6484.376953125
16850 -6340.2666015625
16860 -6160.9306640625
16870 -5984.55078125
16880 -5771.919921875
16890 -5875.35546875
16900 -5801.1611328125
16910 -5473.0546875
16920 -5368.96484375
16930 -5232.4765625
16940 -5409.72802734375
16950 -5672.10693359375
16960 -5825.06591796875
16970 -5991.4462890625
16980 -6082.6279296875
16990 -5914.765625
17000 -6145.3583984375
17010 -6569.27099609375
17020 -7028.140625
17030 -7586.31640625
17040 -7752.94287109375
17050 -7251.8515625
17060 -7262.732421875
17070 -7247.8330078125
17080 -7380.3095703125
17090 -7403.5068359375
17100 -7216.40185546875
17110 -7350.169921875
17120 -7447.54638671875
17130 -7583.716796875
17140 -7463.68359375
17150 -7200.6806640625
17160 -6977.2392578125
17170 -6634.9013671875
17180 -6267.53857421875
17190 -5862.2734375
17200 -5587.21142578125
17210 -5497.12646484375
17220 -5580.50732421875
17230 -6002.97607421875
17240 -6203.77978515625
17250 -6148.3837890625
17260 -6060.466796875
17270 -6022.93408203125
17280 -5953.0146484375
17290 -5813.703125
17300 -5687.224609375
17310 -5420.7421875
17320 -5136.21484375
17330 -5152.80712890625
17340 -5260.9287109375
17350 -5465.29296875
17360 -5776.92626953125
17370 -6474.0498046875
17380 -6480.576171875
17390 -6451.6044921875
17400 -6558.8232421875
17410 -6784.8544921875
17420 -7105.10009765625
17430 -7453.177734375
17440 -7572.7265625
17450 -7458.666015625
17460 -7621.9306640625
17470 -7753.32763671875
17480 -7917.6611328125
17490 -7980.109375
17500 -8096.27978515625
17510 -8083.359375
17520 -7918.2236328125
17530 -7777.232421875
17540 -7672.01611328125
17550 -7568.11181640625
17560 -7757.564453125
17570 -7722.083984375
17580 -7164.37109375
17590 -6967.677734375
17600 -7355.041015625
17610 -7185.6572265625
17620 -6934.1455078125
17630 -6736.2978515625
17640 -6792.50830078125
17650 -6890.55615234375
17660 -6902.404296875
17670 -6683.0986328125
17680 -6413.5029296875
17690 -6383.681640625
17700 -6254.7724609375
17710 -5737.67724609375
17720 -5130.6064453125
17730 -4747.7138671875
17740 -4716.3681640625
17750 -4753.20751953125
17760 -4915.52880859375
17770 -5178.404296875
17780 -5670.0205078125
17790 -6627.97607421875
17800 -6780.7607421875
17810 -6680.51513671875
17820 -6921.0166015625
17830 -7269.8515625
17840 -7287.71875
17850 -7187.88330078125
17860 -7271.08642578125
17870 -7787.154296875
17880 -8510.337890625
17890 -8890.849609375
17900 -8800.89453125
17910 -8354.8203125
17920 -8309.9873046875
17930 -7816.08203125
17940 -7486.41015625
17950 -7541.61328125
17960 -7931.80810546875
17970 -8142.0537109375
17980 -7995.27294921875
17990 -7233.17138671875
18000 -6784.474609375
18010 -6181.93798828125
18020 -5978.24609375
18030 -5740.291015625
18040 -5707.15234375
18050 -5662.109375
18060 -5451.1904296875
18070 -5614.1826171875
18080 -6215.67041015625
18090 -6563.63525390625
18100 -6457.1826171875
18110 -6250.2265625
18120 -6082.38037109375
18130 -6075.58447265625
18140 -5616.2060546875
18150 -5544.19140625
18160 -5819.27099609375
18170 -6393.146484375
18180 -6443.056640625
18190 -6722.4287109375
18200 -7077.8662109375
18210 -7067.6513671875
18220 -7157.2099609375
18230 -7783.0732421875
18240 -8002.3720703125
18250 -8122.4921875
18260 -8175.685546875
18270 -8642.8701171875
18280 -9049.5537109375
18290 -8820.6416015625
18300 -8204.5888671875
18310 -7799.0380859375
18320 -7546.0478515625
18330 -7542.24560546875
18340 -7619.7060546875
18350 -7440.6318359375
18360 -6910.4248046875
18370 -6470.0810546875
18380 -6552.306640625
18390 -6783.9130859375
18400 -7073.791015625
18410 -7205.74462890625
18420 -7115.90087890625
18430 -7042.8330078125
18440 -7137.25927734375
18450 -7325.8212890625
18460 -7292.0185546875
18470 -7136.05078125
18480 -6844.978515625
18490 -6510.345703125
18500 -6168.0810546875
18510 -5808.181640625
18520 -5533.923828125
18530 -5393.130859375
18540 -5713.50146484375
18550 -6194.6201171875
18560 -6228.60498046875
18570 -6756.8330078125
18580 -6981.3642578125
18590 -7191.625
18600 -7358.55126953125
18610 -7471.4404296875
18620 -7549.923828125
18630 -7771.166015625
18640 -8012.7626953125
18650 -7696.0419921875
18660 -7574.77734375
18670 -7144.505859375
18680 -7130.275390625
18690 -7151.673828125
18700 -7127.34375
18710 -7119.3876953125
18720 -7314.955078125
18730 -7246.14892578125
18740 -7216.76220703125
18750 -7588.052734375
18760 -7950.7578125
18770 -8185.1640625
18780 -8241.5205078125
18790 -8619.4609375
18800 -8412.640625
18810 -8232.568359375
18820 -8070.4443359375
18830 -7656.927734375
18840 -7108.2353515625
18850 -6660.791015625
18860 -6290.66455078125
18870 -6123.83984375
18880 -5856.5947265625
18890 -5822.62158203125
18900 -5727.7705078125
18910 -5244.08447265625
18920 -4947.9658203125
18930 -4915.2490234375
18940 -5118.42236328125
18950 -5556.255859375
18960 -5995.5224609375
18970 -6171.2197265625
18980 -6323.453125
18990 -6276.06494140625
19000 -5872.775390625
19010 -5662.64453125
19020 -5805.1943359375
19030 -6114.9599609375
19040 -6289.97900390625
19050 -6883.751953125
19060 -7516.4716796875
19070 -7027.81396484375
19080 -6581.087890625
19090 -6822.3349609375
19100 -7066.451171875
19110 -7143.71484375
19120 -7646.1328125
19130 -7944.888671875
19140 -8065.9482421875
19150 -8035.5166015625
19160 -7764.20703125
19170 -7272.955078125
19180 -6751.3974609375
19190 -6917.3623046875
19200 -7100.7939453125
19210 -7270.3076171875
19220 -6793.89404296875
19230 -6625.529296875
19240 -6546.8837890625
19250 -6282.90234375
19260 -6122.76708984375
19270 -6213.03955078125
19280 -6335.62890625
19290 -6482.33251953125
19300 -6205.5771484375
19310 -5735.818359375
19320 -5211.0986328125
19330 -4700.0908203125
19340 -4659.3203125
19350 -5832.73974609375
19360 -5465.71240234375
19370 -6378.486328125
19380 -7078.0283203125
19390 -7219.95751953125
19400 -7342.451171875
19410 -7658.0244140625
19420 -7898.572265625
19430 -7741.337890625
19440 -7534.345703125
19450 -7078.00439453125
19460 -6537.12890625
19470 -6466.30029296875
19480 -6551.59375
19490 -6625.30029296875
19500 -6517.88720703125
19510 -6410.2275390625
19520 -6376.8388671875
19530 -6330.9677734375
19540 -6292.2197265625
19550 -6433.599609375
19560 -6680.96630859375
19570 -6922.22802734375
19580 -7074.35693359375
19590 -7354.2578125
19600 -7317.58935546875
19610 -7225.609375
19620 -7288.03662109375
19630 -7286.56982421875
19640 -7370.0458984375
19650 -7365.99560546875
19660 -7178.03076171875
19670 -6823.73193359375
19680 -6598.6796875
19690 -6108.6650390625
19700 -5827.78125
19710 -5525.1240234375
19720 -5155.15625
19730 -4940.1953125
19740 -4942.23486328125
19750 -5051.935546875
19760 -5396.94189453125
19770 -5978.408203125
19780 -6071.58203125
19790 -6150.8857421875
19800 -6027.4736328125
19810 -6135.0888671875
19820 -6338.591796875
19830 -6478.041015625
19840 -6524.5849609375
19850 -6575.8798828125
19860 -6879.15673828125
19870 -7093.3134765625
19880 -6962.712890625
19890 -6930.1396484375
19900 -6694.29345703125
19910 -6566.5517578125
19920 -6518.216796875
19930 -6439.94775390625
19940 -6672.0859375
19950 -7012.56640625
19960 -7010.2666015625
19970 -6818.32421875
19980 -6758.5888671875
19990 -6796.6318359375
20000 -6724.41943359375
20010 -6719.5087890625
20020 -6779.54296875
20030 -6873.236328125
20040 -6977.13037109375
20050 -6897.34521484375
20060 -6760.5859375
20070 -6620.4384765625
20080 -6478.654296875
20090 -6271.095703125
20100 -5965.0908203125
20110 -5655.92724609375
20120 -5246.6923828125
20130 -4937.4326171875
20140 -4916.57421875
20150 -5052.4150390625
20160 -6364.39453125
20170 -6308.427734375
20180 -6597.3759765625
20190 -6966.60791015625
20200 -7209.1181640625
20240 -7533.169921875
20250 -7887.322265625
20260 -7976.6455078125
20270 -7299.14990234375
20280 -6886.01708984375
20290 -6683.2353515625
20300 -6765.19091796875
20310 -7013.40234375
20320 -6995.8134765625
20330 -6827.6748046875
20340 -6617.8544921875
20350 -6535.4140625
20360 -6828.2041015625
20370 -7156.5458984375
6610 -6020.3544921875
6620 -6028.87060546875
6630 -5802.025390625
6640 -5687.9970703125
6650 -5593.201171875
6660 -5551.9423828125
6670 -5567.43505859375
6680 -5770.37109375
6690 -6271.1396484375
6700 -6772.0830078125
6710 -6923.96533203125
6720 -6797.1591796875
6730 -6605.69140625
6740 -6656.3271484375
6750 -6947.10791015625
6760 -7037.9150390625
6770 -7289.6201171875
6780 -7477.57080078125
6790 -7564.193359375
6800 -7530.57470703125
6810 -7314.2451171875
6820 -6872.125
6830 -6272.421875
6840 -5809.08935546875
6850 -5564.072265625
6860 -5508.44287109375
6870 -5782.00341796875
6880 -5770.158203125
6890 -5592.41015625
6900 -5570.55810546875
6910 -5311.16015625
6920 -5060.40576171875
6930 -5001.611328125
6940 -4830.7177734375
6950 -4914.7958984375
6960 -5129.2138671875
6970 -5021.7822265625
6980 -5242.72314453125
6990 -5328.345703125
7000 -5738.123046875
7010 -5977.06201171875
7020 -6056.134765625
7030 -6376.70458984375
7040 -6394.3095703125
7050 -6272.6533203125
7060 -6270.6103515625
7070 -6499.3564453125
7080 -6597.06396484375
7090 -7142.2470703125
7100 -7655.0595703125
7110 -7699.7021484375
7120 -7815.9033203125
7130 -7565.099609375
7140 -7534.064453125
7150 -7697.68701171875
7160 -8050.427734375
7170 -8157.72314453125
7180 -7697.35302734375
7190 -7607.390625
7200 -7299.9462890625
7210 -7180.3671875
7220 -6615.35107421875
7230 -6065.013671875
7240 -5442.435546875
7250 -5233.3544921875
7260 -5488.01953125
7270 -5423.52587890625
7280 -5639.986328125
7290 -6134.185546875
7300 -6160.1015625
7310 -6115.7578125
7320 -5878.95263671875
7330 -5568.78662109375
7340 -5591.349609375
7350 -5577.5625
7360 -5825.720703125
7370 -6221.07421875
7380 -6447.42822265625
7390 -6623.6787109375
7400 -6840.705078125
7410 -6833.04345703125
7420 -6990.9462890625
7430 -7370.87451171875
7440 -7690.8798828125
7450 -7423.66015625
7460 -6932.60546875
7470 -6905.447265625
7480 -6805.93408203125
7490 -6865.61279296875
7500 -7221.66943359375
7510 -7314.56201171875
7520 -7081.43359375
7530 -6846.2783203125
7540 -6561.87548828125
7550 -6294.45361328125
7560 -6196.51806640625
7570 -6284.2578125
7580 -6252.1455078125
7590 -6223.28369140625
7600 -6449.7666015625
7610 -6715.50390625
7620 -6919.65771484375
7630 -6719.740234375
7640 -6317.89794921875
7650 -6186.9482421875
7660 -6247.60888671875
7670 -6357.19482421875
7680 -5731.42626953125
7690 -5737.943359375
7700 -5712.9072265625
7710 -5301.6025390625
7720 -4712.958984375
7730 -4909.4384765625
7740 -4945.4091796875
7750 -5032.22900390625
7760 -4819.6923828125
7770 -4910.99609375
7780 -5380.869140625
7790 -5055.7529296875
7800 -5445.751953125
7810 -6611.3203125
7820 -8051.62255859375
7830 -8202.888671875
7840 -7736.7041015625
7850 -7098.6201171875
7860 -6530.9736328125
7870 -6165.0859375
7880 -6386.12451171875
7890 -6482.419921875
7900 -6865.5126953125
7910 -7233.17822265625
7920 -7207.3232421875
7930 -7485.7197265625
7940 -7512.3408203125
7950 -7362.662109375
7960 -7618.19091796875
7970 -7517.33740234375
7980 -7002.185546875
7990 -6558.5361328125
8000 -6353.8974609375
8010 -6242.25146484375
8020 -5947.76708984375
8030 -5691.6962890625
8040 -5653.74462890625
8050 -5694.65234375
8060 -5763.244140625
8070 -5880.0771484375
8080 -5913.95361328125
8090 -5848.5888671875
8100 -5670.2744140625
8110 -5504.7080078125
8120 -5211.0263671875
8130 -5150.1767578125
8140 -5250.763671875
8150 -5556.6708984375
8160 -5961.0068359375
8170 -7241.1953125
8180 -7892.859375
8190 -7239.68359375
8200 -6942.34521484375
8210 -7267.70947265625
8220 -7747.4013671875
8230 -8106.3837890625
8240 -8448.89453125
8250 -8777.482421875
8260 -8622.8994140625
8270 -8276.521484375
8280 -7916.5322265625
8290 -7406.15234375
8300 -6866.4794921875
8310 -6451.3203125
8320 -6385.021484375
8330 -6804.59716796875
8340 -7706.89013671875
8350 -7573.9765625
8360 -7097.796875
8370 -6414.6142578125
8380 -5918.3857421875
8390 -5529.19140625
8400 -5251.7802734375
8410 -5100.2119140625
8420 -5221.5576171875
8430 -5614.5078125
8440 -5688.24658203125
8450 -5727.5302734375
8460 -5854.2919921875
8470 -6095.41845703125
8480 -6352.54150390625
8490 -6573.0966796875
8500 -6416.654296875
8510 -5862.3583984375
8520 -5155.0458984375
8530 -4677.13427734375
8540 -4474.96875
8550 -4452.5380859375
8560 -5167.18115234375
8570 -5232.5029296875
8580 -5973.767578125
8590 -6785.12890625
8600 -7249.9482421875
8610 -7873.82568359375
8620 -8011.14892578125
8630 -8209.0859375
8640 -8540.453125
8650 -8551.3046875
8660 -8427.03125
8670 -8265.369140625
8680 -8778.583984375
8690 -8781.62109375
8700 -8203.4677734375
8710 -7828.0029296875
8720 -7614.5234375
8730 -7266.0078125
8740 -6770.45654296875
8750 -6470.27392578125
8760 -6439.38916015625
8770 -6397.73095703125
8780 -6596.169921875
8790 -7077.5693359375
8800 -7377.95703125
8810 -7255.6640625
8820 -7358.9521484375
8830 -7567.490234375
8840 -7882.94921875
8850 -7864.1640625
8860 -7389.42724609375
8870 -6840.8642578125
8880 -6600.93359375
8890 -6500.92578125
8900 -6431.49560546875
8910 -6358.78564453125
8920 -6255.4130859375
8930 -6158.0751953125
8940 -5883.6337890625
8950 -5594.96484375
8960 -5383.88916015625
8970 -5464.0654296875
8980 -5673.060546875
8990 -6423.7294921875
9000 -6827.0595703125
9010 -7504.052734375
9020 -7989.65625
9030 -7812.1328125
9040 -8145.966796875
9050 -8242.8896484375
9060 -8901.3955078125
9070 -9468.412109375
9080 -9234.232421875
9090 -8604.6484375
9100 -7958.1650390625
9110 -7784.513671875
9120 -7649.2724609375
9130 -7267.9287109375
9140 -7037.291015625
9150 -7061.546875
9160 -7050.1376953125
9170 -6796.58642578125
9180 -6796.8759765625
9190 -6801.94921875
9200 -6552.90625
9210 -6574.6796875
9220 -6605.7646484375
9230 -6483.89990234375
9240 -6180.73291015625
9250 -6320.5263671875
9260 -6439.3603515625
9270 -6405.533203125
9280 -6280.3408203125
9290 -6078.849609375
9300 -6020.58544921875
9310 -5815.73046875
9320 -5512.85888671875
9330 -5475.41552734375
9340 -5553.4970703125
9350 -5810.70556640625
9360 -6002.31982421875
9370 -5953.6845703125
9380 -6262.525390625
9390 -7092.7509765625
9400 -7670.5009765625
9410 -7826.65625
9420 -7997.4970703125
9430 -8143.119140625
9440 -8088.64990234375
9450 -7948.12255859375
9460 -8020.515625
9470 -8281.673828125
9480 -8334.81640625
9490 -8067.3359375
9500 -7688.6015625
9510 -7330.0576171875
9520 -7131.3115234375
9530 -7215.18896484375
9540 -7206.1806640625
9550 -6997.71435546875
9560 -6776.521484375
9570 -6726.54638671875
9580 -6579.13916015625
9590 -6338.9912109375
9600 -6325.333984375
9610 -6540.2275390625
9620 -6856.0556640625
9630 -6849.3818359375
9640 -6492.5498046875
9650 -6164.9736328125
9660 -5937.03271484375
9670 -5798.12060546875
9680 -5475.1376953125
9690 -5204.12548828125
9700 -5041.212890625
9710 -4637.1875
9720 -4545.0732421875
9730 -4749.7470703125
9740 -5029.876953125
9750 -5420.7470703125
9760 -5996.4423828125
9770 -6288.3984375
9780 -6235.4326171875
9790 -6041.5517578125
9800 -6252.326171875
9810 -6526.8125
9820 -7049.1455078125
9830 -7427.5361328125
9840 -7469.3515625
9850 -7675.96728515625
9860 -8271.5732421875
9870 -8534.9287109375
9880 -8649.248046875
9890 -8062.6015625
9900 -7851.1025390625
9910 -7646.978515625
9920 -7410.72607421875
9930 -7492.57470703125
9940 -7206.8876953125
9950 -7145.8310546875
9960 -7106.390625
9970 -7277.279296875
9980 -7596.87109375
9990 -7750.626953125
10000 -7690.2177734375
10010 -7778.86181640625
10020 -7828.166015625
10030 -7431.0087890625
10040 -6910.24365234375
10050 -6723.5625
10060 -6795.22998046875
10070 -7035.2275390625
10080 -7006.18505859375
10090 -6874.8603515625
10100 -6494.18115234375
10110 -5830.8681640625
10120 -5450.1064453125
10130 -5218.65380859375
10140 -5022.44970703125
10150 -4925.2177734375
10160 -5125.1728515625
10170 -5581.18359375
10180 -6049.435546875
10190 -6801.0830078125
10200 -7755.685546875
10210 -8186.4169921875
10220 -7800.80615234375
10230 -7678.2919921875
10240 -7683.4951171875
10250 -7605.15966796875
10260 -7812.447265625
10270 -8037.4267578125
10280 -7269.0849609375
10290 -6774.1103515625
10300 -6362.9677734375
10310 -6041.8603515625
10320 -5823.0908203125
10330 -5787.833984375
10340 -5806.99462890625
10350 -5992.0517578125
10360 -6310.9267578125
10370 -6555.5068359375
10380 -6621.23876953125
10390 -6755.953125
10400 -6966.1806640625
10410 -7085.8671875
10420 -7119.8916015625
10430 -7072.8349609375
10440 -7074.3486328125
10450 -7030.662109375
10460 -7197.66064453125
10470 -7360.8017578125
10480 -7515.9697265625
10490 -7530.5830078125
10500 -7443.23681640625
10510 -6859.69189453125
10520 -6170.35546875
10530 -5682.1630859375
10540 -5308.0791015625
10550 -5186.1474609375
10560 -5260.1640625
10570 -5325.7548828125
10580 -5448.4345703125
10590 -5772.208984375
10600 -5754.291015625
10610 -5835.12890625
10620 -5846.8544921875
10630 -5994.53125
10640 -6097.53125
10650 -6023.34521484375
10660 -5784.419921875
10670 -5310.3046875
10680 -5251.87060546875
10690 -5580.4833984375
10700 -5746.4521484375
10710 -6099.962890625
10720 -6556.47314453125
10730 -6840.51220703125
10740 -6804.0751953125
10750 -6602.0283203125
10760 -6440.8857421875
10770 -6177.41796875
10780 -5904.5751953125
10790 -5646.68115234375
10800 -5472.5234375
10810 -5366.4423828125
10820 -5376.1669921875
10830 -5603.68359375
10840 -5931.6689453125
10850 -6233.943359375
10860 -6481.3154296875
10870 -6797.3466796875
10880 -7015.27001953125
10890 -7000.70458984375
10900 -6863.7841796875
10910 -6784.537109375
10920 -6626.10595703125
10930 -6480.23828125
10940 -6431.80078125
10950 -6595.36328125
10960 -6766.6767578125
10970 -6948.54248046875
10980 -7149.7646484375
10990 -7353.275390625
11000 -7276.61376953125
11010 -7383.302734375
11020 -7537.0556640625
11030 -7810.693359375
11040 -7746.31689453125
11050 -7677.7373046875
11060 -7907.15625
11070 -7944.21875
11080 -7839.8095703125
11090 -8071.2529296875
11100 -8166.296875
11110 -8021.25927734375
11120 -7734.10888671875
11130 -7839.0654296875
11140 -7741.40185546875
11150 -7414.43603515625
11160 -6927.7099609375
11170 -6586.8212890625
11180 -6485.3095703125
11190 -6602.5302734375
11200 -6450.57421875
11210 -6124.779296875
11220 -6408.7158203125
11230 -6832.43359375
11240 -6876.1826171875
11250 -6578.9501953125
11260 -6089.9248046875
11270 -5725.8125
11280 -5441.3408203125
11290 -5229.7392578125
11300 -5238.2158203125
11310 -4951.2685546875
11320 -4758.5859375
11330 -5201.31201171875
11340 -5344.5146484375
11350 -5330.06787109375
11360 -5325.5986328125
11370 -5122.98876953125
11380 -5488.16455078125
11390 -5733.515625
11400 -5867.3388671875
11410 -5873.32470703125
11420 -5999.72265625
11430 -6472.51025390625
11440 -6969.2998046875
11450 -7643.05810546875
11460 -8108.6357421875
11470 -8224.8955078125
11480 -8438.513671875
11490 -8232.404296875
11500 -7503.009765625
11510 -7070.39013671875
11520 -6788.556640625
11530 -6487.32666015625
11540 -6212.453125
11550 -6104.873046875
11560 -6229.28759765625
11570 -6264.6005859375
11580 -6007.8056640625
11590 -5802.8583984375
11600 -5733.1376953125
11610 -5840.0654296875
11620 -6502.7802734375
11630 -6720.9697265625
11640 -7028.5810546875
11650 -7151.546875
11660 -6941.70703125
11670 -6714.439453125
11680 -6750.296875
11690 -6769.4248046875
11700 -6759.1318359375
11710 -6317.66748046875
11720 -5848.82666015625
11730 -6143.7109375
11740 -6582.7890625
11750 -6222.26513671875
11760 -5813.6923828125
11770 -6019.7431640625
11780 -6036.98779296875
11790 -6461.39453125
11800 -6572.1494140625
11810 -6382.654296875
11820 -6409.3203125
11830 -7241.478515625
11840 -7722.861328125
11850 -7377.2958984375
11860 -7372.4287109375
11870 -7440.9619140625
11880 -7467.1572265625
11890 -7598.4755859375
11900 -7729.884765625
11910 -7756.25732421875
11920 -7781.93359375
11930 -8198.0849609375
11940 -8241.486328125
11950 -7894.962890625
11960 -7600.6806640625
11970 -7669.80517578125
11980 -7289.45068359375
11990 -6613.73828125
12000 -6293.14111328125
12010 -6593.123046875
12020 -7236.662109375
12030 -7415.6328125
12040 -6922.4033203125
12050 -6506.4599609375
12060 -6130.6708984375
12070 -6165.15087890625
12080 -6426.091796875
12090 -6213.9072265625
12100 -5824.6494140625
12110 -5644.2353515625
12120 -5577.79296875
12130 -5766.2841796875
12140 -5947.345703125
12150 -6204.755859375
12160 -6111.40234375
12170 -5883.44921875
12180 -6013.15576171875
12190 -5967.068359375
12200 -5933.603515625
12210 -6346.5048828125
12220 -6583.84765625
12230 -6657.7666015625
12240 -6571.09375
12250 -6534.25390625
12260 -6845.478515625
12270 -6881.59765625
12280 -7038.39306640625
12290 -7115.80712890625
12300 -7151.61328125
12310 -7262.8193359375
12320 -7111.95361328125
12330 -6899.10546875
12340 -7021.0849609375
12350 -7374.02001953125
12360 -7672.02978515625
12370 -7790.9345703125
12380 -7813.7978515625
12390 -7743.1025390625
12400 -7628.7939453125
12410 -7766.802734375
12420 -8004.8876953125
12430 -8376.876953125
12440 -8513.224609375
12450 -7806.99951171875
12460 -7382.0849609375
12470 -7285.1298828125
12480 -7020.6162109375
12490 -6612.2685546875
12500 -6144.5986328125
12510 -5543.2783203125
12520 -5072.541015625
12530 -4941.9951171875
12540 -4897.080078125
12550 -5002.01171875
12560 -5448.1953125
12570 -5461.5048828125
12580 -5203.8193359375
12590 -5476.943359375
12600 -5680.13671875
12610 -6058.61865234375
12620 -6299.541015625
12630 -6423.8818359375
12640 -6762.880859375
12650 -7359.5146484375
12660 -6811.0400390625
12670 -6825.37646484375
12680 -6673.3427734375
12690 -6696.8466796875
12700 -6915.3984375
12710 -7141.234375
12720 -7190.1875
12730 -7167.51904296875
12740 -7118.228515625
12750 -7427.50732421875
12760 -7666.919921875
12770 -7750.4375
12780 -7855.4794921875
12790 -7871.43701171875
12800 -7858.39453125
12810 -7906.2978515625
12820 -7906.8876953125
12830 -7959.279296875
12840 -7949.755859375
12850 -7948.1552734375
12860 -7950.390625
12870 -7555.8798828125
12880 -7281.7451171875
12890 -7024.42041015625
12900 -6552.583984375
12910 -6022.8759765625
12920 -5668.796875
12930 -5669.88037109375
12940 -5817.681640625
12950 -5524.400390625
12960 -5849.46435546875
12970 -6252.1416015625
12980 -6337.4931640625
12990 -6161.6103515625
13000 -6478.3369140625
13010 -7669.775390625
13020 -8341.0087890625
13030 -7938.328125
13040 -7642.1064453125
13050 -7246.4248046875
13060 -7133.79443359375
13070 -7569.71923828125
13080 -8019.9130859375
13090 -8009.6015625
13100 -7909.6689453125
13110 -7904.2802734375
13120 -7925.888671875
13130 -7881.62939453125
13140 -7621.73583984375
13150 -7377.53515625
13160 -7272.19921875
13170 -7147.1728515625
13180 -7473.34423828125
13190 -6998.791015625
13200 -6537.1455078125
13210 -6243.134765625
13220 -6047.74365234375
13230 -5732.142578125
13240 -5393.8779296875
13250 -5409.7236328125
13260 -5579.6181640625
13270 -5536.853515625
13280 -5485.3095703125
13290 -5433.4169921875
13300 -5345.7626953125
13310 -5031.95703125
13320 -4843.880859375
13330 -5047.14453125
13340 -5262.3515625
13350 -5296.6396484375
13360 -5339.921875
13370 -5628.34765625
13380 -5789.4345703125
13390 -6102.05859375
13400 -6801.7646484375
0 -5169.591796875
10 -5185.4697265625
20 -5358.9033203125
30 -5501.4169921875
40 -5671.8701171875
50 -5849.0849609375
60 -5997.19775390625
70 -6136.56884765625
80 -6105.5341796875
90 -5770.7568359375
100 -5080.294921875
110 -3997.29150390625
120 -2948.32763671875
130 -2318.497802734375
140 -2091.596923828125
150 -1982.283081054688
160 -1930.459838867188
170 -1875.327392578125
180 -1774.322265625
190 -1712.74609375
200 -1887.400512695312
210 -2069.37158203125
220 -2072.98193359375
230 -1896.87158203125
240 -1667.963623046875
250 -1603.571533203125
260 -1722.552490234375
270 -1845.414306640625
280 -2005.82373046875
290 -2262.864013671875
300 -2684.3486328125
310 -3187.35498046875
320 -3476.88134765625
330 -3501.45263671875
340 -3263.19677734375
350 -2939.14306640625
360 -2635.227783203125
370 -2472.556640625
380 -2520.55029296875
390 -2566.2353515625
400 -2518.664306640625
410 -2558.17919921875
420 -2609.310302734375
430 -2654.829833984375
440 -2668.26416015625
450 -2678.52783203125
460 -2703.73486328125
470 -2797.45458984375
480 -2964.258056640625
490 -3114.107666015625
500 -3134.802734375
510 -3017.56689453125
520 -2889.99267578125
530 -2915.4677734375
540 -3044.342041015625
550 -3283.380859375
560 -3326.7578125
570 -3426.015625
580 -3458.932373046875
590 -3366.3603515625
600 -3325.35009765625
610 -3310.04345703125
620 -3584.698486328125
630 -3983.6982421875
640 -4318.61669921875
650 -4540.77685546875
660 -4477.88916015625
670 -4661.2294921875
680 -4721.0458984375
690 -4723.515625
700 -4808.173828125
710 -4982.4482421875
720 -5108.353515625
730 -5133.0517578125
740 -4893.77392578125
750 -4745.4990234375
760 -4793.9580078125
770 -4645.3251953125
780 -4274.49609375
790 -4090.353759765625
800 -4279.3369140625
810 -4545.3525390625
820 -4526.49609375
830 -4905.75244140625
840 -5225.703125
850 -5728.0361328125
860 -6215.041015625
870 -6345.31640625
880 -6079.140625
890 -5520.0087890625
900 -5249.71484375
910 -5103.1015625
920 -4681.53173828125
930 -4192.02685546875
940 -3845.48095703125
950 -3788.03076171875
960 -3923.61328125
970 -4003.6904296875
980 -4029.56884765625
990 -4097.75439453125
1000 -4325.8671875
1010 -4608.826171875
1020 -4936.1806640625
1030 -5890.7822265625
1040 -6967.7587890625
1050 -6274.33740234375
1060 -5763.0068359375
1070 -6032.927734375
1080 -6345.328125
1090 -6259.541015625
1100 -5864.1552734375
1110 -5554.1357421875
1120 -5384.275390625
1130 -5730.8125
1140 -6970.2861328125
1150 -7305.412109375
1160 -6886.62890625
1170 -7084.4013671875
1180 -7854.89697265625
1190 -8125.39892578125
1200 -7159.951171875
1210 -6234.75537109375
1220 -5527.6103515625
1230 -4833.55078125
1240 -4307.828125
1250 -3963.72900390625
1260 -4514.7919921875
1270 -4946.18701171875
1280 -5054.3828125
1290 -5188.2763671875
1300 -4842.3671875
1310 -4372.3046875
1320 -3906.12646484375
1330 -3653.122314453125
1340 -3841.6162109375
1350 -4429.69140625
1360 -4640.71875
1370 -5028.873046875
1380 -4556.859375
1390 -4625.61767578125
1400 -4436.08349609375
1410 -4447.7578125
1420 -4616.6005859375
1430 -4366.86767578125
1440 -4739.0498046875
1450 -5261.3115234375
1460 -5552.529296875
1470 -6109.708984375
1480 -6829.43603515625
1490 -7513.373046875
1500 -6931.22314453125
1510 -7237.4931640625
1520 -7604.2890625
1530 -7985.87109375
1540 -8757.603515625
1550 -8541.724609375
1560 -8297.970703125
1570 -8130.1513671875
1580 -7973.76953125
1590 -7333.9892578125
1600 -7112.83642578125
1610 -7316.61328125
1620 -6949.0986328125
1630 -6675.53271484375
1640 -5890.3603515625
1650 -5818.14501953125
1660 -5928.265625
1670 -5589.36083984375
1680 -5345.8583984375
1690 -5532.63818359375
1700 -5381.0009765625
1710 -5333.40673828125
1720 -5671.3095703125
1730 -5320.2431640625
1740 -5019.9716796875
1750 -5226.5908203125
1760 -5664.7890625
1770 -5788.220703125
1780 -5963.37060546875
1790 -5836.87255859375
1800 -6525.109375
1810 -7731.2587890625
1820 -7195.09375
1830 -6608.357421875
1840 -6566.69189453125
1850 -6746.6005859375
1860 -6073.1083984375
1870 -5548.8046875
1880 -5402.416015625
1890 -5263.33203125
1900 -5420.5029296875
1910 -4889.4609375
1920 -4681.93701171875
1930 -4806.6220703125
1940 -4928.833984375
1950 -4806.6259765625
1960 -4732.544921875
1970 -4826.123046875
1980 -4873.9638671875
1990 -5080.1923828125
2000 -5379.07568359375
2010 -5513.52734375
2020 -5645.271484375
2030 -5744.77490234375
2040 -5567.31103515625
2050 -5362.1513671875
2060 -5142.9013671875
2070 -5022.8837890625
2080 -4951.1162109375
2090 -4831.90625
2100 -4759.0947265625
2110 -4663.34765625
2120 -4586.1220703125
2130 -4417.9111328125
2140 -4243.7919921875
2150 -4420.1162109375
2160 -4426.95068359375
2170 -4433.046875
2180 -4907.22314453125
2190 -6317.38671875
2200 -8020.5244140625
2210 -8162.59375
2220 -8207.65234375
2230 -9288.9736328125
2240 -9324.8359375
2250 -8252.3759765625
2260 -8418.462890625
2270 -8940.626953125
2280 -9316.005859375
2290 -8764.5
2300 -8006.9853515625
2310 -7888.599609375
2320 -7684.9013671875
2330 -7495.7998046875
2340 -7239.8134765625
2350 -7102.384765625
2360 -7100.2734375
2370 -6775.2333984375
2380 -6224.2939453125
2390 -5899.03125
2400 -5752.64599609375
2410 -5572.576171875
2420 -5437.3671875
2430 -5293.8193359375
2440 -5517.4482421875
2450 -5716.7177734375
2460 -5860.283203125
2470 -5767.37158203125
2480 -5499.30517578125
2490 -5426.75537109375
2500 -5219.19287109375
2510 -4909.0400390625
2520 -4603.0546875
2530 -4434.927734375
2540 -4517.15576171875
2550 -4902.7158203125
2560 -5076.22265625
2570 -5437.9150390625
2580 -6395.95556640625
2590 -5525.6796875
2600 -5426.9208984375
2610 -5434.92724609375
2620 -5795.35302734375
2630 -6411.1044921875
2640 -5971.62744140625
2650 -5800.78173828125
2660 -6893.251953125
2670 -7589.455078125
2680 -7224.86572265625
2690 -6737.84765625
2700 -6635.5458984375
2710 -6734.2119140625
2720 -6671.9375
2730 -6650.9443359375
2740 -6298.6064453125
2750 -6241.0087890625
2760 -6383.31640625
2770 -6633.359375
2780 -6823.30029296875
2790 -6553.6376953125
2800 -6207.7607421875
2810 -5634.18115234375
2820 -4957.79638671875
2830 -4633.6787109375
2840 -4486.73828125
2850 -4493.435546875
2860 -4583.2451171875
2870 -4659.708984375
2880 -4774.3779296875
2890 -4718.45703125
2900 -4663.5966796875
2910 -4670.927734375
2920 -4526.8916015625
2930 -4388.33203125
2940 -4354.5576171875
2950 -4448.1357421875
2960 -4745.1630859375
2970 -4939.60791015625
2980 -5226.794921875
2990 -6458
3000 -6757.68408203125
3010 -6005.763671875
3020 -6217.787109375
3030 -6302.7333984375
3040 -5314.20068359375
3050 -5847.5185546875
3060 -6387.9892578125
3070 -6593.474609375
3080 -7135.3095703125
3090 -7388.890625
3100 -7287.658203125
3110 -7248.1162109375
3120 -7417.02734375
3130 -7150.3095703125
3140 -6715.1923828125
3150 -6788.5927734375
3160 -6993.4560546875
3170 -7445.6865234375
3180 -7293.49365234375
3190 -6868.2080078125
3200 -7284.427734375
3210 -7639.8740234375
3220 -7016.1767578125
3230 -6239.142578125
3240 -5742.90771484375
3250 -5433.2919921875
3260 -5390.482421875
3270 -5406.4736328125
3280 -5363.27734375
3290 -5285.59423828125
3300 -5236.02001953125
3310 -4822.310546875
3320 -4300.62548828125
3330 -3703.61669921875
3340 -3343.63330078125
3350 -3696.4384765625
3360 -4197.82421875
3370 -4735.14697265625
3380 -4932.5244140625
3390 -5083.08349609375
3400 -5259.0400390625
3410 -5495.1669921875
3420 -6348.0458984375
3430 -7138.873046875
3440 -8178.1240234375
3450 -8514.55078125
3460 -8352.22265625
3470 -8030.55419921875
3480 -7473.76171875
3490 -6743.9560546875
3500 -6040.4052734375
3510 -6253.896484375
3520 -6682.39501953125
3530 -7007.50927734375
3540 -6822.70068359375
3550 -6285.4853515625
3560 -5687.71533203125
3570 -5194.80078125
3580 -5101.90283203125
3590 -5219.8212890625
3600 -5407.1748046875
3610 -5447.19140625
3620 -5341.7333984375
3630 -5369.92578125
3640 -5501.76220703125
3650 -5810.7021484375
3660 -6008.1201171875
3670 -6182.638671875
3680 -6437.24951171875
3690 -6496.92578125
3700 -6457.8740234375
3710 -6222.548828125
3720 -5920.93896484375
3730 -5622.845703125
3740 -5149.7021484375
3750 -5695.3916015625
3760 -5391.23193359375
3770 -5370.06298828125
3780 -5396.5615234375
3790 -5110.5166015625
3800 -5023.33740234375
3810 -5130.1796875
3820 -5045.95849609375
3830 -5022.0439453125
3840 -5373.90283203125
3850 -5431.21728515625
3860 -5154.65234375
3870 -5054.24853515625
3880 -5237.23388671875
3890 -5633.6689453125
3900 -5967.7080078125
3910 -5889.18359375
3920 -5918.927734375
3930 -5662.85693359375
3940 -5701.8701171875
3950 -6077.96875
3960 -6452.119140625
3970 -6955.8486328125
3980 -7172.703125
3990 -7426.03466796875
4000 -7222.9765625
4010 -6966.08935546875
4020 -7193.630859375
4030 -6952.86083984375
4040 -6716.654296875
4050 -6267.3134765625
4060 -5912.33203125
4070 -5568.20654296875
4080 -5653.7724609375
4090 -5668.0703125
4100 -5604.115234375
4110 -5268.19921875
4120 -4985.97509765625
4130 -5007.53662109375
4140 -5222.2607421875
4150 -5378.564453125
4160 -5775.564453125
4170 -5883.15869140625
4180 -6375.19775390625
4190 -6400.9560546875
4200 -6480.1640625
4210 -6732.7294921875
4220 -7111.927734375
4230 -7113.6083984375
4240 -6830.3037109375
4250 -6659.50390625
4260 -6987.392578125
4270 -7620.5341796875
4280 -7888.09521484375
4290 -7322.85107421875
4300 -7087.55859375
4310 -6994.69921875
4320 -7005.8701171875
4330 -7594.34619140625
4340 -8160.0869140625
4350 -8323.361328125
4360 -8002.884765625
4370 -7947.060546875
4380 -7712.0771484375
4390 -7087.2236328125
4400 -6510.33984375
4410 -6440.1669921875
4420 -6534.87158203125
4430 -6551.546875
4440 -6305.1220703125
4450 -6200.93359375
4460 -5931.8193359375
4470 -5398.146484375
4480 -5050.1298828125
4490 -4797.19970703125
4500 -4800.9033203125
4510 -4995.95947265625
4520 -4636.9697265625
4530 -4322.6181640625
4540 -4395.0556640625
4550 -4575.5146484375
4560 -4545.23388671875
4570 -4734.955078125
4580 -4693.25830078125
4590 -5197.201171875
4600 -6192.4912109375
4610 -5755.9951171875
4620 -5817.2373046875
4630 -6088.853515625
4640 -6766.3671875
4650 -7107.05224609375
4660 -7317.109375
4670 -7040.3525390625
4680 -6991.53515625
4690 -6996.1103515625
4700 -6750.54931640625
4710 -6380.1328125
4720 -6431.751953125
4730 -6351.3701171875
4740 -6157.28857421875
4750 -6268.13037109375
4760 -6594.09765625
4770 -7011.27099609375
4780 -7195.37548828125
4790 -6929.1689453125
4800 -6740.7890625
4810 -6783.599609375
4820 -6750.92919921875
4830 -6725.01318359375
4840 -6744.16064453125
4850 -7020.31396484375
4860 -7470.1474609375
4870 -7354.9560546875
4880 -7072.90771484375
4890 -6815.697265625
4900 -6408.3759765625
4910 -6123.65478515625
4920 -5747.546875
4930 -5499.07763671875
4940 -5617.0341796875
4950 -5773.43603515625
4960 -5783.71875
4970 -5694.91748046875
4980 -5774.77490234375
4990 -6227.8330078125
5000 -6915.3798828125
5010 -7123.6953125
5020 -7366.328125
5030 -7801.53515625
5040 -6903.52783203125
5050 -6318.818359375
5060 -6287.474609375
5070 -6074.89990234375
5080 -5644.0146484375
5090 -5265.52587890625
5100 -5115.6474609375
5110 -5113.81591796875
5120 -5121.84033203125
5130 -5267.09375
5140 -5551.49609375
5150 -5826.17919921875
5160 -5876.0400390625
5170 -5877.021484375
5180 -5930.91455078125
5190 -5851.29296875
5200 -5644.86083984375
5210 -5358.38525390625
5220 -5213.3232421875
5230 -5164.55859375
5240 -5087.08447265625
5250 -5053.11767578125
5260 -5207.93994140625
5270 -5495.64208984375
5280 -5805.54248046875
5290 -5927.7958984375
5300 -5771.2021484375
5310 -5541.625
5320 -5074.39697265625
5330 -4777.44921875
5340 -4659.8095703125
5350 -4329.8173828125
5360 -3841.2314453125
5370 -4066.151611328125
5380 -4510.130859375
5390 -4601.2822265625
5400 -4900.7900390625
5410 -5411.67138671875
5420 -6197.4111328125
5430 -6985.42041015625
5440 -7332.4599609375
5450 -8108.25390625
5460 -8673.70703125
5470 -8460.95703125
5480 -8352.59765625
5490 -8038.0068359375
5500 -7641.6025390625
5510 -8383.90234375
5520 -8566.7958984375
5530 -8398.921875
5540 -8504.9111328125
5550 -8249.5205078125
5560 -7830.51513671875
5570 -7477.162109375
5580 -7277.0380859375
5590 -7092.06494140625
5600 -7019.3466796875
5610 -6793.08251953125
5620 -6616.564453125
5630 -6588.1044921875
5640 -6614.77197265625
5650 -6175.04931640625
5660 -5810.42578125
5670 -5654.85205078125
5680 -5604.4052734375
5690 -5526.11328125
5700 -5300.6826171875
5710 -4806.14453125
5720 -4279.982421875
5730 -3773.1201171875
5740 -4107.00048828125
5750 -4040.7177734375
5760 -4246.0087890625
5770 -4361.98876953125
5780 -4469.67138671875
5790 -4750.17822265625
5800 -5201.708984375
5810 -5930.765625
5820 -6875.1162109375
5830 -6857.111328125
5840 -6492.6181640625
5850 -6215.3115234375
5860 -6215.568359375
5870 -6092.66015625
5880 -6468.181640625
5890 -7433.7138671875
5900 -7844.97021484375
5910 -8053.06494140625
5920 -8270.5478515625
5930 -8499.69921875
5940 -8415.060546875
5950 -8063.13232421875
5960 -7641.4052734375
5970 -7041.86474609375
5980 -6839.42333984375
5990 -6722.548828125
6000 -6832.73876953125
6010 -7160.92333984375
6020 -6915.36181640625
6030 -6519.046875
6040 -6741.3701171875
6050 -6590.7626953125
6060 -6003.857421875
6070 -5691.126953125
6080 -5361.1455078125
6090 -4939.5654296875
6100 -4527.11328125
6110 -4233.5009765625
6120 -4140.6337890625
6130 -4402.92431640625
6140 -4674.8408203125
6150 -5116.86328125
6160 -5718.22265625
6170 -5976.966796875
6180 -6017.35107421875
6190 -6376.7783203125
6200 -6837.29150390625
6210 -6801.9169921875
6220 -6122.96484375
6230 -6382.2509765625
6240 -6253.138671875
6250 -6308.8896484375
6260 -6322.8974609375
6270 -6539.9853515625
6280 -6727.03466796875
6290 -6617.734375
6300 -6301.7685546875
6310 -6764.91796875
6320 -6590.6982421875
6330 -6304.748046875
6340 -6108.583984375
6350 -5876.2841796875
6360 -5856.5458984375
6370 -5740.07177734375
6380 -6187.5517578125
6390 -6553.2119140625
6400 -6371.1171875
6410 -5993.2880859375
6420 -5878.611328125
6430 -5796.06005859375
6440 -5679.2451171875
6450 -5705.3583984375
6460 -5873.01318359375
6470 -6263.85693359375
6480 -6360.787109375
6490 -6270.1435546875
6500 -6055.5693359375
6510 -5759.84326171875
6520 -5510.236328125
6530 -5456.56640625
6540 -5410.40380859375
6550 -6632.08984375
6560 -5514.3115234375
6570 -5871.13623046875
6580 -6407.4775390625
6590 -6397.212890625
6600 -5893.2041015625
6610 -6018.326171875
6620 -6027.8408203125
6630 -5801.0732421875
6640 -5688.2978515625
6650 -5588.16796875
6660 -5555.330078125
6670 -5563.09765625
6680 -5771.93603515625
6690 -6277.6640625
6700 -6765.03466796875
6710 -6916.828125
6720 -6795.9521484375
6730 -6605.85888671875
6740 -6647.4130859375
6750 -6950.26220703125
6760 -7034.18017578125
