"Time Step" "point-ho-c"
20210 0.08789345622062683
20220 0.1063586845993996
20230 0.1055982485413551
20240 0.108895555138588
20250 0.1108810231089592
20260 0.1103681176900864
20270 0.1047368422150612
20280 0.09738188236951828
20290 0.09553045034408569
20300 0.1000015884637833
20310 0.1006832867860794
20320 0.09597551822662354
20330 0.09169073402881622
20340 0.09095794707536697
20350 0.09853442013263702
20360 0.1013771891593933
20370 0.09869395196437836
20380 0.09803908318281174
20390 0.09796151518821716
20400 0.09886456280946732
20410 0.09906892478466034
20420 0.09858135879039764
20430 0.100640170276165
20440 0.09532872587442398
20450 0.08831257373094559
20460 0.09333916753530502
20470 0.09847314655780792
20480 0.1036990433931351
20490 0.08679989725351334
20500 0.1008507534861565
20510 0.09923578798770905
20520 0.09590126574039459
20530 0.09267330169677734
20540 0.08263628929853439
20550 0.09233423322439194
20560 0.1140928566455841
20570 0.1062287092208862
20580 0.09090191125869751
20590 0.09426525235176086
20600 0.09841424226760864
20610 0.09975285828113556
20620 0.09714996814727783
20630 0.1027938425540924
20640 0.1033079773187637
20650 0.1032463312149048
20660 0.1034308969974518
20670 0.09870588779449463
20680 0.09248501807451248
20690 0.1055154353380203
20700 0.1141227632761002
20710 0.1029209494590759
20720 0.1001527607440948
20730 0.1035921350121498
20740 0.1054199188947678
20750 0.107562281191349
20760 0.1074127703905106
20770 0.1062387377023697
20780 0.1031831949949265
20790 0.09421747177839279
20800 0.08546784520149231
20810 0.09033126384019852
20820 0.09631736576557159
20830 0.08804427832365036
20840 0.06728654354810715
20850 0.08013214915990829
20860 0.09302693605422974
20870 0.08957266807556152
20880 0.09356485307216644
20890 0.1060804724693298
20900 0.08408531546592712
20910 0.09411121904850006
20920 0.1128212660551071
20930 0.1136047840118408
20940 0.0974135547876358
20950 0.09436782449483871
20960 0.09469953179359436
20970 0.08858014643192291
20980 0.08990561217069626
20990 0.08524329215288162
21000 0.09130111336708069
21010 0.1165635287761688
21020 0.1030528023838997
21030 0.0947934165596962
21040 0.09565810114145279
21050 0.09645459800958633
21060 0.09546252340078354
21070 0.1031481027603149
21080 0.1130577027797699
21090 0.113015778362751
21100 0.1083265542984009
21110 0.09555241465568542
21120 0.1017671301960945
21130 0.1020579785108566
21140 0.1023565605282784
21150 0.1028491705656052
21160 0.09638680517673492
21170 0.09147519618272781
21180 0.1014249920845032
21190 0.1018776446580887
21200 0.0980059802532196
21210 0.1012510657310486
21220 0.1027255654335022
21230 0.1052775979042053
21240 0.104316845536232
21250 0.08839011937379837
21260 0.08455377817153931
21270 0.09142801910638809
21280 0.09873057901859283
21290 0.08664314448833466
21300 0.0745728462934494
21310 0.07949700206518173
21320 0.07980410754680634
21330 0.08353279531002045
21340 0.09706323593854904
21350 0.115056961774826
21360 0.1166018471121788
21370 0.1170656979084015
21380 0.1131556779146194
21390 0.1122235730290413
21400 0.1101469025015831
21410 0.09929993748664856
21420 0.09087447822093964
21430 0.09527041763067245
21440 0.1044249683618546
21450 0.1033403426408768
21460 0.0902409553527832
21470 0.08766116946935654
21480 0.08899108320474625
21490 0.09332016855478287
21500 0.09949909150600433
21510 0.09953741729259491
21520 0.09949664771556854
21530 0.09975355118513107
21540 0.1003285646438599
21550 0.1002516895532608
21560 0.1015613004565239
21570 0.1010152995586395
21580 0.09906763583421707
21590 0.09774548560380936
21600 0.07520517706871033
21610 0.08656148612499237
21620 0.09395869821310043
21630 0.09895649552345276
21640 0.09727583825588226
21650 0.09323888272047043
21660 0.09706784784793854
21670 0.09454453736543655
21680 0.08482558280229568
21690 0.0893719494342804
21700 0.09926549345254898
21710 0.09954214096069336
21720 0.1036320999264717
21730 0.1062010750174522
21740 0.1059054508805275
21750 0.1092194467782974
21760 0.1077335700392723
21770 0.0933995246887207
21780 0.08290202915668488
21790 0.09330189228057861
21800 0.09557007998228073
21810 0.09372901171445847
21820 0.08441344648599625
21830 0.09009791165590286
21840 0.1056518331170082
21850 0.1143577173352242
21860 0.1135374158620834
21870 0.1128650605678558
21880 0.1168818473815918
21890 0.1138019412755966
21900 0.1157536134123802
21910 0.1161141097545624
21920 0.1123712062835693
21930 0.1079942435026169
21940 0.1118173450231552
21950 0.1185404807329178
21960 0.09809184819459915
21970 0.0989193469285965
21980 0.1011538058519363
21990 0.1016711965203285
22000 0.09640739858150482
22010 0.09911578893661499
22020 0.1046948432922363
22030 0.101684644818306
22040 0.09055178612470627
22050 0.0817829817533493
22060 0.09388462454080582
22070 0.08872288465499878
22080 0.09531889110803604
22090 0.1024986729025841
22100 0.1008542627096176
22110 0.09534753113985062
22120 0.09845976531505585
22130 0.0813409686088562
22140 0.08682974427938461
22150 0.09704430401325226
22160 0.1098336055874825
22170 0.1063138768076897
22180 0.10296630859375
22190 0.1027691811323166
22200 0.09907136112451553
22210 0.09801343083381653
22220 0.09910652041435242
22230 0.101674884557724
22240 0.1022729277610779
22250 0.1028247326612473
22260 0.09910736978054047
22270 0.08422413468360901
22280 0.0760992020368576
22290 0.09429964423179626
22300 0.1006870344281197
22310 0.1033433973789215
22320 0.1036776602268219
22330 0.1022097393870354
22340 0.1007895991206169
22350 0.1007574498653412
22360 0.1067042499780655
22370 0.1093867570161819
22380 0.108560249209404
22390 0.1053828299045563
22400 0.1037584319710732
22410 0.1015436798334122
22420 0.09717041254043579
22430 0.08898483216762543
22440 0.09252986311912537
22450 0.09638206660747528
22460 0.1061432957649231
22470 0.1035535782575607
22480 0.09735861420631409
22490 0.1014006361365318
22500 0.1045797169208527
22510 0.1043637245893478
22520 0.116627924144268
22530 0.1204295232892036
22540 0.1178594976663589
22550 0.1147830486297607
22560 0.1113788634538651
22570 0.1171551942825317
22580 0.1124172210693359
22590 0.105212613940239
22600 0.1052659004926682
22610 0.09960252791643143
22620 0.08967676758766174
22630 0.08867380023002625
22640 0.1017148494720459
22650 0.1108385249972343
22660 0.1142727211117744
22670 0.1058777123689651
22680 0.09933815896511078
22690 0.09650669991970062
22700 0.107547789812088
22710 0.1122779548168182
22720 0.1110850721597672
22730 0.1088040173053741
22740 0.1086393594741821
22750 0.1045656949281693
22760 0.1040887832641602
22770 0.1062521934509277
22780 0.1058524027466774
22790 0.1057476326823235
22800 0.1057737469673157
22810 0.09878431260585785
22820 0.09259262681007385
22830 0.09766678512096405
22840 0.09548565745353699
22850 0.08441337943077087
22860 0.09766955673694611
22870 0.1003620773553848
22880 0.09815527498722076
22890 0.1049068719148636
22900 0.1091232672333717
22910 0.09911883622407913
22920 0.09622689336538315
22930 0.08030973374843597
22940 0.09143850952386856
22950 0.1059617176651955
22960 0.1049996316432953
22970 0.1047937422990799
22980 0.1048012375831604
22990 0.1099502146244049
23000 0.1092797219753265
23010 0.1079485267400742
23020 0.1046129167079926
23030 0.1040718927979469
23040 0.1055253744125366
23050 0.1037597060203552
23060 0.102835476398468
23070 0.1017105504870415
23080 0.09821183979511261
23090 0.10071811825037
23100 0.1036219298839569
23110 0.1076773256063461
23120 0.1057605817914009
23130 0.1032653003931046
23140 0.1015944629907608
23150 0.1017863601446152
23160 0.1003773659467697
23170 0.1040612906217575
23180 0.09535715728998184
23190 0.09168955683708191
23200 0.09023027122020721
23210 0.09306444227695465
23220 0.09396864473819733
23230 0.1121811419725418
23240 0.1094371974468231
23250 0.1065778434276581
23260 0.08118435740470886
23270 0.0841885507106781
23280 0.07499668002128601
23290 0.08027448505163193
23300 0.09252314269542694
23310 0.09235701709985733
23320 0.1027165204286575
23330 0.101833701133728
23340 0.09288819134235382
23350 0.09418050944805145
23360 0.1015583723783493
23370 0.1018873900175095
23380 0.1027530580759048
23390 0.1053184866905212
23400 0.1066912934184074
23410 0.1067928373813629
23420 0.1074610948562622
23430 0.1050764471292496
23440 0.08994289487600327
23450 0.09168892353773117
23460 0.09592585265636444
23470 0.09208379685878754
23480 0.1066969931125641
23490 0.1126872077584267
23500 0.1117988079786301
23510 0.1093459352850914
23520 0.09746362268924713
23530 0.09631930291652679
23540 0.09737867116928101
23550 0.07598625123500824
23560 0.05851206183433533
23570 0.07072833180427551
23580 0.07984834909439087
23590 0.09372307360172272
23600 0.09992235898971558
23610 0.1125757545232773
23620 0.1136322617530823
23630 0.1143049597740173
23640 0.1021697223186493
23650 0.1016741544008255
23660 0.1015813499689102
23670 0.08965612202882767
23680 0.0761595219373703
23690 0.0677981972694397
23700 0.09392346441745758
23710 0.1118335500359535
23720 0.1152615323662758
23730 0.1153349578380585
23740 0.1153786927461624
23750 0.1122055128216743
23760 0.1092070639133453
23770 0.1139075979590416
23780 0.1180489733815193
23790 0.1158701926469803
23800 0.1167525500059128
23810 0.1174495369195938
23820 0.117463618516922
23830 0.1121100783348083
23840 0.1175362840294838
23850 0.1006950587034225
23860 0.09470629692077637
23870 0.09529363363981247
23880 0.09895291924476624
23890 0.1122121438384056
23900 0.1121101975440979
23910 0.1084447056055069
23920 0.108509249985218
23930 0.1085975244641304
23940 0.1077832579612732
23950 0.1061291396617889
23960 0.1040067672729492
23970 0.1030811071395874
23980 0.1035056784749031
23990 0.08901789039373398
24000 0.09413665533065796
13410 0.09576896578073502
13420 0.09794159978628159
13430 0.09909901767969131
13440 0.1037060841917992
13450 0.1063034981489182
13460 0.09761609882116318
13470 0.09003580361604691
13480 0.1034422665834427
13490 0.1055472940206528
13500 0.1049304604530334
13510 0.1045228913426399
13520 0.1046823635697365
13530 0.09602705389261246
13540 0.09284041821956635
13550 0.1096808016300201
13560 0.1105894967913628
13570 0.09381494671106339
13580 0.09369929134845734
13590 0.03001381829380989
13600 0.03110553324222565
13610 0.09168268740177155
13620 0.1027670502662659
13630 0.1018306314945221
13640 0.09757371246814728
13650 0.08700709044933319
13660 0.08670163154602051
13670 0.09328177571296692
13680 0.09859033674001694
13690 0.09793463349342346
13700 0.09947901964187622
13710 0.100820779800415
13720 0.08075787127017975
13730 0.08961200714111328
13740 0.09641404449939728
13750 0.07729941606521606
13760 0.08578789979219437
13770 0.09238512068986893
13780 0.08421439677476883
13790 0.0885893851518631
13800 0.08848445117473602
13810 0.08286923170089722
13820 0.08327624201774597
13830 0.08808745443820953
13840 0.1016980335116386
13850 0.09910061955451965
13860 0.08758577704429626
13870 0.09412167966365814
13880 0.09390349686145782
13890 0.09531871229410172
13900 0.09780258685350418
13910 0.1027275323867798
13920 0.09907073527574539
13930 0.0966511070728302
13940 0.09723718464374542
13950 0.09209819138050079
13960 0.09599054604768753
13970 0.1061710864305496
13980 0.1123310476541519
13990 0.1159845367074013
14000 0.1153776794672012
14010 0.1053577736020088
14020 0.09504476189613342
14030 0.09513617306947708
14040 0.09979678690433502
14050 0.101378008723259
14060 0.0999283492565155
14070 0.09967435151338577
14080 0.09993977844715118
14090 0.1034084856510162
14100 0.1077579408884048
14110 0.1064441278576851
14120 0.1052268296480179
14130 0.1068451032042503
14140 0.1089246571063995
14150 0.08825787156820297
14160 0.08720680326223373
14170 0.0961836501955986
14180 0.1119133979082108
14190 0.1030402928590775
14200 0.09175095707178116
14210 0.09444704651832581
14220 0.1050167679786682
14230 0.09781987220048904
14240 0.09544870257377625
14250 0.1003033965826035
14260 0.1021960377693176
14270 0.1002563387155533
14280 0.1044292747974396
14290 0.104502409696579
14300 0.103800356388092
14310 0.1033913344144821
14320 0.1004651412367821
14330 0.1034149900078773
14340 0.1002619937062263
14350 0.09274997562170029
14360 0.09365807473659515
14370 0.09286266565322876
14380 0.09607946872711182
14390 0.09794139862060547
14400 0.09732268750667572
14410 0.0952233225107193
14420 0.09167876839637756
14430 0.07768415659666061
14440 0.07811315357685089
14450 0.07809369266033173
14460 0.07202600687742233
14470 0.08372677117586136
14480 0.1022941246628761
14490 0.09940957278013229
14500 0.09147607535123825
14510 0.09676035493612289
14520 0.1006885170936584
14530 0.08298951387405396
14540 0.09113888442516327
14550 0.08740579336881638
14560 0.09058785438537598
14570 0.08493882417678833
14580 0.09568041563034058
14590 0.08964386582374573
14600 0.09459900856018066
14610 0.09524738788604736
14620 0.09612943977117538
14630 0.09621503949165344
14640 0.09738528728485107
14650 0.09879855811595917
14660 0.0977419912815094
14670 0.1096174567937851
14680 0.1082155555486679
14690 0.09418436884880066
14700 0.09182174503803253
14710 0.09154564142227173
14720 0.09010647237300873
14730 0.09019313752651215
14740 0.08507715165615082
14750 0.08943106979131699
14760 0.09602540731430054
14770 0.09828049689531326
14780 0.08864419907331467
14790 0.08951611816883087
14800 0.09125613421201706
14810 0.09095679223537445
14820 0.09591855853796005
14830 0.09059037268161774
14840 0.08526509255170822
14850 0.08207885921001434
14860 0.07933123409748077
14870 0.0886414498090744
14880 0.09559838473796844
14890 0.094215989112854
14900 0.09748971462249756
14910 0.08738213032484055
14920 0.07779213786125183
14930 0.09007483720779419
14940 0.08856891095638275
14950 0.08988795429468155
14960 0.09530258923768997
14970 0.092429518699646
14980 0.09506642818450928
14990 0.09698311239480972
15000 0.09647124260663986
15010 0.08107174187898636
15020 0.085338294506073
15030 0.09194285422563553
15040 0.09800450503826141
15050 0.09020932763814926
15060 0.0918889045715332
15070 0.09050290286540985
15080 0.09389601647853851
15090 0.09003899246454239
15100 0.09580990672111511
15110 0.09801317751407623
15120 0.1015531867742538
15130 0.1023404374718666
15140 0.09697119891643524
15150 0.09408668428659439
15160 0.09144414961338043
15170 0.09803058207035065
15180 0.09989893436431885
15190 0.09611847996711731
15200 0.09896687418222427
15210 0.09992959350347519
15220 0.09448584914207458
15230 0.08895145356655121
15240 0.08925609290599823
15250 0.08652188628911972
15260 0.09400308132171631
15270 0.09258130937814713
15280 0.09432742744684219
15290 0.08070101588964462
15300 0.08202254772186279
15310 0.09259551018476486
15320 0.09182364493608475
15330 0.09674191474914551
15340 0.07924063503742218
15350 0.08605921268463135
15360 0.08974666148424149
15370 0.1052934527397156
15380 0.1064669638872147
15390 0.1076813936233521
15400 0.09667088091373444
15410 0.09279742836952209
15420 0.08917435258626938
15430 0.09127058088779449
15440 0.08731185644865036
15450 0.0964229479432106
15460 0.105224646627903
15470 0.09026171267032623
15480 0.08894169330596924
15490 0.09468254446983337
15500 0.09830202907323837
15510 0.1043770238757133
15520 0.1087163761258125
15530 0.1050259843468666
15540 0.1009332910180092
15550 0.1003366187214851
15560 0.1007261648774147
15570 0.100445993244648
15580 0.1004605293273926
15590 0.08824300765991211
15600 0.08494923263788223
15610 0.09493286162614822
15620 0.1088379919528961
15630 0.1015568524599075
15640 0.08817781507968903
15650 0.1002826541662216
15660 0.09820263087749481
15670 0.1036068573594093
15680 0.1050959676504135
15690 0.08567629754543304
15700 0.08590638637542725
15710 0.09936060011386871
15720 0.100970521569252
15730 0.07568410784006119
15740 0.07168018072843552
15750 0.09995795786380768
15760 0.08888185024261475
15770 0.1029058545827866
15780 0.1083311662077904
15790 0.1103453934192657
15800 0.110950879752636
15810 0.1101413890719414
15820 0.1094572842121124
15830 0.1064867824316025
15840 0.1023113802075386
15850 0.0996924564242363
15860 0.09641516208648682
15870 0.09710100293159485
15880 0.1000392958521843
15890 0.09714172780513763
15900 0.09904307126998901
15910 0.1054396629333496
15920 0.1052804440259933
15930 0.103248693048954
15940 0.1062654405832291
15950 0.1048594936728477
15960 0.1025121361017227
15970 0.092066690325737
15980 0.08583022654056549
15990 0.08144745230674744
16000 0.08214198052883148
16010 0.08601762354373932
16020 0.09429959952831268
16030 0.08233293145895004
16040 0.07178906351327896
16050 0.09687869995832443
16060 0.09826628863811493
16070 0.09210216999053955
16080 0.1009571999311447
16090 0.09985455870628357
16100 0.09908997267484665
16110 0.09827639162540436
16120 0.09919475018978119
16130 0.1004296913743019
16140 0.103475034236908
16150 0.1084911525249481
16160 0.1107195839285851
16170 0.104672409594059
16180 0.09803324192762375
16190 0.1065821200609207
16200 0.1047434136271477
16210 0.1017668023705482
16220 0.09158314764499664
16230 0.09212438762187958
16240 0.1039502620697021
16250 0.1042091846466064
16260 0.10690788179636
16270 0.1081011369824409
16280 0.1035970151424408
16290 0.1039470285177231
16300 0.1028713807463646
16310 0.09760443121194839
16320 0.09569472074508667
16330 0.09591849893331528
16340 0.09755712747573853
16350 0.1092123091220856
16360 0.1036202386021614
16370 0.09734591096639633
16380 0.09738404303789139
16390 0.09734529256820679
16400 0.09748707711696625
16410 0.09803309291601181
16420 0.09822168946266174
16430 0.09620938450098038
16440 0.07981470227241516
16450 0.06364910304546356
16460 0.07767678797245026
16470 0.08406158536672592
16480 0.08124040812253952
16490 0.07631156593561172
16500 0.08735937625169754
16510 0.09731310606002808
16520 0.09940013289451599
16530 0.09328053891658783
16540 0.09711530059576035
16550 0.1022652983665466
16560 0.09654322266578674
16570 0.08668406307697296
16580 0.09421627223491669
16590 0.08742301166057587
16600 0.08793057501316071
16610 0.1001755073666573
16620 0.09887389838695526
16630 0.1044407486915588
16640 0.1054565235972404
16650 0.08855658769607544
16660 0.1099630370736122
16670 0.115669421851635
16680 0.1095238029956818
16690 0.1079940870404243
16700 0.1078855618834496
16710 0.1086307540535927
16720 0.105597086250782
16730 0.1018363237380981
16740 0.09021391719579697
16750 0.09743405878543854
16760 0.1031934171915054
16770 0.1011956110596657
16780 0.100202813744545
16790 0.09611091762781143
16800 0.09339869022369385
16810 0.0973876491189003
16820 0.09983212500810623
16830 0.1015998497605324
16840 0.1010995507240295
16850 0.09433582425117493
16860 0.08557255566120148
16870 0.08439822494983673
16880 0.08698500692844391
16890 0.09619291871786118
16900 0.1087722107768059
16910 0.1093113496899605
16920 0.1084056049585342
16930 0.1066671907901764
16940 0.08889412879943848
16950 0.08782961964607239
16960 0.0943509116768837
16970 0.08879924565553665
16980 0.09831418842077255
16990 0.1010215133428574
17000 0.1005747765302658
17010 0.1076975017786026
17020 0.1012510508298874
17030 0.09822904318571091
17040 0.1048201322555542
17050 0.09168042242527008
17060 0.09339567273855209
17070 0.1020061448216438
17080 0.1011913940310478
17090 0.1019455343484879
17100 0.1052440702915192
17110 0.1039345636963844
17120 0.1042559072375298
17130 0.09467800706624985
17140 0.1028028354048729
17150 0.1026971489191055
17160 0.1026993319392204
17170 0.1028403639793396
17180 0.102842889726162
17190 0.09708681702613831
17200 0.09408701956272125
17210 0.08850605040788651
17220 0.0917901024222374
17230 0.09367538243532181
17240 0.09456515312194824
17250 0.09055912494659424
17260 0.08927640318870544
17270 0.1045373529195786
17280 0.1026148051023483
17290 0.1034247949719429
17300 0.1045297905802727
17310 0.1058085709810257
17320 0.1040170416235924
17330 0.08518402278423309
17340 0.0685339942574501
17350 0.08443930000066757
17360 0.09086357057094574
17370 0.0979638546705246
17380 0.1018643826246262
17390 0.1070816144347191
17400 0.09965846687555313
17410 0.09793157130479813
17420 0.1046048700809479
17430 0.1011791527271271
17440 0.1021313220262527
17450 0.1045702770352364
17460 0.1044316962361336
17470 0.1019659414887428
17480 0.1021807715296745
17490 0.09868057072162628
17500 0.09907941520214081
17510 0.1033920645713806
17520 0.1020211428403854
17530 0.1019916534423828
17540 0.1060339286923409
17550 0.1119403168559074
17560 0.1111890375614166
17570 0.1089551448822021
17580 0.1065832823514938
17590 0.1045889258384705
17600 0.1046641319990158
17610 0.1004247665405273
17620 0.09875145554542542
17630 0.09921932220458984
17640 0.1089994311332703
17650 0.09606056660413742
17660 0.09258806705474854
17670 0.09578477591276169
17680 0.09283386915922165
17690 0.08916385471820831
17700 0.09670352935791016
17710 0.1067869067192078
17720 0.09089311957359314
17730 0.07598459720611572
17740 0.09097421914339066
17750 0.08626095205545425
17760 0.09087364375591278
17770 0.07977224886417389
17780 0.09413187205791473
17790 0.105221651494503
17800 0.1019825786352158
17810 0.09803622961044312
17820 0.09506343305110931
17830 0.09614423662424088
17840 0.1025173217058182
17850 0.1088979616761208
17860 0.1116460487246513
17870 0.1072603166103363
17880 0.1060306951403618
17890 0.101553238928318
17900 0.1010864898562431
17910 0.09551234543323517
17920 0.0940563902258873
17930 0.1000054702162743
17940 0.1058350428938866
17950 0.1074109002947807
17960 0.09906041622161865
17970 0.06966676563024521
17980 0.06613590568304062
17990 0.08522170782089233
18000 0.06766782701015472
18010 0.07709226012229919
18020 0.07999733090400696
18030 0.08411942422389984
18040 0.1020811647176743
18050 0.1031180620193481
18060 0.1003391742706299
18070 0.09633220732212067
18080 0.09263502061367035
18090 0.0959387943148613
18100 0.08371248096227646
18110 0.09296951442956924
18120 0.09460902959108353
18130 0.09392227232456207
18140 0.09847964346408844
18150 0.09686797112226486
18160 0.1002821549773216
18170 0.1029009073972702
18180 0.1058889552950859
18190 0.1121484413743019
18200 0.1150771230459213
18210 0.109269343316555
18220 0.09569289535284042
18230 0.08629430085420609
18240 0.08958381414413452
18250 0.08847494423389435
18260 0.08629706501960754
18270 0.08922895044088364
18280 0.09213768690824509
18290 0.08934459090232849
18300 0.09338772296905518
18310 0.09939670562744141
18320 0.09697660058736801
18330 0.09689831733703613
18340 0.09767826646566391
18350 0.09664527326822281
18360 0.09677687287330627
18370 0.09621280431747437
18380 0.09594986587762833
18390 0.09364496916532516
18400 0.08604198694229126
18410 0.07868584990501404
18420 0.07228091359138489
18430 0.08277430385351181
18440 0.0917942225933075
18450 0.0881410613656044
18460 0.07072535157203674
18470 0.09246569871902466
18480 0.09778127819299698
18490 0.07860560715198517
18500 0.08671965450048447
18510 0.09604175388813019
18520 0.0970672145485878
18530 0.1004251688718796
18540 0.09623884409666061
18550 0.09862997382879257
18560 0.09627939015626907
18570 0.09618072211742401
18580 0.1055539399385452
18590 0.1009383648633957
18600 0.08101640641689301
18610 0.08659105747938156
18620 0.09764742851257324
18630 0.1024213284254074
18640 0.1108188778162003
18650 0.1174958944320679
18660 0.1108891069889069
18670 0.1117947325110435
18680 0.1169350147247314
18690 0.1116858720779419
18700 0.1063129082322121
18710 0.1040011942386627
18720 0.09972263872623444
18730 0.102303110063076
18740 0.1057109832763672
18750 0.1065859794616699
18760 0.1003395989537239
18770 0.08909745514392853
18780 0.08348017930984497
18790 0.08353512734174728
18800 0.09477722644805908
18810 0.09286446124315262
18820 0.09461864829063416
18830 0.08178164064884186
18840 0.08371768146753311
18850 0.08431781828403473
18860 0.09603908658027649
18870 0.09873571246862411
18880 0.1065195724368095
18890 0.1115674078464508
18900 0.09692726284265518
18910 0.08397427201271057
18920 0.08221070468425751
18930 0.08838437497615814
18940 0.09072612971067429
18950 0.09106975793838501
18960 0.09171764552593231
18970 0.0943828672170639
18980 0.09398132562637329
18990 0.09900084137916565
19000 0.08816172182559967
19010 0.08914656937122345
19020 0.08414271473884583
19030 0.09020102024078369
19040 0.09304711222648621
19050 0.09978771209716797
19060 0.09744471311569214
19070 0.0920075923204422
19080 0.09006207436323166
19090 0.08762883394956589
19100 0.08744706213474274
19110 0.09129692614078522
19120 0.0932428166270256
19130 0.1041020900011063
19140 0.1025369167327881
19150 0.1028375402092934
19160 0.1017251908779144
19170 0.09543907642364502
19180 0.08085928112268448
19190 0.07501380145549774
19200 0.08820728957653046
19210 0.07727836817502975
19220 0.06948130577802658
19230 0.0679464191198349
19240 0.09171873331069946
19250 0.08885571360588074
19260 0.08018700778484344
19270 0.07736434042453766
19280 0.08699795603752136
19290 0.08928199112415314
19300 0.09462033957242966
19310 0.09670403599739075
19320 0.1032280176877975
19330 0.1078506484627724
19340 0.102163627743721
19350 0.1070427894592285
19360 0.1036584824323654
19370 0.1017903611063957
19380 0.1009122878313065
19390 0.0993756428360939
19400 0.08798728883266449
19410 0.08540154993534088
19420 0.09174260497093201
19430 0.1065925657749176
19440 0.1039996892213821
19450 0.10068728774786
19460 0.09886102378368378
19470 0.1134380549192429
19480 0.1075024083256721
19490 0.1063586473464966
19500 0.1098037660121918
19510 0.09497668594121933
19520 0.1076081097126007
19530 0.1086512506008148
19540 0.1047448366880417
19550 0.1017764583230019
19560 0.09753015637397766
19570 0.09677892923355103
19580 0.1006868556141853
19590 0.1015380918979645
19600 0.09990495443344116
19610 0.0958922803401947
19620 0.0940360501408577
19630 0.1045518815517426
19640 0.1062445715069771
19650 0.08640699833631516
19660 0.09401117265224457
19670 0.112709105014801
19680 0.1091937273740768
19690 0.09132581204175949
19700 0.08310379087924957
19710 0.0817079171538353
19720 0.07907015830278397
19730 0.09320655465126038
19740 0.09031356871128082
19750 0.08812127262353897
19760 0.09092642366886139
19770 0.09842348843812943
19780 0.09447067975997925
19790 0.09810113906860352
19800 0.09699180722236633
19810 0.09850900620222092
19820 0.1089887693524361
19830 0.10084268450737
19840 0.09540592133998871
19850 0.09925951063632965
19860 0.1009000688791275
19870 0.1064088419079781
19880 0.1118452399969101
19890 0.1123378723859787
19900 0.1012439280748367
19910 0.1030179634690285
19920 0.1049776375293732
19930 0.1044927835464478
19940 0.1084462553262711
19950 0.100340336561203
19960 0.09530331939458847
19970 0.09582400321960449
19980 0.09556734561920166
19990 0.09230436384677887
20000 0.09089687466621399
20010 0.09117696434259415
20020 0.09564334899187088
20030 0.09481355547904968
20040 0.09283506125211716
20050 0.09426736831665039
20060 0.09091341495513916
20070 0.08110831677913666
20080 0.09014993906021118
20090 0.1010931432247162
20100 0.1036712676286697
20110 0.1006685346364975
20120 0.08674857020378113
20130 0.1060891672968864
20140 0.1095724403858185
20150 0.1079538613557816
20160 0.1117440313100815
20170 0.1091748848557472
20180 0.105701744556427
20190 0.1109291687607765
20200 0.1031375005841255
6610 0.08735980093479156
6620 0.0826200395822525
6630 0.09419898688793182
6640 0.09829504787921906
6650 0.09831543266773224
6660 0.09833899140357971
6670 0.088327556848526
6680 0.08370736241340637
6690 0.08090111613273621
6700 0.08440688252449036
6710 0.09205527603626251
6720 0.0858037918806076
6730 0.08998575806617737
6740 0.08820586651563644
6750 0.08358503133058548
6760 0.09034726023674011
6770 0.0879271999001503
6780 0.08837507665157318
6790 0.09588052332401276
6800 0.1039704382419586
6810 0.09545721858739853
6820 0.09615461528301239
6830 0.0912548303604126
6840 0.09028372168540955
6850 0.09304425120353699
6860 0.0923323780298233
6870 0.09108554571866989
6880 0.09710314124822617
6890 0.09258969873189926
6900 0.07952649146318436
6910 0.08343364298343658
6920 0.09270578622817993
6930 0.07258728891611099
6940 0.06973235309123993
6950 0.07676998525857925
6960 0.07645221054553986
6970 0.07680501788854599
6980 0.0757690966129303
6990 0.07104340195655823
7000 0.07422656565904617
7010 0.07976590842008591
7020 0.08526315540075302
7030 0.0869714543223381
7040 0.09347235411405563
7050 0.08889815211296082
7060 0.08267809450626373
7070 0.08335684239864349
7080 0.08602917939424515
7090 0.09808139503002167
7100 0.09506672620773315
7110 0.09455510973930359
7120 0.09707554429769516
7130 0.09263375401496887
7140 0.09262371063232422
7150 0.09581273049116135
7160 0.09434826672077179
7170 0.09294424206018448
7180 0.09286831319332123
7190 0.09368440508842468
7200 0.09347037971019745
7210 0.09137097746133804
7220 0.09102712571620941
7230 0.08426350355148315
7240 0.08140935748815536
7250 0.09447920322418213
7260 0.09990221261978149
7270 0.1008505374193192
7280 0.09434281289577484
7290 0.09451204538345337
7300 0.09925046563148499
7310 0.07866949588060379
7320 0.07494820654392242
7330 0.09589264541864395
7340 0.1018464788794518
7350 0.1017103642225266
7360 0.09550955146551132
7370 0.08716964721679688
7380 0.1038646548986435
7390 0.09432737529277802
7400 0.09668899327516556
7410 0.09681607037782669
7420 0.09584511816501617
7430 0.09377919137477875
7440 0.09281490743160248
7450 0.0922510102391243
7460 0.08616521954536438
7470 0.08083422482013702
7480 0.0844416469335556
7490 0.09357348829507828
7500 0.09854885190725327
7510 0.09858512878417969
7520 0.09652597457170486
7530 0.1008113473653793
7540 0.1046720817685127
7550 0.1028807759284973
7560 0.0994611456990242
7570 0.09248786419630051
7580 0.09814651310443878
7590 0.1022526696324348
7600 0.1019386127591133
7610 0.09644248336553574
7620 0.09256237745285034
7630 0.08874708414077759
7640 0.09211651235818863
7650 0.09043136239051819
7660 0.08872563391923904
7670 0.09455254673957825
7680 0.1004688888788223
7690 0.08536815643310547
7700 0.09167628735303879
7710 0.08938177675008774
7720 0.09286850690841675
7730 0.09848958253860474
7740 0.1018123775720596
7750 0.08707201480865479
7760 0.09372150897979736
7770 0.09682085365056992
7780 0.1029002666473389
7790 0.1007844135165215
7800 0.104145348072052
7810 0.1058562994003296
7820 0.09639115631580353
7830 0.09314458072185516
7840 0.08767719566822052
7850 0.08399234712123871
7860 0.08914745599031448
7870 0.0943487137556076
7880 0.1025979667901993
7890 0.1059753596782684
7900 0.1054045706987381
7910 0.1060143783688545
7920 0.1010836586356163
7930 0.09356363117694855
7940 0.09385978430509567
7950 0.08405387401580811
7960 0.07566839456558228
7970 0.082899309694767
7980 0.08128196746110916
7990 0.07923540472984314
8000 0.08564012497663498
8010 0.08672486245632172
8020 0.09227035939693451
8030 0.08426310122013092
8040 0.08328411728143692
8050 0.08709072321653366
8060 0.09389294683933258
8070 0.1001834943890572
8080 0.08398608863353729
8090 0.08613605052232742
8100 0.09280094504356384
8110 0.1020193845033646
8120 0.1026685759425163
8130 0.0835883766412735
8140 0.0791679248213768
8150 0.0764889270067215
8160 0.07901457697153091
8170 0.08948370814323425
8180 0.08347912132740021
8190 0.08159959316253662
8200 0.08972057700157166
8210 0.1064226180315018
8220 0.1005896180868149
8230 0.09439752250909805
8240 0.1011560261249542
8250 0.1037544161081314
8260 0.1024812832474709
8270 0.1019805893301964
8280 0.09713219851255417
8290 0.09477604180574417
8300 0.09532164037227631
8310 0.09064179658889771
8320 0.09223932027816772
8330 0.08979572355747223
8340 0.09837391972541809
8350 0.1014801263809204
8360 0.09055864810943604
8370 0.09169164299964905
8380 0.101115845143795
8390 0.09991787374019623
8400 0.09698981046676636
8410 0.09430835396051407
8420 0.09453287720680237
8430 0.09118439257144928
8440 0.07600952684879303
8450 0.07418215274810791
8460 0.06348278373479843
8470 0.07872415333986282
8480 0.08563930541276932
8490 0.08892988413572311
8500 0.09129344671964645
8510 0.09708650410175323
8520 0.06460423767566681
8530 0.06435541808605194
8540 0.06892435252666473
8550 0.0820663720369339
8560 0.07341975718736649
8570 0.07143598794937134
8580 0.07229860872030258
8590 0.08507876098155975
8600 0.09561388194561005
8610 0.09530697762966156
8620 0.09850227832794189
8630 0.08828213810920715
8640 0.08773696422576904
8650 0.08788891136646271
8660 0.09524538367986679
8670 0.1019275113940239
8680 0.1026877015829086
8690 0.1051926165819168
8700 0.09806931763887405
8710 0.09864220023155212
8720 0.1050405353307724
8730 0.1059368401765823
8740 0.1030116528272629
8750 0.09949712455272675
8760 0.08765340596437454
8770 0.08321309089660645
8780 0.07667790353298187
8790 0.08147265017032623
8800 0.09035900235176086
8810 0.0933157205581665
8820 0.09330015629529953
8830 0.08598435670137405
8840 0.07797931134700775
8850 0.08029308915138245
8860 0.09755583107471466
8870 0.08340982347726822
8880 0.07811449468135834
8890 0.07786094397306442
8900 0.08331715315580368
8910 0.07933633774518967
8920 0.08645439147949219
8930 0.09012065827846527
8940 0.08360932767391205
8950 0.08828335255384445
8960 0.09815913438796997
8970 0.09725552797317505
8980 0.09966067969799042
8990 0.09097029268741608
9000 0.08373317122459412
9010 0.09312054514884949
9020 0.0893116295337677
9030 0.08844223618507385
9040 0.09327414631843567
9050 0.09069561958312988
9060 0.09713731706142426
9070 0.1007474586367607
9080 0.08347285538911819
9090 0.08588068187236786
9100 0.0922086164355278
9110 0.09622050821781158
9120 0.0955020859837532
9130 0.08896447718143463
9140 0.08689799904823303
9150 0.09146030247211456
9160 0.1018171682953835
9170 0.09184691309928894
9180 0.09135360270738602
9190 0.08693751692771912
9200 0.08679002523422241
9210 0.08507192879915237
9220 0.07095098495483398
9230 0.0792427659034729
9240 0.09374266117811203
9250 0.09722267091274261
9260 0.09783001989126205
9270 0.08926238119602203
9280 0.08674906194210052
9290 0.08283453434705734
9300 0.08983813971281052
9310 0.08204501122236252
9320 0.09508824348449707
9330 0.1015305295586586
9340 0.09428985416889191
9350 0.09644068777561188
9360 0.09397786855697632
9370 0.09782733023166656
9380 0.1015942618250847
9390 0.1040246933698654
9400 0.1037628352642059
9410 0.1021102666854858
9420 0.0912298858165741
9430 0.09354002773761749
9440 0.09600473940372467
9450 0.0903899148106575
9460 0.08369950205087662
9470 0.09112285822629929
9480 0.0904611200094223
9490 0.09048003703355789
9500 0.099189393222332
9510 0.1045115143060684
9520 0.09827849268913269
9530 0.1001740768551826
9540 0.1013272702693939
9550 0.0936538428068161
9560 0.09424661099910736
9570 0.09547055512666702
9580 0.0927077904343605
9590 0.09358574450016022
9600 0.0944659560918808
9610 0.09579827636480331
9620 0.09331567585468292
9630 0.08669885993003845
9640 0.08711756765842438
9650 0.08729421347379684
9660 0.08988392353057861
9670 0.09192775189876556
9680 0.09471519291400909
9690 0.09598898887634277
9700 0.08803385496139526
9710 0.0735509842634201
9720 0.07351687550544739
9730 0.07903014123439789
9740 0.07737719267606735
9750 0.07736007869243622
9760 0.08437016606330872
9770 0.08783816546201706
9780 0.08557543903589249
9790 0.08045807480812073
9800 0.08394932001829147
9810 0.08591685444116592
9820 0.0774194598197937
9830 0.09267419576644897
9840 0.1004636511206627
9850 0.1002213582396507
9860 0.09769171476364136
9870 0.09099775552749634
9880 0.09174172580242157
9890 0.09578322619199753
9900 0.08722837269306183
9910 0.0922725573182106
9920 0.09864743053913116
9930 0.09782840311527252
9940 0.09675437957048416
9950 0.09593309462070465
9960 0.093514084815979
9970 0.09202966839075089
9980 0.09876476228237152
9990 0.1064444482326508
10000 0.1066377386450768
10010 0.101972684264183
10020 0.09382922202348709
10030 0.09177441149950027
10040 0.07765693962574005
10050 0.05197656154632568
10060 0.04557628557085991
10070 0.04898129031062126
10080 0.05872692540287971
10090 0.07101211696863174
10100 0.082503542304039
10110 0.08129369467496872
10120 0.09162723273038864
10130 0.1031211018562317
10140 0.09768431633710861
10150 0.08750323951244354
10160 0.09222171455621719
10170 0.08709689974784851
10180 0.07544313371181488
10190 0.0765279233455658
10200 0.08435966074466705
10210 0.08612421154975891
10220 0.08632224798202515
10230 0.09930364787578583
10240 0.1015127301216125
10250 0.09873428195714951
10260 0.09371581673622131
10270 0.08988838642835617
10280 0.08740962296724319
10290 0.08451035618782043
10300 0.08665263652801514
10310 0.08980095386505127
10320 0.09387162327766418
10330 0.09524951130151749
10340 0.09754250198602676
10350 0.0913672000169754
10360 0.09282206743955612
10370 0.09944602102041245
10380 0.1000583618879318
10390 0.09899961948394775
10400 0.0961073637008667
10410 0.08905532956123352
10420 0.08669143915176392
10430 0.07512767612934113
10440 0.08026272058486938
10450 0.07490454614162445
10460 0.07904317229986191
10470 0.09734582901000977
10480 0.1088069975376129
10490 0.09509124606847763
10500 0.0786871537566185
10510 0.08719152212142944
10520 0.1015876531600952
10530 0.1021716147661209
10540 0.07792918384075165
10550 0.07595829665660858
10560 0.08011525869369507
10570 0.08685207366943359
10580 0.08177079260349274
10590 0.08128503710031509
10600 0.08606090396642685
10610 0.09182601422071457
10620 0.1024265140295029
10630 0.1053546816110611
10640 0.09849229454994202
10650 0.09310211986303329
10660 0.104285717010498
10670 0.09732471406459808
10680 0.08830283582210541
10690 0.09184559434652328
10700 0.09761685132980347
10710 0.09580375999212265
10720 0.09540630877017975
10730 0.09309569001197815
10740 0.09126546233892441
10750 0.09581808745861053
10760 0.09818047285079956
10770 0.09491982311010361
10780 0.09298474341630936
10790 0.08948232233524323
10800 0.08493873476982117
10810 0.08187989145517349
10820 0.08542764931917191
10830 0.09091249108314514
10840 0.07284434884786606
10850 0.085071861743927
10860 0.08350449800491333
10870 0.081714928150177
10880 0.08191843330860138
10890 0.08223126828670502
10900 0.09270240366458893
10910 0.08028241991996765
10920 0.07987359166145325
10930 0.0755426436662674
10940 0.07939111441373825
10950 0.07680011540651321
10960 0.065244160592556
10970 0.06782850623130798
10980 0.08074954897165298
10990 0.09082910418510437
11000 0.07801993936300278
11010 0.07799280434846878
11020 0.08425574004650116
11030 0.08956144005060196
11040 0.1011336594820023
11050 0.1032665222883224
11060 0.09614036232233047
11070 0.09827972948551178
11080 0.1004035323858261
11090 0.09805578738451004
11100 0.09127560257911682
11110 0.09421847760677338
11120 0.09469480812549591
11130 0.09306617826223373
11140 0.09565328061580658
11150 0.09184915572404861
11160 0.0902896374464035
11170 0.0932503342628479
11180 0.09106960892677307
11190 0.08342249691486359
11200 0.08783327788114548
11210 0.08519734442234039
11220 0.08952106535434723
11230 0.07979601621627808
11240 0.07992696762084961
11250 0.08365589380264282
11260 0.08479565382003784
11270 0.09100435674190521
11280 0.09488455951213837
11290 0.09992755949497223
11300 0.08525918424129486
11310 0.06361165642738342
11320 0.08552604168653488
11330 0.07632441818714142
11340 0.09312082827091217
11350 0.0991705060005188
11360 0.09887439757585526
11370 0.09573443979024887
11380 0.09811633825302124
11390 0.09133511781692505
11400 0.09219451993703842
11410 0.09661487489938736
11420 0.08925957977771759
11430 0.08514896780252457
11440 0.08470733463764191
11450 0.07419168204069138
11460 0.07182689756155014
11470 0.08679015189409256
11480 0.09128932654857635
11490 0.1044685989618301
11500 0.1008023396134377
11510 0.09579344838857651
11520 0.09186720848083496
11530 0.09240043163299561
11540 0.08932816982269287
11550 0.08858899772167206
11560 0.06443902850151062
11570 0.08030170202255249
11580 0.07467298209667206
11590 0.07717578113079071
11600 0.0927925705909729
11610 0.09854772686958313
11620 0.09545096755027771
11630 0.09242381155490875
11640 0.09330939501523972
11650 0.09345633536577225
11660 0.09509819746017456
11670 0.1002227962017059
11680 0.09797309339046478
11690 0.09625383466482162
11700 0.09418846666812897
11710 0.09563387930393219
11720 0.09267336130142212
11730 0.09405521303415298
11740 0.08893303573131561
11750 0.08529241383075714
11760 0.08278102427721024
11770 0.09741676598787308
11780 0.09324414283037186
11790 0.09294465929269791
11800 0.09621594101190567
11810 0.09334850311279297
11820 0.09737701714038849
11830 0.0926179438829422
11840 0.1019967943429947
11850 0.09648089110851288
11860 0.09436304867267609
11870 0.09199386835098267
11880 0.09380942583084106
11890 0.09772302955389023
11900 0.09916820377111435
11910 0.09986422210931778
11920 0.09775348007678986
11930 0.09890902042388916
11940 0.1008416339755058
11950 0.09161961078643799
11960 0.1005418747663498
11970 0.09272658824920654
11980 0.09368164092302322
11990 0.09434791654348373
12000 0.09146326780319214
12010 0.09743976593017578
12020 0.09686403721570969
12030 0.09589596092700958
12040 0.09689477831125259
12050 0.08016261458396912
12060 0.09812770783901215
12070 0.1019646972417831
12080 0.1036737710237503
12090 0.1052142679691315
12100 0.1028089001774788
12110 0.09818335622549057
12120 0.09496185183525085
12130 0.09618938714265823
12140 0.09603126347064972
12150 0.09165580570697784
12160 0.09537259489297867
12170 0.09305192530155182
12180 0.100144237279892
12190 0.101298414170742
12200 0.1026426032185555
12210 0.1070765256881714
12220 0.1082181558012962
12230 0.09606021642684937
12240 0.09221573919057846
12250 0.0951317697763443
12260 0.09702508896589279
12270 0.1017238050699234
12280 0.1040988266468048
12290 0.1113167703151703
12300 0.1062726601958275
12310 0.1056005582213402
12320 0.1028534173965454
12330 0.1045258492231369
12340 0.1071927919983864
12350 0.099504753947258
12360 0.09577061235904694
12370 0.09323050081729889
12380 0.09316627681255341
12390 0.09600287675857544
12400 0.09116490930318832
12410 0.08799593150615692
12420 0.08790181577205658
12430 0.09209415316581726
12440 0.0916605144739151
12450 0.09225606173276901
12460 0.09926882386207581
12470 0.1060950607061386
12480 0.1066794097423553
12490 0.1039277762174606
12500 0.1057004407048225
12510 0.1044105738401413
12520 0.09159481525421143
12530 0.09780046343803406
12540 0.1021152958273888
12550 0.09958665072917938
12560 0.09900232404470444
12570 0.09748811274766922
12580 0.102742001414299
12590 0.1032592207193375
12600 0.09170344471931458
12610 0.09777495265007019
12620 0.09921710193157196
12630 0.1002093106508255
12640 0.09376023709774017
12650 0.09368112683296204
12660 0.09792198240756989
12670 0.09202984720468521
12680 0.0947868824005127
12690 0.106250137090683
12700 0.1016871705651283
12710 0.1015569642186165
12720 0.1006487384438515
12730 0.1024279147386551
12740 0.09812761843204498
12750 0.09579484164714813
12760 0.09904846549034119
12770 0.09434739500284195
12780 0.09602253884077072
12790 0.0908142477273941
12800 0.07373232394456863
12810 0.07201071083545685
12820 0.09823141247034073
12830 0.09721013903617859
12840 0.09982648491859436
12850 0.1008227467536926
12860 0.09902289509773254
12870 0.09026466310024261
12880 0.08084602653980255
12890 0.08954186737537384
12900 0.1066475138068199
12910 0.1073344349861145
12920 0.1081238985061646
12930 0.108360081911087
12940 0.101244293153286
12950 0.1024100184440613
12960 0.1043515652418137
12970 0.09981609880924225
12980 0.097301185131073
12990 0.08773603290319443
13000 0.08633936196565628
13010 0.08789482712745667
13020 0.09649194031953812
13030 0.1100108474493027
13040 0.1103162243962288
13050 0.109843447804451
13060 0.1063196435570717
13070 0.1099558621644974
13080 0.1120703369379044
13090 0.1116863787174225
13100 0.1092532277107239
13110 0.1062440201640129
13120 0.1052672192454338
13130 0.09835062921047211
13140 0.08757969737052917
13150 0.09759800881147385
13160 0.10244981944561
13170 0.09454044699668884
13180 0.07720444351434708
13190 0.06244956329464912
13200 0.08348052203655243
13210 0.09111059457063675
13220 0.09687258303165436
13230 0.08674165606498718
13240 0.07708394527435303
13250 0.08059247583150864
13260 0.07783031463623047
13270 0.08115927129983902
13280 0.09747590124607086
13290 0.09770066291093826
13300 0.07891471683979034
13310 0.0827573835849762
13320 0.08819989114999771
13330 0.09615547955036163
13340 0.0998249351978302
13350 0.09202820807695389
13360 0.08597845584154129
13370 0.0806879997253418
13380 0.08356598019599915
13390 0.09480979293584824
13400 0.09258127957582474
0 0.08163021504878998
10 0.08193966746330261
20 0.08287104964256287
30 0.08435229957103729
40 0.08235041797161102
50 0.08021238446235657
60 0.08022338896989822
70 0.08029203116893768
80 0.07964158803224564
90 0.07882612943649292
100 0.07817075401544571
110 0.07758816331624985
120 0.07703134417533875
130 0.07660586386919022
140 0.07641550898551941
150 0.07654470950365067
160 0.07705676555633545
170 0.0778745710849762
180 0.07867393642663956
190 0.07916729152202606
200 0.07938795536756516
210 0.07944275438785553
220 0.07912813127040863
230 0.07817999273538589
240 0.07714913785457611
250 0.0766456127166748
260 0.07671359926462173
270 0.07710428535938263
280 0.07716431468725204
290 0.0766187459230423
300 0.07544869184494019
310 0.07413312792778015
320 0.07343833893537521
330 0.0734061524271965
340 0.07400123775005341
350 0.07440542429685593
360 0.07479440420866013
370 0.075892373919487
380 0.07563423365354538
390 0.07675910741090775
400 0.08040928840637207
410 0.08093862235546112
420 0.04682705923914909
430 0.03785748034715652
440 0.05120707675814629
450 0.04818875715136528
460 0.06135532632470131
470 0.08010192960500717
480 0.08251366764307022
490 0.07150577753782272
500 0.06970089673995972
510 0.06787970662117004
520 0.03770625591278076
530 0.04573988541960716
540 0.04319071397185326
550 0.04256891459226608
560 0.05903708934783936
570 0.04847509413957596
580 0.05279667302966118
590 0.075426384806633
600 0.09583774209022522
610 0.09715201705694199
620 0.1004788428544998
630 0.07871891558170319
640 0.06365321576595306
650 0.06738410890102386
660 0.0600297786295414
670 0.03141367435455322
680 0.03623427450656891
690 0.06997357308864594
700 0.07213924080133438
710 0.06286367774009705
720 0.0618266649544239
730 0.05023915320634842
740 0.033988106995821
750 0.04819314181804657
760 0.04262406378984451
770 0.05326927080750465
780 0.06273522228002548
790 0.0657721608877182
800 0.06687407195568085
810 0.06754732131958008
820 0.05944602191448212
830 0.0525202751159668
840 0.05519840121269226
850 0.04830535128712654
860 0.03758959844708443
870 0.05000191181898117
880 0.06008802354335785
890 0.06402722001075745
900 0.06767994910478592
910 0.06983252614736557
920 0.06320717185735703
930 0.06650946289300919
940 0.08067554235458374
950 0.0804135650396347
960 0.08002056181430817
970 0.06164176017045975
980 0.06243984028697014
990 0.06537435948848724
1000 0.06691429018974304
1010 0.07003373652696609
1020 0.0797250047326088
1030 0.06644566357135773
1040 0.05532016605138779
1050 0.05515632778406143
1060 0.08138822764158249
1070 0.09675087034702301
1080 0.09117202460765839
1090 0.08204422146081924
1100 0.07394681870937347
1110 0.07430502772331238
1120 0.07814376056194305
1130 0.0793447345495224
1140 0.07422289252281189
1150 0.08617910742759705
1160 0.08797599375247955
1170 0.05904784798622131
1180 0.06083619594573975
1190 0.06256071478128433
1200 0.05839607492089272
1210 0.07191278785467148
1220 0.05189977958798409
1230 0.06491920351982117
1240 0.05294322222471237
1250 0.06438204646110535
1260 0.05998438224196434
1270 0.05857205390930176
1280 0.0561591312289238
1290 0.07780782133340836
1300 0.07206115126609802
1310 0.07550061494112015
1320 0.0645439475774765
1330 0.06687434017658234
1340 0.06686510145664215
1350 0.06423754990100861
1360 0.06100557371973991
1370 0.06695221364498138
1380 0.0700920969247818
1390 0.06592223048210144
1400 0.06878689676523209
1410 0.0705050453543663
1420 0.0638544037938118
1430 0.06330166012048721
1440 0.06865984946489334
1450 0.06656698882579803
1460 0.06974838674068451
1470 0.07301740348339081
1480 0.07341492176055908
1490 0.07426232099533081
1500 0.07409321516752243
1510 0.07810211926698685
1520 0.08093515783548355
1530 0.08038710802793503
1540 0.07919366657733917
1550 0.07864651829004288
1560 0.0794183611869812
1570 0.07841745018959045
1580 0.07845691591501236
1590 0.08221934735774994
1600 0.08141044527292252
1610 0.079513318836689
1620 0.08113287389278412
1630 0.08274872601032257
1640 0.08024212718009949
1650 0.07486122846603394
1660 0.07930121570825577
1670 0.08104884624481201
1680 0.08563622832298279
1690 0.08341939747333527
1700 0.0849306732416153
1710 0.09362082183361053
1720 0.09937030822038651
1730 0.1003758981823921
1740 0.08976225554943085
1750 0.09592051059007645
1760 0.1077215820550919
1770 0.09579242765903473
1780 0.09306253492832184
1790 0.08941999822854996
1800 0.08608584851026535
1810 0.08485741913318634
1820 0.09900077432394028
1830 0.1082257032394409
1840 0.100094810128212
1850 0.08542124927043915
1860 0.08336886763572693
1870 0.08421625196933746
1880 0.08407463878393173
1890 0.08424358069896698
1900 0.08940998464822769
1910 0.1018023788928986
1920 0.0960284024477005
1930 0.09802570939064026
1940 0.09065860509872437
1950 0.0897262841463089
1960 0.09101404994726181
1970 0.09113597869873047
1980 0.09123513847589493
1990 0.08974023163318634
2000 0.09053846448659897
2010 0.09166939556598663
2020 0.097902812063694
2030 0.09894276410341263
2040 0.09893566370010376
2050 0.09668938815593719
2060 0.09208333492279053
2070 0.0948302298784256
2080 0.09386495500802994
2090 0.09288125485181808
2100 0.09435413777828217
2110 0.09302701056003571
2120 0.08923527598381042
2130 0.08950682729482651
2140 0.08701106160879135
2150 0.08923667669296265
2160 0.07265667617321014
2170 0.03495399653911591
2180 0.05436278879642487
2190 0.0697341188788414
2200 0.07352852821350098
2210 0.07595892250537872
2220 0.08454416692256927
2230 0.08887813985347748
2240 0.08319577574729919
2250 0.08742536604404449
2260 0.08632875978946686
2270 0.08572620898485184
2280 0.08466259390115738
2290 0.08246157318353653
2300 0.08699613809585571
2310 0.08633670955896378
2320 0.08655030280351639
2330 0.08419117331504822
2340 0.08446857333183289
2350 0.09021812677383423
2360 0.09077384322881699
2370 0.09364344924688339
2380 0.09552042186260223
2390 0.08405532687902451
2400 0.07962349057197571
2410 0.08005838841199875
2420 0.08059884607791901
2430 0.08536747843027115
2440 0.08504912257194519
2450 0.07546689361333847
2460 0.07582364231348038
2470 0.06663671880960464
2480 0.08015349507331848
2490 0.0751059278845787
2500 0.07901042699813843
2510 0.07910281419754028
2520 0.0693567618727684
2530 0.07369396090507507
2540 0.08922041207551956
2550 0.08437100052833557
2560 0.08615902811288834
2570 0.08934509754180908
2580 0.09232642501592636
2590 0.09189292788505554
2600 0.1038051545619965
2610 0.1029569804668427
2620 0.07226375490427017
2630 0.06133029609918594
2640 0.08657174557447433
2650 0.09027130901813507
2660 0.08897484838962555
2670 0.0912390798330307
2680 0.09049933403730392
2690 0.0961376279592514
2700 0.1008457168936729
2710 0.1067533642053604
2720 0.1038800999522209
2730 0.1004838272929192
2740 0.0806049257516861
2750 0.07503809034824371
2760 0.0893995463848114
2770 0.09636152535676956
2780 0.09479134529829025
2790 0.09768760949373245
2800 0.09862607717514038
2810 0.09099598973989487
2820 0.09262695163488388
2830 0.09250128269195557
2840 0.09212283790111542
2850 0.08536463230848312
2860 0.08063938468694687
2870 0.07239864766597748
2880 0.07131348550319672
2890 0.076339490711689
2900 0.07717196643352509
2910 0.0735364705324173
2920 0.07482267916202545
2930 0.08404018729925156
2940 0.06946531683206558
2950 0.06486554443836212
2960 0.07406700402498245
2970 0.07165203243494034
2980 0.06089654564857483
2990 0.07634851336479187
3000 0.07228522002696991
3010 0.06268920004367828
3020 0.06764417141675949
3030 0.06543639302253723
3040 0.07617249339818954
3050 0.07682934403419495
3060 0.07244788855314255
3070 0.07141600549221039
3080 0.07819152623414993
3090 0.08525897562503815
3100 0.0820344015955925
3110 0.07154303044080734
3120 0.07445327937602997
3130 0.08265117555856705
3140 0.08378860354423523
3150 0.08627171814441681
3160 0.08550502359867096
3170 0.08559944480657578
3180 0.08439113944768906
3190 0.09284447133541107
3200 0.09325862675905228
3210 0.08932910114526749
3220 0.08936667442321777
3230 0.08307979255914688
3240 0.08049964904785156
3250 0.08125440776348114
3260 0.08150804787874222
3270 0.08074280619621277
3280 0.07795717567205429
3290 0.08291482925415039
3300 0.09046439826488495
3310 0.08194677531719208
3320 0.08164635300636292
3330 0.0728033259510994
3340 0.07520808279514313
3350 0.07681434601545334
3360 0.08237526565790176
3370 0.08165238797664642
3380 0.08734647184610367
3390 0.08969992399215698
3400 0.09297381341457367
3410 0.09326952695846558
3420 0.09238902479410172
3430 0.09125314652919769
3440 0.09131228178739548
3450 0.09259659796953201
3460 0.08800168335437775
3470 0.08221528679132462
3480 0.08237331360578537
3490 0.08100336790084839
3500 0.07719215005636215
3510 0.08052041381597519
3520 0.07800620794296265
3530 0.07967470586299896
3540 0.09399227797985077
3550 0.09937937557697296
3560 0.09479130804538727
3570 0.07576170563697815
3580 0.07652227580547333
3590 0.08258028328418732
3600 0.0856228768825531
3610 0.0875885859131813
3620 0.08561137318611145
3630 0.08492971956729889
3640 0.08455992490053177
3650 0.09758876264095306
3660 0.09916678071022034
3670 0.08711814880371094
3680 0.08498896658420563
3690 0.08399476110935211
3700 0.08049532771110535
3710 0.08623678237199783
3720 0.08490107208490372
3730 0.08225002884864807
3740 0.07381792366504669
3750 0.07578499615192413
3760 0.0839286595582962
3770 0.08388388901948929
3780 0.07763447612524033
3790 0.07372637093067169
3800 0.07872743904590607
3810 0.08269338309764862
3820 0.08239874243736267
3830 0.08564235270023346
3840 0.0847117155790329
3850 0.08937397599220276
3860 0.08999685198068619
3870 0.06786017864942551
3880 0.09118962287902832
3890 0.08533663302659988
3900 0.08905211091041565
3910 0.09382511675357819
3920 0.095108762383461
3930 0.09302717447280884
3940 0.09034468978643417
3950 0.09242676943540573
3960 0.08319471776485443
3970 0.05759519711136818
3980 0.07486060261726379
3990 0.08028398454189301
4000 0.08072400093078613
4010 0.08071246743202209
4020 0.08563048392534256
4030 0.0851622149348259
4040 0.08397736400365829
4050 0.07617649435997009
4060 0.0811193436384201
4070 0.08667951822280884
4080 0.08108214288949966
4090 0.07904506474733353
4100 0.08417687565088272
4110 0.08242347836494446
4120 0.06888958066701889
4130 0.07667683064937592
4140 0.08498087525367737
4150 0.08772230893373489
4160 0.08537505567073822
4170 0.0787380039691925
4180 0.06797174364328384
4190 0.06572794169187546
4200 0.07181490957736969
4210 0.072684146463871
4220 0.08532483875751495
4230 0.0895085334777832
4240 0.08236058056354523
4250 0.06665217876434326
4260 0.06722117960453033
4270 0.08983617275953293
4280 0.09496324509382248
4290 0.08795663714408875
4300 0.08619631081819534
4310 0.09457460045814514
4320 0.09721073508262634
4330 0.0914120078086853
4340 0.08938729763031006
4350 0.0940898135304451
4360 0.08968596905469894
4370 0.09217855334281921
4380 0.09410903602838516
4390 0.08708581328392029
4400 0.08759173005819321
4410 0.09543508291244507
4420 0.07257565855979919
4430 0.08704419434070587
4440 0.07986999303102493
4450 0.07189512252807617
4460 0.07271188497543335
4470 0.07677203416824341
4480 0.0778408870100975
4490 0.0677240863442421
4500 0.06167616695165634
4510 0.07240140438079834
4520 0.07452384382486343
4530 0.07869741320610046
4540 0.08892138302326202
4550 0.09651739895343781
4560 0.09890271723270416
4570 0.09315751492977142
4580 0.09328544139862061
4590 0.09792462736368179
4600 0.09349585324525833
4610 0.0880700945854187
4620 0.08689893782138824
4630 0.08628435432910919
4640 0.08353619277477264
4650 0.08222541958093643
4660 0.0800207108259201
4670 0.08623325079679489
4680 0.0838114470243454
4690 0.08282309025526047
4700 0.07937492430210114
4710 0.09330089390277863
4720 0.09593347460031509
4730 0.08307765424251556
4740 0.07977624237537384
4750 0.08093612641096115
4760 0.08150992542505264
4770 0.08707813918590546
4780 0.08823299407958984
4790 0.08816935122013092
4800 0.09227906167507172
4810 0.09414663910865784
4820 0.08462249487638474
4830 0.08773979544639587
4840 0.08944417536258698
4850 0.0875418484210968
4860 0.07552799582481384
4870 0.07564318180084229
4880 0.08112664520740509
4890 0.09103579819202423
4900 0.09236040711402893
4910 0.09150285273790359
4920 0.09222930669784546
4930 0.09558694809675217
4940 0.09723405539989471
4950 0.09262339770793915
4960 0.08907254040241241
4970 0.09097748249769211
4980 0.0957883819937706
4990 0.1026319861412048
5000 0.09076566994190216
5010 0.09101793169975281
5020 0.0946027934551239
5030 0.09812930971384048
5040 0.09981620311737061
5050 0.1033895611763
5060 0.1024979129433632
5070 0.1018224284052849
5080 0.09986233711242676
5090 0.09615907073020935
5100 0.09195705503225327
5110 0.08980036526918411
5120 0.09420689940452576
5130 0.09904293715953827
5140 0.08954383432865143
5150 0.09158096462488174
5160 0.0941409170627594
5170 0.08742158114910126
5180 0.101441465318203
5190 0.1003556773066521
5200 0.09963658452033997
5210 0.09278995543718338
5220 0.08526506274938583
5230 0.08900608867406845
5240 0.08703217655420303
5250 0.09096709638834
5260 0.08121857047080994
5270 0.07698860019445419
5280 0.07851152122020721
5290 0.08397272229194641
5300 0.09081437438726425
5310 0.08840035647153854
5320 0.0880764052271843
5330 0.08982076495885849
5340 0.08861447870731354
5350 0.09207296371459961
5360 0.08680436760187149
5370 0.08463866263628006
5380 0.08653255552053452
5390 0.09449736773967743
5400 0.09012949466705322
5410 0.08853950351476669
5420 0.08948815613985062
5430 0.09276682138442993
5440 0.09015736728906631
5450 0.09823153167963028
5460 0.09710992127656937
5470 0.09457127749919891
5480 0.0964629054069519
5490 0.09492222219705582
5500 0.09134535491466522
5510 0.09253434836864471
5520 0.09648255258798599
5530 0.1086419075727463
5540 0.09983311593532562
5550 0.08560876548290253
5560 0.08192084729671478
5570 0.07762786746025085
5580 0.07552820444107056
5590 0.08218519389629364
5600 0.0861169770359993
5610 0.0828959196805954
5620 0.08693952113389969
5630 0.0839332640171051
5640 0.07932933419942856
5650 0.08365867286920547
5660 0.09079380333423615
5670 0.0730445459485054
5680 0.07523668557405472
5690 0.07650596648454666
5700 0.07711432129144669
5710 0.07235226780176163
5720 0.0812545046210289
5730 0.08651153743267059
5740 0.07791440933942795
5750 0.07331568002700806
5760 0.07387905567884445
5770 0.07729658484458923
5780 0.07070345431566238
5790 0.06981003284454346
5800 0.07207980751991272
5810 0.09198455512523651
5820 0.09458284080028534
5830 0.08949729055166245
5840 0.08865208178758621
5850 0.08371413499116898
5860 0.09607730060815811
5870 0.09911160916090012
5880 0.1023847386240959
5890 0.09852871298789978
5900 0.09440001845359802
5910 0.09888117015361786
5920 0.1010610088706017
5930 0.0951177105307579
5940 0.09061698615550995
5950 0.08549608290195465
5960 0.08944451808929443
5970 0.08981990069150925
5980 0.08026742190122604
5990 0.0920066311955452
6000 0.09450385719537735
6010 0.09248854219913483
6020 0.08836454898118973
6030 0.08258749544620514
6040 0.0889117419719696
6050 0.08370159566402435
6060 0.08198221772909164
6070 0.08202910423278809
6080 0.08408420532941818
6090 0.0851861834526062
6100 0.08635421097278595
6110 0.0832592248916626
6120 0.08402824401855469
6130 0.08558472245931625
6140 0.08865753561258316
6150 0.09603413939476013
6160 0.1007445305585861
6170 0.1036866456270218
6180 0.0960419625043869
6190 0.09048418700695038
6200 0.08675921708345413
6210 0.07917685061693192
6220 0.08360226452350616
6230 0.0974390059709549
6240 0.09795408695936203
6250 0.08979829400777817
6260 0.08223612606525421
6270 0.09055432677268982
6280 0.09301383793354034
6290 0.0927433967590332
6300 0.09149258583784103
6310 0.09269468486309052
6320 0.08738315105438232
6330 0.08207373321056366
6340 0.08528229594230652
6350 0.0891495943069458
6360 0.08824357390403748
6370 0.08657164126634598
6380 0.08497676253318787
6390 0.08461114019155502
6400 0.08564890921115875
6410 0.07293519377708435
6420 0.07241488248109818
6430 0.07207974046468735
6440 0.07196797430515289
6450 0.07943589240312576
6460 0.0817374587059021
6470 0.07999080419540405
6480 0.07902178168296814
6490 0.07959568500518799
6500 0.080828957259655
6510 0.08885008841753006
6520 0.08707341551780701
6530 0.0790986493229866
6540 0.06491708010435104
6550 0.06755976378917694
6560 0.07102111726999283
6570 0.0733025074005127
6580 0.07691815495491028
6590 0.0788368284702301
6600 0.08271712064743042
6650 0.09831542521715164
6700 0.08440686762332916
6720 0.0858037993311882
6730 0.08998574316501617
6740 0.08820585906505585
