"Time Step" "point-ho-e"
20210 0.09924458712339401
20220 0.1010645776987076
20230 0.1007101237773895
20240 0.09505688399076462
20250 0.09818184375762939
20260 0.09991969168186188
20270 0.1061403974890709
20280 0.1078249216079712
20290 0.1008654832839966
20300 0.09670266509056091
20310 0.1018389090895653
20320 0.1020539104938507
20330 0.1061515882611275
20340 0.1095688790082932
20350 0.1080346405506134
20360 0.1038165390491486
20370 0.09512969851493835
20380 0.1010182723402977
20390 0.106301061809063
20400 0.109964519739151
20410 0.110249325633049
20420 0.1045003235340118
20430 0.1042235791683197
20440 0.1040635481476784
20450 0.1036742925643921
20460 0.1010420322418213
20470 0.09508046507835388
20480 0.1001729220151901
20490 0.09880994260311127
20500 0.09588286280632019
20510 0.09448286890983582
20520 0.0939004123210907
20530 0.08628648519515991
20540 0.09434057772159576
20550 0.09883354604244232
20560 0.09974180161952972
20570 0.10013697296381
20580 0.09640955924987793
20590 0.09629534929990768
20600 0.09804670512676239
20610 0.1034693196415901
20620 0.1037361994385719
20630 0.09167328476905823
20640 0.08029918372631073
20650 0.08135443925857544
20660 0.09238619357347488
20670 0.1010357066988945
20680 0.1027672588825226
20690 0.1024292707443237
20700 0.1085776388645172
20710 0.1026296243071556
20720 0.09821560978889465
20730 0.09802791476249695
20740 0.09330271184444427
20750 0.09215790033340454
20760 0.09335015714168549
20770 0.09852828830480576
20780 0.1035363748669624
20790 0.1125518232584
20800 0.1161544546484947
20810 0.1090105175971985
20820 0.102657213807106
20830 0.09802147746086121
20840 0.09682170301675797
20850 0.09691175818443298
20860 0.09991605579853058
20870 0.09897546470165253
20880 0.09906579554080963
20890 0.1000276058912277
20900 0.1001142114400864
20910 0.100100614130497
20920 0.09869757294654846
20930 0.09339413046836853
20940 0.09590654075145721
20950 0.08814512193202972
20960 0.08420075476169586
20970 0.08618124574422836
20980 0.09612470120191574
20990 0.09540465474128723
21000 0.09353712201118469
21010 0.1000694334506989
21020 0.08859990537166595
21030 0.09262040257453918
21040 0.1140441745519638
21050 0.1076219230890274
21060 0.1080545634031296
21070 0.1096066534519196
21080 0.1057310700416565
21090 0.09838254749774933
21100 0.09949672222137451
21110 0.0924958735704422
21120 0.09233521670103073
21130 0.09585031121969223
21140 0.09537095576524734
21150 0.1020398885011673
21160 0.1046332269906998
21170 0.1048258244991302
21180 0.1044777408242226
21190 0.1038543954491615
21200 0.09673409163951874
21210 0.09911526739597321
21220 0.1061406657099724
21230 0.1063345074653625
21240 0.1013591289520264
21250 0.09904272109270096
21260 0.1004118770360947
21270 0.1008905619382858
21280 0.1041571572422981
21290 0.1028591692447662
21300 0.1012934818863869
21310 0.1047360673546791
21320 0.1082666218280792
21330 0.1051697507500648
21340 0.1010016649961472
21350 0.09856042265892029
21360 0.1009256094694138
21370 0.1013962477445602
21380 0.101210817694664
21390 0.1009216904640198
21400 0.09908261895179749
21410 0.0972563624382019
21420 0.09948129206895828
21430 0.1004923582077026
21440 0.08959927409887314
21450 0.09145094454288483
21460 0.08866488933563232
21470 0.09490692615509033
21480 0.1089801043272018
21490 0.1081304550170898
21500 0.1043100878596306
21510 0.09566563367843628
21520 0.1042234003543854
21530 0.1059949323534966
21540 0.1100858077406883
21550 0.1052893623709679
21560 0.09990407526493073
21570 0.09328024089336395
21580 0.09579308331012726
21590 0.1057424247264862
21600 0.1117000430822372
21610 0.1095335185527802
21620 0.1059939488768578
21630 0.0970815122127533
21640 0.09806951880455017
21650 0.09851513803005219
21660 0.1007806360721588
21670 0.1053244918584824
21680 0.1027178317308426
21690 0.09843552112579346
21700 0.09770520031452179
21710 0.09908189624547958
21720 0.1013471633195877
21730 0.09341569244861603
21740 0.09621767699718475
21750 0.09707006067037582
21760 0.09290233254432678
21770 0.08978030830621719
21780 0.09755295515060425
21790 0.09892536699771881
21800 0.08724969625473022
21810 0.07919071614742279
21820 0.09735500812530518
21830 0.09613156318664551
21840 0.09647737443447113
21850 0.09686450660228729
21860 0.09491795301437378
21870 0.09291399270296097
21880 0.09206179529428482
21890 0.09669043868780136
21900 0.1028020083904266
21910 0.1037573218345642
21920 0.1041505038738251
21930 0.1051506772637367
21940 0.106376901268959
21950 0.09722741693258286
21960 0.09589071571826935
21970 0.1078706458210945
21980 0.09882350265979767
21990 0.09835585951805115
22000 0.09913325309753418
22010 0.1100597381591797
22020 0.1146114617586136
22030 0.1160406544804573
22040 0.117430292069912
22050 0.1172744110226631
22060 0.1171177923679352
22070 0.1170724630355835
22080 0.1155666187405586
22090 0.1109616234898567
22100 0.1074468493461609
22110 0.1050648465752602
22120 0.09020625054836273
22130 0.06014227867126465
22140 0.1011987626552582
22150 0.09819306433200836
22160 0.1066084578633308
22170 0.104210264980793
22180 0.0976024866104126
22190 0.09783221036195755
22200 0.1000482514500618
22210 0.09823261201381683
22220 0.09797738492488861
22230 0.1012228801846504
22240 0.09624385088682175
22250 0.09717723727226257
22260 0.1043677777051926
22270 0.1038139015436172
22280 0.10152667760849
22290 0.09443186223506927
22300 0.09798805415630341
22310 0.1050698906183243
22320 0.107485719025135
22330 0.1039237976074219
22340 0.102041631937027
22350 0.1025176793336868
22360 0.09905629605054855
22370 0.1016520261764526
22380 0.1010585129261017
22390 0.1015955358743668
22400 0.1037602201104164
22410 0.09991424530744553
22420 0.09085439145565033
22430 0.09919373691082001
22440 0.09849657118320465
22450 0.09789936989545822
22460 0.101714238524437
22470 0.1034272983670235
22480 0.1003267467021942
22490 0.1023974567651749
22500 0.1038138717412949
22510 0.1017666757106781
22520 0.1016194820404053
22530 0.1031125336885452
22540 0.1066504642367363
22550 0.10027214884758
22560 0.1022784113883972
22570 0.102389432489872
22580 0.09522203356027603
22590 0.09127479791641235
22600 0.09677169471979141
22610 0.1030659824609756
22620 0.1052046120166779
22630 0.1083260327577591
22640 0.09922406077384949
22650 0.09965795278549194
22660 0.1016985923051834
22670 0.1029445379972458
22680 0.1029347777366638
22690 0.1018359959125519
22700 0.1127246767282486
22710 0.1119559556245804
22720 0.1105066314339638
22730 0.113054558634758
22740 0.1197969317436218
22750 0.1053389236330986
22760 0.09279897809028625
22770 0.09096384048461914
22780 0.09348276257514954
22790 0.1015665307641029
22800 0.1099849492311478
22810 0.1130620539188385
22820 0.1085543856024742
22830 0.1076088100671768
22840 0.109935849905014
22850 0.1105543822050095
22860 0.1087314635515213
22870 0.1101786345243454
22880 0.11027742177248
22890 0.1098737865686417
22900 0.1120926290750504
22910 0.1110308170318604
22920 0.1052517965435982
22930 0.1057917475700378
22940 0.1060558706521988
22950 0.1066712886095047
22960 0.1009764969348907
22970 0.08774229884147644
22980 0.08827166259288788
22990 0.09333899617195129
23000 0.09675467759370804
23010 0.1006137579679489
23020 0.1048648506402969
23030 0.1036586612462997
23040 0.1042739450931549
23050 0.1069162786006927
23060 0.1066156774759293
23070 0.09706959128379822
23080 0.1000618636608124
23090 0.1114931628108025
23100 0.1153489947319031
23110 0.1133747398853302
23120 0.1136479079723358
23130 0.111726887524128
23140 0.1136560589075089
23150 0.1120196431875229
23160 0.1136981323361397
23170 0.1082815155386925
23180 0.1036829203367233
23190 0.1040297597646713
23200 0.1040104031562805
23210 0.1042198017239571
23220 0.1047483831644058
23230 0.107953853905201
23240 0.1044284403324127
23250 0.1044823974370956
23260 0.1060419902205467
23270 0.1083558946847916
23280 0.1084052324295044
23290 0.1034228652715683
23300 0.1027520895004272
23310 0.1032173559069633
23320 0.09867998957633972
23330 0.09890231490135193
23340 0.09280851483345032
23350 0.09579670429229736
23360 0.09076663851737976
23370 0.09345550835132599
23380 0.09203570336103439
23390 0.09736686944961548
23400 0.08702591061592102
23410 0.1011119037866592
23420 0.08222448825836182
23430 0.08320203423500061
23440 0.09253749251365662
23450 0.104544535279274
23460 0.1007805168628693
23470 0.09705668687820435
23480 0.1004303172230721
23490 0.1019545346498489
23500 0.1013442277908325
23510 0.09795191884040833
23520 0.09886249899864197
23530 0.09754817187786102
23540 0.09792734682559967
23550 0.09898673743009567
23560 0.1018439680337906
23570 0.1031098216772079
23580 0.1041041165590286
23590 0.1016567721962929
23600 0.09618981182575226
23610 0.09215252101421356
23620 0.09408581256866455
23630 0.09433284401893616
23640 0.09704458713531494
23650 0.1086244583129883
23660 0.1127050369977951
23670 0.1103362590074539
23680 0.1097279340028763
23690 0.1015658006072044
23700 0.09034085273742676
23710 0.09478552639484406
23720 0.09485737979412079
23730 0.1118399798870087
23740 0.1102103516459465
23750 0.1009299159049988
23760 0.1002254337072372
23770 0.1115912646055222
23780 0.1116033345460892
23790 0.109360508620739
23800 0.110679030418396
23810 0.08841363340616226
23820 0.07317624986171722
23830 0.08160770684480667
23840 0.09021642804145813
23850 0.0964529812335968
23860 0.08867523074150085
23870 0.08606278896331787
23880 0.09031523019075394
23890 0.1028837338089943
23900 0.1123128831386566
23910 0.1124560534954071
23920 0.112563282251358
23930 0.1116421446204185
23940 0.1102205216884613
23950 0.109794020652771
23960 0.1096874997019768
23970 0.1094880253076553
23980 0.1009290814399719
23990 0.09283642470836639
24000 0.09829482436180115
13410 0.08803991228342056
13420 0.09580126404762268
13430 0.1029701232910156
13440 0.1046847701072693
13450 0.09502137452363968
13460 0.09491167962551117
13470 0.0954093337059021
13480 0.09558397531509399
13490 0.09499959647655487
13500 0.0942031666636467
13510 0.08084431290626526
13520 0.08559195697307587
13530 0.09515004605054855
13540 0.1064707636833191
13550 0.1061305552721024
13560 0.1019818112254143
13570 0.1042383909225464
13580 0.1068136096000671
13590 0.09599630534648895
13600 0.09162423014640808
13610 0.0941268652677536
13620 0.09565834701061249
13630 0.09762689471244812
13640 0.1002042591571808
13650 0.1023013517260551
13660 0.1044492721557617
13670 0.1054064333438873
13680 0.1028258502483368
13690 0.09953328967094421
13700 0.09659714996814728
13710 0.09629671275615692
13720 0.07566164433956146
13730 0.06308950483798981
13740 0.0658566951751709
13750 0.0826551616191864
13760 0.09280610084533691
13770 0.08523052930831909
13780 0.09085101634263992
13790 0.08604871481657028
13800 0.09049428254365921
13810 0.09335361421108246
13820 0.09491850435733795
13830 0.1040967032313347
13840 0.1014057695865631
13850 0.096756212413311
13860 0.09077335149049759
13870 0.09487713873386383
13880 0.09711533039808273
13890 0.1004421263933182
13900 0.08851908147335052
13910 0.08413287997245789
13920 0.09262779355049133
13930 0.09762720018625259
13940 0.1040434241294861
13950 0.1093221455812454
13960 0.09210291504859924
13970 0.09037859737873077
13980 0.08789448440074921
13990 0.08953005075454712
14000 0.09712734818458557
14010 0.100600004196167
14020 0.09478148072957993
14030 0.09878743439912796
14040 0.1014233529567719
14050 0.09996094554662704
14060 0.09775443375110626
14070 0.09591904282569885
14080 0.09540402889251709
14090 0.09542196989059448
14100 0.09593307971954346
14110 0.09275338053703308
14120 0.09823979437351227
14130 0.09499561786651611
14140 0.09458303451538086
14150 0.09485800564289093
14160 0.09497453272342682
14170 0.1039340272545815
14180 0.1087276935577393
14190 0.106225810945034
14200 0.1028683632612228
14210 0.1079070046544075
14220 0.111129991710186
14230 0.1046349257230759
14240 0.09129530191421509
14250 0.09236472845077515
14260 0.09188959002494812
14270 0.092507004737854
14280 0.1049855202436447
14290 0.1095967292785645
14300 0.09464640915393829
14310 0.09337463229894638
14320 0.1023662388324738
14330 0.1073563694953918
14340 0.1051407605409622
14350 0.09883251041173935
14360 0.09924468398094177
14370 0.1009406074881554
14380 0.09951062500476837
14390 0.1039527505636215
14400 0.1055742427706718
14410 0.1033972501754761
14420 0.1115128397941589
14430 0.1106246709823608
14440 0.1065720096230507
14450 0.1037964001297951
14460 0.09749822318553925
14470 0.09574674069881439
14480 0.09922610223293304
14490 0.09902738779783249
14500 0.09924428164958954
14510 0.09691634774208069
14520 0.09803860634565353
14530 0.1036653965711594
14540 0.09956243634223938
14550 0.0908406525850296
14560 0.0865490511059761
14570 0.09174992144107819
14580 0.0895189642906189
14590 0.08820162713527679
14600 0.0723554939031601
14610 0.07187872380018234
14620 0.08033047616481781
14630 0.09160058200359344
14640 0.0872151106595993
14650 0.08239547908306122
14660 0.08672443032264709
14670 0.09473533928394318
14680 0.09069234132766724
14690 0.09668588638305664
14700 0.0970691442489624
14710 0.09456008672714233
14720 0.1005842834711075
14730 0.0953243151307106
14740 0.09067605435848236
14750 0.09628346562385559
14760 0.09849093854427338
14770 0.1019514724612236
14780 0.1023555994033813
14790 0.10301623493433
14800 0.1026581972837448
14810 0.09774675965309143
14820 0.09358178824186325
14830 0.1056324616074562
14840 0.1052550226449966
14850 0.1054642349481583
14860 0.1085426658391953
14870 0.09220875799655914
14880 0.08349478244781494
14890 0.09462970495223999
14900 0.09872928261756897
14910 0.1021872311830521
14920 0.1004130393266678
14930 0.09917153418064117
14940 0.09438076615333557
14950 0.093148373067379
14960 0.1004584804177284
14970 0.1036955863237381
14980 0.1037186235189438
14990 0.1013194695115089
15000 0.09952244162559509
15010 0.09791845083236694
15020 0.09303595125675201
15030 0.09785975515842438
15040 0.09526985883712769
15050 0.09224285930395126
15060 0.09174642711877823
15070 0.08833403140306473
15080 0.09074494987726212
15090 0.09117957949638367
15100 0.09407053142786026
15110 0.1054478883743286
15120 0.1039294451475143
15130 0.09761214256286621
15140 0.09949716925621033
15150 0.09822823107242584
15160 0.10446797311306
15170 0.1063300743699074
15180 0.09653340280056
15190 0.09234881401062012
15200 0.09611362218856812
15210 0.09752905368804932
15220 0.08990264683961868
15230 0.09144765138626099
15240 0.09735243022441864
15250 0.09544961154460907
15260 0.09055984020233154
15270 0.08910986036062241
15280 0.08594977855682373
15290 0.09905215352773666
15300 0.1051833778619766
15310 0.1032462120056152
15320 0.1049190685153008
15330 0.1043952405452728
15340 0.09808792173862457
15350 0.09805917739868164
15360 0.09946630895137787
15370 0.09286853671073914
15380 0.09134780615568161
15390 0.08924075216054916
15400 0.08846402168273926
15410 0.09580821543931961
15420 0.09270815551280975
15430 0.08946258574724197
15440 0.09105883538722992
15450 0.08939574658870697
15460 0.0938362181186676
15470 0.09304127097129822
15480 0.09159576892852783
15490 0.09251144528388977
15500 0.08941623568534851
15510 0.08666874468326569
15520 0.09416916966438293
15530 0.1041683107614517
15540 0.1070587038993835
15550 0.1065579503774643
15560 0.106485977768898
15570 0.0995214432477951
15580 0.09144491702318192
15590 0.09359876811504364
15600 0.088390052318573
15610 0.09865405410528183
15620 0.09563464671373367
15630 0.09444133937358856
15640 0.09927737712860107
15650 0.09540738165378571
15660 0.09876464307308197
15670 0.0993381142616272
15680 0.09819027781486511
15690 0.104023203253746
15700 0.1104251146316528
15710 0.1076094731688499
15720 0.1057573035359383
15730 0.102214127779007
15740 0.1028620451688766
15750 0.1031463295221329
15760 0.08116695284843445
15770 0.09698894619941711
15780 0.09139043837785721
15790 0.09804693609476089
15800 0.1020056903362274
15810 0.09998945146799088
15820 0.0964650958776474
15830 0.09950797259807587
15840 0.1050790846347809
15850 0.1114750578999519
15860 0.1165689677000046
15870 0.08075639605522156
15880 0.07567065954208374
15890 0.09984935820102692
15900 0.1061233580112457
15910 0.09279368072748184
15920 0.09135383367538452
15930 0.09420190006494522
15940 0.09064070135354996
15950 0.09273330867290497
15960 0.09736301004886627
15970 0.09807282686233521
15980 0.09606435894966125
15990 0.09669157862663269
16000 0.09731102734804153
16010 0.09846087545156479
16020 0.1020136773586273
16030 0.09972195327281952
16040 0.09896104037761688
16050 0.09989409148693085
16060 0.09450256824493408
16070 0.1008719056844711
16080 0.1014068424701691
16090 0.1040579825639725
16100 0.09203355759382248
16110 0.09361901879310608
16120 0.09702412784099579
16130 0.09522160887718201
16140 0.09000954031944275
16150 0.08941841870546341
16160 0.09049960970878601
16170 0.09965191036462784
16180 0.1026454865932465
16190 0.1015018373727798
16200 0.09975620359182358
16210 0.09883116185665131
16220 0.100256010890007
16230 0.09922584891319275
16240 0.09991727769374847
16250 0.1022683531045914
16260 0.1001111939549446
16270 0.09876459836959839
16280 0.1008757948875427
16290 0.1005565375089645
16300 0.102147102355957
16310 0.1035198271274567
16320 0.09858547896146774
16330 0.1013953387737274
16340 0.0981498658657074
16350 0.09454281628131866
16360 0.09580209851264954
16370 0.09708113968372345
16380 0.09477949142456055
16390 0.09665650874376297
16400 0.1052759736776352
16410 0.1081087961792946
16420 0.1093040108680725
16430 0.1093241274356842
16440 0.1085840314626694
16450 0.1050611287355423
16460 0.1006659865379333
16470 0.09767678380012512
16480 0.09542317688465118
16490 0.09324583411216736
16500 0.08873242139816284
16510 0.0942426398396492
16520 0.09662321954965591
16530 0.06824816018342972
16540 0.07405251264572144
16550 0.09808821231126785
16560 0.1058992594480515
16570 0.1085519939661026
16580 0.08763210475444794
16590 0.07902544736862183
16600 0.1013774499297142
16610 0.0816376805305481
16620 0.07907025516033173
16630 0.08543175458908081
16640 0.09191234409809113
16650 0.09995764493942261
16660 0.104802742600441
16670 0.09383392333984375
16680 0.0948016345500946
16690 0.0882907509803772
16700 0.09462185204029083
16710 0.09437901526689529
16720 0.09214550256729126
16730 0.0934370830655098
16740 0.08968998491764069
16750 0.09873087704181671
16760 0.09718258678913116
16770 0.09834405779838562
16780 0.1000238358974457
16790 0.1006155833601952
16800 0.09430404007434845
16810 0.08428585529327393
16820 0.104906290769577
16830 0.1027207374572754
16840 0.1003300696611404
16850 0.1065254136919975
16860 0.09981012344360352
16870 0.09887734055519104
16880 0.1018759161233902
16890 0.1053410917520523
16900 0.1069559082388878
16910 0.09252001345157623
16920 0.09241655468940735
16930 0.09597437083721161
16940 0.09530290216207504
16950 0.09623246639966965
16960 0.1041896939277649
16970 0.0974772572517395
16980 0.09900609403848648
16990 0.09215405583381653
17000 0.09517759084701538
17010 0.1046462804079056
17020 0.09379789233207703
17030 0.08702507615089417
17040 0.0934549868106842
17050 0.09808145463466644
17060 0.0979708731174469
17070 0.09487916529178619
17080 0.09095717966556549
17090 0.09899228066205978
17100 0.09998007118701935
17110 0.0962824672460556
17120 0.09429998695850372
17130 0.09415604919195175
17140 0.0952204093337059
17150 0.1028818041086197
17160 0.1009550020098686
17170 0.1010518744587898
17180 0.1014276146888733
17190 0.104099728167057
17200 0.1035812944173813
17210 0.09914098680019379
17220 0.09774608910083771
17230 0.09662984311580658
17240 0.0972026139497757
17250 0.1010663509368896
17260 0.1043916717171669
17270 0.1001445651054382
17280 0.1011716425418854
17290 0.1053542792797089
17300 0.1015786379575729
17310 0.09766186773777008
17320 0.09707490354776382
17330 0.09732495993375778
17340 0.1003429517149925
17350 0.09831248223781586
17360 0.09593831747770309
17370 0.09548468887805939
17380 0.09716625511646271
17390 0.09987374395132065
17400 0.09550409018993378
17410 0.09447941184043884
17420 0.09489685297012329
17430 0.09764225035905838
17440 0.0973842591047287
17450 0.1020734831690788
17460 0.1030423641204834
17470 0.09845072031021118
17480 0.09756319969892502
17490 0.103706493973732
17500 0.1085848659276962
17510 0.09845744073390961
17520 0.09331966191530228
17530 0.09904766827821732
17540 0.1029919236898422
17550 0.09666024148464203
17560 0.1028981357812881
17570 0.1040689796209335
17580 0.1028399467468262
17590 0.1033033132553101
17600 0.1047760397195816
17610 0.1050440445542336
17620 0.1028145253658295
17630 0.1053669899702072
17640 0.1025305092334747
17650 0.09924124181270599
17660 0.1038624942302704
17670 0.1062253639101982
17680 0.1076258942484856
17690 0.1017770171165466
17700 0.1107737421989441
17710 0.1123708188533783
17720 0.1094244867563248
17730 0.1087780594825745
17740 0.1085241511464119
17750 0.1049822419881821
17760 0.0940270870923996
17770 0.09569474309682846
17780 0.1040867567062378
17790 0.1025392562150955
17800 0.10395148396492
17810 0.104615181684494
17820 0.09907130897045135
17830 0.09471303224563599
17840 0.09595750272274017
17850 0.09721256047487259
17860 0.09713922441005707
17870 0.08802816271781921
17880 0.08367039263248444
17890 0.08443984389305115
17900 0.09903235733509064
17910 0.1019719243049622
17920 0.1073783338069916
17930 0.1050687879323959
17940 0.09836968779563904
17950 0.1011496558785439
17960 0.1008078157901764
17970 0.09806884825229645
17980 0.09790568053722382
17990 0.09741319715976715
18000 0.1006236970424652
18010 0.1033987030386925
18020 0.1011605858802795
18030 0.1001453548669815
18040 0.1030115783214569
18050 0.09980180859565735
18060 0.1012730747461319
18070 0.09991121292114258
18080 0.09639979898929596
18090 0.09836375713348389
18100 0.1025950312614441
18110 0.1086693406105042
18120 0.09921052306890488
18130 0.09473742544651031
18140 0.08416958153247833
18150 0.08711738884449005
18160 0.08523057401180267
18170 0.08803342282772064
18180 0.1077034324407578
18190 0.108450323343277
18200 0.1049501225352287
18210 0.1006552129983902
18220 0.09483975172042847
18230 0.09419311583042145
18240 0.09885387867689133
18250 0.1082101389765739
18260 0.1016257554292679
18270 0.09841127693653107
18280 0.100434273481369
18290 0.1095531582832336
18300 0.09840604662895203
18310 0.09921418130397797
18320 0.09942390024662018
18330 0.09363381564617157
18340 0.09939223527908325
18350 0.1161521077156067
18360 0.1143892109394073
18370 0.0957295149564743
18380 0.09122233837842941
18390 0.09076185524463654
18400 0.08981829881668091
18410 0.08931256830692291
18420 0.08898483216762543
18430 0.0890403687953949
18440 0.09196962416172028
18450 0.09507689625024796
18460 0.09620076417922974
18470 0.0994870662689209
18480 0.1039837896823883
18490 0.1052988469600677
18500 0.1002577990293503
18510 0.09832258522510529
18520 0.09835024923086166
18530 0.09384067356586456
18540 0.0885859876871109
18550 0.09603454917669296
18560 0.0874217301607132
18570 0.08684349060058594
18580 0.09624738246202469
18590 0.08846623450517654
18600 0.09076699614524841
18610 0.1001311242580414
18620 0.1054487004876137
18630 0.1014326214790344
18640 0.09726852178573608
18650 0.09449087083339691
18660 0.103626549243927
18670 0.09115371853113174
18680 0.08502952009439468
18690 0.09175807237625122
18700 0.08708294481039047
18710 0.08822893351316452
18720 0.08856631070375443
18730 0.08517903089523315
18740 0.0956847220659256
18750 0.1019222289323807
18760 0.1051129326224327
18770 0.1033176779747009
18780 0.1038698256015778
18790 0.1062964648008347
18800 0.1124627739191055
18810 0.1102502569556236
18820 0.1065380722284317
18830 0.1055355221033096
18840 0.1068285554647446
18850 0.1091325432062149
18860 0.1075706109404564
18870 0.1064371168613434
18880 0.1010051295161247
18890 0.102355919778347
18900 0.1031320244073868
18910 0.1000799983739853
18920 0.08933351933956146
18930 0.08927585929632187
18940 0.08976718783378601
18950 0.09614817798137665
18960 0.1017454564571381
18970 0.09772047400474548
18980 0.09632143378257751
18990 0.09868136793375015
19000 0.1048583388328552
19010 0.1062114462256432
19020 0.1065855845808983
19030 0.1018286645412445
19040 0.09889303147792816
19050 0.103496640920639
19060 0.09261546283960342
19070 0.0879025012254715
19080 0.08038906753063202
19090 0.07925710082054138
19100 0.08861302584409714
19110 0.09458491206169128
19120 0.08848931640386581
19130 0.09759853035211563
19140 0.09841594099998474
19150 0.09710848331451416
19160 0.09931040555238724
19170 0.1004903465509415
19180 0.09943443536758423
19190 0.101797342300415
19200 0.1004030406475067
19210 0.1005766242742538
19220 0.1008530259132385
19230 0.1026703417301178
19240 0.1015678197145462
19250 0.0934939906001091
19260 0.09258525818586349
19270 0.1028459668159485
19280 0.1039296612143517
19290 0.1047399789094925
19300 0.1048673391342163
19310 0.1035935878753662
19320 0.1009894162416458
19330 0.0896950364112854
19340 0.07536230981349945
19350 0.08675546944141388
19360 0.0792095810174942
19370 0.07852636277675629
19380 0.0811266228556633
19390 0.101129375398159
19400 0.09883657842874527
19410 0.09024572372436523
19420 0.09023017436265945
19430 0.0890464186668396
19440 0.09047266095876694
19450 0.09387220442295074
19460 0.09943252801895142
19470 0.09237107634544373
19480 0.09400269389152527
19490 0.1011520773172379
19500 0.09922030568122864
19510 0.1034673899412155
19520 0.1030700281262398
19530 0.1022972017526627
19540 0.1021224856376648
19550 0.1006356775760651
19560 0.09815223515033722
19570 0.0928807258605957
19580 0.09752008318901062
19590 0.1071601659059525
19600 0.1097277849912643
19610 0.1005894467234612
19620 0.1015986502170563
19630 0.1083828806877136
19640 0.1087076663970947
19650 0.1073472127318382
19660 0.1061377450823784
19670 0.1067774593830109
19680 0.1067647337913513
19690 0.1106391549110413
19700 0.107810266315937
19710 0.1060871928930283
19720 0.1040430963039398
19730 0.1068001091480255
19740 0.1015408784151077
19750 0.1029740869998932
19760 0.09911984205245972
19770 0.09926500916481018
19780 0.09817338734865189
19790 0.1001483723521233
19800 0.1004951596260071
19810 0.09747208654880524
19820 0.1007653921842575
19830 0.1078232526779175
19840 0.1091355159878731
19850 0.1051195859909058
19860 0.09875959157943726
19870 0.09709096699953079
19880 0.08857186138629913
19890 0.09041734784841537
19900 0.09824022650718689
19910 0.09299336373806
19920 0.08981241285800934
19930 0.09517118334770203
19940 0.09672489762306213
19950 0.0932755321264267
19960 0.09254276007413864
19970 0.09801378846168518
19980 0.1025666147470474
19990 0.1045432388782501
20000 0.1020841002464294
20010 0.09708456695079803
20020 0.09647870808839798
20030 0.0955813005566597
20040 0.09689255058765411
20050 0.1001172512769699
20060 0.1008174419403076
20070 0.1036519482731819
20080 0.1018638014793396
20090 0.1002287194132805
20100 0.1037437915802002
20110 0.1064932644367218
20120 0.1090219169855118
20130 0.1077577173709869
20140 0.1034121960401535
20150 0.09338738769292831
20160 0.09126731753349304
20170 0.09227809309959412
20180 0.09264536201953888
20190 0.09826492518186569
20200 0.1001181229948997
6610 0.08076447993516922
6620 0.08826147019863129
6630 0.090103879570961
6640 0.08575436472892761
6650 0.08863453567028046
6660 0.09050667285919189
6670 0.08890537917613983
6680 0.08626784384250641
6690 0.08483297377824783
6700 0.08584482967853546
6710 0.08558788895606995
6720 0.08620893955230713
6730 0.08365301787853241
6740 0.07892452925443649
6750 0.08399323374032974
6760 0.09021660685539246
6770 0.09862515330314636
6780 0.1006091237068176
6790 0.1018653586506844
6800 0.09980159252882004
6810 0.09570765495300293
6820 0.09493301808834076
6830 0.09471885859966278
6840 0.08969234675168991
6850 0.08311592042446136
6860 0.08244086056947708
6870 0.08666844666004181
6880 0.08981287479400635
6890 0.100862056016922
6900 0.08223249763250351
6910 0.08748828619718552
6920 0.09178038686513901
6930 0.09383770078420639
6940 0.09574204683303833
6950 0.0943143367767334
6960 0.09762868285179138
6970 0.1023198515176773
6980 0.0989840179681778
6990 0.09213675558567047
7000 0.08273352682590485
7010 0.09018154442310333
7020 0.08999720960855484
7030 0.09086014330387115
7040 0.1010188162326813
7050 0.1017884314060211
7060 0.09344011545181274
7070 0.09306107461452484
7080 0.08674630522727966
7090 0.07248581945896149
7100 0.0786265954375267
7110 0.08380477130413055
7120 0.08126293122768402
7130 0.07983320951461792
7140 0.07619091868400574
7150 0.08289096504449844
7160 0.08442965149879456
7170 0.08231368660926819
7180 0.08708248287439346
7190 0.0966125875711441
7200 0.09437935054302216
7210 0.09524749219417572
7220 0.09208998084068298
7230 0.09028166532516479
7240 0.08385778963565826
7250 0.0941266268491745
7260 0.09091861546039581
7270 0.09170091152191162
7280 0.09639810770750046
7290 0.09712034463882446
7300 0.09555615484714508
7310 0.09408292174339294
7320 0.09453122317790985
7330 0.09388752281665802
7340 0.09379584342241287
7350 0.09450221806764603
7360 0.09615816920995712
7370 0.09604773670434952
7380 0.09386475384235382
7390 0.08980704843997955
7400 0.08940504491329193
7410 0.0911238044500351
7420 0.08959246426820755
7430 0.08936335891485214
7440 0.09418319910764694
7450 0.0967877209186554
7460 0.09574159979820251
7470 0.09902738779783249
7480 0.09283524751663208
7490 0.09853744506835938
7500 0.09939291328191757
7510 0.09694616496562958
7520 0.09725731611251831
7530 0.09981733560562134
7540 0.1003724485635757
7550 0.09181693196296692
7560 0.09113693237304688
7570 0.0900951623916626
7580 0.0891684964299202
7590 0.09019680321216583
7600 0.0911051407456398
7610 0.08734701573848724
7620 0.08737114071846008
7630 0.08842453360557556
7640 0.0865706205368042
7650 0.09581524878740311
7660 0.09939947724342346
7670 0.1012627780437469
7680 0.09871123731136322
7690 0.09731169044971466
7700 0.1014558598399162
7710 0.1001277267932892
7720 0.09569756686687469
7730 0.09325221925973892
7740 0.09084081649780273
7750 0.09005913883447647
7760 0.09546936303377151
7770 0.1005852520465851
7780 0.09572277963161469
7790 0.09957930445671082
7800 0.0907757356762886
7810 0.0852956622838974
7820 0.08850508183240891
7830 0.08872334659099579
7840 0.08795443177223206
7850 0.0931338369846344
7860 0.09893766045570374
7870 0.09893302619457245
7880 0.09614281356334686
7890 0.09667713195085526
7900 0.09626111388206482
7910 0.09772458672523499
7920 0.09709228575229645
7930 0.0942312628030777
7940 0.09477025270462036
7950 0.0995347797870636
7960 0.09682083129882812
7970 0.1019963622093201
7980 0.1011616885662079
7990 0.09933258593082428
8000 0.09884299337863922
8010 0.1009006425738335
8020 0.09852229803800583
8030 0.0937531590461731
8040 0.1026792749762535
8050 0.1023610979318619
8060 0.09936590492725372
8070 0.100407786667347
8080 0.0992298424243927
8090 0.09889225661754608
8100 0.09413160383701324
8110 0.096062071621418
8120 0.09401316195726395
8130 0.08398163318634033
8140 0.07835462689399719
8150 0.08601057529449463
8160 0.08674164116382599
8170 0.09000440686941147
8180 0.09332069754600525
8190 0.09276190400123596
8200 0.09204587340354919
8210 0.09385305643081665
8220 0.09391143918037415
8230 0.09117195010185242
8240 0.08952262252569199
8250 0.09261985123157501
8260 0.09517870843410492
8270 0.0967421680688858
8280 0.09775419533252716
8290 0.09777410328388214
8300 0.09665887057781219
8310 0.08631518483161926
8320 0.08348200470209122
8330 0.08481402695178986
8340 0.09287643432617188
8350 0.09323101490736008
8360 0.09739577025175095
8370 0.101921945810318
8380 0.1031389236450195
8390 0.09771933406591415
8400 0.09643279016017914
8410 0.09434515237808228
8420 0.09725344181060791
8430 0.09860597550868988
8440 0.1020237058401108
8450 0.09449851512908936
8460 0.08579523861408234
8470 0.0842464417219162
8480 0.08032837510108948
8490 0.09442448616027832
8500 0.1032590270042419
8510 0.1010410338640213
8520 0.09734193980693817
8530 0.09610313177108765
8540 0.09543697535991669
8550 0.09161774069070816
8560 0.08763860166072845
8570 0.08161737024784088
8580 0.07127474248409271
8590 0.08104658126831055
8600 0.08328054845333099
8610 0.08371575176715851
8620 0.08753019571304321
8630 0.09198670089244843
8640 0.0932205393910408
8650 0.07949510216712952
8660 0.07125342637300491
8670 0.07669074833393097
8680 0.09155628085136414
8690 0.09842327237129211
8700 0.08470846712589264
8710 0.09354546666145325
8720 0.09282393753528595
8730 0.09164360165596008
8740 0.08755652606487274
8750 0.08575694262981415
8760 0.08985215425491333
8770 0.1032338738441467
8780 0.1002732664346695
8790 0.09247186779975891
8800 0.09494796395301819
8810 0.1018445491790771
8820 0.09748569130897522
8830 0.1001562625169754
8840 0.1061555668711662
8850 0.0996931791305542
8860 0.09151702374219894
8870 0.09821616113185883
8880 0.1034103482961655
8890 0.07789480686187744
8900 0.0626232698559761
8910 0.06525693088769913
8920 0.08287671953439713
8930 0.08643704652786255
8940 0.09471186250448227
8950 0.0877145379781723
8960 0.08837735652923584
8970 0.0854114443063736
8980 0.07424626499414444
8990 0.07740907371044159
9000 0.08186070621013641
9010 0.08687847852706909
9020 0.08928321301937103
9030 0.08679892122745514
9040 0.09138323366641998
9050 0.08959284424781799
9060 0.08856219053268433
9070 0.09174220263957977
9080 0.0855528861284256
9090 0.0879446268081665
9100 0.09044155478477478
9110 0.09055852890014648
9120 0.091501384973526
9130 0.08309023082256317
9140 0.08694291114807129
9150 0.09362581372261047
9160 0.09115222096443176
9170 0.08974140137434006
9180 0.09858123958110809
9190 0.09855147451162338
9200 0.09945501387119293
9210 0.1009436249732971
9220 0.09867095202207565
9230 0.09710066765546799
9240 0.09033793210983276
9250 0.09595875442028046
9260 0.0933338925242424
9270 0.09253346920013428
9280 0.09081496298313141
9290 0.09219679981470108
9300 0.09607215225696564
9310 0.09850779175758362
9320 0.09865481406450272
9330 0.09769206494092941
9340 0.0944075733423233
9350 0.0892205536365509
9360 0.09234108030796051
9370 0.1008325666189194
9380 0.09835093468427658
9390 0.09610843658447266
9400 0.09909988939762115
9410 0.09828038513660431
9420 0.09530210494995117
9430 0.09637819230556488
9440 0.09688987582921982
9450 0.09665806591510773
9460 0.09634502232074738
9470 0.09160713851451874
9480 0.09490315616130829
9490 0.1004131063818932
9500 0.09719216823577881
9510 0.09644012898206711
9520 0.09723347425460815
9530 0.09765398502349854
9540 0.09915453195571899
9550 0.09862327575683594
9560 0.1008856818079948
9570 0.1015324145555496
9580 0.1016857698559761
9590 0.09544739872217178
9600 0.09128689765930176
9610 0.08672787249088287
9620 0.09176470339298248
9630 0.09991931915283203
9640 0.0954921767115593
9650 0.09899349510669708
9660 0.1034695655107498
9670 0.09986530989408493
9680 0.1021271646022797
9690 0.1024875119328499
9700 0.09681565314531326
9710 0.09271036088466644
9720 0.09103485941886902
9730 0.08833310008049011
9740 0.09258385002613068
9750 0.09291672706604004
9760 0.08413983881473541
9770 0.08820189535617828
9780 0.09293633699417114
9790 0.09837210178375244
9800 0.08898627012968063
9810 0.08352035284042358
9820 0.08429762721061707
9830 0.09013593196868896
9840 0.09773705899715424
9850 0.09068117290735245
9860 0.08314119279384613
9870 0.09076495468616486
9880 0.1007693707942963
9890 0.101035512983799
9900 0.09257536381483078
9910 0.09596216678619385
9920 0.09333635866641998
9930 0.09673439711332321
9940 0.08796773850917816
9950 0.08962264657020569
9960 0.08720985054969788
9970 0.0856519490480423
9980 0.09517167508602142
9990 0.09634069353342056
10000 0.09725484251976013
10010 0.0988791435956955
10020 0.09718476235866547
10030 0.0965057760477066
10040 0.09728974103927612
10050 0.09840108454227448
10060 0.09483024477958679
10070 0.09682665765285492
10080 0.09683533012866974
10090 0.09829789400100708
10100 0.09753133356571198
10110 0.09847560524940491
10120 0.09710352122783661
10130 0.09641456604003906
10140 0.09591278433799744
10150 0.09705999493598938
10160 0.09501039981842041
10170 0.09206080436706543
10180 0.09801186621189117
10190 0.07629142701625824
10200 0.05488152429461479
10210 0.0680307075381279
10220 0.09119142591953278
10230 0.1108523681759834
10240 0.1067586839199066
10250 0.1089787036180496
10260 0.1005785912275314
10270 0.08802821487188339
10280 0.08732146769762039
10290 0.07961896061897278
10300 0.09474857151508331
10310 0.0951661691069603
10320 0.0914992168545723
10330 0.08325520157814026
10340 0.08035945892333984
10350 0.07706788182258606
10360 0.09380799531936646
10370 0.09600897133350372
10380 0.08582130074501038
10390 0.08829154074192047
10400 0.09361915290355682
10410 0.1038915887475014
10420 0.1016221791505814
10430 0.09617756307125092
10440 0.09236335754394531
10450 0.09555007517337799
10460 0.09706468880176544
10470 0.09862667322158813
10480 0.09976579248905182
10490 0.1010961979627609
10500 0.09904054552316666
10510 0.09734697639942169
10520 0.09827469289302826
10530 0.09999601542949677
10540 0.1021809875965118
10550 0.10150246322155
10560 0.09919504821300507
10570 0.09792167693376541
10580 0.09401428699493408
10590 0.09295649826526642
10600 0.0948566272854805
10610 0.09959948062896729
10620 0.09511548280715942
10630 0.08875568211078644
10640 0.09991082549095154
10650 0.1069021821022034
10660 0.1064658313989639
10670 0.1048313081264496
10680 0.1050093024969101
10690 0.09251809120178223
10700 0.08158054947853088
10710 0.08176210522651672
10720 0.08309441804885864
10730 0.09059541672468185
10740 0.1009095162153244
10750 0.0914406031370163
10760 0.0905764102935791
10770 0.08779177814722061
10780 0.09277059882879257
10790 0.09836076200008392
10800 0.09783679246902466
10810 0.09850017726421356
10820 0.09791645407676697
10830 0.09548045694828033
10840 0.09640518575906754
10850 0.1002432405948639
10860 0.1008804067969322
10870 0.09631253778934479
10880 0.09442160278558731
10890 0.09572967886924744
10900 0.09789036214351654
10910 0.09581807255744934
10920 0.09541656076908112
10930 0.095008485019207
10940 0.09389132261276245
10950 0.09123556315898895
10960 0.09108339250087738
10970 0.08683240413665771
10980 0.08646822720766068
10990 0.08351367712020874
11000 0.09111735224723816
11010 0.09478671848773956
11020 0.09344954788684845
11030 0.09670430421829224
11040 0.09263037145137787
11050 0.08884643763303757
11060 0.08859070390462875
11070 0.09186302125453949
11080 0.1029934138059616
11090 0.1095718741416931
11100 0.1123879253864288
11110 0.1058086901903152
11120 0.08592364192008972
11130 0.08458712697029114
11140 0.0893179327249527
11150 0.09852378815412521
11160 0.1083717346191406
11170 0.1031941100955009
11180 0.092538021504879
11190 0.09673213958740234
11200 0.09701366722583771
11210 0.09207984060049057
11220 0.09400660544633865
11230 0.09326596558094025
11240 0.09488701820373535
11250 0.09289395064115524
11260 0.08854338526725769
11270 0.08879220485687256
11280 0.09288941323757172
11290 0.09478852152824402
11300 0.09332211315631866
11310 0.09572125971317291
11320 0.09205455332994461
11330 0.09310869872570038
11340 0.09326553344726562
11350 0.09242865443229675
11360 0.09718980640172958
11370 0.0853627473115921
11380 0.0817779079079628
11390 0.08235330879688263
11400 0.09603078663349152
11410 0.09627964347600937
11420 0.09111780673265457
11430 0.0873931497335434
11440 0.08322878181934357
11450 0.08293367922306061
11460 0.0876196026802063
11470 0.09320308268070221
11480 0.0970415472984314
11490 0.09800538420677185
11500 0.09918558597564697
11510 0.09960190951824188
11520 0.09718657284975052
11530 0.09744592010974884
11540 0.09974999725818634
11550 0.1063587814569473
11560 0.1055784076452255
11570 0.1044126823544502
11580 0.1006734147667885
11590 0.08749634027481079
11600 0.09794862568378448
11610 0.0924287736415863
11620 0.0849938690662384
11630 0.09464509785175323
11640 0.09483247250318527
11650 0.1005484163761139
11660 0.1046565622091293
11670 0.09761343896389008
11680 0.08665676414966583
11690 0.06899538636207581
11700 0.06992071866989136
11710 0.08368266373872757
11720 0.08789826929569244
11730 0.09157457947731018
11740 0.09188379347324371
11750 0.09111644327640533
11760 0.09206327795982361
11770 0.0926985889673233
11780 0.09251856803894043
11790 0.0935339629650116
11800 0.09502421319484711
11810 0.09591931104660034
11820 0.09526605904102325
11830 0.09367997944355011
11840 0.09712955355644226
11850 0.09551789611577988
11860 0.09037323296070099
11870 0.09455853700637817
11880 0.09545322507619858
11890 0.09499181807041168
11900 0.09221599996089935
11910 0.09147124737501144
11920 0.0992436558008194
11930 0.0953984409570694
11940 0.09869863092899323
11950 0.0976991206407547
11960 0.09934332966804504
11970 0.09705246984958649
11980 0.09600044786930084
11990 0.09741583466529846
12000 0.09433907270431519
12010 0.0932576060295105
12020 0.09318000078201294
12030 0.09343492984771729
12040 0.09901319444179535
12050 0.09712934494018555
12060 0.09666057676076889
12070 0.08891993016004562
12080 0.09703560173511505
12090 0.1024455726146698
12100 0.09211665391921997
12110 0.08504226803779602
12120 0.07218750566244125
12130 0.08899105340242386
12140 0.08948828279972076
12150 0.100596971809864
12160 0.103258803486824
12170 0.09831483662128448
12180 0.0958603173494339
12190 0.09389097988605499
12200 0.07525721937417984
12210 0.09620696306228638
12220 0.09839273989200592
12230 0.1018980070948601
12240 0.1032431721687317
12250 0.101011335849762
12260 0.09872213006019592
12270 0.08913613855838776
12280 0.08673587441444397
12290 0.08912919461727142
12300 0.09202041476964951
12310 0.09127147495746613
12320 0.09129169583320618
12330 0.09299550950527191
12340 0.09340877830982208
12350 0.0964680090546608
12360 0.09752465784549713
12370 0.09914221614599228
12380 0.09915824979543686
12390 0.102124996483326
12400 0.1026580780744553
12410 0.1044261604547501
12420 0.09944194555282593
12430 0.1057694554328918
12440 0.1049998551607132
12450 0.1034448593854904
12460 0.1034272611141205
12470 0.1031057313084602
12480 0.1018654704093933
12490 0.1037576049566269
12500 0.105479821562767
12510 0.09886918962001801
12520 0.09775369614362717
12530 0.09437192976474762
12540 0.08961823582649231
12550 0.08682054281234741
12560 0.09169303625822067
12570 0.09887500107288361
12580 0.09420149773359299
12590 0.0927482470870018
12600 0.09724153578281403
12610 0.09306623786687851
12620 0.09765656292438507
12630 0.1016723364591599
12640 0.09571920335292816
12650 0.09433627128601074
12660 0.1053895652294159
12670 0.1104697287082672
12680 0.1022710353136063
12690 0.09697181731462479
12700 0.09819167107343674
12710 0.09802789986133575
12720 0.09797388315200806
12730 0.09576304256916046
12740 0.09511539340019226
12750 0.1013549789786339
12760 0.1026619747281075
12770 0.1055022999644279
12780 0.1037315428256989
12790 0.1093112900853157
12800 0.09366138279438019
12810 0.093684121966362
12820 0.09746821224689484
12830 0.1006907522678375
12840 0.1013521552085876
12850 0.09922224283218384
12860 0.09856921434402466
12870 0.1031134575605392
12880 0.1042810901999474
12890 0.1028651893138885
12900 0.100374847650528
12910 0.1015078723430634
12920 0.1019241660833359
12930 0.100657120347023
12940 0.09730680286884308
12950 0.09731166064739227
12960 0.08553597331047058
12970 0.09565615653991699
12980 0.1044303774833679
12990 0.1018431112170219
13000 0.09820517897605896
13010 0.08487860858440399
13020 0.08387847244739532
13030 0.08971425890922546
13040 0.09819550812244415
13050 0.1068195849657059
13060 0.1036724448204041
13070 0.08988265693187714
13080 0.09124670922756195
13090 0.09058955311775208
13100 0.09170712530612946
13110 0.09758204221725464
13120 0.1070970296859741
13130 0.1104428768157959
13140 0.1130742356181145
13150 0.08872248977422714
13160 0.08627716451883316
13170 0.08954682946205139
13180 0.1092300787568092
13190 0.110147699713707
13200 0.1082950979471207
13210 0.1083616241812706
13220 0.1067164540290833
13230 0.1027989238500595
13240 0.1043873280286789
13250 0.1069515645503998
13260 0.1055623665452003
13270 0.1045433431863785
13280 0.1037515848875046
13290 0.09452889859676361
13300 0.09271953254938126
13310 0.09163089096546173
13320 0.0797869935631752
13330 0.08975772559642792
13340 0.09938391298055649
13350 0.1025550961494446
13360 0.1018081605434418
13370 0.1005738079547882
13380 0.1010187119245529
13390 0.09777926653623581
13400 0.08819190412759781
0 0.06540098786354065
10 0.06540452688932419
20 0.06543928384780884
30 0.06554669141769409
40 0.06580810993909836
50 0.06621963530778885
60 0.06678070873022079
70 0.06757711619138718
80 0.06861749291419983
90 0.06911556422710419
100 0.0693017989397049
110 0.07032950222492218
120 0.07267919927835464
130 0.07776357233524323
140 0.08647973090410233
150 0.09407895058393478
160 0.0965808779001236
170 0.09549439698457718
180 0.09287126362323761
190 0.09085475653409958
200 0.08911633491516113
210 0.08937941491603851
220 0.09216363728046417
230 0.09337842464447021
240 0.09194689989089966
250 0.08975529670715332
260 0.08731671422719955
270 0.0780813992023468
280 0.05881024897098541
290 0.06098279356956482
300 0.06832036375999451
310 0.06655733287334442
320 0.06592975556850433
330 0.06859052181243896
340 0.07173413783311844
350 0.07344749569892883
360 0.07394982129335403
370 0.07459888607263565
380 0.07571221888065338
390 0.07723885774612427
400 0.07895812392234802
410 0.08029857277870178
420 0.08085572719573975
430 0.0807391032576561
440 0.08030003309249878
450 0.07967438548803329
460 0.07898279279470444
470 0.07864859700202942
480 0.07836397737264633
490 0.0767844170331955
500 0.07554342597723007
510 0.07813619077205658
520 0.08926926553249359
530 0.09590108692646027
540 0.09461092948913574
550 0.09213729947805405
560 0.09180900454521179
570 0.09312824904918671
580 0.09325616061687469
590 0.09324048459529877
600 0.09250840544700623
610 0.08870970457792282
620 0.085938960313797
630 0.08228786289691925
640 0.08092262595891953
650 0.08768517524003983
660 0.08184222877025604
670 0.03965866565704346
680 0.03813499212265015
690 0.04503269121050835
700 0.05461717396974564
710 0.08573998510837555
720 0.08535020798444748
730 0.09752974659204483
740 0.1155044808983803
750 0.1174123287200928
760 0.09524567425251007
770 0.0691242516040802
780 0.06758162379264832
790 0.06919723749160767
800 0.07495845854282379
810 0.05748985707759857
820 0.07066401839256287
830 0.06687729805707932
840 0.0400446243584156
850 0.04881890118122101
860 0.05284488946199417
870 0.03909251093864441
880 0.03914474695920944
890 0.04829442501068115
900 0.03510059416294098
910 0.05124291777610779
920 0.05985527485609055
930 0.05053142458200455
940 0.05815952643752098
950 0.07273135334253311
960 0.06870195269584656
970 0.0611160583794117
980 0.06487667560577393
990 0.05641821026802063
1000 0.04404496401548386
1010 0.04526018351316452
1020 0.05144593119621277
1030 0.05673553794622421
1040 0.0559341087937355
1050 0.05349357426166534
1060 0.05373191833496094
1070 0.05576169863343239
1080 0.0582418367266655
1090 0.06399782001972198
1100 0.07036180049180984
1110 0.07782154530286789
1120 0.07796485722064972
1130 0.06506341695785522
1140 0.06016450002789497
1150 0.06583289057016373
1160 0.059248436242342
1170 0.03494372218847275
1180 0.06972472369670868
1190 0.07619746029376984
1200 0.07513246685266495
1210 0.07837802171707153
1220 0.07583212107419968
1230 0.06695170700550079
1240 0.06880784034729004
1250 0.05662813410162926
1260 0.07368585467338562
1270 0.07657407224178314
1280 0.08382147550582886
1290 0.08286795765161514
1300 0.08052551001310349
1310 0.08309595286846161
1320 0.0837714821100235
1330 0.08747471868991852
1340 0.07930360734462738
1350 0.06828716397285461
1360 0.06501352041959763
1370 0.06420313566923141
1380 0.05369700863957405
1390 0.06277668476104736
1400 0.0557946190237999
1410 0.05678947642445564
1420 0.08073833584785461
1430 0.0979481041431427
1440 0.07966087758541107
1450 0.06788229942321777
1460 0.07591055333614349
1470 0.05517662316560745
1480 0.07068356871604919
1490 0.07315631955862045
1500 0.07192324101924896
1510 0.06747014820575714
1520 0.07608151435852051
1530 0.07157638669013977
1540 0.06840033829212189
1550 0.07021016627550125
1560 0.0762399435043335
1570 0.07454507797956467
1580 0.07375302910804749
1590 0.07300696521997452
1600 0.07113189995288849
1610 0.0787329226732254
1620 0.07635267823934555
1630 0.07128819823265076
1640 0.0755520835518837
1650 0.07642819732427597
1660 0.07952862977981567
1670 0.07904353737831116
1680 0.08123853802680969
1690 0.0790746808052063
1700 0.07635402679443359
1710 0.07407473027706146
1720 0.07867000997066498
1730 0.08047987520694733
1740 0.07955001294612885
1750 0.08482214063405991
1760 0.08146483451128006
1770 0.07719875872135162
1780 0.07864627242088318
1790 0.08077980577945709
1800 0.08284062147140503
1810 0.0795171856880188
1820 0.07938782870769501
1830 0.08162024617195129
1840 0.09515734016895294
1850 0.09431993961334229
1860 0.09052006900310516
1870 0.09288249909877777
1880 0.08821997046470642
1890 0.08926699310541153
1900 0.09362811595201492
1910 0.09716446697711945
1920 0.09846679866313934
1930 0.09573432803153992
1940 0.09371704608201981
1950 0.08816927671432495
1960 0.08185507357120514
1970 0.08231879770755768
1980 0.08662129938602448
1990 0.09005831182003021
2000 0.09065715968608856
2010 0.1065886318683624
2020 0.111190140247345
2030 0.08989152312278748
2040 0.0835486501455307
2050 0.08803579956293106
2060 0.09258714318275452
2070 0.09049049019813538
2080 0.09057488292455673
2090 0.08798216283321381
2100 0.0884675532579422
2110 0.08904948830604553
2120 0.08906514942646027
2130 0.08866226673126221
2140 0.0912068784236908
2150 0.09260835498571396
2160 0.09243448078632355
2170 0.09171532094478607
2180 0.08634046465158463
2190 0.07150252163410187
2200 0.07064403593540192
2210 0.0882662907242775
2220 0.09181459993124008
2230 0.09056118130683899
2240 0.08861362934112549
2250 0.08119432628154755
2260 0.08408665657043457
2270 0.0899871438741684
2280 0.08223488926887512
2290 0.08510755002498627
2300 0.08437630534172058
2310 0.0881175771355629
2320 0.08469408750534058
2330 0.07818335294723511
2340 0.07889284193515778
2350 0.08855163305997849
2360 0.09501358866691589
2370 0.09450987726449966
2380 0.09343793243169785
2390 0.09334303438663483
2400 0.08973570913076401
2410 0.09058757871389389
2420 0.08482645452022552
2430 0.08561380952596664
2440 0.09169857203960419
2450 0.09537310898303986
2460 0.08448345959186554
2470 0.08540420979261398
2480 0.09329649806022644
2490 0.096323162317276
2500 0.09022972732782364
2510 0.09076914191246033
2520 0.09055905044078827
2530 0.09588311612606049
2540 0.09143054485321045
2550 0.08754067122936249
2560 0.09172037243843079
2570 0.07639613747596741
2580 0.08884873241186142
2590 0.09205859899520874
2600 0.09315837919712067
2610 0.09931004792451859
2620 0.1048775017261505
2630 0.09327968955039978
2640 0.08140872418880463
2650 0.08213099837303162
2660 0.07887040823698044
2670 0.07836180180311203
2680 0.08756773173809052
2690 0.09192170202732086
2700 0.08211110532283783
2710 0.08176815509796143
2720 0.08431348949670792
2730 0.08981995284557343
2740 0.09161093831062317
2750 0.07018629461526871
2760 0.06412313133478165
2770 0.07929352670907974
2780 0.08999016880989075
2790 0.09786856174468994
2800 0.1004676818847656
2810 0.1033225953578949
2820 0.1049546003341675
2830 0.1027250438928604
2840 0.09871038794517517
2850 0.09576932340860367
2860 0.09407897293567657
2870 0.0938476026058197
2880 0.09247186779975891
2890 0.09893368184566498
2900 0.09412363916635513
2910 0.08446052670478821
2920 0.07814532518386841
2930 0.08444899320602417
2940 0.09066307544708252
2950 0.08946070075035095
2960 0.08255642652511597
2970 0.0900423675775528
2980 0.08415454626083374
2990 0.0738232433795929
3000 0.09234941005706787
3010 0.0914338231086731
3020 0.08626221120357513
3030 0.08065733313560486
3040 0.07951460778713226
3050 0.07891230285167694
3060 0.08217644691467285
3070 0.08222396671772003
3080 0.0812431275844574
3090 0.08365552872419357
3100 0.08765911310911179
3110 0.08817876875400543
3120 0.0842176228761673
3130 0.08722751587629318
3140 0.0684482753276825
3150 0.09008054435253143
3160 0.07866165041923523
3170 0.07160354405641556
3180 0.07345343381166458
3190 0.07122436165809631
3200 0.08122571557760239
3210 0.07847889512777328
3220 0.07742864638566971
3230 0.07537540793418884
3240 0.07414542138576508
3250 0.0756494402885437
3260 0.07647667080163956
3270 0.08240348845720291
3280 0.09802299737930298
3290 0.09774419665336609
3300 0.09487228095531464
3310 0.09417068958282471
3320 0.09337150305509567
3330 0.0917963981628418
3340 0.09216920286417007
3350 0.08973288536071777
3360 0.08615013957023621
3370 0.08373812586069107
3380 0.08643864095211029
3390 0.08855953067541122
3400 0.08281112462282181
3410 0.0842486172914505
3420 0.07736866176128387
3430 0.07965030521154404
3440 0.08170215040445328
3450 0.08184139430522919
3460 0.08093180507421494
3470 0.07799225300550461
3480 0.08050032705068588
3490 0.08833573758602142
3500 0.09088937938213348
3510 0.09117999672889709
3520 0.09580443054437637
3530 0.09438614547252655
3540 0.09634581953287125
3550 0.08315698802471161
3560 0.08594232797622681
3570 0.09805333614349365
3580 0.09135971963405609
3590 0.08933632075786591
3600 0.09181851148605347
3610 0.09396548569202423
3620 0.09256260097026825
3630 0.08359932154417038
3640 0.08015000820159912
3650 0.0801084041595459
3660 0.07853700965642929
3670 0.07753454148769379
3680 0.08204309642314911
3690 0.08569734543561935
3700 0.07113193720579147
3710 0.06649551540613174
3720 0.07116686552762985
3730 0.07843153178691864
3740 0.08245734870433807
3750 0.08287587761878967
3760 0.0825486034154892
3770 0.0869317427277565
3780 0.0880841538310051
3790 0.09113290905952454
3800 0.08769156038761139
3810 0.0930619090795517
3820 0.09355545789003372
3830 0.07949075847864151
3840 0.08921752125024796
3850 0.08702220767736435
3860 0.08238084614276886
3870 0.08469694852828979
3880 0.08343221247196198
3890 0.08102738112211227
3900 0.077093206346035
3910 0.07502574473619461
3920 0.0771489143371582
3930 0.08009863644838333
3940 0.08253570646047592
3950 0.08003898710012436
3960 0.08748303353786469
3970 0.08895489573478699
3980 0.09005412459373474
3990 0.09344734251499176
4000 0.09377592802047729
4010 0.091705322265625
4020 0.09088720381259918
4030 0.09136184304952621
4040 0.08982996642589569
4050 0.0898645892739296
4060 0.0867764800786972
4070 0.08544452488422394
4080 0.08590105921030045
4090 0.08034093677997589
4100 0.07155326008796692
4110 0.08475829660892487
4120 0.07785344123840332
4130 0.08122004568576813
4140 0.0912381187081337
4150 0.08865813165903091
4160 0.08570726215839386
4170 0.08234759420156479
4180 0.08615576475858688
4190 0.08710390329360962
4200 0.08767372369766235
4210 0.09021483361721039
4220 0.09607528150081635
4230 0.08474992960691452
4240 0.0784323662519455
4250 0.08307188004255295
4260 0.07977888733148575
4270 0.07067463546991348
4280 0.0773845762014389
4290 0.08184142410755157
4300 0.07802142947912216
4310 0.08037741482257843
4320 0.07953453063964844
4330 0.08217704296112061
4340 0.07438890635967255
4350 0.0829751193523407
4360 0.0844803974032402
4370 0.07896672189235687
4380 0.07500926405191422
4390 0.07732671499252319
4400 0.073319211602211
4410 0.07707221806049347
4420 0.08349379152059555
4430 0.08612258732318878
4440 0.08473114669322968
4450 0.08263625204563141
4460 0.07988628745079041
4470 0.08055247366428375
4480 0.08661521971225739
4490 0.08247358351945877
4500 0.08869560062885284
4510 0.09181628376245499
4520 0.08937188982963562
4530 0.0893796980381012
4540 0.0873449295759201
4550 0.08519247174263
4560 0.09059860557317734
4570 0.08850093185901642
4580 0.08879761397838593
4590 0.08166962862014771
4600 0.0796741247177124
4610 0.09005764126777649
4620 0.103621631860733
4630 0.08581288903951645
4640 0.07230236381292343
4650 0.08931310474872589
4660 0.09717771410942078
4670 0.09131665527820587
4680 0.08933832496404648
4690 0.0873204842209816
4700 0.09423542022705078
4710 0.09547801315784454
4720 0.09617005288600922
4730 0.09095589071512222
4740 0.09458782523870468
4750 0.09514905512332916
4760 0.09310716390609741
4770 0.09120745956897736
4780 0.09239450842142105
4790 0.09266696870326996
4800 0.09183436632156372
4810 0.08385232836008072
4820 0.08443024754524231
4830 0.08820831775665283
4840 0.08805202692747116
4850 0.08651306480169296
4860 0.08794718980789185
4870 0.08693842589855194
4880 0.08658333122730255
4890 0.08570775389671326
4900 0.09618538618087769
4910 0.08879242092370987
4920 0.08345798403024673
4930 0.08454050123691559
4940 0.08572492748498917
4950 0.08783538639545441
4960 0.08762366324663162
4970 0.08585187047719955
4980 0.08530263602733612
4990 0.08337812870740891
5000 0.08291909843683243
5010 0.08888234198093414
5020 0.09399840235710144
5030 0.0913669690489769
5040 0.09488470107316971
5050 0.0966576561331749
5060 0.09720217436552048
5070 0.09771642088890076
5080 0.09767590463161469
5090 0.09883634746074677
5100 0.09853418171405792
5110 0.09651121497154236
5120 0.09471368789672852
5130 0.0937822163105011
5140 0.0937408059835434
5150 0.09245775640010834
5160 0.08883475512266159
5170 0.08883199095726013
5180 0.09347633272409439
5190 0.1018363460898399
5200 0.09746169298887253
5210 0.09780270606279373
5220 0.09656275808811188
5230 0.09741926193237305
5240 0.09984330087900162
5250 0.09877307713031769
5260 0.0938786044716835
5270 0.0977664440870285
5280 0.09184750914573669
5290 0.08843927830457687
5300 0.0924048125743866
5310 0.09485255926847458
5320 0.09434393048286438
5330 0.08594462275505066
5340 0.08255878090858459
5350 0.09510414302349091
5360 0.09480887651443481
5370 0.09429687261581421
5380 0.09552277624607086
5390 0.09487240016460419
5400 0.09343454241752625
5410 0.09015452861785889
5420 0.08839014172554016
5430 0.09171906113624573
5440 0.08969812095165253
5450 0.08899100124835968
5460 0.08556963503360748
5470 0.08562137186527252
5480 0.08572161942720413
5490 0.0872465968132019
5500 0.08898914605379105
5510 0.09007072448730469
5520 0.08346229046583176
5530 0.08997753262519836
5540 0.09441781789064407
5550 0.09609363973140717
5560 0.09402360767126083
5570 0.08945045620203018
5580 0.09005935490131378
5590 0.09310966730117798
5600 0.0924212634563446
5610 0.0921114906668663
5620 0.09298165142536163
5630 0.0986538827419281
5640 0.09659585356712341
5650 0.09012579917907715
5660 0.08673308789730072
5670 0.09067454189062119
5680 0.0950506180524826
5690 0.100027322769165
5700 0.09743984043598175
5710 0.09359560906887054
5720 0.08570213615894318
5730 0.08700062334537506
5740 0.08766748756170273
5750 0.08028982579708099
5760 0.07614457607269287
5770 0.0901184156537056
5780 0.09500490128993988
5790 0.08493010699748993
5800 0.09191587567329407
5810 0.09723114967346191
5820 0.09324207901954651
5830 0.09373483806848526
5840 0.09897550940513611
5850 0.1017279028892517
5860 0.09960469603538513
5870 0.09740149974822998
5880 0.08134965598583221
5890 0.08151128143072128
5900 0.08704710006713867
5910 0.08463125675916672
5920 0.08340302854776382
5930 0.08839483559131622
5940 0.09001970291137695
5950 0.08957475423812866
5960 0.0934922844171524
5970 0.0914531871676445
5980 0.09302842617034912
5990 0.0920911431312561
6000 0.09473924338817596
6010 0.09754448384046555
6020 0.09459708631038666
6030 0.09533672034740448
6040 0.09108231961727142
6050 0.09559394419193268
6060 0.1016175001859665
6070 0.1026555225253105
6080 0.1012347936630249
6090 0.09985332936048508
6100 0.09659896790981293
6110 0.09154202789068222
6120 0.09383995831012726
6130 0.09670364856719971
6140 0.08974906802177429
6150 0.09239338338375092
6160 0.09495902061462402
6170 0.09318510442972183
6180 0.08647771179676056
6190 0.08334735780954361
6200 0.0871271938085556
6210 0.08990943431854248
6220 0.08845877647399902
6230 0.08999598026275635
6240 0.0854131281375885
6250 0.08709074556827545
6260 0.08614999800920486
6270 0.08841899037361145
6280 0.09039708971977234
6290 0.09000678360462189
6300 0.0880538746714592
6310 0.08731576055288315
6320 0.08884051442146301
6330 0.09135417640209198
6340 0.08374159783124924
6350 0.08239049464464188
6360 0.08283836394548416
6370 0.08274927735328674
6380 0.08692619204521179
6390 0.09444651007652283
6400 0.09912881255149841
6410 0.09601660817861557
6420 0.09367738664150238
6430 0.09408510476350784
6440 0.08666339516639709
6450 0.08639606833457947
6460 0.09363598376512527
6470 0.09116314351558685
6480 0.08282279223203659
6490 0.08442124724388123
6500 0.08766936510801315
6510 0.08980658650398254
6520 0.08584184944629669
6530 0.08612827956676483
6540 0.07658681273460388
6550 0.06601403653621674
6560 0.07815990597009659
6570 0.0811024084687233
6580 0.07228103280067444
6590 0.08215188980102539
6600 0.07935019582509995
6700 0.08584483712911606
6710 0.08558789640665054
6720 0.08620893210172653
6730 0.0836530327796936
6740 0.0789245218038559
6750 0.08399322628974915
6760 0.09021659940481186
