"Time Step" "point-vel-b"
20210 5.245007991790771
20220 5.186505794525146
20230 5.262174129486084
20240 5.564920425415039
20250 5.908510684967041
20260 5.861413478851318
20270 5.511459827423096
20280 5.456164836883545
20290 4.964701175689697
20300 4.902980804443359
20310 5.013112545013428
20320 4.801470279693604
20330 4.990861892700195
20340 5.514066219329834
20350 5.453104972839355
20360 5.21172046661377
20370 5.208774566650391
20380 4.990378379821777
20390 4.758533477783203
20400 4.602534294128418
20410 6.537557125091553
20420 5.742145538330078
20430 5.039598941802979
20440 5.345330238342285
20450 5.027727603912354
20460 5.380263328552246
20470 4.80891752243042
20480 4.690832614898682
20490 4.893284320831299
20500 4.73508358001709
20510 5.084713935852051
20520 5.152978420257568
20530 4.242870330810547
20540 4.055386066436768
20550 4.31300163269043
20560 4.071111679077148
20570 4.128558158874512
20580 4.258815765380859
20590 4.530320644378662
20600 4.684439182281494
20610 4.469603061676025
20620 4.311741828918457
20630 4.443427562713623
20640 4.554209232330322
20650 4.316693305969238
20660 4.403186798095703
20670 4.619054317474365
20680 4.707156658172607
20690 4.77854585647583
20700 4.752520084381104
20710 4.491675853729248
20720 4.314260005950928
20730 4.57142162322998
20740 4.977803230285645
20750 5.015979290008545
20760 4.750698089599609
20770 4.605851173400879
20780 4.602031707763672
20790 4.325942039489746
20800 3.740732669830322
20810 4.210446834564209
20820 5.159512519836426
20830 5.201603889465332
20840 5.41258430480957
20850 5.378136157989502
20860 5.059710502624512
20870 4.599033832550049
20880 4.051105976104736
20890 4.494873523712158
20900 4.621255874633789
20910 4.640777111053467
20920 4.873855113983154
20930 5.386069774627686
20940 5.347810745239258
20950 5.166332721710205
20960 5.398131370544434
20970 5.461262702941895
20980 5.921204566955566
20990 4.897017478942871
21000 5.038025856018066
21010 5.321726322174072
21020 5.139830589294434
21030 5.115324974060059
21040 5.150518894195557
21050 5.246105670928955
21060 5.341610431671143
21070 5.271434307098389
21080 5.200351715087891
21090 5.193839550018311
21100 5.094119071960449
21110 5.273460865020752
21120 5.253074169158936
21130 5.496657371520996
21140 5.309736728668213
21150 5.565928936004639
21160 5.286458015441895
21170 5.096652984619141
21180 4.402970314025879
21190 4.63029146194458
21200 4.303719043731689
21210 5.253980159759521
21220 5.872725486755371
21230 5.577333450317383
21240 5.095208644866943
21250 5.042882919311523
21260 5.647379398345947
21270 6.015429973602295
21280 5.750066757202148
21290 5.903357982635498
21300 5.793549537658691
21310 5.40662145614624
21320 4.926607131958008
21330 4.778229236602783
21340 4.528007030487061
21350 4.913241386413574
21360 4.753544807434082
21370 4.847207546234131
21380 4.988283634185791
21390 4.914936542510986
21400 4.826130867004395
21410 4.999932289123535
21420 4.622487545013428
21430 4.650121212005615
21440 4.792918682098389
21450 4.648403644561768
21460 4.756619930267334
21470 5.296004295349121
21480 5.555542945861816
21490 5.184647083282471
21500 4.933579444885254
21510 5.073548793792725
21520 5.006143093109131
21530 5.444394111633301
21540 5.296111583709717
21550 5.33330774307251
21560 5.350777149200439
21570 5.324941158294678
21580 4.896358489990234
21590 4.694559574127197
21600 4.829323291778564
21610 6.68342924118042
21620 6.744081020355225
21630 5.870987415313721
21640 5.335127830505371
21650 5.658493518829346
21660 5.371578216552734
21670 5.005069732666016
21680 4.437179088592529
21690 4.315371513366699
21700 4.34959602355957
21710 4.699455261230469
21720 5.147032260894775
21730 5.102636337280273
21740 4.905734539031982
21750 4.520879745483398
21760 4.534168720245361
21770 4.543756008148193
21780 4.565335273742676
21790 4.801310062408447
21800 4.727180957794189
21810 4.638252258300781
21820 4.914758682250977
21830 5.388189792633057
21840 5.501460552215576
21850 5.715427875518799
21860 4.87360668182373
21870 4.400803565979004
21880 4.562259674072266
21890 4.847923278808594
21900 5.232515335083008
21910 5.211299419403076
21920 5.082255840301514
21930 5.006983280181885
21940 5.39879035949707
21950 5.645392894744873
21960 5.224633693695068
21970 5.217918395996094
21980 5.508562564849854
21990 4.848169326782227
22000 5.158973217010498
22010 6.614721775054932
22020 6.046181201934814
22030 5.406014442443848
22040 5.779531478881836
22050 5.473766326904297
22060 5.177250385284424
22070 4.701805114746094
22080 4.571808338165283
22090 4.649462223052979
22100 5.393254280090332
22110 5.391471862792969
22120 5.18175220489502
22130 4.794095993041992
22140 4.532205104827881
22150 5.101066589355469
22160 5.420671939849854
22170 5.11109733581543
22180 5.497510433197021
22190 5.610030174255371
22200 4.981833457946777
22210 5.117980480194092
22220 4.885200977325439
22230 4.971499443054199
22240 5.230918884277344
22250 5.426626682281494
22260 4.744701862335205
22270 4.767894268035889
22280 4.923187732696533
22290 4.649298667907715
22300 4.922611713409424
22310 5.088967800140381
22320 5.113419532775879
22330 4.991365909576416
22340 4.807022094726562
22350 4.814816951751709
22360 5.395570278167725
22370 5.262892246246338
22380 5.093554019927979
22390 4.748579502105713
22400 4.963830947875977
22410 6.23168420791626
22420 6.707769393920898
22430 6.02323055267334
22440 5.586121082305908
22450 5.836189270019531
22460 5.497171878814697
22470 4.509702205657959
22480 4.845808982849121
22490 5.0417160987854
22500 4.852346897125244
22510 4.531458377838135
22520 4.627949237823486
22530 4.219059467315674
22540 3.951197624206543
22550 4.550007820129395
22560 4.564479827880859
22570 4.618048667907715
22580 4.636995315551758
22590 5.062566757202148
22600 5.465248107910156
22610 4.772025585174561
22620 5.111775398254395
22630 4.876688957214355
22640 4.678339004516602
22650 4.47462272644043
22660 4.264515399932861
22670 4.379312038421631
22680 4.876660346984863
22690 5.025319576263428
22700 4.910041332244873
22710 4.614463806152344
22720 4.391054630279541
22730 4.248292922973633
22740 4.431477546691895
22750 4.780015468597412
22760 4.983735084533691
22770 4.860544681549072
22780 4.945725917816162
22790 4.603005409240723
22800 4.114426612854004
22810 5.335916042327881
22820 5.605157852172852
22830 5.043447017669678
22840 4.738258838653564
22850 4.32600212097168
22860 5.501355648040771
22870 6.103239059448242
22880 5.933318614959717
22890 6.445337772369385
22900 6.074336528778076
22910 5.953167915344238
22920 5.490690231323242
22930 5.121364116668701
22940 4.959955215454102
22950 5.106513977050781
22960 5.053976535797119
22970 4.840261459350586
22980 4.853941917419434
22990 4.910488128662109
23000 4.841565608978271
23010 4.711135387420654
23020 5.009697437286377
23030 5.05636739730835
23040 5.175655841827393
23050 5.298720359802246
23060 5.072854518890381
23070 4.998811721801758
23080 4.959065437316895
23090 5.234485149383545
23100 5.11584997177124
23110 4.823495864868164
23120 5.187280178070068
23130 5.013297080993652
23140 5.296513080596924
23150 5.402717590332031
23160 5.291008472442627
23170 4.940189361572266
23180 5.243144512176514
23190 5.179091453552246
23200 6.30654239654541
23210 6.453648567199707
23220 6.049486637115479
23230 5.491045475006104
23240 4.453721523284912
23250 4.319085597991943
23260 4.349408626556396
23270 4.320558071136475
23280 4.934550285339355
23290 5.030599594116211
23300 4.132391452789307
23310 4.733163356781006
23320 4.953321933746338
23330 4.462751865386963
23340 4.486249923706055
23350 4.652452945709229
23360 4.471841812133789
23370 4.426135063171387
23380 4.273129940032959
23390 4.497654438018799
23400 4.577364444732666
23410 4.486888885498047
23420 4.769071102142334
23430 4.883499622344971
23440 4.872015476226807
23450 5.115160465240479
23460 5.169707298278809
23470 5.229685306549072
23480 5.625380039215088
23490 5.259618759155273
23500 4.961459159851074
23510 5.300686359405518
23520 5.539489269256592
23530 5.208975315093994
23540 4.804248809814453
23550 5.324686050415039
23560 5.573377132415771
23570 5.535258293151855
23580 5.139910697937012
23590 4.856172561645508
23600 4.42194652557373
23610 5.856420516967773
23620 6.209675312042236
23630 4.862162590026855
23640 4.898545265197754
23650 5.476431846618652
23660 4.863556861877441
23670 4.826468944549561
23680 5.120408058166504
23690 5.02585506439209
23700 4.534523963928223
23710 4.512318134307861
23720 4.614623069763184
23730 4.624966144561768
23740 4.934142112731934
23750 5.479371547698975
23760 5.914945125579834
23770 5.164011001586914
23780 5.504477500915527
23790 5.486029148101807
23800 5.167515277862549
23810 4.903976917266846
23820 5.148647785186768
23830 5.159950733184814
23840 5.177838802337646
23850 4.989033222198486
23860 4.46754264831543
23870 4.631851673126221
23880 4.798326015472412
23890 5.010434150695801
23900 4.957571029663086
23910 5.091786861419678
23920 5.463833332061768
23930 5.381139278411865
23940 4.893753528594971
23950 4.808164119720459
23960 5.212758541107178
23970 5.000648975372314
23980 4.989055156707764
23990 4.7262864112854
24000 5.056200981140137
13410 4.911558151245117
13420 4.978979587554932
13430 5.262186527252197
13440 5.694129943847656
13450 5.503560066223145
13460 5.067115783691406
13470 4.875580310821533
13480 4.764938831329346
13490 4.779571056365967
13500 5.280542373657227
13510 5.17835521697998
13520 5.220144271850586
13530 5.488162517547607
13540 5.595855712890625
13550 5.375138759613037
13560 4.847562789916992
13570 4.613722324371338
13580 5.002748966217041
13590 4.594844818115234
13600 4.727581024169922
13610 5.078221321105957
13620 5.043435573577881
13630 5.193209648132324
13640 5.340075016021729
13650 5.01768684387207
13660 5.038005828857422
13670 5.376869201660156
13680 5.261255264282227
13690 5.024976253509521
13700 4.720204830169678
13710 5.40324592590332
13720 5.181118965148926
13730 5.006804943084717
13740 4.428216457366943
13750 4.394021034240723
13760 4.721104621887207
13770 4.805927276611328
13780 4.497905254364014
13790 4.571551322937012
13800 5.306640625
13810 5.54938268661499
13820 5.612036228179932
13830 5.419547080993652
13840 4.98955249786377
13850 4.993738651275635
13860 5.191259860992432
13870 5.429533004760742
13880 5.104759216308594
13890 5.161117076873779
13900 5.289029598236084
13910 5.138622283935547
13920 5.147728443145752
13930 5.336026191711426
13940 5.381217956542969
13950 5.291422367095947
13960 4.942398071289062
13970 4.567163944244385
13980 4.828708648681641
13990 4.577620029449463
14000 4.690076351165771
14010 5.067636489868164
14020 5.225616455078125
14030 5.827319145202637
14040 5.699504852294922
14050 6.114386081695557
14060 5.616539001464844
14070 4.871252059936523
14080 5.128581047058105
14090 5.345757007598877
14100 5.460566520690918
14110 5.186599731445312
14120 4.692729473114014
14130 4.346343040466309
14140 4.559463024139404
14150 4.903094291687012
14160 4.666797637939453
14170 4.810354232788086
14180 4.654943466186523
14190 4.533472061157227
14200 4.472667694091797
14210 4.499644756317139
14220 4.665431976318359
14230 4.781716823577881
14240 4.617288589477539
14250 4.764720439910889
14260 4.846585750579834
14270 4.645573139190674
14280 4.680575847625732
14290 4.509276390075684
14300 4.57404088973999
14310 4.605631351470947
14320 4.697227478027344
14330 4.629566192626953
14340 4.889798641204834
14350 5.084805488586426
14360 5.369033813476562
14370 5.092333316802979
14380 5.256458759307861
14390 4.738125324249268
14400 4.749094009399414
14410 6.40334939956665
14420 6.417995929718018
14430 6.858537197113037
14440 5.98420524597168
14450 5.234519958496094
14460 4.583986282348633
14470 5.082813739776611
14480 5.456429004669189
14490 5.361067295074463
14500 5.122729301452637
14510 4.743666172027588
14520 5.055088043212891
14530 5.270939350128174
14540 5.015005588531494
14550 4.873905658721924
14560 4.783524990081787
14570 4.650187015533447
14580 4.766073226928711
14590 4.976761817932129
14600 4.969794750213623
14610 4.474238872528076
14620 4.663534164428711
14630 4.693691253662109
14640 4.563669204711914
14650 4.52874755859375
14660 4.96079158782959
14670 5.154959678649902
14680 5.16700267791748
14690 5.210651397705078
14700 5.364595413208008
14710 5.319126605987549
14720 5.440625190734863
14730 5.649058818817139
14740 5.435696125030518
14750 5.294815540313721
14760 4.947135448455811
14770 5.093457221984863
14780 5.204823017120361
14790 4.652148723602295
14800 4.708540439605713
14810 6.385114192962646
14820 6.000211715698242
14830 5.976483821868896
14840 6.035972118377686
14850 5.169680118560791
14860 4.970436573028564
14870 5.298115730285645
14880 5.512032508850098
14890 5.180052757263184
14900 4.710335254669189
14910 4.550246715545654
14920 4.935344219207764
14930 5.237280368804932
14940 4.953818798065186
14950 4.53192663192749
14960 4.651144504547119
14970 5.135571956634521
14980 5.139238834381104
14990 4.966135501861572
15000 5.06670618057251
15010 5.116528034210205
15020 5.312381267547607
15030 5.258028984069824
15040 5.594679355621338
15050 5.494813442230225
15060 5.342400074005127
15070 5.155261993408203
15080 4.969429969787598
15090 4.961485385894775
15100 5.117732048034668
15110 4.917060852050781
15120 4.563653469085693
15130 4.621034622192383
15140 4.801873683929443
15150 4.705996036529541
15160 4.793070316314697
15170 5.031509876251221
15180 4.804887771606445
15190 4.373000144958496
15200 4.750968933105469
15210 5.573565006256104
15220 5.173983097076416
15230 4.967888355255127
15240 5.367574214935303
15250 4.838079929351807
15260 4.858351230621338
15270 5.11405086517334
15280 5.398871898651123
15290 5.238109588623047
15300 4.865930557250977
15310 4.747245311737061
15320 4.465872287750244
15330 4.160953044891357
15340 4.217865467071533
15350 4.562027454376221
15360 5.084216594696045
15370 4.844560146331787
15380 4.631731510162354
15390 4.697481155395508
15400 5.098237037658691
15410 5.203990936279297
15420 4.588722705841064
15430 4.728538036346436
15440 4.856471538543701
15450 5.6436767578125
15460 5.08943510055542
15470 4.906241893768311
15480 5.186953544616699
15490 5.335855007171631
15500 5.214556217193604
15510 5.194358348846436
15520 5.066485404968262
15530 4.999951839447021
15540 5.157876968383789
15550 5.356279373168945
15560 5.05768346786499
15570 4.787938594818115
15580 4.788518905639648
15590 4.607653141021729
15600 4.080235958099365
15610 4.637684345245361
15620 5.692708969116211
15630 5.909353256225586
15640 5.878914833068848
15650 5.153088569641113
15660 4.18211030960083
15670 4.22218656539917
15680 4.207197666168213
15690 4.303829193115234
15700 4.081261157989502
15710 4.294071197509766
15720 4.511342525482178
15730 4.433351039886475
15740 4.633007049560547
15750 5.043991565704346
15760 5.023632049560547
15770 4.604676723480225
15780 4.727115154266357
15790 4.571763038635254
15800 4.698659420013428
15810 4.696417808532715
15820 4.795896530151367
15830 4.944462776184082
15840 5.238550186157227
15850 5.212375164031982
15860 5.21750020980835
15870 4.849409580230713
15880 4.725854396820068
15890 4.915993213653564
15900 4.863162994384766
15910 5.15779447555542
15920 4.573370933532715
15930 4.359012126922607
15940 4.849894523620605
15950 4.852887153625488
15960 4.764679431915283
15970 4.867936611175537
15980 4.943363666534424
15990 4.710782051086426
16000 5.537446975708008
16010 6.113750457763672
16020 6.327627658843994
16030 5.778808116912842
16040 5.593967914581299
16050 4.750600337982178
16060 4.596741199493408
16070 4.9021315574646
16080 4.723173141479492
16090 4.591398239135742
16100 4.403346538543701
16110 4.565468788146973
16120 4.70879602432251
16130 4.580103874206543
16140 4.668582439422607
16150 4.436205863952637
16160 4.179596900939941
16170 4.213628768920898
16180 4.66247034072876
16190 5.308833122253418
16200 5.405576705932617
16210 5.357846736907959
16220 5.219659328460693
16230 4.942133903503418
16240 4.841768264770508
16250 5.491240501403809
16260 5.145263671875
16270 4.796397686004639
16280 4.566114902496338
16290 4.597816467285156
16300 4.97904634475708
16310 5.039672374725342
16320 4.870804309844971
16330 5.121279239654541
16340 4.89719820022583
16350 5.12110710144043
16360 5.371766090393066
16370 4.813158988952637
16380 4.598335266113281
16390 4.322991371154785
16400 4.473469257354736
16410 4.664553165435791
16420 4.533746242523193
16430 4.152405261993408
16440 4.154766082763672
16450 4.078430652618408
16460 4.616132736206055
16470 4.564424991607666
16480 4.792915344238281
16490 5.324884414672852
16500 5.757113456726074
16510 5.343798160552979
16520 4.715786457061768
16530 4.355048179626465
16540 4.735665798187256
16550 4.747201442718506
16560 4.856621265411377
16570 4.16411304473877
16580 4.747406005859375
16590 4.917676448822021
16600 4.94607400894165
16610 4.728682041168213
16620 4.193201541900635
16630 4.147150039672852
16640 4.654232978820801
16650 4.662337779998779
16660 4.706203460693359
16670 4.671577930450439
16680 4.688650131225586
16690 4.629246234893799
16700 4.431177616119385
16710 4.38736629486084
16720 4.642033100128174
16730 4.642788410186768
16740 4.542424201965332
16750 4.972661018371582
16760 5.321105003356934
16770 5.560881614685059
16780 5.085716247558594
16790 4.808126449584961
16800 4.990878582000732
16810 6.652830600738525
16820 6.61766529083252
16830 5.904859066009521
16840 5.490079879760742
16850 5.288891792297363
16860 5.43687629699707
16870 5.526772975921631
16880 5.991069793701172
16890 5.294825553894043
16900 4.779679298400879
16910 4.95212459564209
16920 4.742844581604004
16930 4.877987384796143
16940 5.003875255584717
16950 4.826683044433594
16960 4.615979671478271
16970 4.503232479095459
16980 4.652058124542236
16990 4.758843898773193
17000 4.724470615386963
17010 5.058465957641602
17020 5.458434104919434
17030 5.125826358795166
17040 4.834998607635498
17050 4.548728466033936
17060 4.810331344604492
17070 5.225342750549316
17080 4.388671398162842
17090 4.91967248916626
17100 4.904732704162598
17110 5.134888172149658
17120 5.266513347625732
17130 5.173471927642822
17140 4.449939727783203
17150 4.395328998565674
17160 4.513933658599854
17170 4.883402347564697
17180 4.845256805419922
17190 4.461429595947266
17200 4.309632778167725
17210 5.423764705657959
17220 6.508735179901123
17230 5.906951427459717
17240 5.661565780639648
17250 5.690969467163086
17260 5.256306171417236
17270 5.268883228302002
17280 5.466309070587158
17290 5.020640850067139
17300 4.921487331390381
17310 4.632411956787109
17320 5.106414318084717
17330 4.873725414276123
17340 4.517157077789307
17350 4.181811332702637
17360 4.300026893615723
17370 4.708851337432861
17380 5.365918636322021
17390 5.021413803100586
17400 4.588679313659668
17410 5.127902984619141
17420 5.213786602020264
17430 5.327851295471191
17440 5.703309059143066
17450 5.926477432250977
17460 5.44287633895874
17470 5.208746910095215
17480 5.383175373077393
17490 5.176276206970215
17500 5.135879516601562
17510 5.198546886444092
17520 5.346426010131836
17530 4.865293025970459
17540 5.066105842590332
17550 5.341977596282959
17560 5.169678211212158
17570 5.028603553771973
17580 5.06749963760376
17590 4.877125263214111
17600 5.593393802642822
17610 6.325575828552246
17620 5.765780448913574
17630 5.370848178863525
17640 5.37073802947998
17650 5.449575424194336
17660 5.349972724914551
17670 5.195642948150635
17680 5.001238822937012
17690 4.975956439971924
17700 5.016294479370117
17710 4.994949817657471
17720 5.285974025726318
17730 5.581001758575439
17740 5.780502319335938
17750 5.422014236450195
17760 4.783671855926514
17770 4.442379474639893
17780 4.307703971862793
17790 4.590689659118652
17800 4.845914840698242
17810 4.948038578033447
17820 4.886830806732178
17830 4.707729339599609
17840 4.872595310211182
17850 5.09708309173584
17860 5.514320373535156
17870 5.624958515167236
17880 5.616341590881348
17890 5.239461898803711
17900 5.318360328674316
17910 5.381163597106934
17920 5.359177112579346
17930 5.01555061340332
17940 4.498293399810791
17950 4.525495052337646
17960 4.991456985473633
17970 4.845087051391602
17980 5.000968456268311
17990 4.946059226989746
18000 4.762734413146973
18010 4.894040107727051
18020 5.110402584075928
18030 5.416214466094971
18040 5.642922878265381
18050 6.237016201019287
18060 5.189486980438232
18070 5.581899642944336
18080 5.415168285369873
18090 5.733543872833252
18100 5.333094596862793
18110 4.745236873626709
18120 4.700642585754395
18130 4.524245738983154
18140 4.770149707794189
18150 4.938465118408203
18160 4.660585880279541
18170 4.834184169769287
18180 5.079232215881348
18190 4.83912467956543
18200 4.796811103820801
18210 4.352234840393066
18220 4.745812892913818
18230 5.364804744720459
18240 5.122004985809326
18250 4.944757461547852
18260 5.205611228942871
18270 4.887710094451904
18280 5.08758020401001
18290 5.200496196746826
18300 5.221611976623535
18310 4.971741199493408
18320 5.215012073516846
18330 5.059255123138428
18340 5.430922985076904
18350 5.03883695602417
18360 5.196188449859619
18370 5.050883293151855
18380 5.017635345458984
18390 5.058711528778076
18400 6.931082725524902
18410 5.476851463317871
18420 5.075496673583984
18430 5.861542224884033
18440 5.668802261352539
18450 4.919490337371826
18460 4.462928295135498
18470 5.105964183807373
18480 5.228736877441406
18490 5.537435054779053
18500 5.94721508026123
18510 5.457296371459961
18520 5.229989051818848
18530 5.176532745361328
18540 4.647198677062988
18550 4.841161251068115
18560 4.850188732147217
18570 4.500254154205322
18580 4.13475227355957
18590 4.169021129608154
18600 4.114637851715088
18610 4.107659816741943
18620 4.194877147674561
18630 4.288182735443115
18640 4.55589771270752
18650 4.92849063873291
18660 5.187673091888428
18670 5.020241737365723
18680 5.001875877380371
18690 4.821817398071289
18700 4.754354000091553
18710 4.991700172424316
18720 5.007119178771973
18730 4.897779941558838
18740 5.009259223937988
18750 5.905609607696533
18760 5.589675903320312
18770 5.828452110290527
18780 5.416532516479492
18790 4.822967052459717
18800 4.695009708404541
18810 4.602364063262939
18820 4.617462158203125
18830 4.809819221496582
18840 4.740637302398682
18850 5.181755065917969
18860 5.04566764831543
18870 5.165299892425537
18880 5.269938945770264
18890 5.063829898834229
18900 4.966896057128906
18910 4.913205623626709
18920 4.86152982711792
18930 4.984499931335449
18940 4.967252731323242
18950 4.676592350006104
18960 4.384062767028809
18970 4.494684219360352
18980 4.724488735198975
18990 5.567970752716064
19000 5.556361198425293
19010 5.331323146820068
19020 5.134232521057129
19030 5.090158939361572
19040 5.30570125579834
19050 5.244728565216064
19060 4.779684543609619
19070 4.848762512207031
19080 4.922712802886963
19090 4.969479560852051
19100 5.084239482879639
19110 5.057350158691406
19120 4.954501628875732
19130 4.653141498565674
19140 5.062003612518311
19150 5.556909084320068
19160 5.420891284942627
19170 5.278040885925293
19180 5.137174129486084
19190 4.673848628997803
19200 4.876963138580322
19210 5.868937015533447
19220 7.105919361114502
19230 5.795543670654297
19240 5.75177526473999
19250 6.184110164642334
19260 5.967799186706543
19270 5.654965877532959
19280 4.602236747741699
19290 5.020447254180908
19300 4.859799861907959
19310 5.349145412445068
19320 4.838560581207275
19330 5.557372093200684
19340 5.638088226318359
19350 5.304593086242676
19360 5.536840915679932
19370 5.466920375823975
19380 5.385854721069336
19390 5.555709362030029
19400 5.644842624664307
19410 5.422670841217041
19420 5.031476974487305
19430 4.948552131652832
19440 4.617968559265137
19450 4.375708103179932
19460 4.15520715713501
19470 4.424673557281494
19480 4.679710865020752
19490 4.821182250976562
19500 5.119587421417236
19510 5.014517784118652
19520 5.18595027923584
19530 5.4383544921875
19540 5.151340007781982
19550 4.94408130645752
19560 5.350439548492432
19570 5.239306926727295
19580 5.003767490386963
19590 4.511837005615234
19600 4.214756488800049
19610 5.05518627166748
19620 6.479820728302002
19630 6.158440113067627
19640 6.299476623535156
19650 5.766467571258545
19660 6.133206844329834
19670 5.391853332519531
19680 4.872298240661621
19690 4.578105449676514
19700 4.980620384216309
19710 5.699857234954834
19720 5.686349391937256
19730 5.709520816802979
19740 4.977108001708984
19750 4.892463207244873
19760 4.718228340148926
19770 4.647966384887695
19780 4.621143341064453
19790 4.549544334411621
19800 4.300204277038574
19810 4.408523082733154
19820 5.206667423248291
19830 5.548389434814453
19840 5.27159595489502
19850 4.845956802368164
19860 4.752033233642578
19870 4.891099452972412
19880 4.773071765899658
19890 4.69336462020874
19900 4.767350196838379
19910 4.78867769241333
19920 5.033973217010498
19930 5.238583564758301
19940 5.410890102386475
19950 5.298533916473389
19960 5.446000099182129
19970 5.683752059936523
19980 5.303310871124268
19990 4.841235160827637
20000 6.702372550964355
20010 6.046753883361816
20020 5.479919910430908
20030 5.122097492218018
20040 5.428981781005859
20050 5.523159980773926
20060 5.141713619232178
20070 4.691862106323242
20080 5.39641809463501
20090 5.226552963256836
20100 4.752356052398682
20110 4.61464786529541
20120 4.419666290283203
20130 4.994868278503418
20140 5.6578688621521
20150 5.767234325408936
20160 5.435810089111328
20170 5.007240772247314
20180 5.205908298492432
20190 5.115918159484863
20200 4.86018705368042
20330 4.990862369537354
20360 5.211720943450928
20370 5.208775043487549
6610 4.842860221862793
6620 4.913520336151123
6630 5.401237964630127
6640 5.587356567382812
6650 5.686197280883789
6660 5.498137950897217
6670 5.1873459815979
6680 5.025987148284912
6690 5.385569095611572
6700 5.544244766235352
6710 5.458341121673584
6720 5.104100227355957
6730 4.977246284484863
6740 4.80626106262207
6750 4.632765769958496
6760 4.982120990753174
6770 5.144523143768311
6780 5.155330657958984
6790 4.780240058898926
6800 4.434353828430176
6810 4.523416042327881
6820 4.534783363342285
6830 5.057185649871826
6840 5.807889938354492
6850 5.833229064941406
6860 5.46400785446167
6870 5.4576416015625
6880 5.643953323364258
6890 5.171373844146729
6900 5.128935813903809
6910 4.865030765533447
6920 4.611526489257812
6930 5.056183815002441
6940 5.401180744171143
6950 4.970431327819824
6960 4.783814907073975
6970 4.9794020652771
6980 5.539451599121094
6990 5.282763004302979
7000 5.154762268066406
7010 5.067968845367432
7020 4.472884178161621
7030 4.434456348419189
7040 4.580422878265381
7050 5.592489242553711
7060 5.593250751495361
7070 4.859297275543213
7080 5.140450954437256
7090 5.343986511230469
7100 5.217794895172119
7110 5.096738338470459
7120 5.185154438018799
7130 5.439517498016357
7140 4.899034023284912
7150 4.494299411773682
7160 4.504983425140381
7170 4.588255405426025
7180 4.89178991317749
7190 4.624654769897461
7200 4.605364322662354
7210 5.125991344451904
7220 5.694048881530762
7230 5.820625782012939
7240 5.931735515594482
7250 5.700772285461426
7260 5.1300368309021
7270 4.961879253387451
7280 4.686520099639893
7290 4.593135356903076
7300 4.637241363525391
7310 4.896581649780273
7320 4.732504844665527
7330 4.773805618286133
7340 4.638299465179443
7350 4.217944145202637
7360 4.451969146728516
7370 4.529923915863037
7380 4.698528289794922
7390 5.012975215911865
7400 5.252594947814941
7410 4.966648578643799
7420 5.119670867919922
7430 5.631099224090576
7440 5.394912719726562
7450 5.589910984039307
7460 5.743551254272461
7470 5.698870182037354
7480 5.110213279724121
7490 5.342826366424561
7500 5.521630764007568
7510 5.423440933227539
7520 5.391029357910156
7530 4.767405033111572
7540 4.930699825286865
7550 4.917664051055908
7560 5.147308349609375
7570 5.297678470611572
7580 5.153102874755859
7590 4.871896743774414
7600 4.716392517089844
7610 6.159547805786133
7620 6.695351123809814
7630 6.251894474029541
7640 5.629415512084961
7650 5.792695999145508
7660 5.346864700317383
7670 5.186142921447754
7680 5.178327083587646
7690 5.339784622192383
7700 5.967350482940674
7710 5.246313095092773
7720 4.622530460357666
7730 4.578549385070801
7740 4.629055500030518
7750 4.78196382522583
7760 4.922116756439209
7770 4.807866096496582
7780 5.079882144927979
7790 5.015566825866699
7800 4.746026992797852
7810 5.149140357971191
7820 4.784471988677979
7830 4.704380512237549
7840 4.682170867919922
7850 4.933151721954346
7860 5.21218204498291
7870 5.325045108795166
7880 5.397718906402588
7890 5.304695606231689
7900 5.357535362243652
7910 5.164959907531738
7920 5.28763484954834
7930 5.514615535736084
7940 5.131298065185547
7950 5.04868745803833
7960 5.444125652313232
7970 5.314306259155273
7980 4.896480560302734
7990 4.554452419281006
8000 4.28649377822876
8010 4.534973621368408
8020 5.729566097259521
8030 6.415118217468262
8040 6.61101245880127
8050 5.632448196411133
8060 5.513303279876709
8070 5.23612117767334
8080 5.523812770843506
8090 5.307925224304199
8100 4.83957052230835
8110 4.679196834564209
8120 4.536241054534912
8130 4.822567462921143
8140 4.878342151641846
8150 4.558539390563965
8160 4.282860279083252
8170 4.219953060150146
8180 4.290550708770752
8190 4.523271083831787
8200 4.269627571105957
8210 4.47569465637207
8220 4.475232601165771
8230 4.430323123931885
8240 4.397984981536865
8250 4.404406070709229
8260 4.344628810882568
8270 4.444771766662598
8280 4.636919975280762
8290 5.186021327972412
8300 5.413083076477051
8310 5.149943351745605
8320 5.1902756690979
8330 5.677804470062256
8340 5.383291721343994
8350 5.228112697601318
8360 5.418319225311279
8370 4.923381328582764
8380 4.931499004364014
8390 4.822495937347412
8400 4.495003223419189
8410 5.425596714019775
8420 4.629393100738525
8430 4.310041904449463
8440 4.658981800079346
8450 5.157832145690918
8460 5.150686264038086
8470 4.737454891204834
8480 4.776069641113281
8490 5.081964015960693
8500 5.119880199432373
8510 5.288313865661621
8520 5.704323768615723
8530 6.083408832550049
8540 6.153238296508789
8550 5.444241046905518
8560 5.143164157867432
8570 4.526243686676025
8580 4.883269309997559
8590 5.412886619567871
8600 5.33674430847168
8610 4.956967830657959
8620 5.105002403259277
8630 5.341171264648438
8640 5.587815284729004
8650 5.679046154022217
8660 5.627912998199463
8670 5.414821624755859
8680 5.7091064453125
8690 5.299251556396484
8700 5.161613941192627
8710 5.64401388168335
8720 5.687647819519043
8730 5.000935554504395
8740 5.023722171783447
8750 5.080925941467285
8760 4.944831848144531
8770 5.007134437561035
8780 4.818746566772461
8790 4.156712055206299
8800 4.543465614318848
8810 4.576400279998779
8820 4.633772850036621
8830 4.887167453765869
8840 4.848923683166504
8850 5.13836669921875
8860 5.393641471862793
8870 5.36093282699585
8880 5.211811065673828
8890 4.77296781539917
8900 4.389101028442383
8910 4.609527587890625
8920 4.898166656494141
8930 4.759322643280029
8940 4.795842170715332
8950 4.717150211334229
8960 4.482709407806396
8970 4.381139755249023
8980 4.646934986114502
8990 5.060608386993408
9000 5.168340682983398
9010 5.217203140258789
9020 5.10699462890625
9030 5.322269916534424
9040 5.373008251190186
9050 5.556612014770508
9060 5.002336502075195
9070 5.0575270652771
9080 5.359928131103516
9090 5.397879123687744
9100 5.336751937866211
9110 5.434541702270508
9120 4.987620830535889
9130 5.135672569274902
9140 5.307096004486084
9150 5.353781223297119
9160 5.534793853759766
9170 5.649933338165283
9180 5.482758045196533
9190 4.927177906036377
9200 5.148120403289795
9210 5.682738304138184
9220 5.187263965606689
9230 4.932989597320557
9240 4.221853733062744
9250 4.171161651611328
9260 4.523983478546143
9270 4.678470134735107
9280 4.787576198577881
9290 4.844276428222656
9300 5.221510410308838
9310 4.999821186065674
9320 4.562469482421875
9330 3.960115671157837
9340 4.109168529510498
9350 4.054385185241699
9360 3.80479621887207
9370 3.851894855499268
9380 4.213469505310059
9390 4.392707824707031
9400 4.440905570983887
9410 4.590128898620605
9420 4.473944664001465
9430 4.152259826660156
9440 4.354856967926025
9450 4.738025188446045
9460 4.498091697692871
9470 4.892896175384521
9480 5.388919353485107
9490 5.618597984313965
9500 5.143633842468262
9510 5.031550407409668
9520 4.847102165222168
9530 5.055118083953857
9540 5.242636680603027
9550 4.870537281036377
9560 5.099964618682861
9570 5.168591499328613
9580 5.194928646087646
9590 4.668509483337402
9600 5.068444728851318
9610 6.560991764068604
9620 7.174641609191895
9630 6.277676105499268
9640 5.043735504150391
9650 5.089143753051758
9660 5.185158252716064
9670 5.112464904785156
9680 5.232085227966309
9690 5.913577556610107
9700 5.800482749938965
9710 5.45407772064209
9720 4.897759437561035
9730 4.936923503875732
9740 4.809115409851074
9750 4.579220771789551
9760 4.748140335083008
9770 4.687261581420898
9780 4.008473873138428
9790 4.429384708404541
9800 4.605873584747314
9810 4.468194484710693
9820 4.588484287261963
9830 5.219089031219482
9840 5.367069721221924
9850 5.416295528411865
9860 5.552802085876465
9870 4.998616218566895
9880 5.409439563751221
9890 5.381534099578857
9900 5.35751485824585
9910 5.555985450744629
9920 5.346861362457275
9930 4.83274507522583
9940 4.617163181304932
9950 4.770075798034668
9960 4.871442317962646
9970 4.920310497283936
9980 5.144259929656982
9990 4.785548686981201
10000 4.146351337432861
10010 5.262632369995117
10020 5.763612747192383
10030 5.645872116088867
10040 5.340567111968994
10050 5.340401649475098
10060 5.299348831176758
10070 5.130385398864746
10080 5.431510925292969
10090 4.535374164581299
10100 4.292038440704346
10110 4.384039402008057
10120 4.56047248840332
10130 4.597202777862549
10140 4.396509170532227
10150 4.344520568847656
10160 4.311596393585205
10170 4.848705768585205
10180 4.581443309783936
10190 4.53187894821167
10200 4.444016456604004
10210 4.488993167877197
10220 4.568904876708984
10230 4.422969818115234
10240 4.583144664764404
10250 4.84868335723877
10260 5.019232273101807
10270 4.602209568023682
10280 4.989954948425293
10290 5.542273998260498
10300 5.679350852966309
10310 5.444159984588623
10320 5.488846302032471
10330 5.481320381164551
10340 5.190971374511719
10350 5.134542942047119
10360 4.937775611877441
10370 4.598376750946045
10380 3.926473379135132
10390 4.02474308013916
10400 4.462932109832764
10410 4.861952781677246
10420 4.988888263702393
10430 4.433778285980225
10440 4.529969692230225
10450 5.103007316589355
10460 5.700534820556641
10470 5.993585586547852
10480 5.591264724731445
10490 4.95883321762085
10500 4.888128280639648
10510 5.240133762359619
10520 5.555372714996338
10530 5.383206844329834
10540 5.016243934631348
10550 4.780152320861816
10560 4.684465885162354
10570 4.454342842102051
10580 4.248810291290283
10590 4.227657794952393
10600 4.436625480651855
10610 4.699244022369385
10620 4.532172203063965
10630 4.209512233734131
10640 4.80024528503418
10650 4.683802127838135
10660 4.803452491760254
10670 4.954541683197021
10680 5.038724422454834
10690 5.071919918060303
10700 5.035896778106689
10710 4.695987701416016
10720 4.937119007110596
10730 5.617052555084229
10740 5.623854160308838
10750 5.512555599212646
10760 5.492354393005371
10770 5.541949272155762
10780 5.223926544189453
10790 4.930752277374268
10800 5.127532958984375
10810 6.759068965911865
10820 5.31898021697998
10830 5.185591697692871
10840 5.264453411102295
10850 6.046535968780518
10860 5.43633508682251
10870 4.753077507019043
10880 5.732361793518066
10890 6.16542911529541
10900 5.317054748535156
10910 5.225774765014648
10920 5.339987754821777
10930 5.404098033905029
10940 5.350647449493408
10950 5.467830181121826
10960 5.44242000579834
10970 5.697316646575928
10980 5.454213619232178
10990 5.086275100708008
11000 4.982997417449951
11010 4.985855579376221
11020 4.902475833892822
11030 5.239337921142578
11040 5.275864124298096
11050 5.330726146697998
11060 5.02749490737915
11070 4.972917556762695
11080 5.436950206756592
11090 5.788569450378418
11100 5.909648418426514
11110 5.603846549987793
11120 5.107012271881104
11130 4.976946830749512
11140 5.289558410644531
11150 5.390662670135498
11160 4.99405574798584
11170 4.927785873413086
11180 5.369922161102295
11190 5.040927410125732
11200 5.340148448944092
11210 6.469401359558105
11220 6.35906982421875
11230 5.482828617095947
11240 5.756138324737549
11250 5.095173358917236
11260 5.097892284393311
11270 5.634306907653809
11280 5.481994152069092
11290 5.467995643615723
11300 5.250335693359375
11310 4.951013565063477
11320 4.915469169616699
11330 5.51309061050415
11340 4.905667304992676
11350 5.192447662353516
11360 5.805743217468262
11370 5.257336616516113
11380 4.893109321594238
11390 5.158909320831299
11400 5.172614574432373
11410 4.775471210479736
11420 4.467886447906494
11430 4.939264297485352
11440 5.30846643447876
11450 5.200686931610107
11460 5.009867191314697
11470 4.597677230834961
11480 4.640705108642578
11490 4.753962993621826
11500 5.129709720611572
11510 4.956010818481445
11520 4.852593898773193
11530 5.112698554992676
11540 5.388875484466553
11550 5.445039749145508
11560 5.442778587341309
11570 5.423770904541016
11580 5.224071979522705
11590 4.650557041168213
11600 5.34798526763916
11610 6.353004455566406
11620 6.421360015869141
11630 5.582480430603027
11640 5.762771606445312
11650 5.644893169403076
11660 4.78082799911499
11670 4.883737087249756
11680 4.639878749847412
11690 4.808273792266846
11700 4.367958545684814
11710 4.273809909820557
11720 4.817927837371826
11730 4.803899765014648
11740 4.675800800323486
11750 4.619317531585693
11760 4.725328922271729
11770 4.802882194519043
11780 4.832579612731934
11790 4.733939647674561
11800 4.47749137878418
11810 4.428262710571289
11820 4.753529071807861
11830 4.54787540435791
11840 4.735183238983154
11850 4.799831390380859
11860 4.874304294586182
11870 5.065438747406006
11880 5.141719818115234
11890 4.77625846862793
11900 4.611467838287354
11910 4.780238628387451
11920 5.133387565612793
11930 5.508892059326172
11940 5.308051109313965
11950 4.995508670806885
11960 4.86210298538208
11970 4.965569496154785
11980 4.388260841369629
11990 4.250358104705811
12000 4.916245937347412
12010 5.151920318603516
12020 5.024381637573242
12030 5.551403045654297
12040 5.557083129882812
12050 5.812696933746338
12060 5.540669441223145
12070 5.902563095092773
12080 5.654061317443848
12090 5.406863689422607
12100 4.819724082946777
12110 4.543570041656494
12120 4.943487644195557
12130 4.796208381652832
12140 4.682023048400879
12150 4.602075099945068
12160 4.50901460647583
12170 4.064330577850342
12180 4.022292613983154
12190 4.534771919250488
12200 4.87644100189209
12210 4.535845279693604
12220 4.620453357696533
12230 4.732758522033691
12240 4.343011379241943
12250 4.496260643005371
12260 4.59188175201416
12270 4.636472702026367
12280 4.707719326019287
12290 4.453336238861084
12300 4.797097682952881
12310 5.147185325622559
12320 5.46239185333252
12330 5.591325283050537
12340 5.280184268951416
12350 4.651081085205078
12360 4.868892192840576
12370 5.074182510375977
12380 4.994828224182129
12390 4.634815216064453
12400 4.330766201019287
12410 6.175962448120117
12420 5.975157737731934
12430 6.422717094421387
12440 5.782124042510986
12450 5.459638595581055
12460 5.21130895614624
12470 5.481983184814453
12480 5.374427795410156
12490 5.229665279388428
12500 4.772939205169678
12510 4.52018928527832
12520 4.387838363647461
12530 4.18485689163208
12540 4.480143070220947
12550 5.053958892822266
12560 5.425155162811279
12570 5.200831890106201
12580 4.740827083587646
12590 4.554214954376221
12600 4.403526782989502
12610 4.287066459655762
12620 4.438592910766602
12630 4.489901065826416
12640 4.607290744781494
12650 4.474344730377197
12660 4.537936687469482
12670 4.457497119903564
12680 4.46091890335083
12690 4.349853038787842
12700 4.480149269104004
12710 4.681259632110596
12720 4.872613906860352
12730 5.112702369689941
12740 5.302326202392578
12750 5.556190013885498
12760 5.718714237213135
12770 5.927004814147949
12780 5.307424068450928
12790 4.691168785095215
12800 4.265204906463623
12810 5.508316516876221
12820 5.847749710083008
12830 5.584221363067627
12840 4.846707820892334
12850 5.332847118377686
12860 5.417824268341064
12870 5.575290203094482
12880 5.485684394836426
12890 4.918628692626953
12900 4.41807746887207
12910 4.446551322937012
12920 4.359060287475586
12930 4.332144737243652
12940 4.799654960632324
12950 4.695619583129883
12960 4.459583282470703
12970 4.571742534637451
12980 4.715356826782227
12990 4.638289928436279
13000 4.693883419036865
13010 4.242915153503418
13020 3.800544023513794
13030 4.085957050323486
13040 4.87814474105835
13050 5.123134613037109
13060 5.251851081848145
13070 5.02021598815918
13080 4.513294696807861
13090 4.923694610595703
13100 5.285960674285889
13110 5.086424827575684
13120 4.869918823242188
13130 4.751992702484131
13140 5.033265590667725
13150 5.73495626449585
13160 5.957648277282715
13170 5.613045692443848
13180 4.853706359863281
13190 4.470908164978027
13200 4.22891092300415
13210 6.414745807647705
13220 6.179919242858887
13230 5.270366668701172
13240 5.075757503509521
13250 6.024519920349121
13260 5.993949413299561
13270 5.689993381500244
13280 5.394802570343018
13290 5.398383617401123
13300 5.80429220199585
13310 5.431390762329102
13320 5.026479721069336
13330 4.589851856231689
13340 4.375702857971191
13350 4.688551902770996
13360 4.875053405761719
13370 4.944135665893555
13380 5.186635494232178
13390 4.736207008361816
13400 4.983331680297852
0 2.590019464492798
10 2.725057125091553
20 2.964251518249512
30 3.260650873184204
40 3.565722703933716
50 3.788640975952148
60 3.953739166259766
70 4.224338531494141
80 4.464591503143311
90 4.523213386535645
100 4.409284591674805
110 4.152317523956299
120 3.792925596237183
130 3.443003177642822
140 3.235279321670532
150 3.151405572891235
160 3.103405237197876
170 3.059859752655029
180 3.018609046936035
190 2.976210832595825
200 3.023850917816162
210 3.277590990066528
220 3.315797328948975
230 3.128683090209961
240 2.899926424026489
250 2.963655710220337
260 3.06574010848999
270 3.085392951965332
280 3.048508167266846
290 2.997015714645386
300 2.995357990264893
310 3.055652141571045
320 3.1370530128479
330 3.217142105102539
340 3.284085273742676
350 3.336647272109985
360 3.365526676177979
370 3.328416347503662
380 3.093862295150757
390 2.714591979980469
400 2.725288867950439
410 2.820116996765137
420 3.174858808517456
430 3.800776720046997
440 4.703057765960693
450 3.779900789260864
460 3.025790691375732
470 3.166665077209473
480 3.266284227371216
490 3.701910257339478
500 4.037340641021729
510 3.930202722549438
520 3.623172521591187
530 3.825412750244141
540 4.350937366485596
550 4.827975749969482
560 4.366157054901123
570 4.185863494873047
580 3.791675329208374
590 3.74208927154541
600 3.871541023254395
610 4.029171943664551
620 3.72791862487793
630 3.731760740280151
640 3.624625682830811
650 3.536806106567383
660 3.470803022384644
670 4.090034484863281
680 4.275772094726562
690 4.169922351837158
700 5.052690982818604
710 4.774203777313232
720 4.369089603424072
730 4.747472763061523
740 4.892207145690918
750 4.797604084014893
760 4.888353824615479
770 5.07231330871582
780 5.647241592407227
790 5.498610019683838
800 4.786601543426514
810 4.143380641937256
820 3.889485120773315
830 3.818554162979126
840 4.653757572174072
850 4.991028308868408
860 4.844861030578613
870 5.278354167938232
880 4.590277671813965
890 5.181686401367188
900 4.192655563354492
910 4.404499053955078
920 4.203442573547363
930 3.468928098678589
940 3.698933124542236
950 4.012331008911133
960 4.059461116790771
970 4.331998348236084
980 4.374305725097656
990 4.118423461914062
1000 4.112012386322021
1010 4.362708568572998
1020 4.329143047332764
1030 4.363095760345459
1040 4.405928134918213
1050 4.359110355377197
1060 4.351198196411133
1070 4.542912483215332
1080 5.008445262908936
1090 4.946169853210449
1100 4.543791770935059
1110 5.475722312927246
1120 5.304860591888428
1130 4.602744579315186
1140 4.03252124786377
1150 4.019814491271973
1160 4.688783645629883
1170 4.962974071502686
1180 4.722228527069092
1190 3.954820394515991
1200 4.170680999755859
1210 4.560450077056885
1220 4.485665798187256
1230 4.478699684143066
1240 4.043969631195068
1250 4.256775856018066
1260 4.500495910644531
1270 4.936700344085693
1280 4.313456535339355
1290 4.440883636474609
1300 5.768391132354736
1310 5.871939659118652
1320 4.803907871246338
1330 4.713371753692627
1340 4.210481643676758
1350 4.067566871643066
1360 3.83801794052124
1370 3.921369075775146
1380 4.284107685089111
1390 4.238804817199707
1400 3.967239141464233
1410 4.26020622253418
1420 4.127733707427979
1430 4.035178661346436
1440 4.003367900848389
1450 4.259624481201172
1460 4.044908046722412
1470 4.010910511016846
1480 4.229421615600586
1490 3.855725288391113
1500 4.572060585021973
1510 5.30085277557373
1520 5.210554122924805
1530 4.969691276550293
1540 4.547689914703369
1550 4.55689811706543
1560 4.631371021270752
1570 4.570366382598877
1580 4.545141220092773
1590 4.218445301055908
1600 3.497430562973022
1610 3.601600885391235
1620 3.931910753250122
1630 3.453622102737427
1640 4.000101089477539
1650 4.335577487945557
1660 4.707177639007568
1670 4.767752647399902
1680 4.48431396484375
1690 4.358638286590576
1700 5.100484371185303
1710 5.794249057769775
1720 5.761659145355225
1730 5.653390407562256
1740 5.443002223968506
1750 4.945271015167236
1760 4.366309642791748
1770 4.055625438690186
1780 4.211311340332031
1790 4.456410884857178
1800 4.452437877655029
1810 4.146316051483154
1820 3.998920917510986
1830 3.969457626342773
1840 4.220820426940918
1850 4.743721961975098
1860 4.359409332275391
1870 4.850564956665039
1880 5.111544609069824
1890 5.256668090820312
1900 5.113426208496094
1910 5.305974006652832
1920 5.573351383209229
1930 5.183021545410156
1940 5.003632545471191
1950 5.582102298736572
1960 5.321904182434082
1970 4.85635232925415
1980 4.219018459320068
1990 4.127376556396484
2000 4.655889511108398
2010 5.303703784942627
2020 5.195977687835693
2030 4.977406024932861
2040 5.185281753540039
2050 4.94951343536377
2060 4.529257297515869
2070 4.481673240661621
2080 4.636224746704102
2090 4.755626201629639
2100 4.96265697479248
2110 5.525046348571777
2120 5.452057838439941
2130 5.338132381439209
2140 5.019863605499268
2150 4.865230560302734
2160 4.629374980926514
2170 4.921838760375977
2180 4.646820545196533
2190 4.508576393127441
2200 4.424305438995361
2210 4.562530040740967
2220 4.215028762817383
2230 4.276195049285889
2240 4.286526679992676
2250 4.348484039306641
2260 4.695048809051514
2270 4.920785903930664
2280 4.813027858734131
2290 4.886574268341064
2300 4.795657157897949
2310 4.591208457946777
2320 4.888248920440674
2330 5.306174755096436
2340 5.105493545532227
2350 4.643166542053223
2360 4.771399974822998
2370 4.620552062988281
2380 4.271551132202148
2390 4.051224708557129
2400 4.54568338394165
2410 5.554607391357422
2420 5.122932910919189
2430 5.471166610717773
2440 5.585536479949951
2450 4.84990406036377
2460 5.084758281707764
2470 5.158562660217285
2480 5.317848205566406
2490 5.208403587341309
2500 5.202381610870361
2510 5.023866653442383
2520 5.021589756011963
2530 4.695587635040283
2540 4.296237468719482
2550 4.494294166564941
2560 4.46113109588623
2570 4.16649866104126
2580 4.460361003875732
2590 5.198686599731445
2600 4.666573047637939
2610 4.539507389068604
2620 4.55153226852417
2630 4.349373817443848
2640 4.485027313232422
2650 4.925808906555176
2660 5.401366233825684
2670 5.625399112701416
2680 5.330366134643555
2690 5.329910278320312
2700 5.248928070068359
2710 5.274477958679199
2720 5.244039535522461
2730 5.352943420410156
2740 5.313000679016113
2750 5.108949184417725
2760 5.183352470397949
2770 4.991561889648438
2780 5.029770374298096
2790 4.584679126739502
2800 4.261661529541016
2810 5.928453922271729
2820 6.121138095855713
2830 5.366848468780518
2840 4.901107311248779
2850 4.866384029388428
2860 6.093406200408936
2870 5.659151554107666
2880 5.280226707458496
2890 5.423233985900879
2900 5.831081390380859
2910 5.931356906890869
2920 5.720877170562744
2930 5.18678092956543
2940 4.52743673324585
2950 4.73297119140625
2960 4.652689933776855
2970 4.259649753570557
2980 4.144326210021973
2990 4.447390556335449
3000 4.701014518737793
3010 5.139582633972168
3020 5.339768886566162
3030 5.652332305908203
3040 5.892352104187012
3050 5.47617769241333
3060 5.301849842071533
3070 5.246079921722412
3080 5.253718852996826
3090 5.608474254608154
3100 5.233050346374512
3110 5.058839321136475
3120 5.106276035308838
3130 5.502957820892334
3140 5.485680103302002
3150 4.367082595825195
3160 4.493390083312988
3170 4.671526432037354
3180 4.862290382385254
3190 4.76008129119873
3200 6.110108375549316
3210 5.879486083984375
3220 6.038872718811035
3230 5.50505542755127
3240 5.294179916381836
3250 6.311850070953369
3260 5.804978370666504
3270 6.011725425720215
3280 5.452727317810059
3290 4.843489170074463
3300 5.505989074707031
3310 5.344218254089355
3320 5.699907779693604
3330 5.003718376159668
3340 4.552951812744141
3350 4.644644737243652
3360 4.63351583480835
3370 4.750141620635986
3380 5.062296867370605
3390 4.7900390625
3400 4.702680110931396
3410 4.656387805938721
3420 4.461023807525635
3430 4.486940383911133
3440 5.001859188079834
3450 5.009592056274414
3460 5.529069900512695
3470 5.258829593658447
3480 5.459802150726318
3490 5.485783100128174
3500 5.488899230957031
3510 5.352160453796387
3520 4.996467113494873
3530 4.757624626159668
3540 4.488999366760254
3550 4.614481449127197
3560 4.890087127685547
3570 4.525039672851562
3580 4.544933795928955
3590 4.464869022369385
3600 3.858091354370117
3610 4.42039966583252
3620 6.53879451751709
3630 5.98375415802002
3640 5.472711563110352
3650 5.53467845916748
3660 5.135390281677246
3670 5.208796977996826
3680 5.56486988067627
3690 5.54606819152832
3700 5.002766132354736
3710 4.716444492340088
3720 4.62631893157959
3730 4.432309150695801
3740 4.243282794952393
3750 4.190914154052734
3760 4.273906230926514
3770 4.349662303924561
3780 4.505290031433105
3790 4.32499885559082
3800 4.254395961761475
3810 4.424214363098145
3820 4.787497043609619
3830 5.203626155853271
3840 5.048455715179443
3850 4.743866920471191
3860 4.811418056488037
3870 5.221831321716309
3880 5.154408931732178
3890 5.14998197555542
3900 5.011853218078613
3910 5.228028297424316
3920 5.451008796691895
3930 4.848101139068604
3940 4.85719108581543
3950 4.947158336639404
3960 4.934756278991699
3970 5.276934623718262
3980 4.954776287078857
3990 4.542677879333496
4000 4.483013153076172
4010 5.743586540222168
4020 6.604998588562012
4030 5.890189647674561
4040 4.763010501861572
4050 5.115381717681885
4060 4.55634593963623
4070 5.065254211425781
4080 5.292913436889648
4090 5.610910415649414
4100 5.616522789001465
4110 5.640073776245117
4120 5.124087810516357
4130 5.01765775680542
4140 5.193651676177979
4150 5.576663970947266
4160 5.108016967773438
4170 5.217443466186523
4180 4.669265747070312
4190 4.373627185821533
4200 4.866095066070557
4210 5.000451564788818
4220 5.100320816040039
4230 5.241876125335693
4240 5.274279117584229
4250 5.2273268699646
4260 4.504776954650879
4270 4.781718254089355
4280 5.290512084960938
4290 5.49669361114502
4300 5.665658473968506
4310 5.501377105712891
4320 5.62489128112793
4330 5.341240406036377
4340 4.835246086120605
4350 4.900556564331055
4360 5.067192077636719
4370 5.188834190368652
4380 5.077444076538086
4390 4.753209114074707
4400 5.194604396820068
4410 6.12517261505127
4420 5.610005378723145
4430 6.058927059173584
4440 5.822413444519043
4450 5.309541702270508
4460 5.612088203430176
4470 5.748245239257812
4480 5.216998100280762
4490 4.715248584747314
4500 4.447043418884277
4510 4.87378978729248
4520 5.037665843963623
4530 4.785012245178223
4540 4.623057842254639
4550 4.548510074615479
4560 4.115300178527832
4570 4.119719982147217
4580 4.466206073760986
4590 4.771585941314697
4600 4.695490837097168
4610 4.730512619018555
4620 4.669034957885742
4630 4.635903358459473
4640 4.74737024307251
4650 4.6698317527771
4660 4.912528038024902
4670 5.385207176208496
4680 4.90378475189209
4690 4.411514282226562
4700 4.383501052856445
4710 4.605438232421875
4720 4.59543514251709
4730 4.61058235168457
4740 4.871243953704834
4750 4.895211219787598
4760 4.752890110015869
4770 4.888916492462158
4780 4.91807746887207
4790 4.708647727966309
4800 4.066510677337646
4810 4.234654426574707
4820 5.331348419189453
4830 5.512983322143555
4840 5.550816535949707
4850 4.953452110290527
4860 5.156201839447021
4870 5.619143962860107
4880 5.687724113464355
4890 5.69146728515625
4900 5.827122211456299
4910 5.944462299346924
4920 5.524913311004639
4930 5.088467597961426
4940 5.232492446899414
4950 5.268147945404053
4960 5.038293838500977
4970 5.025497436523438
4980 4.62192964553833
4990 4.846114158630371
5000 4.898944854736328
5010 5.083907127380371
5020 5.229465484619141
5030 5.460904121398926
5040 5.597330093383789
5050 5.158920764923096
5060 5.361061096191406
5070 5.061435222625732
5080 5.247311592102051
5090 5.065976619720459
5100 5.675158977508545
5110 5.398381233215332
5120 5.497649669647217
5130 5.160972595214844
5140 4.759893894195557
5150 4.604159355163574
5160 4.823713302612305
5170 4.514636516571045
5180 4.474293231964111
5190 4.487173080444336
5200 4.295982837677002
5210 5.477252006530762
5220 6.739615917205811
5230 5.924681186676025
5240 4.875511169433594
5250 4.61175537109375
5260 4.517212867736816
5270 4.950624942779541
5280 5.419589996337891
5290 5.638069629669189
5300 5.14781665802002
5310 4.786212921142578
5320 4.80053186416626
5330 4.841578483581543
5340 5.006930828094482
5350 4.71134090423584
5360 4.767685413360596
5370 4.771126747131348
5380 4.991866111755371
5390 4.925596714019775
5400 5.157973766326904
5410 5.481260776519775
5420 5.715746402740479
5430 5.529923915863037
5440 5.381115913391113
5450 5.245198726654053
5460 5.007196426391602
5470 4.983122825622559
5480 4.826791763305664
5490 4.844189643859863
5500 5.034505367279053
5510 5.446297645568848
5520 5.572259426116943
5530 5.825494289398193
5540 5.823254585266113
5550 5.629825592041016
5560 5.596506595611572
5570 5.313228607177734
5580 4.924597263336182
5590 4.519919872283936
5600 4.231095790863037
5610 5.557162761688232
5620 6.345972537994385
5630 5.664008617401123
5640 4.922980308532715
5650 4.744886875152588
5660 4.933732986450195
5670 4.860698223114014
5680 5.328794956207275
5690 5.263340473175049
5700 4.764776706695557
5710 4.481274604797363
5720 4.51331901550293
5730 4.327963829040527
5740 3.796097278594971
5750 4.196937561035156
5760 4.439109802246094
5770 4.382349491119385
5780 4.250166893005371
5790 4.502559185028076
5800 4.511474132537842
5810 4.682059288024902
5820 4.801767349243164
5830 5.192163944244385
5840 5.420380592346191
5850 5.572291851043701
5860 6.407382965087891
5870 5.80091667175293
5880 4.943712711334229
5890 5.256157398223877
5900 4.899342060089111
5910 4.774744033813477
5920 4.861937999725342
5930 5.124738693237305
5940 5.260681629180908
5950 5.247386932373047
5960 5.208127021789551
5970 5.267992496490479
5980 4.956983089447021
5990 4.273629188537598
6000 4.182233810424805
6010 4.502620220184326
6020 4.690008640289307
6030 4.424414157867432
6040 4.378734588623047
6050 4.661699295043945
6060 5.404167175292969
6070 5.609991073608398
6080 4.886970520019531
6090 4.353359699249268
6100 5.316216945648193
6110 5.188529491424561
6120 5.049827575683594
6130 4.570743083953857
6140 4.659551620483398
6150 4.508961200714111
6160 4.564008712768555
6170 4.887755393981934
6180 4.398365497589111
6190 4.264258861541748
6200 4.374620914459229
6210 4.477418422698975
6220 4.654492855072021
6230 4.691972732543945
6240 5.269644260406494
6250 5.456023693084717
6260 5.153374195098877
6270 4.931485652923584
6280 4.840386390686035
6290 4.875886917114258
6300 4.9458909034729
6310 5.045846939086914
6320 5.125546455383301
6330 5.365458965301514
6340 5.276588439941406
6350 5.093461990356445
6360 5.370599746704102
6370 5.461619853973389
6380 5.509645462036133
6390 4.979281902313232
6400 5.466604709625244
6410 6.52763032913208
6420 5.461490154266357
6430 4.975995063781738
6440 4.868946552276611
6450 5.2983717918396
6460 4.665220737457275
6470 4.22969388961792
6480 4.336521625518799
6490 4.572556018829346
6500 4.535969257354736
6510 4.590900897979736
6520 4.605300903320312
6530 5.186849594116211
6540 5.34763240814209
6550 5.066501140594482
6560 4.951555728912354
6570 4.630927562713623
6580 4.281338691711426
6590 4.534829616546631
6600 4.643269538879395
6620 4.913520812988281
6640 5.587357997894287
6650 5.686196804046631
6670 5.187345504760742
6690 5.385567665100098
6710 5.458339691162109
6720 5.104099273681641
6730 4.977246761322021
6740 4.806258201599121
6760 4.982120513916016
