"Time Step" "point-vel-c"
20210 5.200834274291992
20220 5.462592124938965
20230 5.60773754119873
20240 5.099723815917969
20250 4.998261451721191
20260 4.837528705596924
20270 4.807241439819336
20280 5.167066097259521
20290 5.552229881286621
20300 5.238022327423096
20310 4.901138305664062
20320 4.94437837600708
20330 4.925795555114746
20340 4.684148788452148
20350 4.69148063659668
20360 5.054309844970703
20370 5.199655055999756
20380 5.154244422912598
20390 5.095147609710693
20400 5.056774616241455
20410 5.143339157104492
20420 5.231939792633057
20430 5.050085544586182
20440 5.19373893737793
20450 5.45051383972168
20460 5.537477493286133
20470 5.25171947479248
20480 5.095452785491943
20490 4.934910774230957
20500 4.893385410308838
20510 4.724019050598145
20520 5.100914478302002
20530 5.244086742401123
20540 4.969711780548096
20550 4.607268810272217
20560 4.500236988067627
20570 4.865159034729004
20580 5.197196006774902
20590 5.314401626586914
20600 5.238713264465332
20610 5.044229984283447
20620 5.469541549682617
20630 5.050004959106445
20640 5.063504219055176
20650 5.504974365234375
20660 5.031917572021484
20670 4.947794914245605
20680 5.014771938323975
20690 4.598492622375488
20700 4.523185729980469
20710 4.641371726989746
20720 4.548137664794922
20730 4.311727523803711
20740 4.134577751159668
20750 4.255115509033203
20760 4.544737815856934
20770 4.755803108215332
20780 4.590295314788818
20790 4.680609703063965
20800 4.677598476409912
20810 5.416733264923096
20820 5.124467372894287
20830 5.550596714019775
20840 5.335109710693359
20850 4.963170528411865
20860 5.858819007873535
20870 5.403268814086914
20880 5.04344367980957
20890 4.564946174621582
20900 5.066428184509277
20910 5.300710678100586
20920 4.81273889541626
20930 5.017335414886475
20940 4.965054035186768
20950 4.84074878692627
20960 4.778512954711914
20970 4.902833938598633
20980 4.706636905670166
20990 4.697356224060059
21000 4.983091354370117
21010 4.989475250244141
21020 5.326338291168213
21030 5.511844158172607
21040 5.378378391265869
21050 5.168671607971191
21060 5.463423728942871
21070 5.3197021484375
21080 5.118074417114258
21090 4.662710189819336
21100 4.631655693054199
21110 4.925933361053467
21120 4.789182186126709
21130 5.224130630493164
21140 5.228235244750977
21150 5.461872577667236
21160 5.378228187561035
21170 5.378324031829834
21180 5.028437614440918
21190 4.816834449768066
21200 5.211609840393066
21210 5.536909580230713
21220 5.60012149810791
21230 4.970726490020752
21240 4.904581069946289
21250 5.130642890930176
21260 5.662954330444336
21270 5.574717998504639
21280 5.423376083374023
21290 5.396952629089355
21300 5.873126983642578
21310 6.145106315612793
21320 5.983706474304199
21330 5.571327209472656
21340 5.010602951049805
21350 4.729781150817871
21360 4.623052597045898
21370 4.821967124938965
21380 4.883957862854004
21390 4.82582426071167
21400 4.756682395935059
21410 4.857993125915527
21420 5.082330703735352
21430 5.379013061523438
21440 5.012188911437988
21450 5.232112884521484
21460 5.453514575958252
21470 5.417447090148926
21480 5.261216640472412
21490 5.369903087615967
21500 5.389178276062012
21510 5.48333740234375
21520 5.456018924713135
21530 5.41748571395874
21540 5.428894996643066
21550 5.385822296142578
21560 5.293673515319824
21570 4.958462715148926
21580 4.739281177520752
21590 4.667240619659424
21600 4.718672752380371
21610 6.454722881317139
21620 6.401305198669434
21630 5.4191575050354
21640 5.442941665649414
21650 5.461665153503418
21660 5.551893711090088
21670 5.30850887298584
21680 4.980499267578125
21690 4.972147464752197
21700 5.40807056427002
21710 5.018383026123047
21720 4.748676300048828
21730 4.932647705078125
21740 4.868796825408936
21750 5.341831207275391
21760 5.477170944213867
21770 5.383328437805176
21780 5.529450416564941
21790 5.616454601287842
21800 5.58432674407959
21810 5.869296550750732
21820 5.986223697662354
21830 5.780801773071289
21840 5.499462127685547
21850 5.133244037628174
21860 5.020805358886719
21870 4.995644569396973
21880 4.67434024810791
21890 4.381245613098145
21900 4.684381484985352
21910 4.745499134063721
21920 4.509397506713867
21930 4.427685260772705
21940 4.337888717651367
21950 4.399903297424316
21960 4.846508026123047
21970 5.352897167205811
21980 5.385213851928711
21990 5.489184856414795
22000 5.316730499267578
22010 5.448713779449463
22020 5.742124080657959
22030 5.593009948730469
22040 5.769557952880859
22050 6.024391651153564
22060 6.388524055480957
22070 5.988603591918945
22080 5.815356254577637
22090 5.375039577484131
22100 5.300860404968262
22110 5.224575042724609
22120 5.251319408416748
22130 6.137141704559326
22140 6.076179504394531
22150 5.181276798248291
22160 4.624048233032227
22170 4.636457920074463
22180 4.815911293029785
22190 4.707161903381348
22200 4.763550758361816
22210 4.759903907775879
22220 4.830895900726318
22230 4.735833168029785
22240 4.678436279296875
22250 4.809911727905273
22260 5.05641508102417
22270 5.398746490478516
22280 5.277844429016113
22290 5.311616897583008
22300 5.399230003356934
22310 5.203386306762695
22320 5.044754981994629
22330 4.889273166656494
22340 4.712333202362061
22350 4.718075275421143
22360 5.102386474609375
22370 4.981372833251953
22380 4.870457649230957
22390 4.801990032196045
22400 4.703302383422852
22410 4.639100551605225
22420 5.061315536499023
22430 5.851650238037109
22440 5.573752880096436
22450 5.525622844696045
22460 5.276323318481445
22470 4.80961275100708
22480 4.490120887756348
22490 4.977291584014893
22500 4.928558349609375
22510 4.536928176879883
22520 4.643708229064941
22530 4.436093330383301
22540 4.441681861877441
22550 4.676208972930908
22560 5.428064346313477
22570 5.222477912902832
22580 5.097365856170654
22590 5.005508422851562
22600 4.982943058013916
22610 5.127483367919922
22620 4.976815223693848
22630 5.168201923370361
22640 5.18013858795166
22650 5.196796417236328
22660 4.724340438842773
22670 5.001933097839355
22680 5.236755847930908
22690 5.190984725952148
22700 4.728921890258789
22710 4.260448455810547
22720 4.815135478973389
22730 5.108700752258301
22740 4.849554538726807
22750 5.037024974822998
22760 5.164116859436035
22770 4.948359489440918
22780 4.687825202941895
22790 4.200301170349121
22800 4.094053268432617
22810 4.651680469512939
22820 7.017244338989258
22830 5.77792501449585
22840 4.884542942047119
22850 5.494245529174805
22860 5.884849548339844
22870 5.784307479858398
22880 5.146233081817627
22890 5.165698051452637
22900 5.101864814758301
22910 5.422008514404297
22920 5.53317928314209
22930 5.502121925354004
22940 5.57530689239502
22950 5.213944911956787
22960 5.197942733764648
22970 5.332119941711426
22980 5.047549247741699
22990 4.849924564361572
23000 4.672543525695801
23010 4.773169040679932
23020 4.833218097686768
23030 4.992942810058594
23040 5.282158374786377
23050 5.595521926879883
23060 5.528625011444092
23070 5.489319801330566
23080 5.273998737335205
23090 5.459076881408691
23100 5.642257690429688
23110 5.759029388427734
23120 5.140207290649414
23130 4.977821826934814
23140 5.393318176269531
23150 5.222453594207764
23160 5.093982219696045
23170 5.021420478820801
23180 5.156601905822754
23190 4.72284984588623
23200 4.401141166687012
23210 4.535491943359375
23220 4.769500255584717
23230 4.707489013671875
23240 4.495129585266113
23250 4.530551910400391
23260 5.218893051147461
23270 5.891399383544922
23280 5.975727081298828
23290 5.851132869720459
23300 5.41591215133667
23310 4.73112154006958
23320 4.921011447906494
23330 4.824517250061035
23340 4.745806694030762
23350 4.418857574462891
23360 4.299263000488281
23370 4.710099220275879
23380 4.672886371612549
23390 4.37313175201416
23400 4.257822036743164
23410 4.377502918243408
23420 4.553420066833496
23430 4.709708690643311
23440 5.005155563354492
23450 5.055410861968994
23460 5.094124794006348
23470 4.998877048492432
23480 4.944806098937988
23490 4.343810558319092
23500 4.532951831817627
23510 4.651924610137939
23520 5.094566345214844
23530 5.125598907470703
23540 4.990130424499512
23550 5.00569486618042
23560 5.050105094909668
23570 4.986905097961426
23580 5.177347183227539
23590 5.192039012908936
23600 5.118003368377686
23610 4.588676452636719
23620 4.752205371856689
23630 4.704734325408936
23640 4.686205387115479
23650 4.893468856811523
23660 5.509286880493164
23670 6.154842376708984
23680 6.275732040405273
23690 5.697296619415283
23700 6.104428291320801
23710 5.652707099914551
23720 4.81513500213623
23730 4.832805633544922
23740 4.853878974914551
23750 4.768772602081299
23760 4.938483238220215
23770 5.137294292449951
23780 5.132433414459229
23790 4.811441421508789
23800 4.570939540863037
23810 4.512109756469727
23820 4.513357162475586
23830 4.593201160430908
23840 4.568235874176025
23850 4.889357566833496
23860 4.607412338256836
23870 4.299494743347168
23880 4.682997226715088
23890 4.959806442260742
23900 4.873719215393066
23910 4.741188049316406
23920 4.775870800018311
23930 4.802541732788086
23940 4.731891632080078
23950 4.700804233551025
23960 4.876849174499512
23970 5.059375762939453
23980 4.916295528411865
23990 4.760281562805176
24000 5.186513900756836
13410 4.71258544921875
13420 4.686004161834717
13430 4.963375568389893
13440 4.739994049072266
13450 4.557657241821289
13460 5.040460586547852
13470 5.066275596618652
13480 4.742042541503906
13490 4.749589443206787
13500 4.879662036895752
13510 4.49708890914917
13520 4.57465934753418
13530 4.661954879760742
13540 4.816446304321289
13550 4.778135299682617
13560 5.088949203491211
13570 5.294839382171631
13580 5.306756496429443
13590 5.314583301544189
13600 4.639819145202637
13610 5.172684192657471
13620 5.854421615600586
13630 5.811190605163574
13640 5.895346164703369
13650 6.229490280151367
13660 6.229394912719727
13670 5.696074485778809
13680 5.187538623809814
13690 5.359535694122314
13700 5.15795373916626
13710 5.535195827484131
13720 5.574963092803955
13730 5.426908493041992
13740 5.175497055053711
13750 5.191380500793457
13760 5.243565559387207
13770 5.428827285766602
13780 5.351827621459961
13790 5.710365772247314
13800 5.463676452636719
13810 5.492371082305908
13820 5.696602344512939
13830 5.220094203948975
13840 4.987465858459473
13850 5.187299728393555
13860 5.660297393798828
13870 5.626673698425293
13880 5.500778675079346
13890 5.410665988922119
13900 5.056174278259277
13910 4.989840507507324
13920 4.817348957061768
13930 5.131455421447754
13940 5.276866436004639
13950 5.150041103363037
13960 5.135405540466309
13970 5.155412197113037
13980 4.762389183044434
13990 4.5453782081604
14000 4.922979831695557
14010 5.0834059715271
14020 5.225770473480225
14030 5.245416641235352
14040 5.098616123199463
14050 4.884510517120361
14060 4.727254867553711
14070 4.446512222290039
14080 4.400026798248291
14090 4.640044212341309
14100 4.534552574157715
14110 4.219074249267578
14120 4.126116275787354
14130 4.414433479309082
14140 4.813260555267334
14150 5.239814281463623
14160 5.444727897644043
14170 5.481931686401367
14180 5.115460872650146
14190 5.20581579208374
14200 4.958621501922607
14210 4.769919395446777
14220 4.958587169647217
14230 4.943073272705078
14240 5.304276466369629
14250 5.407384872436523
14260 5.460050106048584
14270 5.697115421295166
14280 5.011886596679688
14290 4.725192070007324
14300 4.951539516448975
14310 4.957403182983398
14320 4.888981819152832
14330 4.768403053283691
14340 4.993261337280273
14350 5.325768947601318
14360 5.553632736206055
14370 5.426360130310059
14380 5.482637405395508
14390 5.186509132385254
14400 5.126548290252686
14410 5.386016845703125
14420 5.646076202392578
14430 5.923811435699463
14440 5.942832469940186
14450 5.782080173492432
14460 5.78936243057251
14470 5.709187507629395
14480 5.023048400878906
14490 4.767139434814453
14500 5.064935684204102
14510 5.383925437927246
14520 5.932336807250977
14530 5.630354881286621
14540 6.093793392181396
14550 5.724632263183594
14560 5.028092384338379
14570 5.622068405151367
14580 5.921509265899658
14590 5.00793981552124
14600 4.678307056427002
14610 4.477331638336182
14620 4.580239772796631
14630 4.56389045715332
14640 4.678042888641357
14650 4.67122745513916
14660 4.562575817108154
14670 4.862252235412598
14680 4.891120910644531
14690 4.970156192779541
14700 4.934940338134766
14710 4.882325649261475
14720 4.820722103118896
14730 4.991341114044189
14740 5.093822956085205
14750 5.219185352325439
14760 4.827625274658203
14770 4.640389919281006
14780 5.006473064422607
14790 4.908231735229492
14800 4.8768310546875
14810 4.734525680541992
14820 4.67600154876709
14830 4.990877628326416
14840 5.645601272583008
14850 5.727482318878174
14860 5.808552265167236
14870 5.758431434631348
14880 5.436552047729492
14890 4.618032455444336
14900 4.611616134643555
14910 5.321134567260742
14920 5.629701614379883
14930 5.887409210205078
14940 5.984660148620605
14950 5.510242938995361
14960 5.188046455383301
14970 4.763786792755127
14980 4.617391586303711
14990 4.69863224029541
15000 4.959426403045654
15010 5.14330530166626
15020 5.323269844055176
15030 5.289638519287109
15040 4.829450130462646
15050 4.469974040985107
15060 4.889162540435791
15070 5.554549217224121
15080 5.521921157836914
15090 5.564009666442871
15100 5.582165718078613
15110 5.255496501922607
15120 5.194473743438721
15130 5.108759880065918
15140 5.298281669616699
15150 5.355839729309082
15160 5.14363956451416
15170 5.000587463378906
15180 4.975039005279541
15190 4.467607498168945
15200 4.501491546630859
15210 4.663299560546875
15220 5.062984466552734
15230 5.142220020294189
15240 5.269031047821045
15250 5.986086845397949
15260 5.527790546417236
15270 5.048754692077637
15280 4.880316257476807
15290 4.926302909851074
15300 4.831721782684326
15310 4.582588672637939
15320 4.514439582824707
15330 4.722331047058105
15340 4.926548480987549
15350 4.469535827636719
15360 4.708794116973877
15370 4.897765159606934
15380 4.698805809020996
15390 4.895025730133057
15400 5.492999076843262
15410 4.932161331176758
15420 4.904910087585449
15430 5.191932678222656
15440 5.275644779205322
15450 4.66386604309082
15460 4.756515502929688
15470 5.416440010070801
15480 5.1944260597229
15490 5.138866901397705
15500 5.322303295135498
15510 5.016532897949219
15520 4.44245433807373
15530 4.991913795471191
15540 5.408318519592285
15550 5.492398738861084
15560 5.506937026977539
15570 5.394207000732422
15580 5.006400585174561
15590 4.810840129852295
15600 4.850874900817871
15610 5.16900110244751
15620 5.866473197937012
15630 5.81092643737793
15640 6.307299613952637
15650 5.947204113006592
15660 5.348644256591797
15670 5.097496509552002
15680 4.884397983551025
15690 4.987771987915039
15700 4.833805084228516
15710 4.699215888977051
15720 4.995529651641846
15730 5.501973152160645
15740 5.254109382629395
15750 5.333013534545898
15760 4.993897438049316
15770 4.622461318969727
15780 4.483006000518799
15790 4.619162559509277
15800 4.554274559020996
15810 4.35844087600708
15820 4.230118274688721
15830 4.521995067596436
15840 4.799195289611816
15850 4.866242408752441
15860 5.240253448486328
15870 5.234201431274414
15880 5.11418628692627
15890 5.425327777862549
15900 5.253458023071289
15910 4.87189769744873
15920 4.73625373840332
15930 4.508904457092285
15940 4.499265670776367
15950 4.425516605377197
15960 4.431947708129883
15970 4.506698131561279
15980 4.489319801330566
15990 4.333645820617676
16000 4.398654937744141
16010 4.801360607147217
16020 5.475876808166504
16030 5.968351364135742
16040 5.652752876281738
16050 5.363991737365723
16060 4.934752941131592
16070 5.338070869445801
16080 5.089081764221191
16090 4.648326873779297
16100 4.57576322555542
16110 4.539407730102539
16120 4.390447616577148
16130 4.324050903320312
16140 4.154223918914795
16150 4.216492176055908
16160 4.563385009765625
16170 4.782957077026367
16180 4.618556022644043
16190 5.372863292694092
16200 6.042392253875732
16210 5.73778772354126
16220 5.125100612640381
16230 5.018837451934814
16240 5.036281585693359
16250 5.210149765014648
16260 5.041316032409668
16270 5.091534614562988
16280 4.881430625915527
16290 4.820599555969238
16300 4.843313694000244
16310 5.149819374084473
16320 5.0511794090271
16330 5.216150283813477
16340 5.239452362060547
16350 5.058974742889404
16360 4.958859920501709
16370 4.973884105682373
16380 4.775821685791016
16390 4.66389274597168
16400 4.601546287536621
16410 4.598090171813965
16420 4.939712047576904
16430 5.480475425720215
16440 5.859499931335449
16450 5.743131637573242
16460 5.181195259094238
16470 5.088171005249023
16480 5.65164852142334
16490 5.907829284667969
16500 5.967881679534912
16510 5.915506362915039
16520 5.733678817749023
16530 5.420174121856689
16540 5.454537868499756
16550 5.240571975708008
16560 5.136009693145752
16570 5.487573623657227
16580 5.418851852416992
16590 5.365714073181152
16600 5.463441371917725
16610 5.546770095825195
16620 5.334176063537598
16630 4.766829967498779
16640 4.572041988372803
16650 5.043227195739746
16660 5.48843240737915
16670 5.232274055480957
16680 5.071046352386475
16690 4.804220676422119
16700 4.600988388061523
16710 4.809061527252197
16720 5.061078071594238
16730 5.143767833709717
16740 5.202643394470215
16750 5.532095909118652
16760 5.072213172912598
16770 4.744585990905762
16780 4.939593315124512
16790 4.667667388916016
16800 4.760686874389648
16810 5.097295761108398
16820 4.978981018066406
16830 5.064974308013916
16840 5.321651458740234
16850 5.262192726135254
16860 5.488643646240234
16870 6.150567531585693
16880 5.60977840423584
16890 4.847169876098633
16900 4.886362075805664
16910 4.982076168060303
16920 5.069128513336182
16930 5.180868625640869
16940 5.192719459533691
16950 5.157751083374023
16960 5.275654792785645
16970 5.151421546936035
16980 5.265609741210938
16990 5.375975131988525
17000 5.476732730865479
17010 5.050779819488525
17020 5.201627254486084
17030 5.143874645233154
17040 5.139471530914307
17050 5.251710414886475
17060 5.340703964233398
17070 4.783832550048828
17080 4.916499137878418
17090 4.636629104614258
17100 4.424568653106689
17110 4.470077514648438
17120 4.497439384460449
17130 4.612998008728027
17140 4.490518569946289
17150 4.609165191650391
17160 4.370875835418701
17170 4.342038631439209
17180 4.344158172607422
17190 4.501481533050537
17200 4.808564186096191
17210 4.832159042358398
17220 4.832773208618164
17230 5.139960289001465
17240 4.903438091278076
17250 5.014976501464844
17260 5.050051689147949
17270 5.634849548339844
17280 4.90913200378418
17290 4.679137229919434
17300 4.908290863037109
17310 4.629446983337402
17320 4.582507133483887
17330 4.744298934936523
17340 4.883669853210449
17350 4.948687553405762
17360 5.102667331695557
17370 5.716551303863525
17380 5.33101749420166
17390 5.321352958679199
17400 5.957596778869629
17410 5.854320526123047
17420 5.610072135925293
17430 5.463438510894775
17440 5.275223731994629
17450 4.781229019165039
17460 4.767936706542969
17470 5.002485752105713
17480 4.937788009643555
17490 5.179068565368652
17500 5.292531967163086
17510 5.292675018310547
17520 5.008371353149414
17530 5.385204315185547
17540 5.414284706115723
17550 5.022543907165527
17560 4.990519046783447
17570 5.053957939147949
17580 4.888222217559814
17590 4.256379127502441
17600 4.324745655059814
17610 4.996063709259033
17620 4.960558891296387
17630 5.227188110351562
17640 5.39246654510498
17650 5.709850311279297
17660 5.987024784088135
17670 5.760530948638916
17680 5.899458885192871
17690 6.250736236572266
17700 5.698269367218018
17710 4.870430469512939
17720 4.842988014221191
17730 5.299580574035645
17740 5.7749924659729
17750 5.496025085449219
17760 5.559365272521973
17770 5.960508346557617
17780 5.816390037536621
17790 5.210541248321533
17800 4.845878601074219
17810 4.875246047973633
17820 5.074857234954834
17830 5.224364757537842
17840 5.151541233062744
17850 4.851304531097412
17860 4.650250434875488
17870 4.704638004302979
17880 4.945653915405273
17890 4.896183490753174
17900 4.489578247070312
17910 4.649905681610107
17920 4.782094955444336
17930 4.651391983032227
17940 4.561216831207275
17950 4.621057510375977
17960 4.872055530548096
17970 5.410342216491699
17980 5.067377090454102
17990 4.849819660186768
18000 4.864519119262695
18010 5.435342788696289
18020 5.596219062805176
18030 5.269437313079834
18040 5.201009750366211
18050 4.942712783813477
18060 4.432263374328613
18070 5.22873592376709
18080 5.332574844360352
18090 5.274543762207031
18100 5.693294048309326
18110 5.099274158477783
18120 4.964605808258057
18130 4.74998140335083
18140 5.041532039642334
18150 4.86408805847168
18160 4.679899215698242
18170 4.553450584411621
18180 4.53170108795166
18190 4.587130069732666
18200 4.56615161895752
18210 4.736257076263428
18220 4.872443675994873
18230 5.058242797851562
18240 5.151751518249512
18250 5.186541557312012
18260 5.207577705383301
18270 5.107119083404541
18280 5.327049255371094
18290 5.245693206787109
18300 4.983254909515381
18310 4.980878829956055
18320 5.132542610168457
18330 5.188126564025879
18340 4.958878517150879
18350 4.948196411132812
18360 5.079947948455811
18370 5.163125038146973
18380 5.432417392730713
18390 5.22096061706543
18400 4.958706378936768
18410 5.008379459381104
18420 5.5107741355896
18430 5.774283885955811
18440 5.359325408935547
18450 4.990894794464111
18460 5.464496612548828
18470 5.509893417358398
18480 5.728946208953857
18490 6.100696563720703
18500 5.857272148132324
18510 5.570213317871094
18520 5.054651260375977
18530 4.630301952362061
18540 4.30726957321167
18550 4.478689670562744
18560 5.130642414093018
18570 5.016086578369141
18580 5.051794528961182
18590 4.940820217132568
18600 4.974532604217529
18610 5.128156661987305
18620 5.237977981567383
18630 4.695985794067383
18640 4.944061756134033
18650 5.469586372375488
18660 5.001180648803711
18670 4.692131042480469
18680 4.657543182373047
18690 5.070886611938477
18700 4.800224304199219
18710 4.56937837600708
18720 4.454292297363281
18730 4.532032489776611
18740 4.702447891235352
18750 4.747594833374023
18760 4.744504928588867
18770 5.268140316009521
18780 5.199224472045898
18790 5.212629318237305
18800 4.915671348571777
18810 5.100694179534912
18820 6.599939823150635
18830 6.501983642578125
18840 5.592441082000732
18850 5.847897529602051
18860 5.798361778259277
18870 5.44736385345459
18880 4.725945472717285
18890 4.638835906982422
18900 4.611011981964111
18910 4.688746929168701
18920 4.444894313812256
18930 4.296445846557617
18940 4.2982177734375
18950 4.594038963317871
18960 4.768533229827881
18970 4.838473796844482
18980 5.082635402679443
18990 4.973484516143799
19000 5.074705123901367
19010 4.982800006866455
19020 5.333305835723877
19030 5.285946369171143
19040 5.390991687774658
19050 5.382884979248047
19060 5.16435432434082
19070 5.334291458129883
19080 5.222763061523438
19090 5.248408794403076
19100 4.932768821716309
19110 4.799497604370117
19120 4.780680179595947
19130 4.503411769866943
19140 4.778194427490234
19150 4.818532943725586
19160 4.739797592163086
19170 4.81369686126709
19180 4.91212272644043
19190 4.897823810577393
19200 5.071521282196045
19210 5.24526834487915
19220 5.487709045410156
19230 5.62373685836792
19240 5.268285751342773
19250 4.775471687316895
19260 5.048803329467773
19270 5.255455017089844
19280 5.373939990997314
19290 5.561164379119873
19300 5.285453319549561
19310 5.23735523223877
19320 5.102665424346924
19330 5.04069709777832
19340 4.770445823669434
19350 4.823268413543701
19360 4.867920875549316
19370 4.695264339447021
19380 4.613280296325684
19390 4.570930957794189
19400 4.268927574157715
19410 4.147192001342773
19420 4.465929985046387
19430 5.235229015350342
19440 5.468132972717285
19450 5.701523780822754
19460 5.453499794006348
19470 5.166662216186523
19480 5.098952293395996
19490 5.219144821166992
19500 4.896352767944336
19510 5.06241512298584
19520 5.417111873626709
19530 5.001719951629639
19540 4.730191230773926
19550 4.633313655853271
19560 4.711408615112305
19570 5.020607471466064
19580 5.006080627441406
19590 4.469995021820068
19600 4.904782295227051
19610 5.38461971282959
19620 5.516385555267334
19630 5.195049285888672
19640 4.991515159606934
19650 5.013521671295166
19660 5.126552581787109
19670 4.712472438812256
19680 4.729650974273682
19690 5.21263313293457
19700 5.470386505126953
19710 5.214364051818848
19720 5.742395401000977
19730 5.704652786254883
19740 5.177103519439697
19750 4.931145191192627
19760 5.217264175415039
19770 5.028363227844238
19780 4.898930549621582
19790 4.792902946472168
19800 4.783206939697266
19810 4.829955101013184
19820 4.908022403717041
19830 4.906111717224121
19840 4.616501808166504
19850 4.5601487159729
19860 4.501365661621094
19870 4.435502052307129
19880 4.533447265625
19890 4.507999897003174
19900 4.228522777557373
19910 4.197450637817383
19920 4.487794876098633
19930 4.570207595825195
19940 4.584577560424805
19950 4.626189708709717
19960 4.541362285614014
19970 4.658832550048828
19980 4.404053211212158
19990 4.21903657913208
20000 4.364885807037354
20010 4.801968574523926
20020 5.551519393920898
20030 6.059390068054199
20040 5.606549739837646
20050 5.715847015380859
20060 6.122977733612061
20070 5.882640361785889
20080 5.412000179290771
20090 4.817636013031006
20100 5.257192134857178
20110 4.975266933441162
20120 5.035210609436035
20130 4.581644058227539
20140 4.358161449432373
20150 4.290945529937744
20160 4.583817958831787
20170 4.573513984680176
20180 4.602901935577393
20190 4.686553955078125
20200 4.623157501220703
6610 5.283705711364746
6620 4.883706092834473
6630 4.952238082885742
6640 4.944718837738037
6650 4.526807308197021
6660 4.34263801574707
6670 4.639140129089355
6680 4.66530179977417
6690 4.567963123321533
6700 4.548618316650391
6710 5.054965972900391
6720 5.202903747558594
6730 5.650106430053711
6740 5.514656066894531
6750 5.464409828186035
6760 5.303742408752441
6770 5.293709754943848
6780 5.144144058227539
6790 4.941502094268799
6800 4.477795124053955
6810 4.979512214660645
6820 5.740134716033936
6830 5.319995403289795
6840 5.713023662567139
6850 5.375576019287109
6860 4.694154739379883
6870 4.47772741317749
6880 5.116135120391846
6890 5.637528419494629
6900 5.095942497253418
6910 4.539318561553955
6920 4.609059810638428
6930 5.672595024108887
6940 5.998891353607178
6950 6.142461776733398
6960 6.405059814453125
6970 6.051582336425781
6980 5.480223655700684
6990 5.459450244903564
7000 5.376994132995605
7010 5.342890739440918
7020 5.22622013092041
7030 4.83049201965332
7040 4.942563056945801
7050 4.429699897766113
7060 4.400711059570312
7070 4.229504108428955
7080 4.32245922088623
7090 5.281612873077393
7100 5.722077369689941
7110 5.93304967880249
7120 5.713389873504639
7130 5.139885902404785
7140 5.28095006942749
7150 5.461045265197754
7160 5.30344820022583
7170 5.121973991394043
7180 4.639804840087891
7190 4.558918476104736
7200 4.463072776794434
7210 4.487762451171875
7220 4.756618499755859
7230 5.062343120574951
7240 5.29937744140625
7250 4.66274881362915
7260 4.644789695739746
7270 4.473610877990723
7280 4.753989219665527
7290 5.149086952209473
7300 5.091503143310547
7310 5.088822841644287
7320 5.076694488525391
7330 4.641353607177734
7340 4.647604942321777
7350 4.90441370010376
7360 4.930655479431152
7370 4.886066913604736
7380 4.503921508789062
7390 4.532194137573242
7400 4.543948650360107
7410 4.406620025634766
7420 4.387387275695801
7430 4.382648944854736
7440 4.452703475952148
7450 4.631848335266113
7460 4.473521709442139
7470 4.742847442626953
7480 4.882810115814209
7490 5.005291938781738
7500 4.696249485015869
7510 4.626376152038574
7520 4.801079273223877
7530 4.632396221160889
7540 4.598284244537354
7550 4.914299011230469
7560 5.253815174102783
7570 5.460280895233154
7580 5.462056159973145
7590 4.922769546508789
7600 4.419848442077637
7610 4.608612060546875
7620 5.449393272399902
7630 5.71250581741333
7640 5.250514984130859
7650 5.552093982696533
7660 5.412115573883057
7670 4.976082324981689
7680 5.191009998321533
7690 5.458594799041748
7700 5.159117698669434
7710 4.559876441955566
7720 4.349714279174805
7730 4.31953239440918
7740 4.636511325836182
7750 5.037264347076416
7760 5.544553756713867
7770 5.030951976776123
7780 4.4708571434021
7790 4.252577781677246
7800 4.450943946838379
7810 4.606942176818848
7820 5.007503509521484
7830 4.746040344238281
7840 4.605281352996826
7850 4.712680816650391
7860 4.894563674926758
7870 4.648348331451416
7880 4.245813369750977
7890 4.458073616027832
7900 4.493127346038818
7910 4.441363334655762
7920 4.385061740875244
7930 4.47889232635498
7940 4.511356353759766
7950 4.687288761138916
7960 4.870363712310791
7970 4.74356746673584
7980 4.58915901184082
7990 4.542153358459473
8000 4.712863922119141
8010 5.102012634277344
8020 5.863918781280518
8030 6.824701309204102
8040 6.433414936065674
8050 5.556459903717041
8060 5.005589485168457
8070 5.372166633605957
8080 5.686913013458252
8090 5.899404525756836
8100 5.298153877258301
8110 5.043479442596436
8120 4.931375026702881
8130 5.17296028137207
8140 5.369093418121338
8150 4.920005321502686
8160 5.192589282989502
8170 5.484870433807373
8180 5.449077606201172
8190 5.059390544891357
8200 4.977319717407227
8210 4.90440559387207
8220 4.82607364654541
8230 4.902693271636963
8240 4.692878723144531
8250 4.13747501373291
8260 3.878043413162231
8270 3.976222991943359
8280 4.512574195861816
8290 4.625279426574707
8300 4.691637992858887
8310 5.260115146636963
8320 5.203646659851074
8330 5.292782783508301
8340 5.815131187438965
8350 5.408047199249268
8360 5.334789276123047
8370 5.21018123626709
8380 5.201460838317871
8390 4.753738403320312
8400 4.690683841705322
8410 5.111754894256592
8420 5.667371273040771
8430 5.869104385375977
8440 6.148589134216309
8450 5.760334491729736
8460 5.707911014556885
8470 6.203383445739746
8480 5.795273780822754
8490 5.113379001617432
8500 5.18256139755249
8510 5.227106094360352
8520 5.508881568908691
8530 5.839615821838379
8540 5.905876636505127
8550 5.608031272888184
8560 5.516438484191895
8570 5.232424736022949
8580 5.292699813842773
8590 5.127416133880615
8600 5.029464721679688
8610 4.892078876495361
8620 5.054563045501709
8630 5.239367485046387
8640 5.826866149902344
8650 5.928797721862793
8660 5.596310615539551
8670 5.075411319732666
8680 5.147612571716309
8690 4.838139533996582
8700 4.873001575469971
8710 5.045568466186523
8720 4.844606399536133
8730 4.681630611419678
8740 4.72783088684082
8750 4.907136917114258
8760 5.343932628631592
8770 5.285972118377686
8780 5.05570125579834
8790 4.9526686668396
8800 4.877038955688477
8810 5.168078422546387
8820 5.281348705291748
8830 6.11632251739502
8840 5.291701316833496
8850 4.555403709411621
8860 5.198213577270508
8870 5.57075834274292
8880 6.011234760284424
8890 5.944722652435303
8900 5.42249059677124
8910 5.304898738861084
8920 5.592148780822754
8930 5.635650634765625
8940 6.146334171295166
8950 5.49666690826416
8960 5.400311470031738
8970 5.587535858154297
8980 5.272166728973389
8990 4.8143310546875
9000 4.725685119628906
9010 4.58491325378418
9020 5.344821929931641
9030 5.34455680847168
9040 5.158503532409668
9050 5.217132568359375
9060 5.350580215454102
9070 4.984565734863281
9080 5.224677085876465
9090 5.222992420196533
9100 5.436236381530762
9110 5.51336669921875
9120 5.101043701171875
9130 5.210571765899658
9140 5.491968154907227
9150 5.305064678192139
9160 4.897091865539551
9170 5.132662773132324
9180 4.816902160644531
9190 5.02068042755127
9200 4.850165843963623
9210 5.084580421447754
9220 6.008110046386719
9230 6.054549694061279
9240 5.576736450195312
9250 4.889771461486816
9260 4.962244033813477
9270 5.100734233856201
9280 5.616445541381836
9290 5.889928817749023
9300 6.248944759368896
9310 5.787901878356934
9320 5.411580085754395
9330 5.066357612609863
9340 5.56944751739502
9350 5.775058746337891
9360 5.148680686950684
9370 4.949467658996582
9380 4.728449821472168
9390 4.712210655212402
9400 4.887074947357178
9410 4.785757064819336
9420 4.817760467529297
9430 5.228659152984619
9440 5.368034362792969
9450 5.325515747070312
9460 5.564087390899658
9470 5.849337100982666
9480 5.499205589294434
9490 5.076513767242432
9500 4.518263339996338
9510 4.416705131530762
9520 4.220738410949707
9530 4.31110143661499
9540 4.552660465240479
9550 4.779562473297119
9560 4.863184452056885
9570 5.146779537200928
9580 5.04978609085083
9590 5.006027698516846
9600 5.03563117980957
9610 5.269624710083008
9620 5.64877462387085
9630 5.132194042205811
9640 4.85635232925415
9650 5.054691314697266
9660 5.399249076843262
9670 5.405234336853027
9680 4.912537574768066
9690 4.945441722869873
9700 5.075482368469238
9710 5.658545970916748
9720 5.718127250671387
9730 5.960359573364258
9740 5.890379905700684
9750 5.692065715789795
9760 6.16778039932251
9770 5.848845958709717
9780 4.9780592918396
9790 4.756725311279297
9800 4.920820713043213
9810 5.116461753845215
9820 5.598467350006104
9830 6.090290546417236
9840 5.802297592163086
9850 5.41346549987793
9860 5.199197769165039
9870 5.312463283538818
9880 5.09415340423584
9890 4.880809783935547
9900 5.02741813659668
9910 4.950285911560059
9920 5.207584857940674
9930 5.140179634094238
9940 5.065280437469482
9950 4.992703914642334
9960 4.972508430480957
9970 5.253214836120605
9980 5.260485649108887
9990 5.03035306930542
10000 4.760140419006348
10010 5.025298118591309
10020 5.579261302947998
10030 5.274698257446289
10040 5.593692779541016
10050 6.455886363983154
10060 6.680572509765625
10070 6.577372550964355
10080 6.523987770080566
10090 6.126260757446289
10100 5.747569561004639
10110 5.43107271194458
10120 5.20429801940918
10130 4.49109411239624
10140 4.68832540512085
10150 4.577388763427734
10160 4.765895843505859
10170 5.44062328338623
10180 5.117526531219482
10190 5.262283325195312
10200 5.202178001403809
10210 5.094835758209229
10220 4.677372455596924
10230 4.584009170532227
10240 5.02750301361084
10250 4.883286476135254
10260 4.934062480926514
10270 4.929234027862549
10280 4.918444156646729
10290 5.31992769241333
10300 5.322318077087402
10310 5.346752166748047
10320 5.287450790405273
10330 5.233662605285645
10340 4.987489700317383
10350 4.925250053405762
10360 4.853806972503662
10370 4.553319931030273
10380 4.476994037628174
10390 4.458395481109619
10400 4.554970741271973
10410 4.9239501953125
10420 5.458414077758789
10430 5.609672069549561
10440 5.922998428344727
10450 5.576801300048828
10460 5.013948440551758
10470 5.31182336807251
10480 5.91706371307373
10490 5.532144546508789
10500 5.186272621154785
10510 5.057034492492676
10520 4.671550273895264
10530 4.628589153289795
10540 5.569952011108398
10550 5.36188793182373
10560 5.093540668487549
10570 5.329993724822998
10580 5.136157035827637
10590 5.327037334442139
10600 5.215583324432373
10610 4.959612846374512
10620 5.00911283493042
10630 5.061124801635742
10640 5.167908668518066
10650 5.245472431182861
10660 4.929406642913818
10670 5.075989723205566
10680 4.964724540710449
10690 5.438473224639893
10700 5.636180877685547
10710 5.095368385314941
10720 4.999660968780518
10730 5.243093490600586
10740 5.470977783203125
10750 5.191751003265381
10760 5.243080139160156
10770 5.120730400085449
10780 5.081793785095215
10790 4.777228355407715
10800 4.647233963012695
10810 5.863748550415039
10820 6.363577365875244
10830 5.513215065002441
10840 5.753270149230957
10850 6.03351879119873
10860 5.986922740936279
10870 6.351991653442383
10880 5.945738315582275
10890 6.309065818786621
10900 5.678952693939209
10910 5.887431144714355
10920 6.040692329406738
10930 6.001803398132324
10940 5.790426254272461
10950 5.557109832763672
10960 5.309496879577637
10970 5.247237205505371
10980 5.555365085601807
10990 5.724582195281982
11000 5.276122093200684
11010 5.410148143768311
11020 5.319605350494385
11030 5.154231071472168
11040 4.852405548095703
11050 4.686192035675049
11060 4.991673469543457
11070 5.315826892852783
11080 5.110137462615967
11090 4.891336441040039
11100 4.83079195022583
11110 4.897752285003662
11120 5.020385265350342
11130 5.360208034515381
11140 5.695328235626221
11150 5.392891407012939
11160 5.274989604949951
11170 5.381649971008301
11180 5.316220283508301
11190 4.828588485717773
11200 4.741973876953125
11210 4.803957462310791
11220 5.56778621673584
11230 5.83264684677124
11240 5.905349731445312
11250 5.864442825317383
11260 5.160998344421387
11270 4.578767776489258
11280 4.814885139465332
11290 5.094542503356934
11300 5.18599796295166
11310 5.430966854095459
11320 5.262165069580078
11330 5.835084915161133
11340 5.829123497009277
11350 5.513272285461426
11360 4.933684349060059
11370 5.201315402984619
11380 5.031326293945312
11390 4.80988073348999
11400 4.773251533508301
11410 4.878927707672119
11420 5.266233921051025
11430 5.225537776947021
11440 4.978675842285156
11450 4.98743724822998
11460 4.743715763092041
11470 5.113848686218262
11480 5.752677440643311
11490 5.244641304016113
11500 4.665728569030762
11510 4.64622163772583
11520 5.016435146331787
11530 5.276336193084717
11540 5.118980884552002
11550 5.272690773010254
11560 5.407318115234375
11570 5.570459365844727
11580 5.117210865020752
11590 4.783261299133301
11600 4.980009078979492
11610 5.801544666290283
11620 5.931828498840332
11630 5.630203247070312
11640 5.491151332855225
11650 5.131207466125488
11660 5.130656242370605
11670 4.953927993774414
11680 4.679024219512939
11690 4.464437007904053
11700 4.979701042175293
11710 5.568233966827393
11720 5.296260356903076
11730 5.268990516662598
11740 5.288544654846191
11750 5.135539054870605
11760 5.311878681182861
11770 5.275073528289795
11780 4.741252899169922
11790 4.662793159484863
11800 4.925428867340088
11810 5.053702354431152
11820 5.237868309020996
11830 5.67992115020752
11840 5.393401145935059
11850 5.211323738098145
11860 4.979379653930664
11870 5.049073696136475
11880 4.960848331451416
11890 5.128016471862793
11900 5.083073139190674
11910 4.431675434112549
11920 4.304453372955322
11930 4.700305938720703
11940 5.144359588623047
11950 5.489435195922852
11960 5.707012176513672
11970 5.54337215423584
11980 5.117226123809814
11990 4.912079334259033
12000 5.198634147644043
12010 5.994901657104492
12020 5.95704984664917
12030 5.416514873504639
12040 5.311121940612793
12050 5.688085556030273
12060 6.032201290130615
12070 5.549174785614014
12080 4.900617599487305
12090 4.59092903137207
12100 4.918671607971191
12110 5.0331711769104
12120 4.563651561737061
12130 4.217433452606201
12140 4.266234397888184
12150 4.575372219085693
12160 4.622295379638672
12170 4.685826778411865
12180 4.660982608795166
12190 4.962968349456787
12200 4.832164287567139
12210 4.413268566131592
12220 4.575200080871582
12230 5.187092304229736
12240 5.083432674407959
12250 4.835661888122559
12260 4.86035680770874
12270 4.964982032775879
12280 5.092650413513184
12290 5.177393436431885
12300 5.073258399963379
12310 4.876283168792725
12320 4.90346622467041
12330 4.865566730499268
12340 4.590729713439941
12350 4.553153991699219
12360 4.755521774291992
12370 4.90096378326416
12380 5.085625171661377
12390 4.967885971069336
12400 4.916248798370361
12410 4.871406555175781
12420 5.044906616210938
12430 5.266801834106445
12440 5.154762744903564
12450 4.749237537384033
12460 4.468819618225098
12470 4.479850769042969
12480 4.617175102233887
12490 4.33252477645874
12500 4.340237140655518
12510 4.322088718414307
12520 5.121508121490479
12530 5.133555889129639
12540 4.747928142547607
12550 5.137721538543701
12560 5.660392284393311
12570 5.232635498046875
12580 5.291706085205078
12590 5.331071853637695
12600 5.50406551361084
12610 5.558107852935791
12620 5.569606781005859
12630 5.583351135253906
12640 5.462045192718506
12650 5.62517261505127
12660 5.344670295715332
12670 5.491717338562012
12680 5.287429332733154
12690 5.620051383972168
12700 5.426754951477051
12710 4.957107067108154
12720 4.986547470092773
12730 4.824342727661133
12740 4.804524421691895
12750 4.787864208221436
12760 4.661578178405762
12770 5.153878688812256
12780 5.280238628387451
12790 5.035275936126709
12800 4.755490303039551
12810 5.239731311798096
12820 4.785982131958008
12830 5.065159320831299
12840 4.792514324188232
12850 4.650822162628174
12860 4.645016670227051
12870 5.084970951080322
12880 5.455495834350586
12890 5.521031379699707
12900 5.075099945068359
12910 4.793073654174805
12920 4.510802268981934
12930 4.658431529998779
12940 4.733641147613525
12950 4.605855941772461
12960 4.730073928833008
12970 4.971301078796387
12980 4.940826416015625
12990 5.372024059295654
13000 5.257134437561035
13010 4.94876766204834
13020 5.068007946014404
13030 4.910450458526611
13040 5.218484878540039
13050 4.813507080078125
13060 4.644012451171875
13070 4.390159606933594
13080 4.268857955932617
13090 4.16323184967041
13100 4.159661293029785
13110 4.204099655151367
13120 4.222794055938721
13130 4.781163215637207
13140 5.312004089355469
13150 5.264439582824707
13160 5.070688247680664
13170 5.06348991394043
13180 5.03355884552002
13190 4.685389041900635
13200 4.766210079193115
13210 4.856704711914062
13220 5.0798659324646
13230 5.64226245880127
13240 5.371589660644531
13250 5.665763854980469
13260 6.161443710327148
13270 6.071280479431152
13280 5.27107048034668
13290 5.285366058349609
13300 5.646860122680664
13310 5.612279415130615
13320 5.172908782958984
13330 4.946153163909912
13340 4.784615516662598
13350 5.182445526123047
13360 5.730941772460938
13370 5.881951332092285
13380 5.126118183135986
13390 4.862100124359131
13400 5.071512222290039
0 3.939388036727905
10 4.085817337036133
20 4.185201644897461
30 4.209596633911133
40 4.058298587799072
50 3.794177055358887
60 3.578289747238159
70 3.461541175842285
80 3.445384502410889
90 3.433008909225464
100 3.399814128875732
110 3.38537073135376
120 3.408778190612793
130 3.444374084472656
140 3.472853899002075
150 3.508528232574463
160 3.567559480667114
170 3.644069194793701
180 3.716001272201538
190 3.769061088562012
200 3.802885293960571
210 3.81698751449585
220 3.807120800018311
230 3.762046575546265
240 3.687543630599976
250 3.647688150405884
260 3.68121600151062
270 3.754165887832642
280 3.829686641693115
290 3.894850254058838
300 3.946447372436523
310 3.985357046127319
320 4.015064239501953
330 4.038539886474609
340 4.058961391448975
350 4.053109645843506
360 3.949341773986816
370 3.759249210357666
380 3.724786996841431
390 3.808972358703613
400 3.886287450790405
410 4.200853824615479
420 5.177442073822021
430 5.303662776947021
440 5.035950660705566
450 4.590835571289062
460 4.32585334777832
470 4.80530834197998
480 5.624358177185059
490 5.796026706695557
500 4.941733837127686
510 4.332777976989746
520 4.870707511901855
530 4.802730083465576
540 4.630305290222168
550 4.769988536834717
560 4.906553268432617
570 4.537139892578125
580 4.345941066741943
590 4.322212219238281
600 4.296568870544434
610 4.57336950302124
620 4.636606693267822
630 4.753907680511475
640 4.523147106170654
650 4.36865758895874
660 4.963191509246826
670 5.374489784240723
680 5.6563720703125
690 5.682338237762451
700 5.296772003173828
710 4.857409954071045
720 4.746171951293945
730 4.56369161605835
740 4.962181091308594
750 5.062906265258789
760 5.03223991394043
770 5.376936912536621
780 4.319176197052002
790 3.866033315658569
800 3.968618631362915
810 3.99603271484375
820 4.722484111785889
830 4.769156455993652
840 4.434309005737305
850 5.194219589233398
860 5.486677646636963
870 5.037582397460938
880 5.039623260498047
890 4.903124809265137
900 4.681376457214355
910 3.657642364501953
920 4.051306247711182
930 4.433303833007812
940 4.042928218841553
950 3.981249094009399
960 4.780922889709473
970 5.328882694244385
980 5.587323665618896
990 5.290230751037598
1000 5.091991901397705
1010 4.950474739074707
1020 4.877993583679199
1030 4.713339805603027
1040 4.819430828094482
1050 4.131505489349365
1060 4.095377445220947
1070 4.090330123901367
1080 4.133351802825928
1090 4.232460498809814
1100 4.369387626647949
1110 4.358452796936035
1120 4.39570951461792
1130 4.474582672119141
1140 4.51560640335083
1150 4.609860420227051
1160 4.92989444732666
1170 5.22264575958252
1180 5.247377872467041
1190 5.016257286071777
1200 4.448901176452637
1210 4.115386009216309
1220 4.962130546569824
1230 5.068952560424805
1240 4.890427589416504
1250 4.898260593414307
1260 5.686941146850586
1270 5.612874984741211
1280 5.577533721923828
1290 5.324175357818604
1300 5.453198432922363
1310 5.900272369384766
1320 6.191671848297119
1330 5.334588050842285
1340 6.516246795654297
1350 6.094700336456299
1360 5.321380615234375
1370 4.862650871276855
1380 5.11810827255249
1390 6.229159355163574
1400 5.91672945022583
1410 6.67925500869751
1420 6.516542434692383
1430 5.20307731628418
1440 5.449461936950684
1450 5.733429908752441
1460 5.035045623779297
1470 4.260622978210449
1480 4.041706562042236
1490 4.165896892547607
1500 4.441347599029541
1510 4.738682270050049
1520 4.501646995544434
1530 4.327723503112793
1540 4.237620830535889
1550 4.655309677124023
1560 5.387576103210449
1570 5.005422592163086
1580 4.497121810913086
1590 4.93603515625
1600 5.375723838806152
1610 5.024129867553711
1620 4.452864170074463
1630 4.631086349487305
1640 5.689886569976807
1650 6.076678276062012
1660 6.179045677185059
1670 6.291007518768311
1680 5.809718132019043
1690 5.615599155426025
1700 5.835924625396729
1710 5.665280342102051
1720 4.781296730041504
1730 5.203883171081543
1740 5.143086910247803
1750 5.309448719024658
1760 5.187771320343018
1770 4.344335079193115
1780 4.12633228302002
1790 4.164050102233887
1800 4.183924674987793
1810 4.289593696594238
1820 4.314306259155273
1830 4.420648574829102
1840 4.421814441680908
1850 4.33895206451416
1860 4.220727920532227
1870 4.303994655609131
1880 4.092412948608398
1890 4.073343276977539
1900 4.283093452453613
1910 4.140765190124512
1920 4.262481689453125
1930 4.646878719329834
1940 4.648879051208496
1950 4.412983894348145
1960 3.993632793426514
1970 3.638499736785889
1980 3.893648386001587
1990 4.056609153747559
2000 4.225677013397217
2010 4.186846733093262
2020 4.772342681884766
2030 6.896196365356445
2040 6.016451835632324
2050 5.743761539459229
2060 6.809062004089355
2070 6.203530788421631
2080 5.909265995025635
2090 5.36405086517334
2100 6.340682506561279
2110 6.394014358520508
2120 6.320301055908203
2130 6.453403472900391
2140 6.014634609222412
2150 5.732807159423828
2160 6.035664558410645
2170 5.33367919921875
2180 5.547613620758057
2190 5.129891395568848
2200 4.606204032897949
2210 4.869426727294922
2220 4.874729633331299
2230 4.78682279586792
2240 4.614848613739014
2250 4.740853786468506
2260 4.828413009643555
2270 4.852683067321777
2280 4.880792617797852
2290 5.078417301177979
2300 5.28114128112793
2310 5.157015800476074
2320 4.974373817443848
2330 4.628971576690674
2340 4.449856758117676
2350 4.477593421936035
2360 4.627484321594238
2370 4.917579650878906
2380 4.841002464294434
2390 4.212939262390137
2400 4.120496273040771
2410 4.541905403137207
2420 5.936609268188477
2430 5.863926887512207
2440 4.777380466461182
2450 4.64985466003418
2460 5.087268829345703
2470 5.856005668640137
2480 6.306580543518066
2490 6.226569175720215
2500 5.62668514251709
2510 5.010917186737061
2520 5.766631603240967
2530 5.826686382293701
2540 5.239241600036621
2550 5.245728969573975
2560 5.046239376068115
2570 5.471622943878174
2580 5.385690212249756
2590 5.002910137176514
2600 4.546053409576416
2610 4.31786060333252
2620 5.065642833709717
2630 5.198112964630127
2640 5.026093006134033
2650 4.884280204772949
2660 4.30385160446167
2670 3.968008279800415
2680 4.15754508972168
2690 4.339428901672363
2700 4.091582298278809
2710 4.125199317932129
2720 4.306166648864746
2730 4.305698394775391
2740 4.559010982513428
2750 4.929682731628418
2760 5.092071056365967
2770 5.060460090637207
2780 4.80275821685791
2790 4.159525871276855
2800 4.09450626373291
2810 4.559064865112305
2820 4.625211238861084
2830 4.15217924118042
2840 3.800710916519165
2850 4.311761856079102
2860 4.726292133331299
2870 4.934637069702148
2880 5.919477462768555
2890 5.380167484283447
2900 5.759674549102783
2910 5.750840663909912
2920 5.815339088439941
2930 6.024691104888916
2940 5.999429225921631
2950 6.104187965393066
2960 5.903370380401611
2970 5.384036540985107
2980 5.150328636169434
2990 5.259384632110596
3000 5.434846878051758
3010 5.153710842132568
3020 4.741185665130615
3030 4.664926052093506
3040 4.801462173461914
3050 4.67389965057373
3060 4.609407424926758
3070 4.568984031677246
3080 4.636279582977295
3090 4.857149600982666
3100 5.299449443817139
3110 5.140289306640625
3120 4.833941459655762
3130 4.303313255310059
3140 4.300790786743164
3150 3.904337406158447
3160 3.866355895996094
3170 4.487261772155762
3180 5.101181983947754
3190 4.734472274780273
3200 4.379912376403809
3210 4.356159687042236
3220 4.640983581542969
3230 4.551288604736328
3240 5.279767513275146
3250 4.72377872467041
3260 5.769884586334229
3270 6.071264266967773
3280 6.65569019317627
3290 6.902817726135254
3300 5.740486621856689
3310 5.424286365509033
3320 5.243194103240967
3330 5.341012954711914
3340 5.123072624206543
3350 5.497006416320801
3360 5.510754108428955
3370 5.201135635375977
3380 4.375997066497803
3390 5.074265480041504
3400 4.700051307678223
3410 4.272865295410156
3420 4.280886650085449
3430 4.566216468811035
3440 4.31914234161377
3450 4.299380302429199
3460 4.73503303527832
3470 4.754216194152832
3480 4.648110389709473
3490 4.753161907196045
3500 4.837174415588379
3510 4.812182903289795
3520 4.9901123046875
3530 5.439731121063232
3540 5.115408420562744
3550 4.801648139953613
3560 4.816914081573486
3570 4.910036087036133
3580 4.716135025024414
3590 4.667111873626709
3600 4.547297954559326
3610 4.592031478881836
3620 4.99625825881958
3630 5.040569305419922
3640 4.506431579589844
3650 4.198598384857178
3660 4.311872959136963
3670 4.466042518615723
3680 4.212608337402344
3690 4.522715091705322
3700 4.225800514221191
3710 4.472079277038574
3720 5.162352561950684
3730 5.124976634979248
3740 5.163248538970947
3750 4.734711170196533
3760 4.682156562805176
3770 4.948054313659668
3780 4.992464542388916
3790 5.203114032745361
3800 5.479004859924316
3810 5.993796825408936
3820 5.865926742553711
3830 5.239047527313232
3840 4.691121101379395
3850 4.555658340454102
3860 4.998340129852295
3870 5.32088041305542
3880 5.122364521026611
3890 4.826531410217285
3900 4.832449436187744
3910 4.62663459777832
3920 4.36209774017334
3930 4.217930316925049
3940 4.183164596557617
3950 4.249465942382812
3960 4.464989185333252
3970 4.678672313690186
3980 4.549929618835449
3990 4.598823547363281
4000 4.708168029785156
4010 5.247851371765137
4020 5.903768539428711
4030 5.638108253479004
4040 5.135239124298096
4050 5.271209716796875
4060 5.364462852478027
4070 5.900026321411133
4080 5.763105392456055
4090 5.543999671936035
4100 5.563612937927246
4110 5.351713180541992
4120 5.088822841644287
4130 5.04503059387207
4140 4.648236274719238
4150 4.496171474456787
4160 4.61653995513916
4170 5.041792869567871
4180 5.420099258422852
4190 5.778369903564453
4200 5.657494068145752
4210 5.265111923217773
4220 5.016266822814941
4230 4.76266622543335
4240 4.707503795623779
4250 4.964289665222168
4260 5.255158424377441
4270 5.162252426147461
4280 4.781758308410645
4290 4.900643348693848
4300 4.733251571655273
4310 4.711838245391846
4320 4.687437057495117
4330 4.63913106918335
4340 4.298667430877686
4350 4.60179328918457
4360 4.995242595672607
4370 4.866894245147705
4380 4.795117378234863
4390 4.376325130462646
4400 3.924170970916748
4410 4.238102912902832
4420 4.989188194274902
4430 5.273204326629639
4440 6.317289352416992
4450 5.768227577209473
4460 4.859745025634766
4470 4.632389068603516
4480 4.949073791503906
4490 5.593095302581787
4500 5.366055488586426
4510 5.846185684204102
4520 5.985767364501953
4530 5.528017044067383
4540 4.75199031829834
4550 4.636791229248047
4560 5.014442443847656
4570 4.633848190307617
4580 4.54307222366333
4590 4.718316555023193
4600 4.702701568603516
4610 4.812968730926514
4620 4.776450157165527
4630 4.726674556732178
4640 4.971554279327393
4650 4.952005386352539
4660 4.86030912399292
4670 5.093425750732422
4680 5.238272666931152
4690 4.583118438720703
4700 4.59476900100708
4710 5.141767024993896
4720 4.986895084381104
4730 5.323664665222168
4740 5.15605354309082
4750 5.059844493865967
4760 4.97714376449585
4770 5.237345218658447
4780 5.233887672424316
4790 5.096915245056152
4800 5.105904102325439
4810 5.28172779083252
4820 6.000677108764648
4830 5.676720142364502
4840 4.708423137664795
4850 4.873385429382324
4860 5.173380851745605
4870 5.80397891998291
4880 5.855177879333496
4890 5.028890609741211
4900 5.030429840087891
4910 5.097530364990234
4920 4.792994022369385
4930 4.573479175567627
4940 4.314817905426025
4950 4.311545372009277
4960 4.771146297454834
4970 4.84796142578125
4980 4.569333076477051
4990 4.893697261810303
5000 4.777317523956299
5010 4.420489311218262
5020 4.36207914352417
5030 4.243780136108398
5040 4.070187568664551
5050 4.179314136505127
5060 4.378498554229736
5070 4.138754844665527
5080 3.913647413253784
5090 4.472826480865479
5100 4.556352138519287
5110 4.288844585418701
5120 4.511895179748535
5130 4.55634069442749
5140 4.965941429138184
5150 4.857856750488281
5160 4.579429626464844
5170 4.964010715484619
5180 5.054549694061279
5190 4.737972736358643
5200 4.22700834274292
5210 4.142311096191406
5220 4.420669078826904
5230 4.720156669616699
5240 5.101513862609863
5250 5.194037914276123
5260 6.02380895614624
5270 6.054222106933594
5280 6.205541133880615
5290 5.818278789520264
5300 5.47173547744751
5310 5.456355094909668
5320 5.31709098815918
5330 5.270783424377441
5340 5.173808574676514
5350 5.067757606506348
5360 5.749982833862305
5370 5.842398166656494
5380 5.800577640533447
5390 5.393574714660645
5400 5.418247222900391
5410 5.428514003753662
5420 5.405693531036377
5430 5.365508556365967
5440 5.168757915496826
5450 5.040750503540039
5460 4.735560417175293
5470 4.68482780456543
5480 4.638344287872314
5490 4.97442626953125
5500 5.23084831237793
5510 4.88325023651123
5520 4.51090669631958
5530 4.665443897247314
5540 4.974685668945312
5550 4.7054762840271
5560 4.69658374786377
5570 4.953562259674072
5580 5.049349784851074
5590 5.009133338928223
5600 4.875190734863281
5610 4.781664371490479
5620 4.953377723693848
5630 5.052656173706055
5640 5.04752779006958
5650 5.178081512451172
5660 5.591448307037354
5670 5.759929180145264
5680 6.454385280609131
5690 6.489041805267334
5700 6.273634433746338
5710 5.310853481292725
5720 4.886168956756592
5730 5.360105991363525
5740 5.251055717468262
5750 5.688197135925293
5760 5.282107353210449
5770 5.556932926177979
5780 5.795288562774658
5790 5.429523944854736
5800 5.106997489929199
5810 4.798422813415527
5820 4.965796947479248
5830 4.934488773345947
5840 4.705634117126465
5850 4.690343856811523
5860 4.727604866027832
5870 4.412670612335205
5880 4.130385398864746
5890 4.18893575668335
5900 4.202865123748779
5910 4.217291355133057
5920 4.380457878112793
5930 4.516128540039062
5940 4.491053581237793
5950 4.788030624389648
5960 4.850922584533691
5970 4.818732261657715
5980 5.15241813659668
5990 5.199110984802246
6000 5.177343368530273
6010 5.187395095825195
6020 5.928120136260986
6030 5.433267593383789
6040 6.549546718597412
6050 6.196586608886719
6060 5.97232723236084
6070 5.90737771987915
6080 5.339054107666016
6090 4.959349632263184
6100 5.112035274505615
6110 5.122139453887939
6120 5.473325729370117
6130 5.255490303039551
6140 5.314773082733154
6150 5.009662628173828
6160 4.71948766708374
6170 4.880414962768555
6180 4.815557479858398
6190 4.91064453125
6200 4.921914100646973
6210 4.757711410522461
6220 4.77253246307373
6230 5.44492244720459
6240 5.052112579345703
6250 4.934173583984375
6260 4.992083549499512
6270 4.712601661682129
6280 4.583479881286621
6290 4.532553672790527
6300 4.544012546539307
6310 5.183903217315674
6320 5.191189289093018
6330 4.922067642211914
6340 4.827445983886719
6350 4.898026466369629
6360 4.85422945022583
6370 4.672307968139648
6380 4.740052223205566
6390 4.546745777130127
6400 4.475122451782227
6410 4.302209854125977
6420 4.775012016296387
6430 4.78737211227417
6440 5.439005851745605
6450 6.042585372924805
6460 5.489543914794922
6470 5.163848876953125
6480 5.000470638275146
6490 5.058895111083984
6500 4.986802101135254
6510 4.907809257507324
6520 4.797211647033691
6530 4.926433563232422
6540 5.142422199249268
6550 5.206981658935547
6560 5.459480285644531
6570 5.234041690826416
6580 4.984771728515625
6590 5.666630268096924
6600 5.148902893066406
6620 4.883705615997314
6640 4.944718360900879
6660 4.342637062072754
6690 4.567963600158691
6700 4.548617839813232
6710 5.054964542388916
6720 5.20290470123291
6730 5.650107383728027
6750 5.464412212371826
6760 5.3037428855896
