"Time Step" "p-in"
20210 -26220.49168783892
20220 -26263.65749207305
20230 -26073.2972884098
20240 -26306.91007355465
20250 -26567.84272256874
20260 -26637.30371094898
20270 -26327.63706136209
20280 -25981.84451340611
20290 -25811.45213515907
20300 -26034.14143543562
20310 -26389.99652884318
20320 -26411.12486384788
20330 -26276.71650687299
20340 -26119.71092151968
20350 -26113.20080472621
20360 -26442.42507442773
20370 -26735.93686164464
20380 -26777.08516709001
20390 -26641.04994453884
20400 -26678.48826672761
20410 -26802.30427081044
20420 -26535.56081573605
20430 -26003.2971569389
20440 -25531.36861882056
20450 -25369.43166892205
20460 -25448.3669551424
20470 -25459.14965879055
20480 -25362.48982612081
20490 -25170.28424667536
20500 -24882.47664086254
20510 -24602.83288743469
20520 -24357.25563358038
20530 -24298.77098778497
20540 -24459.27582071462
20550 -24745.88591690244
20560 -24845.67930734992
20570 -24827.30496105069
20580 -24799.6424501641
20590 -24668.91457945385
20600 -24420.11873295247
20610 -24918.44902224584
20620 -25501.49937124877
20630 -25715.64269722485
20640 -25942.48848988048
20650 -26163.55362424916
20660 -26043.73877014315
20670 -25885.9917733407
20680 -25808.04831160576
20690 -25797.0565043109
20700 -25642.81397148505
20710 -25305.53899362383
20720 -25016.74384907524
20730 -24918.26652751774
20740 -25129.70767210678
20750 -25312.2425580366
20760 -25451.72974648911
20770 -25651.01458907339
20780 -25706.37205842544
20790 -25825.73164945289
20800 -25723.08536679748
20810 -25337.17442485582
20820 -25070.87398309351
20830 -25028.4162876164
20840 -25209.82774606357
20850 -25117.37642645402
20860 -24967.83085922096
20870 -24925.24874653865
20880 -24921.58657469238
20890 -24807.03640028934
20900 -24648.25376762801
20910 -24536.35851921745
20920 -24529.39721058758
20930 -24687.31900477595
20940 -24988.4325839917
20950 -25246.25322347202
20960 -25447.20024421335
20970 -25592.86214994974
20980 -25664.73051388236
20990 -25625.13138988424
21000 -25953.10753690704
21010 -26350.21304511361
21020 -26471.70285463216
21030 -26330.53857359048
21040 -26031.86611837393
21050 -26011.54689515731
21060 -26066.37955863285
21070 -25939.26527418615
21080 -25749.09670224025
21090 -25822.06415521274
21100 -26048.87727910824
21110 -25997.0653150908
21120 -25969.79721244159
21130 -26121.19056559042
21140 -26340.11717103875
21150 -26511.03340598721
21160 -26710.36736967776
21170 -27007.29225504931
21180 -27161.88787336429
21190 -26959.1697938802
21200 -26678.53838875871
21210 -26527.90346332417
21220 -26482.01367377385
21230 -26584.27735017812
21240 -26866.35541626583
21250 -26898.84077397567
21260 -26652.56395635899
21270 -26457.49695510068
21280 -26059.67269165962
21290 -25498.85478362409
21300 -25106.72959730114
21310 -24934.59304023127
21320 -24527.8964111827
21330 -24090.16654075188
21340 -24125.12618734597
21350 -24127.80600419463
21360 -23957.33066810223
21370 -24057.17220726302
21380 -24320.07937603516
21390 -24502.72270983642
21400 -24770.17527296545
21410 -25322.44708014862
21420 -25760.44034504042
21430 -25863.12123327417
21440 -26241.76934919
21450 -26620.62483824618
21460 -26916.90198901582
21470 -26925.53804431755
21480 -26777.43436269978
21490 -26816.99028746754
21500 -26985.09049183507
21510 -26992.6406292795
21520 -26775.24367741203
21530 -26670.50593139412
21540 -26828.37275118356
21550 -26927.234717382
21560 -26938.7913443293
21570 -26929.35581069961
21580 -26955.39555472186
21590 -27161.34705907055
21600 -27416.85445575277
21610 -27542.06458524686
21620 -27301.10822705619
21630 -26668.66513647277
21640 -26028.27896037533
21650 -25590.71517201912
21660 -25279.9602227161
21670 -25150.8831685465
21680 -25116.98755871252
21690 -24987.02912763977
21700 -24776.60445799929
21710 -24374.80838302101
21720 -24035.96881929737
21730 -23946.63663692635
21740 -24141.5507456576
21750 -24464.60084002466
21760 -24918.06415525073
21770 -25210.52761599653
21780 -25285.59932764001
21790 -25427.47788072533
21800 -25555.82994380525
21810 -25800.79263652035
21820 -25517.80231698751
21830 -25504.45547330149
21840 -25384.05357140376
21850 -25301.7951271077
21860 -25382.61202423809
21870 -25416.77911463191
21880 -25418.12081558449
21890 -25610.37648940133
21900 -25914.35425281519
21910 -26214.8965207272
21920 -26303.75214639277
21930 -26224.28308080553
21940 -26277.4193178281
21950 -26464.71893526727
21960 -26784.89254466098
21970 -26991.80701165469
21980 -26854.86778531366
21990 -26697.77674546718
22000 -26735.70157139996
22010 -26744.65373877942
22020 -26503.57974083429
22030 -26000.65599924697
22040 -25462.47687074521
22050 -24974.79814918569
22060 -24419.31648602062
22070 -23982.46028163846
22080 -23825.49874924411
22090 -23566.98289063993
22100 -23376.00917348407
22110 -23304.54293566628
22120 -23280.08328206183
22130 -23336.2562574014
22140 -23450.00388000896
22150 -23654.92571707915
22160 -23901.95006880067
22170 -24177.13665886461
22180 -24691.11983350207
22190 -25102.82349852496
22200 -24686.51270317943
22210 -24219.62359311976
22220 -24423.35357116423
22230 -25184.28018101427
22240 -25404.32711347906
22250 -25576.15198702207
22260 -26156.93197752197
22270 -26755.30151168688
22280 -27285.99093195547
22290 -27551.8462013386
22300 -27577.94303958526
22310 -27242.21045966735
22320 -26705.61888609949
22330 -26339.95614402255
22340 -26045.15612232481
22350 -25830.01774768588
22360 -26109.79715382808
22370 -26446.94465795827
22380 -26588.43984239815
22390 -26633.79107873389
22400 -26748.73768413537
22410 -26973.56175416772
22420 -27289.33011393451
22430 -27517.31811830071
22440 -27554.00314100254
22450 -27316.7938652338
22460 -26877.36420225222
22470 -26383.86703487208
22480 -25801.1347790739
22490 -25169.72298514402
22500 -24556.70096408786
22510 -23989.99528397104
22520 -23528.72528032848
22530 -23345.77288453618
22540 -23515.48007698055
22550 -23835.63956425947
22560 -24156.20985651786
22570 -24364.54660807175
22580 -24574.74341035882
22590 -24895.39297788421
22600 -25205.99424085833
22610 -25376.74056773254
22620 -25486.87290839196
22630 -25771.98020913528
22640 -26005.5666396296
22650 -26175.93449182348
22660 -26132.94577308844
22670 -26222.67244064991
22680 -26334.21008544669
22690 -26372.15027179081
22700 -26382.86540320099
22710 -26423.54078940855
22720 -26660.48068776357
22730 -26978.86849971224
22740 -27222.19958457414
22750 -27383.07218837864
22760 -27284.24153866791
22770 -27063.68000170407
22780 -26879.16295886195
22790 -26627.7838090903
22800 -26283.82437365329
22810 -25962.36538813775
22820 -25817.52381452737
22830 -25704.2492964029
22840 -25519.19600415932
22850 -25433.26533810559
22860 -25411.08366099984
22870 -25487.36989749242
22880 -25503.91188300422
22890 -25217.32173566548
22900 -24712.26615022403
22910 -24179.01415880732
22920 -23900.6671405333
22930 -23941.4893457357
22940 -24354.69784061516
22950 -24925.26063740281
22960 -25474.73352569188
22970 -25866.54587230237
22980 -26218.8568341414
22990 -26561.75024812463
23000 -26843.81102244313
23010 -27101.74544148379
23020 -27222.87044231199
23030 -27075.19632965708
23040 -26755.11367722379
23050 -26828.08162478208
23060 -26950.36286521466
23070 -27132.19949648006
23080 -27397.58081683327
23090 -27642.16151577138
23100 -27560.6735053708
23110 -27298.43127002976
23120 -27022.82680290626
23130 -26626.67819293443
23140 -26353.44877111304
23150 -26101.04242871621
23160 -25755.01996817746
23170 -25380.2228396082
23180 -25047.09225457847
23190 -24868.90803346148
23200 -24861.6765699956
23210 -25108.42058496146
23220 -25511.29987604173
23230 -25764.99358553366
23240 -25872.01714176959
23250 -25819.11874415623
23260 -25697.6648309662
23270 -25591.29944867317
23280 -25306.86029715488
23290 -24891.10591152722
23300 -24609.87214451883
23310 -24361.2693853272
23320 -24112.10123974304
23330 -24034.85967811636
23340 -24059.73118200976
23350 -24144.57280137957
23360 -24389.39803506924
23370 -24653.53041063553
23380 -24819.0784377602
23390 -24870.59149257539
23400 -24591.93512401854
23410 -24517.77981062099
23420 -24828.65429868345
23430 -25143.61676517123
23440 -25331.87423602193
23450 -25478.455348637
23460 -25629.46190454964
23470 -25687.16858021046
23480 -25590.31432304555
23490 -25107.36801401444
23500 -24827.73269457898
23510 -25174.28817025658
23520 -25911.89619277443
23530 -26084.81597740138
23540 -26082.45156660868
23550 -26196.27487476718
23560 -26266.44563621312
23570 -26323.0228195312
23580 -26569.09761399304
23590 -26769.20125895785
23600 -26803.27905419037
23610 -26754.1119911768
23620 -26687.77347578266
23630 -26544.18961418827
23640 -26240.87276014139
23650 -25822.28788211431
23660 -25390.60588610797
23670 -25082.34493853722
23680 -24843.70601848713
23690 -24576.1341379996
23700 -24227.79335390487
23710 -23859.77840558183
23720 -23686.75130318023
23730 -23598.7129537185
23740 -23736.88921599348
23750 -23999.28805732317
23760 -24399.96322200184
23770 -24628.3686655192
23780 -24807.36032281474
23790 -25155.6280026212
23800 -25445.50099962893
23810 -25742.08875245324
23820 -26151.68486731514
23830 -26497.16420932486
23840 -26767.05896155236
23850 -26900.08504022119
23860 -26997.42319199257
23870 -27149.99876417749
23880 -27140.11663238253
23890 -26913.60681941962
23900 -26410.82507238165
23910 -25928.51978289546
23920 -25791.30725293614
23930 -26014.94283510656
23940 -26045.01651521154
23950 -26028.61898495182
23960 -25995.49980221549
23970 -25854.63406041505
23980 -25765.67522352446
23990 -25960.27275627728
24000 -26275.11616678665
13410 -26672.45437831033
13420 -27063.07001790843
13430 -27183.48488422406
13440 -27219.80052199908
13450 -27172.36887589463
13460 -26928.3340346139
13470 -26465.863910492
13480 -26127.52877666996
13490 -25782.48644134324
13500 -25393.65516501773
13510 -25445.34786883247
13520 -25572.35234458417
13530 -25805.96057949401
13540 -26228.01971677876
13550 -26461.59295415719
13560 -26609.46045891351
13570 -26547.93190620248
13580 -26158.37516606822
13590 -25533.35432294172
13600 -25061.54794574597
13610 -24903.96942182195
13620 -24964.97247747267
13630 -25081.76678703286
13640 -25375.45221990061
13650 -25529.80111892251
13660 -25234.66918792814
13670 -24961.32395750479
13680 -24648.86353977125
13690 -24352.31777585434
13700 -24103.43856901875
13710 -23859.62901124196
13720 -23880.34753858478
13730 -24194.73389443054
13740 -24785.53453110071
13750 -25301.98689917711
13760 -25560.16876333094
13770 -25763.73724722565
13780 -26066.57295107351
13790 -26455.05189889261
13800 -26910.93040238605
13810 -27205.79897255751
13820 -27477.42531667714
13830 -27549.8194069802
13840 -27416.15908702512
13850 -27296.10841308393
13860 -27148.10431023067
13870 -26856.37243405714
13880 -26646.94197670281
13890 -26498.44158542008
13900 -26422.03721528036
13910 -26427.00590137076
13920 -26418.40284710122
13930 -26298.94694635488
13940 -26302.33694150061
13950 -26335.77643074588
13960 -26117.18263354787
13970 -26028.39779245045
13980 -26037.86767803192
13990 -26198.7611158728
14000 -26678.85987723685
14010 -27217.35088290822
14020 -27269.03256595346
14030 -27094.59822840863
14040 -27041.63248028307
14050 -26834.199634049
14060 -26364.21585839014
14070 -25825.81593723665
14080 -25278.75301379288
14090 -24867.07655127197
14100 -24564.74474447278
14110 -24549.85292232191
14120 -24594.06445497472
14130 -24705.36897738393
14140 -24918.45484442514
14150 -25242.30489143093
14160 -25505.33631464498
14170 -25508.68135587455
14180 -25423.43931739864
14190 -25125.58129120987
14200 -24877.88722356955
14210 -24984.80536444111
14220 -24689.13295834154
14230 -24612.95484962084
14240 -25052.57841410431
14250 -25365.14606514486
14260 -25808.61478814729
14270 -26112.79304053157
14280 -26207.49765096175
14290 -26183.1598700771
14300 -26323.56975667378
14310 -26547.55125503251
14320 -26772.16130585853
14330 -26710.40231237403
14340 -26535.02029718739
14350 -26409.52222188266
14360 -26367.51004251686
14370 -26270.4528602854
14380 -26081.38546376198
14390 -26043.56519474642
14400 -26385.93627781804
14410 -26565.39587335274
14420 -26919.09187786493
14430 -27003.21411387808
14440 -27098.04452926669
14450 -27004.0073048501
14460 -26411.33785830635
14470 -25864.94133634768
14480 -25381.88651256675
14490 -24989.68952356782
14500 -24796.50700209765
14510 -24711.62900697758
14520 -24537.35122663116
14530 -24611.08719888286
14540 -24875.40343317619
14550 -25177.13697745579
14560 -25464.92849357183
14570 -25712.8336303331
14580 -25818.69727959644
14590 -25871.85891670656
14600 -25988.91177385332
14610 -26126.76056529214
14620 -26085.08145174893
14630 -26330.35881167086
14640 -26736.58391863886
14650 -27234.37966927915
14660 -27187.36716207705
14670 -26980.08376596466
14680 -26809.06756854351
14690 -26839.16848237533
14700 -27086.32157789081
14710 -26985.31994959478
14720 -26780.60898571241
14730 -26818.51497241318
14740 -26978.49643440203
14750 -26765.55092955377
14760 -26204.05155927312
14770 -25683.337967108
14780 -25495.41955662225
14790 -25259.00387795519
14800 -24957.10202841839
14810 -24846.25605395806
14820 -25010.93742919224
14830 -25440.89242226337
14840 -25686.08092267199
14850 -25636.9731597464
14860 -25546.83347136752
14870 -25477.32182815398
14880 -25304.34666724414
14890 -25040.67323066549
14900 -24625.69389418124
14910 -24114.55238273286
14920 -23836.27815139355
14930 -23933.30678286885
14940 -23981.49317986073
14950 -23963.61032645311
14960 -24169.25660120857
14970 -24520.02156570038
14980 -24879.24080097472
14990 -25196.71106038318
15000 -25438.16026185809
15010 -25607.96686747765
15020 -25883.10795686074
15030 -26034.74562962018
15040 -26199.10255059073
15050 -26357.50378432145
15060 -26573.6566202047
15070 -26904.98607764747
15080 -27250.41696615411
15090 -27565.44558061668
15100 -27613.06594994174
15110 -27428.62481720098
15120 -27104.12814225327
15130 -26846.27178152353
15140 -26717.88458042002
15150 -26510.17057067922
15160 -26251.78353251906
15170 -26155.83610762903
15180 -26260.74146948358
15190 -26333.95786338463
15200 -26402.33343751055
15210 -26433.91091356382
15220 -26408.7378883631
15230 -26378.99815467659
15240 -26403.98507455103
15250 -26531.43400348731
15260 -26586.03520486024
15270 -26268.20393710768
15280 -26085.65178518303
15290 -26126.26969087574
15300 -25948.80718492467
15310 -25397.54733022051
15320 -24765.92245652294
15330 -24505.88613236583
15340 -24302.21185724235
15350 -24184.31839519279
15360 -24245.27533369017
15370 -24495.52132441802
15380 -24850.1565434064
15390 -25103.80281625819
15400 -25421.63132516823
15410 -25787.13739538083
15420 -26060.92166016572
15430 -26456.02151143591
15440 -26842.9096110506
15450 -27000.6706530861
15460 -26977.0765975586
15470 -26942.54190299411
15480 -27078.89686651625
15490 -27341.45382314041
15500 -27583.06495943922
15510 -27531.33554549373
15520 -27183.889435912
15530 -26909.37321971991
15540 -26877.31177072039
15550 -26928.2828080517
15560 -26888.30225550937
15570 -26742.23443405056
15580 -26511.56484687325
15590 -26260.38554011561
15600 -26060.24511919006
15610 -26075.1414275782
15620 -26214.67057035008
15630 -26282.04731784506
15640 -26186.51717803749
15650 -25927.2890636411
15660 -25548.06905339194
15670 -25190.34389577224
15680 -24919.71567902287
15690 -24783.30125304664
15700 -24493.71922335854
15710 -24128.05707857285
15720 -24079.18983142746
15730 -24370.82952586858
15740 -24817.89038953013
15750 -25195.59996040386
15760 -25488.93904615484
15770 -25936.17855881008
15780 -26610.05238882573
15790 -26686.49578033202
15800 -26635.72859637889
15810 -26794.82108151575
15820 -26940.6900555042
15830 -26847.30858523213
15840 -26927.55991097884
15850 -26998.22837638603
15860 -27081.00116872728
15870 -26791.58585293603
15880 -26473.53844728209
15890 -26639.96486229263
15900 -26658.30680138302
15910 -26461.31108509282
15920 -26149.84700687417
15930 -25721.97718396054
15940 -25350.73250439515
15950 -24996.10070688093
15960 -24898.51275524477
15970 -24945.74086915634
15980 -24988.23203310594
15990 -25338.13055873807
16000 -25630.57521928735
16010 -25861.65452648517
16020 -26188.04800154977
16030 -26321.29302085157
16040 -26135.80218757633
16050 -26098.94255354577
16060 -26010.63142030598
16070 -25762.19944383983
16080 -25614.46118609552
16090 -25307.6624892701
16100 -24712.98691399333
16110 -24253.94626966651
16120 -24029.21546249226
16130 -23940.63868658465
16140 -24013.26212755406
16150 -24261.65385748238
16160 -24540.68571721261
16170 -24679.16630630991
16180 -24612.92394555522
16190 -24523.21689778335
16200 -24776.31630850066
16210 -25208.40158260367
16220 -25446.13826417183
16230 -25728.41846607365
16240 -25851.70235865557
16250 -25794.90989512431
16260 -26100.62864834646
16270 -26537.04726495139
16280 -26820.55255894628
16290 -26639.58166489259
16300 -26098.7468889352
16310 -25793.52859819194
16320 -25784.97146543516
16330 -25702.71833127374
16340 -25859.97350221919
16350 -26150.3105794617
16360 -26334.97139824104
16370 -26354.49982521011
16380 -26383.22418873532
16390 -26719.47038733742
16400 -27047.69811563342
16410 -26994.32844739076
16420 -26856.09341705424
16430 -26720.2714944205
16440 -26435.54389784625
16450 -26138.15238824788
16460 -25915.23146725144
16470 -25661.10686791355
16480 -25329.93329771523
16490 -25012.56675352505
16500 -24684.61952168339
16510 -24364.18732822798
16520 -24367.72318191971
16530 -24442.95196340962
16540 -24425.38568647964
16550 -24407.80737119282
16560 -24367.69247553357
16570 -24418.98809891973
16580 -24761.10578307792
16590 -25723.51216775597
16600 -25955.22478386798
16610 -25865.62597692851
16620 -26063.15558082347
16630 -26039.08692283484
16640 -26120.5584758532
16650 -26159.91240279904
16660 -26157.46166077834
16670 -25987.65435712685
16680 -26012.28063089313
16690 -26409.41059923853
16700 -26680.15919284424
16710 -26694.83598455011
16720 -27520.40319511296
16730 -28227.40204354424
16740 -27876.97551164327
16750 -27888.78599411467
16760 -27879.48470795634
16770 -27808.32074640522
16780 -27419.92015478498
16790 -26871.65889083545
16800 -26327.44124251655
16810 -25933.81504618746
16820 -25606.17660766913
16830 -25506.13841828902
16840 -25525.33218894529
16850 -25350.56111493048
16860 -25123.11315752891
16870 -24713.50048971406
16880 -24326.21686217644
16890 -24181.16830567817
16900 -24125.51006436443
16910 -24071.46345243106
16920 -24065.51644998839
16930 -24104.25399317543
16940 -24324.30335719299
16950 -24571.12822669472
16960 -24843.28391294687
16970 -25145.44021603628
16980 -25064.43014145342
16990 -25149.77329330476
17000 -25235.69401262036
17010 -25560.24100403463
17020 -26266.14137878838
17030 -26921.7873206614
17040 -27037.66114259312
17050 -26814.13521164885
17060 -26658.12810619561
17070 -26570.68785789546
17080 -26488.41932313375
17090 -26453.66587542765
17100 -26527.35672244684
17110 -26471.28701138315
17120 -26334.75680472933
17130 -26128.41289993296
17140 -25901.7951141411
17150 -25863.97757107035
17160 -25968.58095884779
17170 -25664.9299654507
17180 -25317.26844319303
17190 -25006.06789370352
17200 -24713.70581297782
17210 -24439.58942562246
17220 -24460.90030508876
17230 -24772.16677257777
17240 -25028.93962103716
17250 -25052.2331664238
17260 -24959.09746219781
17270 -24829.39030730085
17280 -24610.85877400856
17290 -24285.06034747263
17300 -23972.90137051694
17310 -23746.43444193531
17320 -23698.81545939238
17330 -23853.86119043427
17340 -24122.42106084387
17350 -24484.00642456404
17360 -24835.74166201948
17370 -25184.26400571586
17380 -25513.48648759937
17390 -25716.61383723501
17400 -25832.79659626662
17410 -25942.01592484165
17420 -26085.38822380294
17430 -26269.22535021245
17440 -26596.40411235385
17450 -26865.99790596058
17460 -27105.97847578596
17470 -27066.02038969141
17480 -27109.88411114316
17490 -27323.90264145504
17500 -27599.48603814459
17510 -27713.14993986658
17520 -27566.28590024049
17530 -27517.56940586735
17540 -27527.49398017108
17550 -27347.13515292157
17560 -26989.40444085981
17570 -26671.84203691283
17580 -26556.33282796449
17590 -26896.45949601997
17600 -27140.09117296223
17610 -26977.45297671332
17620 -26737.82904015214
17630 -26604.41899150241
17640 -26641.29778510433
17650 -26705.24264604075
17660 -26447.0984657352
17670 -25986.49781937123
17680 -25513.06874088417
17690 -25096.07381985244
17700 -24653.00659088543
17710 -24211.37200053234
17720 -23762.63843165853
17730 -23568.2314752112
17740 -23623.40732554603
17750 -23758.87819905183
17760 -24082.03455621651
17770 -24471.06253260508
17780 -24887.41525684018
17790 -25263.13728568327
17800 -25528.17977743278
17810 -25829.02326041252
17820 -26227.0803580019
17830 -26623.78702805625
17840 -26781.84904124194
17850 -26716.55193403272
17860 -26896.0970150001
17870 -27520.67647001543
17880 -27949.44438191411
17890 -27765.14950255661
17900 -27590.53800550872
17910 -27458.24663067345
17920 -27386.57225953289
17930 -27144.90948440698
17940 -26874.9222858584
17950 -26827.24496185255
17960 -26752.89613170266
17970 -26689.09783413483
17980 -26540.80787317604
17990 -26081.81328676153
18000 -25689.40380091178
18010 -25235.52402222946
18020 -25126.72989949506
18030 -25015.35581165839
18040 -25040.21165497881
18050 -24910.96853615629
18060 -24607.59924519966
18070 -24830.82445799709
18080 -25234.31908043338
18090 -25402.16891659738
18100 -25312.89971958258
18110 -25033.27777524407
18120 -24823.57886719196
18130 -24785.16380194928
18140 -24734.11079263869
18150 -24689.9914721815
18160 -24726.10409520217
18170 -24983.93677403625
18180 -25340.38471419672
18190 -25930.91058108681
18200 -26481.4435258864
18210 -26651.54278494233
18220 -26582.60411696412
18230 -26572.77112946798
18240 -26713.32665871317
18250 -27180.98594466382
18260 -27564.83504391152
18270 -28009.99006220385
18280 -28357.88379129336
18290 -28174.27898565042
18300 -27601.98412769923
18310 -27249.79212354512
18320 -27075.44018501202
18330 -27064.0199068369
18340 -27069.16042497985
18350 -26981.57242817279
18360 -26602.49236234322
18370 -26256.10964261609
18380 -26314.3283289857
18390 -26598.9902323439
18400 -26975.73388871165
18410 -27118.35667799302
18420 -26925.40809330442
18430 -26753.68697763638
18440 -26691.52168724368
18450 -26658.20491566764
18460 -26487.75311137755
18470 -26176.88807207437
18480 -25727.25440420557
18490 -25270.12619909798
18500 -24789.34632996948
18510 -24357.5246979118
18520 -24202.83415352007
18530 -24254.5789351626
18540 -24414.65820286997
18550 -24837.60666052075
18560 -25545.10464978962
18570 -26194.21050167189
18580 -26671.66101462988
18590 -26942.51657641687
18600 -26830.16583115408
18610 -26852.21589581096
18620 -26780.82338225006
18630 -26946.36609321115
18640 -26993.07484333406
18650 -26900.82122973989
18660 -26797.71559016778
18670 -26699.44229009184
18680 -26671.10335126407
18690 -26745.88408174015
18700 -26694.75224743137
18710 -26689.98027731641
18720 -26861.3599905414
18730 -26753.27540322318
18740 -26584.90435113776
18750 -26905.30023820435
18760 -27353.62631300613
18770 -27762.563730842
18780 -28010.37389245096
18790 -28072.80581773941
18800 -27947.00061715295
18810 -27670.03761326371
18820 -27332.27817930959
18830 -26937.38697817718
18840 -26426.76698171156
18850 -25882.73936967703
18860 -25332.82933266995
18870 -25077.29866138199
18880 -24665.30447932245
18890 -24466.47977770116
18900 -24272.01119024225
18910 -23826.32257433323
18920 -23489.1321517138
18930 -23542.88534223664
18940 -23796.09714184729
18950 -24179.40400630331
18960 -24611.62523369241
18970 -24779.98630399456
18980 -24780.11792213408
18990 -24679.31896425427
19000 -24527.80338045091
19010 -24698.85812541316
19020 -25229.96937245943
19030 -25694.21675594808
19040 -25939.78834937909
19050 -26183.61601300456
19060 -26307.78391172091
19070 -26106.73296386387
19080 -25945.10660348511
19090 -26045.27574501908
19100 -26268.28573223766
19110 -26498.16871024735
19120 -26953.62606997561
19130 -27483.40599940133
19140 -27800.92692148201
19150 -27636.32413125765
19160 -27193.41270800183
19170 -26762.38222318817
19180 -26302.81157315216
19190 -26294.37100349543
19200 -26568.20487745541
19210 -26650.04754897667
19220 -26544.81007736612
19230 -26356.94115151577
19240 -26148.57996468464
19250 -25748.96661106354
19260 -25425.75169692596
19270 -25207.95440276661
19280 -25050.44270265478
19290 -24966.00482798757
19300 -24815.23812764144
19310 -24406.71555851756
19320 -24071.42423074081
19330 -23963.70880049718
19340 -23918.43988489273
19350 -24116.41164803777
19360 -24665.13753460376
19370 -25483.56535854651
19380 -26134.74305195973
19390 -26449.90612349908
19400 -26688.03905592988
19410 -26892.92953649553
19420 -27051.36926906874
19430 -26907.61135234741
19440 -26551.91862004361
19450 -26144.00622921621
19460 -25919.53355869491
19470 -25992.94822129455
19480 -26097.36331593728
19490 -26114.50602758382
19500 -26010.77301873011
19510 -25938.76850653
19520 -25829.35759864285
19530 -25727.33521321714
19540 -25761.62622715242
19550 -26041.38180731495
19560 -26456.21680821479
19570 -26777.19692606958
19580 -26970.68745457236
19590 -27186.06622188093
19600 -27210.63128112315
19610 -27106.93144799193
19620 -26962.71228636785
19630 -26814.52931816858
19640 -26707.63372386185
19650 -26584.08376206029
19660 -26315.9006958898
19670 -25919.10236999701
19680 -25499.57497384039
19690 -24948.17137647282
19700 -24498.48793177287
19710 -24103.00792876984
19720 -23879.03936873586
19730 -23837.70206253731
19740 -23913.41036140098
19750 -24072.62419996484
19760 -24439.40839620327
19770 -24807.85152079241
19780 -25065.717022533
19790 -25256.50437722985
19800 -25355.14956617186
19810 -25182.85089949228
19820 -25321.18294185817
19830 -25507.96799515734
19840 -25607.96290096364
19850 -25561.03843529724
19860 -25742.83823538
19870 -25991.67445250777
19880 -26159.75186137232
19890 -26311.99358276603
19900 -26053.45446357451
19910 -25637.75863818095
19920 -25352.82331979044
19930 -25228.99960389395
19940 -25395.73689720461
19950 -25647.05729079038
19960 -25869.02696275453
19970 -25800.5462055371
19980 -25832.5075904158
19990 -25850.08237700944
20000 -25785.68729119278
20010 -25887.66970656445
20020 -26019.78150644145
20030 -26066.21478700552
20040 -26091.19900178847
20050 -25986.87827379184
20060 -25811.16418286091
20070 -25572.64042527764
20080 -25270.22600183938
20090 -24894.33283391771
20100 -24465.2518286381
20110 -24053.66201051086
20120 -23829.03975302026
20130 -23805.18386839559
20140 -23978.09214779271
20150 -24387.81753175585
20160 -24995.22391041115
20170 -25527.60424212105
20180 -25985.55206034636
20190 -26186.12364392397
20200 -26255.66924132322
20220 -26263.65749207341
20230 -26073.29724388399
20240 -26306.17351463525
20250 -26565.9604867786
20260 -26637.08995442323
20270 -26326.58323132856
20280 -25982.46687027148
20290 -25813.4334892052
20300 -26033.74220171826
20310 -26390.72697742849
20320 -26409.89501105418
20330 -26275.87250703042
20340 -26120.83654838728
20350 -26114.08958341797
20360 -26440.60978187277
20370 -26739.08208581919
6610 -24890.60419302651
6620 -25106.68697962406
6630 -24999.05538226017
6640 -24887.96308446666
6650 -24799.76925071071
6660 -24685.658539277
6670 -24733.63145677853
6680 -25097.15701892351
6690 -25705.89510110886
6700 -26275.73020487898
6710 -26541.36489430516
6720 -26600.20886259647
6730 -26533.09159186761
6740 -26484.58285558634
6750 -26384.64345140713
6760 -26367.53072316793
6770 -26612.76857913527
6780 -26991.67380066669
6790 -27269.05609411407
6800 -27314.48163611407
6810 -27257.04480940934
6820 -26767.97386382848
6830 -25972.45460550375
6840 -25367.77865244472
6850 -24937.03105789818
6860 -24727.4182644168
6870 -24780.45036574277
6880 -24601.12612494949
6890 -24184.62426344075
6900 -24059.30985633839
6910 -23932.6187326565
6920 -23812.31850997657
6930 -23801.34114044777
6940 -23854.8824110011
6950 -23970.63564669764
6960 -24158.51785650618
6970 -24191.95734704088
6980 -24305.12555592811
6990 -24423.86117354491
7000 -24705.34786024913
7010 -24648.95821456051
7020 -24773.30722233216
7030 -25267.08949721611
7040 -25556.85400526219
7050 -25717.36608910351
7060 -25895.69447441982
7070 -26233.47416331255
7080 -26472.82372624194
7090 -27040.01755111831
7100 -27345.47397841162
7110 -27338.89222497704
7120 -27154.68825347667
7130 -26924.00615790641
7140 -26945.19918194099
7150 -27202.00902733004
7160 -27466.75210828414
7170 -27545.22116676903
7180 -27302.43302525978
7190 -26981.3600460433
7200 -26738.10100805132
7210 -26370.94380710174
7220 -25891.60613955752
7230 -25194.8765372018
7240 -24721.18830214245
7250 -24278.13358681164
7260 -24060.1261580652
7270 -24027.24330011199
7280 -24344.77365562748
7290 -24351.42385792478
7300 -24364.13282447553
7310 -24576.71947714043
7320 -24318.61965296511
7330 -23982.70553618408
7340 -24130.40042201499
7350 -24433.85324658434
7360 -24884.64512547032
7370 -25426.70406131514
7380 -25783.13999359562
7390 -26047.32544941205
7400 -26160.92539305656
7410 -26213.33242002502
7420 -26188.78322225058
7430 -26355.27996091877
7440 -26722.48941672819
7450 -26513.14132861936
7460 -25976.18569274095
7470 -25853.30737247127
7480 -25713.01505571808
7490 -25668.28079626241
7500 -26063.18480788169
7510 -26227.86598090102
7520 -25937.33699907313
7530 -25711.39221273714
7540 -25551.86466997416
7550 -25321.94268620763
7560 -25153.44431937503
7570 -25182.18930837549
7580 -25251.24872315536
7590 -25354.53988086518
7600 -25620.65603683677
7610 -25927.82844325516
7620 -26073.69813861863
7630 -25932.42409945361
7640 -25571.60716940977
7650 -25281.63674143869
7660 -24945.17045461531
7670 -24493.09113565949
7680 -24145.01957506146
7690 -23929.93368304386
7700 -23613.52371220043
7710 -23359.7381805417
7720 -23177.02532743299
7730 -23335.79702512254
7740 -23414.04326810333
7750 -23312.45898644974
7760 -23177.65462241312
7770 -23429.3814979181
7780 -23753.85904812812
7790 -23797.43037572233
7800 -24276.37954647713
7810 -24891.14350611632
7820 -25557.93967819373
7830 -26121.09159204009
7840 -26279.09475369149
7850 -25954.7379541811
7860 -25710.87283878791
7870 -25662.31737425805
7880 -25794.84394035867
7890 -26002.66460708895
7900 -26370.24969320174
7910 -26790.12567926873
7920 -26975.68820393333
7930 -27006.49805513064
7940 -27040.28458643624
7950 -26978.86175119924
7960 -26908.87519321944
7970 -26890.49105348187
7980 -26454.80797976355
7990 -25872.59030110787
8000 -25668.75908635523
8010 -25611.36817801081
8020 -25208.22103293686
8030 -24934.85341759337
8040 -24907.32369620895
8050 -24998.04051819114
8060 -25008.61772124888
8070 -24896.62089535802
8080 -24749.59936052158
8090 -24554.89623233067
8100 -24279.05815036548
8110 -24152.27243939158
8120 -24081.55431532029
8130 -24229.11020725435
8140 -24567.6769817036
8150 -25019.39597659448
8160 -25426.66719835534
8170 -25757.01211909279
8180 -25939.04280447955
8190 -26017.03593867565
8200 -26267.74084278984
8210 -26528.95887314884
8220 -26937.31527837002
8230 -27479.39205519053
8240 -27904.14152145111
8250 -28234.46793823348
8260 -28171.02316610515
8270 -27790.96081504262
8280 -27285.10666797795
8290 -26758.77370086905
8300 -26265.34565328169
8310 -25810.50870029411
8320 -25640.40302487031
8330 -25847.87089276977
8340 -26183.03266554901
8350 -26179.38093500266
8360 -25916.5641815948
8370 -25488.28740497466
8380 -25087.37331534274
8390 -24675.24573832769
8400 -24331.07524515032
8410 -24109.23551193524
8420 -24264.58739953683
8430 -24726.30428988549
8440 -25000.38028823924
8450 -25005.83503157472
8460 -24971.1304690547
8470 -24994.97136983723
8480 -25006.66852309162
8490 -24820.84495001117
8500 -24486.29820764627
8510 -24084.76856463448
8520 -23693.57875695194
8530 -23446.46884435814
8540 -23514.23579276128
8550 -23760.79782816578
8560 -24118.83759680532
8570 -24693.93045996449
8580 -25200.42609159064
8590 -25664.40867725997
8600 -26323.15201202184
8610 -26716.37577074008
8620 -26957.79371761944
8630 -27197.08312986943
8640 -27499.42125114947
8650 -27399.69891092405
8660 -27377.8713732903
8670 -27432.69107598712
8680 -27991.90881044736
8690 -27879.81141875887
8700 -27261.68927251339
8710 -26816.51147967625
8720 -26664.57935347288
8730 -26330.00333595521
8740 -25809.82674636862
8750 -25504.91487906799
8760 -25417.39721431131
8770 -25525.16008325457
8780 -25743.98871025899
8790 -26176.60587336461
8800 -26570.91939706658
8810 -26719.70416506679
8820 -26827.03193184074
8830 -26887.13178317577
8840 -26732.13083861079
8850 -26505.74853188971
8860 -26212.55947708172
8870 -25798.84766530915
8880 -25493.56850512305
8890 -25177.93535093588
8900 -24851.13161432015
8910 -24739.79970411428
8920 -24767.63783264397
8930 -24770.16569266886
8940 -24705.24434385032
8950 -24630.04305025156
8960 -24519.74495289308
8970 -24439.42650990189
8980 -24607.38645285309
8990 -25174.40008114621
9000 -25834.4435915659
9010 -26521.52458057247
9020 -27106.4784141023
9030 -27269.65401420834
9040 -27635.86470514726
9050 -27690.85119138478
9060 -28141.69282918836
9070 -28656.63199835141
9080 -28631.43394082266
9090 -28121.03055043431
9100 -27589.78816468611
9110 -27292.33758398316
9120 -27053.75181045225
9130 -26756.93392379891
9140 -26525.64827104127
9150 -26596.75258135652
9160 -26645.37611156457
9170 -26365.67938520446
9180 -26214.91634706474
9190 -26251.20294945813
9200 -26140.01740727936
9210 -26182.39868774547
9220 -26233.43205410575
9230 -25997.79018364544
9240 -25693.29425682538
9250 -25465.85253599337
9260 -25309.83693838679
9270 -25026.28456730466
9280 -24700.94671715278
9290 -24490.15693808726
9300 -24427.88403588574
9310 -24236.4986482364
9320 -24104.76623359045
9330 -24192.86319531073
9340 -24533.17535262793
9350 -24994.85619464211
9360 -25251.61612037947
9370 -25236.29685436277
9380 -25563.58729786286
9390 -26294.37320917792
9400 -26817.17792502377
9410 -27111.02546201788
9420 -27143.6279565402
9430 -27205.24743176617
9440 -27114.08722901893
9450 -27100.01930284025
9460 -27442.69641242851
9470 -27845.57808417093
9480 -27607.01289696161
9490 -27303.01424014675
9500 -27012.22076216682
9510 -26769.8561972907
9520 -26646.13922936109
9530 -26581.97147377895
9540 -26494.71869387808
9550 -26372.89894518843
9560 -26247.61540487478
9570 -26278.48545526002
9580 -26231.93155189126
9590 -26068.6982790692
9600 -26021.04282660441
9610 -26102.73231236498
9620 -26101.74217573134
9630 -25935.19295645351
9640 -25635.44006778628
9650 -25309.83589355898
9660 -25059.06991488904
9670 -24682.52770763034
9680 -24098.31618049318
9690 -23665.31005659552
9700 -23535.38569632095
9710 -23331.57619256507
9720 -23329.02701602181
9730 -23503.81212998476
9740 -23857.74845080815
9750 -24336.1472728285
9760 -24908.39497322591
9770 -25309.95597902955
9780 -25487.39329055632
9790 -25344.72078935859
9800 -25588.32080482414
9810 -25911.55625604326
9820 -26227.71402015653
9830 -26606.17686278633
9840 -26954.82322517529
9850 -27313.34907917948
9860 -27672.75003649321
9870 -27935.23465225718
9880 -27794.736991466
9890 -27559.58843695103
9900 -27424.77118371593
9910 -27071.43668914558
9920 -26900.48276947665
9930 -27012.11193035795
9940 -26817.44773519406
9950 -26764.76988950064
9960 -26705.00557630672
9970 -26810.54019726214
9980 -27018.64107689085
9990 -27166.9006453238
10000 -27140.70423043805
10010 -27126.98459626217
10020 -27128.29384343063
10030 -26806.74735382552
10040 -26360.10769136822
10050 -26121.56675896882
10060 -26147.32683700143
10070 -26220.17544713837
10080 -26091.90358793121
10090 -25697.29728034569
10100 -25139.69073678826
10110 -24534.61041562331
10120 -24109.69425212519
10130 -23904.64231785501
10140 -23895.30381107752
10150 -24042.26636915305
10160 -24361.18945527609
10170 -24785.17320827347
10180 -25220.12830364904
10190 -25728.22188663169
10200 -26126.8905571105
10210 -26503.05389841867
10220 -26730.99680237803
10230 -26838.61001441308
10240 -26926.70012483938
10250 -27007.95484796992
10260 -27211.32155169813
10270 -27181.78582179326
10280 -26638.92706635744
10290 -25993.06442487919
10300 -25634.45780061927
10310 -25434.82844397543
10320 -25247.11756264032
10330 -25015.55937723809
10340 -25042.41625524504
10350 -25356.89072402639
10360 -25667.83443398808
10370 -26141.61948016568
10380 -26519.8514324081
10390 -26774.95826095562
10400 -27007.4762514835
10410 -27108.87100104035
10420 -27133.90429112872
10430 -27120.64711577208
10440 -27110.50354591928
10450 -26998.73991283868
10460 -26966.33463604704
10470 -26883.94333617087
10480 -26633.86832689254
10490 -26365.53259892812
10500 -26094.37477070387
10510 -25563.28667613441
10520 -24901.12377858082
10530 -24459.49350601421
10540 -24205.96518357259
10550 -24219.26566961613
10560 -24315.8150968484
10570 -24395.96801192543
10580 -24524.5129117735
10590 -24809.14979039071
10600 -24904.81570417473
10610 -25018.71100453322
10620 -25161.72875076588
10630 -25179.4290744489
10640 -25089.27623811115
10650 -24877.88045856064
10660 -24647.53229390286
10670 -24518.66653218283
10680 -24686.45633930184
10690 -24873.25446865573
10700 -25044.51496936575
10710 -25365.67540332226
10720 -25695.73823497379
10730 -25995.97163850868
10740 -26101.99850241363
10750 -25982.86261112549
10760 -25813.32444738918
10770 -25591.22712690588
10780 -25378.89931471477
10790 -25169.73758576244
10800 -25019.66159246359
10810 -24948.71750302036
10820 -24934.50061382813
10830 -25105.95400307098
10840 -25449.5113561921
10850 -25757.07383141896
10860 -25925.12049992593
10870 -25991.4420264909
10880 -26052.07753945276
10890 -26018.61415112337
10900 -25796.27614552582
10910 -25629.98960984106
10920 -25512.25455886275
10930 -25431.61710286942
10940 -25558.56401068425
10950 -25725.27924989883
10960 -25816.65820125998
10970 -25821.45607000777
10980 -25988.96667308775
10990 -26245.95563091849
11000 -26414.78535345804
11010 -26583.05794855447
11020 -26646.77087291931
11030 -26841.64818725687
11040 -26862.01863556002
11050 -26767.63050665872
11060 -26778.7415365132
11070 -26838.92240155481
11080 -27210.75904364348
11090 -27594.31077170039
11100 -27831.92742734026
11110 -27867.84445932698
11120 -27617.12506640668
11130 -27225.48290932038
11140 -26834.37604841502
11150 -26545.67481552404
11160 -26343.79908699751
11170 -26204.89803832849
11180 -26135.23046020639
11190 -26027.76855585801
11200 -25944.36486918259
11210 -25908.08113720784
11220 -25994.48638261561
11230 -26215.91264695935
11240 -26030.02104313592
11250 -25645.37718761002
11260 -25061.41424379489
11270 -24609.05166847654
11280 -24162.57170068624
11290 -23704.73181377152
11300 -23426.6176586278
11310 -23304.06907831307
11320 -23448.71889740358
11330 -23885.11088161976
11340 -24252.67271772062
11350 -24238.60365517035
11360 -24259.25365892729
11370 -24417.09905586558
11380 -24493.29607696291
11390 -24658.64248743074
11400 -24876.48777334021
11410 -25176.31022696767
11420 -25376.33226628912
11430 -25579.04658452672
11440 -26036.37605480513
11450 -26787.19659784338
11460 -27520.40357838074
11470 -27805.86679624121
11480 -27834.44376751579
11490 -27375.07260510184
11500 -26817.63638614825
11510 -26442.59918281663
11520 -26186.91170728204
11530 -25804.73830030934
11540 -25408.36378525707
11550 -25367.38892233124
11560 -25605.40905537592
11570 -25717.31103550826
11580 -25533.41507917901
11590 -25285.14479394621
11600 -25145.19108146485
11610 -25262.2929980994
11620 -25645.88971498932
11630 -26075.20742621617
11640 -26321.71111538102
11650 -26397.69787342932
11660 -26285.922360294
11670 -26018.43425953277
11680 -25744.42253491365
11690 -25537.58510690533
11700 -25341.60800626217
11710 -24753.92750090545
11720 -24354.66667092159
11730 -24631.62004427357
11740 -24933.83950752859
11750 -24880.71544256594
11760 -24957.29261234276
11770 -24884.62951403209
11780 -25075.8290469201
11790 -25483.62795407577
11800 -25575.36888367617
11810 -25520.68896324485
11820 -25528.70204446062
11830 -26044.91039512094
11840 -26315.33768225027
11850 -26348.11186937022
11860 -26555.93714428978
11870 -26826.16079189455
11880 -27108.63405701519
11890 -27461.1292621178
11900 -27802.21252013211
11910 -27900.87239723289
11920 -27845.7928734424
11930 -27800.49728239339
11940 -27826.0161374582
11950 -27792.20228657138
11960 -27574.55666001615
11970 -27274.27099745704
11980 -26812.33153090996
11990 -26189.29343748088
12000 -25842.93680195617
12010 -26172.36259935256
12020 -26863.30419687449
12030 -26952.36356313154
12040 -26520.48405782606
12050 -26159.8750784185
12060 -25731.14767146108
12070 -25515.64381321722
12080 -25059.40180930862
12090 -24638.57406568505
12100 -24324.9971138497
12110 -24115.4892302566
12120 -24130.07092186853
12130 -24212.23383743983
12140 -24436.86762357859
12150 -24619.00802401307
12160 -24714.10337095181
12170 -24690.95654224847
12180 -24807.58487184222
12190 -25026.62704069695
12200 -24808.79353347242
12210 -24964.6397899516
12220 -25373.02042360072
12230 -25689.94078023651
12240 -25923.58146607048
12250 -26051.24559341915
12260 -26147.43304817746
12270 -26120.86039580465
12280 -26033.09134805929
12290 -26108.95105984057
12300 -26275.69256018796
12310 -26311.25367275769
12320 -26341.84148867797
12330 -26357.54494600835
12340 -26498.6432965051
12350 -26804.4086598776
12360 -27164.59963360195
12370 -27409.06063912702
12380 -27483.40413391251
12390 -27531.65272598756
12400 -27525.10962608808
12410 -27728.03218296486
12420 -27981.90302876529
12430 -28032.67618860753
12440 -27714.00979990189
12450 -27146.66152226368
12460 -26728.30679624083
12470 -26470.26022238019
12480 -25999.83962707527
12490 -25311.94466484112
12500 -24579.23735487872
12510 -24056.8690155916
12520 -23634.25927102799
12530 -23557.25804006288
12540 -23723.85783072906
12550 -23864.16857608118
12560 -24041.7325462606
12570 -24204.41874721174
12580 -24327.24533800579
12590 -24563.27312412809
12600 -24855.45886972249
12610 -25058.46539258614
12620 -25219.90091953185
12630 -25512.4159260848
12640 -25756.23323183012
12650 -25752.35026689
12660 -25781.46580130075
12670 -25750.37915778074
12680 -25957.84754880228
12690 -26233.00887437191
12700 -26458.18693014386
12710 -26686.1752227294
12720 -26748.86749908411
12730 -26444.47557205758
12740 -26225.17637807081
12750 -26473.15508007538
12760 -26878.52753339012
12770 -27168.12180209625
12780 -27290.76658650556
12790 -27340.1411174445
12800 -27423.41204253815
12810 -27272.22089747567
12820 -27102.47333385924
12830 -27007.97135701942
12840 -26851.7895511226
12850 -26804.96221215324
12860 -26886.76526268025
12870 -26756.15478458114
12880 -26231.82765015137
12890 -25733.38679436517
12900 -25098.09155489868
12910 -24664.76685470986
12920 -24484.35227465726
12930 -24580.30853076431
12940 -24686.11890362537
12950 -24897.51611033805
12960 -25159.07047585327
12970 -25437.05251873224
12980 -25597.52377865898
12990 -25474.25271470965
13000 -25441.74637372445
13010 -26103.28705663303
13020 -26437.85973946477
13030 -26324.92569327074
13040 -26325.89571194474
13050 -26433.21453076143
13060 -26545.53379049121
13070 -26683.15398938742
13080 -26866.64853987793
13090 -27005.04397417768
13100 -27079.15345713694
13110 -27143.7761001039
13120 -27158.55932147602
13130 -27195.74748083305
13140 -27310.31736534262
13150 -27325.05030686446
13160 -27102.30902110587
13170 -26940.06214650297
13180 -26772.13526724991
13190 -26411.74773006438
13200 -25980.5220431205
13210 -25582.25253639108
13220 -25262.46443319954
13230 -24950.82377839135
13240 -24664.25626822214
13250 -24685.24657131517
13260 -24821.61327469423
13270 -24687.11525281344
13280 -24522.0976048093
13290 -24255.80424855243
13300 -23966.8442430874
13310 -23715.55163950553
13320 -23590.35924743677
13330 -23805.29033269381
13340 -24192.14729732545
13350 -24464.87741806545
13360 -24673.02685079029
13370 -25021.59574021015
13380 -25173.97677113034
13390 -25361.68592156522
13400 -25937.39793081469
0 -20374.40636943826
10 -23426.76512687262
20 -23544.94882549235
30 -23588.42319283926
40 -23614.57195381353
50 -23600.82949388127
60 -23449.13583413223
70 -23160.57332727953
80 -22592.88827228365
90 -21763.96771468994
100 -20754.76937843671
110 -19529.8346601189
120 -18465.36849238704
130 -17952.58562816524
140 -17949.52534181768
150 -18102.19093340081
160 -18320.57011537506
170 -18424.18486092529
180 -18398.24856147093
190 -18325.77497810395
200 -18365.99886646782
210 -18426.34827377981
220 -18443.60259312055
230 -18373.3858848154
240 -18301.24389210973
250 -18438.11397706608
260 -18754.79881461474
270 -18967.77293685834
280 -19067.1996246827
290 -19146.77310392044
300 -19351.82974286389
310 -19651.15538110091
320 -19844.90521361537
330 -19932.99721045189
340 -19922.12040019994
350 -19800.13444001186
360 -19609.37479817449
370 -19510.49938271415
380 -19634.61317629824
390 -19725.90943012237
400 -19690.52545366077
410 -19751.92041882207
420 -19824.93666515181
430 -19875.24267103369
440 -19867.56535493783
450 -19843.56511191058
460 -19806.00638309418
470 -19777.69235231055
480 -19758.2994058061
490 -19697.51312326583
500 -19575.16170071207
510 -19442.039068488
520 -19371.20497644633
530 -19415.45813306282
540 -19549.82682929229
550 -19743.14490739581
560 -19981.0337500075
570 -20168.84781277868
580 -20269.61454921486
590 -20369.87889342592
600 -20497.66539239355
610 -20620.67366639884
620 -20970.58006669914
630 -21467.78186471708
640 -21772.89834828975
650 -22001.1691475838
660 -22053.95441235472
670 -21983.85595192509
680 -21828.30294365988
690 -21740.45062701147
700 -21747.84500865469
710 -21740.07372434167
720 -21914.18885828995
730 -22279.93337990158
740 -22440.82293149051
750 -22496.39586432037
760 -22663.5967749378
770 -22649.11789674919
780 -22387.20335591811
790 -22242.77107397528
800 -22474.01407129325
810 -22636.96876044675
820 -22825.59768232509
830 -23217.78512029217
840 -23560.45680473111
850 -23865.8537159367
860 -24203.34221574699
870 -24154.12847121573
880 -23560.37480315903
890 -22862.29503624082
900 -22373.87445569524
910 -21982.28305256334
920 -21381.30169735853
930 -21001.56311331562
940 -20911.39879069577
950 -20926.3955925837
960 -21219.27475037681
970 -21483.83143269936
980 -21541.92909146591
990 -21596.80914375954
1000 -21844.72148708887
1010 -22176.26192162757
1020 -22648.89393790205
1030 -23061.92736023032
1040 -23388.71064331862
1050 -23317.90610432867
1060 -23241.23805992176
1070 -23446.56844029672
1080 -23719.78948588071
1090 -23738.61580750297
1100 -23573.53206415604
1110 -23510.49667472421
1120 -23804.29244909928
1130 -24370.72735432476
1140 -24979.88959738896
1150 -25367.50188296127
1160 -25572.32319716246
1170 -25710.63610307791
1180 -25802.16755187998
1190 -25684.82137820985
1200 -25240.60180283818
1210 -24529.17849226973
1220 -23792.69249112126
1230 -23122.01654599168
1240 -22495.0739418209
1250 -21994.41243280393
1260 -22147.97828044396
1270 -22525.53028738021
1280 -22692.40456308232
1290 -22629.50413991183
1300 -22249.76331989552
1310 -21708.1658378547
1320 -21213.53467222675
1330 -21015.111968719
1340 -21163.26108574042
1350 -21388.22175634816
1360 -21585.80994315148
1370 -21710.47478055477
1380 -21741.99983897852
1390 -21717.01514539752
1400 -21738.03543228862
1410 -21872.39640392899
1420 -22140.86139769671
1430 -22587.03250829649
1440 -22988.18633300666
1450 -23403.35275965303
1460 -23910.47499420108
1470 -24321.17879883478
1480 -24787.47615556167
1490 -24995.41630847191
1500 -25264.50345645285
1510 -25732.80939485788
1520 -26273.65188382493
1530 -26705.20920689915
1540 -26929.81265952276
1550 -26900.24575453384
1560 -26832.07994870228
1570 -26545.7572611207
1580 -25988.47398241913
1590 -25305.18936117765
1600 -25074.57603913277
1610 -25285.29141349192
1620 -25369.61289235769
1630 -24750.44709366664
1640 -23989.53294508071
1650 -23932.49540211069
1660 -24029.44174231239
1670 -23573.8814735057
1680 -23024.18908238715
1690 -22835.86571499339
1700 -22754.98226709118
1710 -22644.73658864892
1720 -22473.03690932409
1730 -22545.44543845452
1740 -22880.87034196337
1750 -23396.69846142854
1760 -23905.733023076
1770 -24388.53118696587
1780 -24689.75912132333
1790 -24728.61960156937
1800 -25094.26578346723
1810 -25641.70054030152
1820 -25666.29167825043
1830 -24740.71022320908
1840 -24657.20835873909
1850 -25070.55641334402
1860 -24513.96096561526
1870 -24189.42567470876
1880 -23969.92172516747
1890 -23840.20396703545
1900 -23707.67805115948
1910 -22940.08440149026
1920 -22570.10282434253
1930 -22887.22064454075
1940 -23305.29057126038
1950 -23377.92720795883
1960 -23355.74817062178
1970 -23433.62734755693
1980 -23508.87636608324
1990 -23771.46658928878
2000 -24147.18362943974
2010 -24378.81625799017
2020 -24537.13137234487
2030 -24545.14587106345
2040 -24471.43152820966
2050 -24357.41668039184
2060 -24054.01931826907
2070 -23573.11827291754
2080 -23089.8166457509
2090 -22663.07819928882
2100 -22439.15454736157
2110 -22349.07692843805
2120 -22356.6809183413
2130 -22398.79421507432
2140 -22600.14911753781
2150 -23021.90048438287
2160 -23352.55230468817
2170 -23654.81119795033
2180 -24257.80185401382
2190 -24915.92742990078
2200 -25539.69269419517
2210 -26219.45011559367
2220 -26906.14539362506
2230 -27641.10189135121
2240 -27935.55506720945
2250 -27150.67429560309
2260 -27338.79609756699
2270 -27830.6892235273
2280 -28270.46237639124
2290 -27804.40540347246
2300 -26995.01041064761
2310 -26767.78913563391
2320 -26435.25559016129
2330 -26272.91624603559
2340 -26014.7076057394
2350 -25940.26205326644
2360 -26027.47153607434
2370 -25831.24664594721
2380 -25394.97601476857
2390 -25009.7072891717
2400 -24795.85562348992
2410 -24554.60795192834
2420 -24358.64653324719
2430 -24242.35049643436
2440 -24439.19104947352
2450 -24648.03456286121
2460 -24684.24894965017
2470 -24510.22421424654
2480 -24109.84619899833
2490 -23774.76059199249
2500 -23493.82397180357
2510 -23194.7351308286
2520 -22898.39671186182
2530 -22761.48036109374
2540 -22974.76731175193
2550 -23383.52652800454
2560 -23784.28266642155
2570 -24134.23487658862
2580 -24385.12846863213
2590 -24541.26088465998
2600 -24512.44214487906
2610 -24537.34487251655
2620 -24642.62751037527
2630 -25190.79592952625
2640 -25012.34953251764
2650 -25024.87250425862
2660 -25655.21771046357
2670 -26099.84520550774
2680 -25938.35355643799
2690 -25564.61569726378
2700 -25406.29622605908
2710 -25751.29455508904
2720 -25810.24761079179
2730 -25475.78737926747
2740 -25098.66563182541
2750 -24967.46206740204
2760 -25077.87328768526
2770 -25157.46884138781
2780 -25130.38614589774
2790 -24921.92184753028
2800 -24723.56454284628
2810 -24289.40417862324
2820 -23533.01943224775
2830 -23097.12748051626
2840 -22883.52523584593
2850 -22932.3902069271
2860 -22990.86579281434
2870 -22854.48025314063
2880 -22670.23586846798
2890 -22487.39098907398
2900 -22443.05188092487
2910 -22518.18447537751
2920 -22568.49724645421
2930 -22638.49993023924
2940 -22787.50798979066
2950 -22991.89099898468
2960 -23345.17760643752
2970 -23748.96306914551
2980 -24066.5742420309
2990 -24252.57686457047
3000 -24428.12385367123
3010 -24716.93507258577
3020 -25038.87441780248
3030 -25037.9600147212
3040 -24420.81339619537
3050 -24952.03083442646
3060 -25602.26913756959
3070 -25905.18311151442
3080 -26177.83439459455
3090 -26370.68680635756
3100 -26258.99248067897
3110 -26328.99970124849
3120 -26596.08014069748
3130 -26525.09774628869
3140 -26117.13065052368
3150 -25991.5926064688
3160 -26175.23030636976
3170 -26270.93884342927
3180 -26054.27091399799
3190 -25801.89210881129
3200 -25623.2905032397
3210 -25331.96723913688
3220 -24752.60247284027
3230 -24293.11943841857
3240 -24142.96870138076
3250 -24010.90657814533
3260 -23938.63235010769
3270 -23792.70890314243
3280 -23561.59449986536
3290 -23479.18584633408
3300 -23387.83420567791
3310 -22953.53918529661
3320 -22521.13988128542
3330 -22136.36379798452
3340 -21991.1123801344
3350 -22109.09948275827
3360 -22430.02024061429
3370 -22984.18985735924
3380 -23688.25051763785
3390 -24320.33127210401
3400 -24665.85508964786
3410 -24802.02279252983
3420 -25124.78167221431
3430 -25950.6139930295
3440 -26586.4151508415
3450 -26913.3333832954
3460 -26795.35188568644
3470 -26453.86668740064
3480 -25878.48244586061
3490 -24880.44216554613
3500 -24381.34327130637
3510 -24988.59041461846
3520 -25407.89554352741
3530 -25619.35557589092
3540 -25513.35701286967
3550 -25218.2970816061
3560 -24726.09395904717
3570 -24390.49965610402
3580 -24164.81002479561
3590 -24223.59153770193
3600 -24471.49823048636
3610 -24694.81850919763
3620 -24764.43528347302
3630 -24827.21700116641
3640 -24904.20000031752
3650 -25116.07497840989
3660 -25361.97813879464
3670 -25495.23354927661
3680 -25463.6818646753
3690 -25310.04022355046
3700 -25078.18896161668
3710 -24860.62235337407
3720 -24661.60982972491
3730 -24522.8098392112
3740 -24408.79287063847
3750 -24394.53215843439
3760 -24397.16323767788
3770 -24374.99049578637
3780 -24340.43088495615
3790 -24203.30586372798
3800 -24078.45961293257
3810 -24227.57165944319
3820 -24144.35442036361
3830 -24128.56919970189
3840 -24300.80046034715
3850 -24284.16218154322
3860 -24113.98934916688
3870 -24310.81194714067
3880 -24641.71872334751
3890 -24915.32558549941
3900 -25148.86261432036
3910 -25194.34560882986
3920 -25280.43592750034
3930 -25213.54119522748
3940 -25166.90156640526
3950 -25282.59368085829
3960 -25695.78947414264
3970 -26110.40429540494
3980 -26420.95749422542
3990 -26429.57588430578
4000 -26381.31762081498
4010 -26392.51140051437
4020 -26356.44097229484
4030 -26147.99339470647
4040 -25862.8309602392
4050 -25319.17462455616
4060 -24707.1408380707
4070 -24154.02956834827
4080 -23964.47739690453
4090 -23852.73172821828
4100 -23494.68790515373
4110 -23121.25613859206
4120 -22971.17319117537
4130 -23170.37188571442
4140 -23547.06489961848
4150 -23946.54990619915
4160 -24349.05415044482
4170 -24682.37518528053
4180 -24874.59594654535
4190 -25071.18777855021
4200 -25364.75523561461
4210 -25696.93385463158
4220 -26125.49854028241
4230 -26138.48917612874
4240 -25727.74567780858
4250 -25600.10328624265
4260 -25948.29876798782
4270 -26345.86780511912
4280 -26578.44013866409
4290 -26281.34018618472
4300 -26041.02924290267
4310 -25926.25206331166
4320 -26251.09672855896
4330 -26667.67763253912
4340 -26963.81970455062
4350 -27275.89104080832
4360 -27447.38416317606
4370 -27387.76292981834
4380 -27014.66686915392
4390 -26374.1448073755
4400 -25778.27909241985
4410 -25548.79739536186
4420 -25413.72361165054
4430 -25291.079082239
4440 -25200.67819074089
4450 -25135.51733938283
4460 -24829.08571281447
4470 -24185.94681410598
4480 -23645.85585890686
4490 -23050.80100243587
4500 -22743.94657369705
4510 -22911.3444732651
4520 -22848.80940178975
4530 -22734.90135906302
4540 -22870.24363418505
4550 -22982.13616758054
4560 -23041.8067198659
4570 -23197.55348066175
4580 -23397.74902889281
4590 -23479.72517655421
4600 -23566.44085069103
4610 -23931.38134051023
4620 -24532.95829318265
4630 -25150.21299090087
4640 -25745.62247954558
4650 -26083.19490430508
4660 -26092.22607995632
4670 -25853.52525080108
4680 -25571.26561352846
4690 -25468.46728126975
4700 -25475.98687280836
4710 -25459.38935872477
4720 -25408.70352539927
4730 -25356.99755434175
4740 -25296.74364565144
4750 -25513.97931454343
4760 -26017.35813318873
4770 -26537.22375468761
4780 -26654.1234372567
4790 -26484.53025138425
4800 -26389.62488056086
4810 -26454.8564148511
4820 -26417.4045484012
4830 -26261.23070256822
4840 -26172.90106540742
4850 -26351.02691633273
4860 -26529.18889638769
4870 -26380.92201737738
4880 -25964.33603206015
4890 -25443.25453560068
4900 -24962.47377282075
4910 -24615.85250544674
4920 -24293.2938360666
4930 -24142.47666587028
4940 -24315.12377092016
4950 -24512.35659581026
4960 -24759.38842083568
4970 -24919.34434701649
4980 -25280.18189522074
4990 -25664.68969484424
5000 -25892.19409914378
5010 -25941.43703646162
5020 -26032.72011963031
5030 -25903.1419800375
5040 -25459.55449419612
5050 -25271.68389047299
5060 -25225.05280215948
5070 -25019.2994543686
5080 -24616.26836707949
5090 -24280.7113203842
5100 -24248.04374454262
5110 -24282.37092236889
5120 -24305.88169387411
5130 -24483.36498935442
5140 -24784.58182667733
5150 -25079.29485509812
5160 -25240.95376056046
5170 -25283.85469845787
5180 -25216.01170203825
5190 -25012.84279226804
5200 -24824.62318179446
5210 -24608.68730531476
5220 -24517.85971590186
5230 -24533.66544747834
5240 -24467.92855605422
5250 -24393.03276235535
5260 -24417.27956419098
5270 -24467.34013307368
5280 -24490.59601224739
5290 -24347.75901971477
5300 -23989.58480468821
5310 -23648.34271480671
5320 -23263.12535171659
5330 -23090.21523877584
5340 -23055.07668069082
5350 -23038.53894966852
5360 -23005.46748687288
5370 -23126.94053949152
5380 -23482.26725129056
5390 -23842.89691804703
5400 -24290.52443709864
5410 -24908.34431290256
5420 -25443.27085796402
5430 -25961.23949785049
5440 -26241.84339304456
5450 -26852.096770547
5460 -27621.91117035277
5470 -27757.65906157373
5480 -27617.5273107505
5490 -27301.91389037245
5500 -27092.78852127979
5510 -27733.00968354914
5520 -27975.06698803087
5530 -27646.42569238131
5540 -27644.90835694442
5550 -27646.17013386457
5560 -27257.80900554303
5570 -26845.23896830049
5580 -26594.45758383008
5590 -26287.39409742779
5600 -26211.94510470505
5610 -26146.52919817163
5620 -25905.71218690842
5630 -25780.10046016328
5640 -25681.53085788542
5650 -25342.95676806311
5660 -24913.34841645563
5670 -24593.55046903789
5680 -24333.18227664552
5690 -24043.44503612525
5700 -23556.83393472129
5710 -23061.98528233647
5720 -22632.15906402898
5730 -22337.55520115922
5740 -22376.21540752442
5750 -22626.6526085359
5760 -22885.67241526938
5770 -23133.93368725147
5780 -23414.83560866114
5790 -23706.50292841877
5800 -23881.23361047644
5810 -24594.48607262679
5820 -25223.55599074064
5830 -25352.78517982609
5840 -25765.49698631056
5850 -25822.80077418297
5860 -25799.16862785556
5870 -25530.56428103319
5880 -25489.14023012813
5890 -26710.89818559819
5900 -27123.48069904678
5910 -27207.94473455322
5920 -27207.63339280373
5930 -27115.82079787849
5940 -27115.69512986783
5950 -26961.70431104754
5960 -26644.65111488966
5970 -26241.17581603591
5980 -26077.29773802722
5990 -26041.02952309998
6000 -26021.24501938474
6010 -26075.17802846513
6020 -26164.14766725557
6030 -26061.52733846602
6040 -25917.94787857906
6050 -25371.11024584922
6060 -24780.9753515974
6070 -24364.68076277797
6080 -23970.41945016939
6090 -23383.43222625879
6100 -22869.93093291696
6110 -22622.63300796878
6120 -22773.84060896628
6130 -23363.23890770489
6140 -23866.37763291013
6150 -24298.44087150344
6160 -24765.40142011167
6170 -25122.78800677918
6180 -25428.00341613873
6190 -25677.5185591171
6200 -25831.66243899673
6210 -25722.59665675022
6220 -25564.60336346643
6230 -25632.30892587483
6240 -25590.51773963502
6250 -25532.07697514518
6260 -25647.24938524285
6270 -25738.92531558502
6280 -25384.59090286526
6290 -25391.24819698894
6300 -25485.090847347
6310 -25807.4476431687
6320 -25810.69944556201
6330 -25593.81684477678
6340 -25194.05835010017
6350 -24894.86423896986
6360 -24912.10299526035
6370 -24882.26569025529
6380 -25198.76453953892
6390 -25743.8244956163
6400 -25720.87533291819
6410 -25445.28640148269
6420 -25341.22842488797
6430 -25286.93062948292
6440 -25115.65688759471
6450 -25068.83740717628
6460 -25228.91786793404
6470 -25396.79719145885
6480 -25382.47554027462
6490 -25133.29337634104
6500 -24784.00436578194
6510 -24506.23217918538
6520 -24463.126646644
6530 -24652.43876895289
6540 -24567.84617062797
6550 -24501.6794795478
6560 -24639.42029045244
6570 -24914.71292048687
6580 -25160.81135005091
6590 -25068.99538607975
6600 -24719.30750324253
6610 -24887.67506619425
6620 -25104.82470730558
6630 -24997.0158360507
6640 -24890.59950690249
6650 -24793.55249943597
6660 -24692.00142583464
6670 -24729.17878715972
6680 -25097.33923443789
6690 -25712.88801223576
6700 -26267.71503131886
6710 -26534.58143639829
6720 -26599.46781915829
6730 -26532.13475329097
6740 -26472.66548059302
6750 -26385.61131184139
6760 -26365.29879577285
