"Time Step" "ho-hemolysis"
0 0.16209353280117
10 0.1621156291872276
20 0.1621248947416529
30 0.1621297993391799
40 0.1621320056613973
50 0.1621324828030179
60 0.1621317786942938
70 0.1621301692529203
80 0.1621278551551813
90 0.1621250180334079
100 0.1621218333561575
110 0.1621183669911736
120 0.1621147451122417
130 0.1621110509353214
140 0.1621073628449973
150 0.1621037347794244
160 0.1621002198458564
170 0.1620968219331757
180 0.1620935467791003
190 0.1620904397119058
200 0.1620875415104838
210 0.1620848230906798
220 0.1620823049320103
230 0.1620799339461447
240 0.1620777361631273
250 0.1620757108829814
260 0.1620738119967298
270 0.1620720343458575
280 0.1620703923385777
290 0.1620688576052764
300 0.1620674167239842
310 0.1620660711834015
320 0.1620648298503241
330 0.1620636871620938
340 0.1620626052678543
350 0.1620615666065711
360 0.1620605896698211
370 0.1620596666492251
380 0.1620587884574395
390 0.1620579425357045
400 0.1620571465864074
410 0.1620564042965555
420 0.1620557009602793
430 0.1620550290108644
440 0.1620543990290834
450 0.1620537688370915
460 0.1620531263967064
470 0.1620524965304742
480 0.1620518923361882
490 0.162051326778769
500 0.1620507811104727
510 0.162050241951837
520 0.1620497246651826
530 0.1620492256552166
540 0.1620487258465382
550 0.1620482434030278
560 0.1620477763218054
570 0.1620473181767157
580 0.1620468807939697
590 0.1620464631105596
600 0.1620460929118002
610 0.1620457385839079
620 0.1620453960101373
630 0.1620450731217416
640 0.1620447600027048
650 0.1620444638806111
660 0.162044182640334
670 0.1620439212044417
680 0.1620436405760862
690 0.1620433402767123
700 0.1620430478570529
710 0.1620427710978079
720 0.1620424931218039
730 0.1620422027706178
740 0.1620418827731514
750 0.1620415275236061
760 0.1620411329823744
770 0.1620407141868365
780 0.1620402909284195
790 0.1620398742408078
800 0.1620394407782753
810 0.1620389950298547
820 0.1620385388152971
830 0.1620380649060917
840 0.1620375623201512
850 0.1620370618969932
860 0.1620365741012839
870 0.1620360958405538
880 0.1620356438122396
890 0.1620352054428682
900 0.1620347886925153
910 0.1620343929637503
920 0.1620339974558693
930 0.1620336177345314
940 0.1620332515773212
950 0.1620329045125254
960 0.1620325809907284
970 0.162032287152451
980 0.1620319977501562
990 0.1620317035544413
1000 0.1620314115088611
1010 0.1620311468029235
1020 0.1620308842718671
1030 0.1620306221520097
1040 0.1620303570032627
1050 0.1620300875021316
1060 0.1620297985248414
1070 0.1620295201360421
1080 0.1620292475619264
1090 0.1620289849828139
1100 0.1620287139335276
1110 0.1620284201788388
1120 0.1620280946393722
1130 0.1620277573090789
1140 0.1620274164860563
1150 0.1620270687677232
1160 0.1620267036288714
1170 0.1620263175172312
1180 0.1620259330114895
1190 0.1620255482914315
1200 0.1620251390593377
1210 0.1620247049152835
1220 0.1620242638619356
1230 0.1620237979028665
1240 0.1620233237074212
1250 0.1620228544501158
1260 0.1620223866383591
1270 0.1620219161962956
1280 0.16202143973173
1290 0.1620209425052307
1300 0.1620204478532917
1310 0.1620199413390013
1320 0.1620194278642899
1330 0.1620189159500367
1340 0.1620184150958947
1350 0.1620178943834475
1360 0.1620173842475934
1370 0.1620168772885782
1380 0.1620163701175537
1390 0.1620158533588936
1400 0.162015338929194
1410 0.1620148156744838
1420 0.1620142873045392
1430 0.162013746180164
1440 0.1620132000586852
1450 0.1620126401652053
1460 0.1620120641380772
1470 0.1620114702672332
1480 0.1620108567376612
1490 0.1620102311923328
1500 0.1620095980677326
1510 0.1620089327097305
1520 0.1620082503553144
1530 0.162007539031026
1540 0.1620068082442801
1550 0.1620060417347755
1560 0.1620052729396518
1570 0.162004481532967
1580 0.1620036633447169
1590 0.1620028219606244
1600 0.1620019505585023
1610 0.1620010581019569
1620 0.1620001465882369
1630 0.1619992146843191
1640 0.1619982615814248
1650 0.1619972910659112
1660 0.1619962883040997
1670 0.1619952570468361
1680 0.1619942197313314
1690 0.1619931667124922
1700 0.1619920973788251
1710 0.1619910138678857
1720 0.161989908445876
1730 0.161988786452123
1740 0.1619876617462531
1750 0.1619865242064141
1760 0.161985375832126
1770 0.1619842158482867
1780 0.1619830453409653
1790 0.1619818626588249
1800 0.1619806776953952
1810 0.1619794991982729
1820 0.1619783153291127
1830 0.1619771263429942
1840 0.1619759304618486
1850 0.1619747280676165
1860 0.1619735131684295
1870 0.1619723154145805
1880 0.1619711071266084
1890 0.1619698898820421
1900 0.1619686710564188
1910 0.1619674453569264
1920 0.1619662158585744
1930 0.1619649754165888
1940 0.1619637401428042
1950 0.1619625022719756
1960 0.1619612580627327
1970 0.1619600130984293
1980 0.1619587701661375
1990 0.1619575149227706
2000 0.1619562711690871
2010 0.1619550269214272
2020 0.1619537855677241
2030 0.1619525491099897
2040 0.1619513282432465
2050 0.1619501025126062
2060 0.161948896752332
2070 0.1619477050291413
2080 0.1619465311413955
2090 0.1619453568683886
2100 0.1619442044390676
2110 0.1619430721733615
2120 0.1619419580940581
2130 0.1619408625716732
2140 0.1619397846669039
2150 0.1619387162421992
2160 0.161937659082198
2170 0.161936619498435
2180 0.1619355871920171
2190 0.1619345729459768
2200 0.1619335703670466
2210 0.1619325817486789
2220 0.1619316039470498
2230 0.1619306375704579
2240 0.1619296868327271
2250 0.1619287473141434
2260 0.1619278089397962
2270 0.1619268833053465
2280 0.1619259739412197
2290 0.1619250662880076
2300 0.1619241753299762
2310 0.1619233020289759
2320 0.1619224464801141
2330 0.1619216041299699
2340 0.1619207758217718
2350 0.1619199598095513
2360 0.1619191752831481
2370 0.1619184098635753
2380 0.1619176685292772
2390 0.1619169553722214
2400 0.1619162760459706
2410 0.1619156273431145
2420 0.1619150356447023
2430 0.1619144697063287
2440 0.1619139632277002
2450 0.1619135028385711
2460 0.161913098883397
2470 0.1619127477346785
2480 0.1619124550362828
2490 0.1619122199974571
2500 0.1619120418588112
2510 0.1619119236647614
2520 0.1619118719801062
2530 0.1619118825376285
2540 0.1619119454969666
2550 0.1619120791746323
2560 0.1619122816088601
2570 0.1619125522926123
2580 0.1619128968705723
2590 0.1619133136793652
2600 0.1619138086968802
2610 0.1619143772597754
2620 0.1619150293549086
2630 0.1619157530019892
2640 0.1619165505635868
2650 0.1619174541781832
2660 0.1619184329723416
2670 0.1619194987296265
2680 0.1619206711774814
2690 0.1619219448012503
2700 0.1619233078898095
2710 0.1619247767298238
2720 0.1619263617463606
2730 0.1619280566709645
2740 0.1619298737321515
2750 0.1619317880851648
2760 0.1619338250079436
2770 0.1619359847739938
2780 0.1619382522857425
2790 0.1619406260240771
2800 0.1619431237762339
2810 0.1619457322696281
2820 0.1619484559080706
2830 0.1619513069302116
2840 0.161954266802054
2850 0.1619573470689193
2860 0.1619605410532065
2870 0.1619638525320242
2880 0.1619672801824512
2890 0.1619708219757243
2900 0.1619744712975549
2910 0.1619782400854951
2920 0.1619821308185227
2930 0.1619861234167091
2940 0.1619902322104061
2950 0.1619944570929295
2960 0.161998800586121
2970 0.1620032626139849
2980 0.1620078408657842
2990 0.162012542299305
3000 0.1620173522611531
3010 0.1620222895693108
3020 0.1620273444183226
3030 0.1620325096875554
3040 0.1620377797598567
3050 0.1620431748936648
3060 0.1620487001256733
3070 0.1620543245431522
3080 0.1620600498448151
3090 0.1620659066696039
3100 0.1620718567940642
3110 0.1620779444001867
3120 0.1620841580459319
3130 0.1620904862262257
3140 0.1620969358666305
3150 0.1621034993723722
3160 0.1621101749636821
3170 0.1621169647271964
3180 0.1621238859410554
3190 0.1621309234158891
3200 0.1621380806228968
3210 0.162145344717297
3220 0.1621527150853056
3230 0.162160199999706
3240 0.162167781407999
3250 0.1621754840676228
3260 0.1621832952468129
3270 0.1621911975874975
3280 0.1621991935898327
3290 0.1622072644231834
3300 0.1622154342912057
3310 0.1622236729246284
3320 0.1622319923093243
3330 0.162240390689169
3340 0.1622488615974623
3350 0.1622574069016789
3360 0.1622660398156934
3370 0.1622747654792849
3380 0.1622835901120943
3390 0.1622925092866044
3400 0.1623015183054534
3410 0.1623106172992537
3420 0.1623198089294212
3430 0.1623290995405623
3440 0.16233846977511
3450 0.1623479467809011
3460 0.1623575205374414
3470 0.1623671600528298
3480 0.1623768810685834
3490 0.1623866797937017
3500 0.1623965624598129
3510 0.1624065081457503
3520 0.1624165342706917
3530 0.162426633026478
3540 0.1624368143634868
3550 0.1624470754433402
3560 0.1624574022842449
3570 0.1624677925877128
3580 0.1624782332283705
3590 0.1624887098037122
3600 0.1624991968828625
3610 0.1625097051314651
3620 0.1625202293629687
3630 0.1625307603162799
3640 0.1625412896771958
3650 0.1625518029475427
3660 0.1625623009905088
3670 0.1625727960568807
3680 0.1625832734585351
3690 0.162593717911192
3700 0.1626041501105306
3710 0.1626145423374584
3720 0.1626249103727187
3730 0.1626352123743001
3740 0.1626454922345942
3750 0.1626557217195778
3760 0.162665908126353
3770 0.1626760624583728
3780 0.1626861951714453
3790 0.1626962957200304
3800 0.1627063762816903
3810 0.1627164238427997
3820 0.1627264223281695
3830 0.1627363692493942
3840 0.1627463108392656
3850 0.162756243650094
3860 0.1627661673870191
3870 0.1627760723751924
3880 0.1627859478642204
3890 0.1627957899110702
3900 0.1628055911095124
3910 0.1628153558090977
3920 0.1628250851805803
3930 0.1628347651678059
3940 0.1628444089390486
3950 0.1628540350180203
3960 0.1628636520818398
3970 0.1628732674522372
3980 0.1628828650194699
3990 0.1628924202156561
4000 0.1629018760354473
4010 0.1629111987455229
4020 0.1629203743710854
4030 0.162929375768241
4040 0.1629382245554334
4050 0.16294696572215
4060 0.1629556232762315
4070 0.1629641661238055
4080 0.1629725707005254
4090 0.1629808379371749
4100 0.1629889580690587
4110 0.1629969208530909
4120 0.1630047454747623
4130 0.1630124127094534
4140 0.1630199178919492
4150 0.1630272590380102
4160 0.163034433728279
4170 0.1630414157501514
4180 0.1630481795807094
4190 0.1630547242356627
4200 0.1630610490803125
4210 0.1630671560965594
4220 0.1630730860830476
4230 0.1630788066513408
4240 0.1630843440567353
4250 0.1630897134998402
4260 0.1630949359944383
4270 0.1631000072832903
4280 0.1631049310994702
4290 0.1631096721852449
4300 0.1631142423553454
4310 0.1631186138976497
4320 0.1631227529720024
4330 0.163126613267767
4340 0.1631301931825067
4350 0.1631335281670232
4360 0.1631366732925071
4370 0.1631396507424561
4380 0.1631424663301869
4390 0.16314511984779
4400 0.1631475988366095
4410 0.1631498912257625
4420 0.1631520098685041
4430 0.1631539621943384
4440 0.1631557518736872
4450 0.163157347323464
4460 0.1631586864174901
4470 0.1631596654561666
4480 0.1631602323234821
4490 0.1631602846977967
4500 0.1631597755361356
4510 0.163158703562946
4520 0.1631571030423908
4530 0.1631550202532707
4540 0.1631524534303795
4550 0.1631494433788771
4560 0.1631460601185674
4570 0.1631423246058326
4580 0.1631382780648042
4590 0.1631339830562649
4600 0.163129461488779
4610 0.1631247091350048
4620 0.1631197281068999
4630 0.1631145788060299
4640 0.1631093280413257
4650 0.1631039938401518
4660 0.163098558566882
4670 0.1630929540320468
4680 0.1630871936940236
4690 0.1630812946814802
4700 0.163075218933089
4710 0.1630689786355465
4720 0.1630625793784093
4730 0.1630559936201664
4740 0.1630491686784294
4750 0.1630420777143022
4760 0.1630346450624524
4770 0.1630268676098641
4780 0.1630186875317654
4790 0.1630100870317877
4800 0.1630011319023112
4810 0.1629918082295691
4820 0.1629821621534677
4830 0.1629722345339807
4840 0.162962031047831
4850 0.1629516949086871
4860 0.1629413531533093
4870 0.1629310662964716
4880 0.1629208834900564
4890 0.1629107530806694
4900 0.1629006244094979
4910 0.1628904325570666
4920 0.1628801563515917
4930 0.1628698136887721
4940 0.1628593511536656
4950 0.1628487974506458
4960 0.1628381747624982
4970 0.1628275976177931
4980 0.1628170913761937
4990 0.1628066487392611
5000 0.1627962791219458
5010 0.1627860615686427
5020 0.1627760204287119
5030 0.1627662303610239
5040 0.1627567169727471
5050 0.16274745844228
5060 0.1627384577116112
5070 0.1627296994971266
5080 0.1627211909761336
5090 0.1627129203284154
5100 0.162704873506228
5110 0.1626970409150219
5120 0.1626894651633667
5130 0.1626821667874196
5140 0.1626751556411549
5150 0.1626684454619002
5160 0.1626620487960742
5170 0.1626559772308583
5180 0.1626502410641909
5190 0.1626447870947549
5200 0.1626396232783179
5210 0.1626347550118486
5220 0.1626301968912819
5230 0.162625946943586
5240 0.1626219980904815
5250 0.162618353491763
5260 0.1626149887107142
5270 0.16261191646911
5280 0.1626091573069756
5290 0.1626066906584183
5300 0.1626045211934718
5310 0.1626026379974827
5320 0.1626010446919655
5330 0.162599742068764
5340 0.1625987252968024
5350 0.1625979868986364
5360 0.1625975154259968
5370 0.1625973110622149
5380 0.1625973857313469
5390 0.1625977566028977
5400 0.1625984271632999
5410 0.1625993762879891
5420 0.1626005808614166
5430 0.1626020138283233
5440 0.1626036556289787
5450 0.1626055200921182
5460 0.1626075621356692
5470 0.1626097866274314
5480 0.162612170349617
5490 0.1626147232927907
5500 0.1626174355985367
5510 0.1626202864282175
5520 0.1626232830562482
5530 0.1626264048374571
5540 0.1626296493922205
5550 0.1626330044146203
5560 0.1626364606538464
5570 0.1626400107964828
5580 0.1626436459879043
5590 0.1626473737906375
5600 0.162651161086424
5610 0.1626550027673373
5620 0.1626588785230179
5630 0.1626627681403267
5640 0.1626666586622001
5650 0.1626705321630341
5660 0.1626743650217504
5670 0.1626781513599283
5680 0.1626818825788788
5690 0.1626855306423704
5700 0.1626891039771512
5710 0.1626925565564818
5720 0.1626958912900682
5730 0.162699076130229
5740 0.1627021047975191
5750 0.1627049457907707
5760 0.1627075782940911
5770 0.1627099692232442
5780 0.1627121023432207
5790 0.1627139450833167
5800 0.1627154675366228
5810 0.1627166688493911
5820 0.162717558170319
5830 0.1627181263910438
5840 0.1627183684250904
5850 0.1627182924152369
5860 0.1627178566369564
5870 0.1627170270108755
5880 0.1627157830820342
5890 0.1627141378232922
5900 0.1627120774131544
5910 0.1627095847931975
5920 0.1627066567272916
5930 0.1627032262556508
5940 0.1626993107091838
5950 0.1626949127267686
5960 0.162690057972428
5970 0.1626847188470837
5980 0.162678902276938
5990 0.1626726064286687
6000 0.1626658234423005
6010 0.1626585212600897
6020 0.1626507223652212
6030 0.1626424269419407
6040 0.1626336229589073
6050 0.1626243240100383
6060 0.162614502068976
6070 0.162604180944121
6080 0.1625933817826213
6090 0.1625820838105682
6100 0.1625702700573286
6110 0.1625579415137749
6120 0.1625451215633985
6130 0.1625317921219236
6140 0.1625179833002049
6150 0.1625037252199295
6160 0.1624890877981484
6170 0.1624741652730947
6180 0.1624589840883557
6190 0.1624435692821961
6200 0.1624280299960084
6210 0.1624124780377251
6220 0.1623969798153729
6230 0.1623815370814022
6240 0.162366186555714
6250 0.1623509179596271
6260 0.1623357264997684
6270 0.162320596724749
6280 0.16230550070859
6290 0.1622904318334649
6300 0.162275313687663
6310 0.1622600845497462
6320 0.1622447124187748
6330 0.1622291211732972
6340 0.1622133469123275
6350 0.1621974917292224
6360 0.1621816189272326
6370 0.1621657992497892
6380 0.1621501409036762
6390 0.1621347474445567
6400 0.1621197447325914
6410 0.1621051972258277
6420 0.1620911788963983
6430 0.1620778595234352
6440 0.1620652383028108
6450 0.1620533367522675
6460 0.1620422004845328
6470 0.1620318322385688
6480 0.1620222097540971
6490 0.1620132975988023
6500 0.1620050757472604
6510 0.1619975170748469
6520 0.1619906490925301
6530 0.1619845234996736
6540 0.1619791777971586
6550 0.1619746825443419
6560 0.1619710995455356
6570 0.1619684782367774
6580 0.1619668748201958
6590 0.1619663551696877
6600 0.1619670129303876
6610 0.1619689469442831
6620 0.1619722287791933
6630 0.1619768740743887
6640 0.1619828835042058
6650 0.1619902575539046
6660 0.161999022968993
6670 0.1620092009652545
6680 0.1620207980666166
6690 0.1620338253871443
6700 0.1620483053334743
6710 0.1620642154745493
6720 0.1620815798260338
6730 0.1621003931893437
6740 0.1621206661125781
6750 0.1621423798511771
6760 0.1621655653141612
6770 0.1621902463666084
6780 0.1622164006838489
6790 0.162244037388911
6800 0.1622731278639127
6810 0.1623036415274039
6820 0.1623355379841334
6830 0.1623687171595391
6840 0.1624030801615678
6850 0.1624384854815551
6860 0.1624748491095913
6870 0.1625120633573486
6880 0.1625500633090534
6890 0.1625887533924248
6900 0.1626280611329006
6910 0.1626678765146351
6920 0.1627080848922359
6930 0.1627484983586922
6940 0.16278891887383
6950 0.1628292158288656
6960 0.1628692504054057
6970 0.1629088504969546
6980 0.16294791597536
6990 0.1629863509369166
7000 0.1630241202327559
7010 0.1630610842230625
7020 0.1630971332287713
7030 0.1631321106077587
7040 0.1631660301016743
7050 0.1631988333752216
7060 0.1632303362599625
7070 0.163260460139301
7080 0.1632892200519594
7090 0.1633166491243911
7100 0.1633427246314896
7110 0.1633673931585569
7120 0.163390592376557
7130 0.1634122557350927
7140 0.1634323037009642
7150 0.1634506758185245
7160 0.1634672212366399
7170 0.1634818509235763
7180 0.1634945569901971
7190 0.163505363142418
7200 0.1635143414656448
7210 0.1635215364093673
7220 0.1635269606934081
7230 0.1635305944758111
7240 0.1635324139777219
7250 0.1635324070077585
7260 0.1635305847810934
7270 0.163526942705936
7280 0.1635215234136405
7290 0.1635143753120245
7300 0.1635055011566257
7310 0.1634948733266703
7320 0.1634824478969217
7330 0.1634682422514335
7340 0.1634522968750411
7350 0.163434575283329
7360 0.1634150743248738
7370 0.1633938484327086
7380 0.1633708931913674
7390 0.1633462066137596
7400 0.1633198261034075
7410 0.1632918201672009
7420 0.1632622983091964
7430 0.16323130350685
7440 0.1631989840948121
7450 0.1631654213176399
7460 0.163130725916298
7470 0.1630950278082745
7480 0.1630584646959451
7490 0.1630211460162753
7500 0.1629831664231046
7510 0.1629446255749131
7520 0.1629056279527314
7530 0.1628662263944924
7540 0.1628264609768258
7550 0.162786407838821
7560 0.162746151054052
7570 0.1627057072961604
7580 0.1626650981586489
7590 0.1626244239258299
7600 0.1625836748803257
7610 0.1625428434700782
7620 0.1625019036003149
7630 0.1624608485075688
7640 0.1624197538155496
7650 0.1623788903786925
7660 0.1623383061015632
7670 0.1622980318024329
7680 0.1622582139107352
7690 0.1622189546583183
7700 0.162180200007822
7710 0.1621419206718389
7720 0.1621041292037833
7730 0.1620668571683635
7740 0.1620301547864872
7750 0.1619940551258335
7760 0.1619585851236577
7770 0.1619238043101297
7780 0.1618898404403263
7790 0.1618567476176978
7800 0.1618244869043275
7810 0.161793021574093
7820 0.1617623065390041
7830 0.161732312887405
7840 0.1617030299154853
7850 0.1616744428974227
7860 0.1616465709483469
7870 0.1616194134554795
7880 0.1615929662527184
7890 0.1615672111080957
7900 0.1615421317577556
7910 0.161517705405628
7920 0.1614939268820574
7930 0.1614707606929537
7940 0.1614481673926276
7950 0.1614261327162986
7960 0.1614045901360958
7970 0.1613835005268396
7980 0.161362929126724
7990 0.1613429014074937
8000 0.161323448045056
8010 0.161304602248202
8020 0.1612863996818049
8030 0.1612688811696547
8040 0.1612520532189993
8050 0.1612359337407638
8060 0.1612205649511761
8070 0.161205941832055
8080 0.1611920140015924
8090 0.1611787658038338
8100 0.1611661685941302
8110 0.1611542289442464
8120 0.1611429584617388
8130 0.1611323230453871
8140 0.1611223451210139
8150 0.1611130207706722
8160 0.1611043238417618
8170 0.1610962192175091
8180 0.161088691402523
8190 0.1610817109350843
8200 0.1610752688156726
8210 0.1610693162881742
8220 0.1610638088278757
8230 0.1610587161318546
8240 0.16105401689946
8250 0.1610496484802559
8260 0.1610455783996387
8270 0.1610417419177678
8280 0.1610380579335773
8290 0.1610344462656431
8300 0.1610308972077113
8310 0.1610273585809219
8320 0.1610237321686991
8330 0.1610199456569506
8340 0.1610158984397418
8350 0.1610113557846569
8360 0.1610061388722203
8370 0.1610001685606969
8380 0.1609933706049329
8390 0.1609856984445787
8400 0.1609770481924529
8410 0.160967355990692
8420 0.1609565237336613
8430 0.160944427719133
8440 0.1609309382816358
8450 0.1609159002623127
8460 0.160899187707161
8470 0.1608807124098915
8480 0.1608603961480608
8490 0.1608382578286645
8500 0.1608142266027363
8510 0.1607882465176033
8520 0.1607602472893599
8530 0.1607301425927827
8540 0.160697889637697
8550 0.1606635764653529
8560 0.1606273220678603
8570 0.1605890061411998
8580 0.160548543579989
8590 0.1605060062697657
8600 0.1604615116138954
8610 0.1604151390179581
8620 0.1603669652868049
8630 0.16031714308572
8640 0.1602656398357545
8650 0.1602125108385563
8660 0.1601576778411074
8670 0.1601010579421375
8680 0.1600426390335142
8690 0.1599824581290064
8700 0.1599205779328301
8710 0.1598570130146711
8720 0.1597917727010088
8730 0.1597249539185824
8740 0.159656631680098
8750 0.1595868556836903
8760 0.1595157311265998
8770 0.1594434416802838
8780 0.1593701379169601
8790 0.1592959946831356
8800 0.1592211419946537
8810 0.1591457502199856
8820 0.1590700466970968
8830 0.1589941875885289
8840 0.1589184467806482
8850 0.1588430248938037
8860 0.1587680431437947
8870 0.1586935066615816
8880 0.1586195122295628
8890 0.1585461606973162
8900 0.1584736216649786
8910 0.1584020951291404
8920 0.1583315847757686
8930 0.1582621193098334
8940 0.1581937512245817
8950 0.1581264653986179
8960 0.1580602796020233
8970 0.1579952292288065
8980 0.1579312916675584
8990 0.1578683714907811
9000 0.157806384839513
9010 0.1577452872585335
9020 0.1576850981376966
9030 0.1576257953889855
9040 0.1575674159652178
9050 0.1575100435529881
9060 0.1574537462220183
9070 0.1573986344505898
9080 0.157344791126936
9090 0.1572923754186981
9100 0.1572415385397961
9110 0.1571924106256138
9120 0.1571450291029845
9130 0.1570994022243266
9140 0.15705556399423
9150 0.1570135981167147
9160 0.1569734834122369
9170 0.1569352159933245
9180 0.1568987097731752
9190 0.1568639226942091
9200 0.1568308309012713
9210 0.1567993153498267
9220 0.1567691708965123
9230 0.156740328307514
9240 0.1567127169285461
9250 0.1566862820856136
9260 0.1566610466924995
9270 0.1566371228440513
9280 0.1566146413851862
9290 0.1565936881643497
9300 0.1565743660057882
9310 0.1565567237982925
9320 0.1565407381335636
9330 0.1565264643811419
9340 0.156514010091647
9350 0.1565034948850491
9360 0.1564949358007863
9370 0.1564883666777338
9380 0.1564838389474314
9390 0.1564813756847601
9400 0.1564808878730396
9410 0.1564822322008353
9420 0.1564852056018258
9430 0.1564896813979532
9440 0.1564955132375807
9450 0.1565025485617209
9460 0.1565107614528247
9470 0.1565200612548919
9480 0.1565303169053934
9490 0.1565413552017133
9500 0.1565529900771739
9510 0.1565651012344074
9520 0.1565776944321208
9530 0.1565908069994915
9540 0.1566045001056672
9550 0.1566188485309497
9560 0.1566340650611075
9570 0.1566503582498391
9580 0.1566678994838989
9590 0.1566868016309783
9600 0.1567071031031705
9610 0.1567288799275695
9620 0.1567521787493909
9630 0.1567769882150813
9640 0.1568033316019074
9650 0.1568309389228818
9660 0.1568597607359205
9670 0.1568899820635821
9680 0.1569217463821478
9690 0.1569551921033104
9700 0.1569904664624101
9710 0.1570276366925451
9720 0.1570667682721128
9730 0.1571080880615134
9740 0.1571517939210555
9750 0.1571980706948
9760 0.1572469923560255
9770 0.1572986163760991
9780 0.1573529778075848
9790 0.1574100875890911
9800 0.157469876307461
9810 0.1575324269961699
9820 0.1575977063081706
9830 0.1576656166212012
9840 0.1577361535439521
9850 0.1578090913929595
9860 0.1578842128212705
9870 0.1579614580214761
9880 0.1580405576416808
9890 0.1581212193769148
9900 0.1582032255389492
9910 0.1582864504829099
9920 0.1583707815195512
9930 0.1584560563638923
9940 0.1585419694250953
9950 0.1586282505029799
9960 0.1587147432225975
9970 0.1588013736889619
9980 0.1588879375149032
9990 0.1589741554207206
10000 0.1590600821951768
10010 0.1591456413874224
10020 0.159230714880746
10030 0.1593153464257963
10040 0.1593995080157795
10050 0.1594832065867387
10060 0.1595664646892072
10070 0.1596491623153017
10080 0.1597312010431836
10090 0.1598124876927152
10100 0.1598928859666902
10110 0.1599721905340339
10120 0.1600501971869288
10130 0.1601267076876667
10140 0.1602015198369206
10150 0.1602745749532249
10160 0.1603458759176717
10170 0.1604153892414986
10180 0.1604831356483654
10190 0.1605491233003967
10200 0.1606133895476496
10210 0.1606759459506825
10220 0.1607368189938158
10230 0.1607961023658266
10240 0.1608538287862901
10250 0.1609099952638283
10260 0.1609646385988302
10270 0.161017771643155
10280 0.1610694144442024
10290 0.1611196258799218
10300 0.161168460082561
10310 0.1612159531196196
10320 0.1612621876954327
10330 0.1613072638526632
10340 0.1613512776342213
10350 0.1613943285397907
10360 0.1614364394703124
10370 0.1614776599587318
10380 0.1615180055470009
10390 0.161557510204194
10400 0.1615961685280408
10410 0.1616339486860378
10420 0.1616708483601372
10430 0.1617069044417279
10440 0.1617421177880755
10450 0.1617764895977349
10460 0.161809993990615
10470 0.161842547419895
10480 0.1618740604822542
10490 0.1619044166424371
10500 0.1619334877330429
10510 0.1619611918570826
10520 0.1619874544727669
10530 0.1620122358502656
10540 0.1620354827345019
10550 0.1620570870744863
10560 0.1620770315631242
10570 0.1620952919836974
10580 0.1621117931437137
10590 0.1621264632755803
10600 0.1621392696712461
10610 0.1621501618311335
10620 0.1621590664038122
10630 0.1621659220264289
10640 0.162170639839396
10650 0.1621731338218972
10660 0.1621733319271503
10670 0.1621711819547519
10680 0.1621666553376058
10690 0.1621597166750922
10700 0.1621503492162003
10710 0.1621385504908719
10720 0.162124338828097
10730 0.1621077878041142
10740 0.1620889525952203
10750 0.1620679442668082
10760 0.162044958122359
10770 0.1620201741093288
10780 0.1619937626909979
10790 0.1619659007352717
10800 0.1619368386523396
10810 0.1619067877712208
10820 0.161875965137512
10830 0.1618446365048641
10840 0.1618131455733267
10850 0.1617817926073067
10860 0.1617508062446281
10870 0.1617204045416884
10880 0.1616908492906495
10890 0.1616624067015116
10900 0.1616353577064419
10910 0.1616099577463286
10920 0.1615862471627736
10930 0.1615642514667723
10940 0.1615439530211881
10950 0.1615253176317784
10960 0.1615083024834703
10970 0.1614928747900254
10980 0.1614789731795299
10990 0.161466502191372
11000 0.1614553091254321
11010 0.1614452431375242
11020 0.1614361176771611
11030 0.1614276854465752
11040 0.1614196245186775
11050 0.1614116412658993
11060 0.1614035358584036
11070 0.1613950682412485
11080 0.1613859080265415
11090 0.1613756593592749
11100 0.1613637590922868
11110 0.1613497717318955
11120 0.1613333921797231
11130 0.1613145224044646
11140 0.1612930824089801
11150 0.1612689587190602
11160 0.1612421977306904
11170 0.1612128955341038
11180 0.1611812701172954
11190 0.1611475376193571
11200 0.1611119430985009
11210 0.1610746995525588
11220 0.1610361467994139
11230 0.160996565778301
11240 0.1609564193870872
11250 0.1609162493026688
11260 0.1608766577724176
11270 0.1608380202225514
11280 0.1608007350693672
11290 0.1607650667851508
11300 0.1607311242051032
11310 0.1606989605512623
11320 0.1606686794203443
11330 0.1606402698568648
11340 0.1606135320236054
11350 0.1605882491801349
11360 0.1605642407135188
11370 0.1605413905548071
11380 0.1605195071821726
11390 0.1604983960890692
11400 0.160477872569005
11410 0.1604578235896498
11420 0.1604381873195843
11430 0.1604188974814313
11440 0.160399950839842
11450 0.1603813738028041
11460 0.160363181488113
11470 0.160345382570438
11480 0.1603279634003711
11490 0.160310923159885
11500 0.1602942404282568
11510 0.1602779412414976
11520 0.1602621079584017
11530 0.1602467043755103
11540 0.1602317665275943
11550 0.16021731550782
11560 0.1602033972721832
11570 0.1601901299837731
11580 0.1601775617612843
11590 0.160165698247294
11600 0.1601545480778307
11610 0.1601440899202229
11620 0.160134331543705
11630 0.160125367171769
11640 0.1601172835035002
11650 0.1601101798360971
11660 0.1601041568103254
11670 0.1600992907843677
11680 0.1600956159561001
11690 0.1600931817847205
11700 0.1600920462833968
11710 0.1600922782153042
11720 0.1600938201874361
11730 0.1600965094168498
11740 0.1601001255861144
11750 0.160104440699586
11760 0.1601092929942386
11770 0.1601145911301787
11780 0.1601202780799883
11790 0.1601263654469099
11800 0.160132877246657
11810 0.1601398228775069
11820 0.1601472466503903
11830 0.1601552203165956
11840 0.1601638763074544
11850 0.1601732814823874
11860 0.1601834830784318
11870 0.1601945851798472
11880 0.1602066082125498
11890 0.1602195398081832
11900 0.1602333488204527
11910 0.1602480029647033
11920 0.1602634109116992
11930 0.1602795307366483
11940 0.1602963181225124
11950 0.1603136932732094
11960 0.1603316314073528
11970 0.1603500375213312
11980 0.1603688246882485
11990 0.1603879071267364
12000 0.1604072545496344
12010 0.1604268724338007
12020 0.160446811927475
12030 0.1604669875722772
12040 0.1604873438131131
12050 0.1605078286215054
12060 0.160528406192866
12070 0.1605490473661452
15010 0.1681618962904095
15020 0.1681971399384279
15030 0.168232451629811
15040 0.1682678506785173
15050 0.1683033373307356
15060 0.1683389297382869
15070 0.1683746248578882
15080 0.1684103890515499
15090 0.1684462589555842
15100 0.1684822280122492
15110 0.1685183144617514
15120 0.16855450427876
15130 0.1685908163989292
15140 0.16862725606339
15150 0.1686638193124217
15160 0.16870050901056
15170 0.1687373398240931
15180 0.1687743060665944
15190 0.1688113874542486
15200 0.1688485809944666
15210 0.168885893479597
15220 0.168923316074606
15230 0.1689608096704055
15240 0.1689983691685137
15250 0.1690359793768346
15260 0.1690736239005487
15270 0.1691112562589089
15280 0.1691488046323276
15290 0.1691862424099657
15300 0.1692235420253852
15310 0.1692606909702835
15320 0.16929767466593
15330 0.1693344752195733
15340 0.1693710628221919
15350 0.1694074079847752
15360 0.1694434919745769
15370 0.1694793096429177
15380 0.1695148553126635
15390 0.169550119986331
15400 0.16958509363289
15410 0.1696197668120134
15420 0.1696541351406141
15430 0.1696881865420229
15440 0.1697219272544484
15450 0.1697553734664894
15460 0.1697885290893445
15470 0.1698213914420115
15480 0.1698539842625298
15490 0.1698863399352274
15500 0.1699184900894273
15510 0.169950478015387
15520 0.1699823480333685
15530 0.1700141376161982
15540 0.1700458926504811
15550 0.1700776523745637
15560 0.1701094602465854
15570 0.1701413564722694
15580 0.1701733849420474
15590 0.1702056046897245
15600 0.1702380820567293
15610 0.1702708820135029
15620 0.1703040737587738
15630 0.1703377179388002
15640 0.1703719000300528
15650 0.1704066622870495
15660 0.1704420532761726
15670 0.1704781261034095
15680 0.1705149009896684
15690 0.1705524443821415
15700 0.1705907786432603
15710 0.1706299459894639
15720 0.1706699761086154
15730 0.1707109001209013
15740 0.1707527442429392
15750 0.1707955259039741
15760 0.1708392204092492
15770 0.1708837970374942
15780 0.1709292292599248
15790 0.1709754855454739
15800 0.1710225261773283
15810 0.1710703154385975
15820 0.1711188125926548
15830 0.1711679739950816
15840 0.1712176947903971
15850 0.171267896720194
15860 0.1713185343404042
15870 0.1713695790144885
15880 0.171420989195423
15890 0.171472716266559
15900 0.1715247061386288
15910 0.1715769346368369
15920 0.1716293658577382
15930 0.1716819531759088
15940 0.1717346565680759
15950 0.1717874424850424
15960 0.171840279851
15970 0.1718931123548199
15980 0.1719458921551908
15990 0.1719985734867374
16000 0.1720511013917315
16010 0.172103449276895
16020 0.1721555812586383
16030 0.1722074620444279
16040 0.1722590727198462
16050 0.172310388208862
16060 0.1723613997225319
16070 0.1724121017529059
16080 0.1724624734343266
16090 0.1725125238053526
16100 0.1725622528982696
16110 0.1726116380287031
16120 0.172660697989832
16130 0.1727094509653476
16140 0.1727579277061206
16150 0.1728061487407947
16160 0.1728541228273359
16170 0.1729018765681851
16180 0.1729494418085652
16190 0.172996835813799
16200 0.173044090307876
16210 0.1730912390199552
16220 0.1731383374546123
16230 0.1731854074306119
16240 0.1732324486933439
16250 0.1732794902075477
16260 0.1733265548639841
16270 0.173373660942292
16280 0.1734208024011323
16290 0.1734679764830727
16300 0.1735151946328194
16310 0.1735624349202023
16320 0.1736097098964345
16330 0.1736570326158973
16340 0.173704386613757
16350 0.1737517175405765
16360 0.1737990374861012
16370 0.1738463385749299
16380 0.1738936128775397
16390 0.1739408436181578
16400 0.1739880136061252
16410 0.1740351083800761
16420 0.1740820852613087
16430 0.1741288829149194
16440 0.1741754266973863
16450 0.1742216703433574
16460 0.1742675853459557
16470 0.1743131502642164
16480 0.1743583061525532
16490 0.1744030236684509
16500 0.1744472910896768
16510 0.1744910941345244
16520 0.1745344060626261
16530 0.1745771991116429
16540 0.1746194364834607
16550 0.1746611052002206
16560 0.1747022099085253
16570 0.1747427575178738
16580 0.1747827363424827
16590 0.1748221196402908
16600 0.174860891089641
16610 0.1748990156731647
16620 0.1749364814492448
16630 0.1749732749997813
16640 0.1750093944269162
16650 0.1750448159414273
16660 0.1750795333645289
16670 0.1751135447830249
16680 0.1751468083077641
16690 0.1751793450081633
16700 0.1752111640500528
16710 0.1752422840421173
16720 0.175272685283706
16730 0.1753023537953588
16740 0.175331291811629
16750 0.1753595351280149
16760 0.1753871045966267
16770 0.1754140149710734
16780 0.1754403089771793
16790 0.1754659902129209
16800 0.1754910551786726
16810 0.1755155040816802
16820 0.1755393604970002
16830 0.1755626639424212
16840 0.1755854535119802
16850 0.1756077525383895
16860 0.1756296309894162
16870 0.1756511758895273
16880 0.1756724432569419
16890 0.1756934859077939
16900 0.1757143481728976
16910 0.1757350834866986
16920 0.1757557369457217
16930 0.1757763255782351
16940 0.1757969014461904
16950 0.1758175267223581
16960 0.1758382741692031
16970 0.1758592270301761
16980 0.1758804630158767
16990 0.1759020552299707
17000 0.1759241010305696
17010 0.1759467002380404
17020 0.1759699353553456
17030 0.1759938776246902
17040 0.1760186147568638
17050 0.1760442031681676
17060 0.176070695069164
17070 0.1760981226363053
17080 0.1761265372004503
17090 0.1761559751623484
17100 0.1761864571003896
17110 0.1762180181537811
17120 0.1762506821014684
17130 0.1762844645268243
17140 0.1763193647939438
17150 0.1763553775088476
17160 0.1763924756211393
17170 0.1764306094948409
17180 0.1764697164667104
17190 0.1765097142388869
17200 0.1765505102191199
17210 0.1765919855255036
17220 0.1766340433674243
17230 0.1766765636932145
17240 0.176719456798603
17250 0.1767626489546804
17260 0.1768060739614275
17270 0.1768496505564923
17280 0.1768933029425828
17290 0.176936932445328
17300 0.1769804758299453
17310 0.1770238625284392
17320 0.1770670631432313
17330 0.17711005170797
17340 0.1771527897813232
17350 0.1771952381924115
17360 0.1772373719322616
17370 0.1772791650986979
17380 0.177320604365658
17390 0.1773616783696496
17400 0.1774023905576908
17410 0.1774427401062133
17420 0.177482735131936
17430 0.1775223846673223
17440 0.1775617338692239
17450 0.1776008156853105
17460 0.1776396378648682
17470 0.1776782103902549
17480 0.1777165066838151
17490 0.1777545293603602
17500 0.1777922847921031
17510 0.1778297722785278
17520 0.1778670222149962
17530 0.1779040493749476
17540 0.1779408756674105
17550 0.1779775559325601
17560 0.1780141515536157
17570 0.1780506956068079
17580 0.1780872174259592
17590 0.178123752511593
17600 0.1781603724930345
17610 0.1781970804802776
17620 0.1782338675688114
17630 0.1782707194522118
17640 0.17830761841032
17650 0.1783445554490098
17660 0.1783815144776565
17670 0.1784184748549264
17680 0.1784554235437292
17690 0.1784923320517106
17700 0.1785291743037085
17710 0.1785659083370348
17720 0.1786025295504553
17730 0.1786390555874886
17740 0.1786754772078463
17750 0.1787117763039466
17760 0.178747943688176
17770 0.1787839813352989
17780 0.1788198903483819
17790 0.1788556735395839
17800 0.1788913482350675
17810 0.1789268954107735
17820 0.1789623227680291
17830 0.1789976501531621
17840 0.1790328995985675
17850 0.1790680542631519
17860 0.1791030107312962
17870 0.1791377087017503
17880 0.1791722033190729
17890 0.1792065630838825
17900 0.1792408204391003
17910 0.1792750104569864
17920 0.1793091627658137
17930 0.1793432919768713
17940 0.1793773953767784
17950 0.1794114752878579
17960 0.1794455386670568
17970 0.1794795600928762
17980 0.1795135621600888
17990 0.1795475436261816
18000 0.1795814950757873
18010 0.1796154015938483
18020 0.1796492409969085
18030 0.1796830428979311
18040 0.1797168085129685
18050 0.179750530945165
18060 0.1797842136131861
18070 0.1798179007458637
18080 0.1798516130059993
18090 0.1798853593295552
18100 0.1799191732434191
18110 0.1799530694680107
18120 0.1799870415445467
18130 0.1800210686372544
18140 0.180055137644335
18150 0.1800892381930954
18160 0.1801233436126892
18170 0.1801574405062498
18180 0.1801915137616272
18190 0.1802255408487471
18200 0.1802595275868686
18210 0.1802934719330048
18220 0.1803273491722036
18230 0.180361182649695
18240 0.1803949946232297
18250 0.1804287997876075
18260 0.1804626403943348
18270 0.1804965528949462
18280 0.1805305595723396
18290 0.1805646799009118
18300 0.1805989356326877
18310 0.1806333520787363
18320 0.180667957953009
18330 0.1807028088616183
18340 0.1807379554522273
18350 0.1807734275306609
18360 0.1808092570957503
18370 0.1808454666675983
18380 0.1808821120457439
18390 0.1809192398022454
18400 0.1809568866499269
18410 0.180995116235206
18420 0.181033980337477
18430 0.181073528831812
18440 0.1811138274268208
18450 0.1811549368219944
18460 0.1811969474588593
18470 0.181239941137645
18480 0.1812839541437948
18490 0.1813289537621342
18500 0.1813749310984009
18510 0.18142194118426
18520 0.1814700287928761
18530 0.1815192338980444
18540 0.1815695934546275
18550 0.1816211272646714
18560 0.1816738272292791
18570 0.1817276972746066
18580 0.1817827558193606
18590 0.1818389397721126
18600 0.181896099863801
18610 0.1819541466645912
18620 0.1820129128055097
18630 0.1820722238143342
18640 0.1821318676497589
18650 0.1821915422212745
18660 0.182250916044175
18670 0.1823096338076554
18680 0.1823673401393707
18690 0.1824237511986175
18700 0.1824786063308612
18710 0.1825316592690238
18720 0.1825827377657994
18730 0.1826317171181661
18740 0.182678483782696
18750 0.182722961204808
18760 0.1827651147966592
18770 0.1828049738411519
18780 0.1828426161058041
18790 0.1828781391069753
18800 0.1829116641644191
18810 0.1829433149033267
18820 0.1829732111442366
18830 0.1830014687374933
18840 0.1830282266989378
18850 0.1830536344316845
18860 0.1830778319538189
18870 0.1831009718465433
18880 0.1831232309202767
18890 0.1831448096912066
18900 0.183165882708279
18910 0.1831865522087656
18920 0.1832069114757915
18930 0.1832270899389743
18940 0.1832472230006595
18950 0.1832674236756579
18960 0.1832877556914482
18970 0.1833082781839523
18980 0.1833289993274982
18990 0.1833499292925229
19000 0.1833711035051031
19010 0.1833925118207698
19020 0.1834141271577152
19030 0.1834359177752454
19040 0.1834578322022649
19050 0.1834797848655367
19060 0.1835017575496159
19070 0.1835236927354314
19080 0.1835455870128005
19090 0.1835674545190301
19100 0.1835893064756148
19110 0.1836111508104298
19120 0.1836329621154491
19130 0.1836547046595708
19140 0.1836763370043581
19150 0.1836978111538342
19160 0.1837190524577368
19170 0.1837399651215341
19180 0.1837604249827646
19190 0.1837803216877779
19200 0.1837995219133805
19210 0.1838179276878291
19220 0.1838354498482546
19230 0.1838519772690144
19240 0.183867461355461
19250 0.1838819054549336
19260 0.1838953599084854
19270 0.1839078661405123
19280 0.1839194874659035
19290 0.183930305622122
19300 0.1839404345554374
19310 0.1839499397543271
19320 0.1839588994942957
19330 0.1839674248542627
19340 0.1839756618170845
19350 0.1839838001989758
19360 0.1839920531586883
19370 0.1840006166892915
19380 0.1840096015369503
19390 0.1840191874744542
19400 0.1840295834508552
19410 0.1840410106768402
19420 0.1840537318396319
19430 0.1840678945556455
19440 0.184083651756299
19450 0.1841012552874682
19460 0.1841207483024243
19470 0.1841422295951664
19480 0.1841658872671188
19490 0.184191808129185
19500 0.1842200713781735
19510 0.1842507371025503
19520 0.1842838620336735
19530 0.184319400075074
19540 0.1843571519689675
19550 0.1843968359225514
19560 0.1844381792698185
19570 0.1844809470213153
19580 0.1845248931757272
19590 0.1845698301960784
19600 0.1846155424508729
19610 0.1846617868516843
19620 0.1847083548602535
19630 0.1847550802271823
19640 0.1848019805929859
19650 0.184849102175988
19660 0.1848964723024528
19670 0.1849441114036962
19680 0.1849920553384133
19690 0.1850403437653097
19700 0.1850889836544794
19710 0.1851379343761565
19720 0.1851871664665988
19730 0.1852366643525921
19740 0.1852864207999591
19750 0.1853363907497062
19760 0.1853863961693057
19770 0.1854362850014175
19780 0.1854860260476444
19790 0.1855355674992093
19800 0.1855849311223069
19810 0.1856341387251929
19820 0.1856831976281576
19830 0.185732115163193
19840 0.185780808672297
19850 0.1858292591933172
19860 0.1858774657227848
19870 0.1859253974838064
19880 0.1859730949482938
19890 0.1860206479318032
19900 0.1860681043283661
19910 0.1861156150392204
19920 0.1861633125324206
19930 0.186211328578341
19940 0.186259777911537
19950 0.1863086316021795
19960 0.1863580913929266
19970 0.1864084286710919
19980 0.1864598946094366
19990 0.1865127527462583
20000 0.1865672239616531
20010 0.1866233870506981
20020 0.1866813430759542
20030 0.1867411559394065
20040 0.1868028147568826
20050 0.1868662613359923
20060 0.18693146761781
20070 0.1869983730832496
20080 0.1870668552280998
20090 0.1871367646183262
20100 0.1872078656723383
20110 0.1872798924441895
20120 0.1873526073847089
20130 0.1874257412070676
20140 0.1874990055262027
20150 0.1875721635965346
20160 0.1876449988281003
20170 0.1877172990982749
20180 0.187788840763167
20190 0.187859444856276
20200 0.1879289680138841
20210 0.1879972737519432
20220 0.1880642587732337
20230 0.1881298359608455
20240 0.1881940149700685
20250 0.1882567729278537
20260 0.1883182116835405
20270 0.18837844802688
20280 0.188437637118692
20290 0.1884959212492133
20300 0.1885533737642657
20310 0.1886101050290127
20320 0.1886662355628765
20330 0.1887218892118933
20340 0.1887771304077174
20350 0.1888320194352218
20360 0.1888866251648323
20370 0.1889410065562755
20380 0.1889952103114909
20390 0.1890492475990156
20400 0.1891031382836535
20410 0.189156895859616
20420 0.1892105087061117
20430 0.1892639610592816
20440 0.189317261207588
20450 0.1893704126929137
20460 0.1894234428074408
20470 0.1894763658431957
20480 0.1895291643015658
20490 0.1895818621801502
20500 0.1896344909248346
20510 0.1896870802479882
20520 0.1897396917811927
20530 0.1897923821974146
20540 0.1898451249602477
20550 0.1898979674567183
20560 0.1899508956560693
20570 0.1900039275379345
20580 0.1900570833168433
20590 0.1901103457730106
20600 0.1901636618235889
20610 0.1902169933776668
20620 0.1902703118124701
20630 0.1903235426385319
20640 0.1903766151585057
20650 0.1904294756713421
20660 0.1904820399854246
20670 0.1905342121842979
20680 0.1905858937976661
20690 0.1906369973099758
20700 0.1906874270284333
20710 0.1907371239659295
20720 0.190786016335608
20730 0.1908340354762566
20740 0.1908811186990372
20750 0.1909271950948165
20760 0.1909722421530515
20770 0.1910162000268102
20780 0.1910590001616795
20790 0.1911006379062856
20800 0.1911410929270212
20810 0.1911803043449927
20820 0.191218215604638
20830 0.1912548692361924
20840 0.1912903579351331
20850 0.1913247631432117
20860 0.191358182089499
20870 0.19139074186983
20880 0.1914225458562639
20890 0.1914537037998228
20900 0.1914843188347245
20910 0.1915144878960977
20920 0.1915442786535138
20930 0.1915737514140642
20940 0.1916029842473707
20950 0.1916320941195573
20960 0.1916611160019722
20970 0.1916900973733044
20980 0.1917191412337296
20990 0.1917483603674245
21000 0.1917777900824663
21010 0.1918075422650927
21020 0.1918376929242487
21030 0.1918682602942738
21040 0.1918992526087209
21050 0.1919306928367061
21060 0.1919625706865291
21070 0.1919948393917312
21080 0.1920274447738508
21090 0.1920603651375635
21100 0.1920935465841583
21110 0.192126924164667
21120 0.1921604433768448
21130 0.1921940021428949
21140 0.1922275097801944
21150 0.1922608961368108
21160 0.192294116913943
21170 0.1923271367895469
21180 0.1923599645717018
21190 0.1923926121530054
21200 0.1924250517372035
21210 0.192457241808532
21220 0.1924891190451945
21230 0.1925206166896355
21240 0.1925516850969151
21250 0.1925823129153171
21260 0.1926124655755177
21270 0.1926421043793332
21280 0.1926712089935048
21290 0.1926997545371067
21300 0.1927277506792014
21310 0.1927552132153812
21320 0.1927821609713711
21330 0.1928086160718213
21340 0.192834607095324
21350 0.1928601867025908
21360 0.1928854344761265
21370 0.1929104539788456
21380 0.1929353196857324
21390 0.1929600648219786
21400 0.192984749723124
21410 0.193009451749665
21420 0.1930342340885802
21430 0.1930591265246532
21440 0.1930841711194691
21450 0.1931093736921882
21460 0.193134797893248
21470 0.1931604979021152
21480 0.1931865212432664
21490 0.1932129052726494
21500 0.1932396687674829
21510 0.1932667983345955
21520 0.1932942590198318
21530 0.1933219862481108
21540 0.1933499424446972
21550 0.1933780792604544
21560 0.193406341471345
21570 0.1934346834005834
21580 0.1934630658978169
21590 0.1934914360705373
21600 0.1935197087640141
21610 0.1935477919565884
21620 0.1935755440915174
21630 0.193602856792704
21640 0.1936296390275806
21650 0.1936558416286724
21660 0.1936814211457149
21670 0.1937063419744112
21680 0.1937305850274052
21690 0.1937541435446151
21700 0.1937770325286499
21710 0.193799285122738
21720 0.1938209139410358
21730 0.1938419277796538
21740 0.1938623420119412
21750 0.1938821897225882
21760 0.1939014959767512
21770 0.1939202807395494
21780 0.1939386025948467
21790 0.1939565433045194
21800 0.1939741772967979
21810 0.1939916090868077
21820 0.1940089719308816
21830 0.1940263572064904
21840 0.1940439089865091
21850 0.1940617226844858
21860 0.1940798807064522
21870 0.1940984927061608
21880 0.1941176743918653
21890 0.194137631213319
21900 0.194158654739871
21910 0.1941809466631418
21920 0.1942047287854769
21930 0.1942302304889535
21940 0.1942576791654302
21950 0.1942872237732228
21960 0.1943189640643524
21970 0.1943530229146158
21980 0.1943894417105807
21990 0.1944282200528621
22000 0.1944693254921851
22010 0.1945126413897333
22020 0.1945580193137579
22030 0.1946052712943956
22040 0.1946541545011713
22050 0.1947043824880229
22060 0.1947556927478505
22070 0.1948077978025084
22080 0.1948604585369859
22090 0.1949134641696134
22100 0.1949666026733157
22110 0.1950196254172486
22120 0.1950723249411742
22130 0.1951245726326385
22140 0.1951762513559666
22150 0.1952271584788379
22160 0.1952772019583527
22170 0.1953263116690328
22180 0.1953744875221143
22190 0.1954217004835513
22200 0.1954679161420241
22210 0.1955130758070796
22220 0.1955570941200124
22230 0.1955998931111995
22240 0.195641405705557
22250 0.1956815987037212
22260 0.1957204656118836
22270 0.1957580353261207
22280 0.1957943330688821
22290 0.1958293988301646
22300 0.1958633130502292
22310 0.1958961316763798
22320 0.1959278972628372
22330 0.1959586551922028
22340 0.1959884431649868
22350 0.1960172724061441
22360 0.1960451739692493
22370 0.1960721883466649
22380 0.1960983255864521
22390 0.1961235810591289
22400 0.1961479310350941
22410 0.1961713354133312
22420 0.1961937558564002
22430 0.1962151445545255
22440 0.196235440490996
22450 0.1962545875076055
22460 0.19627253358335
22470 0.1962892261538232
22480 0.1963046305917852
22490 0.1963187256887298
22500 0.1963315127948709
22510 0.1963430003266219
22520 0.1963532058978436
22530 0.1963621642203627
22540 0.1963699293010208
22550 0.1963765736352862
22560 0.1963821701965854
22570 0.1963867888496183
22580 0.1963905248293785
22590 0.1963934792637513
22600 0.1963957455924864
22610 0.1963974188816955
22620 0.1963986040367165
22630 0.1963994091355277
22640 0.1963999440166508
22650 0.1964003161019021
22660 0.1964006233874673
22670 0.1964009576175265
22680 0.1964014151467165
22690 0.1964020746996786
22700 0.1964030100450805
22710 0.1964043062167459
22720 0.1964060457863133
22730 0.1964082960350216
22740 0.1964111218577948
22750 0.1964145766150962
22760 0.1964186939909989
22770 0.1964234990007802
22780 0.196429000536548
22790 0.1964352090538506
22800 0.1964421172306737
22810 0.1964497145603347
22820 0.1964579843621641
22830 0.196466907091022
22840 0.1964764625405428
22850 0.1964866263885627
22860 0.1964973757809455
22870 0.1965086761695867
22880 0.1965204875331458
22890 0.1965327596594626
22900 0.1965454564514582
22910 0.1965585408536547
22920 0.1965719826193451
22930 0.1965857498661142
22940 0.1965998080867498
22950 0.1966141375009497
22960 0.1966287123577402
22970 0.1966435298788812
22840 0.1964764625501874
22850 0.1964866263798274
22860 0.1964973757687094
22870 0.1965086761410592
22880 0.196520487835101
22890 0.196532759674543
22900 0.1965454564361165
22910 0.1965585409471935
22920 0.196571982890965
22930 0.196585749857213
22940 0.1965998079601038
22950 0.1966141375233157
22960 0.1966287123295421
22970 0.1966435298880788
22980 0.1966585924207033
22990 0.1966738884579115
23000 0.1966894308435109
23010 0.1967052401971642
23020 0.1967213295640226
23030 0.196737717964691
23040 0.1967544213575008
23050 0.1967714560261757
23060 0.1967888338448871
23070 0.1968065708646066
23080 0.1968246746223661
23090 0.19684314081014
23100 0.1968619392922786
23110 0.1968810483251565
23120 0.1969004477987175
23130 0.1969201201358516
23140 0.1969400468878589
23150 0.1969601961143948
23160 0.1969805297313157
23170 0.1970010133907833
23180 0.1970216291898883
23190 0.1970423452943732
23200 0.1970631107839467
23210 0.1970838690964477
23220 0.1971045793417751
23230 0.1971251996076235
23240 0.1971456876561909
23250 0.1971660202473831
23260 0.1971861709647968
23270 0.1972061156417299
23280 0.1972258357094425
23290 0.1972453233965505
23300 0.1972645758000874
23310 0.1972835996239991
23320 0.1973024075455752
23330 0.1973210086824012
23340 0.1973394070980637
23350 0.1973576071159991
23360 0.1973756135371257
23370 0.1973934282149042
23380 0.1974110602961048
23390 0.19742852034376
23400 0.1974458187083157
23410 0.1974629710766593
23420 0.1974799839653787
23430 0.1974968633336651
23440 0.1975136183612677
23450 0.1975302669639404
23460 0.1975468170542856
23470 0.1975632721459388
23480 0.1975796337182286
23490 0.1975958945065563
23500 0.1976120471934302
23510 0.1976280654682636
23520 0.1976439349803124
23530 0.1976596455167915
23540 0.1976751819389324
23550 0.1976905310644809
23560 0.1977056805652041
23570 0.1977206254007366
23580 0.1977353688861006
23590 0.1977499060193433
23600 0.1977642210476496
23610 0.1977782916458036
23620 0.1977920864458192
23630 0.1978055666738517
23640 0.1978187033519175
23650 0.1978314693827656
23660 0.1978438409218485
23670 0.1978558092474895
23680 0.1978673647418914
23690 0.1978784859024471
23700 0.1978891553985281
23710 0.1978993591075545
23720 0.1979090870629155
23730 0.1979183499936814
23740 0.1979271655871433
23750 0.1979355488129199
23760 0.197943509587562
23770 0.1979510595294038
23780 0.1979582145474382
23790 0.1979649956569547
23800 0.1979714287842722
23810 0.1979775464952132
23820 0.1979833786231806
23830 0.1979889567712659
23840 0.1979943291058302
23850 0.1979995361834529
23860 0.1980046066981637
23870 0.1980095792507886
23880 0.1980144878469273
23890 0.1980193661780996
23900 0.1980242474274628
23910 0.1980291577307476
23920 0.1980341185933199
23930 0.1980391503938013
23940 0.1980442784757818
23950 0.198049527510416
23960 0.1980549192587552
23970 0.1980604710279797
23980 0.198066208077101
23990 0.1980721545263869
24000 0.1980783287902224
