"Time Step" "point-vel-c"
0 7.249237060546875
10 7.41074800491333
20 7.315632820129395
30 7.303511142730713
40 6.766143798828125
50 6.891061305999756
60 7.215317249298096
70 8.064133644104004
80 8.093109130859375
90 7.948283195495605
100 7.879883766174316
110 7.696830749511719
120 7.487066268920898
130 7.406736850738525
140 7.492981910705566
150 7.537405490875244
160 7.479410171508789
170 7.565732479095459
180 7.811154365539551
190 7.81898832321167
200 7.750364303588867
210 7.593491554260254
220 7.570103645324707
230 7.571863651275635
240 7.596062660217285
250 7.596675872802734
260 7.63767147064209
270 7.953883647918701
280 7.496469020843506
290 7.7421875
300 8.876099586486816
310 7.784589767456055
320 7.518510341644287
330 7.87388801574707
340 7.695398807525635
350 7.733051300048828
360 8.126361846923828
370 8.191901206970215
380 7.586276054382324
390 6.996070861816406
400 6.396288871765137
410 8.581454277038574
420 9.893577575683594
430 8.279474258422852
440 6.68511438369751
450 6.842004776000977
460 7.31153392791748
470 8.224637031555176
480 8.266240119934082
490 7.659212589263916
500 7.452059745788574
510 6.956575870513916
520 6.891393184661865
530 6.428019523620605
540 5.805191516876221
550 5.98871374130249
560 7.735752105712891
570 7.714152812957764
580 7.461548805236816
590 8.282087326049805
600 9.01372241973877
610 7.109915733337402
620 7.349593162536621
630 7.259025096893311
640 7.179876327514648
650 7.211376667022705
660 7.031021118164062
670 7.911594867706299
680 7.551782131195068
690 6.879489421844482
700 6.661543846130371
710 6.521351337432861
720 7.09580135345459
730 7.634927749633789
740 7.612605571746826
750 7.452383518218994
760 7.290858745574951
770 7.267620086669922
780 7.567085266113281
790 7.495285511016846
800 7.187670230865479
810 6.598055362701416
820 6.426349639892578
830 6.767963409423828
840 7.100033283233643
850 7.669014930725098
860 8.105793952941895
870 7.118398666381836
880 7.30595064163208
890 7.450862884521484
900 6.710180759429932
910 6.349688053131104
920 6.372341156005859
930 6.849370956420898
940 7.445124626159668
950 7.072728633880615
960 6.721246242523193
970 7.586446762084961
980 7.586253643035889
990 7.225080966949463
1000 7.657389640808105
1010 7.46775484085083
1020 8.008207321166992
1030 8.265411376953125
1040 8.350744247436523
1050 7.617117881774902
1060 7.057248592376709
1070 7.490967750549316
1080 8.206939697265625
1090 7.869706153869629
1100 8.450661659240723
1110 8.310044288635254
1120 8.031528472900391
1130 7.437875747680664
1140 7.265151023864746
1150 7.37394905090332
1160 7.043371677398682
1170 7.149645805358887
1180 7.280351161956787
1190 6.818760871887207
1200 7.026821613311768
1210 7.918502807617188
1220 9.281280517578125
1230 8.006168365478516
1240 8.332411766052246
1250 8.715402603149414
1260 7.90854549407959
1270 7.478146553039551
1280 7.502643585205078
1290 8.183669090270996
1300 8.061832427978516
1310 7.47881031036377
1320 7.715378761291504
1330 7.952144622802734
1340 6.93214750289917
1350 6.511489868164062
1360 6.89578914642334
1370 7.160429954528809
1380 7.436850070953369
1390 7.227537155151367
1400 7.18591833114624
1410 7.287610054016113
1420 7.045701503753662
1430 7.047749042510986
1440 8.245540618896484
1450 8.001857757568359
1460 8.026369094848633
1470 7.774302959442139
1480 7.183615684509277
1490 7.262176513671875
1500 7.60701847076416
1510 7.504045963287354
1520 7.494699954986572
1530 7.725264549255371
1540 7.682941913604736
1550 7.452913284301758
1560 7.204370975494385
1570 7.076459884643555
1580 6.536728858947754
1590 5.804601192474365
1600 5.970695018768311
1610 6.617995738983154
1620 6.771717071533203
1630 6.961610794067383
1640 8.24933910369873
1650 8.341740608215332
1660 8.502140045166016
1670 7.903341293334961
1680 8.716991424560547
1690 9.085164070129395
1700 9.038482666015625
1710 8.295122146606445
1720 6.752712726593018
1730 6.917465209960938
1740 8.401314735412598
1750 7.579241275787354
1760 7.830228805541992
1770 8.947622299194336
1780 9.50763988494873
1790 9.145296096801758
1800 7.581598281860352
1810 7.177948474884033
1820 6.999166488647461
1830 6.678837299346924
1840 7.146907329559326
1850 6.904171943664551
1860 6.909232139587402
1870 7.060503005981445
1880 6.553324699401855
1890 6.904664516448975
1900 6.638816833496094
1910 6.592989921569824
1920 7.316346168518066
1930 7.465691089630127
1940 6.923577785491943
1950 7.338204383850098
1960 7.182843685150146
1970 7.101971626281738
1980 6.664518356323242
1990 6.542321681976318
2000 6.829016208648682
2010 7.676050186157227
2020 7.892173290252686
2030 8.393741607666016
2040 8.208999633789062
2050 7.644532203674316
2060 8.431404113769531
2070 7.748173236846924
2080 7.130580902099609
2090 7.683791160583496
2100 7.888635158538818
2110 7.219467163085938
2120 7.167362213134766
2130 7.539943695068359
2140 7.207911968231201
2150 7.041652679443359
2160 6.750274658203125
2170 7.527194023132324
2180 7.733489990234375
2190 7.930415153503418
2200 8.419022560119629
2210 7.575873851776123
2220 7.346761703491211
2230 7.220260620117188
2240 6.698436737060547
2250 6.740603923797607
2260 7.571320533752441
2270 7.900225639343262
2280 7.4441819190979
2290 7.052671432495117
2300 7.261985778808594
2310 7.395990371704102
2320 7.319131851196289
2330 6.904641628265381
2340 6.699428558349609
2350 6.862362384796143
2360 6.833711624145508
2370 6.804769992828369
2380 6.892494678497314
2390 7.20638370513916
2400 8.400697708129883
2410 9.336856842041016
2420 9.538436889648438
2430 9.215258598327637
2440 6.92924690246582
2450 8.11457347869873
2460 7.103084564208984
2470 7.331212997436523
2480 7.509668350219727
2490 8.046835899353027
2500 8.84009838104248
2510 8.37565803527832
2520 8.950926780700684
2530 7.442633628845215
2540 6.496134757995605
2550 6.632466316223145
2560 6.90434741973877
2570 7.018237113952637
2580 7.226848125457764
2590 7.537734031677246
2600 6.781327247619629
2610 6.521042823791504
2620 6.382357597351074
2630 6.822295665740967
2640 6.479024410247803
2650 6.385992050170898
2660 6.495659351348877
2670 6.279345989227295
2680 6.224589347839355
2690 6.534969329833984
2700 6.492693901062012
2710 7.414425849914551
2720 7.579548835754395
2730 7.200819969177246
2740 7.25119161605835
2750 7.169912815093994
2760 6.887966156005859
2770 6.86661434173584
2780 7.214315414428711
2790 6.929725170135498
2800 7.882168292999268
2810 9.369289398193359
2820 8.84111213684082
2830 8.721901893615723
2840 7.64069652557373
2850 7.348508834838867
2860 6.820277214050293
2870 7.14165210723877
2880 7.697063446044922
2890 8.214791297912598
2900 9.116218566894531
2910 9.330116271972656
2920 8.985475540161133
2930 8.408982276916504
2940 7.241907119750977
2950 7.346069812774658
2960 8.584249496459961
2970 6.981613636016846
2980 6.91363525390625
2990 7.677492141723633
3000 7.64884090423584
3010 7.644309043884277
3020 7.739741325378418
3030 7.117829322814941
3040 6.655911445617676
3050 6.412662982940674
3060 6.55717945098877
3070 7.024884700775146
3080 7.324511528015137
3090 7.053050994873047
3100 6.95512580871582
3110 6.683056831359863
3120 6.773913383483887
3130 7.15575122833252
3140 7.316145896911621
3150 7.238936424255371
3160 7.514782905578613
3170 7.612040519714355
3180 7.562740802764893
3190 7.280477046966553
3200 6.982489585876465
3210 6.985905647277832
3220 7.034880638122559
3230 7.217416286468506
3240 7.129361629486084
3250 6.827494621276855
3260 7.0862135887146
3270 6.54576301574707
3280 7.495572090148926
3290 7.635825157165527
3300 8.179731369018555
3310 8.350038528442383
3320 7.675283432006836
3330 7.03313159942627
3340 6.774566173553467
3350 6.53599214553833
3360 6.544388294219971
3370 6.951546192169189
3380 8.036530494689941
3390 8.134933471679688
3400 7.494614601135254
3410 7.418618202209473
3420 7.100812435150146
3430 6.749511241912842
3440 6.811412811279297
3450 6.822075366973877
3460 6.698854923248291
3470 6.586436748504639
3480 6.757678985595703
3490 6.977034568786621
3500 6.942500114440918
3510 6.83686351776123
3520 7.102253913879395
3530 7.202442646026611
3540 7.111882209777832
3550 7.028115272521973
3560 7.131511211395264
3570 7.27410888671875
3580 7.271649837493896
3590 7.043864727020264
3600 6.970035552978516
3610 8.301572799682617
3620 8.807838439941406
3630 7.672635078430176
3640 7.700672626495361
3650 7.685369491577148
3660 8.127294540405273
3670 9.256499290466309
3680 7.842049121856689
3690 6.810764312744141
3700 7.869359493255615
3710 8.510048866271973
3720 7.943633556365967
3730 7.416778087615967
3740 6.84939432144165
3750 7.082003593444824
3760 6.468330860137939
3770 6.542559623718262
3780 7.414237499237061
3790 7.860422611236572
3800 7.368477821350098
3810 7.316241264343262
3820 6.93604850769043
3830 7.285975933074951
3840 7.129295349121094
3850 6.868810176849365
3860 7.472227096557617
3870 7.770958423614502
3880 6.997760772705078
3890 7.228793144226074
3900 7.113039970397949
3910 6.526588439941406
3920 6.45382833480835
3930 6.43695592880249
3940 6.648672580718994
3950 6.994879722595215
3960 7.004094123840332
3970 7.039453983306885
3980 6.796740055084229
3990 6.785265922546387
4000 6.787436485290527
4010 6.445761680603027
4020 6.405148506164551
4030 7.009038925170898
4040 8.313323020935059
4050 8.191177368164062
4060 8.19835090637207
4070 8.620796203613281
4080 7.978748321533203
4090 8.526021003723145
4100 7.736629962921143
4110 8.273890495300293
4120 7.220243453979492
4130 6.54996395111084
4140 6.535421848297119
4150 7.21349573135376
4160 7.235125541687012
4170 7.196687698364258
4180 6.929347038269043
4190 7.440183639526367
4200 7.780189514160156
4210 7.623088836669922
4220 7.53830623626709
4230 7.610501289367676
4240 7.403072357177734
4250 7.390480995178223
4260 7.744400024414062
4270 7.395141124725342
4280 7.122065544128418
4290 7.186796188354492
4300 7.71015453338623
4310 7.77220630645752
4320 7.298231601715088
4330 7.549911975860596
4340 7.008663654327393
4350 6.325536251068115
4360 6.645125389099121
4370 6.59309196472168
4380 7.062839031219482
4390 6.542957305908203
4400 6.334170341491699
4410 6.710287570953369
4420 7.954588890075684
4430 8.676435470581055
4440 8.088894844055176
4450 7.754157543182373
4460 8.395020484924316
4470 8.790829658508301
4480 8.047737121582031
4490 7.606855392456055
4500 8.349176406860352
4510 7.905365467071533
4520 8.933147430419922
4530 9.443021774291992
4540 7.929490089416504
4550 7.622632503509521
4560 7.721042633056641
4570 7.31822395324707
4580 7.273431301116943
4590 7.027181625366211
4600 6.986818313598633
4610 7.899609088897705
4620 7.439521789550781
4630 7.214473247528076
4640 7.280588150024414
4650 7.206774711608887
4660 6.780673503875732
4670 6.883055686950684
4680 6.996397018432617
4690 6.563226699829102
4700 6.954837322235107
4710 7.551816463470459
4720 7.173635005950928
4730 7.235548496246338
4740 7.179745674133301
4750 7.681011199951172
4760 7.990400791168213
4770 7.333367347717285
4780 7.1884765625
4790 7.114857196807861
4800 7.68364143371582
4810 8.802618026733398
4820 8.343435287475586
4830 7.620448589324951
4840 7.078288078308105
4850 6.555033683776855
4860 6.7233567237854
4870 7.585857391357422
4880 8.392160415649414
4890 7.478745460510254
4900 6.852286338806152
4910 6.703020095825195
4920 7.246006488800049
4930 7.174242973327637
4940 6.946764945983887
4950 6.286269187927246
4960 6.052598476409912
4970 6.570858478546143
4980 6.170475959777832
4990 6.995762825012207
5000 7.538292407989502
5010 7.74696159362793
5020 7.429641723632812
5030 7.445902824401855
5040 7.386439323425293
5050 7.966464042663574
5060 7.636229515075684
5070 7.987673759460449
5080 7.684947967529297
5090 7.841690540313721
5100 7.568815231323242
5110 7.548697471618652
5120 7.520409107208252
5130 6.610239028930664
5140 7.368556976318359
5150 7.149899959564209
5160 6.927662372589111
5170 7.188504219055176
5180 7.316742897033691
5190 7.137041091918945
5200 7.099758148193359
5210 7.087227344512939
5220 7.033300876617432
5230 7.193115234375
5240 7.384266376495361
5250 7.287039279937744
5260 8.189373016357422
5270 8.340900421142578
5280 8.461522102355957
5290 8.443859100341797
5300 8.080304145812988
5310 7.698614120483398
5320 7.917032241821289
5330 8.549956321716309
5340 7.970793724060059
5350 7.944941997528076
5360 8.351723670959473
5370 8.283222198486328
5380 7.640091896057129
5390 6.894558906555176
5400 7.431706428527832
5410 7.351651668548584
5420 7.469664096832275
5430 7.814769744873047
5440 7.994969367980957
5450 7.689400672912598
5460 8.094198226928711
5470 7.641383647918701
5480 7.66326904296875
5490 7.603854179382324
5500 7.120640277862549
5510 6.781042098999023
5520 7.439377784729004
5530 7.730875015258789
5540 7.625763893127441
5550 7.827845573425293
5560 7.536733627319336
5570 7.327557563781738
5580 7.601441383361816
5590 7.40767765045166
5600 6.073479652404785
5610 6.577606201171875
5620 8.662664413452148
5630 7.473526000976562
5640 7.34062385559082
5650 7.745684623718262
5660 9.172004699707031
5670 8.61888599395752
5680 8.986757278442383
5690 7.448028564453125
5700 7.136993885040283
5710 7.138904571533203
5720 7.216427803039551
5730 7.578967571258545
5740 7.476479053497314
5750 7.807158470153809
5760 7.601917266845703
5770 6.890124797821045
5780 6.719893455505371
5790 6.389132022857666
5800 6.25849723815918
5810 6.277719974517822
5820 6.329076766967773
5830 6.668946743011475
5840 7.132050514221191
5850 7.379428386688232
5860 7.642116546630859
5870 6.941276073455811
5880 6.593410491943359
5890 6.469559669494629
5900 6.474460124969482
5910 6.623344421386719
5920 6.928995132446289
5930 7.240379333496094
5940 6.774092674255371
5950 6.369302749633789
5960 6.393686771392822
5970 6.501916885375977
5980 6.652647495269775
5990 6.845669269561768
6000 6.996594905853271
6010 7.254117012023926
6020 7.528518676757812
6030 7.26699686050415
6040 7.04081392288208
6050 7.500484943389893
6060 8.680378913879395
6070 9.430436134338379
6080 8.227018356323242
6090 7.049586296081543
6100 7.837249279022217
6110 7.074047088623047
6120 7.644139766693115
6130 7.182572364807129
6140 6.797806739807129
6150 7.531536102294922
6160 8.011406898498535
6170 7.499895572662354
6180 7.530159473419189
6190 7.593531608581543
6200 7.848343372344971
6210 7.718486785888672
6220 7.221714973449707
6230 6.810376167297363
6240 7.217908382415771
6250 7.45610237121582
6260 7.286501884460449
6270 7.099578857421875
6280 7.412251472473145
6290 8.250802993774414
6300 8.139328956604004
6310 7.320088386535645
6320 7.563625335693359
6330 7.978625297546387
6340 7.641463279724121
6350 7.664661407470703
6360 7.711191177368164
6370 7.703029155731201
6380 7.303205013275146
6390 7.281284809112549
6400 7.071872234344482
6410 7.097877979278564
6420 7.468840599060059
6430 7.281678199768066
6440 6.800267219543457
6450 7.831769943237305
6460 8.434135437011719
6470 8.371511459350586
6480 7.681944847106934
6490 6.923585891723633
6500 6.941534042358398
6510 7.527358055114746
6520 6.639251708984375
6530 6.948030471801758
6540 7.015884399414062
6550 6.802111148834229
6560 6.898460865020752
6570 6.923040390014648
6580 7.236326694488525
6590 7.209426403045654
6600 7.590240001678467
6610 7.89627742767334
6620 7.603000640869141
6630 7.02083683013916
6640 6.856558799743652
6650 6.94802188873291
6660 7.061503887176514
6670 6.655575275421143
6680 6.649916648864746
6690 6.821841716766357
6700 6.815348148345947
6710 6.894286155700684
6720 7.079975128173828
6730 7.570939064025879
6740 7.311964511871338
6750 7.322361946105957
6760 7.245148658752441
6770 6.8909912109375
6780 6.948963165283203
6790 6.944958209991455
6800 6.942791938781738
6810 6.986204624176025
6820 7.012988090515137
6830 6.920272350311279
6840 6.760172367095947
6850 7.031009674072266
6860 7.772848129272461
6870 7.27527379989624
6880 7.527121543884277
6890 7.535704612731934
6900 7.563224315643311
6910 7.505638122558594
6920 7.679794788360596
6930 7.507275104522705
6940 7.352295875549316
6950 7.761264801025391
6960 7.881958484649658
6970 7.696483135223389
6980 7.703994274139404
6990 7.371387958526611
7000 7.683844566345215
7010 9.074589729309082
7020 8.627522468566895
7030 7.814910888671875
7040 7.860281944274902
7050 7.635731220245361
7060 7.80941104888916
7070 7.502965927124023
7080 7.628801822662354
7090 6.880270957946777
7100 6.975269794464111
7110 6.932724952697754
7120 6.846964836120605
7130 6.934967041015625
7140 7.229417324066162
7150 7.122759819030762
7160 6.893015384674072
7170 6.942931175231934
7180 6.850213050842285
7190 6.72874641418457
7200 6.70421314239502
7210 6.850379943847656
7220 7.408262252807617
7230 7.161234378814697
7240 6.898482799530029
7250 7.899501323699951
7260 7.9556884765625
7270 7.414555072784424
7280 7.572128772735596
7290 7.711243629455566
7300 8.060497283935547
7310 7.56209135055542
7320 6.769367218017578
7330 7.463297843933105
7340 7.250853061676025
7350 7.013066291809082
7360 7.376908779144287
7370 7.57902717590332
7380 7.626128196716309
7390 7.380410194396973
7400 6.908627033233643
7410 7.335873603820801
7420 7.525609493255615
7430 7.638814449310303
7440 7.340385913848877
7450 7.415121555328369
7460 7.40012264251709
7470 7.13341236114502
7480 6.722009181976318
7490 6.892805576324463
7500 7.20566987991333
7510 6.980723857879639
7520 5.90465259552002
7530 6.138556480407715
7540 6.288318634033203
7550 6.039432048797607
7560 6.280014038085938
7570 6.996270656585693
7580 6.867325305938721
7590 6.870523452758789
7600 6.362317085266113
7610 6.950979709625244
7620 8.605962753295898
7630 8.406879425048828
7640 8.312734603881836
7650 7.251943111419678
7660 7.326662063598633
7670 7.342439651489258
7680 6.911952018737793
7690 6.735221385955811
7700 7.079142570495605
7710 7.282105445861816
7720 8.198992729187012
7730 7.63581657409668
7740 7.031330585479736
7750 7.468871116638184
7760 7.768647193908691
7770 8.172723770141602
7780 8.18343448638916
7790 7.112563133239746
7800 6.742960929870605
7810 7.067251682281494
7820 7.129412651062012
7830 7.045839786529541
7840 7.736110210418701
7850 7.226571083068848
7860 6.836527347564697
7870 6.484980583190918
7880 7.548388481140137
7890 7.701786518096924
7900 7.469346046447754
7910 7.453361511230469
7920 7.452521800994873
7930 6.902613162994385
7940 7.149483203887939
7950 6.697227478027344
7960 7.000291347503662
7970 7.085869789123535
7980 6.879898548126221
7990 6.734976768493652
8000 6.354483604431152
8010 6.589860439300537
8020 7.139463424682617
8030 7.181997299194336
8040 7.120964050292969
8050 6.638226985931396
8060 6.88986349105835
8070 6.951620101928711
8080 7.244088172912598
8090 7.347255229949951
8100 8.63334846496582
8110 8.763636589050293
8120 7.281485080718994
8130 7.37517261505127
8140 7.05325174331665
8150 7.067319393157959
8160 7.198787689208984
8170 7.441939353942871
8180 7.206209182739258
8190 8.304222106933594
8200 8.614400863647461
8210 8.109856605529785
8220 8.043336868286133
8230 7.105659961700439
8240 7.149820327758789
8250 7.603704929351807
8260 8.488067626953125
8270 7.440020084381104
8280 6.413095951080322
8290 6.472868919372559
8300 6.656743049621582
8310 7.040317058563232
8320 7.569426536560059
8330 7.494766235351562
8340 7.306132316589355
8350 7.204501628875732
8360 7.650969982147217
8370 7.978102684020996
8380 7.537393569946289
8390 6.824245452880859
8400 6.27357292175293
8410 7.00209379196167
8420 7.51190710067749
8430 7.753061771392822
8440 7.976819038391113
8450 7.65791130065918
8460 8.944210052490234
8470 9.193436622619629
8480 8.298576354980469
8490 7.890234470367432
8500 8.248050689697266
8510 6.848068237304688
8520 6.862201690673828
8530 7.399042129516602
8540 6.876346588134766
8550 6.913969993591309
8560 6.853739738464355
8570 6.621914863586426
8580 6.728096485137939
8590 7.030070781707764
8600 7.07130241394043
8610 6.897642135620117
8620 6.611926555633545
8630 6.461455821990967
8640 6.074520111083984
8650 6.473053455352783
8660 7.111395835876465
8670 7.21450662612915
8680 7.165655136108398
8690 6.683815479278564
8700 6.389359474182129
8710 6.271759033203125
8720 6.495547294616699
8730 6.782798767089844
8740 7.062886238098145
8750 6.915524005889893
8760 7.07981538772583
8770 7.47865104675293
8780 7.349578857421875
8790 6.613200664520264
8800 6.928807735443115
8810 7.361737251281738
8820 7.715054512023926
8830 7.770594596862793
8840 7.55451488494873
8850 7.347591400146484
8860 7.903305053710938
8870 7.281591892242432
8880 7.921608448028564
8890 7.584905624389648
8900 7.474936962127686
8910 7.018431663513184
8920 7.080197334289551
8930 8.044665336608887
8940 7.816370964050293
8950 8.073418617248535
8960 7.867871284484863
8970 7.644692897796631
8980 7.59130334854126
8990 8.001628875732422
9000 7.088333606719971
9010 7.803741455078125
9020 7.420826435089111
9030 7.385296821594238
9040 7.288376331329346
9050 7.643951892852783
9060 7.662860870361328
9070 8.584779739379883
9080 8.670348167419434
9090 8.380640029907227
9100 8.252185821533203
9110 8.376568794250488
9120 8.143770217895508
9130 7.459451198577881
9140 6.3253493309021
9150 6.552514553070068
9160 6.762445449829102
9170 6.795312881469727
9180 6.727912902832031
9190 6.738997459411621
9200 6.349274635314941
9210 6.352946281433105
9220 7.115531921386719
9230 7.498729705810547
9240 7.248051643371582
9250 6.970447540283203
9260 7.493803977966309
9270 7.667419910430908
9280 6.797959327697754
9290 6.59930419921875
9300 7.030344009399414
9310 7.132262706756592
9320 7.33070182800293
9330 7.689311027526855
9340 7.679279327392578
9350 7.441767692565918
9360 7.719441413879395
9370 8.208626747131348
9380 6.89493465423584
9390 7.585925102233887
9400 6.894834518432617
9410 7.291467666625977
9420 7.228462696075439
9430 7.37498140335083
9440 7.154693603515625
9450 7.254795074462891
9460 7.858257293701172
9470 7.860306739807129
9480 7.346645355224609
9490 7.907762050628662
9500 6.887297630310059
9510 7.09271764755249
9520 6.906610012054443
9530 6.877837181091309
9540 6.627120494842529
9550 6.281162261962891
9560 6.968682289123535
9570 7.377575874328613
9580 7.522102355957031
9590 7.033547878265381
9600 6.663942337036133
9610 7.140617370605469
9620 7.075002670288086
9630 6.624721527099609
9640 6.559075355529785
9650 7.097368240356445
9660 7.722679138183594
9670 7.930752754211426
9680 8.88707160949707
9690 7.919389247894287
9700 7.81157922744751
9710 8.196205139160156
9720 7.772047519683838
9730 8.089175224304199
9740 7.735422611236572
9750 7.52287769317627
9760 7.709580421447754
9770 7.786315441131592
9780 6.965280055999756
9790 7.52549409866333
9800 7.596372127532959
9810 7.537167549133301
9820 7.032677173614502
9830 7.327162742614746
9840 7.671572208404541
9850 7.449910163879395
9860 7.34537410736084
9870 7.457460403442383
9880 7.474491119384766
9890 7.735667705535889
9900 7.225347995758057
9910 7.197686672210693
9920 7.165460109710693
9930 6.657406330108643
9940 6.102597236633301
9950 6.123283386230469
9960 6.494034767150879
9970 6.45421028137207
9980 6.87874174118042
9990 7.10142707824707
10000 7.225674629211426
10010 7.046335220336914
10020 7.140996932983398
10030 7.494651317596436
10040 6.976336479187012
10050 6.994942188262939
10060 7.170680999755859
10070 6.805884838104248
10080 6.641670227050781
10090 6.719977378845215
10100 6.479222774505615
10110 7.619606494903564
10120 8.089055061340332
10130 7.668790340423584
10140 7.332074165344238
10150 7.716102600097656
10160 8.04280948638916
10170 7.496084690093994
10180 7.443731307983398
10190 7.000283241271973
10200 6.867524147033691
10210 7.152605056762695
10220 7.474465847015381
10230 7.971574783325195
10240 7.493316173553467
10250 7.457670211791992
10260 7.632792472839355
10270 7.580119132995605
10280 7.756568908691406
10290 7.54973030090332
10300 7.686663150787354
10310 7.207328319549561
10320 6.893265724182129
10330 6.942183017730713
10340 7.025594711303711
10350 7.487758636474609
10360 6.890137195587158
10370 6.524319648742676
10380 6.340581893920898
10390 6.194853782653809
10400 6.525422096252441
10410 6.562952518463135
10420 7.18503999710083
10430 7.582263469696045
10440 7.11102294921875
10450 7.998491287231445
10460 8.613898277282715
10470 9.338788032531738
10480 8.902077674865723
10490 8.589086532592773
10500 7.589119434356689
10510 8.332468032836914
10520 8.623600959777832
10530 7.643836498260498
10540 8.00840950012207
10550 7.644313812255859
10560 8.407073020935059
10570 7.803293704986572
10580 7.197164058685303
10590 6.691625118255615
10600 6.540317535400391
10610 6.764121055603027
10620 7.055131912231445
10630 7.235729217529297
10640 7.263565063476562
10650 6.980728626251221
10660 6.964116096496582
10670 6.873021602630615
10680 6.601401805877686
10690 6.929882526397705
10700 8.032411575317383
10710 8.278616905212402
10720 7.705187797546387
10730 7.056050300598145
10740 7.193915367126465
10750 7.468846797943115
10760 7.17131519317627
10770 6.881208419799805
10780 7.474340915679932
10790 7.486960411071777
10800 6.8520188331604
10810 7.620745182037354
10820 9.030677795410156
10830 7.293273448944092
10840 6.531746387481689
10850 7.651986598968506
10860 7.555659294128418
10870 6.947304725646973
10880 6.539159774780273
10890 6.776703834533691
10900 6.397876262664795
10910 6.250444412231445
10920 6.582404613494873
10930 7.382729053497314
10940 7.361864566802979
10950 7.19042444229126
10960 7.189642906188965
10970 7.606894969940186
10980 7.086022853851318
10990 6.986153602600098
11000 6.906660556793213
11010 6.270205497741699
11020 6.686988830566406
11030 7.270199298858643
11040 7.340015411376953
11050 7.31187629699707
11060 7.006442070007324
11070 6.385626316070557
11080 6.634605884552002
11090 6.664864540100098
11100 7.134139537811279
11110 7.349700927734375
11120 7.450996875762939
11130 7.412290096282959
11140 7.456180572509766
11150 7.343060493469238
11160 7.899367332458496
11170 8.085622787475586
11180 7.465385437011719
11190 7.010629177093506
11200 6.901405334472656
11210 6.869569778442383
11220 6.775288105010986
11230 6.689702987670898
11240 6.817377090454102
11250 7.162070751190186
11260 6.946445941925049
11270 6.510819435119629
11280 6.661738395690918
11290 7.792379379272461
11300 8.675808906555176
11310 8.291025161743164
11320 6.641931056976318
11330 6.637309074401855
11340 6.905595779418945
11350 7.715512275695801
11360 8.259552955627441
11370 7.922831058502197
11380 7.620291709899902
11390 7.51811408996582
11400 7.740297317504883
11410 7.308775424957275
11420 7.139244556427002
11430 7.719538688659668
11440 7.284928321838379
11450 7.615734577178955
11460 7.647685050964355
11470 7.299680709838867
11480 7.483104228973389
11490 7.835855007171631
11500 7.51780891418457
11510 7.668265819549561
11520 8.017343521118164
11530 7.731795310974121
11540 7.543993949890137
11550 7.413251399993896
11560 7.340546607971191
11570 7.479052543640137
11580 7.624950408935547
11590 7.353185176849365
11600 7.04468297958374
11610 7.32599401473999
11620 7.673583030700684
11630 7.570480346679688
11640 7.825095653533936
11650 8.495927810668945
11660 9.550853729248047
11670 7.87281608581543
11680 7.716506004333496
11690 7.040412902832031
11700 7.047250270843506
11710 7.79863977432251
11720 7.892305374145508
11730 7.613929271697998
11740 7.817070960998535
11750 7.541713237762451
11760 7.470878124237061
11770 7.368841648101807
11780 7.128348350524902
11790 7.059079647064209
11800 6.719953536987305
11810 6.669801235198975
11820 6.572836875915527
11830 6.298441410064697
11840 6.482690334320068
11850 6.765153408050537
11860 6.671138763427734
11870 6.986260890960693
11880 7.172561168670654
11890 6.563042640686035
11900 6.699632167816162
11910 7.139239311218262
11920 7.132185935974121
11930 7.48615837097168
11940 7.770875453948975
11950 8.128883361816406
11960 7.676057815551758
11970 7.782560348510742
11980 7.672389984130859
11990 7.536460876464844
12000 7.09041690826416
12010 7.095292091369629
12020 6.884062767028809
12030 6.978064060211182
12040 6.949629306793213
12050 6.95020055770874
12060 7.179920673370361
12070 7.787681579589844
15010 7.190395832061768
15020 7.328059196472168
15030 7.715403079986572
15040 7.739163875579834
15050 6.864926815032959
15060 6.530555248260498
15070 6.877897262573242
15080 6.94692850112915
15090 6.635101795196533
15100 6.533462047576904
15110 6.442201614379883
15120 7.229732036590576
15130 7.519923686981201
15140 7.548605918884277
15150 7.245418071746826
15160 7.243875026702881
15170 6.61487865447998
15180 6.293783664703369
15190 6.162062168121338
15200 6.098737716674805
15210 6.432804107666016
15220 6.608883857727051
15230 6.783316612243652
15240 7.388223648071289
15250 7.579568862915039
15260 7.992629051208496
15270 8.402467727661133
15280 7.286209583282471
15290 7.405325412750244
15300 7.157651901245117
15310 6.797619819641113
15320 6.81336784362793
15330 7.272480010986328
15340 7.284909248352051
15350 7.435256481170654
15360 7.630668640136719
15370 7.580438613891602
15380 7.320959568023682
15390 7.263697624206543
15400 8.028744697570801
15410 8.033116340637207
15420 7.762515068054199
15430 7.709931373596191
15440 8.407370567321777
15450 8.727132797241211
15460 7.623776435852051
15470 6.804459095001221
15480 7.066638946533203
15490 8.075584411621094
15500 7.911143779754639
15510 7.292656421661377
15520 7.11980152130127
15530 6.765007972717285
15540 6.806378364562988
15550 6.726717948913574
15560 6.679925441741943
15570 6.480646133422852
15580 6.32490062713623
15590 6.267045974731445
15600 6.070934295654297
15610 6.725874423980713
15620 6.947863578796387
15630 7.590038776397705
15640 7.74738883972168
15650 7.93333911895752
15660 8.442310333251953
15670 8.523709297180176
15680 8.256564140319824
15690 7.741884708404541
15700 9.35175609588623
15710 8.864654541015625
15720 8.258371353149414
15730 8.439530372619629
15740 7.747360229492188
15750 7.854000091552734
15760 8.144097328186035
15770 8.56418514251709
15780 7.847008228302002
15790 6.856584548950195
15800 6.482851982116699
15810 6.649456977844238
15820 6.5669846534729
15830 6.664551734924316
15840 6.818454265594482
15850 7.026720523834229
15860 7.24167537689209
15870 7.045174598693848
15880 7.034534454345703
15890 7.12110710144043
15900 7.272064685821533
15910 6.897704124450684
15920 6.893413066864014
15930 7.117776393890381
15940 7.395708084106445
15950 7.904426097869873
15960 7.80886173248291
15970 7.236143589019775
15980 6.82843542098999
15990 6.899475574493408
16000 7.204741954803467
16010 7.581937789916992
16020 8.338045120239258
16030 7.637185096740723
16040 6.880131721496582
16050 7.210797309875488
16060 7.178468704223633
16070 7.36627197265625
16080 6.888744831085205
16090 7.702264308929443
16100 7.583665370941162
16110 7.401473045349121
16120 7.267236709594727
16130 7.117009162902832
16140 7.517788887023926
16150 7.575199127197266
16160 7.488698482513428
16170 7.940682888031006
16180 7.599140167236328
16190 6.703919410705566
16200 6.965726375579834
16210 7.028653144836426
16220 6.957605361938477
16230 7.145759582519531
16240 6.128731727600098
16250 5.944536209106445
16260 6.707499980926514
16270 7.306925773620605
16280 7.402093410491943
16290 7.383769989013672
16300 7.837428092956543
16310 6.884768009185791
16320 6.360132694244385
16330 6.463780879974365
16340 6.286057472229004
16350 6.675043106079102
16360 7.516371250152588
16370 7.70310115814209
16380 7.482383728027344
16390 7.082409381866455
16400 6.935933113098145
16410 8.434849739074707
16420 9.090762138366699
16430 7.270822525024414
16440 7.925957679748535
16450 8.588894844055176
16460 8.318361282348633
16470 7.922577857971191
16480 8.368484497070312
16490 8.123756408691406
16500 8.319377899169922
16510 8.187518119812012
16520 7.75066614151001
16530 7.965124130249023
16540 7.615081310272217
16550 7.771547794342041
16560 7.687273025512695
16570 8.040593147277832
16580 8.08380126953125
16590 7.714735507965088
16600 8.339258193969727
16610 7.64033317565918
16620 7.495394706726074
16630 7.319692134857178
16640 8.009504318237305
16650 8.080594062805176
16660 7.792057037353516
16670 7.304978847503662
16680 7.430797576904297
16690 7.76349925994873
16700 7.726010322570801
16710 7.725282669067383
16720 7.594477653503418
16730 7.640165328979492
16740 7.893928527832031
16750 7.824260711669922
16760 7.411532402038574
16770 7.087303638458252
16780 7.098320007324219
16790 6.935912609100342
16800 6.7997145652771
16810 7.017450332641602
16820 7.161274909973145
16830 6.738682746887207
16840 6.968245029449463
16850 7.775165557861328
16860 8.914703369140625
16870 8.982474327087402
16880 8.811100959777832
16890 8.775126457214355
16900 9.217575073242188
16910 8.757155418395996
16920 8.34305477142334
16930 8.013116836547852
16940 8.297897338867188
16950 7.55260705947876
16960 7.683442115783691
16970 7.931790351867676
16980 7.888951778411865
16990 8.136676788330078
17000 8.076203346252441
17010 7.791980266571045
17020 7.430859088897705
17030 7.567277908325195
17040 7.989053249359131
17050 8.021718978881836
17060 7.535201072692871
17070 7.286087512969971
17080 7.462398052215576
17090 7.462703704833984
17100 7.397966861724854
17110 6.552915573120117
17120 6.585637092590332
17130 6.934536933898926
17140 7.075751781463623
17150 7.039255142211914
17160 7.706308841705322
17170 7.552753925323486
17180 7.119085788726807
17190 6.818459987640381
17200 6.694044589996338
17210 6.668501853942871
17220 6.783177375793457
17230 6.621736526489258
17240 6.643937587738037
17250 6.994065761566162
17260 7.075290679931641
17270 8.461431503295898
17280 6.622510433197021
17290 6.952339172363281
17300 7.61456298828125
17310 7.108882904052734
17320 7.25991153717041
17330 7.244084358215332
17340 7.405536651611328
17350 7.105315685272217
17360 6.700721263885498
17370 7.116005420684814
17380 7.758028030395508
17390 7.828488349914551
17400 7.631743907928467
17410 7.757188320159912
17420 7.842693328857422
17430 8.094680786132812
17440 6.97856330871582
17450 7.469552040100098
17460 7.676987171173096
17470 7.464076519012451
17480 7.405041217803955
17490 7.717160224914551
17500 7.522926807403564
17510 7.483722686767578
17520 7.185178756713867
17530 6.49732780456543
17540 6.942341804504395
17550 6.922455787658691
17560 6.357627868652344
17570 6.189472198486328
17580 6.12324857711792
17590 6.550542831420898
17600 6.722761154174805
17610 7.696136474609375
17620 9.528993606567383
17630 8.668723106384277
17640 7.821054458618164
17650 8.789230346679688
17660 9.483551979064941
17670 8.826709747314453
17680 8.222417831420898
17690 8.218215942382812
17700 7.933289051055908
17710 7.40668249130249
17720 7.528712272644043
17730 7.308465003967285
17740 6.908361434936523
17750 7.011659145355225
17760 7.015742301940918
17770 8.095215797424316
17780 7.641566276550293
17790 7.492765426635742
17800 6.97835636138916
17810 6.741221904754639
17820 7.289421081542969
17830 7.395007610321045
17840 7.170403957366943
17850 6.685281753540039
17860 7.622536659240723
17870 7.305157661437988
17880 7.007955551147461
17890 7.412197113037109
17900 8.437614440917969
17910 7.963907718658447
17920 7.343634128570557
17930 7.341352462768555
17940 7.209543704986572
17950 7.329338550567627
17960 7.154179573059082
17970 7.152771949768066
17980 7.185940742492676
17990 7.094621658325195
18000 7.801332473754883
18010 8.77912425994873
18020 8.055727005004883
18030 8.00535774230957
18040 7.339727401733398
18050 7.005369663238525
18060 8.229135513305664
18070 8.548198699951172
18080 8.587291717529297
18090 8.343389511108398
18100 7.684229373931885
18110 6.970278739929199
18120 7.46510124206543
18130 7.821917533874512
18140 7.786881446838379
18150 7.494998931884766
18160 6.843268394470215
18170 6.986383438110352
18180 6.443831443786621
18190 6.507053852081299
18200 6.520860195159912
18210 6.6487135887146
18220 7.370666980743408
18230 7.401891708374023
18240 7.201949596405029
18250 7.107309341430664
18260 7.46077823638916
18270 7.54712438583374
18280 7.481265068054199
18290 7.111824989318848
18300 6.962916851043701
18310 6.851803302764893
18320 6.639039516448975
18330 6.514077186584473
18340 6.758210182189941
18350 6.72935676574707
18360 6.668797016143799
18370 6.972170352935791
18380 7.493156909942627
18390 6.963912010192871
18400 6.714989185333252
18410 6.914572715759277
18420 7.275243282318115
18430 7.881014823913574
18440 8.124322891235352
18450 7.63917064666748
18460 7.675097465515137
18470 8.423606872558594
18480 8.357471466064453
18490 7.71504020690918
18500 6.173216342926025
18510 6.946976661682129
18520 7.281227111816406
18530 7.378509521484375
18540 6.759708404541016
18550 6.496860027313232
18560 6.4647216796875
18570 6.638496398925781
18580 6.352344512939453
18590 6.429382801055908
18600 7.260776042938232
18610 7.929897785186768
18620 8.044795036315918
18630 7.739590644836426
18640 7.992108345031738
18650 7.723830223083496
18660 7.332151412963867
18670 7.309934616088867
18680 7.293838024139404
18690 7.251298904418945
18700 6.959604740142822
18710 7.191457748413086
18720 7.694634437561035
18730 7.742702484130859
18740 8.099364280700684
18750 8.050376892089844
18760 8.105921745300293
18770 8.158349990844727
18780 7.463424205780029
18790 7.144036769866943
18800 6.545365810394287
18810 7.278135776519775
18820 7.339211940765381
18830 7.28187084197998
18840 7.574036598205566
18850 7.740167140960693
18860 7.38153076171875
18870 7.543074131011963
18880 7.9003005027771
18890 8.285441398620605
18900 8.411869049072266
18910 8.756170272827148
18920 7.716519355773926
18930 7.441437244415283
18940 7.777217864990234
18950 7.249767303466797
18960 6.882384300231934
18970 7.056182861328125
18980 8.321503639221191
18990 8.665771484375
19000 8.688640594482422
19010 8.229945182800293
19020 8.558164596557617
19030 8.484670639038086
19040 7.600768566131592
19050 7.560003280639648
19060 7.491490840911865
19070 7.539942741394043
19080 7.138940811157227
19090 6.628272533416748
19100 6.489747524261475
19110 6.944269180297852
19120 7.042132377624512
19130 7.614909648895264
19140 7.788328170776367
19150 7.128438949584961
19160 7.04987907409668
19170 6.970584869384766
19180 7.169204711914062
19190 6.760454654693604
19200 6.99787425994873
19210 8.49078369140625
19220 8.666290283203125
19230 9.251555442810059
19240 8.34745979309082
19250 8.903921127319336
19260 7.89896297454834
19270 7.891432285308838
19280 7.895463943481445
19290 7.426714897155762
19300 7.199663639068604
19310 7.13372802734375
19320 7.1739501953125
19330 7.096479415893555
19340 6.763404369354248
19350 6.86049747467041
19360 6.762773036956787
19370 6.596691131591797
19380 6.543779850006104
19390 6.557684421539307
19400 6.200628280639648
19410 7.028959274291992
19420 7.399808883666992
19430 7.854676246643066
19440 7.901336193084717
19450 7.867615222930908
19460 7.804173946380615
19470 7.924796104431152
19480 8.128180503845215
19490 7.269768714904785
19500 7.060401439666748
19510 7.018429279327393
19520 6.955960273742676
19530 7.276986122131348
19540 7.571677207946777
19550 7.722535133361816
19560 7.563181400299072
19570 7.74524974822998
19580 7.605491638183594
19590 6.943917751312256
19600 6.546610355377197
19610 6.715588569641113
19620 6.884199142456055
19630 6.742086887359619
19640 6.958247184753418
19650 8.108975410461426
19660 8.055768966674805
19670 7.481744289398193
19680 6.992417812347412
19690 6.504083156585693
19700 6.480649948120117
19710 6.969846248626709
19720 8.517424583435059
19730 8.084099769592285
19740 8.048608779907227
19750 7.935942649841309
19760 8.106083869934082
19770 8.133800506591797
19780 8.607592582702637
19790 7.980463981628418
19800 7.766480445861816
19810 6.985349178314209
19820 7.208094120025635
19830 7.060698509216309
19840 7.108142852783203
19850 7.311892986297607
19860 7.888206005096436
19870 8.007750511169434
19880 7.118943214416504
19890 7.034731388092041
19900 7.360628604888916
19910 7.585230350494385
19920 7.159093856811523
19930 6.287490844726562
19940 6.604337692260742
19950 6.928051471710205
19960 6.672373294830322
19970 6.50226354598999
19980 6.319264888763428
19990 5.916954517364502
20000 6.224382400512695
20010 6.55606746673584
20020 6.941144466400146
20030 6.835188865661621
20040 6.630444526672363
20050 6.879074096679688
20060 7.736260414123535
20070 8.333859443664551
20080 7.827569484710693
20090 7.418813705444336
20100 7.923976421356201
20110 7.29124927520752
20120 7.726266860961914
20130 8.03286075592041
20140 8.085855484008789
20150 8.585676193237305
20160 7.882409572601318
20170 7.725549221038818
20180 7.579318046569824
20190 7.725115299224854
20200 7.907271862030029
20210 8.388149261474609
20220 8.097385406494141
20230 7.759267807006836
20240 7.963641166687012
20250 7.421369552612305
20260 7.40059757232666
20270 7.131208419799805
20280 7.12726879119873
20290 7.448861122131348
20300 7.922390460968018
20310 8.008090019226074
20320 7.475544929504395
20330 7.409397125244141
20340 7.175292491912842
20350 7.110141754150391
20360 7.33348274230957
20370 7.384104251861572
20380 7.267487525939941
20390 7.192137241363525
20400 7.103429794311523
20410 7.826741218566895
20420 9.021336555480957
20430 8.703458786010742
20440 7.339361667633057
20450 7.395549774169922
20460 7.35179328918457
20470 8.649477958679199
20480 8.014213562011719
20490 7.210621356964111
20500 6.761586666107178
20510 7.251975536346436
20520 6.545686721801758
20530 6.270232677459717
20540 6.278705596923828
20550 6.609606266021729
20560 6.545299053192139
20570 6.77834415435791
20580 6.792285919189453
20590 7.3458571434021
20600 8.371021270751953
20610 7.535936832427979
20620 6.963368892669678
20630 6.473275661468506
20640 7.133303642272949
20650 7.659914970397949
20660 7.364167213439941
20670 7.417764663696289
20680 7.315103530883789
20690 7.731673240661621
20700 7.427596092224121
20710 7.264460563659668
20720 7.044619083404541
20730 7.260519981384277
20740 7.811751365661621
20750 7.367022514343262
20760 7.407261848449707
20770 6.771098613739014
20780 7.091389656066895
20790 7.291825294494629
20800 7.046209812164307
20810 6.441424369812012
20820 7.094795227050781
20830 7.137477397918701
20840 7.055265426635742
20850 7.065170288085938
20860 7.010108470916748
20870 6.977165699005127
20880 6.869474411010742
20890 6.431663990020752
20900 6.379624366760254
20910 6.496773719787598
20920 6.437540054321289
20930 6.248516082763672
20940 6.392667770385742
20950 6.610247611999512
20960 6.778682708740234
20970 6.69159460067749
20980 6.629531860351562
20990 7.07087230682373
21000 7.401872634887695
21010 7.593478202819824
21020 7.902506828308105
21030 8.349206924438477
21040 8.232848167419434
21050 7.69189453125
21060 7.463045120239258
21070 6.555497646331787
21080 7.16550350189209
21090 7.725058078765869
21100 7.593497276306152
21110 7.400568962097168
21120 7.45092248916626
21130 7.749929428100586
21140 7.294135093688965
21150 7.042390823364258
21160 7.309816837310791
21170 7.25858211517334
21180 7.020915985107422
21190 7.0995192527771
21200 6.53269100189209
21210 6.610652446746826
21220 7.101144790649414
21230 6.963105201721191
21240 6.577915191650391
21250 7.522361755371094
21260 7.105061531066895
21270 6.563637733459473
21280 7.940977573394775
21290 6.836101531982422
21300 6.17097806930542
21310 7.227845668792725
21320 7.863583564758301
21330 7.014016628265381
21340 6.596138000488281
21350 6.503932952880859
21360 6.370634078979492
21370 6.208093166351318
21380 6.664067268371582
21390 6.971794128417969
21400 7.663748741149902
21410 7.759982109069824
21420 8.049066543579102
21430 8.0484619140625
21440 6.728251934051514
21450 6.797194957733154
21460 7.107224464416504
21470 7.214481830596924
21480 7.320331573486328
21490 6.994687080383301
21500 6.340384960174561
21510 5.479859352111816
21520 5.56848669052124
21530 6.755484104156494
21540 6.600219249725342
21550 6.250434875488281
21560 6.685763835906982
21570 6.483669757843018
21580 6.552006244659424
21590 6.498585224151611
21600 6.344046115875244
21610 6.700474739074707
21620 6.678504943847656
21630 6.608603954315186
21640 6.876238822937012
21650 7.261989116668701
21660 7.353506088256836
21670 7.305429458618164
21680 7.189841270446777
21690 7.437422275543213
21700 7.179176807403564
21710 7.611271858215332
21720 6.922898769378662
21730 6.615193843841553
21740 7.051517486572266
21750 7.256054401397705
21760 7.065336227416992
21770 7.359759330749512
21780 7.847305297851562
21790 7.695982933044434
21800 7.354578971862793
21810 6.788299560546875
21820 6.612404823303223
21830 6.857215404510498
21840 7.004913330078125
21850 7.205547332763672
21860 7.150527000427246
21870 6.286360740661621
21880 6.325424671173096
21890 6.298884868621826
21900 6.430381774902344
21910 7.405253410339355
21920 7.476908206939697
21930 6.942034721374512
21940 6.858064651489258
21950 6.835174560546875
21960 6.604410171508789
21970 6.496579170227051
21980 6.873529434204102
21990 7.109444618225098
22000 7.743927955627441
22010 8.983991622924805
22020 9.862276077270508
22030 8.689865112304688
22040 8.644243240356445
22050 9.180408477783203
22060 7.448697090148926
22070 7.433209896087646
22080 7.253965377807617
22090 7.126283645629883
22100 7.785594940185547
22110 8.294485092163086
22120 8.381834030151367
22130 7.599353313446045
22140 7.85451078414917
22150 8.04299259185791
22160 8.370476722717285
22170 8.030089378356934
22180 7.755638122558594
22190 7.637781143188477
22200 7.796276092529297
22210 7.601672172546387
22220 8.129342079162598
22230 7.866364479064941
22240 7.688860893249512
22250 7.398438453674316
22260 6.870950222015381
22270 6.34961986541748
22280 6.948984622955322
22290 7.249220848083496
22300 7.328013896942139
22310 7.073336124420166
22320 7.289985179901123
22330 7.162761211395264
22340 7.43919038772583
22350 7.790792942047119
22360 7.529014587402344
22370 7.825061798095703
22380 7.3581862449646
22390 6.761860370635986
22400 6.801700592041016
22410 7.060946464538574
22420 7.397436618804932
22430 7.717826843261719
22440 7.859228134155273
22450 7.281266212463379
22460 7.706650733947754
22470 7.447872638702393
22480 7.93687629699707
22490 7.404977798461914
22500 7.240655899047852
22510 7.196053504943848
22520 7.612199306488037
22530 6.774720191955566
22540 6.362549304962158
22550 6.113886833190918
22560 6.26036262512207
22570 6.636054992675781
22580 6.696010112762451
22590 7.245450019836426
22600 7.03446102142334
22610 7.267348766326904
22620 7.429075717926025
22630 8.273810386657715
22640 7.491607666015625
22650 7.286639213562012
22660 7.335950374603271
22670 7.551661014556885
22680 7.697047233581543
22690 7.533359527587891
22700 7.672332763671875
22710 7.410984039306641
22720 7.037532806396484
22730 6.747355461120605
22740 6.835471630096436
22750 6.870710372924805
22760 6.448456764221191
22770 6.341482639312744
22780 6.831386566162109
22790 6.601380348205566
22800 6.644670009613037
22810 8.242415428161621
22820 9.519104957580566
22830 8.227367401123047
22840 6.635160446166992
22850 7.016024589538574
22860 7.300822257995605
22870 6.83354377746582
22880 7.211467742919922
22890 7.994894981384277
22900 7.669389247894287
22910 7.944425582885742
22920 8.229181289672852
22930 7.428337097167969
22940 6.613284111022949
22950 6.760979652404785
22960 7.204691886901855
22970 6.778472423553467
22860 7.300821781158447
22880 7.211468696594238
22890 7.994898796081543
22900 7.669387817382812
22910 7.944423675537109
22930 7.428337574005127
22940 6.613283157348633
22950 6.760978698730469
22960 7.20469331741333
22970 6.778476715087891
22980 6.795253753662109
22990 7.015423774719238
23000 7.390614986419678
23010 7.308968544006348
23020 6.927011489868164
23030 7.098176002502441
23040 6.947702407836914
23050 7.284932136535645
23060 7.96912670135498
23070 8.38381290435791
23080 8.1505126953125
23090 7.677143096923828
23100 7.825897216796875
23110 7.708836078643799
23120 7.035478591918945
23130 7.383103370666504
23140 6.834095478057861
23150 6.390421390533447
23160 7.046782493591309
23170 7.823477745056152
23180 7.357715606689453
23190 7.236110687255859
23200 7.007742404937744
23210 7.041747093200684
23220 7.056778907775879
23230 6.501925945281982
23240 6.58040714263916
23250 6.337258815765381
23260 6.879451751708984
23270 7.481711387634277
23280 7.722196102142334
23290 8.826662063598633
23300 9.149262428283691
23310 8.456364631652832
23320 8.113222122192383
23330 7.872402191162109
23340 7.691173076629639
23350 7.51807689666748
23360 7.688872337341309
23370 7.613615989685059
23380 7.230901718139648
23390 7.115405082702637
23400 7.463886260986328
23410 7.25547981262207
23420 7.138747215270996
23430 6.673221588134766
23440 5.99549674987793
23450 5.886885166168213
23460 5.80567455291748
23470 6.312094211578369
23480 7.015249729156494
23490 6.607143402099609
23500 7.2483229637146
23510 7.925884246826172
23520 8.100432395935059
23530 7.908152103424072
23540 7.74153995513916
23550 7.418540477752686
23560 7.424817085266113
23570 7.183910369873047
23580 7.375711441040039
23590 7.230655193328857
23600 7.132916450500488
23610 7.218461990356445
23620 7.512804985046387
23630 7.227439880371094
23640 6.990227222442627
23650 7.21791410446167
23660 7.55012321472168
23670 8.038224220275879
23680 8.542376518249512
23690 8.481555938720703
23700 8.09384822845459
23710 8.00313663482666
23720 7.891195297241211
23730 7.677685260772705
23740 7.465753555297852
23750 7.156132698059082
23760 7.280345439910889
23770 7.529550552368164
23780 7.761940002441406
23790 7.625753879547119
23800 7.556554794311523
23810 6.867430686950684
23820 7.275079727172852
23830 7.390725135803223
23840 7.56140661239624
23850 7.245723247528076
23860 6.977418899536133
23870 7.249767303466797
23880 7.32320499420166
23890 7.680015563964844
23900 8.234208106994629
23910 7.968303203582764
23920 7.421081066131592
23930 7.050327301025391
23940 6.771868228912354
23950 7.051375389099121
23960 7.261828899383545
23970 7.888772964477539
23980 7.703210830688477
23990 6.806395530700684
24000 6.750682353973389
