"Time Step" "point-pressure-b"
7610 -13222.53515625
7620 -13339.3173828125
7630 -16632.099609375
7640 -17109.416015625
7650 -16784.494140625
7660 -14436.0625
7670 -12193.232421875
7680 -14096.26953125
7690 -11334.427734375
7700 -9357.0517578125
7710 -8210.21484375
7720 -5743.13232421875
7730 -4228.9462890625
7740 -6591.6435546875
7750 -4689.767578125
7760 -6929.56640625
7770 -9050.9677734375
7780 -9545.2158203125
7790 -10324.8515625
7800 -9995.1767578125
7810 -9710.14453125
7820 -8033.2216796875
7830 -8358.318359375
7840 -9742.0419921875
7850 -8562.68359375
7860 -8735.6455078125
7870 -8074.6982421875
7880 -8223.3935546875
7890 -8725.494140625
7900 -9470.6552734375
7910 -9353.712890625
7920 -9796.568359375
7930 -10682.8759765625
7940 -10592.4921875
7950 -11240.4482421875
7960 -11189.10546875
7970 -11668.1533203125
7980 -12611.5263671875
7990 -14572.21875
8000 -20209.384765625
6210 -8438.2294921875
6220 -9801.365234375
6230 -11728.7333984375
6240 -11447.9970703125
6250 -11399.90234375
6260 -11598.576171875
6270 -12376.73828125
6280 -13066.95703125
6290 -13199.8330078125
6300 -13359.5205078125
6310 -13552.13671875
6320 -13503.38671875
6330 -13586.1728515625
6340 -12582.875
6350 -10176.4091796875
6360 -9029.158203125
6370 -8986.7724609375
6380 -10932.494140625
6390 -14299.029296875
6400 -15051.732421875
6410 -10047.6708984375
6420 -8936.90234375
6430 -13078.0537109375
6440 -11016.666015625
6450 -9771.296875
6460 -10459.1181640625
6470 -10087.6171875
6480 -11872.44921875
6490 -11470.9912109375
6500 -9236.1015625
6510 -7347.5947265625
6520 -7750.8779296875
6530 -5867.4638671875
6540 -6548.203125
6550 -7110.837890625
6560 -5513.03466796875
6570 -6631.7958984375
6580 -8017.16455078125
6590 -9244.5341796875
6600 -9536.7900390625
6610 -9251.7265625
6620 -8975.578125
6630 -9703.3447265625
6640 -10262.7861328125
6650 -11858.28515625
6660 -12504.703125
6670 -13594.16015625
6680 -13895.7470703125
6690 -13225.76171875
6700 -12755.03125
6710 -12579.4130859375
6720 -11243.8916015625
6730 -9355.291015625
6740 -9004.904296875
6750 -9540.9296875
6760 -10162.640625
6770 -10642.728515625
6780 -11689.0166015625
6790 -14367.5244140625
6800 -14571.525390625
6810 -15879.00390625
6820 -14018.56640625
6830 -13839.369140625
6840 -13714.4111328125
6850 -12223.3818359375
6860 -12266.16015625
6870 -10394.009765625
6880 -9592.78125
6890 -7158.8466796875
6900 -6158.58984375
6910 -4774.8798828125
6920 -5262.33984375
6930 -7386.138671875
6940 -6705.5625
6950 -6694.92333984375
6960 -5710.4326171875
6970 -5955.3896484375
6980 -6452.70361328125
6990 -8290.8466796875
7000 -8978.14453125
7010 -10138.7216796875
7020 -10361.623046875
7030 -10192.732421875
7040 -9936.5390625
7050 -9732.140625
7060 -10597.3359375
7070 -10873.2216796875
7080 -10115.943359375
7090 -9519.1591796875
7100 -10771.736328125
7110 -9815.103515625
7120 -10190.158203125
7130 -9815.87890625
7140 -9055.5400390625
7150 -10903.744140625
7160 -11598.46484375
7170 -11862.4208984375
7180 -13467.5751953125
7190 -16434.455078125
7200 -17171.82421875
7210 -17892.677734375
7220 -16915.673828125
7230 -18332.357421875
7240 -17832.603515625
7250 -13988.1640625
7260 -10858.7763671875
7270 -10495.267578125
7280 -9515.095703125
7290 -9009.0615234375
7300 -9924.009765625
7310 -9790.884765625
7320 -7120.00048828125
7330 -5454.6962890625
7340 -5872.708984375
7350 -6743.25244140625
7360 -7513.759765625
7370 -8072.369140625
7380 -8225.1064453125
7390 -8681.1435546875
7400 -10206.1171875
7410 -9755.5703125
7420 -9017.02734375
7430 -8590.8447265625
7440 -7513.59375
7450 -7497.39599609375
7460 -8107.5361328125
7470 -10089.77734375
7480 -9924.8310546875
7490 -11957.55078125
7500 -13408.615234375
7510 -12961.8955078125
7520 -13196.75390625
7530 -12061.396484375
7540 -12259.28125
7550 -10896.7529296875
7560 -9390.3994140625
7570 -9814.3427734375
7580 -10218.33203125
7590 -11420.5302734375
7600 -15261.0166015625
7610 -13084.1044921875
7620 -13340.580078125
7630 -16751.56640625
7640 -16890.744140625
7650 -16737.96875
7660 -14317.3203125
7670 -12117.4521484375
7680 -14067.56640625
7690 -11279.8935546875
4410 -20596.27734375
4420 -20365.791015625
4430 -20875.513671875
4440 -15404.7685546875
4450 -14335.8564453125
4460 -12217.890625
4470 -11094.9267578125
4480 -10386.4892578125
4490 -10010.18359375
4500 -9761.419921875
4510 -9081.103515625
4520 -7541.46337890625
4530 -6182.53515625
4540 -5857.33740234375
4550 -6378.7490234375
4560 -6917.87451171875
4570 -7407.5927734375
4580 -7209.50927734375
4590 -7671.396484375
4600 -9742.244140625
4610 -9879.2607421875
4620 -9632.0283203125
4630 -10160.1279296875
4640 -10371.0869140625
4650 -9770.3828125
4660 -10277.1943359375
4670 -10346.4716796875
4680 -11066.0810546875
4690 -10954.255859375
4700 -9734.943359375
4710 -9213.31640625
4720 -9392.0830078125
4730 -9086.96484375
4740 -8350.6953125
4750 -8291.287109375
4760 -9416.67578125
4770 -9924.0322265625
4780 -10011.5966796875
4790 -13457.5859375
4800 -16903.921875
4810 -14221.3759765625
4820 -12899.998046875
4830 -14702.0234375
4840 -13628.791015625
4850 -13213.61328125
4860 -12563.380859375
4870 -11200.02734375
4880 -9456.328125
4890 -8455.2021484375
4900 -8437.1650390625
4910 -8586.4462890625
4920 -8121.2451171875
4930 -8354.1123046875
4940 -8317.35546875
4950 -8734.2978515625
4960 -8929.474609375
4970 -10027.48828125
4980 -10641.4013671875
4990 -10619.32421875
5000 -10386.744140625
5010 -11612.1591796875
5020 -12266.6318359375
5030 -11885.59765625
5040 -11958.234375
5050 -12474.3388671875
5060 -12717.8681640625
5070 -12800.0869140625
5080 -13300.17578125
5090 -14056.7822265625
5100 -14674.55078125
5110 -15233.6689453125
5120 -14975.208984375
5130 -14636.4072265625
5140 -12957.15234375
5150 -11294.1884765625
5160 -9950.466796875
5170 -9412.6884765625
5180 -10424.8017578125
5190 -13507.78125
5200 -15057.4228515625
5210 -16390.76953125
5220 -11433.4404296875
5230 -13056.154296875
5240 -13137.6669921875
5250 -13257.3056640625
5260 -11734.6806640625
5270 -10148.994140625
5280 -11015.40625
5290 -9954.2958984375
5300 -9084.8017578125
5310 -5552.06494140625
5320 -5848.484375
5330 -8135.75732421875
5340 -6129.0791015625
5350 -6595.41015625
5360 -6483.8271484375
5370 -7245.77294921875
5380 -6757.501953125
5390 -8414.548828125
5400 -10357.9775390625
5410 -12296.0830078125
5420 -11931.7978515625
5430 -12129.8115234375
5440 -11549.265625
5450 -11618.7265625
5460 -10965.583984375
5470 -11080.703125
5480 -11052.7392578125
5490 -10557.669921875
5500 -9464.90625
5510 -9084.6240234375
5520 -8082.29345703125
5530 -7602.4765625
5540 -7265.41357421875
5550 -7508.77392578125
5560 -6678.435546875
5570 -7333.041015625
5580 -9317.7802734375
5590 -11805.1728515625
5600 -14119.6748046875
5610 -12573.6611328125
5620 -13117.193359375
5630 -14520.0830078125
5640 -16916.177734375
5650 -12217.923828125
5660 -12501.724609375
5670 -10111.87109375
5680 -9646.525390625
5690 -10308.46875
5700 -9086.556640625
5710 -7786.9931640625
5720 -7062.83544921875
5730 -5331.568359375
5740 -3678.139404296875
5750 -4628.35400390625
5760 -5293.7158203125
5770 -5772.90380859375
5780 -6838.181640625
5790 -7878.494140625
5800 -8609.46484375
5810 -8902.04296875
5820 -9652.4296875
5830 -7871.70068359375
5840 -6720.5244140625
5850 -6670.80224609375
5860 -7524.28955078125
5870 -8689.3330078125
5880 -9281.8701171875
5890 -9892.955078125
5900 -10505.8359375
5910 -11540.8876953125
5920 -11872.3212890625
5930 -11886.955078125
5940 -11368.4169921875
5950 -11907.3779296875
5960 -11847.17578125
5970 -11449.84765625
5980 -12963.4892578125
5990 -15511.6240234375
6000 -15172.14453125
6010 -19465.9140625
6020 -19710.662109375
6030 -13311.888671875
6040 -14901.6669921875
6050 -12065.4140625
6060 -12397.283203125
6070 -11520.1025390625
6080 -10794.9208984375
6090 -9034.083984375
6100 -8502.1708984375
6110 -7931.248046875
6120 -6593.02734375
6130 -6689.955078125
6140 -6452.609375
6150 -5999.24951171875
6160 -5090.61865234375
6170 -5423.5126953125
6180 -6263.81640625
6190 -5641.638671875
6200 -6686.07666015625
6210 -8295.3349609375
6220 -9973.7744140625
6230 -11647.1396484375
6240 -11442.541015625
6250 -11409.529296875
6260 -11816.3896484375
6270 -12327.771484375
6280 -13126.033203125
6290 -13132.3408203125
6300 -13347.8310546875
6310 -13289.4521484375
6320 -13471.634765625
6330 -13611.3359375
6340 -12529.0283203125
6350 -10386.177734375
6360 -8951.9267578125
6370 -9267.9501953125
6380 -10856.7431640625
6390 -13898.943359375
2810 -11477.921875
2820 -13096.3818359375
2830 -14689.06640625
2840 -14284.1318359375
2850 -13119.615234375
2860 -12323.2158203125
2870 -11467.97265625
2880 -11791.2880859375
2890 -11016.67578125
2900 -9545.90234375
2910 -8763.9111328125
2920 -6805.2041015625
2930 -4675.2568359375
2940 -6482.23046875
2950 -6376.90869140625
2960 -5582.19677734375
2970 -5736.51220703125
2980 -7023.06005859375
2990 -8287.5009765625
3000 -9173.3779296875
3010 -9906.01171875
3020 -10046.244140625
3030 -9869.4150390625
3040 -8264.3759765625
3050 -7700.83984375
3060 -7752.2412109375
3070 -8048.9404296875
3080 -6912.40185546875
3090 -6724.09814453125
3100 -7367.3701171875
3110 -7669.45751953125
3120 -6811.76953125
3130 -7049.3203125
3140 -7437.42041015625
3150 -8283.49609375
3160 -7593.650390625
3170 -6780.06494140625
3180 -7707.7099609375
3190 -11251.45703125
3200 -16219.5703125
3210 -7645.7451171875
3220 -13183.8427734375
3230 -13927.318359375
3240 -17081.91015625
3250 -17919.416015625
3260 -16626.189453125
3270 -14725.482421875
3280 -15447.025390625
3290 -12868.05859375
3300 -10822.5224609375
3310 -9779.244140625
3320 -6910.6787109375
3330 -5796.98681640625
3340 -6089.5869140625
3350 -6881.09521484375
3360 -6610.1015625
3370 -5004.63916015625
3380 -4478.619140625
3390 -8708.4599609375
3400 -10637.6171875
3410 -11319.5009765625
3420 -10573.2119140625
3430 -9746.2490234375
3440 -9920.9677734375
3450 -9877.251953125
3460 -10504.568359375
3470 -12635.109375
3480 -12553.251953125
3490 -12460.24609375
3500 -11442.384765625
3510 -11678.9091796875
3520 -11795.1962890625
3530 -11165.5791015625
3540 -10648.671875
3550 -10275.255859375
3560 -9999.9677734375
3570 -10198.0849609375
3580 -11641.1298828125
3590 -14987.2109375
3600 -14375.7158203125
3610 -19889.8046875
3620 -13684.669921875
3630 -11694.91015625
3640 -12515.3515625
3650 -12969.06640625
3660 -10382.96875
3670 -8739.6640625
3680 -9495.1416015625
3690 -10166.974609375
3700 -9646.3837890625
3710 -9610.4169921875
3720 -8353.30078125
3730 -7160.609375
3740 -8467.77734375
3750 -9727.96875
3760 -9606.0673828125
3770 -9773.732421875
3780 -9013.140625
3790 -9809.69140625
3800 -10222.1533203125
3810 -9397.1650390625
3820 -8707.365234375
3830 -8761.3857421875
3840 -9977.1826171875
3850 -10337.5048828125
3860 -10944.4931640625
3870 -12487.7841796875
3880 -13340.9541015625
3890 -13963.5107421875
3900 -13524.263671875
3910 -12443.8095703125
3920 -12361.9501953125
3930 -11502.6416015625
3940 -10755.8564453125
3950 -10724.74609375
3960 -9846.6484375
3970 -9034.220703125
3980 -10086.1826171875
3990 -13388.6318359375
4000 -14234.609375
4010 -14713.2109375
4020 -17176.806640625
4030 -15815.12109375
4040 -15079.763671875
4050 -15141.923828125
4060 -15752.9501953125
4070 -15395.76171875
4080 -15799.7109375
4090 -14707.9833984375
4100 -13186.44921875
4110 -11108.7646484375
4120 -9556.34765625
4130 -9250.560546875
4140 -9823.2578125
4150 -8993.3173828125
4160 -7957.779296875
4170 -6418.2568359375
4180 -6767.11767578125
4190 -9586.6064453125
4200 -11538.75390625
4210 -11706.71484375
4220 -13203.724609375
4230 -13863.1533203125
4240 -14963.8203125
4250 -15322.40234375
4260 -15328.7197265625
4270 -15326.599609375
4280 -14451.2099609375
4290 -13111.9619140625
4300 -12153.748046875
4310 -11399.720703125
4320 -10802.2890625
4330 -10552.75
4340 -10068.3173828125
4350 -10023.3896484375
4360 -11250.6826171875
4370 -12422.0322265625
4380 -13708.767578125
4390 -16955.513671875
4400 -15805.3408203125
4410 -20426.296875
4420 -20459.69140625
4430 -20755.810546875
4440 -15557.69140625
4450 -14273.5966796875
4460 -12070.62890625
4470 -11291.087890625
4480 -10401.357421875
4490 -10112.451171875
4500 -9877.6005859375
4510 -9216.8193359375
4520 -7600.7529296875
1410 -7366.3505859375
1420 -6767.546875
1430 -6955.15234375
1440 -7528.62451171875
1450 -9268.8876953125
1460 -10569.29296875
1470 -10861.3359375
1480 -10649.7734375
1490 -10063.0673828125
1500 -9558.986328125
1510 -9856.0087890625
1520 -10224.6376953125
1530 -9652.9853515625
1540 -9486.208984375
1550 -10160.904296875
1560 -11129.115234375
1570 -11604.857421875
1580 -13581.732421875
1590 -15638.953125
1600 -16647.466796875
1610 -13036.4111328125
1620 -13237.83984375
1630 -12995.8037109375
1640 -12452.8046875
1650 -13637.310546875
1660 -13943.6357421875
1670 -12854.7919921875
1680 -11251.162109375
1690 -10300.138671875
1700 -9771.619140625
1710 -7559.435546875
1720 -5557.31494140625
1730 -4996.70263671875
1740 -4980.45703125
1750 -6736.60498046875
1760 -6562.02587890625
1770 -4840.287109375
1780 -6666.22314453125
1790 -7453.2392578125
1800 -8607.390625
1810 -9013.099609375
1820 -7776.453125
1830 -7234.98095703125
1840 -7862.90380859375
1850 -7599.205078125
1860 -8676.091796875
1870 -10710.05859375
1880 -10125.029296875
1890 -11027.2734375
1900 -12323.7275390625
1910 -13292.8779296875
1920 -13192.0830078125
1930 -12327.3896484375
1940 -10835.4521484375
1950 -11074.94921875
1960 -10342.84765625
1970 -9349.0546875
1980 -11748.283203125
1990 -17145.89453125
2000 -21695.560546875
2010 -14453.1923828125
2020 -19820.26171875
2030 -16734.015625
2040 -16595.326171875
2050 -17978.85546875
2060 -16421.7890625
2070 -16092.9111328125
2080 -12278.12109375
2090 -10372.5546875
2100 -9231.484375
2110 -6962.83251953125
2120 -5826.48779296875
2130 -5234.36279296875
2140 -4545.06103515625
2150 -4769.08837890625
2160 -5926.47412109375
2170 -6814.75390625
2180 -8158.37451171875
2190 -7937.599609375
2200 -6002.708984375
2210 -6277.82568359375
2220 -7262.927734375
2230 -7260.39990234375
2240 -7259.12060546875
2250 -7393.09765625
2260 -9073.203125
2270 -9804.2197265625
2280 -10602.4111328125
2290 -10925.623046875
2300 -11665.45703125
2310 -12707.45703125
2320 -13058.3212890625
2330 -13051.8994140625
2340 -13074.57421875
2350 -12762.92578125
2360 -11799.8271484375
2370 -10159.4345703125
2380 -10987.49609375
2390 -15054.912109375
2400 -17002.283203125
2410 -16712.29296875
2420 -17364.056640625
2430 -14165.251953125
2440 -13584.0576171875
2450 -10278.3291015625
2460 -8924.34375
2470 -10227.025390625
2480 -7165.02392578125
2490 -7267.32470703125
2500 -7598.228515625
2510 -7086.638671875
2520 -5784.64453125
2530 -5664.26513671875
2540 -5522.26806640625
2550 -4821.8388671875
2560 -4723.56689453125
2570 -6669.7568359375
2580 -7920.201171875
2590 -8782.7177734375
2600 -7312.6123046875
2610 -6712.85546875
2620 -7974.22705078125
2630 -8256.650390625
2640 -10525.2158203125
2650 -12473.509765625
2660 -12465.6513671875
2670 -13013.9736328125
2680 -13336.8662109375
2690 -12480.125
2700 -12552.23046875
2710 -12736.3681640625
2720 -12121.9541015625
2730 -11694.96875
2740 -11447.111328125
2750 -11828.0126953125
2760 -12390.173828125
2770 -13089.4404296875
2780 -14111.5224609375
2790 -16560.267578125
2800 -19119.9609375
2810 -11648.025390625
2820 -13218.9091796875
2830 -14514.9814453125
2840 -14141.08203125
2850 -13156.314453125
2860 -12339.865234375
2870 -11336.26953125
2880 -11604.029296875
2890 -11148.4599609375
2900 -9611.8828125
2910 -8587.41796875
2920 -6825.171875
2930 -4527.13037109375
2940 -6466.6572265625
2950 -6332.12548828125
2960 -5630.41650390625
2970 -5557.2783203125
2980 -7176.1806640625
0 -7314.9150390625
10 -18255.21484375
20 -18392
30 -19126.958984375
40 -17101.857421875
50 -13633.447265625
60 -10664.8955078125
70 -7686.19189453125
80 -4848.67529296875
90 -2480.41357421875
100 280.3436584472656
110 2949.421875
120 5679.08447265625
130 7735.6513671875
140 8690.8291015625
150 9507.474609375
160 10168.5205078125
170 10714.6669921875
180 11131.7275390625
190 10743.1279296875
200 9120.1435546875
210 7205.982421875
220 5132.9443359375
230 3573.3466796875
240 2202.304931640625
250 795.4028930664062
260 -167.0234069824219
270 -406.3661499023438
280 -958.159423828125
290 -1444.921997070312
300 -1706.6845703125
310 -2110.25830078125
320 -2307.32958984375
330 -3138.84423828125
340 -4060.8388671875
350 -4368.81494140625
360 -4824.3955078125
370 -5235.1689453125
380 -6303.39111328125
390 -8717.8984375
400 -9602.1259765625
410 -9143.9453125
420 -8361.595703125
430 -6585.22412109375
440 -5623.3994140625
450 -5821.73095703125
460 -10330.6220703125
470 -8672.3583984375
480 -10232.9033203125
490 -8482.990234375
500 -5428.076171875
510 -2457.3818359375
520 -418.8100280761719
530 553.4775390625
540 822.437255859375
550 32.44969940185547
560 -2226.374755859375
570 -3493.6689453125
580 -2944.9580078125
590 -2625.209228515625
600 -4645.2412109375
610 -5994.64111328125
620 -6817.9931640625
630 -7943.75634765625
640 -11152.90625
650 -12201.6572265625
660 -12061.16796875
670 -13110.12109375
680 -13886.609375
690 -13503.53515625
700 -14030.611328125
710 -15022.4482421875
720 -15370.689453125
730 -14649.5205078125
740 -13475.435546875
750 -12554.318359375
760 -11750.5244140625
770 -11578.458984375
780 -12510.837890625
790 -15186.0966796875
800 -18891.087890625
810 -17168.0546875
820 -15109.158203125
830 -13284.0859375
840 -13414.478515625
850 -12876.041015625
860 -14774.6611328125
870 -14795.259765625
880 -12216.248046875
890 -10646.443359375
900 -8253.9521484375
910 -6015.0390625
920 -5717.18115234375
930 -5525.3935546875
940 -5580.71533203125
950 -6035.57177734375
960 -5939.2275390625
970 -6579.337890625
980 -7487.0078125
990 -9519.62109375
1000 -10361.1025390625
1010 -10933.4326171875
1020 -10548.2265625
1030 -10198.8642578125
1040 -9428.408203125
1050 -9799.599609375
1060 -10182.4638671875
1070 -9760.10546875
1080 -9125.951171875
1090 -8076.3046875
1100 -8046.1669921875
1110 -8698.0400390625
1120 -9318.740234375
1130 -9959.890625
1140 -10365.201171875
1150 -10527.44140625
1160 -11011.9814453125
1170 -12144.412109375
1180 -14009.802734375
1190 -16244.1845703125
1200 -14753.2841796875
1210 -17814.732421875
1220 -11266.37109375
1230 -11960.7568359375
1240 -12987.7265625
1250 -12617.19140625
1260 -13519.45703125
1270 -13978.9423828125
1280 -11993.349609375
1290 -10597.4345703125
1300 -8316.833984375
1310 -7235.80419921875
1320 -6000.17138671875
1330 -5490.89404296875
1340 -5607.3671875
1350 -5115.82763671875
1360 -5344.57568359375
1370 -8262.84375
1380 -11692.65625
1390 -11324.701171875
1400 -9013.0322265625
1410 -7204.72119140625
1420 -6688.591796875
1430 -7108.89208984375
1440 -7522.9326171875
1450 -9203.201171875
1460 -10568.1826171875
