"Time Step" "point-tau_vm-c"
0 20.56895446777344
10 22.14269256591797
20 27.75980949401855
30 18.31173133850098
40 21.98590087890625
50 18.05076599121094
60 22.2763671875
70 20.05561447143555
80 13.75308418273926
90 16.43061828613281
100 18.15121459960938
110 21.65002059936523
120 24.03292655944824
130 19.99469947814941
140 11.30211639404297
150 6.732741832733154
160 6.389057159423828
170 9.167620658874512
180 13.09639549255371
190 15.41610813140869
200 18.49010276794434
210 16.43129348754883
220 5.90779972076416
230 8.269046783447266
240 5.524924278259277
250 7.005468368530273
260 7.727252006530762
270 13.26419830322266
280 31.92026901245117
290 25.51527786254883
300 26.50977325439453
310 37.76966857910156
320 18.23896789550781
330 29.62203407287598
340 24.69987487792969
350 18.18258666992188
360 14.64917469024658
370 12.3801326751709
380 9.669435501098633
390 8.140924453735352
400 11.56689548492432
410 67.78507232666016
420 36.09329605102539
430 81.79984283447266
440 28.73882675170898
450 16.78808212280273
460 34.26438140869141
470 20.01165580749512
480 26.03954696655273
490 45.22320556640625
500 49.45771789550781
510 34.2369270324707
520 20.24087524414062
530 37.45644378662109
540 35.87528610229492
550 14.62849998474121
560 40.26382827758789
570 32.93202590942383
580 24.29652786254883
590 45.12356567382812
600 59.79482269287109
610 38.56993103027344
620 26.03861618041992
630 15.98417854309082
640 14.15711402893066
650 19.70331001281738
660 33.53646469116211
670 13.98187637329102
680 17.35234069824219
690 21.77628326416016
700 13.52045726776123
710 16.76691436767578
720 25.95700073242188
730 24.06167030334473
740 21.57487869262695
750 14.29117965698242
760 32.01658630371094
770 27.01985359191895
780 31.70212936401367
790 49.39310455322266
800 33.61948394775391
810 40.03788757324219
820 37.79604339599609
830 24.77417373657227
840 20.71628189086914
850 33.61825180053711
860 28.08654975891113
870 31.96261596679688
880 30.10880470275879
890 39.35295486450195
900 26.35235214233398
910 38.20835494995117
920 21.07293701171875
930 14.59848499298096
940 14.47686576843262
950 33.10866546630859
960 19.7227840423584
970 19.40812873840332
980 25.2055549621582
990 38.22915267944336
1000 19.04901123046875
1010 20.90040588378906
1020 11.22268104553223
1030 24.75056648254395
1040 34.39594268798828
1050 48.92422103881836
1060 22.2102108001709
1070 15.76036357879639
1080 34.2298469543457
1090 26.20621871948242
1100 29.89251518249512
1110 24.34940147399902
1120 32.01102828979492
1130 33.98273849487305
1140 15.09026622772217
1150 16.3403263092041
1160 11.52498722076416
1170 24.9647274017334
1180 24.93070983886719
1190 23.05614852905273
1200 19.70016860961914
1210 36.03173828125
1220 48.86083984375
1230 60.64640045166016
1240 46.19104385375977
1250 26.98394775390625
1260 37.44943618774414
1270 26.72548866271973
1280 33.64953231811523
1290 35.98336410522461
1300 26.84913635253906
1310 38.09011077880859
1320 15.33385372161865
1330 21.20217323303223
1340 26.73170471191406
1350 15.95849323272705
1360 16.74319839477539
1370 15.34483528137207
1380 20.20197296142578
1390 24.09048461914062
1400 17.14138031005859
1410 11.34209823608398
1420 17.95624923706055
1430 25.09320831298828
1440 19.8381519317627
1450 30.99385452270508
1460 12.11016082763672
1470 18.13459396362305
1480 23.92908668518066
1490 13.64260959625244
1500 13.25791358947754
1510 18.11261367797852
1520 12.95159912109375
1530 11.45598220825195
1540 10.85569667816162
1550 5.254822731018066
1560 4.5699462890625
1570 8.665472030639648
1580 25.07864761352539
1590 15.8819408416748
1600 14.72856426239014
1610 19.2026481628418
1620 23.92266464233398
1630 26.94511032104492
1640 18.86967849731445
1650 13.38479900360107
1660 25.27727127075195
1670 17.37296485900879
1680 20.12200355529785
1690 15.60510444641113
1700 19.94020462036133
1710 38.14683151245117
1720 34.66468048095703
1730 26.68177032470703
1740 31.6478157043457
1750 41.12180709838867
1760 36.47883987426758
1770 30.57139778137207
1780 22.10296058654785
1790 30.05303192138672
1800 26.42910575866699
1810 26.61352157592773
1820 22.49377632141113
1830 21.53448867797852
1840 20.67941665649414
1850 31.31823539733887
1860 32.40579223632812
1870 17.15095520019531
1880 11.60469913482666
1890 8.781402587890625
1900 11.79298782348633
1910 16.97141456604004
1920 27.1358528137207
1930 29.65132522583008
1940 15.79442596435547
1950 15.42277240753174
1960 11.38776779174805
1970 17.33211135864258
1980 24.22279167175293
1990 24.74756622314453
2000 21.64461898803711
2010 33.7378044128418
2020 20.71956634521484
2030 36.20701599121094
2040 36.78747940063477
2050 43.64715576171875
2060 20.07273101806641
2070 31.28980445861816
2080 18.85377502441406
2090 23.26698303222656
2100 20.9546947479248
2110 32.60950088500977
2120 25.15780258178711
2130 27.07216835021973
2140 18.77304077148438
2150 31.02252197265625
2160 34.84526824951172
2170 52.515625
2180 14.66068267822266
2190 12.71120357513428
2200 20.25935554504395
2210 40.47796249389648
2220 21.78815650939941
2230 23.36506080627441
2240 17.38570404052734
2250 16.52294731140137
2260 30.18427085876465
2270 23.01401901245117
2280 12.91344451904297
2290 12.46300888061523
2300 30.07928276062012
2310 23.70490646362305
2320 26.10690116882324
2330 22.10136222839355
2340 14.6760139465332
2350 11.56839942932129
2360 13.17974185943604
2370 7.25947380065918
2380 8.705660820007324
2390 12.66049480438232
2400 26.07184028625488
2410 50.3316764831543
2420 44.7362174987793
2430 53.95279693603516
2440 35.82878494262695
2450 48.1615104675293
2460 42.14503479003906
2470 38.87293243408203
2480 48.63447570800781
2490 51.24146270751953
2500 22.93026542663574
2510 21.00271224975586
2520 44.06085205078125
2530 47.57476806640625
2540 32.50490951538086
2550 27.88991165161133
2560 15.97220134735107
2570 21.46916198730469
2580 19.49442291259766
2590 25.43885803222656
2600 24.94633293151855
2610 23.28179359436035
2620 19.81095314025879
2630 20.03118133544922
2640 18.94353866577148
2650 12.93341064453125
2660 9.442228317260742
2670 13.70844745635986
2680 13.63549613952637
2690 15.75002765655518
2700 14.5027027130127
2710 29.30831527709961
2720 13.22590160369873
2730 9.891094207763672
2740 8.147793769836426
2750 10.78998756408691
2760 13.66129016876221
2770 17.91824722290039
2780 14.74052429199219
2790 16.2005786895752
2800 37.33753204345703
2810 58.54660034179688
2820 37.89265823364258
2830 48.11032485961914
2840 37.14835739135742
2850 17.91764831542969
2860 15.52335929870605
2870 34.60216903686523
2880 32.227783203125
2890 35.23726654052734
2900 37.14559555053711
2910 29.53934097290039
2920 39.92873001098633
2930 23.23070335388184
2940 41.36092376708984
2950 31.60115432739258
2960 31.77218055725098
2970 33.98870849609375
2980 25.87115287780762
2990 31.2343692779541
3000 16.69634246826172
3010 25.50117874145508
3020 25.98490142822266
3030 22.50552368164062
3040 12.08545303344727
3050 20.11278915405273
3060 24.16646575927734
3070 22.76434898376465
3080 11.24859428405762
3090 15.14774417877197
3100 16.38776016235352
3110 15.05989646911621
3120 17.09491920471191
3130 6.593636512756348
3140 9.961008071899414
3150 20.44224548339844
3160 17.00790977478027
3170 13.13131523132324
3180 11.51638793945312
3190 12.19251441955566
3200 20.02310180664062
3210 20.75337982177734
3220 15.86638355255127
3230 27.01898193359375
3240 12.51996421813965
3250 18.0398998260498
3260 19.14640235900879
3270 21.80660057067871
3280 24.50880241394043
3290 33.33029937744141
3300 35.59651947021484
3310 27.0278434753418
3320 59.58880996704102
3330 45.43829727172852
3340 28.87678527832031
3350 24.14284133911133
3360 22.66054153442383
3370 12.6973876953125
3380 33.2874641418457
3390 13.90119171142578
3400 20.87038040161133
3410 14.61043548583984
3420 16.27995681762695
3430 10.85678672790527
3440 11.14427947998047
3450 13.5418643951416
3460 12.13754749298096
3470 15.62178134918213
3480 22.63485145568848
3490 16.53308486938477
3500 20.93493270874023
3510 10.83308601379395
3520 10.9411563873291
3530 5.190410614013672
3540 13.02445411682129
3550 13.21280288696289
3560 7.356240272521973
3570 9.985014915466309
3580 10.83901405334473
3590 24.63122749328613
3600 16.95110321044922
3610 59.62796783447266
3620 49.82634353637695
3630 26.78433418273926
3640 18.8895149230957
3650 24.19186401367188
3660 31.52332305908203
3670 41.33965301513672
3680 42.1171760559082
3690 41.45149230957031
3700 38.0642204284668
3710 19.8292236328125
3720 17.47600936889648
3730 11.48421287536621
3740 16.17018508911133
3750 19.70476913452148
3760 24.80527877807617
3770 19.90347671508789
3780 34.70821762084961
3790 12.67547798156738
3800 21.28890991210938
3810 32.47902679443359
3820 22.36014747619629
3830 19.18913459777832
3840 27.34319686889648
3850 24.72987365722656
3860 17.04256629943848
3870 23.74955558776855
3880 30.21011352539062
3890 29.17437171936035
3900 16.62706184387207
3910 28.7130012512207
3920 19.57015609741211
3930 20.47024154663086
3940 31.53646659851074
3950 24.31136322021484
3960 22.48222923278809
3970 11.942946434021
3980 10.63937377929688
3990 13.91731548309326
4000 16.67406845092773
4010 22.94240188598633
4020 27.95131683349609
4030 42.61989593505859
4040 38.57577514648438
4050 50.92741012573242
4060 29.96138000488281
4070 24.02618980407715
4080 27.59481430053711
4090 19.1973762512207
4100 16.22791290283203
4110 22.63228034973145
4120 20.3992919921875
4130 21.66279983520508
4140 17.40407371520996
4150 19.54683685302734
4160 21.87293243408203
4170 13.1498327255249
4180 17.2560863494873
4190 20.80307006835938
4200 22.95425605773926
4210 22.1314640045166
4220 15.0120677947998
4230 29.07681465148926
4240 30.41262817382812
4250 10.5836877822876
4260 16.0963134765625
4270 13.30141448974609
4280 19.37615203857422
4290 16.99239349365234
4300 21.97304725646973
4310 20.41339302062988
4320 20.595703125
4330 20.05464172363281
4340 31.52603912353516
4350 25.61379241943359
4360 17.70562553405762
4370 17.57980346679688
4380 8.650845527648926
4390 16.48781967163086
4400 17.68842697143555
4410 32.90920639038086
4420 50.02500915527344
4430 30.06498527526855
4440 34.70932006835938
4450 29.50494766235352
4460 19.38140296936035
4470 24.25785446166992
4480 33.96382141113281
4490 34.56544494628906
4500 23.30897903442383
4510 26.46624374389648
4520 51.74996185302734
4530 56.85868835449219
4540 25.44885635375977
4550 16.22976303100586
4560 9.766501426696777
4570 22.72555160522461
4580 18.76494407653809
4590 32.58987426757812
4600 24.22980880737305
4610 30.21195602416992
4620 19.4860954284668
4630 19.83282470703125
4640 20.40460014343262
4650 38.60271072387695
4660 16.18603134155273
4670 16.35727310180664
4680 13.37161064147949
4690 14.83341503143311
4700 20.07605171203613
4710 24.38043403625488
4720 18.65375137329102
4730 14.35070419311523
4740 10.20588111877441
4750 9.9930419921875
4760 20.06293296813965
4770 27.1172046661377
4780 21.11238098144531
4790 33.99911499023438
4800 33.65536117553711
4810 42.71282958984375
4820 45.03126525878906
4830 16.55667304992676
4840 51.52589797973633
4850 45.27930450439453
4860 16.96306419372559
4870 35.52570724487305
4880 23.60096549987793
4890 56.37529754638672
4900 41.1434440612793
4910 18.88724517822266
4920 28.75027847290039
4930 17.87329483032227
4940 30.29838752746582
4950 44.04401779174805
4960 39.12570571899414
4970 44.09067535400391
4980 19.34915733337402
4990 44.55876541137695
5000 13.52327919006348
5010 18.8911190032959
5020 18.15813446044922
5030 11.92307376861572
5040 12.76737403869629
5050 16.80103302001953
5060 17.12049293518066
5070 15.72936058044434
5080 25.59199714660645
5090 11.13539218902588
5100 17.28609275817871
5110 15.94872760772705
5120 25.23051834106445
5130 26.8712272644043
5140 17.28248405456543
5150 29.46389961242676
5160 15.01865291595459
5170 38.56499099731445
5180 24.77592468261719
5190 9.48479175567627
5200 9.119060516357422
5210 4.98425817489624
5220 12.02839660644531
5230 20.98067283630371
5240 23.18486976623535
5250 19.67204856872559
5260 29.42850685119629
5270 28.66709518432617
5280 17.63847732543945
5290 21.69124603271484
5300 15.19373512268066
5310 31.72978210449219
5320 22.82149887084961
5330 11.24626445770264
5340 30.96847915649414
5350 41.86509323120117
5360 33.75593566894531
5370 21.52054405212402
5380 42.97917938232422
5390 14.14790058135986
5400 21.17478179931641
5410 15.32013511657715
5420 15.59266185760498
5430 20.28831481933594
5440 23.02243041992188
5450 13.75019550323486
5460 13.25645637512207
5470 11.42925453186035
5480 8.60222053527832
5490 9.736597061157227
5500 15.65062999725342
5510 11.89451217651367
5520 38.46554565429688
5530 13.47680282592773
5540 17.81134414672852
5550 17.24169731140137
5560 26.93425750732422
5570 18.99395179748535
5580 16.0365104675293
5590 36.20207595825195
5600 24.29404640197754
5610 43.99176788330078
5620 61.42260360717773
5630 35.3999137878418
5640 46.85063934326172
5650 52.4071044921875
5660 20.02824974060059
5670 25.80063438415527
5680 47.70355224609375
5690 48.39075469970703
5700 56.39610290527344
5710 40.73825073242188
5720 32.06598663330078
5730 19.05230712890625
5740 21.15592956542969
5750 16.85780715942383
5760 23.34257125854492
5770 38.86350250244141
5780 39.00893020629883
5790 20.86084365844727
5800 15.76373863220215
5810 18.44576454162598
5820 11.52988815307617
5830 13.70655727386475
5840 17.53379821777344
5850 15.39288520812988
5860 9.036544799804688
5870 35.97705841064453
5880 26.67216873168945
5890 24.14091300964355
5900 12.4272518157959
5910 7.12642765045166
5920 11.77377128601074
5930 13.67478656768799
5940 26.53118133544922
5950 17.14831924438477
5960 11.29019355773926
5970 10.51975727081299
5980 17.49267387390137
5990 34.27011108398438
6000 11.55314064025879
6010 13.53699684143066
6020 11.52927684783936
6030 27.07921409606934
6040 18.77629089355469
6050 21.22293663024902
6060 32.15320587158203
6070 16.66933441162109
6080 38.16909790039062
6090 25.97543907165527
6100 38.71711730957031
6110 31.24345779418945
6120 19.66727447509766
6130 17.63216400146484
6140 18.31254196166992
6150 27.72048568725586
6160 13.65555477142334
6170 19.33367156982422
6180 15.79482173919678
6190 7.984679698944092
6200 16.80490684509277
6210 12.11955451965332
6220 15.13365936279297
6230 18.74939155578613
6240 17.37490272521973
6250 19.17925071716309
6260 13.78962421417236
6270 16.13628387451172
6280 16.91501617431641
6290 11.5481538772583
6300 19.7508659362793
6310 29.2195930480957
6320 23.17788696289062
6330 21.01010894775391
6340 21.45094299316406
6350 19.77336502075195
6360 12.41715812683105
6370 18.05906295776367
6380 30.19916725158691
6390 30.12994384765625
6400 23.81288909912109
6410 21.92267036437988
6420 24.72539901733398
6430 18.1642894744873
6440 20.7723388671875
6450 41.11057662963867
6460 29.4050464630127
6470 47.31182098388672
6480 20.03725814819336
6490 23.8653392791748
6500 24.36989593505859
6510 36.20280456542969
6520 22.6025276184082
6530 12.11514377593994
6540 14.47243499755859
6550 37.40475082397461
6560 20.60648345947266
6570 16.82853698730469
6580 12.83540725708008
6590 26.47051811218262
6600 16.81597518920898
6610 24.2815055847168
6620 22.29866409301758
6630 27.80190658569336
6640 30.07187271118164
6650 29.48907089233398
6660 26.8712215423584
6670 19.76674270629883
6680 13.25679969787598
6690 12.69027996063232
6700 16.05988693237305
6710 18.17199897766113
6720 22.77067184448242
6730 13.62133979797363
6740 25.0266227722168
6750 10.44646835327148
6760 10.09475612640381
6770 11.81603050231934
6780 18.97301483154297
6790 18.4439811706543
6800 21.23745536804199
6810 13.12536525726318
6820 9.679135322570801
6830 14.40272426605225
6840 33.33868408203125
6850 39.30442047119141
6860 26.56503486633301
6870 26.80370712280273
6880 23.93216323852539
6890 28.67175102233887
6900 24.71587753295898
6910 13.52993106842041
6920 20.77480316162109
6930 26.17622756958008
6940 20.98935699462891
6950 20.66441917419434
6960 14.07763767242432
6970 13.04234504699707
6980 12.49963474273682
6990 23.0023021697998
7000 19.54801177978516
7010 30.24907493591309
7020 20.29821586608887
7030 21.12154769897461
7040 27.25600051879883
7050 23.79837799072266
7060 41.42837524414062
7070 21.23011779785156
7080 19.72646903991699
7090 25.63840484619141
7100 15.8666934967041
7110 23.32009506225586
7120 18.49324035644531
7130 16.38006591796875
7140 17.96501159667969
7150 20.29885673522949
7160 17.74950408935547
7170 25.7293815612793
7180 21.53769874572754
7190 17.416015625
7200 11.99624061584473
7210 7.244020462036133
7220 12.8856086730957
7230 15.80090045928955
7240 24.02746772766113
7250 31.51251983642578
7260 38.49224090576172
7270 21.88790130615234
7280 19.9705753326416
7290 23.81103897094727
7300 27.56607055664062
7310 43.287353515625
7320 29.74186134338379
7330 48.78326416015625
7340 42.90496063232422
7350 17.94951057434082
7360 15.63466644287109
7370 20.76755332946777
7380 16.6804084777832
7390 14.83275413513184
7400 17.78999710083008
7410 14.58692264556885
7420 18.37142562866211
7430 12.50382232666016
7440 11.15278339385986
7450 22.66253852844238
7460 27.08766555786133
7470 17.09106826782227
7480 12.74338912963867
7490 14.82369041442871
7500 13.5142297744751
7510 21.37883567810059
7520 22.54595565795898
7530 10.70556545257568
7540 16.57715606689453
7550 15.02813720703125
7560 16.20193290710449
7570 8.400901794433594
7580 13.7235279083252
7590 29.81935501098633
7600 14.52387619018555
7610 30.25528144836426
7620 32.93746948242188
7630 34.79211044311523
7640 55.2863655090332
7650 37.90474319458008
7660 24.4517707824707
7670 32.16825866699219
7680 20.40585136413574
7690 16.61098098754883
7700 23.2776985168457
7710 31.22492980957031
7720 48.38066864013672
7730 28.45450210571289
7740 15.45944595336914
7750 18.12018394470215
7760 17.70647621154785
7770 10.441162109375
7780 17.40832901000977
7790 25.51338577270508
7800 17.18180084228516
7810 15.88218116760254
7820 10.33760643005371
7830 14.96688652038574
7840 29.48039627075195
7850 49.46661376953125
7860 39.04868698120117
7870 16.69993591308594
7880 31.95634841918945
7890 16.82737350463867
7900 11.41897583007812
7910 8.02147102355957
7920 14.11599349975586
7930 14.04271984100342
7940 12.45582008361816
7950 14.27525520324707
7960 24.56498718261719
7970 12.03770923614502
7980 22.29330062866211
7990 27.31053924560547
8000 30.32693290710449
8010 30.96207618713379
8020 22.45022583007812
8030 18.19416618347168
8040 24.56401252746582
8050 26.15045928955078
8060 29.37879180908203
8070 23.77860069274902
8080 22.08870506286621
8090 18.1269474029541
8100 31.05341529846191
8110 45.53480529785156
8120 30.16134452819824
8130 18.05754280090332
8140 35.55277252197266
8150 34.00405502319336
8160 26.46220588684082
8170 32.59547805786133
8180 19.59445762634277
8190 25.19164848327637
8200 30.6505012512207
8210 24.7487964630127
8220 22.56437110900879
8230 14.06635856628418
8240 16.44362449645996
8250 11.27530384063721
8260 25.8995189666748
8270 32.01862335205078
8280 10.83065891265869
8290 11.86157321929932
8300 12.19029521942139
8310 30.38827323913574
8320 17.35811042785645
8330 29.32341957092285
8340 23.27066421508789
8350 14.40073108673096
8360 28.75053977966309
8370 15.01802444458008
8380 20.22302627563477
8390 25.47428512573242
8400 15.0853443145752
8410 22.61328887939453
8420 39.12812805175781
8430 27.41037559509277
8440 12.1435661315918
8450 28.82168006896973
8460 22.00846099853516
8470 20.14037132263184
8480 55.04779815673828
8490 33.70682144165039
8500 35.95127487182617
8510 23.91652488708496
8520 21.92144584655762
8530 34.51695251464844
8540 24.5888614654541
8550 18.89562797546387
8560 16.0046329498291
8570 21.89763450622559
8580 11.91420364379883
8590 14.27315330505371
8600 9.245231628417969
8610 14.47907829284668
8620 16.1051197052002
8630 17.82720947265625
8640 17.28249359130859
8650 22.33427047729492
8660 17.63405609130859
8670 14.93459701538086
8680 16.06796073913574
8690 14.95580387115479
8700 18.15815925598145
8710 8.509801864624023
8720 9.277738571166992
8730 13.18555450439453
8740 20.05288696289062
8750 13.14073276519775
8760 25.54453277587891
8770 15.130859375
8780 25.05653953552246
8790 25.22790908813477
8800 32.55679321289062
8810 26.79375457763672
8820 23.13278579711914
8830 34.61731719970703
8840 18.43706893920898
8850 34.48545455932617
8860 30.86913299560547
8870 28.20691680908203
8880 22.34500885009766
8890 19.27541732788086
8900 39.66627502441406
8910 22.10372734069824
8920 33.24304580688477
8930 35.81498718261719
8940 35.81365966796875
8950 18.07810401916504
8960 25.10735702514648
8970 41.90138244628906
8980 25.56034469604492
8990 27.67008590698242
9000 16.74472236633301
9010 12.63826847076416
9020 10.50873851776123
9030 9.634014129638672
9040 22.88596153259277
9050 15.33663368225098
9060 12.13847827911377
9070 20.31767654418945
9080 26.93835830688477
9090 24.88567161560059
9100 27.64673614501953
9110 13.26890850067139
9120 14.72423362731934
9130 32.14737701416016
9140 13.59228515625
9150 15.28768634796143
9160 11.9306697845459
9170 18.83294677734375
9180 19.67318344116211
9190 17.08910369873047
9200 12.29610633850098
9210 30.58148193359375
9220 21.32772254943848
9230 13.2681827545166
9240 26.52546119689941
9250 31.55751800537109
9260 28.89065361022949
9270 27.5261402130127
9280 22.66490173339844
9290 14.20661354064941
9300 20.77463912963867
9310 21.05404472351074
9320 20.42999649047852
9330 51.86672973632812
9340 34.4339599609375
9350 9.831728935241699
9360 33.62242126464844
9370 33.31459426879883
9380 39.61351776123047
9390 29.03053283691406
9400 24.19120979309082
9410 18.36220359802246
9420 16.64253616333008
9430 19.24873542785645
9440 25.36662673950195
9450 18.64033317565918
9460 21.66542434692383
9470 31.96294403076172
9480 20.16921615600586
9490 23.95319175720215
9500 23.01337814331055
9510 14.01990127563477
9520 15.31148719787598
9530 15.44498729705811
9540 21.12588310241699
9550 17.60200881958008
9560 17.66279983520508
9570 16.26701545715332
9580 10.56186866760254
9590 23.28873252868652
9600 23.38880157470703
9610 12.85652637481689
9620 14.94246864318848
9630 8.775272369384766
9640 14.21024036407471
9650 24.08130836486816
9660 50.00093841552734
9670 32.04863739013672
9680 21.78780937194824
9690 25.64768028259277
9700 24.11938858032227
9710 20.80551338195801
9720 30.95854568481445
9730 19.68873596191406
9740 19.60089492797852
9750 19.2860050201416
9760 23.28722381591797
9770 17.96376419067383
9780 23.19775199890137
9790 21.71022987365723
9800 10.85423183441162
9810 20.03925323486328
9820 14.94507026672363
9830 12.03589916229248
9840 14.72010135650635
9850 23.21642684936523
9860 24.45491600036621
9870 16.6239128112793
9880 15.4024543762207
9890 11.08200073242188
9900 12.23392581939697
9910 11.95136737823486
9920 15.34919261932373
9930 32.28190231323242
9940 25.27062606811523
9950 23.93460655212402
9960 15.77900886535645
9970 13.76122856140137
9980 18.54174995422363
9990 11.38155841827393
10000 11.08464908599854
10010 29.98325347900391
10020 27.4921760559082
10030 25.29766464233398
10040 21.27829170227051
10050 28.31200981140137
10060 29.73740196228027
10070 20.28749847412109
10080 16.36529541015625
10090 24.30257797241211
10100 29.64061737060547
10110 34.27981185913086
10120 32.54025268554688
10130 32.19073486328125
10140 28.72911071777344
10150 32.63110733032227
10160 27.69117736816406
10170 16.19543266296387
10180 31.89309883117676
10190 28.41787147521973
10200 24.49588966369629
10210 33.93793106079102
10220 27.66958808898926
10230 16.74072647094727
10240 22.94020462036133
10250 16.87590217590332
10260 26.24462127685547
10270 18.03401565551758
10280 11.30725288391113
10290 9.589224815368652
10300 14.10422134399414
10310 19.35523414611816
10320 15.50831031799316
10330 15.21161270141602
10340 17.5986156463623
10350 13.037034034729
10360 19.78205490112305
10370 20.2256965637207
10380 15.28893852233887
10390 7.95692253112793
10400 20.29598617553711
10410 45.11981964111328
10420 44.98516845703125
10430 25.50823402404785
10440 26.20436668395996
10450 38.24421691894531
10460 34.28102493286133
10470 42.35387420654297
10480 24.32577705383301
10490 21.04501533508301
10500 33.58913421630859
10510 32.03531265258789
10520 20.90205001831055
10530 23.73772811889648
10540 30.62217330932617
10550 24.22956657409668
10560 24.51148796081543
10570 29.60973358154297
10580 32.75491714477539
10590 38.50983428955078
10600 23.27667236328125
10610 28.18156814575195
10620 32.91717910766602
10630 22.97682571411133
10640 32.74327850341797
10650 24.57890319824219
10660 27.55787658691406
10670 23.34267807006836
10680 23.40337371826172
10690 19.600341796875
10700 18.27824783325195
10710 9.814339637756348
10720 20.0997257232666
10730 20.85318374633789
10740 16.10666084289551
10750 23.31963157653809
10760 22.01838111877441
10770 6.466134071350098
10780 16.87217712402344
10790 17.15895462036133
10800 17.46894454956055
10810 36.68462371826172
10820 43.78055191040039
10830 46.78083038330078
10840 16.8967399597168
10850 20.85403633117676
10860 49.35675048828125
10870 40.77014923095703
10880 20.27302932739258
10890 12.05052661895752
10900 12.88930034637451
10910 11.990403175354
10920 17.80976867675781
10930 16.6330623626709
10940 18.97319793701172
10950 30.39303588867188
10960 14.31314086914062
10970 16.66460227966309
10980 23.05353736877441
10990 18.27890396118164
11000 24.92114448547363
11010 17.08218193054199
11020 22.8790397644043
11030 12.85043621063232
11040 14.0783519744873
11050 11.26564407348633
11060 26.35003662109375
11070 15.27588844299316
11080 17.03714752197266
11090 7.986851215362549
11100 20.61279678344727
11110 15.41625022888184
11120 8.36316967010498
11130 4.372709274291992
11140 12.98376274108887
11150 23.05941009521484
11160 32.40394973754883
11170 12.62124443054199
11180 19.93189239501953
11190 24.06238174438477
11200 16.12541389465332
11210 14.26146411895752
11220 15.10403728485107
11230 23.90317153930664
11240 26.22690773010254
11250 28.36360931396484
11260 42.02081298828125
11270 26.0817813873291
11280 34.54948425292969
11290 49.71807479858398
11300 28.13479042053223
11310 48.68173980712891
11320 38.82148742675781
11330 9.508537292480469
11340 13.9710807800293
11350 30.84636497497559
11360 33.60971832275391
11370 22.6012077331543
11380 30.01761245727539
11390 19.27477836608887
11400 21.87624740600586
11410 27.33983039855957
11420 23.27997779846191
11430 25.27720642089844
11440 27.10740661621094
11450 17.82105827331543
11460 21.35565185546875
11470 19.58948516845703
11480 24.89118576049805
11490 23.02070236206055
11500 19.89235305786133
11510 14.4751501083374
11520 11.83033561706543
11530 13.07933616638184
11540 15.41972351074219
11550 22.70701789855957
11560 22.39583206176758
11570 12.4551305770874
11580 15.21335697174072
11590 17.35005569458008
11600 27.22826194763184
11610 44.98508453369141
11620 23.76837158203125
11630 16.44680404663086
11640 23.07950592041016
11650 23.89940643310547
11660 29.28394317626953
11670 53.81362533569336
11680 31.78423690795898
11690 37.46925735473633
11700 31.33956909179688
11710 19.22259902954102
11720 18.13418769836426
11730 13.58150672912598
11740 25.55973815917969
11750 26.99312019348145
11760 27.12004280090332
11770 28.00298690795898
11780 23.41432189941406
11790 17.57491683959961
11800 16.82589721679688
11810 21.66129875183105
11820 17.32874298095703
11830 20.16865158081055
11840 10.58856582641602
11850 16.83512878417969
11860 18.74328422546387
11870 29.62512397766113
11880 19.20102500915527
11890 16.42275047302246
11900 11.72428321838379
11910 17.60453033447266
11920 15.66404342651367
11930 14.48496055603027
11940 14.62946128845215
11950 11.48325824737549
11960 12.76622104644775
11970 8.68744945526123
11980 15.22615242004395
11990 26.94612693786621
12000 13.85790824890137
12010 14.68440818786621
12020 15.19986057281494
12030 18.73022842407227
12040 21.99734306335449
12050 18.58345794677734
12060 37.21594619750977
12070 28.765625
15010 44.94250869750977
15020 32.18502044677734
15030 32.47153472900391
15040 32.34972381591797
15050 32.30705261230469
15060 20.58137321472168
15070 14.8423957824707
15080 17.56024932861328
15090 17.65472602844238
15100 21.3007698059082
15110 17.47121047973633
15120 21.70854187011719
15130 11.67629051208496
15140 9.020989418029785
15150 15.51013565063477
15160 11.62009048461914
15170 16.60397338867188
15180 7.133840084075928
15190 13.21735572814941
15200 17.80401802062988
15210 16.86855316162109
15220 13.47307014465332
15230 13.85234642028809
15240 23.09641265869141
15250 25.54250335693359
15260 54.592529296875
15270 23.09759902954102
15280 24.78715133666992
15290 15.81997108459473
15300 24.63882446289062
15310 26.35409355163574
15320 16.31247329711914
15330 21.80058860778809
15340 27.30057716369629
15350 15.66780853271484
15360 16.44940948486328
15370 18.93053436279297
15380 20.94075393676758
15390 29.48982048034668
15400 33.05490875244141
15410 32.42311096191406
15420 25.48847007751465
15430 13.80188369750977
15440 22.71406936645508
15450 24.8212890625
15460 41.71075057983398
15470 16.21261596679688
15480 19.98025703430176
15490 14.02168655395508
15500 15.42999076843262
15510 10.73533153533936
15520 18.67225646972656
15530 7.205340385437012
15540 9.377535820007324
15550 14.1118688583374
15560 18.81976509094238
15570 15.27713012695312
15580 16.2471809387207
15590 26.73424339294434
15600 18.9013786315918
15610 33.89168548583984
15620 27.08283424377441
15630 66.05429077148438
15640 36.0339241027832
15650 57.45169830322266
15660 32.52027130126953
15670 27.84727478027344
15680 40.1900634765625
15690 22.72016906738281
15700 40.53702926635742
15710 31.38682556152344
15720 33.36773681640625
15730 43.32667541503906
15740 43.74094009399414
15750 47.58108901977539
15760 27.3801212310791
15770 16.25699615478516
15780 30.78196907043457
15790 32.43877029418945
15800 24.61150932312012
15810 21.79537391662598
15820 10.48963260650635
15830 9.848594665527344
15840 17.63705062866211
15850 25.32514381408691
15860 26.31454277038574
15870 30.58065414428711
15880 18.45341491699219
15890 16.56331443786621
15900 16.36250686645508
15910 21.89228248596191
15920 15.93909168243408
15930 20.24348449707031
15940 27.19973182678223
15950 13.83554649353027
15960 24.83806037902832
15970 16.0438232421875
15980 16.6415958404541
15990 24.59921455383301
16000 22.99393844604492
16010 36.77629089355469
16020 39.60099029541016
16030 18.3973274230957
16040 19.58271217346191
16050 21.27327728271484
16060 27.46517181396484
16070 24.85165405273438
16080 22.85131454467773
16090 17.41282272338867
16100 13.7056188583374
16110 14.00824451446533
16120 27.62726211547852
16130 21.09523391723633
16140 14.6491231918335
16150 17.21531677246094
16160 10.85606002807617
16170 21.63920974731445
16180 22.22355270385742
16190 24.99535369873047
16200 19.98667144775391
16210 15.79129791259766
16220 25.75183868408203
16230 21.73508262634277
16240 30.87949371337891
16250 16.07215309143066
16260 23.42487335205078
16270 12.07989406585693
16280 16.80109024047852
16290 14.50309371948242
16300 22.75909805297852
16310 48.19810485839844
16320 24.8547477722168
16330 11.35202789306641
16340 12.13173294067383
16350 21.62479591369629
16360 19.52622985839844
16370 12.98006725311279
16380 26.21376609802246
16390 27.50603485107422
16400 26.46217155456543
16410 48.7506103515625
16420 43.54192352294922
16430 37.71890258789062
16440 29.42723083496094
16450 40.37583923339844
16460 15.50553321838379
16470 20.63735580444336
16480 37.9777946472168
16490 40.11574172973633
16500 18.56817626953125
16510 21.20172500610352
16520 19.22786712646484
16530 15.89535140991211
16540 25.357666015625
16550 24.98284149169922
16560 18.55279350280762
16570 34.31787872314453
16580 60.85610198974609
16590 29.55914497375488
16600 16.1526927947998
16610 12.94476509094238
16620 17.10413551330566
16630 13.65287780761719
16640 16.69972801208496
16650 14.48540210723877
16660 16.08439064025879
16670 14.6177225112915
16680 16.38389587402344
16690 20.80059814453125
16700 14.29321384429932
16710 16.8997745513916
16720 9.971994400024414
16730 14.37090969085693
16740 13.00385475158691
16750 16.41739463806152
16760 15.48803806304932
16770 18.49956703186035
16780 17.51045989990234
16790 16.14971542358398
16800 12.75887489318848
16810 15.98006439208984
16820 21.40962219238281
16830 15.93726539611816
16840 14.83342933654785
16850 23.28012847900391
16860 26.35227584838867
16870 18.31298828125
16880 16.24384117126465
16890 19.22954177856445
16900 20.58687973022461
16910 17.36385726928711
16920 28.2946662902832
16930 29.36649322509766
16940 59.00579071044922
16950 36.37866592407227
16960 32.75186538696289
16970 28.37125396728516
16980 21.17010307312012
16990 37.2790412902832
17000 26.66303634643555
17010 19.15363311767578
17020 15.2020845413208
17030 13.06564521789551
17040 8.25944709777832
17050 18.88651657104492
17060 23.42446517944336
17070 12.96926116943359
17080 22.76353645324707
17090 29.31165504455566
17100 28.3419303894043
17110 25.11698532104492
17120 15.18476295471191
17130 13.18257999420166
17140 20.44046211242676
17150 13.17817497253418
17160 24.10379409790039
17170 13.34638690948486
17180 10.83496570587158
17190 13.46674346923828
17200 12.33844375610352
17210 11.57974720001221
17220 7.350496292114258
17230 19.42934417724609
17240 11.16915035247803
17250 12.86208438873291
17260 22.08745384216309
17270 29.9339656829834
17280 57.15412902832031
17290 52.91360473632812
17300 24.29338073730469
17310 33.43611907958984
17320 23.95973968505859
17330 21.50074577331543
17340 22.61095237731934
17350 13.51679039001465
17360 15.39454460144043
17370 25.0045223236084
17380 18.3059196472168
17390 18.53124618530273
17400 12.56453609466553
17410 8.511401176452637
17420 15.57949447631836
17430 15.08606433868408
17440 23.6610164642334
17450 24.46352195739746
17460 27.10461807250977
17470 28.44538879394531
17480 31.85670852661133
17490 11.49454402923584
17500 22.18601226806641
17510 17.89343452453613
17520 29.64052200317383
17530 18.44833946228027
17540 17.87195777893066
17550 16.71264457702637
17560 19.33531761169434
17570 16.29827308654785
17580 12.84635448455811
17590 9.485050201416016
17600 13.41791820526123
17610 24.16278648376465
17620 30.90678024291992
17630 48.80591583251953
17640 25.90388870239258
17650 39.18032073974609
17660 34.64588928222656
17670 26.59476852416992
17680 18.84529685974121
17690 21.09531593322754
17700 40.35457992553711
17710 36.35622406005859
17720 17.03494834899902
17730 19.49857711791992
17740 37.08045959472656
17750 35.44131851196289
17760 29.56113433837891
17770 31.88553237915039
17780 51.08344650268555
17790 58.10799789428711
17800 42.1221923828125
17810 30.63629150390625
17820 39.63002014160156
17830 11.25202369689941
17840 10.79030132293701
17850 13.56210327148438
17860 19.94169807434082
17870 31.33782577514648
17880 19.82995223999023
17890 23.40837287902832
17900 17.46424865722656
17910 29.73793601989746
17920 29.08624076843262
17930 22.26052665710449
17940 28.65229415893555
17950 33.77125549316406
17960 22.75580978393555
17970 21.24979782104492
17980 20.3812084197998
17990 20.66446113586426
18000 43.86721038818359
18010 43.85976791381836
18020 33.6956901550293
18030 21.38517189025879
18040 27.16628456115723
18050 20.49112319946289
18060 17.60338592529297
18070 17.57912826538086
18080 26.84979248046875
18090 27.56235694885254
18100 40.5869140625
18110 26.07637023925781
18120 30.69819259643555
18130 31.97311973571777
18140 20.37713241577148
18150 42.47010803222656
18160 38.04023742675781
18170 16.51969146728516
18180 19.29645156860352
18190 20.24878311157227
18200 28.21770477294922
18210 22.86227226257324
18220 24.85342025756836
18230 27.28146553039551
18240 21.99144744873047
18250 17.37676429748535
18260 14.09064674377441
18270 8.231281280517578
18280 13.5094633102417
18290 16.59919929504395
18300 16.95001220703125
18310 10.08236789703369
18320 15.32583045959473
18330 21.17988777160645
18340 16.55439376831055
18350 5.916868209838867
18360 6.480331897735596
18370 9.52564811706543
18380 30.17107772827148
18390 23.62388038635254
18400 12.5496826171875
18410 10.53942680358887
18420 13.02132797241211
18430 49.46464538574219
18440 34.23329925537109
18450 40.17721557617188
18460 40.42857360839844
18470 29.92731666564941
18480 16.61498260498047
18490 41.70590972900391
18500 19.41272735595703
18510 21.17729949951172
18520 36.44737243652344
18530 33.27200317382812
18540 23.80854606628418
18550 7.069103717803955
18560 8.637539863586426
18570 7.510323524475098
18580 15.34201526641846
18590 19.95294952392578
18600 18.88410758972168
18610 13.1649284362793
18620 12.31177425384521
18630 19.97217750549316
18640 29.96237945556641
18650 23.24239730834961
18660 18.84152412414551
18670 20.12990570068359
18680 14.2568187713623
18690 16.89026641845703
18700 21.58919143676758
18710 23.07848930358887
18720 22.09748077392578
18730 11.57435512542725
18740 16.44257736206055
18750 10.74387741088867
18760 22.13230514526367
18770 39.57617950439453
18780 40.0218391418457
18790 21.79431533813477
18800 13.09988594055176
18810 24.3916015625
18820 35.29957580566406
18830 29.90832328796387
18840 13.20679092407227
18850 24.50151824951172
18860 29.20351409912109
18870 38.41325759887695
18880 31.13237190246582
18890 25.32334518432617
18900 34.80487060546875
18910 28.42461395263672
18920 35.18997192382812
18930 24.66694641113281
18940 11.6224250793457
18950 18.06961822509766
18960 12.23884963989258
18970 20.07498931884766
18980 27.6566333770752
18990 19.39567947387695
19000 13.71779537200928
19010 19.46567153930664
19020 12.63628673553467
19030 35.01930236816406
19040 22.58426666259766
19050 18.49212646484375
19060 19.29152297973633
19070 25.36841773986816
19080 27.51518249511719
19090 25.45418548583984
19100 21.3312931060791
19110 28.81930160522461
19120 23.82441902160645
19130 14.69938850402832
19140 12.66083335876465
19150 20.99568557739258
19160 18.94361877441406
19170 14.70293998718262
19180 29.6282958984375
19190 27.31375694274902
19200 38.26873779296875
19210 65.65933990478516
19220 24.42144393920898
19230 27.83438491821289
19240 20.38802146911621
19250 17.19692420959473
19260 37.86643981933594
19270 19.15933227539062
19280 27.96358871459961
19290 29.86661911010742
19300 21.89620780944824
19310 19.17558860778809
19320 24.09971618652344
19330 19.69114112854004
19340 11.91173267364502
19350 11.8649320602417
19360 26.34823226928711
19370 20.01373100280762
19380 27.80069732666016
19390 55.24263381958008
19400 19.06447601318359
19410 31.68865394592285
19420 15.81131362915039
19430 18.52748107910156
19440 28.38608169555664
19450 23.77605438232422
19460 20.88992500305176
19470 15.02364921569824
19480 26.16887283325195
19490 39.11247634887695
19500 24.37342834472656
19510 21.26451873779297
19520 17.01943397521973
19530 26.34057807922363
19540 16.02616119384766
19550 15.22869968414307
19560 11.1236686706543
19570 8.689783096313477
19580 17.61597061157227
19590 23.21261978149414
19600 25.29704093933105
19610 20.59171295166016
19620 15.73452377319336
19630 18.05546760559082
19640 22.37805557250977
19650 77.11003112792969
19660 67.27306365966797
19670 21.29977035522461
19680 29.80684661865234
19690 17.81611824035645
19700 12.6595287322998
19710 39.96746826171875
19720 42.29555511474609
19730 37.17823028564453
19740 7.492620468139648
19750 17.43843078613281
19760 24.60185241699219
19770 14.11433792114258
19780 20.89556121826172
19790 33.15140914916992
19800 33.81604766845703
19810 18.6938304901123
19820 15.69211196899414
19830 17.13866233825684
19840 8.938789367675781
19850 16.32903099060059
19860 23.60806274414062
19870 14.5903787612915
19880 33.7713508605957
19890 21.20400619506836
19900 19.16086578369141
19910 15.96877002716064
19920 26.72961807250977
19930 34.07087707519531
19940 39.15799713134766
19950 31.15901565551758
19960 20.37374877929688
19970 31.22516441345215
19980 22.93668937683105
19990 10.61300086975098
20000 12.07412147521973
20010 11.24507904052734
20020 9.265100479125977
20030 33.45767211914062
20040 18.35342025756836
20050 14.02593231201172
20060 38.29253768920898
20070 18.91643333435059
20080 27.5883731842041
20090 30.46218681335449
20100 33.95687484741211
20110 28.15951156616211
20120 24.83594512939453
20130 19.26593208312988
20140 20.43244361877441
20150 21.22542572021484
20160 28.84629440307617
20170 15.58488845825195
20180 17.14199256896973
20190 20.24083709716797
20200 12.65769195556641
20210 17.4377384185791
20220 41.59239196777344
20230 32.01860046386719
20240 15.41940879821777
20250 11.19714260101318
20260 10.28323268890381
20270 12.89376163482666
20280 14.18152236938477
20290 18.1031608581543
20300 11.50195026397705
20310 18.16547012329102
20320 19.11721611022949
20330 7.755093574523926
20340 8.96005916595459
20350 10.20889377593994
20360 18.79713439941406
20370 13.0604133605957
20380 14.53407669067383
20390 9.514651298522949
20400 12.48770141601562
20410 24.24868583679199
20420 48.76866912841797
20430 79.86051940917969
20440 30.46558952331543
20450 34.57241058349609
20460 24.09959411621094
20470 24.34330749511719
20480 37.18754959106445
20490 35.84999847412109
20500 29.16092681884766
20510 22.59486198425293
20520 10.23708629608154
20530 12.57783794403076
20540 20.89756965637207
20550 43.36714553833008
20560 16.44537925720215
20570 15.61206817626953
20580 16.87519836425781
20590 17.59758949279785
20600 10.9036979675293
20610 28.91134071350098
20620 32.54093551635742
20630 27.84079551696777
20640 27.01958274841309
20650 17.9410514831543
20660 18.28435897827148
20670 15.71116352081299
20680 22.17462158203125
20690 28.58347702026367
20700 21.71037864685059
20710 12.44049644470215
20720 6.771951675415039
20730 12.99543571472168
20740 16.31641960144043
20750 19.57331275939941
20760 25.58716011047363
20770 39.02324295043945
20780 27.18048095703125
20790 20.64155578613281
20800 45.61977386474609
20810 30.78691101074219
20820 22.32241821289062
20830 10.52021408081055
20840 16.36359786987305
20850 21.57496452331543
20860 26.45502281188965
20870 24.12873840332031
20880 18.46511459350586
20890 31.64112091064453
20900 23.92446708679199
20910 12.39276790618896
20920 13.97209739685059
20930 13.29327583312988
20940 13.33355712890625
20950 12.27815628051758
20960 20.3694896697998
20970 17.95688247680664
20980 13.03957366943359
20990 21.13813018798828
21000 21.57711410522461
21010 33.75732803344727
21020 21.75893974304199
21030 16.59342956542969
21040 33.68942642211914
21050 16.12739562988281
21060 14.89621925354004
21070 31.29309463500977
21080 23.07955169677734
21090 24.66152572631836
21100 22.22509002685547
21110 30.51032829284668
21120 17.63456535339355
21130 9.848283767700195
21140 31.46003150939941
21150 17.38503074645996
21160 13.0494966506958
21170 18.30043411254883
21180 16.83699798583984
21190 11.63844299316406
21200 19.37706756591797
21210 25.29832458496094
21220 29.31125450134277
21230 25.67963027954102
21240 27.94106864929199
21250 37.43089294433594
21260 50.88186645507812
21270 26.11820220947266
21280 20.12524032592773
21290 33.58335113525391
21300 17.22124862670898
21310 26.06782913208008
21320 26.51972198486328
21330 21.20472526550293
21340 13.56144618988037
21350 10.47368049621582
21360 12.61851119995117
21370 12.09384155273438
21380 21.02668190002441
21390 23.26324844360352
21400 25.05288124084473
21410 9.997161865234375
21420 20.09570503234863
21430 33.92550659179688
21440 23.48861694335938
21450 16.94568824768066
21460 31.99703216552734
21470 29.05762672424316
21480 30.87137222290039
21490 14.86601829528809
21500 22.18398475646973
21510 19.44062614440918
21520 20.21336364746094
21530 40.01922225952148
21540 23.93530464172363
21550 11.54393005371094
21560 7.665640830993652
21570 6.456761360168457
21580 13.16041851043701
21590 8.24333381652832
21600 9.946633338928223
21610 18.8526611328125
21620 19.73115539550781
21630 22.20621109008789
21640 21.52848625183105
21650 19.04976272583008
21660 52.86197662353516
21670 34.00186920166016
21680 42.73526763916016
21690 33.08414077758789
21700 18.95743370056152
21710 27.35280609130859
21720 28.89949417114258
21730 17.29483413696289
21740 18.92589378356934
21750 11.14104747772217
21760 10.71862506866455
21770 16.65211868286133
21780 17.09003448486328
21790 12.13319492340088
21800 21.44928741455078
21810 19.08769226074219
21820 20.80652618408203
21830 23.23562622070312
21840 18.55155563354492
21850 15.60085105895996
21860 18.54933929443359
21870 20.47151184082031
21880 18.6377067565918
21890 13.25876235961914
21900 21.95411682128906
21910 23.26626014709473
21920 12.92499542236328
21930 10.61953258514404
21940 10.80186462402344
21950 14.62228584289551
21960 18.67981338500977
21970 17.9758415222168
21980 20.77461242675781
21990 25.87892532348633
22000 36.35355377197266
22010 29.90789031982422
22020 24.03807067871094
22030 64.61721038818359
22040 36.79126358032227
22050 45.10180282592773
22060 42.30852508544922
22070 29.93298530578613
22080 24.74087333679199
22090 23.07527542114258
22100 19.28410530090332
22110 16.6307487487793
22120 17.41250991821289
22130 20.96918487548828
22140 30.26562690734863
22150 15.33409118652344
22160 17.06717300415039
22170 20.47003555297852
22180 21.35885810852051
22190 15.31652641296387
22200 32.1405143737793
22210 40.4333610534668
22220 13.84668254852295
22230 17.64023780822754
22240 16.56909370422363
22250 15.89725303649902
22260 19.9230842590332
22270 17.29679298400879
22280 13.90920448303223
22290 20.1624698638916
22300 27.04918098449707
22310 19.26132774353027
22320 20.01200675964355
22330 22.20329093933105
22340 18.92692947387695
22350 13.85122489929199
22360 20.45956420898438
22370 24.65449905395508
22380 21.60908889770508
22390 10.71838665008545
22400 11.31338977813721
22410 13.72006034851074
22420 17.97960090637207
22430 23.52283668518066
22440 21.82183456420898
22450 21.62272071838379
22460 18.0787239074707
22470 16.40818786621094
22480 14.06072998046875
22490 37.56785583496094
22500 16.34065818786621
22510 34.9453239440918
22520 15.8561372756958
22530 49.13726425170898
22540 14.53284358978271
22550 23.34967803955078
22560 19.85379600524902
22570 10.35744857788086
22580 20.1032657623291
22590 20.27689552307129
22600 17.25702857971191
22610 19.15265274047852
22620 22.4730339050293
22630 48.23081970214844
22640 24.43149185180664
22650 19.64603233337402
22660 13.12446212768555
22670 12.20599269866943
22680 19.44588279724121
22690 23.03462600708008
22700 13.80937385559082
22710 17.2213191986084
22720 19.22070121765137
22730 20.47966766357422
22740 15.02347946166992
22750 12.58345413208008
22760 18.88698196411133
22770 21.17457389831543
22780 13.74430465698242
22790 7.594308853149414
22800 14.21756553649902
22810 46.95510482788086
22820 33.86308288574219
22830 61.43678283691406
22840 50.61126708984375
22850 15.94124507904053
22860 16.62817001342773
22870 13.84698677062988
22880 35.94379425048828
22890 20.78039169311523
22900 28.38110733032227
22910 21.69670486450195
22920 15.85208320617676
22930 34.050048828125
22940 18.65400314331055
22950 27.36262130737305
22960 45.80625152587891
22970 40.79933166503906
22850 15.94124317169189
22880 35.94408798217773
22890 20.77984046936035
22900 28.380615234375
22910 21.6967601776123
22920 15.85212898254395
22930 34.05011749267578
22940 18.65400695800781
22950 27.36256408691406
22960 45.80623626708984
22970 40.79949569702148
22980 16.60095596313477
22990 17.95090484619141
23000 24.93271827697754
23010 23.60337448120117
23020 22.25577926635742
23030 12.56646537780762
23040 13.74301719665527
23050 21.84699249267578
23060 18.50961685180664
23070 13.77893447875977
23080 16.49597930908203
23090 28.64450454711914
23100 26.28699684143066
23110 25.63176918029785
23120 37.35537338256836
23130 20.67850112915039
23140 25.7363338470459
23150 18.06120300292969
23160 10.2160062789917
23170 18.70714569091797
23180 29.67337417602539
23190 23.5309944152832
23200 13.1554012298584
23210 13.71410179138184
23220 16.79758834838867
23230 21.65754318237305
23240 27.55928802490234
23250 23.39540100097656
23260 41.94652557373047
23270 42.80706787109375
23280 29.35233306884766
23290 72.84109497070312
23300 32.48280334472656
23310 34.26289367675781
23320 30.82275772094727
23330 28.98220443725586
23340 23.74212455749512
23350 18.2956714630127
23360 15.15821266174316
23370 13.19857597351074
23380 14.04463577270508
23390 19.31636238098145
23400 11.66177654266357
23410 13.63837623596191
23420 10.08193778991699
23430 16.10435676574707
23440 17.12275505065918
23450 26.58126068115234
23460 29.63353729248047
23470 12.82684516906738
23480 13.78747749328613
23490 16.98189544677734
23500 40.74346542358398
23510 30.08626937866211
23520 24.10198593139648
23530 24.3254566192627
23540 15.91987705230713
23550 18.50507736206055
23560 16.68133735656738
23570 14.73302555084229
23580 21.41979789733887
23590 19.08948135375977
23600 23.22584342956543
23610 21.64542770385742
23620 23.44244194030762
23630 16.13796424865723
23640 16.6719856262207
23650 22.8984375
23660 28.91840362548828
23670 27.84193229675293
23680 36.27252197265625
23690 43.23189163208008
23700 21.06084442138672
23710 21.78486442565918
23720 24.52371788024902
23730 25.80922889709473
23740 27.90252304077148
23750 19.5551586151123
23760 16.29106903076172
23770 22.82235145568848
23780 12.87227630615234
23790 16.41119003295898
23800 20.01760864257812
23810 18.2315502166748
23820 15.96004295349121
23830 20.24644470214844
23840 25.42564392089844
23850 25.31242179870605
23860 31.44307327270508
23870 19.36790657043457
23880 15.48418998718262
23890 16.83932495117188
23900 14.42623138427734
23910 29.17619514465332
23920 28.77614212036133
23930 15.34464073181152
23940 11.81570339202881
23950 22.5999641418457
23960 41.35598754882812
23970 32.69568252563477
23980 32.01376342773438
23990 40.81407165527344
24000 39.004150390625
