"Time Step" "gw-hemolysis"
20210 0.2569569887814333
20220 0.2569480023088377
20230 0.2569381516471626
20240 0.2569274298421393
20250 0.2569157951202257
20260 0.2569031859987656
20270 0.2568899534225623
20280 0.2568762429929974
20290 0.2568621446672975
20300 0.2568478279245967
20310 0.2568334521843079
20320 0.2568191000073896
20330 0.2568048359960414
20340 0.2567907797039036
20350 0.2567771476558913
20360 0.2567640981935628
20370 0.2567517199011139
20380 0.2567401318806565
20390 0.2567296089731509
20400 0.2567201423777453
20410 0.2567117870977622
20420 0.2567046369042942
20430 0.2566988381324172
20440 0.2566946480543902
20450 0.2566921926537785
20460 0.2566916929150657
20470 0.2566931774672499
20480 0.2566966781958269
20490 0.2567021239279197
20500 0.256709413733451
20510 0.2567184159597445
20520 0.2567289444493292
20530 0.2567406741369235
20540 0.2567532539095874
20550 0.2567662897575594
20560 0.2567794596300593
20570 0.2567922946115998
20580 0.256804621630956
20590 0.2568162841685375
20600 0.2568270438417826
20610 0.2568367721213873
20620 0.2568452635472452
20630 0.2568523865736989
20640 0.2568580370700397
20650 0.2568619303968219
20660 0.2568638761032545
20670 0.2568636739679078
20680 0.2568611431538254
20690 0.2568560870898115
20700 0.2568483608846108
20710 0.2568376620579929
20720 0.2568237561078331
20730 0.2568067882296623
20740 0.2567869261083035
20750 0.2567641909038995
20760 0.256738819032435
20770 0.256711119520275
20780 0.2566814405845879
20790 0.2566503151550105
20800 0.2566183355572576
20810 0.2565860705267479
20820 0.2565540176257724
20830 0.2565227298071084
20840 0.2564926802629985
20850 0.2564641205310536
20860 0.2564372509662988
20870 0.2564122706602939
20880 0.2563891107599835
20890 0.2563677901474415
20900 0.2563481740260465
20910 0.2563300694727819
20920 0.2563133521326272
20930 0.2562978711752331
20940 0.2562835504332751
20950 0.2562702693965528
20960 0.2562579184974758
20970 0.2562463689270235
20980 0.2562355210014902
20990 0.2562253550033908
21000 0.256215799600655
21010 0.2562067332918928
21020 0.2561979173772784
21030 0.2561892234764498
21040 0.2561805197628055
21050 0.256171707341611
21060 0.2561627735005187
21070 0.2561536505425187
21080 0.2561443175964325
21090 0.2561348776922309
21100 0.2561253534391136
21110 0.2561155955453644
21120 0.2561055702773907
21130 0.2560952675498138
21140 0.2560846215969073
21150 0.2560735520117314
21160 0.2560621634686226
21170 0.2560504061530294
21180 0.2560383220514192
21190 0.2560260397094256
21200 0.2560134903997033
21210 0.2560007758639354
21220 0.2559880080127307
21230 0.255975453128004
21240 0.2559632737368627
21250 0.2559514663343548
21260 0.255940178392275
21270 0.2559293266816395
21280 0.2559190411880215
21290 0.2559092778926436
21300 0.2558998736803617
21310 0.255890853326984
21320 0.2558821218335151
21330 0.2558736299011933
21340 0.2558653529299502
21350 0.2558574764601311
21360 0.2558501395784075
21370 0.2558435245815023
21380 0.2558376755511467
21390 0.2558325917267395
21400 0.255828325754663
21410 0.2558249562369099
21420 0.2558225371726289
21430 0.2558211851259354
21440 0.2558209912293284
21450 0.2558221864273374
21460 0.255824728971579
21470 0.2558286851325727
21480 0.2558340141678369
21490 0.2558406908900356
21500 0.2558488038978521
21510 0.2558582089280159
21520 0.2558688431166783
21530 0.2558807380938197
21540 0.2558939443504856
21550 0.2559083961457532
21560 0.2559241070057904
21570 0.2559413641798173
21580 0.2559602804881603
21590 0.2559807226471585
21600 0.2560024897004288
21610 0.2560252598995179
21620 0.256048672898528
21630 0.2560725670984368
21640 0.2560968839666272
21650 0.2561213733400167
21660 0.2561460055806488
21670 0.2561706453695892
21680 0.2561952373603166
21690 0.256219571593059
21700 0.256243359357637
21710 0.2562664811035574
21720 0.2562886757348182
21730 0.2563098379259776
21740 0.2563298220676127
21750 0.2563484180285502
21760 0.2563654645293111
21770 0.2563807519157372
21780 0.2563940629279805
21790 0.256405096024182
21800 0.2564136009817116
21810 0.2564192365622005
21820 0.2564216928846719
21830 0.2564206914540314
21840 0.2564160660867501
21850 0.2564074591116678
21860 0.2563947263755823
21870 0.2563776700489466
21880 0.2563561824107949
21890 0.2563303271640194
21900 0.2563001222483076
21910 0.2562653999306592
21920 0.2562263363390573
21930 0.2561831218306407
21940 0.2561358057446186
21950 0.2560843654367369
21960 0.2560288186406784
21970 0.2559694107950098
21980 0.2559065974143552
21990 0.2558407773396984
22000 0.2557725037905699
22010 0.2557023660584342
22020 0.2556309242886548
22030 0.2555585143836795
22040 0.2554853707576912
22050 0.255412113425895
22060 0.2553394950143251
22070 0.255267928550137
22080 0.2551978262889701
22090 0.2551297255894719
22100 0.2550638929599445
22110 0.2550004299532805
22120 0.2549396322700663
22130 0.254881843783498
22140 0.2548271746603541
22150 0.2547757699479284
22160 0.2547277622696068
22170 0.2546830638382537
22180 0.2546415336261934
22190 0.2546032873031353
22200 0.2545682031298788
22210 0.2545362956787308
22220 0.2545074399516226
22230 0.2544816149505908
22240 0.2544587140122132
22250 0.2544388396722119
22260 0.254422067937785
22270 0.2544083404443349
22280 0.2543978060493255
22290 0.2543905487864526
22300 0.2543868689854733
22310 0.2543867565632504
22320 0.2543902773425708
22330 0.2543975524314398
22340 0.2544085080126872
22350 0.2544230646711339
22360 0.2544410057395854
22370 0.2544621266957798
22380 0.2544862340229964
22390 0.2545130969665577
22400 0.2545424752918553
22410 0.2545740184098102
22420 0.2546074675347964
22430 0.2546428783058397
22440 0.2546803001792976
22450 0.2547197404267276
22460 0.2547613471179089
22470 0.2548051532051644
22480 0.2548510682694685
22490 0.2548992295850135
22500 0.254949405797117
22510 0.2550013096092318
22520 0.2550548809433062
22530 0.2551098139295937
22540 0.2551657391603545
22550 0.2552220837736356
22560 0.2552781279404259
22570 0.2553331626793238
22580 0.2553863123393917
22590 0.2554368722810367
22600 0.2554841235096785
22610 0.2555273996054567
22620 0.2555660544478839
22630 0.2555992613696573
22640 0.2556265972938886
22650 0.2556474841836228
22660 0.2556616621065061
22670 0.2556689506975129
22680 0.2556692476681752
22690 0.2556623124978034
22700 0.2556476575953039
22710 0.2556254081656072
22720 0.2555957854728955
22730 0.2555593507969873
22740 0.2555167536872937
22750 0.2554691010632131
22760 0.2554175958881028
22770 0.2553635137137984
22780 0.2553079645977633
22790 0.2552516730152445
22800 0.255195142738451
22810 0.2551387837697021
22820 0.2550833441587215
22830 0.2550295269038027
22840 0.2549775693995739
22850 0.2549277390669905
22860 0.2548804224516077
22870 0.2548357999382597
22880 0.2547940750311636
22890 0.2547555018520165
22900 0.2547203209811568
22910 0.2546885610130673
22920 0.2546602557466512
22930 0.2546354411915341
22940 0.2546139584512503
22950 0.2545959844908237
22960 0.2545816472733262
22970 0.2545708147471861
22980 0.2545632694606473
22990 0.2545588201151746
23000 0.2545568310028597
23010 0.2545569121185409
23020 0.2545583334155347
23030 0.2545606913963644
23040 0.2545634973104852
23050 0.2545660974777713
23060 0.254567720429855
23070 0.2545676913149624
23080 0.2545654558184498
23090 0.25456050336346
23100 0.2545525118223259
23110 0.2545412698533092
23120 0.2545266162621132
23130 0.2545086020333667
23140 0.2544871331262323
23150 0.2544621250783571
23160 0.2544335091160688
23170 0.2544013645189291
23180 0.2543657497932575
23190 0.2543268604504621
23200 0.2542850111924685
23210 0.2542408190314602
23220 0.254194728595714
23230 0.2541472434780065
23240 0.2540988737112063
23250 0.2540500990531429
23260 0.2540014511900016
23270 0.2539534900998115
23280 0.253906806994444
23290 0.2538617424855025
23300 0.2538187666730176
23310 0.2537780488542189
23320 0.2537399552154562
23330 0.253704673059735
23340 0.2536723646646383
23350 0.2536432211828075
23360 0.2536171879913146
23370 0.2535941461020729
23380 0.2535739595869747
23390 0.2535565994080053
23400 0.2535418934877994
23410 0.2535295277657477
23420 0.2535193450055747
23430 0.2535109974233151
23440 0.2535043576389501
23450 0.2534992848613193
23460 0.253495431186506
23470 0.2534924622195388
23480 0.253489881406028
23490 0.2534872782550391
23500 0.253484273756878
23510 0.2534805171088384
23520 0.2534757431506876
23530 0.2534694188553887
23540 0.2534611514765957
23550 0.253450528630959
23560 0.2534371844815916
23570 0.2534209561194274
23580 0.2534016409134143
23590 0.2533790004644115
23600 0.2533530550855246
23610 0.2533240635858902
23620 0.2532923590010832
23630 0.2532582792800937
23640 0.2532220212886985
23650 0.2531838684784963
23660 0.2531444408895395
23670 0.2531042714980012
23680 0.2530639894597211
23690 0.2530241282413664
23700 0.2529851436631274
23710 0.252947450464543
23720 0.2529114290596696
23730 0.2528773971312493
23740 0.2528457174099361
23750 0.2528165312159753
23760 0.2527900819360381
23770 0.2527665122505571
23780 0.2527463175139001
23790 0.2527299978549789
23800 0.2527180695371725
23810 0.2527106776094535
23820 0.2527077361489793
23830 0.252709206453702
23840 0.2527149806883751
23850 0.2527249781299639
23860 0.2527389971139189
23870 0.2527566703229184
23880 0.2527773674309711
23890 0.2528005972194157
23900 0.2528259473120992
23910 0.2528529622360474
23920 0.2528813259709481
23930 0.2529106595155927
23940 0.2529407586424811
23950 0.2529716323094868
23960 0.2530033231360521
23970 0.2530358274612432
23980 0.2530689027955206
23990 0.253102267388657
24000 0.2531357968377577
15610 0.2713735093835491
15620 0.2713303402564262
15630 0.2712839650621526
15640 0.2712338230699984
15650 0.2711794174759778
15660 0.2711204389820661
15670 0.2710568889864047
15680 0.2709893219705303
15690 0.2709182329205309
15700 0.2708444989017193
15710 0.2707688949821218
15720 0.2706921441806225
15730 0.2706147567605466
15740 0.2705372869920008
15750 0.2704601506373779
15760 0.2703837524337616
15770 0.2703084887213001
15780 0.2702346830965839
15790 0.270162426675684
15800 0.2700915423823932
15810 0.2700214845109955
15820 0.2699518953979212
15830 0.269882373887983
15840 0.2698124443869167
15850 0.2697414521868765
15860 0.2696684562691666
15870 0.269592565574572
15880 0.269512614106983
15890 0.2694278773047546
15900 0.2693382752828268
15910 0.269244174183897
15920 0.2691461374167055
15930 0.2690443050522123
15940 0.2689393564113862
15950 0.2688323441540343
15960 0.2687243316091627
15970 0.2686165129683509
15980 0.2685100728495347
15990 0.2684059193130132
16000 0.2683049098958036
16010 0.2682077754266388
16020 0.268114970153037
16030 0.2680267865306502
16040 0.267943261668002
16050 0.2678644777168686
16060 0.2677901544501498
16070 0.2677197308475371
16080 0.2676528703493772
16090 0.2675887747457852
16100 0.2675266206757681
16110 0.2674655725069104
16120 0.2674051063364811
16130 0.2673444834111766
16140 0.2672828089838206
16150 0.2672194706217952
16160 0.2671539919087352
16170 0.2670864167520601
16180 0.267016506000139
16190 0.2669440558243217
16200 0.2668691308066575
16210 0.2667922937472615
16220 0.2667141034093713
16230 0.2666353034813237
16240 0.2665567088760631
16250 0.2664789122404131
16260 0.2664025128491509
16270 0.2663284601613343
16280 0.2662575735097256
16290 0.2661905748212677
16300 0.2661278787422749
16310 0.2660697226258126
16320 0.2660163936089944
16330 0.2659680603674486
16340 0.265924777662585
16350 0.2658863455452926
16360 0.2658525090969751
16370 0.2658231609933795
16380 0.2657980474486902
16390 0.2657768429915174
16400 0.2657592891101563
16410 0.2657449542155713
16420 0.2657334266699774
16430 0.2657243509695486
16440 0.2657174459919001
16450 0.2657124651011358
16460 0.265709130676072
16470 0.2657074855912526
16480 0.2657073677107031
16490 0.2657084885526761
16500 0.2657107519472665
16510 0.2657144400907774
16520 0.2657196619778621
16530 0.2657264360093876
16540 0.265734858169793
16550 0.2657448961454196
16560 0.2657563665072689
16570 0.2657690458818531
16580 0.265782658520575
16590 0.2657969939318378
16600 0.2658117946193233
16610 0.2658268163715364
16620 0.265841758012999
16630 0.265856165781234
16640 0.2658695424664247
16650 0.2658809424547064
16660 0.2658897906180598
16670 0.2658954589412565
16680 0.2658975436873263
16690 0.2658956891128174
16700 0.2658895973440697
16710 0.2658794631840672
16720 0.2658655626659741
16730 0.2658482295114087
16740 0.2658280800458923
16750 0.2658059796579049
16760 0.2657825964667287
16770 0.2657585507111478
16780 0.265734666131532
16790 0.2657117804771835
16800 0.2656907093036845
16810 0.2656722330152357
16820 0.2656569023908496
16830 0.2656449972506825
16840 0.2656368018177154
16850 0.2656324688101002
16860 0.2656321281793875
16870 0.2656359423377523
16880 0.265643953049831
16890 0.2656559997454617
16900 0.265671834556593
16910 0.2656911020378941
16920 0.2657133710504002
16930 0.2657380865357773
16940 0.2657645539697682
16950 0.2657920326936565
16960 0.2658197293330727
16970 0.2658468428650616
16980 0.2658724643567955
16990 0.2658958107948992
17000 0.2659161633460216
17010 0.2659327106188604
17020 0.2659448599683849
17030 0.2659519124532957
17040 0.2659532224281308
17050 0.265948238317205
17060 0.2659365078633802
17070 0.2659176116166211
17080 0.2658914214136246
17090 0.2658580870292788
17100 0.2658179997736803
17110 0.2657714719602263
17120 0.265718576606059
17130 0.2656596467612559
17140 0.2655950176676158
17150 0.2655254017992357
17160 0.2654519267188958
17170 0.265375928145954
17180 0.2652981531619814
17190 0.26521915527346
17200 0.2651395101959199
17210 0.265059975092201
17220 0.2649812514702564
17230 0.2649039679419694
17240 0.2648289080040465
17250 0.264756493761107
17260 0.2646870716359264
17270 0.2646213052122685
17280 0.2645593998949726
17290 0.2645013691643535
17300 0.264447031705747
17310 0.2643963312900525
17320 0.2643490257381153
17330 0.2643048186869039
17340 0.2642635832327814
17350 0.2642253239162022
17360 0.2641899585417884
17370 0.2641574509636933
17380 0.2641278145818235
17390 0.264100990310273
17400 0.2640767985890272
17410 0.2640547640682075
17420 0.264034630831733
17430 0.2640159799097887
17440 0.2639985454513212
17450 0.2639820593364686
17460 0.2639662037377927
17470 0.2639507482968914
17480 0.2639355883836496
17490 0.2639205894605424
17500 0.2639056716055654
17510 0.2638907763219449
17520 0.2638758694496542
17530 0.2638610098798753
17540 0.2638462136327023
17550 0.2638315721232202
17560 0.2638171605314816
17570 0.2638030622227786
17580 0.2637892887938305
17590 0.2637759617931336
17600 0.2637632536348558
17610 0.2637512885228778
17620 0.2637401675167254
17630 0.263729881221005
17640 0.2637203783772903
17650 0.2637115589044179
17660 0.2637033869607942
17670 0.2636958410542253
17680 0.2636887190030673
17690 0.2636819519931967
17700 0.263675435277509
17710 0.2636689445322645
17720 0.2636622505726329
17730 0.2636552155008964
17740 0.2636476395555357
17750 0.2636394385236797
17760 0.2636305446963336
17770 0.2636208810219569
17780 0.2636103657059077
17790 0.2635989640047064
17800 0.2635868019606853
17810 0.2635739306633034
17820 0.2635603823008845
17830 0.2635461311121642
17840 0.2635314163166618
17850 0.2635162796000235
17860 0.2635008426006918
17870 0.2634852620874801
17880 0.2634696701127354
17890 0.2634542800243556
17900 0.2634393346082721
17910 0.2634250071596393
17920 0.2634114637181838
17930 0.2633987755572073
17940 0.2633870110150385
17950 0.263376323356861
17960 0.2633667320673519
17970 0.2633582474204843
17980 0.2633508250236082
17990 0.2633442969705959
18000 0.2633385483210677
18010 0.263333436545992
18020 0.2633288448601678
18030 0.2633245345770002
18040 0.2633202305945299
18050 0.263315843113656
18060 0.2633113038536664
18070 0.263306574822645
18080 0.2633015444034236
18090 0.2632961831196449
18100 0.2632903503792783
18110 0.2632839307747922
18120 0.2632768409300726
18130 0.2632690169129646
18140 0.263260306533077
18150 0.2632506918159496
18160 0.2632403114218118
18170 0.2632292404519941
18180 0.263217630049279
18190 0.2632055155986568
18200 0.2631929609529036
18210 0.2631799779451435
18220 0.263166681494677
18230 0.2631530273882901
18240 0.2631389128504664
18250 0.2631242696678032
18260 0.263109096490566
18270 0.2630934869612443
18280 0.2630774862607135
18290 0.2630611080616171
18300 0.2630444117451277
18310 0.2630274761250166
18320 0.2630103579360735
18330 0.2629930787989403
18340 0.2629753762538091
18350 0.2629569537490617
18360 0.2629374214688457
18370 0.2629165098741977
18380 0.2628940801076147
18390 0.2628700700319455
18400 0.2628443887892933
18410 0.2628168007406515
18420 0.2627870607377796
18430 0.2627550034366545
18440 0.262720587576184
18450 0.2626837428806623
18460 0.2626444082425211
18470 0.2626024506882679
18480 0.2625575957345057
18490 0.2625097490879295
18500 0.2624588802773055
18510 0.262405024232689
18520 0.2623483128242335
18530 0.2622889552813612
18540 0.2622272864200097
18550 0.2621634442812408
18560 0.2620976302837681
18570 0.2620299801868273
18580 0.2619606403134768
18590 0.2618897880158053
18600 0.2618175495361759
18610 0.2617439365582
18620 0.2616688616002997
18630 0.2615923424452556
18640 0.2615144072690446
18650 0.2614351883189767
18660 0.2613549166952172
18670 0.261273965650748
18680 0.2611925841084652
18690 0.2611110702356526
18700 0.2610295689938277
18710 0.2609483111556058
18720 0.2608676445901348
18730 0.2607877044914057
18740 0.2607085644210476
18750 0.2606302084116563
18760 0.2605525562112861
18770 0.260475455759251
18780 0.2603988435505548
18790 0.2603227218838067
18800 0.2602472183889197
18810 0.2601721996007142
18820 0.2600977161497497
18830 0.2600241174059985
18840 0.2599516784734732
18850 0.2598804729607032
18860 0.2598106859607363
18870 0.2597423750451845
18880 0.2596757492388296
18890 0.2596110231167912
18900 0.2595483536684206
18910 0.2594879378584154
18920 0.25942997107929
18930 0.2593746155022909
18940 0.2593219677238636
18950 0.2592722033575693
18960 0.2592251407896419
18970 0.2591806436690303
18980 0.25913859233107
18990 0.2590989853199187
19000 0.2590616668723106
19010 0.2590264548849617
19020 0.2589931926526363
19030 0.2589614934925882
19040 0.2589312575474328
19050 0.2589023054246324
19060 0.2588744380441831
19070 0.2588472785063338
19080 0.2588205339248998
19090 0.258794224322711
19100 0.2587685289956325
19110 0.2587431075974938
19120 0.2587177355056969
19130 0.258692465633753
19140 0.2586671306724632
19150 0.2586418766752835
19160 0.2586169428924778
19170 0.2585925866084947
19180 0.2585689635494423
19190 0.258546039515393
19200 0.2585238634931755
19210 0.2585024407881817
19220 0.2584816586695527
19230 0.2584613954459184
19240 0.2584413373628718
19250 0.2584212345815364
19260 0.2584010388883901
19270 0.2583806631457256
19280 0.2583601191843506
19290 0.25833944876939
19300 0.2583188357762241
19310 0.2582985454075077
19320 0.2582785641996722
19330 0.258258799702704
19340 0.2582393169599285
19350 0.258219948714166
19360 0.2582007481430422
19370 0.2581816932237324
19380 0.2581626222259696
19390 0.2581434207936691
19400 0.2581240291864185
19410 0.2581043078823012
19420 0.2580840761888317
19430 0.2580632212690648
19440 0.2580417727943907
19450 0.2580198815934346
19460 0.2579977099067509
19470 0.2579754000563159
19480 0.2579532016250977
19490 0.2579311918649496
19500 0.2579095369263
19510 0.257888366918027
19520 0.2578677872665246
19530 0.2578478576159564
19540 0.2578287740707553
19550 0.257810656034034
19560 0.2577937687141704
19570 0.2577783567194375
19580 0.2577643570695047
19590 0.2577516839801893
19600 0.2577401728851568
19610 0.2577297142573028
19620 0.2577201957000395
19630 0.2577115159214459
19640 0.2577034491792354
19650 0.2576957119426264
19660 0.2576878673454172
19670 0.257679638833731
19680 0.257670913090599
19690 0.2576615695314639
19700 0.2576514656695747
19710 0.2576404896470003
19720 0.257628490362253
19730 0.2576153489463504
19740 0.2576009890633842
19750 0.2575850474238467
19760 0.2575674311076889
19770 0.2575481083941509
19780 0.2575272114122889
19790 0.2575049244856252
19800 0.2574814860012934
19810 0.2574571936997384
19820 0.2574323663961574
19830 0.2574071609323734
19840 0.2573816360168331
19850 0.2573559306731737
19860 0.2573301159046392
19870 0.2573045234670615
19880 0.2572795325626372
19890 0.2572553723266862
19900 0.2572323703063776
19910 0.2572106223028391
19920 0.2571902082545779
19930 0.2571711412448438
19940 0.257153328950146
19950 0.2571367410238693
19960 0.2571213876452934
19970 0.2571072535793952
19980 0.2570944218901336
19990 0.2570828910041412
20000 0.2570725790894838
20010 0.2570634575538394
20020 0.2570553729267904
20030 0.2570483041977781
20040 0.2570421239678023
20050 0.2570366917504502
20060 0.2570316772780281
20070 0.2570269600550826
20080 0.2570224910243209
20090 0.2570182836097943
20100 0.2570142228906158
20110 0.2570103776264722
20120 0.2570065880032223
20130 0.2570027001897786
20140 0.2569986964405681
20150 0.2569944507155508
20160 0.2569898844179425
20170 0.2569848054208024
20180 0.2569790298971099
20190 0.2569724483611724
20200 0.2569651336740167
20210 0.2569569887814531
20220 0.2569480019501176
20230 0.2569381511944599
8410 0.224652989914338
8420 0.2247492328200061
8430 0.2248389923646031
8440 0.2249222731013482
8450 0.2249993361066179
8460 0.2250703007632001
8470 0.225135884752031
8480 0.2251968068790381
8490 0.2252535571984835
8500 0.2253061252848372
8510 0.2253547438619093
8520 0.2253995126030252
8530 0.2254407001149486
8540 0.2254784794375714
8550 0.2255130025690508
8560 0.2255441866718182
8570 0.2255718679368999
8580 0.225595885646428
8590 0.2256160144538485
8600 0.2256318941495878
8610 0.2256432494620951
8620 0.2256500635838332
8630 0.2256516183931572
8640 0.2256476485972979
8650 0.2256374233465664
8660 0.2256205365947501
8670 0.2255963738397252
8680 0.2255644486948843
8690 0.2255243532807255
8700 0.2254760678856396
8710 0.2254195336253211
8720 0.225354704160547
8730 0.225281529225389
8740 0.2252002823197335
8750 0.2251119738744142
8760 0.22501781024889
8770 0.2249195487457546
8780 0.2248187397919526
8790 0.2247175057307556
8800 0.2246175515462852
8810 0.2245194379728293
8820 0.2244242139522833
8830 0.2243331356292085
8840 0.2242473452974094
8850 0.2241664462596875
8860 0.2240900132723886
8870 0.2240181241627063
8880 0.2239499260345839
8890 0.223885369796232
8900 0.2238248923429703
8910 0.223769154641184
8920 0.2237185996631534
8930 0.2236725999395589
8940 0.2236290560250913
8950 0.2235858093059115
8960 0.2235407719180572
8970 0.2234921999374267
8980 0.2234394349178943
8990 0.2233827262975757
9000 0.2233223490161719
9010 0.2232569395310279
9020 0.2231856831686191
9030 0.2231084585517839
9040 0.2230256029496373
9050 0.2229381629941068
9060 0.2228488966338665
9070 0.2227601177696959
9080 0.2226715642757248
9090 0.222582089554683
9100 0.2224921636193793
9110 0.2224021192530648
9120 0.2223114407388228
9130 0.2222194794360222
9140 0.2221270493611799
9150 0.222035447127413
9160 0.2219461466687921
9170 0.2218615115046517
9180 0.221783218157557
9190 0.2217120264322687
9200 0.2216477002364038
9210 0.2215887961092327
9220 0.2215340491428475
9230 0.2214828043433234
9240 0.221433813007362
9250 0.2213862264723429
9260 0.2213398146321683
9270 0.2212947179217448
9280 0.2212507474702221
9290 0.2212080848330779
9300 0.221167563172997
9310 0.2211301646840679
9320 0.2210959556449758
9330 0.2210656040504603
9340 0.2210403442420431
9350 0.221022154532637
9360 0.2210124540597927
9370 0.2210129461635663
9380 0.2210257065163235
9390 0.221051784536612
9400 0.2210900862129434
9410 0.221139833680303
9420 0.221200510115845
9430 0.2212717053324519
9440 0.2213528928402757
9450 0.2214428978501836
9460 0.2215400882381852
9470 0.2216421514711102
9480 0.2217472898291758
9490 0.2218534518798581
9500 0.2219580784335438
9510 0.222059103254292
9520 0.2221545841486797
9530 0.2222432129784105
9540 0.2223245077837756
9550 0.2223986993609963
9560 0.2224656957493595
9570 0.2225255782341783
9580 0.22257833536849
9590 0.2226248592663628
9600 0.2226671874722636
9610 0.2227068810376482
9620 0.2227462407567107
9630 0.2227876664475243
9640 0.2228326916932321
9650 0.222882909142798
9660 0.2229399413698425
9670 0.2230060157311914
9680 0.223082640862823
9690 0.2231701279709532
9700 0.223268764627428
9710 0.223378817494897
9720 0.2235009963466102
9730 0.2236361763603364
9740 0.2237856780654401
9750 0.2239509311781318
9760 0.2241333090598527
9770 0.2243345799621117
9780 0.2245565100109434
9790 0.2248003411850992
9800 0.2250686653357948
9810 0.2253628303820369
9820 0.2256834319738641
9830 0.2260314680488844
9840 0.226406076572674
9850 0.2268062972787591
9860 0.2272297606407464
9870 0.2276721867791896
9880 0.2281293071150409
9890 0.2285965976713133
9900 0.2290691658740876
9910 0.2295412823850518
9920 0.2300092793866719
9930 0.2304708275882862
9940 0.2309247609009285
9950 0.2313697075095112
9960 0.2318041273337004
9970 0.2322263197163834
9980 0.2326349820566349
9990 0.2330295638654698
10000 0.2334090681648581
10010 0.2337736943393816
10020 0.2341240861008831
10030 0.234461201951881
10040 0.2347866157382476
10050 0.2351014398096603
10060 0.2354065501098174
10070 0.2357028003611043
10080 0.2359902943611879
10090 0.2362709845102042
10100 0.2365474170468733
10110 0.2368210319994609
10120 0.2370926634026887
10130 0.2373625079546081
10140 0.2376308874964558
10150 0.237898370174007
10160 0.2381655307820403
10170 0.2384323410060887
10180 0.2387002724877133
10190 0.2389703367439236
10200 0.2392427153264733
10210 0.2395168940816736
10220 0.2397925760919981
10230 0.2400708143300838
10240 0.2403528305858601
10250 0.240639642575608
10260 0.2409321720100205
10270 0.2412319379456132
10280 0.2415401344732882
10290 0.241858257391044
10300 0.2421847772807681
10310 0.2425170878597733
10320 0.2428550914205108
10330 0.2432010586056752
10340 0.2435577170547889
10350 0.2439267769811926
10360 0.2443096506893773
10370 0.244706964950332
10380 0.2451201167536469
10390 0.2455495953250404
10400 0.2459959170605217
10410 0.246459702286123
10420 0.2469411486952278
10430 0.247439263696263
10440 0.2479530824637723
10450 0.2484813047883833
10460 0.2490217279878292
10470 0.2495723911482817
10480 0.2501310902813274
10490 0.2506958652326716
10500 0.2512650630747638
10510 0.2518371448110328
10520 0.2524093224889257
10530 0.2529793610788545
10540 0.2535452956308935
10550 0.2541053559079618
10560 0.254656908095025
10570 0.2551982678936273
10580 0.2557276236588921
10590 0.2562426414659594
10600 0.2567433995519989
10610 0.257231027608695
10620 0.2577060789988637
10630 0.2581688580075814
10640 0.2586202979065518
10650 0.2590612773005843
10660 0.2594924872631135
10670 0.2599138831576824
10680 0.2603245310208307
10690 0.2607238293230845
10700 0.2611110805748952
10710 0.2614856248505755
10720 0.2618468151708556
10730 0.2621943126305994
10740 0.2625280125450565
10750 0.2628477859489539
10760 0.2631536805281659
10770 0.263445790161172
10780 0.2637249605836878
10790 0.2639922417944245
10800 0.2642486958045094
10810 0.2644953905262855
10820 0.2647332115298074
10830 0.2649627090336711
10840 0.2651844358150625
10850 0.265398887671441
10860 0.2656063122817999
10870 0.2658072850116893
10880 0.2660020464580445
10890 0.2661904113596988
10900 0.2663725987933604
10910 0.2665488433218076
10920 0.2667190618162584
10930 0.2668838490286466
10940 0.2670440403159479
10950 0.2672000174745278
10960 0.2673519008728661
10970 0.2674999769761283
10980 0.2676438607615693
10990 0.2677831023501915
11000 0.2679171499013643
11010 0.2680453173877021
11020 0.2681677408217495
11030 0.2682846613198212
11040 0.2683965473276071
11050 0.2685043235227048
11060 0.2686083879894805
11070 0.268709659652702
11080 0.2688102064812853
11090 0.2689125941372041
11100 0.2690185733021818
11110 0.2691298822012704
11120 0.2692480236638837
11130 0.2693739708623196
11140 0.2695078986929462
11150 0.2696489480760165
11160 0.2697963601287215
11170 0.2699503289650119
11180 0.2701101346175594
11190 0.2702743897438677
11200 0.2704416944241539
11210 0.2706116998340239
11220 0.270785193194893
11230 0.2709622681485338
11240 0.2711427785725502
11250 0.2713256282648869
11260 0.271509383785979
11270 0.2716929848030033
11280 0.2718758523553932
11290 0.2720569007716716
11300 0.2722351490295356
11310 0.2724093546751976
11320 0.2725787655326206
11330 0.2727424786767957
11340 0.2728991398169212
11350 0.2730481132882381
11360 0.273189164889806
11370 0.2733226464551737
11380 0.2734486757578349
11390 0.2735680612288606
11400 0.2736815743762308
11410 0.2737895948193162
11420 0.2738930550654066
11430 0.2739930345554441
11440 0.2740900442064558
11450 0.2741845175986307
11460 0.274276260685114
11470 0.2743646230551776
11480 0.2744494642001279
11490 0.2745305530120617
11500 0.2746072399911331
11510 0.2746784220140425
11520 0.2747434888100904
11530 0.2748023866391913
11540 0.2748544531378033
11550 0.2748985362451155
11560 0.2749331044209284
11570 0.2749571219132553
11580 0.2749700732825894
11590 0.2749714275138303
11600 0.2749602190323115
11610 0.2749354501053156
11620 0.2748965172542804
11630 0.2748431744010948
11640 0.2747750758621785
11650 0.2746904514568009
11660 0.2745872638572219
11670 0.2744631752241416
11680 0.2743169433775975
11690 0.274147666926657
11700 0.2739551386804827
11710 0.2737406886512907
11720 0.2735065603223101
11730 0.2732545843315395
11740 0.2729875143577487
11750 0.2727085357726812
11760 0.2724201281282475
11770 0.2721248641622797
11780 0.2718257037581004
11790 0.2715259751294458
11800 0.271229084023193
11810 0.2709382522255666
11820 0.2706566779769889
11830 0.2703862450427508
11840 0.270129244482846
11850 0.2698874305644852
11860 0.269662487335609
11870 0.2694553594129325
11880 0.2692667015391785
11890 0.2690968339769113
11900 0.2689460342999987
11910 0.2688141210406107
11920 0.2687000926086102
11930 0.2686028806351762
11940 0.2685215371642279
11950 0.2684553848146141
11960 0.2684041284867874
11970 0.2683670965537084
11980 0.2683436223554481
11990 0.2683329839441345
12000 0.2683347476113311
12010 0.2683485207719793
12020 0.2683738967464721
12030 0.2684112455525325
12040 0.2684616245584477
12050 0.2685258816560431
12060 0.2686047048851071
12070 0.2686985744675654
12080 0.2688073152410593
12090 0.2689309060721625
12100 0.2690683403610567
12110 0.2692184665068746
12120 0.2693805164397932
12130 0.2695555542092515
12140 0.2697442717692474
12150 0.2699468183349243
12160 0.270160977434821
12170 0.2703841204000685
12180 0.2706139781010269
12190 0.2708485207866904
12200 0.2710886738757273
12210 0.2713342662085375
12220 0.2715833010329049
12230 0.2718319337590544
12240 0.2720796638802406
12250 0.2723264465663224
12260 0.2725720222829013
12270 0.2728144983248948
12280 0.2730527550308081
12290 0.2732853257372591
12300 0.2735112722314775
12310 0.2737307387938762
12320 0.2739443639172513
12330 0.2741507999006225
12340 0.2743483828018373
12350 0.2745354048411897
12360 0.2747103941801431
12370 0.2748758930640149
12380 0.2750324582040705
12390 0.2751796120032016
12400 0.2753168558822022
12410 0.2754435269193524
12420 0.2755607695696902
12430 0.275670696128962
12440 0.2757729415191974
12450 0.2758675217916243
12460 0.2759542918132581
12470 0.2760340009715061
12480 0.2761071496845423
12490 0.2761746821507008
12500 0.2762383444695332
12510 0.2762998963150423
12520 0.2763599328884804
12530 0.2764181395268417
12540 0.2764756795982113
12550 0.2765339978868964
12560 0.2765947509808624
12570 0.276658660251359
12580 0.2767253962232802
12590 0.2767940038232212
12600 0.2768637766368993
12610 0.2769346746723992
12620 0.277006346564438
12630 0.2770783068909171
12640 0.2771504077236704
12650 0.2772228148795235
12660 0.2772958450294132
12670 0.2773698279483106
12680 0.2774450538370631
12690 0.27752191594899
12700 0.2776007877943821
12710 0.2776819188617789
12720 0.2777655708271476
12730 0.2778520956484478
12740 0.2779420239644457
12750 0.2780357676005945
12760 0.278133664475792
12770 0.2782358616781147
12780 0.2783421286153034
12790 0.2784517619157108
12800 0.2785642274294203
12810 0.2786798656949838
12820 0.2787987444946353
12830 0.2789206787912863
12840 0.2790461928716994
12850 0.279175202807366
12860 0.279306899756617
12870 0.2794401818026456
12880 0.2795729795165945
12890 0.2797037106704678
12900 0.2798309736003359
12910 0.2799521558046816
12920 0.2800657476265186
12930 0.2801709589962685
12940 0.2802668587182852
12950 0.2803517297131134
12960 0.2804243328294143
12970 0.2804859005661478
12980 0.280534340611004
12990 0.2805679056576547
13000 0.2805854858651792
13010 0.2805871035673609
13020 0.2805732977508423
13030 0.2805449695220874
13040 0.2805021962225515
13050 0.2804454602254743
13060 0.2803751150236589
13070 0.2802913097063993
13080 0.2801946531920182
13090 0.2800855421654055
13100 0.2799645871942788
13110 0.2798333382389125
13120 0.2796928654650714
13130 0.2795450977396624
13140 0.2793927212206807
13150 0.2792379433835236
13160 0.2790827523294122
13170 0.2789288655367877
13180 0.2787775190471301
13190 0.2786301178797342
13200 0.2784878755482989
13210 0.2783518840068938
13220 0.2782229789229253
13230 0.278101636059633
13240 0.2779878563429192
13250 0.2778808517948736
13260 0.2777792703952014
13270 0.2776818743416899
13280 0.2775876282911309
13290 0.2774950595267076
13300 0.2774029024996574
13310 0.2773103728766691
13320 0.2772168536779181
13330 0.2771222306606684
13340 0.2770258124040524
13350 0.2769270139248834
13360 0.2768256877607195
13370 0.2767218584906282
13380 0.2766157289219745
13390 0.2765071644710484
13400 0.276396420058452
13410 0.2762837114356103
13420 0.2761693413636248
13430 0.2760535476070419
13440 0.275936872782846
13450 0.2758196794368669
13460 0.2757021762031907
13470 0.2755849543889082
13480 0.2754683801343062
13490 0.275352666971041
13500 0.2752384218695038
13510 0.2751254073028187
13520 0.2750137443009953
13530 0.2749038585291458
13540 0.274796051160295
13550 0.2746915096387478
13560 0.2745915486332509
13570 0.2744971330394906
13580 0.2744088557673079
13590 0.2743268666908426
13600 0.274250324644555
13610 0.274178798225227
13620 0.2741116730908276
13630 0.274047981759333
13640 0.2739872235734565
13650 0.2739288600464185
13660 0.2738722984054944
13670 0.2738169456411576
13680 0.273762244233391
13690 0.2737073994404338
13700 0.2736514982417437
13710 0.2735933236950739
13720 0.2735325385198465
13730 0.2734692861597551
13740 0.2734039792966241
13750 0.2733371423674887
13760 0.2732692411505683
13770 0.2732007614434029
13780 0.2731321499543097
13790 0.2730638580338899
13800 0.2729965812318765
13810 0.272930729748517
13820 0.272866531166013
13830 0.2728043160631173
13840 0.2727439970387078
13850 0.2726855050955815
13860 0.2726285776418507
13870 0.2725729982732469
13880 0.2725184936261684
13890 0.272464717649353
13900 0.2724112171125675
13910 0.2723575258689228
13920 0.2723033106615383
13930 0.2722479518465215
13940 0.2721908873654705
13950 0.2721317909823337
13960 0.2720704093189909
13970 0.2720064932072527
13980 0.2719395869124592
13990 0.271869316136869
14000 0.2717953907448836
14010 0.2717174702242304
14020 0.2716351752594642
14030 0.2715482749466979
14040 0.2714563890573352
14050 0.2713593678797707
14060 0.2712570062443718
14070 0.271149157236484
14080 0.2710358932727734
14090 0.2709173557891187
14100 0.2707936362920303
14110 0.2706651088672546
14120 0.2705321444424744
14130 0.2703952538387231
14140 0.2702549980298075
14150 0.2701120870082322
14160 0.2699674525474144
14170 0.2698221966946059
14180 0.269677434625656
14190 0.2695342501636586
14200 0.2693938368859443
14210 0.2692573620803109
14220 0.2691261215797249
14230 0.2690012036116138
14240 0.2688835892122987
14250 0.2687743185285328
14260 0.268674362389543
14270 0.2685842656765315
14280 0.2685046652346935
14290 0.2684360755188868
14300 0.2683786808041501
14310 0.268332582354138
14320 0.2682977468590623
14330 0.2682738272785217
14340 0.2682602844580429
14350 0.2682562859464409
14360 0.2682607902061379
14370 0.268272478191672
14380 0.268290254342322
14390 0.2683128614752924
14400 0.2683401508644543
14410 0.2683717918364176
14420 0.2684068599629282
14430 0.2684440877583651
14440 0.268483080786197
14450 0.2685239623404033
14460 0.2685663429877898
14470 0.2686098061955329
14480 0.2686542364629664
14490 0.2686995318042993
14500 0.2687457928352134
14510 0.2687929844127173
14520 0.2688409879438333
14530 0.2688896620396645
14540 0.2689389641566971
14550 0.2689887704953988
14560 0.2690390946858308
14570 0.269089872140905
14580 0.2691413756323267
14590 0.2691942742928158
14600 0.26924889943352
14610 0.2693053025690473
14620 0.2693633544273287
14630 0.26942312074778
14640 0.269484590105365
14650 0.2695483662611519
14660 0.2696149487533761
14670 0.2696844363122671
14680 0.2697565236237124
14690 0.2698310413627336
14700 0.2699076203054814
14710 0.2699858078929779
14720 0.2700653860244913
14730 0.2701460112483378
14740 0.2702272380434306
14750 0.2703085948455021
14760 0.2703892127698047
14770 0.2704683538615872
14780 0.2705455111900745
14790 0.2706201435120599
14800 0.2706914960795072
14810 0.2707591580880531
14820 0.2708230350752173
14830 0.2708830547705223
14840 0.2709390371025277
14850 0.2709907101833774
14860 0.2710378176343494
14870 0.2710802044997259
14880 0.2711178588150516
14890 0.271150666850708
14900 0.2711786109960601
14910 0.2712015851572608
14920 0.2712195707979335
14930 0.2712328395323521
14940 0.271241494125297
14950 0.2712457193442991
14960 0.2712458642237924
14970 0.2712423336435489
14980 0.2712356605775729
14990 0.2712265858161746
15000 0.2712157517766176
15010 0.2712035296496275
15020 0.2711901618431975
15030 0.2711757507069268
15040 0.2711600361303131
15050 0.2711430134849879
15060 0.2711252437390299
15070 0.2711073923892756
15080 0.2710895184300682
15090 0.2710722704358052
15100 0.2710560316118663
15110 0.2710408320453779
15120 0.2710270130871962
15130 0.2710147436158442
15140 0.2710048711809767
15150 0.2709985779896906
15160 0.2709969117281234
15170 0.2710006440239402
15180 0.2710102262615053
15190 0.2710260632261499
15200 0.2710486819521354
15210 0.2710781002086235
15220 0.2711143560693018
15230 0.2711574274378725
15240 0.2712071400651742
15250 0.2712628195988039
15260 0.2713231066073462
15270 0.2713868244060139
15280 0.2714527495811814
15290 0.2715194590792852
15300 0.2715856136938689
15310 0.2716494765135286
15320 0.2717092005104502
15330 0.2717631366755909
15340 0.2718102590136047
15350 0.2718497629552123
15360 0.2718812141399934
15370 0.2719048534420214
15380 0.2719210689157835
15390 0.2719297801372866
15400 0.2719305694238695
15410 0.2719232929977683
15420 0.2719085144633863
15430 0.2718878579627255
15440 0.2718630912728051
15450 0.2718360203577464
15460 0.271808510845832
15470 0.2717816868606716
15480 0.2717558055157798
15490 0.2717310116892209
15500 0.2717074137742591
15510 0.2716844234572329
15520 0.2716609424641401
15530 0.2716362615347859
15540 0.271610283273661
15550 0.2715828991303516
15560 0.2715536086402493
15570 0.2715220289868184
15580 0.2714882383209974
15590 0.2714522159795587
15600 0.2714139859010791
15750 0.2704601506373772
15760 0.2703837523896068
15770 0.2703084884359887
0 0.203645888808776
10 0.2037732832965667
20 0.2038078324507253
30 0.2038282727581134
40 0.2038388619310252
50 0.2038424246200758
60 0.2038410585532728
70 0.2038367204775324
80 0.2038305445143787
90 0.2038233103367021
100 0.2038156978594636
110 0.2038083553009998
120 0.2038014475033775
130 0.2037954600597069
140 0.2037905345872356
150 0.2037866998524641
160 0.2037839549226836
170 0.2037820355320757
180 0.2037810107378286
190 0.2037810754360343
200 0.2037821213368615
210 0.2037840628902339
220 0.2037868507700662
230 0.2037902084009038
240 0.2037942362693426
250 0.2037990973198406
260 0.2038045724112611
270 0.2038107120615705
280 0.2038174220551511
290 0.2038244658572991
300 0.2038321342756043
310 0.2038404185882529
320 0.2038492225660533
330 0.2038584753638606
340 0.2038680651140549
350 0.2038779286751403
360 0.2038882503950147
370 0.2038989729031428
380 0.2039099693219699
390 0.2039212540641178
400 0.2039325583652629
410 0.2039441153261883
420 0.2039560306052457
430 0.2039681049086974
440 0.2039803505742619
450 0.203992606615589
460 0.2040049087258251
470 0.2040174976952781
480 0.2040304508178697
490 0.204043671723894
500 0.2040570421214096
510 0.2040705174353308
520 0.2040844002656524
530 0.204098804812229
540 0.2041135470941027
550 0.2041285425618987
560 0.204143770791457
570 0.2041593652177436
580 0.2041754820476175
590 0.2041920187174643
600 0.2042087227664174
610 0.2042254987256048
620 0.2042425189713439
630 0.2042599042658072
640 0.2042775007407845
650 0.2042951742408192
660 0.2043126891245653
670 0.2043304330700325
680 0.204348387377741
690 0.2043663376272161
700 0.2043841536304966
710 0.2044019863299244
720 0.2044199930784318
730 0.2044380491171048
740 0.2044559260773613
750 0.2044739455794262
760 0.204492098115831
770 0.2045102282887976
780 0.2045283414627546
790 0.2045467079376742
800 0.2045654993942206
810 0.2045843949461094
820 0.2046035997163534
830 0.2046229958534404
840 0.2046426692880182
850 0.2046624523319241
860 0.2046826516059138
870 0.2047033837192479
880 0.2047245213269783
890 0.2047459762172628
900 0.20476768301322
910 0.2047897078164689
920 0.2048121015789887
930 0.2048348956624649
940 0.2048580995166407
950 0.2048817343269231
960 0.2049056634362423
970 0.2049298873410035
980 0.2049543878370862
990 0.2049792554576796
1000 0.2050047349676003
1010 0.2050307308407305
1020 0.205057184410584
1030 0.2050840387891858
1040 0.2051114498272976
1050 0.2051395760217752
1060 0.205168476158425
1070 0.2051981540131975
1080 0.2052284805639353
1090 0.2052594218935694
1100 0.2052910449693358
1110 0.2053234010590934
1120 0.2053565679747704
1130 0.2053905591927469
1140 0.2054253629900715
1150 0.205460868701144
1160 0.2054971751717176
1170 0.2055343975797507
1180 0.2055725866889881
1190 0.2056117501164783
1200 0.205651770785891
1210 0.2056926078498657
1220 0.2057342356469229
1230 0.2057767276319258
1240 0.2058201473376924
1250 0.2058645246490546
1260 0.205909689866318
1270 0.2059556410098473
1280 0.2060024700194705
1290 0.2060501160080653
1300 0.2060985061472229
1310 0.2061476167147712
1320 0.2061974744866783
1330 0.2062481879791657
1340 0.2062997743140067
1350 0.2063520237836353
1360 0.2064051545445295
1370 0.206458968306016
1380 0.2065134344978829
1390 0.2065687096983689
1400 0.2066247440915085
1410 0.2066813819273722
1420 0.2067388540249654
1430 0.2067969327549225
1440 0.2068557059530301
1450 0.2069150655183951
1460 0.2069749133175033
1470 0.2070352287513267
1480 0.2070960387052898
1490 0.2071573600126244
1500 0.2072191750012447
1510 0.2072814193381706
1520 0.2073441054886092
1530 0.2074072231980245
1540 0.2074708013001764
1550 0.2075345086862456
1560 0.2075983491660776
1570 0.2076622689726381
1580 0.2077261867685074
1590 0.207790180714469
1600 0.2078542169513018
1610 0.2079181444298208
1620 0.2079819984976762
1630 0.20804571918355
1640 0.2081092311470846
1650 0.2081724955696393
1660 0.2082354905193273
1670 0.2082983051736912
1680 0.2083607871998408
1690 0.2084228077862814
1700 0.2084845214524056
1710 0.2085457093293541
1720 0.208606243481081
1730 0.2086662029931823
1740 0.2087256424410228
1750 0.2087844797313021
1760 0.208842553444036
1770 0.2088997420998832
1780 0.2089560214522845
1790 0.2090114397180191
1800 0.2090659728390415
1810 0.2091193907577708
1820 0.2091714631125237
1830 0.2092223272040366
1840 0.2092719310255313
1850 0.2093202203183348
1860 0.2093673092693962
1870 0.2094130561206787
1880 0.2094574842958425
1890 0.2095004068142322
1900 0.209541830409851
1910 0.2095816677612675
1920 0.2096199081024316
1930 0.2096563793031772
1940 0.2096911530213927
1950 0.2097239111107119
1960 0.209754727611267
1970 0.2097836954240905
1980 0.209810837808719
1990 0.2098362006117712
2000 0.2098599287036367
2010 0.2098819706501083
2020 0.2099021671185548
2030 0.2099203714289357
2040 0.2099364221977587
2050 0.2099506655401778
2060 0.2099628618038916
2070 0.2099727525838722
2080 0.2099802638685869
2090 0.2099853399668837
2100 0.2099878831424181
2110 0.2099879390771143
2120 0.209985616461352
2130 0.2099809874583349
2140 0.209973935289069
2150 0.2099644039064647
2160 0.2099523998538872
2170 0.2099379467700436
2180 0.2099209631684982
2190 0.2099014700986171
2200 0.2098795283946229
2210 0.2098551371547868
2220 0.2098282268175172
2230 0.2097989479022996
2240 0.2097673642118726
2250 0.2097334329461102
2260 0.2096968958268419
2270 0.2096576265603085
2280 0.2096155634442102
2290 0.209570767394674
2300 0.2095231315734147
2310 0.2094725661849353
2320 0.2094193450420784
2330 0.2093632641997857
2340 0.209304201078465
2350 0.2092421910506653
2360 0.2091772539447586
2370 0.2091092490594246
2380 0.2090379939190529
2390 0.2089634352332342
2400 0.2088857662866404
2410 0.2088049166294145
2420 0.2087210166273967
2430 0.2086342215146112
2440 0.2085449426083051
2450 0.2084536057848907
2460 0.2083605938691683
2470 0.2082661005248402
2480 0.2081702772669061
2490 0.2080732696224177
2500 0.2079752993329434
2510 0.2078765556777387
2520 0.207777311059821
2530 0.2076774738988132
2540 0.2075770336991942
2550 0.2074755908852592
2560 0.2073728158593094
2570 0.2072684892695517
2580 0.2071624887872817
2590 0.2070545548639353
2600 0.206944580075191
2610 0.2068322687908608
2620 0.2067177396146106
2630 0.2066010563163654
2640 0.2064822720405484
2650 0.2063616743718875
2660 0.2062394811221278
2670 0.2061159941247782
2680 0.2059914848839794
2690 0.2058665999801236
2700 0.2057421045079071
2710 0.2056184305227529
2720 0.2054957084751558
2730 0.2053740278302779
2740 0.2052538071918814
2750 0.2051348044829622
2760 0.2050170947669834
2770 0.2049004980122275
2780 0.2047847069098082
2790 0.2046694626458062
2800 0.2045543183697031
2810 0.2044391990187089
2820 0.2043239807789223
2830 0.2042090333016185
2840 0.2040944445586968
2850 0.2039802242540172
2860 0.20386621061957
2870 0.2037523138651032
2880 0.2036382603133275
2890 0.203523717514692
2900 0.2034087992299369
2910 0.2032937764746121
2920 0.2031792243692099
2930 0.2030653517759699
2940 0.2029526429892578
2950 0.2028420320155917
2960 0.2027339431783537
2970 0.2026284865040817
2980 0.2025259562390171
2990 0.202426908160275
3000 0.2023319518580128
3010 0.2022412498234804
3020 0.2021552649259919
3030 0.2020741578877049
3040 0.2019975666342107
3050 0.2019247798569332
3060 0.2018551886823595
3070 0.2017880952441966
3080 0.201722656242245
3090 0.2016584309536345
3100 0.2015953622133538
3110 0.2015332282781076
3120 0.2014721528222204
3130 0.2014124802027993
3140 0.2013548544774836
3150 0.201299817140891
3160 0.2012473659666648
3170 0.2011975247624523
3180 0.2011506481881572
3190 0.2011070130005085
3200 0.2010672436259265
3210 0.2010315014177152
3220 0.200999972714332
3230 0.200972960146947
3240 0.2009498715537147
3250 0.2009305380004421
3260 0.2009148233237423
3270 0.2009031078955404
3280 0.2008960447497301
3290 0.2008941053692895
3300 0.2008975871577457
3310 0.2009060012407548
3320 0.2009197385940988
3330 0.2009389270654086
3340 0.2009630011610024
3350 0.2009904283728002
3360 0.2010201048734427
3370 0.2010507598583572
3380 0.2010818865222783
3390 0.2011140752713811
3400 0.2011476017025131
3410 0.2011821229458755
3420 0.2012174469081102
3430 0.201253287892574
3440 0.201289726255365
3450 0.2013271199297963
3460 0.2013654122792949
3470 0.2014045049991802
3480 0.2014445082586888
3490 0.2014849523673453
3500 0.201525872602024
3510 0.2015674607008651
3520 0.201609442806695
3530 0.2016516347400165
3540 0.201694123847057
3550 0.201736625804167
3560 0.2017800675275457
3570 0.2018249549390336
3580 0.201872224500985
3590 0.2019214837809184
3600 0.2019722430220065
3610 0.2020254393101768
3620 0.2020814988496858
3630 0.2021408043803402
3640 0.2022027178547932
3650 0.2022665417096921
3660 0.2023319870749226
3670 0.2023985538248537
3680 0.2024657649509321
3690 0.2025328584877458
3700 0.2025996191215947
3710 0.2026656288030412
3720 0.2027307767956185
3730 0.2027954084876246
3740 0.2028595394747204
3750 0.2029231128110545
3760 0.2029858007066244
3770 0.2030474597523089
3780 0.2031079237392408
3790 0.2031672205707206
3800 0.2032252206229089
3810 0.2032815981829523
3820 0.2033364787133141
3830 0.2033900072849162
3840 0.2034423132553137
3850 0.2034930426703467
3860 0.2035422631515925
3870 0.2035896043151054
3880 0.2036346979478753
3890 0.2036774269441008
3900 0.2037170827599142
3910 0.2037529320237798
3920 0.2037842689071515
3930 0.2038103394899453
3940 0.2038310745436372
3950 0.2038467655237618
3960 0.2038572010484039
3970 0.2038627419597538
3980 0.2038639092526303
3990 0.2038612379252285
4000 0.2038552918823172
4010 0.2038462507846139
4020 0.2038340089561468
4030 0.2038187715725928
4040 0.2038006120107946
4050 0.2037798098520023
4060 0.2037565622689542
4070 0.2037311444260841
4080 0.2037039462978658
4090 0.2036749568266789
4100 0.2036445622140774
4110 0.2036129182878321
4120 0.2035800070240487
4130 0.2035461336474473
4140 0.2035115138441034
4150 0.2034770705654037
4160 0.2034430004922185
4170 0.2034083202036801
4180 0.2033726012896273
4190 0.2033356335597568
4200 0.2032975168262434
4210 0.2032579113207759
4220 0.2032168145721951
4230 0.203174584330851
4240 0.2031314657187154
4250 0.2030880150987096
4260 0.2030443539561955
4270 0.2030005434488471
4280 0.2029568637952188
4290 0.2029136822436944
4300 0.2028715634983033
4310 0.2028306614998721
4320 0.2027910461074137
4330 0.2027527578258057
4340 0.202715891751449
4350 0.2026803284402655
4360 0.2026456752982642
4370 0.2026115699434629
4380 0.202577687657307
4390 0.2025439522772894
4400 0.2025100781248113
4410 0.2024760596943738
4420 0.2024419712659273
4430 0.2024075654400641
4440 0.2023727635009765
4450 0.2023376847779405
4460 0.2023022917481619
4470 0.2022663123257649
4480 0.2022295869312125
4490 0.2021923795541868
4500 0.202154978542931
4510 0.2021175566873223
4520 0.2020800983441912
4530 0.2020426219966152
4540 0.2020050991499581
4550 0.201967779496922
4560 0.201930513141857
4570 0.201892975113149
4580 0.2018551264096827
4590 0.201817275964516
4600 0.2017796029765993
4610 0.2017420798089702
4620 0.2017044570187334
4630 0.2016664761872762
4640 0.2016284718007034
4650 0.2015903704273222
4660 0.2015524725962203
4670 0.201514495303805
4680 0.2014764205667469
4690 0.2014385294454744
4700 0.2014006157848748
4710 0.20136297844504
4720 0.2013256182217517
4730 0.2012886217879909
4740 0.2012523470992527
4750 0.2012169383487049
4760 0.2011819266148873
4770 0.2011471543364423
4780 0.2011126162996567
4790 0.2010785214865556
4800 0.2010448717313665
4810 0.2010115412725373
4820 0.2009784805091671
4830 0.2009453176607447
4840 0.2009116130884303
4850 0.2008767406068613
4860 0.2008403707119576
4870 0.2008031267258887
4880 0.2007649015150567
4890 0.2007251883560773
4900 0.2006839138543799
4910 0.2006410516101753
4920 0.2005971205134227
4930 0.2005527456147431
4940 0.2005081807404189
4950 0.2004638471427341
4960 0.200420002354411
4970 0.2003762842753266
4980 0.2003322390745323
4990 0.2002870585936843
5000 0.2002399974104802
5010 0.2001899991996464
5020 0.2001362729839659
5030 0.2000780116776326
5040 0.2000139009181152
5050 0.1999435402420396
5060 0.199867212753241
5070 0.199786007009796
5080 0.1997010695623918
5090 0.1996132550146255
5100 0.1995241381309265
5110 0.199435148320533
5120 0.199346984845576
5130 0.1992600109075606
5140 0.1991742777513577
5150 0.1990886993386447
5160 0.1990019499210121
5170 0.1989128678921649
5180 0.1988199945496744
5190 0.1987219858988875
5200 0.1986172982683862
5210 0.1985047901772132
5220 0.1983850193570231
5230 0.1982591971277547
5240 0.1981283980048496
5250 0.197992154208356
5260 0.1978503896952004
5270 0.1977032267534315
5280 0.1975505512234279
5290 0.1973927654007039
5300 0.1972302838384168
5310 0.1970634047098227
5320 0.196892288377184
5330 0.1967201791077586
5340 0.1965486364493193
5350 0.1963771292050978
5360 0.1962062975984254
5370 0.1960371192425845
5380 0.1958697161628001
5390 0.1957036683509607
5400 0.1955407126610438
5410 0.1953817171026439
5420 0.1952245266714439
5430 0.1950688522926646
5440 0.1949150014023322
5450 0.1947657401546396
5460 0.194621642755303
5470 0.1944829100597598
5480 0.1943493030209112
5490 0.1942199094628852
5500 0.1940938350753463
5510 0.1939706701941009
5520 0.193852156844472
5530 0.1937385046210146
5540 0.1936289749020181
5550 0.193522856127921
5560 0.193421852523754
5570 0.1933256098884301
5580 0.1932356500276972
5590 0.1931527075580821
5600 0.1930772696002946
5610 0.1930091519156809
5620 0.1929478186891936
5630 0.1928911535550965
5640 0.1928373327549534
5650 0.1927860812624494
5660 0.1927372405098416
5670 0.192690445920263
5680 0.1926462300149411
5690 0.1926038166436198
5700 0.1925615795449618
5710 0.1925183254047427
5720 0.1924748596085745
5730 0.1924313774607738
5740 0.1923886163834023
5750 0.1923458952043591
5760 0.1923024886114115
5770 0.1922582603894286
5780 0.1922131341074095
5790 0.1921661891468065
5800 0.1921183955949407
5810 0.1920700167936903
5820 0.192022375214274
5830 0.1919780693355753
5840 0.1919380537728366
5850 0.1919042810052286
5860 0.1918773933269342
5870 0.1918575305925938
5880 0.1918456612662929
5890 0.1918417641516297
5900 0.1918444546539526
5910 0.1918525090651042
5920 0.1918656661506531
5930 0.1918837976921257
5940 0.1919060763634781
5950 0.1919311485456748
5960 0.191957118915088
5970 0.1919832181154614
5980 0.1920086166657757
5990 0.1920322545582724
6000 0.1920547001834339
6010 0.192077067188556
6020 0.1921001848413655
6030 0.1921247024652906
6040 0.1921507277613596
6050 0.1921797161680122
6060 0.1922125074316644
6070 0.1922492613687063
6080 0.1922899763016603
6090 0.1923345474499482
6100 0.1923828851487477
6110 0.1924351842609883
6120 0.1924921914253227
6130 0.1925541798917839
6140 0.1926203964627874
6150 0.1926898997853852
6160 0.1927620837760837
6170 0.1928359320768096
6180 0.19291071901407
6190 0.1929865641117409
6200 0.193062793249292
6210 0.1931389615664073
6220 0.1932137850890835
6230 0.1932864195535965
6240 0.1933563697511519
6250 0.1934236048696466
6260 0.1934884413370075
6270 0.1935512040598483
6280 0.1936121140202323
6290 0.1936709085984011
6300 0.1937282133558446
6310 0.1937844302873517
6320 0.1938400906526485
6330 0.1938952904605188
6340 0.1939503507915816
6350 0.194005370437503
6360 0.194060544743101
6370 0.1941162748796862
6380 0.1941728851168572
6390 0.1942303463372809
6400 0.1942884480150253
6410 0.1943471868997537
6420 0.1944065779679621
6430 0.1944668701831452
6440 0.1945285065209414
6450 0.1945917877920485
6460 0.194656419626875
6470 0.1947224780903918
6480 0.1947899410035288
6490 0.1948589790909997
6500 0.1949295588680342
6510 0.1950016180232932
6520 0.1950753333033862
6530 0.1951515853153069
6540 0.1952308387421999
6550 0.1953134779064434
6560 0.1953996334269365
6570 0.1954894746389442
6580 0.1955829888761093
6590 0.1956802959130734
6600 0.195781578478396
6610 0.1958866225105665
6620 0.1959949872478143
6630 0.1961062281058435
6640 0.1962201783018576
6650 0.1963364664475803
6660 0.1964550354153188
6670 0.1965757887203194
6680 0.1966987649907684
6690 0.1968230618282441
6700 0.1969477615260578
6710 0.1970725251104903
6720 0.1971974648411411
6730 0.1973228308376607
6740 0.197448866702042
6750 0.1975758758976411
6760 0.1977040597588725
6770 0.1978335657616336
6780 0.1979647461093821
6790 0.1980982625972716
6800 0.1982343558275668
6810 0.1983732421866765
6820 0.1985147274708248
6830 0.1986590155192724
6840 0.198806152933922
6850 0.1989563306829627
6860 0.1991099604051643
6870 0.1992668978005228
6880 0.1994266570858608
6890 0.1995894180444769
6900 0.1997552454189508
6910 0.1999242268778551
6920 0.2000960716562295
6930 0.2002702768775982
6940 0.2004463869601055
6950 0.2006244233253955
6960 0.200804680705794
6970 0.2009871387176254
6980 0.2011713109943876
6990 0.2013564757606159
7000 0.2015426678904542
7010 0.2017297994509849
7020 0.2019182992371604
7030 0.2021086374806603
7040 0.202301007850386
7050 0.2024956047739213
7060 0.202692630427776
7070 0.2028926244841943
7080 0.2030952447244947
7090 0.2032998933103644
7100 0.2035063387199399
7110 0.2037139254721103
7120 0.2039225695382746
7130 0.2041322902625959
7140 0.204342811986217
7150 0.2045543164005082
7160 0.2047665245436069
7170 0.2049797383340622
7180 0.2051937598750835
7190 0.2054080652420125
7200 0.2056225675972908
7210 0.2058367142690757
7220 0.206050012883757
7230 0.2062625503170694
7240 0.2064738248048312
7250 0.2066838077681879
7260 0.206892242001383
7270 0.2070993527774382
7280 0.2073053391133624
7290 0.2075099703377584
7300 0.2077133627575123
7310 0.2079152262014843
7320 0.2081156630278128
7330 0.2083148450265299
7340 0.2085127007508561
7350 0.2087096091328354
7360 0.2089056474127916
7370 0.2091014514067332
7380 0.2092970836004246
7390 0.2094922332193137
7400 0.2096866139845701
7410 0.2098798988310171
7420 0.2100722173819098
7430 0.2102631630052668
7440 0.2104525347026394
7450 0.2106404160182077
7460 0.2108265423126621
7470 0.2110111860163353
7480 0.2111945443367053
7490 0.2113766704078636
7500 0.211557826705968
7510 0.2117378057790268
7520 0.2119166460941873
7530 0.2120942983800155
7540 0.2122703584181447
7550 0.2124446006674209
7560 0.2126167668177455
7570 0.2127867241823096
7580 0.2129546244797511
7590 0.2131202621645869
7600 0.2132834980856717
7610 0.213444285727153
7620 0.2136022673561776
7630 0.2137578446830225
7640 0.2139111144286284
7650 0.2140620343558756
7660 0.2142103638530866
7670 0.2143561693897298
7680 0.2145001664844034
7690 0.2146423966948183
7700 0.2147825179461262
7710 0.2149209120685609
7720 0.2150577358755979
7730 0.2151930872805042
7740 0.2153273825612392
7750 0.2154604310158748
7760 0.2155923339886292
7770 0.2157232559582095
7780 0.2158531047690213
7790 0.2159818093437371
7800 0.2161094157538876
7810 0.2162357885582211
7820 0.2163609386636035
7830 0.2164846762023201
7840 0.2166072010547743
7850 0.2167286739083231
7860 0.2168486378010058
7870 0.2169672033666364
7880 0.2170846795945649
7890 0.217200724388528
7900 0.2173154696927279
7910 0.2174287381599424
7920 0.2175412694094563
7930 0.2176542761315692
7940 0.2177688498343629
7950 0.2178856767759333
7960 0.2180043186617721
7970 0.2181250864310657
7980 0.2182481937655608
7990 0.2183739574236954
8000 0.2185019521595217
8010 0.2186321522144404
8020 0.2187644250589643
8030 0.2188985871562905
8040 0.2190344674259753
8050 0.2191718109944315
8060 0.2193100627326645
8070 0.2194497684383882
8080 0.219591560142026
8090 0.2197360790223512
8100 0.2198838526037585
8110 0.2200346897651853
8120 0.2201884343272591
8130 0.2203446456536012
8140 0.2205030689453576
8150 0.2206639306397366
8160 0.2208274978763403
8170 0.2209931934563097
8180 0.2211607113309294
8190 0.2213297236966595
8200 0.2214998377722477
8210 0.2216705593818871
8220 0.2218414010798757
8230 0.2220124505825821
8240 0.2221832846896743
8250 0.2223535416612193
8260 0.2225228706297915
8270 0.2226907785642032
8280 0.2228569881166083
8290 0.2230211696783611
8300 0.2231824427295964
8310 0.2233404641333995
8320 0.2234950142769509
8330 0.2236455772025301
8340 0.2237918240413643
8350 0.2239331995852576
8360 0.224069195292988
8370 0.2241994165032191
8380 0.2243231662476325
8390 0.2244400804123835
8400 0.2245500671120292
8480 0.225196806947799
8490 0.2252535548790056
8500 0.2253061227399532
8510 0.2253547382387209
8520 0.2253995059211315
8530 0.2254406993652613
8540 0.2254784794049534
8550 0.2255130011291453
8560 0.2255441826019256
8570 0.2255718654415344
