"Time Step" "point-gw-a"
20210 2.466307023496483e-06
20220 2.461834583300515e-06
20230 2.455607955198502e-06
20240 2.447604629196576e-06
20250 2.438243654978578e-06
20260 2.428915422569844e-06
20270 2.422174702587654e-06
20280 2.418118356217747e-06
20290 2.415922608633991e-06
20300 2.415681137790671e-06
20310 2.417903260720777e-06
20320 2.424237436571275e-06
20330 2.434525413264055e-06
20340 2.446953658363782e-06
20350 2.45899514084158e-06
20360 2.469212859068648e-06
20370 2.477581347193336e-06
20380 2.484510787326144e-06
20390 2.49052118306281e-06
20400 2.495768057997338e-06
20410 2.500095206414699e-06
20420 2.503349151083967e-06
20430 2.505409611330833e-06
20440 2.506449391148635e-06
20450 2.506351620468195e-06
20460 2.505335714886314e-06
20470 2.503844370949082e-06
20480 2.502077904864564e-06
20490 2.50013454206055e-06
20500 2.498327830835478e-06
20510 2.496035904187011e-06
20520 2.492228304618038e-06
20530 2.487206529622199e-06
20540 2.481764340700465e-06
20550 2.475703695381526e-06
20560 2.469083483447321e-06
20570 2.462146085235872e-06
20580 2.455193452988169e-06
20590 2.448602117510745e-06
20600 2.44331567955669e-06
20610 2.439613126625773e-06
20620 2.436303930153372e-06
20630 2.433102963550482e-06
20640 2.431594339213916e-06
20650 2.431789198453771e-06
20660 2.432393102935748e-06
20670 2.43249928644218e-06
20680 2.432747578495764e-06
20690 2.433480403851718e-06
20700 2.434625230307574e-06
20710 2.434303269183147e-06
20720 2.431860139040509e-06
20730 2.429128926451085e-06
20740 2.427288336548372e-06
20750 2.426062565064058e-06
20760 2.423322939648642e-06
20770 2.418695430606022e-06
20780 2.413117044852697e-06
20790 2.408852196822409e-06
20800 2.404752649454167e-06
20810 2.401116489636479e-06
20820 2.397871412540553e-06
20830 2.395573346802848e-06
20840 2.394087005086476e-06
20850 2.392219357716385e-06
20860 2.389094788668444e-06
20870 2.385735569987446e-06
20880 2.383514356552041e-06
20890 2.382996626693057e-06
20900 2.385008656347054e-06
20910 2.38971074395522e-06
20920 2.396891431999393e-06
20930 2.405371787972399e-06
20940 2.41364932662691e-06
20950 2.420845930828364e-06
20960 2.427146682748571e-06
20970 2.433287818348617e-06
20980 2.439510353724472e-06
20990 2.444265192025341e-06
21000 2.447795395710273e-06
21010 2.451869249853189e-06
21020 2.458021299389657e-06
21030 2.466689466018579e-06
21040 2.477104089848581e-06
21050 2.488044401616207e-06
21060 2.49796948992298e-06
21070 2.505468273739098e-06
21080 2.509153773644357e-06
21090 2.507866383893997e-06
21100 2.502457846276229e-06
21110 2.494797172403196e-06
21120 2.486031917214859e-06
21130 2.478387614246458e-06
21140 2.473075028319727e-06
21150 2.469695800755289e-06
21160 2.467698095642845e-06
21170 2.466408204782056e-06
21180 2.465351826685946e-06
21190 2.463337068547844e-06
21200 2.460357791278511e-06
21210 2.456243464621366e-06
21220 2.449521616654238e-06
21230 2.440029675199185e-06
21240 2.428662355669076e-06
21250 2.416420329609537e-06
21260 2.404369752184721e-06
21270 2.393876684436691e-06
21280 2.385413381489343e-06
21290 2.378983253947808e-06
21300 2.374955784034682e-06
21310 2.373180223003146e-06
21320 2.373895767959766e-06
21330 2.377998043812113e-06
21340 2.386477490290417e-06
21350 2.397877096882439e-06
21360 2.409468834230211e-06
21370 2.420321379759116e-06
21380 2.431077973596985e-06
21390 2.441735205138684e-06
21400 2.451538193781744e-06
21410 2.460003770465846e-06
21420 2.46574882112327e-06
21430 2.468131697241915e-06
21440 2.468657157805865e-06
21450 2.467134208927746e-06
21460 2.462567636030144e-06
21470 2.455805770296138e-06
21480 2.447969791319338e-06
21490 2.439580612190184e-06
21500 2.431328312013648e-06
21510 2.424249032628722e-06
21520 2.418335043330444e-06
21530 2.412953790553729e-06
21540 2.405747864031582e-06
21550 2.397325488345814e-06
21560 2.389393330304301e-06
21570 2.383120545346173e-06
21580 2.378857516305288e-06
21590 2.376075144638889e-06
21600 2.374131327087525e-06
21610 2.372942844885984e-06
21620 2.373922825427144e-06
21630 2.378641738687293e-06
21640 2.387655740676564e-06
21650 2.399914819761761e-06
21660 2.414256414340343e-06
21670 2.430128233754658e-06
21680 2.448714212732739e-06
21690 2.472260575814289e-06
21700 2.498928097338649e-06
21710 2.524321189412149e-06
21720 2.546559016991523e-06
21730 2.565142949606525e-06
21740 2.580487262093811e-06
21750 2.593588305899175e-06
21760 2.605510417197365e-06
21770 2.616354322526604e-06
21780 2.625428123792517e-06
21790 2.632631776577909e-06
21800 2.637989609866054e-06
21810 2.641487071741722e-06
21820 2.642402932906407e-06
21830 2.640457296365639e-06
21840 2.636650606291369e-06
21850 2.632137466207496e-06
21860 2.628486072353553e-06
21870 2.627605681482237e-06
21880 2.62907201431517e-06
21890 2.631761162774637e-06
21900 2.635871169331949e-06
21910 2.641392256919062e-06
21920 2.649842372193234e-06
21930 2.661374082890688e-06
21940 2.674503093658132e-06
21950 2.686923153305543e-06
21960 2.697581066968269e-06
21970 2.706778104766272e-06
21980 2.714755282795522e-06
21990 2.721765213209437e-06
22000 2.727705577854067e-06
22010 2.732097300395253e-06
22020 2.734680947469315e-06
22030 2.73528144134616e-06
22040 2.734343979682308e-06
22050 2.731984068304882e-06
22060 2.72883812613145e-06
22070 2.725732429098571e-06
22080 2.72335933004797e-06
22090 2.721187911447487e-06
22100 2.719104713833076e-06
22110 2.717024699450121e-06
22120 2.714249603741337e-06
22130 2.710467697397689e-06
22140 2.70595091933501e-06
22150 2.7013418275601e-06
22160 2.697078343771864e-06
22170 2.692829639272531e-06
22180 2.688817630769336e-06
22190 2.685293338799966e-06
22200 2.683150796656264e-06
22210 2.682794274733169e-06
22220 2.683246520973626e-06
22230 2.684059381863335e-06
22240 2.686830612219637e-06
22250 2.691786448849598e-06
22260 2.69742281489016e-06
22270 2.702513029362308e-06
22280 2.707780595301301e-06
22290 2.713997901082621e-06
22300 2.721158352869679e-06
22310 2.727169430727372e-06
22320 2.731222821239498e-06
22330 2.735031330303173e-06
22340 2.739882120295078e-06
22350 2.74560784419009e-06
22360 2.749869054241572e-06
22370 2.75230263468984e-06
22380 2.754115712377825e-06
22390 2.756715048235492e-06
22400 2.759342578428914e-06
22410 2.762029453151627e-06
22420 2.764512146313791e-06
22430 2.767486876109615e-06
22440 2.770674427665654e-06
22450 2.772824245766969e-06
22460 2.773767391772708e-06
22470 2.774772156044492e-06
22480 2.777453801172669e-06
22490 2.781920784400427e-06
22500 2.788681740639731e-06
22510 2.798079549393151e-06
22520 2.809584884744254e-06
22530 2.821806674546679e-06
22540 2.832966174537432e-06
22550 2.84236057268572e-06
22560 2.850343207683181e-06
22570 2.857878143913695e-06
22580 2.865364194803988e-06
22590 2.870893922590767e-06
22600 2.875014615710825e-06
22610 2.879924977605697e-06
22620 2.887382606786559e-06
22630 2.897894773923326e-06
22640 2.910475586759276e-06
22650 2.923595729953377e-06
22660 2.935544443971594e-06
22670 2.944198740806314e-06
22680 2.94784399557102e-06
22690 2.945448841273901e-06
22700 2.938070565505768e-06
22710 2.928167987192865e-06
22720 2.91719516098965e-06
22730 2.907952648456558e-06
22740 2.902420646933024e-06
22750 2.90045136353001e-06
22760 2.901552988987532e-06
22770 2.905062274294323e-06
22780 2.91045489575481e-06
22790 2.915716777351918e-06
22800 2.919977305282373e-06
22810 2.921483201134834e-06
22820 2.918449126809719e-06
22830 2.910887815232854e-06
22840 2.900161916841171e-06
22850 2.887758682845742e-06
22860 2.875333848351147e-06
22870 2.864577254513279e-06
22880 2.856030278053368e-06
22890 2.849775910362951e-06
22900 2.845727067324333e-06
22910 2.844103164534317e-06
22920 2.845629069270217e-06
22930 2.852091029126314e-06
22940 2.864548150682822e-06
22950 2.880454303522129e-06
22960 2.896153091569431e-06
22970 2.911152705564746e-06
22980 2.926743945863564e-06
22990 2.941946149803698e-06
23000 2.955108811875107e-06
23010 2.965342446259456e-06
23020 2.970756440845435e-06
23030 2.970663899759529e-06
23040 2.967150066979229e-06
23050 2.960227902804036e-06
23060 2.949278723463067e-06
23070 2.935573775175726e-06
23080 2.920592805821798e-06
23090 2.905060682678595e-06
23100 2.889772986236494e-06
23110 2.875752670661313e-06
23120 2.862735300368513e-06
23130 2.849501697710366e-06
23140 2.833253802236868e-06
23150 2.814838808262721e-06
23160 2.796695525830728e-06
23170 2.780191834972356e-06
23180 2.765657200143323e-06
23190 2.752900172708905e-06
23200 2.740952822932741e-06
23210 2.729881771301734e-06
23220 2.722094222917804e-06
23230 2.718743644436472e-06
23240 2.719836174946977e-06
23250 2.723908892221516e-06
23260 2.730329015321331e-06
23270 2.738959210546454e-06
23280 2.751068905126886e-06
23290 2.769642833300168e-06
23300 2.79285177384736e-06
23310 2.815547304635402e-06
23320 2.835365421560709e-06
23330 2.851671297321445e-06
23340 2.864950602088356e-06
23350 2.875932523238589e-06
23360 2.885784169848193e-06
23370 2.894521912821801e-06
23380 2.90128764390829e-06
23390 2.905629344240879e-06
23400 2.907618863901007e-06
23410 2.907530642914935e-06
23420 2.905182782342308e-06
23430 2.899915671150666e-06
23440 2.892639031415456e-06
23450 2.884203013309161e-06
23460 2.877060296668787e-06
23470 2.87418606603751e-06
23480 2.874933670682367e-06
23490 2.877575752791017e-06
23500 2.882381068047835e-06
23510 2.889051302190637e-06
23520 2.899245600929135e-06
23530 2.912653144448996e-06
23540 2.927865580204525e-06
23550 2.941967295555514e-06
23560 2.953225248347735e-06
23570 2.962174448839505e-06
23580 2.969654133266886e-06
23590 2.975859388243407e-06
23600 2.981000534418854e-06
23610 2.984630100399954e-06
23620 2.986625986522995e-06
23630 2.986911340485676e-06
23640 2.985628725582501e-06
23650 2.983091917485581e-06
23660 2.979942337333341e-06
23670 2.977011490656878e-06
23680 2.975151346618077e-06
23690 2.973792561533628e-06
23700 2.972788479382871e-06
23710 2.971899448311888e-06
23720 2.970950163216912e-06
23730 2.968888111354318e-06
23740 2.966085276057129e-06
23750 2.962619419122348e-06
23760 2.959098083010758e-06
23770 2.956047183033661e-06
23780 2.953837793029379e-06
23790 2.952562681457493e-06
23800 2.952820295831771e-06
23810 2.955115860459046e-06
23820 2.958577852041344e-06
23830 2.96260532195447e-06
23840 2.968106400658144e-06
23850 2.97459632747632e-06
23860 2.980666522489628e-06
23870 2.985228775287396e-06
23880 2.989219183291425e-06
23890 2.99490579891426e-06
23900 3.002394805662334e-06
23910 3.008381099789403e-06
23920 3.011152330145705e-06
23930 3.012661181855947e-06
23940 3.015097490788321e-06
23950 3.018011057065451e-06
23960 3.018276402144693e-06
23970 3.015679567397456e-06
23980 3.011906756000826e-06
23990 3.008064140885836e-06
24000 3.00465740110667e-06
15610 4.738729694508947e-05
15620 4.709063796326518e-05
15630 4.678213008446619e-05
15640 4.648189133149572e-05
15650 4.621149491867982e-05
15660 4.599213934852742e-05
15670 4.583852933137678e-05
15680 4.575240382109769e-05
15690 4.572439502226189e-05
15700 4.574971535475925e-05
15710 4.582430119626224e-05
15720 4.593463381752372e-05
15730 4.60631781606935e-05
15740 4.619138053385541e-05
15750 4.630322655430064e-05
15760 4.638414975488558e-05
15770 4.642964631784707e-05
15780 4.644514410756528e-05
15790 4.645161970984191e-05
15800 4.645957596949302e-05
15810 4.646753222914413e-05
15820 4.647113019018434e-05
15830 4.646255183615722e-05
15840 4.644295404432341e-05
15850 4.641399209504016e-05
15860 4.637000893126242e-05
15870 4.630546027328819e-05
15880 4.621909829438664e-05
15890 4.612042175722308e-05
15900 4.602142871590331e-05
15910 4.592843106365763e-05
15920 4.584614725899883e-05
15930 4.577721847454086e-05
15940 4.571750469040126e-05
15950 4.566308780340478e-05
15960 4.56059533462394e-05
15970 4.554407496470958e-05
15980 4.547643038677052e-05
15990 4.539694782579318e-05
16000 4.530109436018392e-05
16010 4.519185677054338e-05
16020 4.507734411163256e-05
16030 4.496144174481742e-05
16040 4.484648161451332e-05
16050 4.473613807931542e-05
16060 4.463871300686151e-05
16070 4.45628393208608e-05
16080 4.451787754078396e-05
16090 4.450590859050862e-05
16100 4.45293371740263e-05
16110 4.458443072508089e-05
16120 4.465746314963326e-05
16130 4.472774162422866e-05
16140 4.477351467357948e-05
16150 4.477890615817159e-05
16160 4.473336957744323e-05
16170 4.463063305593096e-05
16180 4.447282481123693e-05
16190 4.426088344189338e-05
16200 4.400724719744176e-05
16210 4.372324838186614e-05
16220 4.341955354902893e-05
16230 4.310997246648185e-05
16240 4.280868597561494e-05
16250 4.252678263583221e-05
16260 4.227455428917892e-05
16270 4.206003723083995e-05
16280 4.188716047792695e-05
16290 4.175718277110718e-05
16300 4.166786675341427e-05
16310 4.162767800153233e-05
16320 4.163755875197239e-05
16330 4.168622763245367e-05
16340 4.176336005912162e-05
16350 4.186097430647351e-05
16360 4.196938607492484e-05
16370 4.208143946016207e-05
16380 4.220132541377097e-05
16390 4.233423896948807e-05
16400 4.247734614182264e-05
16410 4.262729271431454e-05
16420 4.278780761524104e-05
16430 4.297054692870006e-05
16440 4.319024810683914e-05
16450 4.346261266618967e-05
16460 4.379819802124985e-05
16470 4.42020027549006e-05
16480 4.467075632419437e-05
16490 4.519315916695632e-05
16500 4.575101411319338e-05
16510 4.63234719063621e-05
16520 4.690144851338118e-05
16530 4.748648643726483e-05
16540 4.808103403775021e-05
16550 4.867745155934244e-05
16560 4.927770351059735e-05
16570 4.988356522517279e-05
16580 5.0480794016039e-05
16590 5.10656536789611e-05
16600 5.163811511010863e-05
16610 5.219827653490938e-05
16620 5.274844079394825e-05
16630 5.32879275851883e-05
16640 5.381206938182004e-05
16650 5.431213867268525e-05
16660 5.477466038428247e-05
16670 5.517783938557841e-05
16680 5.550771675189026e-05
16690 5.57583880436141e-05
16700 5.593217065325007e-05
16710 5.604250691249035e-05
16720 5.61097840545699e-05
16730 5.615201371256262e-05
16740 5.618286377284676e-05
16750 5.620562660624273e-05
16760 5.62181776331272e-05
16770 5.621519085252658e-05
16780 5.619732110062614e-05
16790 5.616509224637412e-05
16800 5.612232780549675e-05
16810 5.607239654636942e-05
16820 5.601537122856826e-05
16830 5.594701724476181e-05
16840 5.585400140262209e-05
16850 5.572718873736449e-05
16860 5.556441465159878e-05
16870 5.536686876439489e-05
16880 5.514128861250356e-05
16890 5.489619798026979e-05
16900 5.462725312099792e-05
16910 5.432093894341961e-05
16920 5.396832420956343e-05
16930 5.355916073312983e-05
16940 5.308494291966781e-05
16950 5.254169082036242e-05
16960 5.192832759348676e-05
16970 5.124889139551669e-05
16980 5.051672269473784e-05
16990 4.975362753611989e-05
17000 4.898193219560198e-05
17010 4.821963375434279e-05
17020 4.74806729471311e-05
17030 4.677314427681267e-05
17040 4.610048927133903e-05
17050 4.54641121905297e-05
17060 4.48651408078149e-05
17070 4.430662738741376e-05
17080 4.378954326966777e-05
17090 4.331975651439279e-05
17100 4.28907987952698e-05
17110 4.249189078109339e-05
17120 4.211282066535205e-05
17130 4.173377601546235e-05
17140 4.133131369599141e-05
17150 4.088697460247204e-05
17160 4.038754559587687e-05
17170 3.983046917710453e-05
17180 3.921829556929879e-05
17190 3.855983959510922e-05
17200 3.787427340284921e-05
17210 3.718571679200977e-05
17220 3.651506995083764e-05
17230 3.587734317989089e-05
17240 3.528798697516322e-05
17250 3.476125129964203e-05
17260 3.43096508004237e-05
17270 3.39388134307228e-05
17280 3.364239091752097e-05
17290 3.340447801747359e-05
17300 3.321491021779366e-05
17310 3.306300277472474e-05
17320 3.293206464149989e-05
17330 3.2803767680889e-05
17340 3.265954364906065e-05
17350 3.248998473281972e-05
17360 3.229615685995668e-05
17370 3.20827130053658e-05
17380 3.185754394507967e-05
17390 3.163674409734085e-05
17400 3.143696812912822e-05
17410 3.125236253254116e-05
17420 3.107443262706511e-05
17430 3.089319943683222e-05
17440 3.070498860324733e-05
17450 3.050329542020336e-05
17460 3.027764796570409e-05
17470 3.002004086738452e-05
17480 2.972868060169276e-05
17490 2.941205821116455e-05
17500 2.907968337240163e-05
17510 2.873094854294322e-05
17520 2.836254134308547e-05
17530 2.797427987388801e-05
17540 2.756745016085915e-05
17550 2.71451826847624e-05
17560 2.670549292815849e-05
17570 2.625199340400286e-05
17580 2.579319152573589e-05
17590 2.533447150199208e-05
17600 2.487590973032638e-05
17610 2.442126424284652e-05
17620 2.397257412667386e-05
17630 2.353650415898301e-05
17640 2.312022479600273e-05
17650 2.272499114042148e-05
17660 2.234813655377366e-05
17670 2.198955553467385e-05
17680 2.16481821553316e-05
17690 2.131994006049354e-05
17700 2.100198435073253e-05
17710 2.069342190225143e-05
17720 2.038818638538942e-05
17730 2.007853981922381e-05
17740 1.975631494133268e-05
17750 1.941669142979663e-05
17760 1.905877434182912e-05
17770 1.868467188614886e-05
17780 1.829801840358414e-05
17790 1.789717862266116e-05
17800 1.74895776581252e-05
17810 1.708114541543182e-05
17820 1.667381366132759e-05
17830 1.627015262783971e-05
17840 1.587307997397147e-05
17850 1.54854296852136e-05
17860 1.511300524725812e-05
17870 1.475973385822726e-05
17880 1.442478333046893e-05
17890 1.410363074683119e-05
17900 1.379396235279273e-05
17910 1.350207912764745e-05
17920 1.322805655945558e-05
17930 1.296948539675213e-05
17940 1.272569807042601e-05
17950 1.249306296813302e-05
17960 1.226721178682055e-05
17970 1.204561249323888e-05
17980 1.183250424219295e-05
17990 1.16287692435435e-05
18000 1.14309586933814e-05
18010 1.12362304207636e-05
18020 1.104305192711763e-05
18030 1.085434541892027e-05
18040 1.067471657734131e-05
18050 1.050739865604555e-05
18060 1.035476725519402e-05
18070 1.021934804157354e-05
18080 1.009764218906639e-05
18090 9.983641575672664e-06
18100 9.872635928331874e-06
18110 9.763765774550848e-06
18120 9.662093361839652e-06
18130 9.575055628374685e-06
18140 9.50511730479775e-06
18150 9.450985999137629e-06
18160 9.408934602106456e-06
18170 9.371791747980751e-06
18180 9.3357020887197e-06
18190 9.296501957578585e-06
18200 9.250949915440287e-06
18210 9.198551197187044e-06
18220 9.134980246017221e-06
18230 9.058209798240568e-06
18240 8.973995136329904e-06
18250 8.881378562364262e-06
18260 8.777954462857451e-06
18270 8.663989319757093e-06
18280 8.541458555555437e-06
18290 8.411978342337534e-06
18300 8.278258974314667e-06
18310 8.143329068843741e-06
18320 8.008886652532965e-06
18330 7.874645234551281e-06
18340 7.735733561275993e-06
18350 7.592625934194075e-06
18360 7.450374141626526e-06
18370 7.314122285606572e-06
18380 7.186565198935568e-06
18390 7.069976163620595e-06
18400 6.962750376260374e-06
18410 6.863881480967393e-06
18420 6.773906079615699e-06
18430 6.692526767437812e-06
18440 6.619018222409068e-06
18450 6.55083795209066e-06
18460 6.485736776085105e-06
18470 6.422643764381064e-06
18480 6.367343303281814e-06
18490 6.329929419734981e-06
18500 6.307401235972065e-06
18510 6.287856194830965e-06
18520 6.263227987801656e-06
18530 6.229120117495768e-06
18540 6.185544407344423e-06
18550 6.135173407528782e-06
18560 6.081826995796291e-06
18570 6.028782081557438e-06
18580 5.977246928523527e-06
18590 5.927459824306425e-06
18600 5.87916474614758e-06
18610 5.831600901728962e-06
18620 5.784926088381326e-06
18630 5.738736035709735e-06
18640 5.691347723768558e-06
18650 5.641843472403707e-06
18660 5.592489742411999e-06
18670 5.544070063479012e-06
18680 5.494181550602661e-06
18690 5.442464953375747e-06
18700 5.390979822550435e-06
18710 5.34425453224685e-06
18720 5.302582849253668e-06
18730 5.262786089588189e-06
18740 5.222281743044732e-06
18750 5.176822469366016e-06
18760 5.124151812196942e-06
18770 5.066301127953921e-06
18780 5.004955255571986e-06
18790 4.941932729707332e-06
18800 4.879168500337983e-06
18810 4.817472017748514e-06
18820 4.757651367981452e-06
18830 4.699608325609006e-06
18840 4.643701231543673e-06
18850 4.589721356751397e-06
18860 4.537467248155735e-06
18870 4.48681157649844e-06
18880 4.438034466147656e-06
18890 4.390732556203147e-06
18900 4.345602064859122e-06
18910 4.302668457967229e-06
18920 4.261488356860355e-06
18930 4.221522885927698e-06
18940 4.181263193459017e-06
18950 4.1385223994439e-06
18960 4.094892119610449e-06
18970 4.051712494401727e-06
18980 4.00967473979108e-06
18990 3.970981651946204e-06
19000 3.936952452932019e-06
19010 3.906663550878875e-06
19020 3.877819835906848e-06
19030 3.849540917144623e-06
19040 3.82332564186072e-06
19050 3.798466877924511e-06
19060 3.773248408833751e-06
19070 3.747356458916329e-06
19080 3.721718485394376e-06
19090 3.699711669469252e-06
19100 3.681941507238662e-06
19110 3.663980123747024e-06
19120 3.642252977442695e-06
19130 3.617489255702822e-06
19140 3.592440407373942e-06
19150 3.568423835531576e-06
19160 3.543658067428623e-06
19170 3.517962340993108e-06
19180 3.492845735308947e-06
19190 3.469247758403071e-06
19200 3.446546543273143e-06
19210 3.424094757065177e-06
19220 3.400608648007619e-06
19230 3.378788051122683e-06
19240 3.360261871421244e-06
19250 3.346025096107041e-06
19260 3.335131623316556e-06
19270 3.327247668494238e-06
19280 3.322882321299403e-06
19290 3.32137756231532e-06
19300 3.322143356854212e-06
19310 3.324792487546802e-06
19320 3.328523234813474e-06
19330 3.332103915454354e-06
19340 3.334206667204853e-06
19350 3.334128450660501e-06
19360 3.332244659759453e-06
19370 3.329603941892856e-06
19380 3.326412070236984e-06
19390 3.320765927128377e-06
19400 3.312371291031013e-06
19410 3.302851609987556e-06
19420 3.294424914201954e-06
19430 3.287787876615766e-06
19440 3.282394800407928e-06
19450 3.276862344137044e-06
19460 3.2699017538107e-06
19470 3.260473476984771e-06
19480 3.247606400691438e-06
19490 3.228430159651907e-06
19500 3.203812411811668e-06
19510 3.176428663209663e-06
19520 3.147694997096551e-06
19530 3.119055008937721e-06
19540 3.09278175336658e-06
19550 3.071112359975814e-06
19560 3.054090939258458e-06
19570 3.041385753022041e-06
19580 3.032984750461765e-06
19590 3.026632157343556e-06
19600 3.020095391548239e-06
19610 3.010899035871262e-06
19620 2.996742978211842e-06
19630 2.97772544399777e-06
19640 2.955517857117229e-06
19650 2.931398284999887e-06
19660 2.907587031586445e-06
19670 2.88610021925706e-06
19680 2.867032890208066e-06
19690 2.849631982826395e-06
19700 2.833249254763359e-06
19710 2.81759321296704e-06
19720 2.804327550620656e-06
19730 2.796012040562346e-06
19740 2.794094143609982e-06
19750 2.796168701024726e-06
19760 2.799258709274e-06
19770 2.801360778903472e-06
19780 2.802809831337072e-06
19790 2.804849145832122e-06
19800 2.805996246024733e-06
19810 2.80535823549144e-06
19820 2.800903985189507e-06
19830 2.791680799418828e-06
19840 2.779713213385548e-06
19850 2.764723149084602e-06
19860 2.745741312537575e-06
19870 2.724090791161871e-06
19880 2.701239736779826e-06
19890 2.677943257367588e-06
19900 2.654854597494705e-06
19910 2.632808673297404e-06
19920 2.611373474792344e-06
19930 2.589313680800842e-06
19940 2.563810085121077e-06
19950 2.536065039748792e-06
19960 2.509040541553986e-06
19970 2.484276819814113e-06
19980 2.46197555497929e-06
19990 2.441814558551414e-06
20000 2.423002797513618e-06
20010 2.404801762168063e-06
20020 2.389243263678509e-06
20030 2.378568979111151e-06
20040 2.373478309891652e-06
20050 2.372495600866387e-06
20060 2.373926918153302e-06
20070 2.376684960836428e-06
20080 2.382442289672326e-06
20090 2.394398961769184e-06
20100 2.410748493275605e-06
20110 2.426511173325707e-06
20120 2.439463969494682e-06
20130 2.449034354867763e-06
20140 2.45590445047128e-06
20150 2.461036046952358e-06
20160 2.465561010467354e-06
20170 2.469400442350889e-06
20180 2.471513425916783e-06
20190 2.471494781275396e-06
20200 2.469591663611936e-06
8410 4.553308463073336e-05
8420 4.555059422273189e-05
8430 4.557390639092773e-05
8440 4.560750676319003e-05
8450 4.565871131489985e-05
8460 4.573426849674433e-05
8470 4.584139605867676e-05
8480 4.598105442710221e-05
8490 4.614914723788388e-05
8500 4.633930802810937e-05
8510 4.654264557757415e-05
8520 4.675210220739245e-05
8530 4.696965697803535e-05
8540 4.719872958958149e-05
8550 4.743839963339269e-05
8560 4.768975850311108e-05
8570 4.794474079972133e-05
8580 4.819722380489111e-05
8590 4.844377690460533e-05
8600 4.868638279731385e-05
8610 4.892770448350348e-05
8620 4.916542820865288e-05
8630 4.939473728882149e-05
8640 4.961810191161931e-05
8650 4.983030157745816e-05
8660 5.002272155252285e-05
8670 5.018374940846115e-05
8680 5.030531974625774e-05
8690 5.038423114456236e-05
8700 5.042240445618518e-05
8710 5.04266208736226e-05
8720 5.040637188358232e-05
8730 5.036818038206547e-05
8740 5.031254477216862e-05
8750 5.024112033424899e-05
8760 5.015937131247483e-05
8770 5.007725849281996e-05
8780 5.000165401725098e-05
8790 4.993746915715747e-05
8800 4.989433728042059e-05
8810 4.988062210031785e-05
8820 4.989763328921981e-05
8830 4.994227492716163e-05
8840 5.000609598937444e-05
8850 5.008427615393884e-05
8860 5.017268267692998e-05
8870 5.026494909543544e-05
8880 5.036281800130382e-05
8890 5.047860395279713e-05
8900 5.060682087787427e-05
8910 5.07302102050744e-05
8920 5.083820724394172e-05
8930 5.092493302072398e-05
8940 5.098917608847842e-05
8950 5.10313366248738e-05
8960 5.10531353938859e-05
8970 5.105753007228486e-05
8980 5.105110540171154e-05
8990 5.1044571591774e-05
9000 5.10485224367585e-05
9010 5.107052129460499e-05
9020 5.111403879709542e-05
9030 5.118146145832725e-05
9040 5.127139957039617e-05
9050 5.137834523338825e-05
9060 5.149737989995629e-05
9070 5.162488014320843e-05
9080 5.175830665393732e-05
9090 5.190178490011021e-05
9100 5.205280467635021e-05
9110 5.220736056799069e-05
9120 5.236498327576555e-05
9130 5.251502807368524e-05
9140 5.264844367047772e-05
9150 5.275499643175863e-05
9160 5.282562415231951e-05
9170 5.285450970404781e-05
9180 5.283674181555398e-05
9190 5.277623859001324e-05
9200 5.268707900540903e-05
9210 5.258792953100055e-05
9220 5.249649984762073e-05
9230 5.242553743300959e-05
9240 5.238883750280365e-05
9250 5.239778329269029e-05
9260 5.246084037935361e-05
9270 5.25796931469813e-05
9280 5.274486466078088e-05
9290 5.293860158417374e-05
9300 5.314668669598177e-05
9310 5.335919559001923e-05
9320 5.356587644200772e-05
9330 5.375778346206062e-05
9340 5.393191531766206e-05
9350 5.408926517702639e-05
9360 5.422848335001618e-05
9370 5.435290950117633e-05
9380 5.447884177556261e-05
9390 5.46250885236077e-05
9400 5.479329047375359e-05
9410 5.498203245224431e-05
9420 5.518637772183865e-05
9430 5.539902849704958e-05
9440 5.562066871789284e-05
9450 5.58513929718174e-05
9460 5.608566061710007e-05
9470 5.631791282212362e-05
9480 5.654217238770798e-05
9490 5.675762076862156e-05
9500 5.696296648238786e-05
9510 5.714724102290347e-05
9520 5.729788608732633e-05
9530 5.740639244322665e-05
9540 5.74630030314438e-05
9550 5.746544411522336e-05
9560 5.741191489505582e-05
9570 5.731016426580027e-05
9580 5.717455860576592e-05
9590 5.701948612113483e-05
9600 5.685531868948601e-05
9610 5.669240636052564e-05
9620 5.654280175804161e-05
9630 5.641206371365115e-05
9640 5.630197119899094e-05
9650 5.621572199743241e-05
9660 5.615430200123228e-05
9670 5.612122913589701e-05
9680 5.611998130916618e-05
9690 5.614849214907736e-05
9700 5.620824958896264e-05
9710 5.629842416965403e-05
9720 5.641087409458123e-05
9730 5.653128027915955e-05
9740 5.664221316692419e-05
9750 5.672882616636343e-05
9760 5.677941589965485e-05
9770 5.678516390617006e-05
9780 5.67430179216899e-05
9790 5.664735363097861e-05
9800 5.650565435644239e-05
9810 5.632564716506749e-05
9820 5.611305823549628e-05
9830 5.587856503552757e-05
9840 5.563255763263442e-05
9850 5.538472760235891e-05
9860 5.514193981071003e-05
9870 5.490895273396745e-05
9880 5.468606104841456e-05
9890 5.44696013093926e-05
9900 5.426365896710195e-05
9910 5.40802429895848e-05
9920 5.391991362557746e-05
9930 5.378095738706179e-05
9940 5.36655898031313e-05
9950 5.357016561902128e-05
9960 5.348801641957834e-05
9970 5.341277937986888e-05
9980 5.33469719812274e-05
9990 5.329183477442712e-05
10000 5.323973891790956e-05
10010 5.318244438967668e-05
10020 5.311625864123926e-05
10030 5.304522346705198e-05
10040 5.297764437273145e-05
10050 5.292522473610006e-05
10060 5.289819091558456e-05
10070 5.290551780490205e-05
10080 5.294887523632497e-05
10090 5.302296267473139e-05
10100 5.311844506650232e-05
10110 5.322300057741813e-05
10120 5.333234730642289e-05
10130 5.344839519239031e-05
10140 5.357444024411961e-05
10150 5.370537110138685e-05
10160 5.384540781960823e-05
10170 5.39938009751495e-05
10180 5.414471888798289e-05
10190 5.429778320831247e-05
10200 5.445952774607576e-05
10210 5.463807974592783e-05
10220 5.483596760313958e-05
10230 5.50536897208076e-05
10240 5.529557165573351e-05
10250 5.555710959015414e-05
10260 5.582652374869213e-05
10270 5.608610081253573e-05
10280 5.632136162603274e-05
10290 5.652121035382152e-05
10300 5.668113226420246e-05
10310 5.680518370354548e-05
10320 5.690302350558341e-05
10330 5.698317545466125e-05
10340 5.704984505428001e-05
10350 5.710541881853715e-05
10360 5.715465158573352e-05
10370 5.720629269490018e-05
10380 5.726985182263888e-05
10390 5.735063314205036e-05
10400 5.745565431425348e-05
10410 5.759573832619935e-05
10420 5.7775410823524e-05
10430 5.799095015390776e-05
10440 5.823592800879851e-05
10450 5.850415254826657e-05
10460 5.879340096726082e-05
10470 5.909982792218216e-05
10480 5.942846109974198e-05
10490 5.979347770335153e-05
10500 6.018821295583621e-05
10510 6.059499355615117e-05
10520 6.100043174228631e-05
10530 6.139289325801656e-05
10540 6.176439637783915e-05
10550 6.211008440004662e-05
10560 6.242669041967019e-05
10570 6.271275924518704e-05
10580 6.297232175711542e-05
10590 6.321429100353271e-05
10600 6.34482130408287e-05
10610 6.368216418195516e-05
10620 6.392160867108032e-05
10630 6.417298573069274e-05
10640 6.444323662435636e-05
10650 6.474060501204804e-05
10660 6.507446232717484e-05
10670 6.545632641064003e-05
10680 6.589311669813469e-05
10690 6.639498315053061e-05
10700 6.69577275402844e-05
10710 6.756593938916922e-05
10720 6.821167335147038e-05
10730 6.887388735776767e-05
10740 6.952779222046956e-05
10750 7.014937727944925e-05
10760 7.071770960465074e-05
10770 7.121732051018625e-05
10780 7.163767440943047e-05
10790 7.197853119578212e-05
10800 7.225210720207542e-05
10810 7.247879693750292e-05
10820 7.268057379405946e-05
10830 7.287603511940688e-05
10840 7.308619387913495e-05
10850 7.333342364290729e-05
10860 7.364035263890401e-05
10870 7.402449409710243e-05
10880 7.449167605955154e-05
10890 7.503695815103129e-05
10900 7.565678970422596e-05
10910 7.634743815287948e-05
10920 7.709680357947946e-05
10930 7.788991206325591e-05
10940 7.87156168371439e-05
10950 7.956230547279119e-05
10960 8.041656838031486e-05
10970 8.126881584757939e-05
10980 8.211616659536958e-05
10990 8.297729073092341e-05
11000 8.385704859392717e-05
11010 8.474558126181364e-05
11020 8.563011215301231e-05
11030 8.649132360005751e-05
11040 8.731910929782316e-05
11050 8.811147563392296e-05
11060 8.886749128578231e-05
11070 8.958979742601514e-05
11080 9.02826723176986e-05
11090 9.095574932871386e-05
11100 9.162058267975226e-05
11110 9.228568524122238e-05
11120 9.295646304963157e-05
11130 9.363602293888107e-05
11140 9.431960643269122e-05
11150 9.499913721811026e-05
11160 9.566184598952532e-05
11170 9.629363194108009e-05
11180 9.688193676993251e-05
11190 9.74189315456897e-05
11200 9.790132753551006e-05
11210 9.832635259954259e-05
11220 9.869693894870579e-05
11230 9.901266457745805e-05
11240 9.928484359988943e-05
11250 9.953541302820668e-05
11260 9.978465095628053e-05
11270 0.0001000548727461137
11280 0.0001003675133688375
11290 0.0001007334067253396
11300 0.0001011601998470724
11310 0.0001016472888295539
11320 0.0001021802454488352
11330 0.0001027325342874974
11340 0.0001032695799949579
11350 0.0001037561814882793
11360 0.0001041598588926718
11370 0.0001044565215124749
11380 0.0001046360121108592
11390 0.0001046962206601165
11400 0.0001046464894898236
11410 0.0001044975651893765
11420 0.0001042625881382264
11430 0.0001039591952576302
11440 0.0001036061221384443
11450 0.0001032187501550652
11460 0.000102811143733561
11470 0.000102397047157865
11480 0.0001019882911350578
11490 0.0001015948510030285
11500 0.0001012243592413142
11510 0.000100891207694076
11520 0.0001005979866022244
11530 0.0001003360448521562
11540 0.0001000981428660452
11550 9.987683733925223e-05
11560 9.966214565793052e-05
11570 9.944261546479538e-05
11580 9.921273158397526e-05
11590 9.897030395222828e-05
11600 9.870975191006437e-05
11610 9.842728468356654e-05
11620 9.812684584176168e-05
11630 9.782228153198957e-05
11640 9.753376798471436e-05
11650 9.728674194775522e-05
11660 9.710227459436283e-05
11670 9.698943176772445e-05
11680 9.694945038063452e-05
11690 9.697399218566716e-05
11700 9.704502735985443e-05
11710 9.713992039905861e-05
11720 9.724109986564144e-05
11730 9.733872866490856e-05
11740 9.742479596752673e-05
11750 9.748330194270238e-05
11760 9.751394827617332e-05
11770 9.752000187290832e-05
11780 9.750248864293098e-05
11790 9.74736685748212e-05
11800 9.745023271534592e-05
11810 9.744588169269264e-05
11820 9.747562580741942e-05
11830 9.754914935911074e-05
11840 9.766798029886559e-05
11850 9.782476990949363e-05
11860 9.800300176721066e-05
11870 9.817181125981733e-05
11880 9.830461203819141e-05
11890 9.838092955760658e-05
11900 9.839217091212049e-05
11910 9.834470984060317e-05
11920 9.825792949413881e-05
11930 9.815504745347425e-05
11940 9.805861918721348e-05
11950 9.798210521694273e-05
11960 9.79330507107079e-05
11970 9.791428601602092e-05
11980 9.792888158699498e-05
11990 9.798138489713892e-05
12000 9.808157483348623e-05
12010 9.824128210311756e-05
12020 9.846501052379608e-05
12030 9.875123214442283e-05
12040 9.908687934512272e-05
12050 9.946207865141332e-05
12060 9.987109660869464e-05
12070 0.0001003138022497296
12080 0.0001007955725071952
12090 0.0001013161818264052
12100 0.0001018705297610722
12110 0.0001024514713208191
12120 0.0001030530038406141
12130 0.0001036633184412494
12140 0.0001042655130731873
12150 0.0001048408812494017
12160 0.0001053724190569483
12170 0.0001058496709447354
12180 0.0001062756200553849
12190 0.000106666557257995
12200 0.0001070431753760204
12210 0.0001074243118637241
12220 0.000107827057945542
12230 0.0001082660382962786
12240 0.0001087508426280692
12250 0.0001092906604753807
12260 0.0001098941065720282
12270 0.0001105745468521491
12280 0.000111349014332518
12290 0.0001122145913541317
12300 0.0001131579920183867
12310 0.0001141650500358082
12320 0.0001152084951172583
12330 0.0001162532571470365
12340 0.0001172583943116479
12350 0.0001181868865387514
12360 0.0001190062394016422
12370 0.0001196843222714961
12380 0.0001201985869556665
12390 0.0001205410590046085
12400 0.0001207201712531969
12410 0.0001207585228257813
12420 0.000120685224828776
12430 0.0001205309818033129
12440 0.0001203283900395036
12450 0.0001201111954287626
12460 0.0001199154648929834
12470 0.000119773656479083
12480 0.0001197023011627607
12490 0.0001197018718812615
12500 0.000119763077236712
12510 0.0001198752070195042
12520 0.0001200182377942838
12530 0.0001201664781547152
12540 0.0001202923667733558
12550 0.0001203701176564209
12560 0.0001203813735628501
12570 0.0001203235879074782
12580 0.0001201936029247008
12590 0.0001199813996208832
12600 0.0001196925877593458
12610 0.000119331649329979
12620 0.0001188963869935833
12630 0.0001183813801617362
12640 0.0001177902959170751
12650 0.00011713060666807
12660 0.0001164074055850506
12670 0.0001156310390797444
12680 0.0001148194569395855
12690 0.0001139935047831386
12700 0.0001131746248574927
12710 0.0001123815673054196
12720 0.0001116262719733641
12730 0.0001109114746213891
12740 0.0001102277310565114
12750 0.0001095611223718151
12760 0.000108891210402362
12770 0.0001081953450920992
12780 0.0001074549873010255
12790 0.0001066589102265425
12800 0.0001058037232724018
12810 0.0001048892881954089
12820 0.0001039156704791822
12830 0.000102899364719633
12840 0.0001018657494569197
12850 0.0001008441613521427
12860 9.986049553845078e-05
12870 9.893161040963605e-05
12880 9.8070377134718e-05
12890 9.728243458084762e-05
12900 9.656818292569369e-05
12910 9.592074638931081e-05
12920 9.532317199045792e-05
12930 9.474813850829378e-05
12940 9.416122338734567e-05
12950 9.35304633458145e-05
12960 9.282864630222321e-05
12970 9.203840454574674e-05
12980 9.115513967117295e-05
12990 9.018043783726171e-05
13000 8.912442717701197e-05
13010 8.799938223091885e-05
13020 8.682329644216225e-05
13030 8.56190818012692e-05
13040 8.440969395451248e-05
13050 8.321752829942852e-05
13060 8.206626807805151e-05
13070 8.097765385173261e-05
13080 7.99644403741695e-05
13090 7.904614903964102e-05
13100 7.822952466085553e-05
13110 7.750593067612499e-05
13120 7.687019387958571e-05
13130 7.631463085999712e-05
13140 7.582684338558465e-05
13150 7.539464422734454e-05
13160 7.500527863157913e-05
13170 7.464467489626259e-05
13180 7.430492405546829e-05
13190 7.398076559184119e-05
13200 7.366260251728818e-05
13210 7.334347174037248e-05
13220 7.302574522327632e-05
13230 7.27217920939438e-05
13240 7.244791049743071e-05
13250 7.222458225442097e-05
13260 7.206815644167364e-05
13270 7.198379171313718e-05
13280 7.196766819106415e-05
13290 7.200810068752617e-05
13300 7.20881434972398e-05
13310 7.218674727482721e-05
13320 7.228658796520904e-05
13330 7.237541285576299e-05
13340 7.24497003830038e-05
13350 7.251145871123299e-05
13360 7.255427044583485e-05
13370 7.257174729602411e-05
13380 7.256813842104748e-05
13390 7.255400851136073e-05
13400 7.253584772115573e-05
13410 7.251682109199464e-05
13420 7.249807822518051e-05
13430 7.247875328175724e-05
13440 7.245424785651267e-05
13450 7.24119454389438e-05
13460 7.233743235701695e-05
13470 7.220804400276393e-05
13480 7.20074531272985e-05
13490 7.172967889346182e-05
13500 7.137987995520234e-05
13510 7.097518391674384e-05
13520 7.054161687847227e-05
13530 7.010356057435274e-05
13540 6.968076922930777e-05
13550 6.928187940502539e-05
13560 6.891025259392336e-05
13570 6.856105028418824e-05
13580 6.823019793955609e-05
13590 6.791661871830001e-05
13600 6.76127674523741e-05
13610 6.731942994520068e-05
13620 6.703627877868712e-05
13630 6.675372424069792e-05
13640 6.645914982073009e-05
13650 6.614754965994507e-05
13660 6.582320929737762e-05
13670 6.549125828314573e-05
13680 6.516196299344301e-05
13690 6.485296034952626e-05
13700 6.456788105424494e-05
13710 6.429934728657827e-05
13720 6.404118175851181e-05
13730 6.378265243256465e-05
13740 6.351099000312388e-05
13750 6.321437831502408e-05
13760 6.288103759288788e-05
13770 6.250371370697394e-05
13780 6.208557169884443e-05
13790 6.163823854876682e-05
13800 6.117612065281719e-05
13810 6.071093594073318e-05
13820 6.025298716849647e-05
13830 5.981036520097405e-05
13840 5.938904359936714e-05
13850 5.899441021028906e-05
13860 5.863547994522378e-05
13870 5.832657188875601e-05
13880 5.80783344048541e-05
13890 5.788438284071162e-05
13900 5.774016608484089e-05
13910 5.763178342022002e-05
13920 5.753592995461076e-05
13930 5.742775101680309e-05
13940 5.72842254769057e-05
13950 5.708406388293952e-05
13960 5.680994945578277e-05
13970 5.644963312079199e-05
13980 5.59972831979394e-05
13990 5.545641761273146e-05
14000 5.484188659465872e-05
14010 5.417669308371842e-05
14020 5.348482591216452e-05
14030 5.278664320940152e-05
14040 5.210550079937093e-05
14050 5.146553303347901e-05
14060 5.088841135147959e-05
14070 5.038782546762377e-05
14080 4.996455390937626e-05
14090 4.960690057487227e-05
14100 4.930803697789088e-05
14110 4.906112735625356e-05
14120 4.885443922830746e-05
14130 4.867148163612001e-05
14140 4.84968586533796e-05
14150 4.831167825614102e-05
14160 4.810037717106752e-05
14170 4.785867349710315e-05
14180 4.759811054100282e-05
14190 4.733689274871722e-05
14200 4.708180495072156e-05
14210 4.683847873820923e-05
14220 4.660779086407274e-05
14230 4.63850301457569e-05
14240 4.617086960934103e-05
14250 4.596418875735253e-05
14260 4.575658022076823e-05
14270 4.553971302811988e-05
14280 4.530896330834366e-05
14290 4.506909317569807e-05
14300 4.48267710453365e-05
14310 4.458377588889562e-05
14320 4.434239963302389e-05
14330 4.410635665408336e-05
14340 4.387508670333773e-05
14350 4.364942287793383e-05
14360 4.342662577982992e-05
14370 4.32114175055176e-05
14380 4.300961154513061e-05
14390 4.282130248611793e-05
14400 4.264383096597157e-05
14410 4.247669858159497e-05
14420 4.2324867536081e-05
14430 4.219081893097609e-05
14440 4.207199526717886e-05
14450 4.196819281787612e-05
14460 4.188191815046594e-05
14470 4.181774420430884e-05
14480 4.178312156000175e-05
14490 4.178070958005264e-05
14500 4.181579424766824e-05
14510 4.188921229797415e-05
14520 4.199205795885064e-05
14530 4.210947372484952e-05
14540 4.222346251481213e-05
14550 4.2318097257521e-05
14560 4.23810415668413e-05
14570 4.240297130309045e-05
14580 4.238218389218673e-05
14590 4.231662751408294e-05
14600 4.221744165988639e-05
14610 4.209646795061417e-05
14620 4.19633652199991e-05
14630 4.182978591416031e-05
14640 4.17065093643032e-05
14650 4.16009861510247e-05
14660 4.152068140683696e-05
14670 4.146951687289402e-05
14680 4.144834383623675e-05
14690 4.145636194152758e-05
14700 4.149072265136056e-05
14710 4.155835995334201e-05
14720 4.166299186181277e-05
14730 4.179626921541058e-05
14740 4.194803113932721e-05
14750 4.211004124954343e-05
14760 4.227188765071332e-05
14770 4.242425711709075e-05
14780 4.256791726220399e-05
14790 4.270517820259556e-05
14800 4.283152884454466e-05
14810 4.294269092497416e-05
14820 4.304137473809533e-05
14830 4.313869430916384e-05
14840 4.324852488934994e-05
14850 4.33862442150712e-05
14860 4.356227873358876e-05
14870 4.378145604277961e-05
14880 4.404320134199224e-05
14890 4.433789945323952e-05
14900 4.465011443244293e-05
14910 4.496031760936603e-05
14920 4.526047632680275e-05
14930 4.555382838589139e-05
14940 4.584161433740519e-05
14950 4.612052725860849e-05
14960 4.639455073629506e-05
14970 4.666336099035107e-05
14980 4.691608410212211e-05
14990 4.71491803182289e-05
15000 4.736619666800834e-05
15010 4.757137867272831e-05
15020 4.776804416906089e-05
15030 4.7956986236386e-05
15040 4.813758278032765e-05
15050 4.830263060284778e-05
15060 4.8439917009091e-05
15070 4.853149584960192e-05
15080 4.856519080931321e-05
15090 4.853438440477476e-05
15100 4.844030627282336e-05
15110 4.829392855754122e-05
15120 4.811260441783816e-05
15130 4.791194805875421e-05
15140 4.77032117487397e-05
15150 4.749209983856417e-05
15160 4.728219573735259e-05
15170 4.707735570264049e-05
15180 4.688471744884737e-05
15190 4.670974522014149e-05
15200 4.655849261325784e-05
15210 4.643819920602255e-05
15220 4.634719516616315e-05
15230 4.627908128895797e-05
15240 4.6224617108237e-05
15250 4.617460581357591e-05
15260 4.612726479535922e-05
15270 4.608231756719761e-05
15280 4.604924106388353e-05
15290 4.604236528393812e-05
15300 4.605709909810685e-05
15310 4.607983282767236e-05
15320 4.610156975104474e-05
15330 4.611261829268187e-05
15340 4.610594260157086e-05
15350 4.607825758284889e-05
15360 4.602771514328197e-05
15370 4.595427890308201e-05
15380 4.586512295645662e-05
15390 4.577269282890484e-05
15400 4.568937947624363e-05
15410 4.562468893709593e-05
15420 4.558541695587337e-05
15430 4.557456486509182e-05
15440 4.559298031381331e-05
15450 4.564080154523253e-05
15460 4.572092075250112e-05
15470 4.584071939461865e-05
15480 4.600449756253511e-05
15490 4.622058986569755e-05
15500 4.648433241527528e-05
15510 4.677585457102396e-05
15520 4.708672713604756e-05
15530 4.739181531476788e-05
15540 4.766169513459317e-05
15550 4.787261059391312e-05
15560 4.800617534783669e-05
15570 4.805190110346302e-05
15580 4.800458191311918e-05
15590 4.786697900271975e-05
15600 4.765369521919638e-05
0 3.582649878808297e-05
10 3.582130011636764e-05
20 3.583177385735326e-05
30 3.585710874176584e-05
40 3.589981497498229e-05
50 3.596222813939676e-05
60 3.60441226803232e-05
70 3.614796514739282e-05
80 3.627823025453836e-05
90 3.64370207535103e-05
100 3.662656672531739e-05
110 3.685159754240885e-05
120 3.711469253175892e-05
130 3.741484397323802e-05
140 3.774669312406331e-05
150 3.810337875620462e-05
160 3.847829793812707e-05
170 3.886569902533665e-05
180 3.925829878426157e-05
190 3.964251300203614e-05
200 4.001460911240429e-05
210 4.037121107103303e-05
220 4.07089974032715e-05
230 4.10301800002344e-05
240 4.134020127821714e-05
250 4.164444544585422e-05
260 4.195131623419002e-05
270 4.227101089782082e-05
280 4.260685091139749e-05
290 4.295285543776117e-05
300 4.331065792939626e-05
310 4.36858827015385e-05
320 4.407734013511799e-05
330 4.448496838449501e-05
340 4.491129948291928e-05
350 4.535613697953522e-05
360 4.581492976285517e-05
370 4.6281249524327e-05
380 4.675408854382113e-05
390 4.722853191196918e-05
400 4.769149381900206e-05
410 4.812930637854151e-05
420 4.853168138652109e-05
430 4.889698539045639e-05
440 4.923075539409183e-05
450 4.954235919285566e-05
460 4.984333281754516e-05
470 5.014911585021764e-05
480 5.047143349656835e-05
490 5.081854396848939e-05
500 5.119619163451716e-05
510 5.160519867786206e-05
520 5.20503890584223e-05
530 5.254513234831393e-05
540 5.309221523930319e-05
550 5.368218262447044e-05
560 5.430101373349316e-05
570 5.492610580404289e-05
580 5.554292147280648e-05
590 5.614156179944985e-05
600 5.671192411682568e-05
610 5.724490620195866e-05
620 5.772960503236391e-05
630 5.815935583086684e-05
640 5.854320988873951e-05
650 5.888782470719889e-05
660 5.919826071476564e-05
670 5.947607132839039e-05
680 5.972649523755535e-05
690 5.995590618113056e-05
700 6.016927000018768e-05
710 6.03682674409356e-05
720 6.055288395145908e-05
730 6.07175134064164e-05
740 6.084803681005724e-05
750 6.093017509556375e-05
760 6.095756907598116e-05
770 6.093326737754978e-05
780 6.086346547817811e-05
790 6.075413693906739e-05
800 6.061316526029259e-05
810 6.044822293915786e-05
820 6.027088966220617e-05
830 6.008745185681619e-05
840 5.990379941067658e-05
850 5.972635335638188e-05
860 5.956339373369701e-05
870 5.941771451034583e-05
880 5.929385588387959e-05
890 5.921295451116748e-05
900 5.917347880313173e-05
910 5.915593283134513e-05
920 5.914243592997082e-05
930 5.911722473683767e-05
940 5.907257218495943e-05
950 5.900557516724803e-05
960 5.891364344279282e-05
970 5.879513628315181e-05
980 5.865146522410214e-05
990 5.848721411894076e-05
1000 5.830484951729886e-05
1010 5.810523362015374e-05
1020 5.78897561354097e-05
1030 5.766037065768614e-05
1040 5.741596760344692e-05
1050 5.715535007766448e-05
1060 5.6880759075284e-05
1070 5.659434100380167e-05
1080 5.629777660942636e-05
1090 5.599222640739754e-05
1100 5.568233609665185e-05
1110 5.537327160709538e-05
1120 5.506524030352011e-05
1130 5.475712168845348e-05
1140 5.44503127457574e-05
1150 5.414084444055334e-05
1160 5.382397648645565e-05
1170 5.349544517230242e-05
1180 5.315099042491056e-05
1190 5.279019387671724e-05
1200 5.241719554760493e-05
1210 5.203988985158503e-05
1220 5.16658510605339e-05
1230 5.1299011829542e-05
1240 5.094555308460258e-05
1250 5.061213960289024e-05
1260 5.030466127209365e-05
1270 5.002531906939112e-05
1280 4.97687105962541e-05
1290 4.952772724209353e-05
1300 4.930410796077922e-05
1310 4.910278585157357e-05
1320 4.892491051577963e-05
1330 4.876824823440984e-05
1340 4.863025242229924e-05
1350 4.850944242207333e-05
1360 4.840110341319814e-05
1370 4.83103867736645e-05
1380 4.825019277632236e-05
1390 4.822235132451169e-05
1400 4.82292816741392e-05
1410 4.82703180750832e-05
1420 4.833924322156236e-05
1430 4.84309384773951e-05
1440 4.854631697526202e-05
1450 4.868195173912682e-05
1460 4.883176734438166e-05
1470 4.899262785329483e-05
1480 4.916496618534438e-05
1490 4.935386823490262e-05
1500 4.956253178534098e-05
1510 4.97825640195515e-05
1520 5.000249075237662e-05
1530 5.021192555432208e-05
1540 5.039939060225151e-05
1550 5.056137524661608e-05
1560 5.06937358295545e-05
1570 5.080237315269187e-05
1580 5.090138802188449e-05
1590 5.100375346955843e-05
1600 5.112034705234692e-05
1610 5.125926691107452e-05
1620 5.142642839928158e-05
1630 5.162305387784727e-05
1640 5.185176996747032e-05
1650 5.211253665038384e-05
1660 5.240208338364027e-05
1670 5.271802729112096e-05
1680 5.306142702465877e-05
1690 5.343269003788009e-05
1700 5.383316602092236e-05
1710 5.426447751233354e-05
1720 5.472335033118725e-05
1730 5.520207560039125e-05
1740 5.568872438743711e-05
1750 5.617061833618209e-05
1760 5.663387128151953e-05
1770 5.706501906388439e-05
1780 5.745290036429651e-05
1790 5.778279228252359e-05
1800 5.805254841106944e-05
1810 5.826216147397645e-05
1820 5.84125955356285e-05
1830 5.851049718330614e-05
1840 5.856353527633473e-05
1850 5.858033910044469e-05
1860 5.857041833223775e-05
1870 5.854020855622366e-05
1880 5.84886729484424e-05
1890 5.841358142788522e-05
1900 5.831701855640858e-05
1910 5.819936995976605e-05
1920 5.806195986224338e-05
1930 5.790958311990835e-05
1940 5.77461214561481e-05
1950 5.757350299973041e-05
1960 5.739266634918749e-05
1970 5.720324770663865e-05
1980 5.701024565496482e-05
1990 5.681441689375788e-05
2000 5.660794340656139e-05
2010 5.638212678604759e-05
2020 5.613078610622324e-05
2030 5.585559119936079e-05
2040 5.556307587539777e-05
2050 5.526299719349481e-05
2060 5.496754238265567e-05
2070 5.469207462738268e-05
2080 5.444587077363394e-05
2090 5.423113179858774e-05
2100 5.404616604209878e-05
2110 5.388568388298154e-05
2120 5.374846296035685e-05
2130 5.36404040758498e-05
2140 5.355913162929937e-05
2150 5.349781713448465e-05
2160 5.343839802662842e-05
2170 5.336648609954864e-05
2180 5.327505277819e-05
2190 5.31595287611708e-05
2200 5.301907731336541e-05
2210 5.28541931998916e-05
2220 5.266246807877906e-05
2230 5.244283238425851e-05
2240 5.220761886448599e-05
2250 5.196464917389676e-05
2260 5.171642624191009e-05
2270 5.146236071595922e-05
2280 5.120523564983159e-05
2290 5.094808147987351e-05
2300 5.069376857136376e-05
2310 5.044543650001287e-05
2320 5.020688331569545e-05
2330 4.997732685296796e-05
2340 4.974842158844694e-05
2350 4.951326263835654e-05
2360 4.927160262013786e-05
2370 4.90291859023273e-05
2380 4.879229163634591e-05
2390 4.856599480262958e-05
2400 4.835467916564085e-05
2410 4.816204818780534e-05
2420 4.799326779902913e-05
2430 4.784781049238518e-05
2440 4.772587271872908e-05
2450 4.762869139085524e-05
2460 4.756007547257468e-05
2470 4.751656160806306e-05
2480 4.749827348859981e-05
2490 4.752486711367965e-05
2500 4.759401781484485e-05
2510 4.768609142047353e-05
2520 4.778512447956018e-05
2530 4.787781654158607e-05
2540 4.795795757672749e-05
2550 4.80234702990856e-05
2560 4.807265213457868e-05
2570 4.810430982615799e-05
2580 4.81188362755347e-05
2590 4.811808685190044e-05
2600 4.81014940305613e-05
2610 4.806736978935078e-05
2620 4.801488830707967e-05
2630 4.794420237885788e-05
2640 4.785494093084708e-05
2650 4.774728949996643e-05
2660 4.762574099004269e-05
2670 4.749468644149601e-05
2680 4.735876427730545e-05
2690 4.721944787888788e-05
2700 4.708226697403006e-05
2710 4.695391544373706e-05
2720 4.683434235630557e-05
2730 4.672229624702595e-05
2740 4.661953425966203e-05
2750 4.652202915167436e-05
2760 4.642480780603364e-05
2770 4.632409763871692e-05
2780 4.621603875420988e-05
2790 4.610014366335236e-05
2800 4.597967563313432e-05
2810 4.586022259900346e-05
2820 4.574655758915469e-05
2830 4.564005212159827e-05
2840 4.554434781312011e-05
2850 4.546385753201321e-05
2860 4.540261215879582e-05
2870 4.536246342468075e-05
2880 4.533808169071563e-05
2890 4.532274397206493e-05
2900 4.531865124590695e-05
2910 4.533077299129218e-05
2920 4.53596148872748e-05
2930 4.540320878732018e-05
2940 4.545870251604356e-05
2950 4.552285463432781e-05
2960 4.559023727779277e-05
2970 4.566374627756886e-05
2980 4.57539499620907e-05
2990 4.586188879329711e-05
3000 4.598904706654139e-05
3010 4.613420969690196e-05
3020 4.629127943189815e-05
3030 4.64551048935391e-05
3040 4.662701394408941e-05
3050 4.680507117882371e-05
3060 4.69844599138014e-05
3070 4.716284092864953e-05
3080 4.734146932605654e-05
3090 4.752641325467266e-05
3100 4.772175816469826e-05
3110 4.792012623511255e-05
3120 4.81106253573671e-05
3130 4.828295277548023e-05
3140 4.842515045311302e-05
3150 4.853327118325979e-05
3160 4.860275294049643e-05
3170 4.863902358920313e-05
3180 4.865617302129976e-05
3190 4.866758536081761e-05
3200 4.868500764132477e-05
3210 4.871762212133035e-05
3220 4.877254832535982e-05
3230 4.885191810899414e-05
3240 4.895922756986693e-05
3250 4.909483322990127e-05
3260 4.925568646285683e-05
3270 4.943933163303882e-05
3280 4.964704203302972e-05
3290 4.98796216561459e-05
3300 5.013899499317631e-05
3310 5.042772681917995e-05
3320 5.074351793155074e-05
3330 5.107971446705051e-05
3340 5.142567533766851e-05
3350 5.177018829272129e-05
3360 5.210142626310699e-05
3370 5.240775135462172e-05
3380 5.267961751087569e-05
3390 5.290344779496081e-05
3400 5.307769606588408e-05
3410 5.320268246578053e-05
3420 5.327996768755838e-05
3430 5.331719876267016e-05
3440 5.332299406290986e-05
3450 5.330482235876843e-05
3460 5.327168400981463e-05
3470 5.323020013747737e-05
3480 5.317976319929585e-05
3490 5.311649510986172e-05
3500 5.304265505401418e-05
3510 5.295751543599181e-05
3520 5.285947554511949e-05
3530 5.275140938465483e-05
3540 5.263635102892295e-05
3550 5.251550101093017e-05
3560 5.238971061771736e-05
3570 5.225891072768718e-05
3580 5.212885662331246e-05
3590 5.200126543059014e-05
3600 5.18700253451243e-05
3610 5.172811870579608e-05
3620 5.157072519068606e-05
3630 5.140029679751024e-05
3640 5.122403672430664e-05
3650 5.105130549054593e-05
3660 5.089305705041625e-05
3670 5.076283923699521e-05
3680 5.066835001343861e-05
3690 5.061168849351816e-05
3700 5.059075556346215e-05
3710 5.059936665929854e-05
3720 5.063690332463011e-05
3730 5.070947736385278e-05
3740 5.081497874925844e-05
3750 5.094536390970461e-05
3760 5.108329423819669e-05
3770 5.121006688568741e-05
3780 5.131703073857352e-05
3790 5.139771019457839e-05
3800 5.144967144588009e-05
3810 5.147237970959395e-05
3820 5.146202965988778e-05
3830 5.141713700140826e-05
3840 5.134935781825334e-05
3850 5.126644828123972e-05
3860 5.117281034472398e-05
3870 5.106992466608062e-05
3880 5.096249515190721e-05
3890 5.085537122795358e-05
3900 5.075274748378433e-05
3910 5.065860750619322e-05
3920 5.057620364823379e-05
3930 5.050353865954094e-05
3940 5.04306226503104e-05
3950 5.034896457800642e-05
3960 5.025679638492875e-05
3970 5.015939677832648e-05
3980 5.006305946153589e-05
3990 4.997262294637039e-05
4000 4.989336230210029e-05
4010 4.982935570296831e-05
4020 4.978602737537585e-05
4030 4.976268974132836e-05
4040 4.975914634997025e-05
4050 4.977705975761637e-05
4060 4.982079917681403e-05
4070 4.988849104847759e-05
4080 4.998084114049561e-05
4090 5.011645771446638e-05
4100 5.029235035181046e-05
4110 5.048854654887691e-05
4120 5.068834434496239e-05
4130 5.087702447781339e-05
4140 5.104701631353237e-05
4150 5.119499473948963e-05
4160 5.131874058861285e-05
4170 5.141644578543492e-05
4180 5.148848504177295e-05
4190 5.153749953024089e-05
4200 5.156436964171007e-05
4210 5.156842962605879e-05
4220 5.154970858711749e-05
4230 5.150896322447807e-05
4240 5.144477836438455e-05
4250 5.135681931278668e-05
4260 5.124894232721999e-05
4270 5.112499638926238e-05
4280 5.098874680697918e-05
4290 5.08433222421445e-05
4300 5.069415055913851e-05
4310 5.054775101598352e-05
4320 5.040413088863716e-05
4330 5.026191502111033e-05
4340 5.012315523345023e-05
4350 4.998446092940867e-05
4360 4.9841713916976e-05
4370 4.969228757545352e-05
4380 4.953266397933476e-05
4390 4.936297045787796e-05
4400 4.918720514979213e-05
4410 4.901196734863333e-05
4420 4.884265945293009e-05
4430 4.868152609560639e-05
4440 4.853273640037514e-05
4450 4.840061592403799e-05
4460 4.828910823562182e-05
4470 4.819977039005607e-05
4480 4.812730912817642e-05
4490 4.806491415365599e-05
4500 4.801396426046267e-05
4510 4.797842484549619e-05
4520 4.795802306034602e-05
4530 4.794948472408578e-05
4540 4.794823325937614e-05
4550 4.795198401552625e-05
4560 4.795449058292434e-05
4570 4.795847780769691e-05
4580 4.797549627255648e-05
4590 4.800775786861777e-05
4600 4.805648859473877e-05
4610 4.812010956811719e-05
4620 4.819238165509887e-05
4630 4.826863005291671e-05
4640 4.834977153223008e-05
4650 4.843300848733634e-05
4660 4.851213088841178e-05
4670 4.85839627799578e-05
4680 4.864954098593444e-05
4690 4.871416967944242e-05
4700 4.878087929682806e-05
4710 4.884171357844025e-05
4720 4.888505645794794e-05
4730 4.890008858637884e-05
4740 4.887533214059658e-05
4750 4.880738197243772e-05
4760 4.869240001426078e-05
4770 4.853698555962183e-05
4780 4.835579966311343e-05
4790 4.816258297068998e-05
4800 4.796937719220296e-05
4810 4.778640504810028e-05
4820 4.762161916005425e-05
4830 4.747855200548656e-05
4840 4.736021583084948e-05
4850 4.726831684820354e-05
4860 4.72006322524976e-05
4870 4.71549246867653e-05
4880 4.713226007879712e-05
4890 4.713272210210562e-05
4900 4.715760223916732e-05
4910 4.720866854768246e-05
4920 4.728287603938952e-05
4930 4.73736108688172e-05
4940 4.747070488519967e-05
4950 4.756366979563609e-05
4960 4.764241384691559e-05
4970 4.769821316585876e-05
4980 4.772386091644876e-05
4990 4.770719169755466e-05
5000 4.764681580127217e-05
5010 4.754359179059975e-05
5020 4.739952419186011e-05
5030 4.722249286714941e-05
5040 4.70209342893213e-05
5050 4.68032194476109e-05
5060 4.657898534787819e-05
5070 4.635482400772162e-05
5080 4.613058263203129e-05
5090 4.59027687611524e-05
5100 4.567463838611729e-05
5110 4.544583134702407e-05
5120 4.52143867732957e-05
5130 4.498309863265604e-05
5140 4.475566311157309e-05
5150 4.453270230442286e-05
5160 4.431453635334037e-05
5170 4.410135807120241e-05
5180 4.389904279378243e-05
5190 4.370961323729716e-05
5200 4.352754331193864e-05
5210 4.334590994403698e-05
5220 4.315921250963584e-05
5230 4.296856059227139e-05
5240 4.277930565876886e-05
5250 4.259841807652265e-05
5260 4.243419971317053e-05
5270 4.229773549013771e-05
5280 4.219504626234993e-05
5290 4.212817657389678e-05
5300 4.20959731854964e-05
5310 4.209513645037077e-05
5320 4.212814019410871e-05
5330 4.220378468744457e-05
5340 4.232157880323939e-05
5350 4.247518518241122e-05
5360 4.265127063263208e-05
5370 4.283114685676992e-05
5380 4.30062718805857e-05
5390 4.317037382861599e-05
5400 4.33195564255584e-05
5410 4.345202250988223e-05
5420 4.356152567197569e-05
5430 4.364424603409134e-05
5440 4.370909300632775e-05
5450 4.376135257189162e-05
5460 4.380388418212533e-05
5470 4.383855775813572e-05
5480 4.38706592831295e-05
5490 4.390543108456768e-05
5500 4.394681673147716e-05
5510 4.399802128318697e-05
5520 4.4060518121114e-05
5530 4.413083297549747e-05
5540 4.419772085384466e-05
5550 4.42521195509471e-05
5560 4.429150430951267e-05
5570 4.432026980794035e-05
5580 4.434397123986855e-05
5590 4.436626477399841e-05
5600 4.439209442352876e-05
5610 4.44247416453436e-05
5620 4.447024912224151e-05
5630 4.452951543498784e-05
5640 4.460400668904185e-05
5650 4.469646228244528e-05
5660 4.48106620751787e-05
5670 4.494548556976952e-05
5680 4.51024025096558e-05
5690 4.52999556728173e-05
5700 4.55362351203803e-05
5710 4.579203232424334e-05
5720 4.605044159688987e-05
5730 4.629636532627046e-05
5740 4.652214920497499e-05
5750 4.672483919421211e-05
5760 4.690298737841658e-05
5770 4.705550236394629e-05
5780 4.718304626294412e-05
5790 4.728802377940156e-05
5800 4.737085328088142e-05
5810 4.74305015814025e-05
5820 4.746638296637684e-05
5830 4.747831917484291e-05
5840 4.746432023239322e-05
5850 4.742377859656699e-05
5860 4.73597610834986e-05
5870 4.727548366645351e-05
5880 4.717320553027093e-05
5890 4.705480750999413e-05
5900 4.692397124017589e-05
5910 4.678564437199384e-05
5920 4.663923027692363e-05
5930 4.648288449971005e-05
5940 4.63170072180219e-05
5950 4.61373056168668e-05
5960 4.593949051923119e-05
5970 4.572140824166127e-05
5980 4.548038123175502e-05
5990 4.521706796367653e-05
6000 4.493518645176664e-05
6010 4.46409139840398e-05
6020 4.433996946318075e-05
6030 4.403545972309075e-05
6040 4.373197225504555e-05
6050 4.343373439041898e-05
6060 4.31441658292897e-05
6070 4.286388139007613e-05
6080 4.258932312950492e-05
6090 4.231477942084894e-05
6100 4.204085416859016e-05
6110 4.176892252871767e-05
6120 4.149667802266777e-05
6130 4.121954771107994e-05
6140 4.093299867236055e-05
6150 4.063580490765162e-05
6160 4.03228223149199e-05
6170 4.00006647396367e-05
6180 3.968059900216758e-05
6190 3.936556458938867e-05
6200 3.905823177774437e-05
6210 3.875857873936184e-05
6220 3.846216714009643e-05
6230 3.816644675680436e-05
6240 3.787353489315137e-05
6250 3.75805284420494e-05
6260 3.728067895281129e-05
6270 3.697003194247372e-05
6280 3.66482709068805e-05
6290 3.63193939847406e-05
6300 3.598542753024958e-05
6310 3.564013604773208e-05
6320 3.527454464347102e-05
6330 3.488294896669686e-05
6340 3.446104892645963e-05
6350 3.400964851607569e-05
6360 3.352751082275063e-05
6370 3.30195834976621e-05
6380 3.249944347771816e-05
6390 3.198079502908513e-05
6400 3.147298048133962e-05
6410 3.098180604865775e-05
6420 3.051370731554925e-05
6430 3.007284612976946e-05
6440 2.965893145301379e-05
6450 2.927350942627527e-05
6460 2.891490657930262e-05
6470 2.858193874999415e-05
6480 2.82759647234343e-05
6490 2.799619323923253e-05
6500 2.774160748231225e-05
6510 2.751238389464561e-05
6520 2.730722553678788e-05
6530 2.712283276196104e-05
6540 2.69536831183359e-05
6550 2.67936811724212e-05
6560 2.663695886440109e-05
6570 2.647841029101983e-05
6580 2.631382085382938e-05
6590 2.613552533148322e-05
6600 2.594236866571009e-05
6610 2.57358406088315e-05
6620 2.551840407249983e-05
6630 2.529592893552035e-05
6640 2.50748544203816e-05
6650 2.486161974957213e-05
6660 2.466460864525288e-05
6670 2.448676605126821e-05
6680 2.432575092825573e-05
6690 2.417520772723947e-05
6700 2.403463258815464e-05
6710 2.390579174971208e-05
6720 2.37872518482618e-05
6730 2.367997331020888e-05
6740 2.359142854402307e-05
6750 2.35211609833641e-05
6760 2.34677063417621e-05
6770 2.343035703233909e-05
6780 2.341222352697514e-05
6790 2.341268918826245e-05
6800 2.342617153772153e-05
6810 2.34455455938587e-05
6820 2.346441760892048e-05
6830 2.348053749301471e-05
6840 2.349431997572538e-05
6850 2.350837166886777e-05
6860 2.352812043682206e-05
6870 2.356279401283246e-05
6880 2.361812039453071e-05
6890 2.369757567066699e-05
6900 2.380328078288585e-05
6910 2.39353521465091e-05
6920 2.409605440334417e-05
6930 2.429133019177243e-05
6940 2.452050102874637e-05
6950 2.478014903317671e-05
6960 2.506844612071291e-05
6970 2.537567706895061e-05
6980 2.569291427789722e-05
6990 2.601500818855129e-05
7000 2.633512303873431e-05
7010 2.66516326519195e-05
7020 2.69597330770921e-05
7030 2.725564627326094e-05
7040 2.754549313976895e-05
7050 2.782973024295643e-05
7060 2.810571277223062e-05
7070 2.83714853139827e-05
7080 2.862745714082848e-05
7090 2.88740084215533e-05
7100 2.911208139266819e-05
7110 2.934392978204414e-05
7120 2.957168908324093e-05
7130 2.979449709528126e-05
7140 3.000539436470717e-05
7150 3.020014446519781e-05
7160 3.037981332454365e-05
7170 3.055028355447575e-05
7180 3.071828177780844e-05
7190 3.08880080410745e-05
7200 3.106501026195474e-05
7210 3.125604780507274e-05
7220 3.146776361973025e-05
7230 3.170186391798779e-05
7240 3.195747922291048e-05
7250 3.22336818499025e-05
7260 3.252807437092997e-05
7270 3.283523255959153e-05
7280 3.315894718980417e-05
7290 3.351212944835424e-05
7300 3.389047924429178e-05
7310 3.427720730542205e-05
7320 3.465972986305133e-05
7330 3.502781328279525e-05
7340 3.537685552146286e-05
7350 3.570763510651886e-05
7360 3.602256037993357e-05
7370 3.63237013516482e-05
7380 3.661259324871935e-05
7390 3.68912769772578e-05
7400 3.715971615747549e-05
7410 3.741649197763763e-05
7420 3.76598873117473e-05
7430 3.788877802435309e-05
7440 3.810081398114562e-05
7450 3.829276101896539e-05
7460 3.846352046821266e-05
7470 3.861146251438186e-05
7480 3.873617242788896e-05
7490 3.884163379552774e-05
7500 3.893016764777713e-05
7510 3.901091258740053e-05
7520 3.908849976141937e-05
7530 3.916016066796146e-05
7540 3.922710675396957e-05
7550 3.928731894120574e-05
7560 3.933731204597279e-05
7570 3.93742993765045e-05
7580 3.93937953049317e-05
7590 3.939549787901342e-05
7600 3.938387089874595e-05
7610 3.936596840503626e-05
7620 3.934846972697414e-05
7630 3.933540938305669e-05
7640 3.93324917240534e-05
7650 3.934488631784916e-05
7660 3.937759538530372e-05
7670 3.943215415347368e-05
7680 3.950324753532186e-05
7690 3.958096567657776e-05
7700 3.966143412981182e-05
7710 3.974615538027138e-05
7720 3.983620626968332e-05
7730 3.993135032942519e-05
7740 4.003497815574519e-05
7750 4.014858859591186e-05
7760 4.026786336908117e-05
7770 4.039667328470387e-05
7780 4.054900637129322e-05
7790 4.072445881320164e-05
7800 4.092039671377279e-05
7810 4.113407339900732e-05
7820 4.136063216719776e-05
7830 4.15955000789836e-05
7840 4.184182762401178e-05
7850 4.210015322314575e-05
7860 4.236563472659327e-05
7870 4.263400478521362e-05
7880 4.290238211979158e-05
7890 4.317223283578642e-05
7900 4.344245462561958e-05
7910 4.370107490103692e-05
7920 4.393377093947493e-05
7930 4.412981797941029e-05
7940 4.427908788784407e-05
7950 4.437952884472907e-05
7960 4.443002762855031e-05
7970 4.443944271770306e-05
7980 4.44235593022313e-05
7990 4.440025804797187e-05
8000 4.438382165972143e-05
8010 4.438927862793207e-05
8020 4.442701902007684e-05
8030 4.450004053069279e-05
8040 4.460784839466214e-05
8050 4.474918023333885e-05
8060 4.49201361334417e-05
8070 4.511834777076729e-05
8080 4.534047548077069e-05
8090 4.557937427307479e-05
8100 4.583071495289914e-05
8110 4.609121242538095e-05
8120 4.635380173567683e-05
8130 4.660787817556411e-05
8140 4.6840104914736e-05
8150 4.703820013673976e-05
8160 4.719307253253646e-05
8170 4.729846477857791e-05
8180 4.735166294267401e-05
8190 4.734579852083698e-05
8200 4.728679778054357e-05
8210 4.718212585430592e-05
8220 4.703900413005613e-05
8230 4.687012915383093e-05
8240 4.668944529839791e-05
8250 4.651137351174839e-05
8260 4.634694414562546e-05
8270 4.620469917426817e-05
8280 4.608523158822209e-05
8290 4.598148007062264e-05
8300 4.589500895235687e-05
8310 4.58258728031069e-05
8320 4.576483843266033e-05
8330 4.571057797875255e-05
8340 4.566353891277686e-05
8350 4.562082540360279e-05
8360 4.558145883493125e-05
8370 4.5545726607088e-05
8380 4.552152313408442e-05
8390 4.551408346742392e-05
8400 4.551976599032059e-05
8550 4.74384032713715e-05
8570 4.794474443770014e-05
