"Time Step" "point-tau_vm-c"
20210 11.29399394989014
20220 8.733870506286621
20230 12.76737022399902
20240 11.73324871063232
20250 14.15221881866455
20260 12.32858276367188
20270 14.48330879211426
20280 12.62086868286133
20290 7.915387153625488
20300 11.16071128845215
20310 7.310077667236328
20320 7.238850116729736
20330 13.52209091186523
20340 10.39316844940186
20350 9.739302635192871
20360 10.15146446228027
20370 14.43271350860596
20380 10.53901290893555
20390 7.90723705291748
20400 7.230676651000977
20410 9.842613220214844
20420 15.6074857711792
20430 14.04237651824951
20440 16.21387100219727
20450 24.34759902954102
20460 13.38327884674072
20470 35.66957855224609
20480 23.89747428894043
20490 15.75382804870605
20500 17.87334442138672
20510 12.94886779785156
20520 6.359881401062012
20530 17.34166145324707
20540 28.5285758972168
20550 22.92378234863281
20560 21.84563064575195
20570 18.71120834350586
20580 13.41817474365234
20590 17.15687942504883
20600 14.30117702484131
20610 15.09610557556152
20620 14.36988353729248
20630 23.12260055541992
20640 18.14752197265625
20650 12.03115463256836
20660 12.2305908203125
20670 28.82786560058594
20680 15.84931468963623
20690 22.27413940429688
20700 21.31739807128906
20710 16.23814582824707
20720 14.34383773803711
20730 24.01324653625488
20740 21.69680213928223
20750 19.50302124023438
20760 8.123485565185547
20770 9.454769134521484
20780 11.08695507049561
20790 12.60487365722656
20800 48.39213943481445
20810 33.75864410400391
20820 17.51041412353516
20830 19.82037734985352
20840 20.51019668579102
20850 11.53928184509277
20860 21.05096435546875
20870 9.63123607635498
20880 17.9416446685791
20890 22.32447624206543
20900 20.31950378417969
20910 16.0830078125
20920 12.62952995300293
20930 19.74484252929688
20940 17.91983032226562
20950 22.58581161499023
20960 9.162737846374512
20970 10.19916915893555
20980 21.83656311035156
20990 12.889573097229
21000 16.51730728149414
21010 13.48081588745117
21020 10.35907745361328
21030 18.34788513183594
21040 15.50107288360596
21050 15.71401691436768
21060 15.96650505065918
21070 14.0833158493042
21080 9.921775817871094
21090 7.080002784729004
21100 8.612351417541504
21110 16.2318000793457
21120 10.77837657928467
21130 12.94944953918457
21140 17.94462966918945
21150 21.41447639465332
21160 14.1562671661377
21170 16.74996376037598
21180 31.03249168395996
21190 32.46920776367188
21200 18.46036529541016
21210 19.92203521728516
21220 16.87917327880859
21230 14.85039329528809
21240 37.51041412353516
21250 38.82810211181641
21260 14.61304092407227
21270 14.14174652099609
21280 22.36551284790039
21290 13.6965389251709
21300 17.20343017578125
21310 21.31428909301758
21320 17.55489158630371
21330 11.52334403991699
21340 13.48265647888184
21350 12.04429912567139
21360 16.33982849121094
21370 12.09790134429932
21380 20.15264511108398
21390 11.29149532318115
21400 6.662572383880615
21410 6.009332656860352
21420 6.020967483520508
21430 8.75782585144043
21440 10.7989673614502
21450 10.25862598419189
21460 6.777083873748779
21470 10.14623641967773
21480 10.0331335067749
21490 11.11618518829346
21500 15.00522136688232
21510 19.65306091308594
21520 33.72043228149414
21530 20.93716812133789
21540 13.56399154663086
21550 17.2541389465332
21560 11.98082733154297
21570 8.952279090881348
21580 17.93437004089355
21590 8.981328964233398
21600 12.75198936462402
21610 19.26472282409668
21620 24.45598220825195
21630 24.47169494628906
21640 15.99144649505615
21650 16.2197265625
21660 17.54538536071777
21670 16.17607879638672
21680 12.15942096710205
21690 9.191137313842773
21700 14.00417804718018
21710 6.227487564086914
21720 11.1983814239502
21730 12.82037925720215
21740 22.80602264404297
21750 28.38022422790527
21760 27.88371276855469
21770 11.22087287902832
21780 23.3102970123291
21790 27.41736602783203
21800 24.39934158325195
21810 14.01616764068604
21820 11.72063446044922
21830 12.8066234588623
21840 9.772971153259277
21850 14.61387634277344
21860 20.22259140014648
21870 10.91406345367432
21880 11.06901836395264
21890 10.06676292419434
21900 15.57021617889404
21910 16.79848289489746
21920 10.10838794708252
21930 23.79938507080078
21940 22.50910758972168
21950 25.64235687255859
21960 31.45703506469727
21970 18.2189769744873
21980 23.18209075927734
21990 16.76667213439941
22000 31.59549713134766
22010 22.64985656738281
22020 22.65036773681641
22030 18.61548805236816
22040 25.01340103149414
22050 22.1776065826416
22060 12.72603988647461
22070 9.945779800415039
22080 17.01297378540039
22090 24.44962310791016
22100 22.77425765991211
22110 15.95315361022949
22120 18.50414085388184
22130 8.808498382568359
22140 7.673012256622314
22150 11.60006523132324
22160 16.74916458129883
22170 26.52801513671875
22180 21.23141860961914
22190 15.47080230712891
22200 18.57880783081055
22210 18.05686569213867
22220 18.37076759338379
22230 10.24394226074219
22240 21.79861068725586
22250 8.837423324584961
22260 8.567898750305176
22270 14.27609920501709
22280 12.00693130493164
22290 9.807491302490234
22300 17.2627124786377
22310 16.39724540710449
22320 10.47253608703613
22330 7.10349178314209
22340 12.9210729598999
22350 9.392598152160645
22360 6.801099300384521
22370 16.21937370300293
22380 27.78861999511719
22390 25.79592323303223
22400 14.39903545379639
22410 49.78125
22420 31.15995025634766
22430 30.04240036010742
22440 23.31069183349609
22450 37.15613555908203
22460 44.29897689819336
22470 13.95412445068359
22480 10.46957588195801
22490 14.1036205291748
22500 18.1722354888916
22510 10.61538314819336
22520 20.43588638305664
22530 15.82023239135742
22540 15.00755310058594
22550 17.83488464355469
22560 8.078129768371582
22570 13.02553558349609
22580 10.28429222106934
22590 16.41094207763672
22600 13.82556629180908
22610 16.57187652587891
22620 10.80143165588379
22630 12.43605041503906
22640 14.84464645385742
22650 18.46274566650391
22660 19.15584754943848
22670 8.486448287963867
22680 8.972371101379395
22690 8.421916961669922
22700 10.55412197113037
22710 12.41046047210693
22720 12.53136825561523
22730 10.31998825073242
22740 10.88744831085205
22750 10.35301208496094
22760 23.62106323242188
22770 9.124392509460449
22780 12.43940162658691
22790 18.60028839111328
22800 14.23640155792236
22810 26.71029853820801
22820 38.79600524902344
22830 22.2145881652832
22840 26.97365188598633
22850 10.81708335876465
22860 22.7298526763916
22870 17.30488967895508
22880 21.53952407836914
22890 13.10920429229736
22900 24.4848747253418
22910 10.43818187713623
22920 22.80361175537109
22930 16.70632171630859
22940 16.44329261779785
22950 22.95746612548828
22960 12.62747764587402
22970 15.46281242370605
22980 19.43883895874023
22990 13.40331268310547
23000 14.14823055267334
23010 13.32341194152832
23020 7.238288879394531
23030 7.216200351715088
23040 9.503973007202148
23050 6.80242395401001
23060 10.10055828094482
23070 11.7212438583374
23080 19.35181045532227
23090 20.36105346679688
23100 12.95855331420898
23110 10.73653507232666
23120 14.3112964630127
23130 7.135100364685059
23140 6.416998386383057
23150 4.488148212432861
23160 7.80101203918457
23170 11.06092739105225
23180 13.41550159454346
23190 9.831501007080078
23200 8.2669677734375
23210 32.51315307617188
23220 48.79605102539062
23230 43.91221618652344
23240 19.11749267578125
23250 20.83208465576172
23260 24.22173500061035
23270 30.33410263061523
23280 15.1210880279541
23290 17.87783432006836
23300 18.45190048217773
23310 15.93802547454834
23320 10.37832832336426
23330 14.28374862670898
23340 7.885976314544678
23350 13.20901107788086
23360 22.29557228088379
23370 31.82231903076172
23380 32.9031867980957
23390 19.04818344116211
23400 21.10266876220703
23410 12.5272102355957
23420 13.38397121429443
23430 14.71159362792969
23440 13.99173259735107
23450 17.56779861450195
23460 30.99897384643555
23470 26.48415184020996
23480 10.04884910583496
23490 8.906068801879883
23500 20.55743026733398
23510 11.21365165710449
23520 16.24308776855469
23530 12.06175327301025
23540 6.090249061584473
23550 9.187978744506836
23560 18.10268974304199
23570 28.28634452819824
23580 19.1490306854248
23590 7.749154090881348
23600 8.587281227111816
23610 14.98806953430176
23620 22.53014945983887
23630 31.93154335021973
23640 38.36275482177734
23650 25.00404930114746
23660 15.79685211181641
23670 19.97607231140137
23680 26.95729446411133
23690 31.96581840515137
23700 11.24390125274658
23710 12.4568510055542
23720 9.919105529785156
23730 7.796525478363037
23740 11.85377597808838
23750 13.57172393798828
23760 8.812078475952148
23770 7.442168235778809
23780 9.869478225708008
23790 16.39072036743164
23800 29.98645782470703
23810 13.49486923217773
23820 9.920872688293457
23830 8.90864372253418
23840 7.8453369140625
23850 12.23847389221191
23860 6.125617980957031
23870 9.434489250183105
23880 8.604972839355469
23890 4.759042739868164
23900 13.08406543731689
23910 28.90729713439941
23920 21.07976913452148
23930 18.0134334564209
23940 13.59726810455322
23950 11.89116287231445
23960 16.11185073852539
23970 12.73510646820068
23980 6.524320602416992
23990 6.592008590698242
24000 12.2590217590332
15610 11.01363277435303
15620 12.512864112854
15630 16.75603485107422
15640 14.43950462341309
15650 15.79645919799805
15660 19.26778221130371
15670 10.32382392883301
15680 12.19224262237549
15690 26.39554405212402
15700 15.6088752746582
15710 14.32433605194092
15720 17.82591247558594
15730 19.99950408935547
15740 30.25225067138672
15750 12.6187686920166
15760 11.11736392974854
15770 13.34876346588135
15780 13.86091423034668
15790 14.26152515411377
15800 12.92828273773193
15810 6.761224746704102
15820 8.725734710693359
15830 10.85788154602051
15840 6.490207672119141
15850 14.76243782043457
15860 17.51291084289551
15870 10.94472217559814
15880 10.2808895111084
15890 9.145382881164551
15900 10.86409950256348
15910 16.02133941650391
15920 9.234975814819336
15930 8.856229782104492
15940 11.24424171447754
15950 12.16503238677979
15960 11.34673690795898
15970 14.27218627929688
15980 13.85476589202881
15990 10.87982845306396
16000 5.122884273529053
16010 6.96691370010376
16020 12.3012580871582
16030 16.64554595947266
16040 18.47869491577148
16050 16.29145050048828
16060 21.66946411132812
16070 19.55383491516113
16080 9.306208610534668
16090 22.60032653808594
16100 10.58389091491699
16110 17.74019813537598
16120 27.77715110778809
16130 28.24060440063477
16140 14.28183937072754
16150 7.301241397857666
16160 12.85714340209961
16170 14.63642311096191
16180 14.2281608581543
16190 18.21357345581055
16200 18.55171775817871
16210 8.271071434020996
16220 6.896679401397705
16230 5.096100330352783
16240 10.13041114807129
16250 9.335391998291016
16260 10.17758274078369
16270 8.099297523498535
16280 6.978207111358643
16290 6.101788997650146
16300 4.964305400848389
16310 13.52898788452148
16320 12.06845664978027
16330 23.30252456665039
16340 21.70136642456055
16350 5.145860195159912
16360 6.908195972442627
16370 5.108253002166748
16380 8.225728988647461
16390 13.65813446044922
16400 11.71900653839111
16410 14.00013732910156
16420 19.05344390869141
16430 19.27336692810059
16440 16.02918434143066
16450 25.56412315368652
16460 14.5140552520752
16470 19.07999992370605
16480 21.61257171630859
16490 18.71440887451172
16500 17.04524993896484
16510 18.06871223449707
16520 17.15548515319824
16530 14.6036376953125
16540 18.56460380554199
16550 20.46341896057129
16560 15.97032928466797
16570 11.60296440124512
16580 16.19231033325195
16590 9.350082397460938
16600 16.67918968200684
16610 8.724739074707031
16620 14.2938117980957
16630 13.30841827392578
16640 8.296335220336914
16650 6.387545585632324
16660 5.775699615478516
16670 13.81536483764648
16680 21.82962799072266
16690 11.66667747497559
16700 9.599067687988281
16710 10.18153190612793
16720 11.44189643859863
16730 10.44754505157471
16740 5.288934707641602
16750 10.78695583343506
16760 10.63141441345215
16770 9.818747520446777
16780 5.907430648803711
16790 5.993955612182617
16800 5.518594741821289
16810 17.92341232299805
16820 23.76865577697754
16830 39.19841003417969
16840 22.44145584106445
16850 18.22132110595703
16860 32.47924041748047
16870 13.21932601928711
16880 17.70336723327637
16890 20.27785491943359
16900 14.98600387573242
16910 15.29315567016602
16920 28.18379211425781
16930 22.56377601623535
16940 18.55255699157715
16950 27.3637523651123
16960 8.902694702148438
16970 16.79048156738281
16980 8.689610481262207
16990 11.78180503845215
17000 12.47896575927734
17010 15.63531303405762
17020 8.383029937744141
17030 5.853441715240479
17040 11.21200466156006
17050 11.18741798400879
17060 10.84645938873291
17070 13.04864120483398
17080 14.36437892913818
17090 6.572988510131836
17100 10.5933198928833
17110 5.246845245361328
17120 6.807567119598389
17130 5.932182312011719
17140 2.720670700073242
17150 7.259978294372559
17160 9.440214157104492
17170 17.22149085998535
17180 7.830828189849854
17190 3.559545516967773
17200 10.37352466583252
17210 54.95651245117188
17220 25.18435287475586
17230 17.64877510070801
17240 15.86129093170166
17250 23.11247253417969
17260 22.52967834472656
17270 24.34357070922852
17280 19.20957946777344
17290 32.77986907958984
17300 26.27169418334961
17310 11.63511657714844
17320 13.36549472808838
17330 14.72688293457031
17340 17.43934059143066
17350 23.38676071166992
17360 23.58896827697754
17370 20.12960052490234
17380 13.51473045349121
17390 13.11591243743896
17400 14.00107574462891
17410 10.36484718322754
17420 15.00154876708984
17430 13.03108215332031
17440 16.2114372253418
17450 22.7254753112793
17460 23.48048782348633
17470 14.78742980957031
17480 11.9945821762085
17490 7.960488319396973
17500 20.31516456604004
17510 24.81967735290527
17520 16.78479957580566
17530 10.59561729431152
17540 7.60100269317627
17550 6.202816963195801
17560 5.488901138305664
17570 14.08519172668457
17580 18.993896484375
17590 5.918279647827148
17600 20.2030143737793
17610 36.00669860839844
17620 24.83472633361816
17630 26.79730606079102
17640 14.11611938476562
17650 28.73346328735352
17660 18.6512279510498
17670 18.13811492919922
17680 25.68886756896973
17690 17.99383926391602
17700 15.24536323547363
17710 8.60922908782959
17720 12.46400451660156
17730 20.45588684082031
17740 17.57146835327148
17750 15.30039691925049
17760 20.51668739318848
17770 18.06409454345703
17780 15.55315780639648
17790 9.05988597869873
17800 17.70431518554688
17810 29.39084053039551
17820 14.49014377593994
17830 12.47306823730469
17840 7.785510540008545
17850 19.43289947509766
17860 21.53316497802734
17870 10.23557472229004
17880 8.396345138549805
17890 7.660726547241211
17900 8.731620788574219
17910 11.45044326782227
17920 14.99885368347168
17930 12.70519828796387
17940 16.90248489379883
17950 9.503277778625488
17960 5.229148387908936
17970 7.006329536437988
17980 9.752639770507812
17990 17.31475639343262
18000 31.88125991821289
18010 32.05828475952148
18020 25.97283744812012
18030 16.36214256286621
18040 27.24800300598145
18050 15.20098495483398
18060 11.00604438781738
18070 9.60456371307373
18080 17.41920280456543
18090 15.54957103729248
18100 24.4507942199707
18110 30.97800445556641
18120 16.84931564331055
18130 16.97146606445312
18140 17.39997291564941
18150 24.65746879577637
18160 11.37074089050293
18170 12.0329532623291
18180 21.02746391296387
18190 9.475883483886719
18200 11.17189311981201
18210 7.999138832092285
18220 14.42498779296875
18230 17.45201110839844
18240 13.02738475799561
18250 18.07133102416992
18260 24.81938171386719
18270 9.387680053710938
18280 15.97593116760254
18290 25.03952980041504
18300 17.85638236999512
18310 13.26836013793945
18320 10.32665157318115
18330 11.9389762878418
18340 9.76896858215332
18350 18.07788848876953
18360 16.37970542907715
18370 7.677058219909668
18380 11.85128116607666
18390 21.81217002868652
18400 16.69205665588379
18410 27.11360549926758
18420 24.4903564453125
18430 26.24566268920898
18440 17.05364799499512
18450 18.24784469604492
18460 12.19316101074219
18470 23.07390975952148
18480 14.70725345611572
18490 19.78920936584473
18500 19.53977584838867
18510 20.87277603149414
18520 18.77378273010254
18530 24.60945129394531
18540 13.58905601501465
18550 9.680097579956055
18560 15.97456741333008
18570 14.16162490844727
18580 9.453720092773438
18590 11.51070117950439
18600 42.5280876159668
18610 28.35363960266113
18620 19.0895881652832
18630 12.5938024520874
18640 12.97695636749268
18650 7.831829071044922
18660 8.321250915527344
18670 11.88664817810059
18680 10.88638973236084
18690 5.941202163696289
18700 13.54571914672852
18710 10.38574981689453
18720 11.02822113037109
18730 7.962007522583008
18740 8.817233085632324
18750 15.49601745605469
18760 11.0714225769043
18770 10.61782836914062
18780 6.668023109436035
18790 11.32993125915527
18800 14.56852245330811
18810 14.52917861938477
18820 14.86423492431641
18830 28.6007137298584
18840 14.0154275894165
18850 18.42546844482422
18860 13.18501472473145
18870 6.573202133178711
18880 11.60111999511719
18890 15.64561080932617
18900 17.73887252807617
18910 27.6871280670166
18920 26.55861663818359
18930 7.04371452331543
18940 9.514358520507812
18950 19.28530502319336
18960 11.07849979400635
18970 13.6390380859375
18980 7.344763278961182
18990 6.859081745147705
19000 10.72571182250977
19010 13.53920555114746
19020 11.28262329101562
19030 8.344577789306641
19040 11.28045845031738
19050 11.72844219207764
19060 16.07290267944336
19070 8.333745002746582
19080 11.94757461547852
19090 15.97611141204834
19100 14.98516273498535
19110 8.057149887084961
19120 14.44109535217285
19130 11.03216934204102
19140 18.30840873718262
19150 12.70264625549316
19160 11.69601917266846
19170 11.35939788818359
19180 12.1405029296875
19190 15.59441184997559
19200 10.54807472229004
19210 15.93888473510742
19220 17.00555801391602
19230 15.45086669921875
19240 20.34490203857422
19250 28.69580459594727
19260 22.89230537414551
19270 26.17617034912109
19280 19.1070671081543
19290 20.58992195129395
19300 33.6469841003418
19310 39.94986343383789
19320 19.84353256225586
19330 12.16061592102051
19340 11.02089786529541
19350 10.31427001953125
19360 13.40162467956543
19370 5.776117324829102
19380 11.69278526306152
19390 23.05474662780762
19400 23.33803176879883
19410 14.75111675262451
19420 8.598958015441895
19430 12.98868656158447
19440 21.53118133544922
19450 20.99983406066895
19460 20.87557983398438
19470 10.52178764343262
19480 8.515165328979492
19490 3.814569473266602
19500 5.118093490600586
19510 13.73017406463623
19520 14.80668449401855
19530 12.77412700653076
19540 10.07197189331055
19550 8.929155349731445
19560 8.902379989624023
19570 21.76103591918945
19580 26.29087829589844
19590 14.11621570587158
19600 17.07609558105469
19610 11.46198749542236
19620 9.613351821899414
19630 13.50486850738525
19640 8.488126754760742
19650 20.88346290588379
19660 16.51283264160156
19670 23.37582206726074
19680 18.6254940032959
19690 13.65814018249512
19700 13.57135486602783
19710 12.78495025634766
19720 21.1951904296875
19730 15.21820259094238
19740 12.28342819213867
19750 12.9050121307373
19760 8.442354202270508
19770 14.41403102874756
19780 21.18114471435547
19790 22.59693908691406
19800 15.32272624969482
19810 12.20047664642334
19820 24.15651321411133
19830 23.99068450927734
19840 16.59798431396484
19850 13.87880325317383
19860 13.8423433303833
19870 16.99629402160645
19880 11.55991363525391
19890 16.65570449829102
19900 10.21520614624023
19910 6.082311630249023
19920 3.706407308578491
19930 10.57473182678223
19940 12.5219841003418
19950 10.28427314758301
19960 15.05112457275391
19970 11.38851833343506
19980 16.6090145111084
19990 25.05986022949219
20000 25.90313339233398
20010 10.81467342376709
20020 12.19845771789551
20030 8.905570030212402
20040 20.11219787597656
20050 26.26689529418945
20060 28.64849281311035
20070 15.37283611297607
20080 29.96345520019531
20090 36.13419723510742
20100 39.25949478149414
20110 27.8835563659668
20120 11.14800930023193
20130 15.904052734375
20140 10.81945514678955
20150 18.93510627746582
20160 26.73028182983398
20170 18.03473854064941
20180 26.05895614624023
20190 13.46759033203125
20200 10.15335845947266
8410 32.29131317138672
8420 21.7159423828125
8430 26.41240119934082
8440 40.45849990844727
8450 25.92843246459961
8460 14.51559829711914
8470 28.68927764892578
8480 26.02522277832031
8490 20.26692199707031
8500 30.8357982635498
8510 20.76979827880859
8520 15.75958824157715
8530 7.396448135375977
8540 12.96916675567627
8550 14.63201332092285
8560 9.297703742980957
8570 12.49547576904297
8580 12.90871238708496
8590 17.70456314086914
8600 18.25957870483398
8610 14.12624359130859
8620 14.58178520202637
8630 14.89800262451172
8640 11.01068687438965
8650 9.32044792175293
8660 8.029557228088379
8670 6.493663311004639
8680 8.932350158691406
8690 14.43776035308838
8700 11.45274543762207
8710 15.99748992919922
8720 10.98904609680176
8730 12.19108581542969
8740 18.18552780151367
8750 18.85514259338379
8760 17.50443077087402
8770 12.03025054931641
8780 20.76782035827637
8790 15.54291439056396
8800 9.700352668762207
8810 24.58824920654297
8820 21.72845840454102
8830 26.09294128417969
8840 21.45633125305176
8850 20.52693367004395
8860 24.52812385559082
8870 10.48867416381836
8880 20.81397438049316
8890 19.49208068847656
8900 13.20459747314453
8910 18.54616165161133
8920 16.16269683837891
8930 29.57157516479492
8940 27.17121505737305
8950 10.64364433288574
8960 15.14065647125244
8970 9.585491180419922
8980 18.47513580322266
8990 19.94180870056152
9000 14.30866718292236
9010 20.89583587646484
9020 22.79469299316406
9030 12.67207717895508
9040 14.15860080718994
9050 8.9185791015625
9060 27.92812347412109
9070 22.11577796936035
9080 16.87453269958496
9090 25.65837669372559
9100 17.85797309875488
9110 18.36784934997559
9120 12.58326244354248
9130 16.94990921020508
9140 19.62895965576172
9150 12.39664173126221
9160 8.690606117248535
9170 9.616079330444336
9180 12.04259490966797
9190 21.64911460876465
9200 19.52746200561523
9210 15.68177604675293
9220 29.89914321899414
9230 38.60731506347656
9240 19.58613967895508
9250 14.17980194091797
9260 23.26944923400879
9270 20.17931938171387
9280 17.74946403503418
9290 29.44730949401855
9300 13.13622188568115
9310 13.01847267150879
9320 11.14841461181641
9330 15.51011085510254
9340 22.19659042358398
9350 16.13912773132324
9360 18.6830997467041
9370 19.87586975097656
9380 19.33749389648438
9390 13.85121440887451
9400 20.2243537902832
9410 13.63529205322266
9420 15.06564998626709
9430 6.776167869567871
9440 10.79972648620605
9450 14.75445461273193
9460 18.31050491333008
9470 17.62509155273438
9480 13.0776481628418
9490 26.25392150878906
9500 14.12061309814453
9510 8.957283020019531
9520 18.56095695495605
9530 12.3745584487915
9540 7.647579193115234
9550 10.79613494873047
9560 4.735852241516113
9570 9.478542327880859
9580 14.10448932647705
9590 8.639320373535156
9600 13.90065574645996
9610 25.93538475036621
9620 13.97440528869629
9630 28.26550674438477
9640 19.68730926513672
9650 19.28240394592285
9660 12.1296558380127
9670 25.68817329406738
9680 28.84313583374023
9690 19.20650672912598
9700 19.4427375793457
9710 20.92029571533203
9720 10.60430717468262
9730 9.881755828857422
9740 11.23493957519531
9750 21.7656364440918
9760 13.31325817108154
9770 9.03353214263916
9780 7.982919692993164
9790 9.924041748046875
9800 7.598207473754883
9810 7.068519592285156
9820 7.396611213684082
9830 6.222241401672363
9840 11.37267112731934
9850 6.340119361877441
9860 12.61378192901611
9870 22.9815845489502
9880 31.40826606750488
9890 11.0404052734375
9900 16.28244209289551
9910 16.55146217346191
9920 5.592441082000732
9930 9.570882797241211
9940 11.10392570495605
9950 9.684054374694824
9960 19.57660675048828
9970 15.73509216308594
9980 4.953438758850098
9990 9.398316383361816
10000 13.62283515930176
10010 40.22684097290039
10020 27.99985504150391
10030 27.16588401794434
10040 39.05267333984375
10050 40.91433715820312
10060 37.43573760986328
10070 19.31936264038086
10080 34.84416961669922
10090 24.41997146606445
10100 12.31725120544434
10110 16.25797462463379
10120 19.56377792358398
10130 27.88801002502441
10140 12.6331901550293
10150 25.82853889465332
10160 13.62539482116699
10170 7.57895040512085
10180 10.01248550415039
10190 19.24830627441406
10200 17.39095306396484
10210 15.07812213897705
10220 20.9451904296875
10230 15.12496185302734
10240 6.843070030212402
10250 10.05640029907227
10260 12.87828254699707
10270 19.16365051269531
10280 17.02956962585449
10290 15.63154602050781
10300 12.79495716094971
10310 20.10756874084473
10320 11.28560066223145
10330 5.590913772583008
10340 18.5424747467041
10350 24.32607650756836
10360 20.91560363769531
10370 23.55157852172852
10380 21.95049095153809
10390 21.47582244873047
10400 17.62130928039551
10410 21.82404327392578
10420 18.80341720581055
10430 38.08747863769531
10440 27.49561309814453
10450 13.49867534637451
10460 16.19123840332031
10470 31.09142303466797
10480 17.82185554504395
10490 31.17564010620117
10500 14.53911972045898
10510 24.34454345703125
10520 16.96601486206055
10530 10.71571254730225
10540 16.04714202880859
10550 12.94271755218506
10560 8.39620304107666
10570 10.88975238800049
10580 15.98394680023193
10590 16.3449649810791
10600 11.55437850952148
10610 16.29886817932129
10620 21.69437599182129
10630 12.62897109985352
10640 7.798991680145264
10650 12.86528205871582
10660 9.948765754699707
10670 15.52245903015137
10680 13.97681999206543
10690 8.083463668823242
10700 7.598495006561279
10710 7.820737361907959
10720 8.62669563293457
10730 8.713932991027832
10740 5.907395362854004
10750 9.167742729187012
10760 5.783512115478516
10770 14.02799034118652
10780 8.665485382080078
10790 9.348156929016113
10800 10.3810396194458
10810 27.38755798339844
10820 42.23351669311523
10830 22.88515281677246
10840 24.40054512023926
10850 30.22352600097656
10860 19.43109893798828
10870 34.90342330932617
10880 16.34167671203613
10890 15.47819805145264
10900 19.28878784179688
10910 15.78147220611572
10920 17.93629264831543
10930 16.77545738220215
10940 13.71486282348633
10950 12.5567798614502
10960 8.025574684143066
10970 26.24579811096191
10980 14.56427955627441
10990 12.38433456420898
11000 11.21864032745361
11010 13.15670585632324
11020 13.79409122467041
11030 11.96687984466553
11040 10.07585144042969
11050 11.91842365264893
11060 11.54647541046143
11070 18.99269104003906
11080 22.82634925842285
11090 10.00982475280762
11100 15.47150802612305
11110 22.19726181030273
11120 14.71066474914551
11130 9.895271301269531
11140 22.75671195983887
11150 16.3564453125
11160 10.48872184753418
11170 6.247178077697754
11180 13.14979934692383
11190 7.910764217376709
11200 11.25241279602051
11210 26.20370674133301
11220 20.05950736999512
11230 17.36413383483887
11240 16.12318420410156
11250 13.6234130859375
11260 14.30350112915039
11270 18.74858283996582
11280 20.71744537353516
11290 11.25133323669434
11300 20.77670860290527
11310 13.74039173126221
11320 16.06738662719727
11330 10.10839557647705
11340 17.10348320007324
11350 17.85162734985352
11360 12.41671180725098
11370 15.26253128051758
11380 7.733881950378418
11390 12.0386209487915
11400 16.61865234375
11410 17.41079711914062
11420 15.04677772521973
11430 18.20466804504395
11440 16.61710739135742
11450 22.28387832641602
11460 10.6085090637207
11470 10.95661354064941
11480 11.32557106018066
11490 12.3303918838501
11500 13.62019538879395
11510 13.99294757843018
11520 11.32164478302002
11530 11.88563537597656
11540 11.54988670349121
11550 9.104167938232422
11560 10.82605266571045
11570 5.665146350860596
11580 6.317382335662842
11590 9.586261749267578
11600 9.499982833862305
11610 34.70765686035156
11620 34.77796936035156
11630 22.24418449401855
11640 13.55712032318115
11650 17.38982772827148
11660 22.16871452331543
11670 12.30595397949219
11680 29.18650054931641
11690 15.17743587493896
11700 25.2153263092041
11710 20.80000495910645
11720 22.1998233795166
11730 13.33465576171875
11740 13.11802291870117
11750 12.37726020812988
11760 11.07193183898926
11770 9.672895431518555
11780 8.15694522857666
11790 15.91497898101807
11800 9.807673454284668
11810 16.5715503692627
11820 11.34648323059082
11830 11.99338722229004
11840 8.724105834960938
11850 18.46881103515625
11860 15.54074382781982
11870 11.29633712768555
11880 11.43339729309082
11890 8.100798606872559
11900 7.186236381530762
11910 12.35963249206543
11920 7.471866130828857
11930 7.797956943511963
11940 8.958429336547852
11950 14.79205799102783
11960 13.03318691253662
11970 7.311410903930664
11980 8.433588981628418
11990 10.55527687072754
12000 10.47406387329102
12010 10.18653964996338
12020 32.01191711425781
12030 21.24607086181641
12040 20.61127853393555
12050 14.47744655609131
12060 18.11615562438965
12070 22.12211608886719
12080 19.54558181762695
12090 29.74546051025391
12100 21.0755558013916
12110 19.40924263000488
12120 22.35867118835449
12130 15.27330017089844
12140 20.85770797729492
12150 20.16323471069336
12160 15.52144813537598
12170 8.124862670898438
12180 17.11727905273438
12190 19.29826164245605
12200 23.57958793640137
12210 17.81771659851074
12220 17.02719497680664
12230 11.7803955078125
12240 19.4743766784668
12250 18.24374771118164
12260 20.5255241394043
12270 10.53916072845459
12280 17.40951728820801
12290 24.14183235168457
12300 18.7977352142334
12310 21.54316139221191
12320 7.946676731109619
12330 10.54990768432617
12340 8.911540985107422
12350 9.706265449523926
12360 17.24462127685547
12370 18.17976951599121
12380 21.73794174194336
12390 17.81365585327148
12400 29.1220588684082
12410 47.31023788452148
12420 27.60776901245117
12430 15.84812355041504
12440 18.56061553955078
12450 18.9602165222168
12460 12.73943138122559
12470 18.64165496826172
12480 15.08314990997314
12490 21.11724662780762
12500 10.63691711425781
12510 7.196573257446289
12520 12.50535011291504
12530 13.3086576461792
12540 16.28484725952148
12550 17.66997909545898
12560 18.78250694274902
12570 19.34470367431641
12580 20.34148406982422
12590 9.445138931274414
12600 19.55044937133789
12610 17.63187599182129
12620 13.10363388061523
12630 12.64150714874268
12640 10.71613502502441
12650 13.61611747741699
12660 15.67000007629395
12670 15.96713447570801
12680 9.057589530944824
12690 12.38289070129395
12700 6.421070098876953
12710 6.840490341186523
12720 13.89137744903564
12730 11.23175430297852
12740 15.10931587219238
12750 12.76213645935059
12760 13.61349964141846
12770 6.793652057647705
12780 15.66002559661865
12790 11.86752510070801
12800 11.2600564956665
12810 25.85760116577148
12820 49.00455474853516
12830 21.03533554077148
12840 13.59591388702393
12850 8.097545623779297
12860 10.07510852813721
12870 17.8765926361084
12880 25.03751754760742
12890 30.8497200012207
12900 16.45796394348145
12910 16.69931793212891
12920 15.43555641174316
12930 14.1242094039917
12940 22.17266464233398
12950 20.20722579956055
12960 6.532922267913818
12970 7.226632118225098
12980 15.36301612854004
12990 10.67642402648926
13000 9.354034423828125
13010 10.8727855682373
13020 15.74352741241455
13030 9.56328296661377
13040 6.543358325958252
13050 4.650582313537598
13060 13.96923542022705
13070 12.97771835327148
13080 18.95729827880859
13090 13.66760158538818
13100 11.1084680557251
13110 13.02616119384766
13120 12.81089210510254
13130 9.860929489135742
13140 6.152488708496094
13150 9.533889770507812
13160 9.340539932250977
13170 16.65074348449707
13180 4.586609840393066
13190 11.71928977966309
13200 12.13420295715332
13210 11.83419418334961
13220 37.26553726196289
13230 34.09828567504883
13240 29.49002265930176
13250 19.9352912902832
13260 15.0969066619873
13270 20.15097618103027
13280 11.00815200805664
13290 19.5347728729248
13300 8.609338760375977
13310 11.87097549438477
13320 17.27409362792969
13330 13.86827850341797
13340 14.83177185058594
13350 20.71431350708008
13360 18.54702377319336
13370 14.03779888153076
13380 9.482598304748535
13390 18.9589786529541
13400 19.58320045471191
13410 15.5663537979126
13420 31.73834609985352
13430 30.84683609008789
13440 15.97993183135986
13450 12.88561820983887
13460 12.59884643554688
13470 15.22280025482178
13480 11.04149723052979
13490 11.03468990325928
13500 8.553411483764648
13510 6.66766357421875
13520 9.435416221618652
13530 11.13437080383301
13540 13.58865165710449
13550 11.61354160308838
13560 19.34187889099121
13570 13.38071918487549
13580 8.210530281066895
13590 6.937374114990234
13600 11.15702056884766
13610 7.591339111328125
13620 5.02871561050415
13630 14.109299659729
13640 23.66938400268555
13650 19.04506683349609
13660 29.72779083251953
13670 33.63709259033203
13680 31.16717720031738
13690 28.80015754699707
13700 12.5439395904541
13710 15.56693935394287
13720 19.87680625915527
13730 30.37252426147461
13740 13.07478904724121
13750 16.82686614990234
13760 11.5783166885376
13770 8.312965393066406
13780 11.04739856719971
13790 11.39178562164307
13800 14.48294067382812
13810 8.797279357910156
13820 11.39286994934082
13830 14.83530521392822
13840 14.90050888061523
13850 8.287338256835938
13860 9.118937492370605
13870 13.16585254669189
13880 9.77043628692627
13890 9.462593078613281
13900 13.49742794036865
13910 14.11661911010742
13920 13.13808631896973
13930 12.4525318145752
13940 9.555844306945801
13950 8.524055480957031
13960 14.54478454589844
13970 21.76293563842773
13980 12.66071319580078
13990 8.630275726318359
14000 14.74781608581543
14010 15.58781623840332
14020 13.33702754974365
14030 9.724390029907227
14040 17.84226608276367
14050 23.95111465454102
14060 18.78875160217285
14070 13.08489036560059
14080 24.13971519470215
14090 19.30357933044434
14100 12.72025680541992
14110 11.83789157867432
14120 24.58280944824219
14130 11.2416410446167
14140 12.4921817779541
14150 10.73876953125
14160 14.69551563262939
14170 7.373464584350586
14180 7.833906173706055
14190 6.008596897125244
14200 6.898172378540039
14210 9.81740665435791
14220 13.4215087890625
14230 20.14017105102539
14240 17.79974174499512
14250 12.07908535003662
14260 5.59932279586792
14270 14.48884963989258
14280 30.09251403808594
14290 20.42689895629883
14300 21.11195755004883
14310 11.15859222412109
14320 11.64542770385742
14330 12.71610164642334
14340 15.23327350616455
14350 8.395325660705566
14360 8.668247222900391
14370 11.20312118530273
14380 9.005758285522461
14390 11.31882190704346
14400 15.16011619567871
14410 35.48075103759766
14420 36.09365081787109
14430 32.84994506835938
14440 18.58318710327148
14450 8.183625221252441
14460 12.89591217041016
14470 16.7859001159668
14480 16.98679161071777
14490 25.10646820068359
14500 22.38266944885254
14510 15.97408676147461
14520 16.4074821472168
14530 8.421746253967285
14540 7.902310371398926
14550 16.01811408996582
14560 12.87537574768066
14570 14.740309715271
14580 8.356790542602539
14590 7.778204441070557
14600 10.56863975524902
14610 15.7955150604248
14620 26.52002716064453
14630 16.98275947570801
14640 16.65513229370117
14650 13.34618759155273
14660 20.09907531738281
14670 13.59011650085449
14680 13.24551773071289
14690 24.91188430786133
14700 27.79704284667969
14710 14.37820434570312
14720 14.30752182006836
14730 18.70661163330078
14740 13.18764495849609
14750 20.35553359985352
14760 15.02831268310547
14770 8.18553638458252
14780 14.53024005889893
14790 16.17119598388672
14800 11.62647914886475
14810 20.25655555725098
14820 29.42333030700684
14830 19.09656715393066
14840 15.4041576385498
14850 8.984964370727539
14860 15.99748802185059
14870 8.635463714599609
14880 12.96535491943359
14890 14.51395797729492
14900 23.28145980834961
14910 22.78249931335449
14920 16.32417297363281
14930 13.67513942718506
14940 23.80319404602051
14950 15.65267372131348
14960 11.09650802612305
14970 5.569265365600586
14980 6.389971256256104
14990 12.13235855102539
15000 6.777376174926758
15010 19.86614227294922
15020 39.97201156616211
15030 16.08519172668457
15040 14.33255577087402
15050 16.55134963989258
15060 8.26258373260498
15070 12.42181587219238
15080 6.415450572967529
15090 15.31325912475586
15100 17.05464172363281
15110 13.89586925506592
15120 9.006405830383301
15130 10.33431720733643
15140 7.36685848236084
15150 5.968775749206543
15160 9.744226455688477
15170 11.72831630706787
15180 12.56873321533203
15190 8.488737106323242
15200 11.01464653015137
15210 20.7927131652832
15220 9.103414535522461
15230 11.0402250289917
15240 7.521956443786621
15250 21.42001724243164
15260 29.31112670898438
15270 13.96599292755127
15280 18.16621780395508
15290 17.69705009460449
15300 25.71966361999512
15310 8.41045093536377
15320 17.7108325958252
15330 11.59021091461182
15340 11.41533660888672
15350 6.92674732208252
15360 14.39815711975098
15370 15.78405666351318
15380 7.775482654571533
15390 15.74594688415527
15400 14.85451984405518
15410 19.83350944519043
15420 8.324755668640137
15430 16.57691955566406
15440 17.69254684448242
15450 11.55895042419434
15460 15.64796161651611
15470 22.24291801452637
15480 16.04983329772949
15490 14.8155403137207
15500 10.40698432922363
15510 6.284875869750977
15520 16.25048828125
15530 9.139994621276855
15540 7.168841361999512
15550 13.52553367614746
15560 9.746606826782227
15570 11.55122566223145
15580 6.964194297790527
15590 5.45682430267334
15600 7.216837406158447
0 17.60813331604004
10 17.46500778198242
20 19.91383171081543
30 18.39896392822266
40 12.52346229553223
50 9.711798667907715
60 15.62968635559082
70 9.268862724304199
80 4.581007957458496
90 14.79181385040283
100 12.05385971069336
110 8.271403312683105
120 15.2501745223999
130 17.49997901916504
140 11.34588718414307
150 4.862783432006836
160 3.385578870773315
170 2.877143383026123
180 2.551701545715332
190 2.989707946777344
200 3.84154748916626
210 4.150988578796387
220 4.29493236541748
230 5.168099880218506
240 5.266209125518799
250 4.681288719177246
260 4.971148490905762
270 7.17634105682373
280 11.14019203186035
290 6.881899356842041
300 6.987157344818115
310 7.42205810546875
320 7.469440460205078
330 5.938864707946777
340 9.486932754516602
350 13.43958568572998
360 9.70939826965332
370 7.594649314880371
380 5.583497047424316
390 5.567540645599365
400 8.325643539428711
410 60.30863189697266
420 48.9688720703125
430 31.50554656982422
440 39.97909164428711
450 33.38803100585938
460 21.29446220397949
470 19.41865921020508
480 38.08324432373047
490 25.36446189880371
500 12.12276458740234
510 16.72039413452148
520 11.66983032226562
530 29.75121307373047
540 14.96935272216797
550 15.57282829284668
560 20.3703670501709
570 28.00000762939453
580 9.58857536315918
590 26.0683650970459
600 17.10020065307617
610 15.76497745513916
620 20.85487937927246
630 18.90733528137207
640 12.17035102844238
650 13.85271072387695
660 19.69881439208984
670 17.33712959289551
680 30.41214370727539
690 27.50226593017578
700 23.36763954162598
710 9.834901809692383
720 11.47548389434814
730 8.644108772277832
740 10.04885196685791
750 11.30751991271973
760 12.44647312164307
770 10.15874862670898
780 11.95930194854736
790 10.73387336730957
800 16.16114807128906
810 19.52360916137695
820 18.75858879089355
830 18.62176895141602
840 16.41746520996094
850 15.80227565765381
860 13.42165756225586
870 19.12115859985352
880 17.00246238708496
890 15.41483211517334
900 14.01473140716553
910 6.427990913391113
920 11.00785541534424
930 12.79372215270996
940 13.95784187316895
950 16.31533050537109
960 23.0709171295166
970 20.74259185791016
980 16.36297607421875
990 24.37035369873047
1000 9.783292770385742
1010 8.80609130859375
1020 9.013312339782715
1030 16.81452178955078
1040 19.04820823669434
1050 17.97746276855469
1060 15.64034461975098
1070 11.27945041656494
1080 11.02097797393799
1090 14.79045295715332
1100 22.405029296875
1110 13.32946014404297
1120 16.55066680908203
1130 13.97517776489258
1140 14.06373119354248
1150 13.53020000457764
1160 17.67782020568848
1170 9.033086776733398
1180 12.84783744812012
1190 18.06647491455078
1200 20.73705291748047
1210 13.0837984085083
1220 15.62274742126465
1230 15.10510730743408
1240 8.871735572814941
1250 13.2141809463501
1260 20.60136032104492
1270 30.3112621307373
1280 22.11553192138672
1290 10.07893943786621
1300 20.86173629760742
1310 34.26789855957031
1320 27.47967147827148
1330 28.67855834960938
1340 25.60133934020996
1350 22.58026695251465
1360 26.85040473937988
1370 9.480861663818359
1380 16.67380142211914
1390 13.40633392333984
1400 14.52462959289551
1410 31.81573486328125
1420 9.781949043273926
1430 16.01212501525879
1440 10.98431301116943
1450 11.95315647125244
1460 14.61498641967773
1470 11.99702453613281
1480 13.89287567138672
1490 27.6705150604248
1500 14.46555614471436
1510 16.70729637145996
1520 8.217031478881836
1530 10.71908378601074
1540 3.921364068984985
1550 8.34792423248291
1560 12.84822082519531
1570 3.198803901672363
1580 5.346687316894531
1590 4.313952922821045
1600 3.912750244140625
1610 5.51750659942627
1620 11.64684295654297
1630 20.64694595336914
1640 21.14148902893066
1650 18.79649353027344
1660 21.24180030822754
1670 31.18600845336914
1680 17.81533622741699
1690 17.46657180786133
1700 26.24570083618164
1710 19.66508865356445
1720 18.54782867431641
1730 21.16743850708008
1740 8.735038757324219
1750 11.87370109558105
1760 30.38936233520508
1770 13.23305511474609
1780 13.64211940765381
1790 10.06184005737305
1800 13.27950096130371
1810 8.35535717010498
1820 9.213749885559082
1830 21.96559906005859
1840 17.68421745300293
1850 14.0009765625
1860 13.2477912902832
1870 9.933298110961914
1880 10.66312408447266
1890 15.06855010986328
1900 27.47067832946777
1910 26.58944320678711
1920 11.56487560272217
1930 9.1673583984375
1940 11.53392887115479
1950 18.48750305175781
1960 12.46417617797852
1970 9.822606086730957
1980 16.65153312683105
1990 16.22909164428711
2000 13.94074821472168
2010 25.79993057250977
2020 30.49123191833496
2030 23.60567092895508
2040 31.28202056884766
2050 15.29282093048096
2060 19.9980525970459
2070 27.34664916992188
2080 18.05406951904297
2090 26.55844879150391
2100 18.45845985412598
2110 30.06328201293945
2120 19.95647811889648
2130 23.2545108795166
2140 8.779916763305664
2150 11.40060806274414
2160 15.28653621673584
2170 20.13398742675781
2180 12.83979415893555
2190 13.30220222473145
2200 18.47721672058105
2210 13.32378101348877
2220 18.10622978210449
2230 16.63273811340332
2240 15.41769981384277
2250 21.25484657287598
2260 25.4970703125
2270 14.98735046386719
2280 19.12538719177246
2290 35.94241333007812
2300 15.82313346862793
2310 11.8828821182251
2320 7.575401782989502
2330 11.23232555389404
2340 24.52271270751953
2350 15.26303577423096
2360 8.090677261352539
2370 11.18467330932617
2380 21.02756118774414
2390 12.41365623474121
2400 8.987383842468262
2410 13.73459053039551
2420 7.852085113525391
2430 12.48805999755859
2440 13.3873348236084
2450 12.08673477172852
2460 16.36164474487305
2470 23.59522819519043
2480 15.54352760314941
2490 21.07005310058594
2500 22.93403434753418
2510 19.23370552062988
2520 16.38132286071777
2530 19.73301315307617
2540 37.29225540161133
2550 33.63508224487305
2560 28.7505989074707
2570 22.81686019897461
2580 21.13611793518066
2590 24.92472076416016
2600 10.46201992034912
2610 9.491611480712891
2620 12.35704040527344
2630 12.8861083984375
2640 6.664284706115723
2650 10.92647266387939
2660 15.79849720001221
2670 11.82538604736328
2680 17.6796703338623
2690 17.85163879394531
2700 22.67485809326172
2710 10.74708938598633
2720 16.6932430267334
2730 7.869805335998535
2740 10.33019638061523
2750 17.83439445495605
2760 16.71346473693848
2770 13.27657699584961
2780 20.09234809875488
2790 13.66374778747559
2800 16.41560363769531
2810 12.1151008605957
2820 7.62153148651123
2830 10.53198051452637
2840 26.79216384887695
2850 26.36433601379395
2860 32.52709197998047
2870 25.23517227172852
2880 29.40694808959961
2890 21.71721649169922
2900 23.02758407592773
2910 24.96007919311523
2920 30.36635589599609
2930 20.99191474914551
2940 8.143786430358887
2950 16.40808868408203
2960 12.68808555603027
2970 13.68718338012695
2980 12.10970783233643
2990 13.69028759002686
3000 10.11581230163574
3010 9.645526885986328
3020 21.36024475097656
3030 25.68518257141113
3040 24.32528686523438
3050 17.32074546813965
3060 14.99629306793213
3070 19.97595596313477
3080 13.15378761291504
3090 9.307801246643066
3100 11.4816780090332
3110 8.73505687713623
3120 13.96043491363525
3130 10.23807048797607
3140 20.73736572265625
3150 16.64130020141602
3160 20.59275436401367
3170 15.18892955780029
3180 15.66665554046631
3190 21.39234733581543
3200 32.95908355712891
3210 25.69203567504883
3220 35.80829620361328
3230 20.00253677368164
3240 7.345442771911621
3250 19.85456466674805
3260 17.36696434020996
3270 20.95899391174316
3280 28.14582443237305
3290 24.85795783996582
3300 7.772006034851074
3310 5.376809120178223
3320 12.87955284118652
3330 12.43298149108887
3340 8.479619979858398
3350 11.92176532745361
3360 15.5473690032959
3370 16.21611595153809
3380 14.7835636138916
3390 16.42430305480957
3400 14.54562282562256
3410 16.55081367492676
3420 12.38289642333984
3430 7.057415008544922
3440 10.67330074310303
3450 27.20546722412109
3460 14.62898445129395
3470 7.997454643249512
3480 9.495719909667969
3490 12.64873123168945
3500 15.84073448181152
3510 8.588466644287109
3520 11.72981262207031
3530 8.429718017578125
3540 20.00383186340332
3550 10.67984771728516
3560 8.041909217834473
3570 20.09777450561523
3580 9.132606506347656
3590 13.68589782714844
3600 17.16055107116699
3610 26.11709594726562
3620 21.81479835510254
3630 20.94446182250977
3640 20.91655158996582
3650 24.59207725524902
3660 16.62839317321777
3670 14.77024269104004
3680 12.54179763793945
3690 13.90222358703613
3700 19.95587539672852
3710 11.40765762329102
3720 8.860443115234375
3730 21.00570487976074
3740 13.97892284393311
3750 18.83295440673828
3760 15.52727699279785
3770 23.44502830505371
3780 12.77840805053711
3790 6.299356937408447
3800 7.85522985458374
3810 13.6938419342041
3820 20.60880279541016
3830 19.18169021606445
3840 8.848188400268555
3850 17.81579208374023
3860 10.68767833709717
3870 18.26890563964844
3880 12.48762607574463
3890 14.939284324646
3900 17.4515380859375
3910 5.607536315917969
3920 10.59710788726807
3930 18.36880874633789
3940 12.52068042755127
3950 9.497139930725098
3960 11.89436340332031
3970 17.17890930175781
3980 13.51148223876953
3990 15.61665916442871
4000 50.60720062255859
4010 39.59255599975586
4020 18.73634719848633
4030 38.32710266113281
4040 38.60663604736328
4050 20.6247615814209
4060 17.3040885925293
4070 23.53456497192383
4080 27.44854736328125
4090 18.37531661987305
4100 21.92687034606934
4110 15.81842517852783
4120 17.58841514587402
4130 19.12001037597656
4140 24.060546875
4150 14.62527942657471
4160 21.84366226196289
4170 16.9755973815918
4180 6.887832641601562
4190 11.85474395751953
4200 12.90364360809326
4210 5.197204113006592
4220 4.722373008728027
4230 23.23726654052734
4240 9.464343070983887
4250 7.882335662841797
4260 18.79745101928711
4270 21.22584342956543
4280 17.09586906433105
4290 5.983274459838867
4300 6.275412559509277
4310 11.25781345367432
4320 18.49380111694336
4330 18.80578422546387
4340 30.9923095703125
4350 20.61722373962402
4360 17.00404739379883
4370 18.04237174987793
4380 9.299636840820312
4390 13.22433662414551
4400 23.38805198669434
4410 30.14850997924805
4420 42.80105972290039
4430 44.89240264892578
4440 16.68740463256836
4450 24.08272171020508
4460 26.84761810302734
4470 29.58180999755859
4480 15.58839416503906
4490 21.08186340332031
4500 18.98772811889648
4510 19.35258865356445
4520 14.70029258728027
4530 10.85366916656494
4540 17.3275032043457
4550 20.92935752868652
4560 23.20122528076172
4570 19.02824211120605
4580 26.10661697387695
4590 21.04344749450684
4600 13.55512619018555
4610 14.4500789642334
4620 18.29395294189453
4630 13.74226188659668
4640 16.66529655456543
4650 10.49777126312256
4660 23.01780128479004
4670 11.33747863769531
4680 9.606656074523926
4690 20.89090347290039
4700 19.61208343505859
4710 23.82499313354492
4720 11.49548816680908
4730 7.81320858001709
4740 5.376621246337891
4750 16.47075843811035
4760 18.63207817077637
4770 8.002228736877441
4780 4.560082912445068
4790 12.12896251678467
4800 7.790750980377197
4810 17.37087059020996
4820 19.75540924072266
4830 18.23222923278809
4840 20.9566650390625
4850 21.75202941894531
4860 20.76583290100098
4870 18.64191627502441
4880 34.39542007446289
4890 19.05917167663574
4900 18.04927444458008
4910 18.14642906188965
4920 10.53952598571777
4930 15.87014865875244
4940 11.35664558410645
4950 6.035950183868408
4960 8.232356071472168
4970 10.37699699401855
4980 9.347968101501465
4990 26.4757194519043
5000 16.01086807250977
5010 20.78157615661621
5020 18.19240951538086
5030 18.03922271728516
5040 13.99097442626953
5050 24.49326133728027
5060 13.62960720062256
5070 10.88866996765137
5080 9.638521194458008
5090 16.38759994506836
5100 18.1558780670166
5110 8.839776039123535
5120 20.57020568847656
5130 10.62816715240479
5140 8.81207275390625
5150 9.577475547790527
5160 16.55045700073242
5170 6.409160137176514
5180 7.097079277038574
5190 11.98482131958008
5200 33.53852081298828
5210 32.06388092041016
5220 12.66338157653809
5230 21.81108093261719
5240 13.33089923858643
5250 15.25391006469727
5260 26.51372528076172
5270 27.08643913269043
5280 26.32325744628906
5290 17.98834419250488
5300 15.70004367828369
5310 13.71075439453125
5320 37.66364288330078
5330 27.22073554992676
5340 31.24818801879883
5350 25.70433235168457
5360 32.20788955688477
5370 16.78700065612793
5380 28.15543746948242
5390 24.65128517150879
5400 15.69384479522705
5410 13.32504940032959
5420 14.92601585388184
5430 10.30374813079834
5440 13.6032133102417
5450 12.29345321655273
5460 10.71342849731445
5470 12.8359432220459
5480 10.36189556121826
5490 18.30576705932617
5500 11.64441204071045
5510 11.00532150268555
5520 12.62302684783936
5530 9.112913131713867
5540 15.52673053741455
5550 15.73217391967773
5560 8.046577453613281
5570 8.493094444274902
5580 7.128913879394531
5590 19.07842636108398
5600 28.97890853881836
5610 14.50615501403809
5620 15.59700393676758
5630 20.11978912353516
5640 15.75560569763184
5650 24.16386222839355
5660 25.50464630126953
5670 22.00656700134277
5680 23.47344017028809
5690 30.14241409301758
5700 13.27930450439453
5710 21.55080413818359
5720 11.96614170074463
5730 6.975132465362549
5740 9.835290908813477
5750 17.37056732177734
5760 12.96768379211426
5770 9.144752502441406
5780 10.18333435058594
5790 9.348542213439941
5800 8.39872932434082
5810 14.10939311981201
5820 16.22676849365234
5830 8.091776847839355
5840 11.80598163604736
5850 16.86013412475586
5860 15.42261505126953
5870 12.57017421722412
5880 16.95791816711426
5890 16.78926086425781
5900 9.64016056060791
5910 14.62392807006836
5920 17.97249794006348
5930 25.52828788757324
5940 21.44180679321289
5950 10.33152389526367
5960 5.692789554595947
5970 9.700691223144531
5980 10.12362289428711
5990 10.78185844421387
6000 33.2773323059082
6010 37.91531753540039
6020 22.27988624572754
6030 19.34812164306641
6040 23.30451965332031
6050 11.1173095703125
6060 20.72490310668945
6070 23.90188789367676
6080 21.86680793762207
6090 17.35020065307617
6100 19.67275428771973
6110 29.03726959228516
6120 25.45504951477051
6130 19.05305862426758
6140 9.782174110412598
6150 23.19460296630859
6160 21.77963256835938
6170 9.690262794494629
6180 9.57904052734375
6190 11.92153549194336
6200 11.04960155487061
6210 20.45081329345703
6220 8.503365516662598
6230 12.55424976348877
6240 17.37518310546875
6250 13.8583984375
6260 12.14045143127441
6270 24.27962875366211
6280 11.48384189605713
6290 7.977581977844238
6300 7.201221466064453
6310 13.90775680541992
6320 13.55012607574463
6330 23.57226181030273
6340 13.41377067565918
6350 13.49066829681396
6360 18.10596656799316
6370 15.33462142944336
6380 18.25767707824707
6390 21.59151077270508
6400 18.85208320617676
6410 17.27602577209473
6420 27.5920581817627
6430 24.9297981262207
6440 43.48838806152344
6450 20.5368766784668
6460 21.57741546630859
6470 13.67535591125488
6480 9.239580154418945
6490 15.86597442626953
6500 15.5273494720459
6510 17.32777214050293
6520 15.27719688415527
6530 10.3456916809082
6540 13.40958499908447
6550 20.11019134521484
6560 13.79142761230469
6570 18.65014266967773
6580 21.75209617614746
6590 25.81567192077637
6600 11.88068675994873
6610 12.359938621521
6620 16.29409027099609
6630 18.34325790405273
6640 18.29108047485352
6650 26.14163208007812
6660 26.47134017944336
6670 9.88416576385498
6680 12.84061431884766
6690 15.37887382507324
6700 10.30480003356934
6710 12.92973613739014
6720 12.69977760314941
6730 16.44037818908691
6740 20.13122749328613
6750 15.35190963745117
6760 27.37934494018555
6770 32.61232757568359
6780 15.75110054016113
6790 18.35738182067871
6800 15.39374351501465
6810 21.80728149414062
6820 33.36811447143555
6830 38.53937149047852
6840 27.76772308349609
6850 31.79344940185547
6860 20.15171051025391
6870 13.81969833374023
6880 13.9677209854126
6890 11.37181854248047
6900 20.91031455993652
6910 9.435266494750977
6920 13.60722064971924
6930 8.282559394836426
6940 14.14935302734375
6950 12.43738651275635
6960 13.42311668395996
6970 10.63499355316162
6980 8.710430145263672
6990 19.26280212402344
7000 7.624209403991699
7010 12.35431289672852
7020 14.20351791381836
7030 18.41692543029785
7040 12.42000293731689
7050 13.13257122039795
7060 6.89161491394043
7070 12.78170394897461
7080 15.89663219451904
7090 11.51363277435303
7100 9.504426956176758
7110 6.137801170349121
7120 14.97346115112305
7130 17.32984924316406
7140 9.381518363952637
7150 11.71916675567627
7160 15.09464073181152
7170 12.06772327423096
7180 5.743067264556885
7190 6.974860668182373
7200 21.10272026062012
7210 31.05793762207031
7220 19.97243881225586
7230 18.75203323364258
7240 16.22159957885742
7250 14.69406414031982
7260 23.21924209594727
7270 13.27476692199707
7280 13.85371398925781
7290 23.54147338867188
7300 18.92321014404297
7310 19.85709571838379
7320 10.039137840271
7330 9.268712043762207
7340 9.881923675537109
7350 14.45517539978027
7360 15.15372657775879
7370 12.61930179595947
7380 8.660696029663086
7390 9.739846229553223
7400 6.721787452697754
7410 7.227213859558105
7420 8.433719635009766
7430 9.001026153564453
7440 9.632136344909668
7450 6.11872386932373
7460 6.488749504089355
7470 6.877426147460938
7480 5.432603359222412
7490 8.633257865905762
7500 7.30910587310791
7510 7.255023956298828
7520 13.13806343078613
7530 12.01181602478027
7540 10.43212509155273
7550 10.50430393218994
7560 7.373115539550781
7570 8.066896438598633
7580 10.86941146850586
7590 10.95737838745117
7600 17.41814041137695
7610 12.85788249969482
7620 17.3615779876709
7630 20.89822006225586
7640 21.45564270019531
7650 22.61201858520508
7660 24.77752304077148
7670 17.79829216003418
7680 20.56889152526855
7690 28.33217811584473
7700 18.61443138122559
7710 9.735415458679199
7720 13.54454040527344
7730 22.5766429901123
7740 17.03043174743652
7750 12.83900451660156
7760 16.81888008117676
7770 16.36538696289062
7780 12.96250915527344
7790 21.91421318054199
7800 21.59450340270996
7810 19.51205635070801
7820 13.69959831237793
7830 11.7708044052124
7840 9.486935615539551
7850 19.18377113342285
7860 20.5211181640625
7870 9.774002075195312
7880 11.1927318572998
7890 12.65801811218262
7900 3.8973388671875
7910 5.257680892944336
7920 11.49363422393799
7930 6.448929309844971
7940 10.8870964050293
7950 21.04915237426758
7960 27.74382400512695
7970 11.08796977996826
7980 18.63768005371094
7990 11.16302680969238
8000 15.95879173278809
8010 20.08794021606445
8020 10.14565658569336
8030 14.77690124511719
8040 24.83024024963379
8050 20.85134315490723
8060 24.00277137756348
8070 26.07728004455566
8080 17.81787300109863
8090 14.8728141784668
8100 14.0677661895752
8110 15.77013206481934
8120 15.73901176452637
8130 15.45322895050049
8140 27.74267959594727
8150 8.791677474975586
8160 7.822080135345459
8170 9.885629653930664
8180 8.271231651306152
8190 9.453154563903809
8200 20.26338195800781
8210 15.59572696685791
8220 9.957852363586426
8230 12.93621635437012
8240 24.18137359619141
8250 21.37817573547363
8260 20.20992660522461
8270 17.31050682067871
8280 12.44201469421387
8290 15.14869689941406
8300 15.34370422363281
8310 12.97203350067139
8320 18.10414123535156
8330 11.80398750305176
8340 12.64430046081543
8350 12.31104183197021
8360 8.480154991149902
8370 6.306726455688477
8380 10.25389289855957
8390 11.30731201171875
8400 13.57080078125
8530 7.396449565887451
8540 12.96916770935059
8550 14.63201522827148
