"Time Step" "point-ho-a"
20210 6.608158855669899e-06
20220 6.60091063764412e-06
20230 6.590079465240706e-06
20240 6.575691713806009e-06
20250 6.558597306138836e-06
20260 6.541721631947439e-06
20270 6.52973358228337e-06
20280 6.522739113279385e-06
20290 6.519579983432777e-06
20300 6.520756869576871e-06
20310 6.52655808153213e-06
20320 6.540463346027536e-06
20330 6.562308044522069e-06
20340 6.588787073269486e-06
20350 6.614675385208102e-06
20360 6.636535545112565e-06
20370 6.654240223724628e-06
20380 6.668494279438164e-06
20390 6.680250862700632e-06
20400 6.690024747513235e-06
20410 6.697986918879906e-06
20420 6.703870894853026e-06
20430 6.707391094096238e-06
20440 6.70919280310045e-06
20450 6.709180524921976e-06
20460 6.707037300657248e-06
20470 6.703642611682881e-06
20480 6.700192898279056e-06
20490 6.697077878925484e-06
20500 6.694928742945194e-06
20510 6.692248462059069e-06
20520 6.686969754809979e-06
20530 6.679269063170068e-06
20540 6.67074937155121e-06
20550 6.66082814859692e-06
20560 6.649323495366843e-06
20570 6.636913894908503e-06
20580 6.624060915783048e-06
20590 6.611517164856195e-06
20600 6.601372206205269e-06
20610 6.594481419597287e-06
20620 6.588639280380448e-06
20630 6.583198683074443e-06
20640 6.581171419384191e-06
20650 6.582127753063105e-06
20660 6.583655249414733e-06
20670 6.584059974557022e-06
20680 6.58385397400707e-06
20690 6.584379661944695e-06
20700 6.585903975064866e-06
20710 6.584949005628005e-06
20720 6.580009994650027e-06
20730 6.574708095286041e-06
20740 6.571917310793651e-06
20750 6.57102418699651e-06
20760 6.567386662936769e-06
20770 6.559852863574633e-06
20780 6.549982572323643e-06
20790 6.542382379848277e-06
20800 6.535512511618435e-06
20810 6.529753136419458e-06
20820 6.525110620714258e-06
20830 6.522547209897311e-06
20840 6.52152584734722e-06
20850 6.519019734696485e-06
20860 6.513463176816003e-06
20870 6.50706942906254e-06
20880 6.502699761767872e-06
20890 6.501874395326013e-06
20900 6.506038971565431e-06
20910 6.515824679809157e-06
20920 6.530707196361618e-06
20930 6.548249530169414e-06
20940 6.565104740730021e-06
20950 6.579646651516668e-06
20960 6.592559657292441e-06
20970 6.60517889627954e-06
20980 6.617835424549412e-06
20990 6.627789389312966e-06
21000 6.636277703364613e-06
21010 6.646959718636936e-06
21020 6.662422492809128e-06
21030 6.683191713818815e-06
21040 6.707493412250187e-06
21050 6.732556812494295e-06
21060 6.754967671440681e-06
21070 6.772132564947242e-06
21080 6.780764124414418e-06
21090 6.778675015084445e-06
21100 6.768014372937614e-06
21110 6.752580702595878e-06
21120 6.73485237712157e-06
21130 6.719064458593493e-06
21140 6.707313332299236e-06
21150 6.698846846120432e-06
21160 6.693026534776436e-06
21170 6.688857411063509e-06
21180 6.685843345621834e-06
21190 6.681738341285381e-06
21200 6.676248176518129e-06
21210 6.668641617579851e-06
21220 6.655801826127572e-06
21230 6.637595106440131e-06
21240 6.615809525101213e-06
21250 6.592551471840125e-06
21260 6.570111963810632e-06
21270 6.550968464580365e-06
21280 6.535808097396512e-06
21290 6.524705440824619e-06
21300 6.518224836327136e-06
21310 6.51585196465021e-06
21320 6.517997462651692e-06
21330 6.526764082082082e-06
21340 6.543879862874746e-06
21350 6.566855518030934e-06
21360 6.590701104869368e-06
21370 6.613320692849811e-06
21380 6.635996669501765e-06
21390 6.658343863819027e-06
21400 6.678778845525812e-06
21410 6.696853233734146e-06
21420 6.70969575367053e-06
21430 6.715575182170141e-06
21440 6.71714951749891e-06
21450 6.713847596984124e-06
21460 6.70359622745309e-06
21470 6.68836537442985e-06
21480 6.671085429843515e-06
21490 6.653505806752946e-06
21500 6.63699984215782e-06
21510 6.623318768106401e-06
21520 6.612442120967899e-06
21530 6.603176643693587e-06
21540 6.59056877339026e-06
21550 6.57567170492257e-06
21560 6.561881491506938e-06
21570 6.551287697220687e-06
21580 6.544146344822366e-06
21590 6.539391051774146e-06
21600 6.536364253406646e-06
21610 6.535198281198973e-06
21620 6.538587967952481e-06
21630 6.549426871060859e-06
21640 6.568638127646409e-06
21650 6.594710157514783e-06
21660 6.624895377171924e-06
21670 6.657617632299662e-06
21680 6.695380761811975e-06
21690 6.743129688402405e-06
21700 6.797478818043601e-06
21710 6.849411875009537e-06
21720 6.894957550684921e-06
21730 6.93313359079184e-06
21740 6.964833573874785e-06
21750 6.991806003497913e-06
21760 7.016508789092768e-06
21770 7.039119736873545e-06
21780 7.058474238874624e-06
21790 7.074237601045752e-06
21800 7.086528512445511e-06
21810 7.095226010278566e-06
21820 7.098550668160897e-06
21830 7.09624919181806e-06
21840 7.090196049830411e-06
21850 7.082576757966308e-06
21860 7.076506790326675e-06
21870 7.075381745380582e-06
21880 7.078811904648319e-06
21890 7.084961907821707e-06
21900 7.094253760442371e-06
21910 7.106302291504107e-06
21920 7.124063813535031e-06
21930 7.147959422582062e-06
21940 7.175225618993863e-06
21950 7.201018433988793e-06
21960 7.222681688290322e-06
21970 7.240761533466866e-06
21980 7.255654509208398e-06
21990 7.267859018611489e-06
22000 7.277680197148584e-06
22010 7.284688763320446e-06
22020 7.288241704372922e-06
22030 7.287853804882616e-06
22040 7.284652838279726e-06
22050 7.278817520273151e-06
22060 7.271157755894819e-06
22070 7.263821771630319e-06
22080 7.258515324792825e-06
22090 7.254501724673901e-06
22100 7.251342140079942e-06
22110 7.248754172906047e-06
22120 7.244848802656634e-06
22130 7.239023489091778e-06
22140 7.231752533698454e-06
22150 7.224115051940316e-06
22160 7.216489393613301e-06
22170 7.208598617580719e-06
22180 7.200900654424913e-06
22190 7.193914370873244e-06
22200 7.189605639723595e-06
22210 7.188919880718458e-06
22220 7.189987172750989e-06
22230 7.191751592472428e-06
22240 7.197407285275403e-06
22250 7.206948794191703e-06
22260 7.217203346954193e-06
22270 7.226246907521272e-06
22280 7.234716576931532e-06
22290 7.244576408993453e-06
22300 7.256706794578349e-06
22310 7.267294222401688e-06
22320 7.274757535924437e-06
22330 7.281924808921758e-06
22340 7.291829660971416e-06
22350 7.304089194803964e-06
22360 7.313713012990775e-06
22370 7.319213636947097e-06
22380 7.322439614654286e-06
22390 7.326611466851318e-06
22400 7.331747838179581e-06
22410 7.338020168390358e-06
22420 7.344407549680909e-06
22430 7.352163720497629e-06
22440 7.360006748058368e-06
22450 7.364885732386028e-06
22460 7.366366844507866e-06
22470 7.367268608504673e-06
22480 7.371400442934828e-06
22490 7.379471298918361e-06
22500 7.392636689473875e-06
22510 7.411601472995244e-06
22520 7.434909093717579e-06
22530 7.459286734956549e-06
22540 7.481346983695403e-06
22550 7.499692856072215e-06
22560 7.515165634686127e-06
22570 7.529702543251915e-06
22580 7.543642368545989e-06
22590 7.554077910754131e-06
22600 7.56298277337919e-06
22610 7.574639312224463e-06
22620 7.592132078571012e-06
22630 7.616086804773659e-06
22640 7.644106517545879e-06
22650 7.672815627302043e-06
22660 7.698532499489374e-06
22670 7.717633707216009e-06
22680 7.726050171186216e-06
22690 7.721741894783918e-06
22700 7.707330041739624e-06
22710 7.687843208259437e-06
22720 7.666488272661809e-06
22730 7.648175596841611e-06
22740 7.636476766492706e-06
22750 7.631469998159446e-06
22760 7.632468623341992e-06
22770 7.638257557118777e-06
22780 7.648156497452874e-06
22790 7.658295544388238e-06
22800 7.666667443118058e-06
22810 7.66968969401205e-06
22820 7.663735232199542e-06
22830 7.649081453564577e-06
22840 7.628453658981016e-06
22850 7.604644451930653e-06
22860 7.580729743494885e-06
22870 7.560136054962641e-06
22880 7.543921128672082e-06
22890 7.531997653131839e-06
22900 7.524135526182363e-06
22910 7.520907729485771e-06
22920 7.523867679992691e-06
22930 7.536640168837039e-06
22940 7.561401616840158e-06
22950 7.59318754717242e-06
22960 7.624288173246896e-06
22970 7.653969078091905e-06
22980 7.684634510951582e-06
22990 7.714593266427983e-06
23000 7.741184163023718e-06
23010 7.762501809338573e-06
23020 7.774333425913937e-06
23030 7.774631740176119e-06
23040 7.767395800328813e-06
23050 7.752477358735632e-06
23060 7.728395758022089e-06
23070 7.698295121372212e-06
23080 7.666013516427483e-06
23090 7.633543646079488e-06
23100 7.602212463098112e-06
23110 7.57392990635708e-06
23120 7.54825487092603e-06
23130 7.522563464590348e-06
23140 7.491222277167253e-06
23150 7.45555234971107e-06
23160 7.419864232360851e-06
23170 7.38704284231062e-06
23180 7.358119546552189e-06
23190 7.332018412853358e-06
23200 7.307472060347209e-06
23210 7.285294032044476e-06
23220 7.269636626006104e-06
23230 7.262970029842108e-06
23240 7.265807198564289e-06
23250 7.275476491486188e-06
23260 7.28969735064311e-06
23270 7.307672149181599e-06
23280 7.332095265155658e-06
23290 7.369511422439246e-06
23300 7.416408607241465e-06
23310 7.462193480023416e-06
23320 7.502139851567335e-06
23330 7.534820269938791e-06
23340 7.561471647932194e-06
23350 7.583564638480311e-06
23360 7.60303191782441e-06
23370 7.620050837431336e-06
23380 7.633341738255695e-06
23390 7.642558557563461e-06
23400 7.647638994967565e-06
23410 7.64894957683282e-06
23420 7.645786354260053e-06
23430 7.637040653207805e-06
23440 7.624104000569787e-06
23450 7.608688520122087e-06
23460 7.595374427182833e-06
23470 7.589835149701685e-06
23480 7.590692348458106e-06
23490 7.594837825308787e-06
23500 7.603233825648203e-06
23510 7.615590675413841e-06
23520 7.635147085238714e-06
23530 7.661598829145078e-06
23540 7.692315193708055e-06
23550 7.721282599959522e-06
23560 7.744176400592551e-06
23570 7.761650522297714e-06
23580 7.774833647999913e-06
23590 7.785261004755739e-06
23600 7.793508302711416e-06
23610 7.798953447490931e-06
23620 7.801264473528136e-06
23630 7.80010759626748e-06
23640 7.795896635798272e-06
23650 7.78930916567333e-06
23660 7.782162356306799e-06
23670 7.776116035529412e-06
23680 7.772050594212487e-06
23690 7.769159310555551e-06
23700 7.767272109049372e-06
23710 7.766226190142334e-06
23720 7.765141162963118e-06
23730 7.761744200251997e-06
23740 7.756567356409505e-06
23750 7.749978976789862e-06
23760 7.742860361759085e-06
23770 7.736319275863934e-06
23780 7.731164259894285e-06
23790 7.727665433776565e-06
23800 7.727428055659402e-06
23810 7.731529876764398e-06
23820 7.737949090369511e-06
23830 7.745239599898923e-06
23840 7.75548232923029e-06
23850 7.767636816424783e-06
23860 7.778657163726166e-06
23870 7.786182322888635e-06
23880 7.791946700308472e-06
23890 7.800665116519667e-06
23900 7.81318340159487e-06
23910 7.82340248406399e-06
23920 7.827891749911942e-06
23930 7.830257345631253e-06
23940 7.834937605366576e-06
23950 7.841596016078256e-06
23960 7.843803359719459e-06
23970 7.83993618824752e-06
23980 7.833034032955766e-06
23990 7.825375178072136e-06
24000 7.817807272658683e-06
15610 9.816514648264274e-05
15620 9.757507359609008e-05
15630 9.696299093775451e-05
15640 9.636706818128005e-05
15650 9.582859638612717e-05
15660 9.538837912259623e-05
15670 9.507495269645005e-05
15680 9.489202057011425e-05
15690 9.482199675403535e-05
15700 9.485371992923319e-05
15710 9.497712744632736e-05
15720 9.516497084405273e-05
15730 9.538407903164625e-05
15740 9.559734462527558e-05
15750 9.577348828315735e-05
15760 9.588713874109089e-05
15770 9.593155846232548e-05
15780 9.591806883690879e-05
15790 9.588585089659318e-05
15800 9.58569289650768e-05
15810 9.582902566762641e-05
15820 9.579320612829179e-05
15830 9.57331430981867e-05
15840 9.564986248733476e-05
15850 9.554596908856183e-05
15860 9.541089821141213e-05
15870 9.523515473119915e-05
15880 9.501807653577998e-05
15890 9.477869025431573e-05
15900 9.454133396502584e-05
15910 9.432063961867243e-05
15920 9.412746294401586e-05
15930 9.396770474268124e-05
15940 9.38331795623526e-05
15950 9.371443593408912e-05
15960 9.359438990941271e-05
15970 9.346584556624293e-05
15980 9.332285117125139e-05
15990 9.315075294580311e-05
16000 9.294034680351615e-05
16010 9.26967550185509e-05
16020 9.243622480425984e-05
16030 9.216828038915992e-05
16040 9.190049604512751e-05
16050 9.164402581518516e-05
16060 9.141718328464776e-05
16070 9.123723430093378e-05
16080 9.112134284805506e-05
16090 9.10723174456507e-05
16100 9.109354868996888e-05
16110 9.1176712885499e-05
16120 9.129465615842491e-05
16130 9.14073025342077e-05
16140 9.147262608166784e-05
16150 9.14602933335118e-05
16160 9.1350513685029e-05
16170 9.113235137192532e-05
16180 9.081131429411471e-05
16190 9.039181168191135e-05
16200 8.989786874735728e-05
16210 8.935069490689784e-05
16220 8.877060463419184e-05
16230 8.818373316898942e-05
16240 8.761689969105646e-05
16250 8.709001122042537e-05
16260 8.662134496262297e-05
16270 8.62261513248086e-05
16280 8.591133519075811e-05
16290 8.567914483137429e-05
16300 8.552525832783431e-05
16310 8.546276512788609e-05
16320 8.549498306820169e-05
16330 8.559971320210025e-05
16340 8.575619722250849e-05
16350 8.594898827141151e-05
16360 8.616012200945988e-05
16370 8.637622522655874e-05
16380 8.66039699758403e-05
16390 8.685290231369436e-05
16400 8.711830741958693e-05
16410 8.73943354235962e-05
16420 8.76885824254714e-05
16430 8.802266529528424e-05
16440 8.842329407343641e-05
16450 8.891944162314758e-05
16460 8.952974167186767e-05
16470 9.026120824273676e-05
16480 9.110649261856452e-05
16490 9.204367961501703e-05
16500 9.303887054556981e-05
16510 9.405387390870601e-05
16520 9.507210779702291e-05
16530 9.609640255803242e-05
16540 9.713079634821042e-05
16550 9.816197416512296e-05
16560 9.919789590639994e-05
16570 0.0001002433928078972
16580 0.000101275320048444
16590 0.0001022898868541233
16600 0.0001032887812471017
16610 0.0001042729636537842
16620 0.0001052470834110864
16630 0.0001062096926034428
16640 0.0001071498409146443
16650 0.0001080492002074607
16660 0.0001088810167857446
16670 0.0001096025080187246
16680 0.0001101861125789583
16690 0.0001106198687921278
16700 0.0001109080913010985
16710 0.0001110759403673001
16720 0.0001111620949814096
16730 0.0001112019090214744
16740 0.0001112226891564205
16750 0.0001112315585487522
16760 0.000111224566353485
16770 0.0001111905658035539
16780 0.0001111293895519339
16790 0.0001110418088501319
16800 0.000110934408439789
16810 0.0001108130891225301
16820 0.0001106794952647761
16830 0.0001105262999772094
16840 0.0001103293761843815
16850 0.0001100710214814171
16860 0.0001097462300094776
16870 0.0001093574101105332
16880 0.0001089165525627322
16890 0.0001084361283574253
16900 0.0001079077992471866
16910 0.0001073097519110888
16920 0.000106628613139037
16930 0.0001058461057255045
16940 0.0001049456623150036
16950 0.0001039181661326438
16960 0.0001027604375849478
16970 0.0001014794106595218
16980 0.0001001004493446089
16990 9.866478649200872e-05
17000 9.721504466142505e-05
17010 9.578542085364461e-05
17020 9.440161375096068e-05
17030 9.307799336966127e-05
17040 9.181992209050804e-05
17050 9.062911703949794e-05
17060 8.950669143814594e-05
17070 8.845658885547891e-05
17080 8.747919491725042e-05
17090 8.658537990413606e-05
17100 8.576289110351354e-05
17110 8.499245450366288e-05
17120 8.425398118561134e-05
17130 8.351131691597402e-05
17140 8.272181730717421e-05
17150 8.185241313185543e-05
17160 8.087952301139012e-05
17170 7.979838119354099e-05
17180 7.861346239224076e-05
17190 7.734108658041805e-05
17200 7.601778634125367e-05
17210 7.468916737707332e-05
17220 7.339482544921339e-05
17230 7.216328231152147e-05
17240 7.102383096935228e-05
17250 7.00035598129034e-05
17260 6.912640674272552e-05
17270 6.84034894220531e-05
17280 6.782340642530471e-05
17290 6.735631905030459e-05
17300 6.698186916764826e-05
17310 6.667786510661244e-05
17320 6.641254731221125e-05
17330 6.614968879148364e-05
17340 6.585401570191607e-05
17350 6.550749094458297e-05
17360 6.511194806080312e-05
17370 6.467740604421124e-05
17380 6.422007572837174e-05
17390 6.377210229402408e-05
17400 6.336322985589504e-05
17410 6.298381049418822e-05
17420 6.261896487558261e-05
17430 6.224961543921381e-05
17440 6.186837708810344e-05
17450 6.146291707409546e-05
17460 6.101339386077598e-05
17470 6.050481169950217e-05
17480 5.993431477691047e-05
17490 5.931810665060766e-05
17500 5.867499567102641e-05
17510 5.800530198030174e-05
17520 5.730409247917123e-05
17530 5.657099973177537e-05
17540 5.580735523835756e-05
17550 5.501702617038973e-05
17560 5.419558146968484e-05
17570 5.334890738595277e-05
17580 5.249181049293838e-05
17590 5.163332389201969e-05
17600 5.077348032500595e-05
17610 4.992003960069269e-05
17620 4.907733091386035e-05
17630 4.825764335691929e-05
17640 4.747370621771552e-05
17650 4.672800423577428e-05
17660 4.601719047059305e-05
17670 4.533951505436562e-05
17680 4.469295890885405e-05
17690 4.406964580994099e-05
17700 4.346470450400375e-05
17710 4.287662159185857e-05
17720 4.229365731589496e-05
17730 4.1700761357788e-05
17740 4.10820466640871e-05
17750 4.042852378915995e-05
17760 3.973875209339894e-05
17770 3.901670424966142e-05
17780 3.826932515949011e-05
17790 3.74944502254948e-05
17800 3.670678052003495e-05
17810 3.591794666135684e-05
17820 3.513192132231779e-05
17830 3.435371036175638e-05
17840 3.358883986948058e-05
17850 3.28423993778415e-05
17860 3.212452429579571e-05
17870 3.144313814118505e-05
17880 3.079651287407614e-05
17890 3.017651761183515e-05
17900 2.957858669105917e-05
17910 2.90140033030184e-05
17920 2.848274743882939e-05
17930 2.797910747176502e-05
17940 2.75015554507263e-05
17950 2.704388316487893e-05
17960 2.659799793036655e-05
17970 2.61595196207054e-05
17980 2.573695564933587e-05
17990 2.533260703785345e-05
18000 2.494022373866756e-05
18010 2.455438152537681e-05
18020 2.417237010376994e-05
18030 2.380013756919652e-05
18040 2.344679523957893e-05
18050 2.31185167649528e-05
18060 2.281935121573042e-05
18070 2.25536641664803e-05
18080 2.231460530310869e-05
18090 2.208990554208867e-05
18100 2.186984966101591e-05
18110 2.165288060496096e-05
18120 2.144849167962093e-05
18130 2.127187326550484e-05
18140 2.112886068061925e-05
18150 2.101618338201661e-05
18160 2.092668000841513e-05
18170 2.084685911540873e-05
18180 2.076885175483767e-05
18190 2.068389221676625e-05
18200 2.058610334643163e-05
18210 2.047521411441267e-05
18220 2.03429826797219e-05
18230 2.018488885369152e-05
18240 2.001213397306856e-05
18250 1.982299363589846e-05
18260 1.961279667739291e-05
18270 1.938166496984195e-05
18280 1.913338201120496e-05
18290 1.887130201794207e-05
18300 1.860067277448252e-05
18310 1.832791531342082e-05
18320 1.805696956580505e-05
18330 1.778733712853864e-05
18340 1.750985575199593e-05
18350 1.722520755720325e-05
18360 1.694286584097426e-05
18370 1.667287142481655e-05
18380 1.642039933358319e-05
18390 1.618947135284543e-05
18400 1.597740811121184e-05
18410 1.578208684804849e-05
18420 1.560463169880677e-05
18430 1.544388942420483e-05
18440 1.529827386548277e-05
18450 1.516295924375299e-05
18460 1.503355269960593e-05
18470 1.490676822868409e-05
18480 1.479392994951922e-05
18490 1.471564246458001e-05
18500 1.466612138756318e-05
18510 1.462231011828408e-05
18520 1.456843983760336e-05
18530 1.449583851353964e-05
18540 1.440460437152069e-05
18550 1.430034535587765e-05
18560 1.419084037479479e-05
18570 1.408209936926141e-05
18580 1.397664254909614e-05
18590 1.387528027407825e-05
18600 1.37775286930264e-05
18610 1.368189350614557e-05
18620 1.358845929644303e-05
18630 1.349606372968992e-05
18640 1.340120888926322e-05
18650 1.330187387793558e-05
18660 1.320211231359281e-05
18670 1.310323295911076e-05
18680 1.300090934819309e-05
18690 1.289423107664334e-05
18700 1.278742092836183e-05
18710 1.268874439119827e-05
18720 1.259925738850143e-05
18730 1.25130609376356e-05
18740 1.242548751179129e-05
18750 1.232875001733191e-05
18760 1.221804996021092e-05
18770 1.209667607326992e-05
18780 1.19680580610293e-05
18790 1.183603035315173e-05
18800 1.170465657196473e-05
18810 1.157597853307379e-05
18820 1.145165060734143e-05
18830 1.133142177422997e-05
18840 1.121600962505909e-05
18850 1.110492485167924e-05
18860 1.099770906876074e-05
18870 1.089372381102294e-05
18880 1.079318462871015e-05
18890 1.069506561179878e-05
18900 1.060055274137994e-05
18910 1.051004801411182e-05
18920 1.042287476593629e-05
18930 1.033796797855757e-05
18940 1.025218443828635e-05
18950 1.016140595311299e-05
18960 1.006900220090756e-05
18970 9.977575246011838e-06
18980 9.889622560876887e-06
18990 9.809612492972519e-06
19000 9.739086635818239e-06
19010 9.676311492512468e-06
19020 9.616640454623848e-06
19030 9.558085366734304e-06
19040 9.503802175458986e-06
19050 9.452270205656532e-06
19060 9.399636837770231e-06
19070 9.345180842501577e-06
19080 9.290478374168742e-06
19090 9.242206942872144e-06
19100 9.202241017192136e-06
19110 9.162278729490936e-06
19120 9.115113243751694e-06
19130 9.062317985808477e-06
19140 9.009389941638801e-06
19150 8.958939361036755e-06
19160 8.90704268385889e-06
19170 8.853165127220564e-06
19180 8.800718205748126e-06
19190 8.752217581786681e-06
19200 8.706039807293564e-06
19210 8.660541425342672e-06
19220 8.613083082309458e-06
19230 8.568210432713386e-06
19240 8.529241313226521e-06
19250 8.497102498949971e-06
19260 8.471274668409023e-06
19270 8.450654604530428e-06
19280 8.437033102381974e-06
19290 8.429144145338796e-06
19300 8.425575288129039e-06
19310 8.425882697338238e-06
19320 8.42877670947928e-06
19330 8.431821697740816e-06
19340 8.43201360112289e-06
19350 8.427938155364245e-06
19360 8.42049212224083e-06
19370 8.411795533902477e-06
19380 8.402477760682814e-06
19390 8.388799869862851e-06
19400 8.369945135200396e-06
19410 8.349536074092612e-06
19420 8.331766366609372e-06
19430 8.31738088891143e-06
19440 8.304905350087211e-06
19450 8.291704943985678e-06
19460 8.275344953290187e-06
19470 8.254045496869367e-06
19480 8.226336831285153e-06
19490 8.186513696273323e-06
19500 8.13617225503549e-06
19510 8.080613952188287e-06
19520 8.022419024200644e-06
19530 7.964361429912969e-06
19540 7.910735803307034e-06
19550 7.866043233661912e-06
19560 7.830632057448383e-06
19570 7.803700100339483e-06
19580 7.78535377321532e-06
19590 7.771327545924578e-06
19600 7.756904778943863e-06
19610 7.736852239759173e-06
19620 7.706577889621258e-06
19630 7.666869350941852e-06
19640 7.621395980095258e-06
19650 7.572947197331814e-06
19660 7.525602541136323e-06
19670 7.482990440621506e-06
19680 7.445013579854276e-06
19690 7.409917998302262e-06
19700 7.376445410045562e-06
19710 7.34403329261113e-06
19720 7.316088158404455e-06
19730 7.298217497009318e-06
19740 7.293335784197552e-06
19750 7.297085630852962e-06
19760 7.301925052161096e-06
19770 7.303777692868607e-06
19780 7.304502105398569e-06
19790 7.306573024834506e-06
19800 7.307025498448638e-06
19810 7.304531209229026e-06
19820 7.294971510418691e-06
19830 7.275960797414882e-06
19840 7.251102488226024e-06
19850 7.21979267837014e-06
19860 7.179972726589767e-06
19870 7.134555744414683e-06
19880 7.086665846145479e-06
19890 7.037823252176167e-06
19900 6.989642770349747e-06
19910 6.943941116333008e-06
19920 6.900166226841975e-06
19930 6.855679202999454e-06
19940 6.804677468608133e-06
19950 6.749290150764864e-06
19960 6.69537803332787e-06
19970 6.645898793067317e-06
19980 6.60117257211823e-06
19990 6.560518613696331e-06
20000 6.522203875647392e-06
20010 6.485328412964009e-06
20020 6.45389309283928e-06
20030 6.432201189454645e-06
20040 6.422347723855637e-06
20050 6.421224043151597e-06
20060 6.425036190194078e-06
20070 6.431004749174463e-06
20080 6.442562607844593e-06
20090 6.466500053647906e-06
20100 6.499382834590506e-06
20110 6.530996870424133e-06
20120 6.556579137395602e-06
20130 6.574998224095907e-06
20140 6.587827556359116e-06
20150 6.5974377321254e-06
20160 6.605791440961184e-06
20170 6.612650850001955e-06
20180 6.616347036469961e-06
20190 6.616365681111347e-06
20200 6.613399364141515e-06
8410 0.0001065344840753824
8420 0.0001065657925209962
8430 0.0001066129625542089
8440 0.0001066846816684119
8450 0.0001067942721419968
8460 0.0001069540667231195
8470 0.0001071761507773772
8480 0.0001074618267011829
8490 0.0001078029454220086
8500 0.0001081864393199794
8510 0.0001085922413039953
8520 0.0001090042642317712
8530 0.0001094257313525304
8540 0.000109862485260237
8550 0.0001103117901948281
8560 0.0001107753560063429
8570 0.0001112400786951184
8580 0.0001116950079449452
8590 0.0001121373352361843
8600 0.000112571899080649
8610 0.0001130045129684731
8620 0.000113432586658746
8630 0.0001138476509368047
8640 0.0001142542168963701
8650 0.0001146425565821119
8660 0.0001149957242887467
8670 0.000115289818495512
8680 0.0001155078134615906
8690 0.0001156426587840542
8700 0.0001156977159553207
8710 0.0001156863872893155
8720 0.0001156276630354114
8730 0.000115535527584143
8740 0.000115412927698344
8750 0.0001152637923951261
8760 0.0001150982207036577
8770 0.0001149337549577467
8780 0.0001147829680121504
8790 0.0001146539507317357
8800 0.0001145638598245569
8810 0.0001145298811024986
8820 0.0001145562273450196
8830 0.000114635971840471
8840 0.0001147530128946528
8850 0.0001148973096860573
8860 0.0001150604875874706
8870 0.0001152305776486173
8880 0.0001154088677139953
8890 0.0001156167782028206
8900 0.0001158445375040174
8910 0.0001160616084234789
8920 0.0001162496628239751
8930 0.0001163987326435745
8940 0.0001165059802588075
8950 0.0001165707799373195
8960 0.0001165954163298011
8970 0.0001165845460491255
8980 0.0001165506328106858
8990 0.0001165155554190278
9000 0.0001165021385531873
9010 0.00011652652756311
9020 0.0001165966532425955
9030 0.0001167176014860161
9040 0.0001168863091152161
9050 0.000117091323772911
9060 0.00011732145503629
9070 0.0001175686556962319
9080 0.0001178274396806955
9090 0.000118104369903449
9100 0.0001183921776828356
9110 0.0001186853623948991
9120 0.0001189825270557776
9130 0.0001192636991618201
9140 0.0001195118020405062
9150 0.0001197072415379807
9160 0.0001198335958179086
9170 0.0001198790414491668
9180 0.0001198339450638741
9190 0.0001197063829749823
9200 0.000119523647299502
9210 0.0001193221614812501
9220 0.0001191367337014526
9230 0.0001189931281260215
9240 0.0001189182730740868
9250 0.0001189340982818976
9260 0.0001190569819300435
9270 0.000119290234579239
9280 0.0001196154116769321
9290 0.0001199970065499656
9300 0.0001204049185616896
9310 0.0001208182657137513
9320 0.0001212146307807416
9330 0.0001215754891745746
9340 0.0001218930920003913
9350 0.0001221692946273834
9360 0.000122403769637458
9370 0.0001226065796799958
9380 0.0001228120236191899
9390 0.0001230551570188254
9400 0.0001233407674590126
9410 0.0001236678654095158
9420 0.0001240276033058763
9430 0.0001244048326043412
9440 0.000124798680189997
9450 0.0001252086949534714
9460 0.0001256245741387829
9470 0.0001260366552742198
9480 0.000126433908008039
9490 0.0001268143096240237
9500 0.0001271759392693639
9510 0.0001275003596674651
9520 0.0001277655537705868
9530 0.0001279555435758084
9540 0.0001280509895877913
9550 0.0001280458818655461
9560 0.0001279351708944887
9570 0.0001277311966987327
9580 0.0001274590322282165
9590 0.0001271440996788442
9600 0.0001268067571800202
9610 0.0001264666061615571
9620 0.000126145692775026
9630 0.0001258543343283236
9640 0.0001256014656974003
9650 0.00012539594899863
9660 0.0001252400543307886
9670 0.0001251405919902027
9680 0.0001251045177923515
9690 0.0001251286012120545
9700 0.0001252151996595785
9710 0.000125362174003385
9720 0.0001255532843060791
9730 0.0001257604890270159
9740 0.0001259496930288151
9750 0.000126091210404411
9760 0.0001261621509911492
9770 0.0001261453871848062
9780 0.0001260359858861193
9790 0.000125825623399578
9800 0.0001255298848263919
9810 0.0001251644862350076
9820 0.0001247416657861322
9830 0.0001242825674125925
9840 0.0001238068361999467
9850 0.0001233309594681486
9860 0.0001228677429025993
9870 0.0001224250881932676
9880 0.0001220025878865272
9890 0.0001215937591041438
9900 0.0001212047718581744
9910 0.0001208574103657156
9920 0.0001205525113618933
9930 0.0001202865969389677
9940 0.0001200632177642547
9950 0.000119875832751859
9960 0.0001197130623040721
9970 0.00011956381786149
9980 0.0001194325668620877
9990 0.0001193221687572077
10000 0.0001192191848531365
10010 0.0001191087721963413
10020 0.0001189843533211388
10030 0.0001188544847536832
10040 0.0001187352972920053
10050 0.000118648873467464
10060 0.0001186133522423916
10070 0.0001186445078928955
10080 0.0001187449815915897
10090 0.0001189040922326967
10100 0.0001191033516079187
10110 0.0001193181815324351
10120 0.000119537791761104
10130 0.0001197643141495064
10140 0.0001200033875647932
10150 0.0001202453204314224
10160 0.0001204966174555011
10170 0.000120757773402147
10180 0.0001210207847179845
10190 0.0001212877250509337
10200 0.000121572804346215
10210 0.0001218925463035703
10220 0.0001222546125063673
10230 0.0001226618333021179
10240 0.0001231216010637581
10250 0.0001236254902323708
10260 0.0001241510326508433
10270 0.000124661935842596
10280 0.0001251278736162931
10290 0.0001255255046999082
10300 0.0001258450065506622
10310 0.0001260937278857455
10320 0.0001262907462660223
10330 0.0001264540042029694
10340 0.0001265937316929922
10350 0.0001267154584638774
10360 0.0001268282358068973
10370 0.0001269467320526019
10380 0.0001270884386030957
10390 0.0001272629451705143
10400 0.0001274826499866322
10410 0.0001277678238693625
10420 0.0001281281729461625
10430 0.0001285574835492298
10440 0.0001290428772335872
10450 0.0001295730180572718
10460 0.0001301431184401736
10470 0.0001307462807744741
10480 0.0001313902030233294
10490 0.0001320986630162224
10500 0.0001328598009422421
10510 0.0001336433051619679
10520 0.0001344259217148647
10530 0.0001351865794276819
10540 0.0001359103625873104
10550 0.0001365872740279883
10560 0.0001372096594423056
10570 0.0001377746521029621
10580 0.0001382902555633336
10590 0.0001387744268868119
10600 0.0001392470003338531
10610 0.0001397244341205806
10620 0.0001402177149429917
10630 0.0001407393137924373
10640 0.0001413024438079447
10650 0.0001419227628502995
10660 0.0001426173112122342
10670 0.0001434075675206259
10680 0.0001443060027668253
10690 0.0001453302102163434
10700 0.0001464688393753022
10710 0.000147693237522617
10720 0.0001489863934693858
10730 0.0001503085368312895
10740 0.0001516118209110573
10750 0.000152850552694872
10760 0.0001539863587822765
10770 0.0001549910521134734
10780 0.0001558455405756831
10790 0.0001565498532727361
10800 0.0001571281754877418
10810 0.0001576197246322408
10820 0.0001580663374625146
10830 0.0001585040590725839
10840 0.0001589727617101744
10850 0.0001595147914486006
10860 0.0001601729600224644
10870 0.0001609801984159276
10880 0.0001619483955437317
10890 0.0001630685292184353
10900 0.000164332304848358
10910 0.0001657303218962625
10920 0.0001672366634011269
10930 0.0001688219635980204
10940 0.0001704634778434411
10950 0.0001721379667287692
10960 0.0001738216378726065
10970 0.0001754977129166946
10980 0.0001771624229149893
10990 0.0001788484660210088
11000 0.0001805638603400439
11010 0.0001822931808419526
11020 0.0001840117474785075
11030 0.0001856810413300991
11040 0.0001872799184639007
11050 0.0001888045517262071
11060 0.0001902553049148992
11070 0.0001916397886816412
11080 0.0001929682912304997
11090 0.0001942593662533909
11100 0.0001955347252078354
11110 0.0001968124706763774
11120 0.0001981046370929107
11130 0.0001994178164750338
11140 0.0002007433213293552
11150 0.0002020642277784646
11160 0.0002033541968557984
11170 0.0002045828732661903
11180 0.000205724107217975
11190 0.000206758821150288
11200 0.0002076753589790314
11210 0.000208467710763216
11220 0.0002091406640829518
11230 0.0002096888201776892
11240 0.0002101394929923117
11250 0.0002105378662236035
11260 0.0002109268098138273
11270 0.0002113522205036134
11280 0.0002118565025739372
11290 0.0002124616439687088
11300 0.000213181963772513
11310 0.0002140151191269979
11320 0.0002149326319340616
11330 0.0002158833522116765
11340 0.0002168001083191484
11350 0.000217615335714072
11360 0.0002182666066801175
11370 0.0002187091013183817
11380 0.0002189244696637616
11390 0.0002189116057706997
11400 0.0002186896163038909
11410 0.000218280401895754
11420 0.000217710025026463
11430 0.0002170122024836019
11440 0.0002162224991479889
11450 0.0002153701789211482
11460 0.0002144813915947452
11470 0.0002135835093213245
11480 0.0002126988838426769
11490 0.0002118475822499022
11500 0.0002110460191033781
11510 0.0002103197912219912
11520 0.0002096716780215502
11530 0.0002090868511004373
11540 0.0002085524174617603
11550 0.0002080561534967273
11560 0.0002075804077321663
11570 0.0002071028429782018
11580 0.0002066108718281612
11590 0.000206100768991746
11600 0.0002055621444014832
11610 0.0002049877075478435
11620 0.0002043840941041708
11630 0.0002037768135778606
11640 0.0002032036572927609
11650 0.0002027120644925162
11660 0.0002023416454903781
11670 0.0002021082473220304
11680 0.0002020126121351495
11690 0.0002020383399212733
11700 0.0002021518885158002
11710 0.0002023098786594346
11720 0.000202477109269239
11730 0.0002026337897405028
11740 0.0002027619048021734
11750 0.0002028318413067609
11760 0.0002028440940193832
11770 0.0002028067247010767
11780 0.0002027245936915278
11790 0.000202624622033909
11800 0.0002025392313953489
11810 0.0002024952118517831
11820 0.0002025213470915332
11830 0.0002026384463533759
11840 0.000202850642381236
11850 0.0002031431504292414
11860 0.0002034832141362131
11870 0.0002038115344475955
11880 0.0002040761464741081
11890 0.0002042364212684333
11900 0.0002042751730186865
11910 0.0002042036358034238
11920 0.0002040586114162579
11930 0.0002038843231275678
11940 0.0002037241938523948
11950 0.0002036036603385583
11960 0.0002035369107034057
11970 0.0002035279903793707
11980 0.0002035810030065477
11990 0.0002037039375863969
12000 0.0002039135579252616
12010 0.000204231939278543
12020 0.0002046712470473722
12030 0.0002052302443189546
12040 0.0002058868849417195
12050 0.0002066219167318195
12060 0.0002074232033919543
12070 0.0002082904684357345
12080 0.0002092324721161276
12090 0.000210245736525394
12100 0.000211320337257348
12110 0.000212445855140686
12120 0.0002136123948730528
12130 0.0002147996565327048
12140 0.0002159758587367833
12150 0.0002171037631342188
12160 0.0002181505115004256
12170 0.0002190953673562035
12180 0.0002199434238718823
12190 0.0002207256620749831
12200 0.0002214807755080983
12210 0.0002222443581558764
12220 0.0002230479149147868
12230 0.0002239171444671229
12240 0.0002248674427391961
12250 0.0002259124157717451
12260 0.0002270625991513953
12270 0.0002283370704390109
12280 0.0002297612372785807
12290 0.0002313270379090682
12300 0.0002330108836758882
12310 0.0002347846457269043
12320 0.0002365989494137466
12330 0.0002383930986979976
12340 0.0002400953671894968
12350 0.0002416417119093239
12360 0.0002429775631753728
12370 0.000244051669142209
12380 0.0002448270388413221
12390 0.0002452889457345009
12400 0.0002454569330438972
12410 0.0002453757624607533
12420 0.0002451009931974113
12430 0.0002446903090458363
12440 0.0002442031691316515
12450 0.000243700691498816
12460 0.0002432477049296722
12470 0.0002429027226753533
12480 0.0002426929568173364
12490 0.0002426162391202524
12500 0.0002426550781819969
12510 0.0002427889558020979
12520 0.0002429783053230494
12530 0.0002431737520964816
12540 0.0002433240006212145
12550 0.0002433808112982661
12560 0.0002433120971545577
12570 0.0002431133616482839
12580 0.0002427780418656766
12590 0.0002422879479127005
12600 0.0002416546776657924
12610 0.0002408869913779199
12620 0.0002399799413979053
12630 0.0002389230648986995
12640 0.0002377220953349024
12650 0.0002363902021897957
12660 0.0002349384158151224
12670 0.0002333884622203186
12680 0.0002317754406249151
12690 0.0002301392669323832
12700 0.0002285200025653467
12710 0.0002269524557050318
12720 0.0002254595456179231
12730 0.0002240471803816035
12740 0.0002227005898021162
12750 0.0002213919360656291
12760 0.0002200802991865203
12770 0.0002187191712437198
12780 0.0002172735257772729
12790 0.0002157192648155615
12800 0.0002140491997124627
12810 0.0002122630103258416
12820 0.0002103637816617265
12830 0.0002083854342345148
12840 0.0002063758147414774
12850 0.0002043892745859921
12860 0.0002024747227551416
12870 0.0002006643044296652
12880 0.0001989823358599097
12890 0.0001974389597307891
12900 0.0001960341760423034
12910 0.0001947548298630863
12920 0.000193568950635381
12930 0.0001924254320329055
12940 0.000191260245628655
12950 0.000190014106919989
12960 0.0001886364043457434
12970 0.0001870956330094486
12980 0.0001853840803960338
12990 0.0001835066359490156
13000 0.0001814823772292584
13010 0.0001793349802028388
13020 0.0001770993403624743
13030 0.0001748177746776491
13040 0.0001725341135170311
13050 0.00017029199807439
13060 0.0001681355497566983
13070 0.0001661056012380868
13080 0.000164227414643392
13090 0.0001625383738428354
13100 0.000161049043526873
13110 0.0001597442314960063
13120 0.0001586133003002033
13130 0.0001576407084940001
13140 0.0001568034786032513
13150 0.0001560789387440309
13160 0.0001554422779008746
13170 0.0001548654108773917
13180 0.0001543295365991071
13190 0.000153822053107433
13200 0.0001533236645627767
13210 0.000152820983203128
13220 0.0001523197279311717
13230 0.000151843109051697
13240 0.000151420637848787
13250 0.0001510906149633229
13260 0.000150883715832606
13270 0.0001508068235125393
13280 0.0001508509303675964
13290 0.0001509924768470228
13300 0.0001511987356934696
13310 0.0001514280011178926
13320 0.0001516459014965221
13330 0.0001518262433819473
13340 0.0001519624638604
13350 0.0001520541118225083
13360 0.0001520960795460269
13370 0.0001520819787401706
13380 0.0001520237565273419
13390 0.0001519442012067884
13400 0.0001518575591035187
13410 0.0001517688797321171
13420 0.0001516831107437611
13430 0.0001516020129201934
13440 0.0001515150215709582
13450 0.0001513970200903714
13460 0.0001512185262981802
13470 0.0001509346766397357
13480 0.0001505136315245181
13490 0.0001499431382399052
13500 0.0001492325245635584
13510 0.0001484148524468765
13520 0.0001475407480029389
13530 0.0001466581597924232
13540 0.000145806247019209
13550 0.000145002079079859
13560 0.0001442516513634473
13570 0.0001435442536603659
13580 0.0001428705436410382
13590 0.0001422250352334231
13600 0.0001415947772329673
13610 0.0001409846008755267
13620 0.0001403952483087778
13630 0.0001398099266225472
13640 0.0001392032718285918
13650 0.0001385648502036929
13660 0.0001379009772790596
13670 0.0001372212718706578
13680 0.0001365453063044697
13690 0.0001359030284220353
13700 0.0001353016414213926
13710 0.0001347311190329492
13720 0.0001341823808616027
13730 0.0001336363638984039
13740 0.0001330693339696154
13750 0.0001324579934589565
13760 0.0001317796559305862
13770 0.000131019449327141
13780 0.0001301832962781191
13790 0.0001292940723942593
13800 0.000128379964735359
13810 0.0001274637907044962
13820 0.0001265652681468055
13830 0.0001256997929885983
13840 0.000124878017231822
13850 0.0001241097343154252
13860 0.0001234105147887021
13870 0.0001228069450007752
13880 0.0001223174040205777
13890 0.0001219296536874026
13900 0.0001216362870763987
13910 0.0001214111616718583
13920 0.0001212115021189675
13930 0.0001209909896715544
13940 0.0001207056266139261
13950 0.0001203158899443224
13960 0.000119790478493087
13970 0.0001191068222397007
13980 0.0001182548876386136
13990 0.0001172416959889233
14000 0.0001160945976153016
14010 0.0001148561568697914
14020 0.0001135709462687373
14030 0.0001122768153436482
14040 0.0001110173689085059
14050 0.0001098374923458323
14060 0.0001087779819499701
14070 0.0001078645364032127
14080 0.000107098814623896
14090 0.0001064579846570268
14100 0.0001059255009749904
14110 0.0001054858221323229
14120 0.0001051157669280656
14130 0.0001047816185746342
14140 0.000104450635262765
14150 0.0001040877541527152
14160 0.000103665552160237
14170 0.0001031781284837052
14180 0.0001026481404551305
14190 0.0001021118514472619
14200 0.0001015852758428082
14210 0.0001010807318380103
14220 0.0001006002348731272
14230 0.0001001334749162197
14240 9.968069934984669e-05
14250 9.924023470375687e-05
14260 9.879632125375792e-05
14270 9.833410877035931e-05
14280 9.784608846530318e-05
14290 9.734166087582707e-05
14300 9.683532698545605e-05
14310 9.633394074626267e-05
14320 9.584387589711696e-05
14330 9.537296864436939e-05
14340 9.49192326515913e-05
14350 9.448224591324106e-05
14360 9.40555109991692e-05
14370 9.364523430122063e-05
14380 9.325884457211941e-05
14390 9.289308945881203e-05
14400 9.254223550669849e-05
14410 9.220228821504861e-05
14420 9.18830482987687e-05
14430 9.159176988760009e-05
14440 9.132654668064788e-05
14450 9.109214443014935e-05
14460 9.089457307709381e-05
14470 9.074257832253352e-05
14480 9.064996993402019e-05
14490 9.062167373485863e-05
14500 9.066797065315768e-05
14510 9.078992297872901e-05
14520 9.096882422454655e-05
14530 9.11747119971551e-05
14540 9.137174492934719e-05
14550 9.152817074209452e-05
14560 9.161984780803323e-05
14570 9.162956848740578e-05
14580 9.155597945209593e-05
14590 9.139855683315545e-05
14600 9.117973240790889e-05
14610 9.092260006582364e-05
14620 9.064640471478924e-05
14630 9.03737818589434e-05
14640 9.012501686811447e-05
14650 8.991276990855113e-05
14660 8.974957745522261e-05
14670 8.964296284830198e-05
14680 8.959322440205142e-05
14690 8.959857223089784e-05
14700 8.965395682025701e-05
14710 8.976889512268826e-05
14720 8.99515871424228e-05
14730 9.018370474223047e-05
14740 9.044589387485757e-05
14750 9.072195825865492e-05
14760 9.099266026169062e-05
14770 9.124092321144417e-05
14780 9.146754746325314e-05
14790 9.16774442885071e-05
14800 9.186405077343807e-05
14810 9.202046931022778e-05
14820 9.215381578542292e-05
14830 9.22863109735772e-05
14840 9.244562534149736e-05
14850 9.266132110496983e-05
14860 9.295238123741001e-05
14870 9.332550689578056e-05
14880 9.377852256875485e-05
14890 9.429265628568828e-05
14900 9.483796020504087e-05
14910 9.537827281747013e-05
14920 9.589682304067537e-05
14930 9.639748168410733e-05
14940 9.688150748843327e-05
14950 9.734422201290727e-05
14960 9.77930030785501e-05
14970 9.822813444770873e-05
14980 9.863414015853778e-05
14990 9.900766599457711e-05
15000 9.935739944921806e-05
15010 9.96921953628771e-05
15020 0.0001000196643872187
15030 0.0001003415673039854
15040 0.000100654797279276
15050 0.0001009443294606172
15060 0.0001011859567370266
15070 0.0001013434957712889
15080 0.0001013923829304986
15090 0.0001013190776575357
15100 0.0001011254862532951
15110 0.0001008327162708156
15120 0.0001004745281534269
15130 0.0001000821066554636
15140 9.967881487682462e-05
15150 9.927581413649023e-05
15160 9.887897613225505e-05
15170 9.849362686509266e-05
15180 9.813103679334745e-05
15190 9.780073014553636e-05
15200 9.751343168318272e-05
15210 9.728079749038443e-05
15220 9.710094309411943e-05
15230 9.696245251689106e-05
15240 9.684672113507986e-05
15250 9.673633758211508e-05
15260 9.662716183811426e-05
15270 9.651851723901927e-05
15280 9.642775694373995e-05
15290 9.637968469178304e-05
15300 9.636784670874476e-05
15310 9.637085167923942e-05
15320 9.637462062528357e-05
15330 9.636211325414479e-05
15340 9.631952707422897e-05
15350 9.623922233004123e-05
15360 9.611556015443057e-05
15370 9.59477256401442e-05
15380 9.575007425155491e-05
15390 9.554743155604228e-05
15400 9.53645067056641e-05
15410 9.522063919575885e-05
15420 9.512809629086405e-05
15430 9.509198571322486e-05
15440 9.51134497881867e-05
15450 9.519196464680135e-05
15460 9.533223783364519e-05
15470 9.554766438668594e-05
15480 9.584609506418929e-05
15490 9.624302765587345e-05
15500 9.672929445514455e-05
15510 9.726720600156114e-05
15520 9.783844870980829e-05
15530 9.839652193477377e-05
15540 9.88846441032365e-05
15550 9.925763151841238e-05
15560 9.948214574251324e-05
15570 9.953956032404676e-05
15580 9.942059114109725e-05
15590 9.913071698974818e-05
15600 9.869808127405122e-05
0 8.801669901004061e-05
10 8.800559589872137e-05
20 8.802804222796112e-05
30 8.808265556581318e-05
40 8.817393245408311e-05
50 8.830601291265339e-05
60 8.847825665725395e-05
70 8.869441080605611e-05
80 8.89627481228672e-05
90 8.928756869863719e-05
100 8.967435860540718e-05
110 9.013301314553246e-05
120 9.066845086636022e-05
130 9.127773228101432e-05
140 9.194949961965904e-05
150 9.266953566111624e-05
160 9.342447447124869e-05
170 9.420266724191606e-05
180 9.499016596237198e-05
190 9.576239972375333e-05
200 9.65137078310363e-05
210 9.723802941152826e-05
220 9.792959463084117e-05
230 9.859341662377119e-05
240 9.924057667376474e-05
250 9.988149395212531e-05
260 0.0001005320591502823
270 0.0001012108114082366
280 0.0001019229093799368
290 0.0001026571990223601
300 0.0001034164597513154
310 0.0001042089861584827
320 0.0001050329447025433
330 0.0001058887864928693
340 0.0001067789708031341
350 0.0001077020715456456
360 0.0001086501433746889
370 0.0001096115447580814
380 0.0001105848568840884
390 0.0001115614359150641
400 0.0001125163180404343
410 0.000113422742288094
420 0.0001142607216024771
430 0.0001150266689364798
440 0.0001157312144641764
450 0.0001163932174677029
460 0.0001170354371424764
470 0.0001176876103272662
480 0.0001183732310892083
490 0.0001191090850625187
500 0.0001199061443912797
510 0.0001207659370265901
520 0.0001216960663441569
530 0.000122719255159609
540 0.0001238391268998384
550 0.0001250358909601346
560 0.0001262800506083295
570 0.0001275305112358183
580 0.0001287611230509356
590 0.0001299525756621733
600 0.0001310852239839733
610 0.0001321411982644349
620 0.0001331016101175919
630 0.0001339543669018894
640 0.0001347171928500757
650 0.0001354042469756678
660 0.0001360265741823241
670 0.0001365866046398878
680 0.000137093840749003
690 0.0001375603169435635
700 0.0001379955501761287
710 0.0001384033530484885
720 0.0001387843221891671
730 0.0001391277182847261
740 0.0001394069840898737
750 0.0001395938452333212
760 0.0001396743318764493
770 0.0001396512379869819
780 0.0001395346771460027
790 0.0001393353886669502
800 0.0001390674588037655
810 0.0001387482043355703
820 0.0001383997732773423
830 0.0001380346802761778
840 0.0001376644650008529
850 0.00013730202044826
860 0.0001369650999549776
870 0.0001366612705169246
880 0.0001364003983326256
890 0.0001362206094199792
900 0.0001361192262265831
910 0.0001360606838716194
920 0.0001360111782560125
930 0.0001359403104288504
940 0.0001358320441795513
950 0.000135678899823688
960 0.0001354739360976964
970 0.0001352133258478716
980 0.0001349003432551399
990 0.0001345454656984657
1000 0.0001341562456218526
1010 0.000133736728457734
1020 0.0001332912797806785
1030 0.0001328241487499326
1040 0.0001323330216109753
1050 0.0001318149152211845
1060 0.0001312724343733862
1070 0.0001307083730353042
1080 0.0001301246957154945
1090 0.0001295215042773634
1100 0.0001289079955313355
1110 0.0001282927260035649
1120 0.00012767750013154
1130 0.0001270616339752451
1140 0.0001264483435079455
1150 0.0001258316915482283
1160 0.0001252035435754806
1170 0.0001245546736754477
1180 0.000123876568977721
1190 0.0001231672649737448
1200 0.000122434037621133
1210 0.0001216914024553262
1220 0.0001209538240800612
1230 0.0001202285566250794
1240 0.000119527721835766
1250 0.0001188647147500888
1260 0.0001182519627036527
1270 0.0001176939986180514
1280 0.0001171813128166832
1290 0.0001166994188679382
1300 0.0001162504122476093
1310 0.0001158431041403674
1320 0.0001154796409537084
1330 0.0001151545438915491
1340 0.0001148621449829079
1350 0.0001145992646343075
1360 0.0001143574409070425
1370 0.0001141507891588844
1380 0.000114003851194866
1390 0.0001139212545240298
1400 0.0001139094383688644
1410 0.0001139676824095659
1420 0.0001140845415648073
1430 0.0001142498294939287
1440 0.0001144629495684057
1450 0.0001147169241448864
1460 0.0001149998206528835
1470 0.0001153058619820513
1480 0.0001156362413894385
1490 0.0001160011888714507
1500 0.0001164077766588889
1510 0.0001168414310086519
1520 0.0001172810007119551
1530 0.0001177057274617255
1540 0.0001180915933218785
1550 0.00011842973617604
1560 0.0001187111920444295
1570 0.0001189463073387742
1580 0.0001191609044326469
1590 0.000119379474199377
1600 0.0001196231751237065
1610 0.0001199082907987759
1620 0.0001202452694997191
1630 0.0001206385641125962
1640 0.000121094926726073
1650 0.0001216147793456912
1660 0.0001221910933963954
1670 0.0001228185574291274
1680 0.0001234987284988165
1690 0.0001242323050973937
1700 0.000125022474094294
1710 0.0001258726115338504
1720 0.0001267764891963452
1730 0.0001277189730899408
1740 0.000128676270833239
1750 0.0001296231203014031
1760 0.000130532615003176
1770 0.000131378328660503
1780 0.0001321387680945918
1790 0.0001327872159890831
1800 0.0001333207910647616
1810 0.0001337402791250497
1820 0.0001340488233836368
1830 0.0001342600007774308
1840 0.0001343887852272019
1850 0.0001344509801128879
1860 0.0001344634511042386
1870 0.0001344372285529971
1880 0.0001343693147646263
1890 0.0001342546893283725
1900 0.0001340952730970457
1910 0.0001338911824859679
1920 0.0001336453569820151
1930 0.0001333656691713259
1940 0.0001330580998910591
1950 0.0001327273494098336
1960 0.0001323765318375081
1970 0.0001320061273872852
1980 0.0001316263806074858
1990 0.0001312399690505117
2000 0.0001308328355662525
2010 0.0001303889293922111
2020 0.0001298968418268487
2030 0.0001293602836085483
2040 0.0001287923223571852
2050 0.0001282122684642673
2060 0.0001276434486499056
2070 0.0001271145010832697
2080 0.0001266434555873275
2090 0.0001262344885617495
2100 0.000125884180306457
2110 0.0001255813258467242
2120 0.0001253203517990187
2130 0.0001251099456567317
2140 0.0001249439956154674
2150 0.0001248070038855076
2160 0.0001246652973350137
2170 0.0001244940358446911
2180 0.0001242802100023255
2190 0.0001240168348886073
2200 0.00012370286276564
2210 0.0001233391230925918
2220 0.0001229230110766366
2230 0.0001224536390509456
2240 0.0001219557889271528
2250 0.0001214458025060594
2260 0.0001209293986903504
2270 0.0001204047657665797
2280 0.0001198765094159171
2290 0.000119350224849768
2300 0.0001188312235171907
2310 0.0001183259155368432
2320 0.0001178428647108376
2330 0.0001173815981019288
2340 0.0001169273891719058
2350 0.0001164664354291745
2360 0.0001159966341219842
2370 0.0001155266363639385
2380 0.0001150669340859167
2390 0.0001146261492976919
2400 0.0001142115288530476
2410 0.0001138310835813172
2420 0.0001134940393967554
2430 0.0001132001270889305
2440 0.0001129495576606132
2450 0.0001127451687352732
2460 0.0001125960989156738
2470 0.0001124970949604176
2480 0.0001124488771893084
2490 0.0001124868649640121
2500 0.0001126064162235707
2510 0.0001127708965213969
2520 0.0001129499869421124
2530 0.0001131181124947034
2540 0.0001132623729063198
2550 0.0001133773985202424
2560 0.0001134583362727426
2570 0.0001135020065703429
2580 0.0001135095662903041
2590 0.0001134860212914646
2600 0.0001134320336859673
2610 0.0001133458572439849
2620 0.0001132272009272128
2630 0.0001130766322603449
2640 0.0001128937437897548
2650 0.0001126784773077816
2660 0.0001124383561545983
2670 0.000112181412987411
2680 0.0001119157968787476
2690 0.0001116421990445815
2700 0.000111372115497943
2710 0.0001111171877710149
2720 0.0001108783399104141
2730 0.000110655149910599
2740 0.0001104514303733595
2750 0.0001102606693166308
2760 0.0001100742956623435
2770 0.0001098835273296572
2780 0.0001096805062843487
2790 0.0001094635663321242
2800 0.0001092385355150327
2810 0.0001090158693841659
2820 0.0001088045028154738
2830 0.0001086066185962409
2840 0.0001084290852304548
2850 0.0001082808303181082
2860 0.000108170454041101
2870 0.0001081020891433582
2880 0.0001080650181393139
2890 0.000108046006062068
2900 0.0001080477741197683
2910 0.0001080789515981451
2920 0.0001081404043361545
2930 0.0001082276285160333
2940 0.000108333581010811
2950 0.0001084514515241608
2960 0.0001085719413822517
2970 0.000108703003206756
2980 0.0001088661520043388
2990 0.0001090640071197413
3000 0.0001093008104362525
3010 0.0001095748521038331
3020 0.0001098748834920116
3030 0.0001101907691918314
3040 0.0001105227638618089
3050 0.0001108665819629095
3060 0.0001112128666136414
3070 0.0001115574486902915
3080 0.0001119033695431426
3090 0.0001122629037126899
3100 0.000112645051558502
3110 0.000113037160190288
3120 0.0001134193953475915
3130 0.0001137709332397208
3140 0.0001140667955041863
3150 0.0001142971232184209
3160 0.0001144521520473063
3170 0.000114541340735741
3180 0.000114590598968789
3190 0.0001146253271144815
3200 0.0001146687427535653
3210 0.0001147391812992282
3220 0.0001148497176473029
3230 0.000115006412670482
3240 0.0001152181066572666
3250 0.0001154861893155612
3260 0.0001158040395239368
3270 0.0001161662075901404
3280 0.0001165746216429397
3290 0.0001170308969449252
3300 0.0001175395809696056
3310 0.0001181061525130644
3320 0.0001187262387247756
3330 0.0001193867501569912
3340 0.0001200662518385798
3350 0.0001207423556479625
3360 0.0001213918949360959
3370 0.0001219919795403257
3380 0.0001225239975610748
3390 0.0001229630870511755
3400 0.0001233074872288853
3410 0.0001235586532857269
3420 0.0001237208052771166
3430 0.0001238096301676705
3440 0.0001238420372828841
3450 0.0001238319091498852
3460 0.0001237951801158488
3470 0.0001237432443303987
3480 0.0001236737880390137
3490 0.0001235793897649273
3500 0.0001234616356668994
3510 0.0001233180955750868
3520 0.0001231460482813418
3530 0.0001229503541253507
3540 0.0001227345201186836
3550 0.0001225017767865211
3560 0.0001222552818944678
3570 0.0001219962505274452
3580 0.0001217369645019062
3590 0.0001214823714690283
3600 0.0001212218630826101
3610 0.000120942568173632
3620 0.000120635908388067
3630 0.00012030665675411
3640 0.0001199693651869893
3650 0.0001196426965179853
3660 0.0001193477946799248
3670 0.0001191098053823225
3680 0.0001189437534776516
3690 0.0001188536043628119
3700 0.0001188350870506838
3710 0.0001188751339213923
3720 0.0001189693502965383
3730 0.0001191267292597331
3740 0.0001193415446323343
3750 0.0001195962468045764
3760 0.000119856369565241
3770 0.0001200893602799624
3780 0.0001202793791890144
3790 0.0001204151558340527
3800 0.0001204927393700927
3810 0.0001205109874717891
3820 0.0001204649015562609
3830 0.0001203523424919695
3840 0.0001201964114443399
3850 0.0001200136030092835
3860 0.0001198133613797836
3870 0.0001195980512420647
3880 0.0001193762509501539
3890 0.0001191571136587299
3900 0.0001189488102681935
3910 0.0001187592133646831
3920 0.0001185959772556089
3930 0.0001184562424896285
3940 0.0001183219210361131
3950 0.0001181762345368043
3960 0.0001180142644443549
3970 0.0001178437014459632
3980 0.0001176749938167632
3990 0.0001175166253233328
4000 0.0001173770433524624
4010 0.0001172653355752118
4020 0.0001171908224932849
4030 0.0001171523035736755
4040 0.0001171495459857397
4050 0.0001171860276372172
4060 0.0001172712582047097
4070 0.000117403433250729
4080 0.0001175845536636189
4090 0.0001178477978101
4100 0.0001181872212328017
4110 0.000118565651064273
4120 0.0001189512622659095
4130 0.0001193157004308887
4140 0.0001196434895973653
4150 0.0001199267426272854
4160 0.0001201594859594479
4170 0.000120337434054818
4180 0.0001204617437906563
4190 0.0001205392036354169
4200 0.0001205733133247122
4210 0.0001205647859023884
4220 0.0001205152002512477
4230 0.0001204264408443123
4240 0.0001202958301291801
4250 0.0001201222112285905
4260 0.0001199117687065154
4270 0.0001196711964439601
4280 0.0001194069991470315
4290 0.0001191229894175194
4300 0.0001188302121590823
4310 0.0001185400615213439
4320 0.0001182534324470907
4330 0.0001179696846520528
4340 0.0001176933583337814
4350 0.0001174194549093954
4360 0.00011714128049789
4370 0.0001168525559478439
4380 0.0001165463982033543
4390 0.0001162221014965326
4400 0.000115886636194773
4410 0.0001155521167675033
4420 0.0001152287513832562
4430 0.0001149203890236095
4440 0.0001146350696217269
4450 0.0001143815898103639
4460 0.000114168222353328
4470 0.0001139984160545282
4480 0.0001138621883001179
4490 0.0001137459330493584
4500 0.0001136510836658999
4510 0.0001135844213422388
4520 0.0001135452912421897
4530 0.0001135256970883347
4540 0.000113515809061937
4550 0.0001135103157139383
4560 0.0001134974081651308
4570 0.0001134862613980658
4580 0.0001134988342528231
4590 0.0001135400088969618
4600 0.0001136137580033392
4610 0.0001137176877819002
4620 0.00011384049867047
4630 0.0001139729938586242
4640 0.0001141149405157194
4650 0.0001142607361543924
4660 0.0001143982954090461
4670 0.0001145218411693349
4680 0.0001146338909165934
4690 0.0001147451112046838
4700 0.0001148622395703569
4710 0.0001149713134509511
4720 0.0001150508905993775
4730 0.0001150792522821575
4740 0.0001150321695604362
4750 0.0001149008094216697
4760 0.000114676913653966
4770 0.0001143722838605754
4780 0.0001140139283961616
4790 0.0001136280261562206
4800 0.0001132383695221506
4810 0.0001128654475905932
4820 0.0001125240232795477
4830 0.0001122229223255999
4840 0.0001119705775636248
4850 0.0001117707433877513
4860 0.0001116184430429712
4870 0.0001115089326049201
4880 0.0001114437618525699
4890 0.0001114229598897509
4900 0.0001114499755203724
4910 0.0001115286358981393
4920 0.0001116533021559007
4930 0.0001118109430535696
4940 0.0001119809894589707
4950 0.0001121425011660904
4960 0.0001122759204008617
4970 0.0001123640686273575
4980 0.000112392743176315
4990 0.000112339599581901
5000 0.0001122031826525927
5010 0.0001119859371101484
5020 0.0001116927596740425
5030 0.0001113397884182632
5040 0.0001109437507693656
5050 0.0001105205519706942
5060 0.0001100874724215828
5070 0.0001096562409657054
5080 0.0001092254678951576
5090 0.0001087888376787305
5100 0.0001083498500520363
5110 0.000107906453195028
5120 0.00010745543113444
5130 0.0001070017169695348
5140 0.0001065497926902026
5150 0.0001061016810126603
5160 0.0001056594483088702
5170 0.0001052248480846174
5180 0.0001048108169925399
5190 0.0001044229211402126
5200 0.0001040513307088986
5210 0.0001036829416989349
5220 0.0001033075241139159
5230 0.0001029274571919814
5240 0.0001025538222165778
5250 0.0001022009601001628
5260 0.0001018850161926821
5270 0.0001016269088722765
5280 0.0001014385125017725
5290 0.0001013237051665783
5300 0.0001012801949400455
5310 0.0001013001310639083
5320 0.0001013852524920367
5330 0.0001015500747598708
5340 0.0001017928589135408
5350 0.00010210042091785
5360 0.0001024442826746963
5370 0.0001027911494020373
5380 0.0001031254359986633
5390 0.0001034353990689851
5400 0.0001037142137647606
5410 0.0001039579292410053
5420 0.0001041564246406779
5430 0.0001043027587002143
5440 0.000104414953966625
5450 0.0001045048484229483
5460 0.0001045787939801812
5470 0.0001046400575432926
5480 0.0001046986872097477
5490 0.0001047649639076553
5500 0.0001048467020154931
5510 0.0001049504935508594
5520 0.0001050804130500183
5530 0.0001052303487085737
5540 0.0001053793384926394
5550 0.0001055091343005188
5560 0.000105613078630995
5570 0.0001056974651874043
5580 0.0001057717017829418
5590 0.0001058421694324352
5600 0.0001059165588230826
5610 0.0001060027861967683
5620 0.0001061112052411772
5630 0.0001062435621861368
5640 0.0001064030948327854
5650 0.0001065951073542237
5660 0.0001068278943421319
5670 0.0001071009828592651
5680 0.0001074176907422952
5690 0.0001078119021258317
5700 0.0001082794333342463
5710 0.0001087839045794681
5720 0.0001092925740522332
5730 0.0001097758358810097
5740 0.0001102178794099018
5750 0.0001106121635530144
5760 0.0001109544027713127
5770 0.0001112420432036743
5780 0.0001114769765990786
5790 0.0001116654821089469
5800 0.0001118103318731301
5810 0.0001119114604080096
5820 0.0001119690787163563
5830 0.0001119834705605172
5840 0.0001119502994697541
5850 0.0001118678555940278
5860 0.0001117407227866352
5870 0.0001115741833928041
5880 0.0001113720863941126
5890 0.0001111356177716516
5900 0.0001108722935896367
5910 0.0001105903502320871
5920 0.0001102897804230452
5930 0.0001099687870009802
5940 0.0001096286359825172
5950 0.0001092622478608973
5960 0.0001088623830582947
5970 0.0001084236791939475
5980 0.0001079405556083657
5990 0.0001074133033398539
6000 0.0001068487763404846
6010 0.0001062587543856353
6020 0.0001056539331329986
6030 0.0001050396822392941
6040 0.0001044248565449379
6050 0.0001038182963384315
6060 0.0001032268337439746
6070 0.0001026531826937571
6080 0.0001020906420308165
6090 0.000101526893558912
6100 0.0001009616680676118
6110 0.0001003972211037762
6120 9.98282412183471e-05
6130 9.924436017172411e-05
6140 9.863633022177964e-05
6150 9.799895633477718e-05
6160 9.732502076076344e-05
6170 9.662949742050841e-05
6180 9.593431605026126e-05
6190 9.524530469207093e-05
6200 9.457015403313562e-05
6210 9.391007188241929e-05
6220 9.325744758825749e-05
6230 9.260720980819315e-05
6240 9.196154860546812e-05
6250 9.131430124398321e-05
6260 9.065170161193237e-05
6270 8.996577525977045e-05
6280 8.925599104259163e-05
6290 8.853048348100856e-05
6300 8.779439667705446e-05
6310 8.703694766154513e-05
6320 8.624140173196793e-05
6330 8.539598638890311e-05
6340 8.449080632999539e-05
6350 8.352606528205797e-05
6360 8.249838720075786e-05
6370 8.141736179823056e-05
6380 8.030939352465793e-05
6390 7.920149073470384e-05
6400 7.811302930349484e-05
6410 7.705707685090601e-05
6420 7.60471957619302e-05
6430 7.508971611969173e-05
6440 7.418871973641217e-05
6450 7.334622205235064e-05
6460 7.255857053678483e-05
6470 7.182323315646499e-05
6480 7.114244363037869e-05
6490 7.051484135445207e-05
6500 6.993934221100062e-05
6510 6.941706669749692e-05
6520 6.894583202665672e-05
6530 6.851923535577953e-05
6540 6.812622450524941e-05
6550 6.775442307116464e-05
6560 6.7392029450275e-05
6570 6.702836253680289e-05
6580 6.665541877737269e-05
6590 6.625842797802761e-05
6600 6.583605136256665e-05
6610 6.539144669659436e-05
6620 6.492932152468711e-05
6630 6.446157931350172e-05
6640 6.400117854354903e-05
6650 6.356089579639956e-05
6660 6.315710925264284e-05
6670 6.27962508588098e-05
6680 6.247330020414665e-05
6690 6.217551708687097e-05
6700 6.190137355588377e-05
6710 6.165265222080052e-05
6720 6.142556958366185e-05
6730 6.122185004642233e-05
6740 6.105400825617835e-05
6750 6.092085459385999e-05
6760 6.082085383241065e-05
6770 6.075338751543313e-05
6780 6.072555333958007e-05
6790 6.073724944144487e-05
6800 6.077759826439433e-05
6810 6.083205516915768e-05
6820 6.088784721214324e-05
6830 6.094035052228719e-05
6840 6.099052188801579e-05
6850 6.104436033638194e-05
6860 6.111336551839486e-05
6870 6.121684418758377e-05
6880 6.136718002380803e-05
6890 6.157143070595339e-05
6900 6.183345249155536e-05
6910 6.215203757165e-05
6920 6.252952880458906e-05
6930 6.297637446550652e-05
6940 6.349130853777751e-05
6950 6.406693137250841e-05
6960 6.46971384412609e-05
6970 6.536245928145945e-05
6980 6.604556983802468e-05
6990 6.673316238448024e-05
7000 6.741430115653202e-05
7010 6.808602483943105e-05
7020 6.873959500808269e-05
7030 6.93677575327456e-05
7040 6.998276512604207e-05
7050 7.058677147142589e-05
7060 7.117530913092196e-05
7070 7.174406346166506e-05
7080 7.229344919323921e-05
7090 7.282400474650785e-05
7100 7.333738903980702e-05
7110 7.383821503026411e-05
7120 7.433153223246336e-05
7130 7.481640204787254e-05
7140 7.528004789492115e-05
7150 7.571396417915821e-05
7160 7.61193732614629e-05
7170 7.650694169569761e-05
7180 7.688935875194147e-05
7190 7.727463525952771e-05
7200 7.767287752358243e-05
7210 7.809837552485988e-05
7220 7.856512092985213e-05
7230 7.90754784247838e-05
7240 7.962729432620108e-05
7250 8.021839312277734e-05
7260 8.084403089014813e-05
7270 8.14938684925437e-05
7280 8.217333379434422e-05
7290 8.290681580547243e-05
7300 8.368634735234082e-05
7310 8.448047447018325e-05
7320 8.526555029675364e-05
7330 8.602183515904471e-05
7340 8.673992851981893e-05
7350 8.742082718526945e-05
7360 8.806803816696629e-05
7370 8.868431905284524e-05
7380 8.927224553190172e-05
7390 8.983667066786438e-05
7400 9.037907148012891e-05
7410 9.089775994652882e-05
7420 9.139051689999178e-05
7430 9.185590897686779e-05
7440 9.228906128555536e-05
7450 9.268277790397406e-05
7460 9.303390834247693e-05
7470 9.333893831353635e-05
7480 9.359712566947564e-05
7490 9.381390555063263e-05
7500 9.399345435667783e-05
7510 9.415546810487285e-05
7520 9.430862701265141e-05
7530 9.444986790185794e-05
7540 9.458252316107973e-05
7550 9.470348595641553e-05
7560 9.480664448346943e-05
7570 9.48854285525158e-05
7580 9.493048128206283e-05
7590 9.494171536061913e-05
7600 9.492762910667807e-05
7610 9.490203956374899e-05
7620 9.487831266596913e-05
7630 9.486448107054457e-05
7640 9.487166971666738e-05
7650 9.491041419096291e-05
7660 9.499095904175192e-05
7670 9.511666576145217e-05
7680 9.527693327981979e-05
7690 9.545011562295258e-05
7700 9.56277726800181e-05
7710 9.581118501955643e-05
7720 9.600116754882038e-05
7730 9.619694174034521e-05
7740 9.640362986829132e-05
7750 9.662361117079854e-05
7760 9.685128316050395e-05
7770 9.709734149510041e-05
7780 9.738925291458145e-05
7790 9.772527118911967e-05
7800 9.810268966248259e-05
7810 9.851589129539207e-05
7820 9.895546827465296e-05
7830 9.941171447280794e-05
7840 9.988903912017122e-05
7850 0.0001003875368041918
7860 0.0001008977924357168
7870 0.0001014116496662609
7880 0.0001019238043227233
7890 0.0001024373996187933
7900 0.0001029514096444473
7910 0.0001034446468111128
7920 0.0001038907066686079
7930 0.0001042686199070886
7940 0.0001045578756020404
7950 0.0001047531550284475
7960 0.0001048515550792217
7970 0.000104868806374725
7980 0.0001048345802701078
7990 0.0001047825135174207
8000 0.0001047408586600795
8010 0.0001047383557306603
8020 0.0001047942059813067
8030 0.0001049140264512971
8040 0.0001051014914992265
8050 0.0001053553787642159
8060 0.0001056674518622458
8070 0.000106032814073842
8080 0.0001064446623786353
8090 0.0001068896963261068
8100 0.0001073593448381871
8110 0.0001078472341760062
8120 0.00010833940905286
8130 0.0001088146382244304
8140 0.0001092461825464852
8150 0.0001096098785637878
8160 0.0001098878419725224
8170 0.0001100678200600669
8180 0.0001101450616260991
8190 0.0001101087691495195
8200 0.0001099717846955173
8210 0.0001097494168789126
8220 0.0001094569015549496
8230 0.000109119966509752
8240 0.0001087660202756524
8250 0.0001084219475160353
8260 0.0001081091177184135
8270 0.0001078432833310217
8280 0.0001076244006981142
8290 0.0001074391257134266
8300 0.0001072873856173828
8310 0.0001071672304533422
8320 0.0001070589132723399
8330 0.0001069580248440616
8340 0.000106864157714881
8350 0.0001067726698238403
8360 0.0001066843542503193
8370 0.0001066017648554407
8380 0.0001065412070602179
8390 0.0001065143296727911
8400 0.0001065154210664332
