"Time Step" "point-pressure-c"
20210 1677.61669921875
20220 2018.294799804688
20230 2176.69140625
20240 895.5720825195312
20250 -552.4603271484375
20260 -488.3804016113281
20270 146.5334014892578
20280 200.6802520751953
20290 -366.3033447265625
20300 -564.937744140625
20310 -685.1470336914062
20320 -679.0858154296875
20330 -710.320556640625
20340 -918.690185546875
20350 -1058.024658203125
20360 -1195.830078125
20370 -1641.997192382812
20380 -2223.5244140625
20390 -2405.17919921875
20400 -2531.247314453125
20410 -2137.068359375
20420 -2053.275634765625
20430 -1457.540283203125
20440 -1114.035400390625
20450 -667.7243041992188
20460 -148.1220092773438
20470 674.8626708984375
20480 1127.359130859375
20490 2017.899291992188
20500 2564.43701171875
20510 3245.87353515625
20520 3682.57666015625
20530 3504.5693359375
20540 3074.166259765625
20550 3491.97900390625
20560 3713.588623046875
20570 2857.673583984375
20580 2518.23876953125
20590 1408.01416015625
20600 1560.948608398438
20610 2327.03515625
20620 2276.488037109375
20630 2517.24658203125
20640 2630.664794921875
20650 1849.291625976562
20660 1056.61181640625
20670 1289.823120117188
20680 836.6632080078125
20690 1008.068481445312
20700 1614.06689453125
20710 1385.557861328125
20720 1101.993408203125
20730 1043.34033203125
20740 986.0599365234375
20750 302.3736877441406
20760 -625.2349853515625
20770 -1101.06396484375
20780 -1349.102661132812
20790 -1018.756225585938
20800 -793.4923095703125
20810 -709.1205444335938
20820 -481.3107604980469
20830 412.6138610839844
20840 458.2318420410156
20850 -97.74684906005859
20860 364.6674194335938
20870 492.6021118164062
20880 394.031982421875
20890 900.7637939453125
20900 1516.088134765625
20910 1683.711181640625
20920 2287.96240234375
20930 2870.43310546875
20940 2863.32763671875
20950 1872.443115234375
20960 909.2090454101562
20970 259.5801391601562
20980 477.3725891113281
20990 714.9417114257812
21000 880.0989990234375
21010 942.0285034179688
21020 822.0218505859375
21030 1056.786865234375
21040 1383.981201171875
21050 1708.806396484375
21060 1777.391723632812
21070 1276.353149414062
21080 1062.543701171875
21090 1259.453491210938
21100 1238.47021484375
21110 925.1124267578125
21120 157.7757415771484
21130 -347.2707824707031
21140 -838.3406372070312
21150 -716.3228759765625
21160 -899.0824584960938
21170 -1489.31884765625
21180 -281.5050048828125
21190 -116.5670166015625
21200 -1185.717041015625
21210 -1095.777709960938
21220 -659.3604125976562
21230 87.60884857177734
21240 393.2781066894531
21250 1102.558227539062
21260 1512.989379882812
21270 1270.431640625
21280 1822.855224609375
21290 1911.024658203125
21300 2066.204345703125
21310 3290.046875
21320 4419.94482421875
21330 4624.75830078125
21340 4686.45751953125
21350 4928.634765625
21360 4806.51171875
21370 3321.849365234375
21380 1867.164428710938
21390 1681.52294921875
21400 2523.236083984375
21410 2176.1328125
21420 1676.291625976562
21430 1541.60693359375
21440 1781.739013671875
21450 1808.35791015625
21460 1332.840209960938
21470 501.31103515625
21480 -238.1212005615234
21490 -53.67007827758789
21500 91.01850128173828
21510 199.2162170410156
21520 687.260009765625
21530 599.1805419921875
21540 393.3299560546875
21550 149.9142150878906
21560 42.82553100585938
21570 -413.8078308105469
21580 -953.3660278320312
21590 -1311.211547851562
21600 -1168.99755859375
21610 -1119.10888671875
21620 -1481.9912109375
21630 -425.0527954101562
21640 -166.6150817871094
21650 -401.7097778320312
21660 -431.1217041015625
21670 -600.3948364257812
21680 243.4537811279297
21690 625.9826049804688
21700 1448.53857421875
21710 2233.710693359375
21720 3336.813232421875
21730 4793.03564453125
21740 5437.9677734375
21750 4935.58154296875
21760 3532.687255859375
21770 1436.588623046875
21780 243.2140197753906
21790 -21.59310340881348
21800 451.031982421875
21810 450.7232055664062
21820 135.9537506103516
21830 9.437108993530273
21840 286.9297485351562
21850 528.7640991210938
21860 1222.0751953125
21870 305.3456420898438
21880 13.08190727233887
21890 -805.9261474609375
21900 -1636.8251953125
21910 -1457.54833984375
21920 -1065.342163085938
21930 -241.8309631347656
21940 -882.6878662109375
21950 -760.3458862304688
21960 -403.9678649902344
21970 -935.2958984375
21980 -1462.45361328125
21990 -2319.379150390625
22000 -2632.624755859375
22010 -1982.354370117188
22020 -981.77392578125
22030 -393.8403930664062
22040 70.74817657470703
22050 825.2789916992188
22060 1208.275634765625
22070 1618.737060546875
22080 2244.793212890625
22090 2899.450439453125
22100 3777.96728515625
22110 3798.271728515625
22120 4156.77587890625
22130 4138.0546875
22140 3258.688232421875
22150 1949.280517578125
22160 569.0462036132812
22170 -426.2779541015625
22180 -410.3597717285156
22190 -330.227294921875
22200 -865.678955078125
22210 -1468.350341796875
22220 -1229.298706054688
22230 -1156.112548828125
22240 -1035.6875
22250 -858.1861572265625
22260 -60.68873596191406
22270 -148.4819488525391
22280 -324.0652770996094
22290 -388.4083557128906
22300 -258.2637634277344
22310 -418.7347412109375
22320 169.616943359375
22330 664.4219970703125
22340 -70.37747192382812
22350 -751.1293334960938
22360 -694.4480590820312
22370 -1092.07275390625
22380 -1929.181274414062
22390 -1460.336669921875
22400 -1358.520874023438
22410 -912.2010498046875
22420 -1513.45361328125
22430 -1267.250854492188
22440 -1174.51123046875
22450 -929.6936645507812
22460 -298.1789855957031
22470 -654.0490112304688
22480 -78.10647583007812
22490 1098.321044921875
22500 2524.464111328125
22510 3254.0576171875
22520 3767.365234375
22530 4078.457275390625
22540 4751.638671875
22550 5156.2861328125
22560 5030.560546875
22570 3393.36328125
22580 1697.901489257812
22590 1785.329223632812
22600 1400.67578125
22610 1663.673828125
22620 1212.51904296875
22630 975.799072265625
22640 761.4808959960938
22650 314.6490173339844
22660 618.1893310546875
22670 55.47924041748047
22680 -134.6070556640625
22690 357.3976440429688
22700 631.7526245117188
22710 498.6778564453125
22720 330.0520629882812
22730 716.2596435546875
22740 557.7479248046875
22750 355.2126770019531
22760 768.1976318359375
22770 507.8200378417969
22780 -72.17747497558594
22790 -98.24515533447266
22800 -994.3060913085938
22810 -773.7708740234375
22820 -523.0006103515625
22830 134.6640777587891
22840 357.7372436523438
22850 495.6525268554688
22860 607.4996337890625
22870 690.2568359375
22880 1091.722412109375
22890 2002.658325195312
22900 2720.826904296875
22910 3150.506591796875
22920 3341.362548828125
22930 3469.79052734375
22940 2970.482666015625
22950 1969.311279296875
22960 970.4403076171875
22970 826.988525390625
22980 1254.304809570312
22990 1465.5234375
23000 1680.581787109375
23010 1684.709228515625
23020 1415.405395507812
23030 1110.21435546875
23040 600.8878173828125
23050 226.1980590820312
23060 105.5359497070312
23070 55.30023193359375
23080 -340.0720825195312
23090 -772.29736328125
23100 -1229.939697265625
23110 -1973.91748046875
23120 -2634.384033203125
23130 -3467.2138671875
23140 -3909.491943359375
23150 -3421.70361328125
23160 -2877.177490234375
23170 -2915.0947265625
23180 -3203.591796875
23190 -3536.540771484375
23200 -2951.516845703125
23210 -1310.704711914062
23220 -1167.768798828125
23230 -290.3385009765625
23240 -958.8414306640625
23250 -516.24951171875
23260 -34.08432006835938
23270 -52.26785278320312
23280 186.0832824707031
23290 533.6072387695312
23300 708.86669921875
23310 1315.8701171875
23320 2443.88671875
23330 3263.39794921875
23340 4000.404052734375
23350 4391.87939453125
23360 3623.928955078125
23370 2625.0146484375
23380 1341.150390625
23390 -81.39481353759766
23400 207.8485565185547
23410 53.4097785949707
23420 59.53543090820312
23430 -221.3638000488281
23440 -538.3693237304688
23450 -336.57470703125
23460 -323.0611877441406
23470 -587.6537475585938
23480 -1217.858276367188
23490 -1453.635009765625
23500 -1560.841918945312
23510 -1511.59619140625
23520 -912.2975463867188
23530 -930.0906982421875
23540 -716.7996826171875
23550 -808.2063598632812
23560 -1145.226684570312
23570 -1736.07421875
23580 -2287.60498046875
23590 -2218.445556640625
23600 -1574.892333984375
23610 -382.1459045410156
23620 -64.57511138916016
23630 57.00406265258789
23640 1243.781372070312
23650 1356.888793945312
23660 825.4486083984375
23670 460.7882385253906
23680 936.5018310546875
23690 2338.912841796875
23700 3376.15869140625
23710 4163.5654296875
23720 4598.29833984375
23730 4972.1845703125
23740 5386.53173828125
23750 4536.4921875
23760 2747.80908203125
23770 1428.237915039062
23780 785.446533203125
23790 647.9149169921875
23800 1303.490966796875
23810 611.2481079101562
23820 102.7124862670898
23830 144.6929321289062
23840 407.4161071777344
23850 242.5134735107422
23860 -93.36068725585938
23870 180.3280029296875
23880 -79.17359924316406
23890 241.9972381591797
23900 650.968017578125
23910 912.1796875
23920 303.3619995117188
23930 -361.7760314941406
23940 -348.4657592773438
23950 -300.9060974121094
23960 -431.3929138183594
23970 -395.3643798828125
23980 -541.0810546875
23990 -1154.422973632812
24000 -916.379638671875
15610 723.9757690429688
15620 1163.153686523438
15630 1153.097534179688
15640 1684.672607421875
15650 1796.60546875
15660 1582.495849609375
15670 1274.447387695312
15680 1013.862426757812
15690 2321.2373046875
15700 3373.77783203125
15710 4602.3076171875
15720 5270.0068359375
15730 5800.40673828125
15740 6073.01953125
15750 5669.20849609375
15760 4875.40869140625
15770 3876.189453125
15780 2964.55615234375
15790 1530.471069335938
15800 755.4581298828125
15810 114.6116027832031
15820 37.9444694519043
15830 162.9622039794922
15840 222.8743743896484
15850 356.9982299804688
15860 94.84272766113281
15870 -378.6169738769531
15880 -1064.82958984375
15890 -1243.097412109375
15900 -1731.405029296875
15910 -1527.342163085938
15920 -1561.653198242188
15930 -1294.231079101562
15940 -630.000244140625
15950 3.295520782470703
15960 8.118135452270508
15970 -82.24107360839844
15980 -141.9480285644531
15990 -533.3719482421875
16000 -536.233154296875
16010 -105.6131896972656
16020 694.7369384765625
16030 934.3479614257812
16040 378.5912475585938
16050 -186.2680969238281
16060 -486.4786987304688
16070 -286.9859924316406
16080 143.0492706298828
16090 1775.298095703125
16100 2553.6787109375
16110 3162.990234375
16120 3430.4013671875
16130 3460.930419921875
16140 3490.910888671875
16150 3459.74462890625
16160 3097.364013671875
16170 3119.4228515625
16180 1885.102416992188
16190 903.9906005859375
16200 566.406494140625
16210 1103.969604492188
16220 968.4544677734375
16230 519.7202758789062
16240 230.8397674560547
16250 -4.620861053466797
16260 -73.36997985839844
16270 92.98634338378906
16280 362.4829711914062
16290 560.6580810546875
16300 720.8787841796875
16310 900.7213134765625
16320 1062.873291015625
16330 397.7555236816406
16340 18.0484733581543
16350 -419.8820190429688
16360 -604.9520874023438
16370 -306.1162719726562
16380 -221.5860290527344
16390 -479.2259216308594
16400 -435.5308227539062
16410 -497.776123046875
16420 -546.686279296875
16430 -991.7968139648438
16440 -838.8714599609375
16450 108.2936935424805
16460 -0.7204532623291016
16470 -510.7586059570312
16480 -52.60633850097656
16490 684.7784423828125
16500 2539.07568359375
16510 3616.969482421875
16520 3909.609375
16530 3962.21044921875
16540 4488.77099609375
16550 4567.91015625
16560 3041.749755859375
16570 1255.862548828125
16580 946.7133178710938
16590 1054.14501953125
16600 1275.423828125
16610 1187.656860351562
16620 1129.052001953125
16630 1302.977294921875
16640 1578.471435546875
16650 1028.805053710938
16660 327.1382141113281
16670 194.4241638183594
16680 361.7049865722656
16690 440.1651306152344
16700 214.650390625
16710 546.3642578125
16720 1293.616577148438
16730 1269.287841796875
16740 1207.9990234375
16750 610.9769287109375
16760 -1.054842948913574
16770 -385.01904296875
16780 -701.7918090820312
16790 -1511.459106445312
16800 -1748.337280273438
16810 -962.2288818359375
16820 -741.3125610351562
16830 -885.94384765625
16840 -492.8045043945312
16850 -417.017578125
16860 486.8763427734375
16870 581.273193359375
16880 938.8395385742188
16890 1414.063354492188
16900 2977.956787109375
16910 4306.82275390625
16920 5434.54931640625
16930 6102.2236328125
16940 6341.29052734375
16950 6072.638671875
16960 4540.20361328125
16970 3276.60693359375
16980 1812.48828125
16990 1351.582763671875
17000 1864.071655273438
17010 1960.95263671875
17020 2132.5869140625
17030 2415.177001953125
17040 1937.325561523438
17050 1229.544799804688
17060 787.6982421875
17070 1327.521606445312
17080 1849.238525390625
17090 1197.443359375
17100 800.2268676757812
17110 670.4759521484375
17120 559.145751953125
17130 149.5770874023438
17140 -39.80014038085938
17150 -123.0394134521484
17160 -500.3782348632812
17170 -509.2053833007812
17180 -896.0272216796875
17190 -1602.128051757812
17200 -1415.565673828125
17210 -1774.492309570312
17220 -1145.198974609375
17230 58.68203353881836
17240 284.759765625
17250 94.99763488769531
17260 -1604.03857421875
17270 -924.5252685546875
17280 447.5331115722656
17290 1387.668212890625
17300 2008.887084960938
17310 2788.38427734375
17320 3081.235595703125
17330 3220.78466796875
17340 3723.869140625
17350 4059.759765625
17360 3585.383056640625
17370 2337.070556640625
17380 1534.16552734375
17390 1674.358642578125
17400 1456.127197265625
17410 1425.771484375
17420 1795.332763671875
17430 1410.138916015625
17440 894.9766845703125
17450 262.5782470703125
17460 -190.7737579345703
17470 196.4267578125
17480 556.8857421875
17490 402.6720275878906
17500 319.9912109375
17510 -91.58168029785156
17520 -641.0489501953125
17530 -917.3975219726562
17540 -919.0122680664062
17550 -534.9786376953125
17560 -440.6188659667969
17570 -531.3778686523438
17580 -497.1914672851562
17590 -473.6600036621094
17600 467.6317138671875
17610 128.1192474365234
17620 1203.121948242188
17630 1997.723388671875
17640 2170.187255859375
17650 2664.80859375
17660 2350.690185546875
17670 2913.8037109375
17680 3356.4072265625
17690 4088.18994140625
17700 5024.18310546875
17710 6201.6708984375
17720 6719.52197265625
17730 6027.3232421875
17740 5481.02197265625
17750 4683.9873046875
17760 3014.2822265625
17770 2669.42041015625
17780 2630.3408203125
17790 2967.927978515625
17800 3481.56396484375
17810 3586.211669921875
17820 2619.378173828125
17830 3493.62451171875
17840 3811.716796875
17850 3750.64404296875
17860 3800.7822265625
17870 3536.384033203125
17880 2629.25634765625
17890 1684.462280273438
17900 943.9613037109375
17910 530.9896240234375
17920 332.0659790039062
17930 142.2791900634766
17940 156.6938934326172
17950 3.358101844787598
17960 -703.2329711914062
17970 -1281.885498046875
17980 -2290.448974609375
17990 -3327.3193359375
18000 -3206.212158203125
18010 -2125.273193359375
18020 -991.3071899414062
18030 -230.7160949707031
18040 -240.7874145507812
18050 -254.5511169433594
18060 331.2144775390625
18070 534.1898193359375
18080 531.715576171875
18090 1442.415283203125
18100 2822.3056640625
18110 4107.58447265625
18120 4624.41650390625
18130 4826.44287109375
18140 4362.81201171875
18150 3873.25732421875
18160 3143.43115234375
18170 2268.0087890625
18180 1516.04345703125
18190 1082.468383789062
18200 1731.245361328125
18210 1608.125610351562
18220 1514.360595703125
18230 1448.5390625
18240 1308.838623046875
18250 767.5867919921875
18260 850.6100463867188
18270 1617.497802734375
18280 1879.28759765625
18290 1714.488403320312
18300 1274.983764648438
18310 1150.04345703125
18320 1122.572875976562
18330 1053.52685546875
18340 1135.8828125
18350 1425.55322265625
18360 1136.66796875
18370 112.211784362793
18380 -845.4741821289062
18390 -1751.12646484375
18400 -2230.010986328125
18410 -1767.951171875
18420 -1246.583374023438
18430 -532.590087890625
18440 -174.0692901611328
18450 -400.0974731445312
18460 33.65439224243164
18470 1122.875
18480 2365.23974609375
18490 2954.1259765625
18500 2828.3623046875
18510 3447.927734375
18520 3323.474853515625
18530 4007.73876953125
18540 3796.078125
18550 3447.216796875
18560 2898.115478515625
18570 2055.95947265625
18580 1264.451416015625
18590 1300.427978515625
18600 1973.243041992188
18610 1655.133178710938
18620 1567.173461914062
18630 1720.719482421875
18640 1077.594970703125
18650 495.08056640625
18660 220.2333526611328
18670 420.6527099609375
18680 343.8446044921875
18690 224.69091796875
18700 -56.01506042480469
18710 -42.25270843505859
18720 -191.5371398925781
18730 -616.6940307617188
18740 -267.9548950195312
18750 170.5125579833984
18760 -85.44322967529297
18770 -677.5972900390625
18780 -774.3629760742188
18790 -1090.069091796875
18800 -1050.039306640625
18810 -402.0765075683594
18820 724.1397094726562
18830 1827.900146484375
18840 1609.503173828125
18850 1424.839111328125
18860 1285.396606445312
18870 2093.753173828125
18880 2504.341064453125
18890 2942.2529296875
18900 3467.99755859375
18910 3699.91845703125
18920 4611.1455078125
18930 5131.7509765625
18940 5016.5263671875
18950 4750.4794921875
18960 4327.34912109375
18970 3594.181396484375
18980 2665.12646484375
18990 1460.197265625
19000 993.5631713867188
19010 1294.228149414062
19020 1402.944580078125
19030 907.6868286132812
19040 427.5755920410156
19050 150.3340301513672
19060 19.94238662719727
19070 -354.240478515625
19080 597.834228515625
19090 881.3182373046875
19100 465.7957763671875
19110 -61.37255096435547
19120 32.19103622436523
19130 361.05908203125
19140 279.5361633300781
19150 383.48388671875
19160 225.3272857666016
19170 18.84250640869141
19180 -363.22021484375
19190 -605.5278930664062
19200 -553.2972412109375
19210 -1539.463256835938
19220 -863.635986328125
19230 -838.3896484375
19240 -1493.489990234375
19250 -427.2151489257812
19260 4.479862213134766
19270 772.5006103515625
19280 1339.5322265625
19290 1346.871826171875
19300 2358.046875
19310 4046.03466796875
19320 4985.33544921875
19330 5852.85302734375
19340 6108.7265625
19350 5684.91357421875
19360 5129.8798828125
19370 4101.6474609375
19380 3846.0517578125
19390 4381.11181640625
19400 5154.5869140625
19410 4792.83984375
19420 3984.613037109375
19430 3722.82470703125
19440 3022.284423828125
19450 2577.928466796875
19460 2340.59521484375
19470 2202.85888671875
19480 2194.880859375
19490 1176.330078125
19500 358.9314575195312
19510 281.6572875976562
19520 739.2689208984375
19530 141.4796600341797
19540 -612.1339721679688
19550 -1065.149780273438
19560 -1469.207397460938
19570 -1581.91748046875
19580 -2115.499755859375
19590 -3057.69921875
19600 -3227.00244140625
19610 -2893.716064453125
19620 -2145.36865234375
19630 -1695.235107421875
19640 -1071.362915039062
19650 -448.2186279296875
19660 356.3240356445312
19670 1449.481079101562
19680 2141.587158203125
19690 2294.047119140625
19700 2736.751953125
19710 3871.705322265625
19720 4766.4541015625
19730 5214.62646484375
19740 5403.5654296875
19750 5147.17041015625
19760 4063.6923828125
19770 3496.077880859375
19780 3298.047119140625
19790 3097.28955078125
19800 2854.44775390625
19810 1860.986938476562
19820 721.2357788085938
19830 1199.24560546875
19840 325.9112548828125
19850 -113.0329666137695
19860 413.0006713867188
19870 1388.960083007812
19880 1483.167846679688
19890 1110.89599609375
19900 1086.761962890625
19910 1192.323364257812
19920 1633.1630859375
19930 2189.826416015625
19940 1470.62451171875
19950 745.5821533203125
19960 467.4451293945312
19970 169.1708374023438
19980 -322.4483032226562
19990 -927.0707397460938
20000 -596.5599365234375
20010 120.7992324829102
20020 1131.486572265625
20030 1735.381591796875
20040 2436.47021484375
20050 1505.935302734375
20060 1208.59326171875
20070 1936.260131835938
20080 2613.31005859375
20090 2878.340576171875
20100 3538.9140625
20110 4416.7021484375
20120 5327.998046875
20130 6355.99169921875
20140 6956.8828125
20150 6753.5908203125
20160 4652.05126953125
20170 2672.597412109375
20180 2343.321044921875
20190 2108.87939453125
20200 1972.013916015625
20220 2017.144287109375
20230 2175.443603515625
8410 -944.804443359375
8420 -1157.879272460938
8430 -214.2500610351562
8440 -1164.992309570312
8450 -1287.014892578125
8460 -856.9188232421875
8470 -319.1731567382812
8480 175.2392272949219
8490 1423.620483398438
8500 3490.6083984375
8510 5305.9345703125
8520 5496.5859375
8530 4880.4375
8540 3573.9052734375
8550 2658.92626953125
8560 1747.968627929688
8570 1238.82568359375
8580 1250.28662109375
8590 1774.6572265625
8600 1270.739868164062
8610 1441.955810546875
8620 1476.335815429688
8630 858.8346557617188
8640 -112.2930297851562
8650 -266.8294982910156
8660 -469.4825439453125
8670 -722.815673828125
8680 -344.7022094726562
8690 92.15981292724609
8700 -25.01249694824219
8710 245.5263366699219
8720 65.57772064208984
8730 -39.60484313964844
8740 186.3514556884766
8750 543.597900390625
8760 217.4789428710938
8770 -412.0878601074219
8780 -565.291748046875
8790 -723.1334228515625
8800 -521.0914306640625
8810 778.0626220703125
8820 176.0016784667969
8830 -149.9344024658203
8840 -151.7728576660156
8850 -505.861328125
8860 230.7789611816406
8870 -348.1674499511719
8880 -423.3199462890625
8890 687.7306518554688
8900 1713.101440429688
8910 2931.231201171875
8920 3257.22900390625
8930 4020.500732421875
8940 4597.81640625
8950 3137.20751953125
8960 1935.926879882812
8970 1541.970458984375
8980 1149.32958984375
8990 468.1357727050781
9000 -320.0921630859375
9010 -112.6798248291016
9020 1261.517822265625
9030 2017.76708984375
9040 1967.276977539062
9050 1853.902099609375
9060 2003.7998046875
9070 1394.376342773438
9080 616.5944213867188
9090 827.697265625
9100 620.0709838867188
9110 296.1533203125
9120 1.205561637878418
9130 -77.8131103515625
9140 -558.0634765625
9150 -883.5745239257812
9160 -1021.139953613281
9170 -1281.04296875
9180 -2020.473999023438
9190 -2229.229736328125
9200 -2453.155029296875
9210 -2595.81201171875
9220 -1912.81103515625
9230 -1080.234985351562
9240 119.6720428466797
9250 563.3178100585938
9260 1258.977294921875
9270 2016.91357421875
9280 2215.774169921875
9290 3532.859375
9300 3179.7109375
9310 3114.230224609375
9320 3630.484130859375
9330 4018.389404296875
9340 4393.10400390625
9350 3895.96044921875
9360 2907.2548828125
9370 1808.651123046875
9380 221.5019378662109
9390 261.15283203125
9400 765.2763061523438
9410 989.9911499023438
9420 706.210693359375
9430 667.758056640625
9440 685.5035400390625
9450 756.4267578125
9460 679.8744506835938
9470 -28.3980770111084
9480 -195.5311584472656
9490 -360.9591064453125
9500 -1409.9716796875
9510 -1939.974731445312
9520 -1900.315795898438
9530 -1732.300903320312
9540 -1403.123168945312
9550 -637.2352294921875
9560 494.4646606445312
9570 990.5008544921875
9580 339.1803894042969
9590 -141.9303436279297
9600 -497.6611328125
9610 -17.52504539489746
9620 -1142.52734375
9630 -1528.13427734375
9640 -1263.873413085938
9650 -1103.197021484375
9660 -1145.573364257812
9670 -215.8702697753906
9680 94.94972991943359
9690 -36.45122528076172
9700 1069.707763671875
9710 2695.713134765625
9720 3167.861328125
9730 3193.864501953125
9740 2831.404541015625
9750 2948.373291015625
9760 2989.9375
9770 965.2581787109375
9780 241.3818359375
9790 1153.75830078125
9800 1815.946533203125
9810 2031.323974609375
9820 2317.015625
9830 2214.826416015625
9840 1562.4375
9850 1354.025024414062
9860 1065.390014648438
9870 233.9226226806641
9880 -654.592529296875
9890 -1431.827026367188
9900 -786.1824951171875
9910 -753.633056640625
9920 -878.6343994140625
9930 -1028.386840820312
9940 -1262.470703125
9950 -1346.45263671875
9960 -1550.460083007812
9970 -1524.44970703125
9980 -1536.492431640625
9990 -1404.361572265625
10000 -1050.811889648438
10010 -863.1385498046875
10020 -1111.6455078125
10030 -1338.7529296875
10040 -1727.652465820312
10050 -1149.883544921875
10060 -796.8433837890625
10070 662.5755615234375
10080 1666.457885742188
10090 2313.833251953125
10100 3130.5361328125
10110 4050.365478515625
10120 4380.5791015625
10130 4721.05859375
10140 4558.2099609375
10150 4415.98193359375
10160 3981.55517578125
10170 2713.0478515625
10180 1497.097412109375
10190 1846.724487304688
10200 1868.680908203125
10210 1920.550048828125
10220 1782.999267578125
10230 2632.6611328125
10240 2954.215087890625
10250 2118.83251953125
10260 799.076416015625
10270 974.06591796875
10280 25.63294410705566
10290 -930.2185668945312
10300 -1152.751220703125
10310 -360.0608520507812
10320 100.0055847167969
10330 449.5794372558594
10340 400.0133666992188
10350 116.7990417480469
10360 -311.5784301757812
10370 -296.3763732910156
10380 517.3338623046875
10390 563.8843994140625
10400 645.5692749023438
10410 280.0450439453125
10420 467.7585754394531
10430 785.2533569335938
10440 1322.957885742188
10450 1762.31298828125
10460 2399.529541015625
10470 3020.248779296875
10480 2908.260009765625
10490 3218.349853515625
10500 3640.270263671875
10510 4268.291015625
10520 5089.2314453125
10530 4717.5087890625
10540 4466.90673828125
10550 3781.84912109375
10560 2814.923095703125
10570 2414.157470703125
10580 2192.47265625
10590 1683.51953125
10600 2461.83251953125
10610 2631.31005859375
10620 2797.798583984375
10630 2278.443359375
10640 2210.63720703125
10650 2310.924560546875
10660 2345.748046875
10670 2448.865966796875
10680 2198.85986328125
10690 1947.019287109375
10700 1911.603271484375
10710 1561.245971679688
10720 1102.715454101562
10730 878.4383544921875
10740 1198.628662109375
10750 1227.748779296875
10760 732.1295166015625
10770 -34.19525909423828
10780 -48.61438369750977
10790 499.4596557617188
10800 1279.893798828125
10810 1694.889404296875
10820 2798.04052734375
10830 1784.064453125
10840 1927.012939453125
10850 1619.351318359375
10860 2100.025146484375
10870 3659.85595703125
10880 3577.875732421875
10890 4014.6962890625
10900 4478.21533203125
10910 5014.421875
10920 5699.0771484375
10930 5758.50390625
10940 5448.2060546875
10950 4334.06103515625
10960 3451.4296875
10970 2523.301025390625
10980 1855.757202148438
10990 1538.132080078125
11000 1468.855346679688
11010 1637.3115234375
11020 1733.252075195312
11030 1670.327392578125
11040 1967.188598632812
11050 1916.47119140625
11060 2001.412719726562
11070 1479.829345703125
11080 1788.548583984375
11090 1908.250244140625
11100 1700.569091796875
11110 1821.85595703125
11120 1587.667236328125
11130 1769.634765625
11140 2092.341064453125
11150 2407.007568359375
11160 2104.855712890625
11170 1559.484130859375
11180 1308.957641601562
11190 449.8974304199219
11200 -228.6173706054688
11210 185.0706024169922
11220 616.2020263671875
11230 308.9813232421875
11240 350.5131225585938
11250 500.9395751953125
11260 1015.487670898438
11270 1837.878540039062
11280 1845.356323242188
11290 1753.656494140625
11300 2604.2626953125
11310 2904.869140625
11320 3831.2626953125
11330 4085.31591796875
11340 3866.338134765625
11350 3547.12158203125
11360 2785.829345703125
11370 1793.13134765625
11380 414.1987915039062
11390 974.177490234375
11400 1470.350219726562
11410 1832.842041015625
11420 2399.670166015625
11430 2348.03173828125
11440 1571.595336914062
11450 1315.82568359375
11460 1629.149536132812
11470 1655.101684570312
11480 1721.862060546875
11490 1550.359008789062
11500 1738.821655273438
11510 1363.81982421875
11520 805.6895751953125
11530 543.0276489257812
11540 577.37255859375
11550 355.9063415527344
11560 97.29287719726562
11570 -394.0537719726562
11580 -715.2542114257812
11590 -815.0419921875
11600 -636.39599609375
11610 -748.7230834960938
11620 -2400.69775390625
11630 -928.1512451171875
11640 -1503.060546875
11650 -2164.83349609375
11660 -1848.568359375
11670 -1060.501220703125
11680 -342.9740600585938
11690 -190.451171875
11700 328.992431640625
11710 1869.2431640625
11720 3615.064453125
11730 4639.1279296875
11740 4497.78759765625
11750 3203.2431640625
11760 1523.88037109375
11770 553.572265625
11780 416.8350830078125
11790 724.5775146484375
11800 854.5358276367188
11810 1587.751831054688
11820 2205.756103515625
11830 2164.96728515625
11840 2079.498046875
11850 1926.78369140625
11860 1703.2529296875
11870 1034.424438476562
11880 373.7483215332031
11890 179.0250549316406
11900 762.76220703125
11910 973.1241455078125
11920 589.1503295898438
11930 84.16909027099609
11940 -518.7041625976562
11950 -199.8287963867188
11960 274.294921875
11970 326.0556945800781
11980 -63.31744766235352
11990 -315.8526916503906
12000 -370.6260070800781
12010 770.9655151367188
12020 1484.0771484375
12030 2769.94677734375
12040 2565.603759765625
12050 2000.087646484375
12060 2550.149169921875
12070 2266.06298828125
12080 2546.2431640625
12090 3199.546142578125
12100 3838.3193359375
12110 4375.1259765625
12120 4822.64697265625
12130 4605.60498046875
12140 4407.05078125
12150 4192.56494140625
12160 3985.28515625
12170 4105.7392578125
12180 3981.14111328125
12190 3089.836181640625
12200 2755.149658203125
12210 3188.291259765625
12220 3772.222900390625
12230 4487.8818359375
12240 4464.83203125
12250 3757.430908203125
12260 3361.30712890625
12270 2718.149169921875
12280 1828.798095703125
12290 1523.536254882812
12300 1219.244140625
12310 1074.7734375
12320 1001.157104492188
12330 1061.85791015625
12340 1003.423400878906
12350 308.748291015625
12360 -776.4669189453125
12370 -1086.565063476562
12380 -481.0834350585938
12390 -844.6102294921875
12400 -1400.052368164062
12410 -1054.349365234375
12420 15.13647079467773
12430 642.8407592773438
12440 352.7947998046875
12450 537.9234008789062
12460 727.6141357421875
12470 381.9907836914062
12480 1341.625122070312
12490 2940.1982421875
12500 4033.4365234375
12510 4930.66748046875
12520 5709.95947265625
12530 6342.4541015625
12540 6299.4384765625
12550 5635.162109375
12560 4914.08349609375
12570 4235.18359375
12580 3697.764404296875
12590 2780.392333984375
12600 2667.30419921875
12610 3025.429443359375
12620 2799.81689453125
12630 2274.864013671875
12640 2102.424072265625
12650 1943.994384765625
12660 1953.807250976562
12670 1899.452270507812
12680 1528.045776367188
12690 1630.189453125
12700 1850.735961914062
12710 1928.786743164062
12720 1921.086303710938
12730 1647.416015625
12740 1327.976684570312
12750 1040.230346679688
12760 766.01953125
12770 451.5465698242188
12780 330.2734985351562
12790 -76.21181488037109
12800 70.67392730712891
12810 366.1559753417969
12820 1104.431640625
12830 1175.376342773438
12840 965.4542236328125
12850 1384.4091796875
12860 2133.984619140625
12870 2661.82275390625
12880 2675.327392578125
12890 3471.7919921875
12900 3858.256103515625
12910 4180.07421875
12920 4511.9296875
12930 4559.20947265625
12940 5176.396484375
12950 5256.54931640625
12960 3804.092041015625
12970 1922.084716796875
12980 1149.296752929688
12990 1216.728149414062
13000 927.7094116210938
13010 1238.182861328125
13020 1395.28173828125
13030 1220.963989257812
13040 790.55615234375
13050 -12.91918182373047
13060 -418.6087036132812
13070 -4.136932373046875
13080 381.5950317382812
13090 235.57861328125
13100 116.0737457275391
13110 36.91762542724609
13120 -182.8297729492188
13130 -587.206298828125
13140 -658.9189453125
13150 -112.9754791259766
13160 586.086181640625
13170 1099.16943359375
13180 1149.57666015625
13190 638.4049682617188
13200 190.4066619873047
13210 620.498779296875
13220 857.239013671875
13230 1396.711303710938
13240 1556.51416015625
13250 1096.502563476562
13260 1286.62158203125
13270 2232.877685546875
13280 2603.30810546875
13290 3055.02392578125
13300 4184.2216796875
13310 5246.29638671875
13320 5774.27001953125
13330 5810.4501953125
13340 5582.5087890625
13350 5425.6123046875
13360 5025.994140625
13370 3896.118408203125
13380 2993.637451171875
13390 3467.49755859375
13400 3034.6904296875
13410 1935.938232421875
13420 1528.4189453125
13430 1712.423217773438
13440 1534.886108398438
13450 1950.715942382812
13460 2836.670166015625
13470 3082.734375
13480 2683.78271484375
13490 2307.95751953125
13500 2036.216796875
13510 1759.661865234375
13520 1852.421020507812
13530 1911.152587890625
13540 1669.174438476562
13550 1557.661865234375
13560 1869.125
13570 1304.94677734375
13580 183.8813629150391
13590 -60.64391708374023
13600 25.68689727783203
13610 1107.550537109375
13620 2237.46044921875
13630 2705.5322265625
13640 2552.609375
13650 2265.114990234375
13660 2408.887939453125
13670 2749.495361328125
13680 3025.26025390625
13690 3986.46826171875
13700 4017.513671875
13710 4076.48876953125
13720 4234.66162109375
13730 4873.384765625
13740 4801.6943359375
13750 4097.71826171875
13760 3609.446044921875
13770 2776.6357421875
13780 1809.986938476562
13790 1414.537109375
13800 1760.864501953125
13810 1419.767578125
13820 853.6780395507812
13830 299.489990234375
13840 198.0772094726562
13850 364.3646545410156
13860 -281.1381530761719
13870 -226.6605834960938
13880 -437.0619506835938
13890 -675.36181640625
13900 -862.0028686523438
13910 -443.5328979492188
13920 525.4523315429688
13930 750.1326904296875
13940 184.4302673339844
13950 -541.4053344726562
13960 -715.8336791992188
13970 -255.0657043457031
13980 -514.70263671875
13990 -1246.6181640625
14000 -1987.440673828125
14010 -1870.086181640625
14020 -405.6612243652344
14030 -594.1737060546875
14040 -450.0693969726562
14050 820.1978149414062
14060 1143.656982421875
14070 1141.023193359375
14080 1318.8974609375
14090 1403.827392578125
14100 2110.069091796875
14110 3074.9375
14120 3064.324462890625
14130 2856.595703125
14140 2671.6630859375
14150 2112.895263671875
14160 2127.49462890625
14170 1766.92724609375
14180 1257.32666015625
14190 409.5583190917969
14200 144.5216674804688
14210 333.0823364257812
14220 881.693603515625
14230 984.361328125
14240 987.8322143554688
14250 1291.828979492188
14260 1656.8798828125
14270 1594.839599609375
14280 1315.616333007812
14290 839.2371215820312
14300 58.04871368408203
14310 658.3712768554688
14320 178.020263671875
14330 -201.8658142089844
14340 -455.5790710449219
14350 -732.5133056640625
14360 -914.4364013671875
14370 -1195.336547851562
14380 -1747.238525390625
14390 -2899.899169921875
14400 -3261.269287109375
14410 -4503.66015625
14420 -3191.23291015625
14430 -3758.41259765625
14440 -2750.314697265625
14450 -2185.830810546875
14460 -1282.600830078125
14470 -341.5316772460938
14480 -342.6837768554688
14490 1145.046142578125
14500 2337.71533203125
14510 3292.874755859375
14520 4689.94140625
14530 5339.19580078125
14540 5248.4462890625
14550 4156.869140625
14560 3087.393310546875
14570 2163.481201171875
14580 1542.03759765625
14590 1313.05419921875
14600 1788.935668945312
14610 1525.996215820312
14620 1843.210815429688
14630 1727.844482421875
14640 1555.100830078125
14650 1367.187133789062
14660 1210.6259765625
14670 964.7792358398438
14680 837.5252075195312
14690 493.1892395019531
14700 -168.5229339599609
14710 -764.2794799804688
14720 -1024.961669921875
14730 -1418.885131835938
14740 -1290.792724609375
14750 -1017.285400390625
14760 -1473.0546875
14770 -1700.7470703125
14780 -2462.00732421875
14790 -2704.538818359375
14800 -1711.35986328125
14810 -682.48779296875
14820 -1170.597900390625
14830 -278.2422485351562
14840 292.7157592773438
14850 600.982666015625
14860 874.5210571289062
14870 1260.018310546875
14880 1777.719848632812
14890 2062.341796875
14900 3217.4873046875
14910 4850.70263671875
14920 5658.0849609375
14930 6238.212890625
14940 6218.36474609375
14950 5750.97998046875
14960 4924.8544921875
14970 3574.243408203125
14980 2578.061279296875
14990 2394.845703125
15000 2066.380615234375
15010 1688.13916015625
15020 1622.4189453125
15030 1229.097290039062
15040 702.2479248046875
15050 322.3857421875
15060 231.2262725830078
15070 385.8146057128906
15080 460.09228515625
15090 838.245361328125
15100 1160.862060546875
15110 851.771484375
15120 664.5162353515625
15130 537.251708984375
15140 507.9468383789062
15150 273.22607421875
15160 196.1982269287109
15170 495.1281433105469
15180 290.1662292480469
15190 147.7960510253906
15200 -172.8830413818359
15210 641.4611206054688
15220 1238.513793945312
15230 1193.1181640625
15240 1261.59814453125
15250 1579.370361328125
15260 1391.843139648438
15270 931.518310546875
15280 1765.683837890625
15290 1628.746704101562
15300 2070.38671875
15310 2693.36083984375
15320 3484.408935546875
15330 4124.7216796875
15340 4307.8662109375
15350 4043.546630859375
15360 3242.48779296875
15370 3421.509765625
15380 2413.9853515625
15390 2198.20166015625
15400 2776.813720703125
15410 2436.270263671875
15420 1670.91943359375
15430 1448.3701171875
15440 781.1297607421875
15450 880.848876953125
15460 957.1478271484375
15470 1180.168090820312
15480 745.989013671875
15490 584.8814086914062
15500 755.6552124023438
15510 1709.904174804688
15520 2293.549072265625
15530 1968.515625
15540 1535.592895507812
15550 1174.408813476562
15560 640.734130859375
15570 185.2051696777344
15580 31.2854061126709
15590 -1.659688949584961
15600 212.7298431396484
15760 4875.16796875
15770 3874.598876953125
0 6651.9453125
10 -470.0961608886719
20 219.0046997070312
30 590.9371948242188
40 494.4806823730469
50 1300.30615234375
60 2395.0810546875
70 3758.16650390625
80 5471.2109375
90 7388.40283203125
100 9477.958984375
110 11722.48828125
120 13786.423828125
130 15521.896484375
140 16739.830078125
150 17636.40234375
160 17512.5703125
170 14721.7822265625
180 13352.6513671875
190 13485.421875
200 13161.9462890625
210 12337.7724609375
220 11468.841796875
230 11210.0927734375
240 10838.5146484375
250 10046.171875
260 9539.9296875
270 9402.3671875
280 8998.04296875
290 8494.8603515625
300 8135.58984375
310 7639.35888671875
320 6952.1337890625
330 6292.54296875
340 5814.591796875
350 5477.7822265625
360 5099.93994140625
370 4623.12646484375
380 4144.8427734375
390 3422.09716796875
400 3046.0986328125
410 2701.849365234375
420 2867.992919921875
430 2096.62451171875
440 1001.7685546875
450 -223.2362670898438
460 -846.3429565429688
470 -1259.170043945312
480 -83.63843536376953
490 745.0762939453125
500 1073.723510742188
510 1980.544189453125
520 3443.302734375
530 4148.7158203125
540 4871.0732421875
550 5206.296875
560 6294.40673828125
570 6049.8291015625
580 4481.7373046875
590 4318.6640625
600 2830.921875
610 2335.24951171875
620 1817.846313476562
630 845.0447998046875
640 1264.298217773438
650 1351.163818359375
660 1040.659423828125
670 1899.916870117188
680 2024.307739257812
690 1443.269897460938
700 1907.23974609375
710 1497.281494140625
720 1442.447875976562
730 673.6477661132812
740 302.1598815917969
750 1019.032348632812
760 2256.922607421875
770 2927.47021484375
780 4001.997314453125
790 4536.4921875
800 4742.79736328125
810 5511.5400390625
820 5481.8134765625
830 4646.82080078125
840 2593.33447265625
850 2273.169189453125
860 3374.4453125
870 4090.9267578125
880 4966.76611328125
890 5635.8037109375
900 5985.2666015625
910 6278.57666015625
920 6684.61865234375
930 6792.62255859375
940 7217.990234375
950 6488.77197265625
960 4929.76513671875
970 3523.958251953125
980 1252.5166015625
990 1577.785888671875
1000 2242.9306640625
1010 2904.224609375
1020 3001.76416015625
1030 2876.072509765625
1040 2154.1455078125
1050 1434.415893554688
1060 962.2687377929688
1070 636.197509765625
1080 134.1783447265625
1090 400.1731567382812
1100 437.392822265625
1110 241.8400573730469
1120 770.5128173828125
1130 952.815673828125
1140 563.4635620117188
1150 69.52957153320312
1160 -237.0746612548828
1170 -871.0667114257812
1180 -1267.631591796875
1190 -1836.974243164062
1200 -1429.983764648438
1210 -857.9818725585938
1220 -446.2205810546875
1230 -212.4279632568359
1240 -92.36125183105469
1250 421.6741638183594
1260 895.6305541992188
1270 1325.09619140625
1280 1894.124267578125
1290 2974.087158203125
1300 3471.63916015625
1310 3987.370361328125
1320 4036.90185546875
1330 4216.96826171875
1340 4787.85107421875
1350 5380.41650390625
1360 5859.98828125
1370 4862.0361328125
1380 4446.09228515625
1390 5723.0029296875
1400 6255.5908203125
1410 6561.87744140625
1420 6353.39013671875
1430 5552.96728515625
1440 5024.06396484375
1450 4191.11279296875
1460 3691.44970703125
1470 2258.18603515625
1480 1408.41064453125
1490 668.8104858398438
1500 -89.12537384033203
1510 -526.2461547851562
1520 -648.925537109375
1530 -241.4593505859375
1540 -371.4115600585938
1550 -696.3950805664062
1560 -1280.3154296875
1570 -1938.74658203125
1580 -2114.853515625
1590 -1971.189819335938
1600 -2032.561279296875
1610 -2102.27783203125
1620 -1983.1689453125
1630 -2487.53271484375
1640 -3628.2880859375
1650 -3518.55712890625
1660 -3843.5986328125
1670 -3195.6083984375
1680 -2737.526611328125
1690 -2187.673095703125
1700 -470.3311767578125
1710 2488.04296875
1720 4110.310546875
1730 5222.392578125
1740 5664.94677734375
1750 5185.8955078125
1760 4397.18310546875
1770 2549.82861328125
1780 1226.898559570312
1790 954.2615966796875
1800 686.741943359375
1810 186.5163879394531
1820 783.2999267578125
1830 1172.531005859375
1840 831.48388671875
1850 -115.3368606567383
1860 -36.60507965087891
1870 28.6633186340332
1880 189.6222076416016
1890 184.8028717041016
1900 739.9075317382812
1910 1513.507934570312
1920 1696.318725585938
1930 2219.994140625
1940 2275.343994140625
1950 2053.578369140625
1960 1553.587646484375
1970 898.0933227539062
1980 99.70270538330078
1990 -1006.716857910156
2000 -947.64794921875
2010 -309.2457885742188
2020 -261.1668701171875
2030 290.54052734375
2040 553.572021484375
2050 -441.6204833984375
2060 -898.5000610351562
2070 -552.4588623046875
2080 2221.182861328125
2090 3560.412841796875
2100 4069.4775390625
2110 5779.7607421875
2120 5672.9326171875
2130 6430.2939453125
2140 6473.509765625
2150 6461.49462890625
2160 6333.71923828125
2170 5426.8720703125
2180 3293.013427734375
2190 3644.96728515625
2200 3127.910888671875
2210 2395.007080078125
2220 2323.21630859375
2230 2679.19970703125
2240 3203.875
2250 2756.314697265625
2260 2757.607421875
2270 2633.99853515625
2280 1515.0439453125
2290 1134.009521484375
2300 560.0971069335938
2310 447.4434814453125
2320 36.31156539916992
2330 -140.0318603515625
2340 -21.97074127197266
2350 -244.9327697753906
2360 -399.2390747070312
2370 -552.930419921875
2380 -938.4625244140625
2390 -1290.517700195312
2400 -974.1942138671875
2410 -358.9743347167969
2420 281.5912170410156
2430 436.9515075683594
2440 979.525390625
2450 1345.892700195312
2460 1514.591796875
2470 2356.19775390625
2480 3121.47607421875
2490 4311.85205078125
2500 5417.7822265625
2510 6504.2939453125
2520 6725.08984375
2530 5532.8173828125
2540 5931.7099609375
2550 5501.8330078125
2560 4240.82763671875
2570 4218.765625
2580 3628.784423828125
2590 4735.56591796875
2600 4527.7314453125
2610 3633.973388671875
2620 3581.48828125
2630 3242.50830078125
2640 2492.843994140625
2650 1951.9033203125
2660 1541.397827148438
2670 1303.513061523438
2680 1225.432495117188
2690 937.6380004882812
2700 805.2242431640625
2710 549.2495727539062
2720 -446.7569580078125
2730 -616.1428833007812
2740 -642.4260864257812
2750 -1775.402954101562
2760 -2479.351806640625
2770 -1813.67236328125
2780 -832.7811279296875
2790 -1754.63134765625
2800 -1882.709594726562
2810 -792.2723999023438
2820 -153.2168579101562
2830 613.5692749023438
2840 1476.541137695312
2850 1468.861328125
2860 1360.18115234375
2870 1474.734252929688
2880 2355.555908203125
2890 2953.80322265625
2900 3846.1220703125
2910 4707.177734375
2920 6040.2041015625
2930 7415.5927734375
2940 7147.9345703125
2950 6551.16015625
2960 5130.294921875
2970 3908.74365234375
2980 2718.033447265625
2990 2971.3369140625
3000 1560.5869140625
3010 1199.604736328125
3020 487.2545471191406
3030 -222.4844207763672
3040 283.6739501953125
3050 353.9076538085938
3060 -516.3317260742188
3070 -1622.090942382812
3080 -2380.94677734375
3090 -2255.28857421875
3100 -2422.957763671875
3110 -2264.01123046875
3120 -1496.220947265625
3130 -1277.05029296875
3140 -1340.0009765625
3150 -1869.499389648438
3160 -1646.860717773438
3170 -1449.583862304688
3180 -1344.549560546875
3190 -958.2852172851562
3200 -454.4666137695312
3210 -1585.078247070312
3220 1049.177612304688
3230 1524.622314453125
3240 1869.965576171875
3250 2077.693603515625
3260 1443.7275390625
3270 994.057861328125
3280 747.277099609375
3290 1712.401611328125
3300 2547.08203125
3310 4199.14404296875
3320 5253.96728515625
3330 5096.3564453125
3340 4476.310546875
3350 3620.44873046875
3360 3081.023193359375
3370 1593.431518554688
3380 788.8880004882812
3390 1289.75048828125
3400 2242.37255859375
3410 2610.03173828125
3420 2563.68017578125
3430 2608.109130859375
3440 2871.786865234375
3450 2184.31494140625
3460 1056.430908203125
3470 895.1016845703125
3480 1596.046630859375
3490 1730.25927734375
3500 1744.270385742188
3510 1532.786743164062
3520 1474.948852539062
3530 1131.835327148438
3540 1339.94775390625
3550 1621.39111328125
3560 858.483154296875
3570 95.71452331542969
3580 -551.8844604492188
3590 -961.4053955078125
3600 -1157.8173828125
3610 -67.10655975341797
3620 -669.1370849609375
3630 -216.5310668945312
3640 -290.0215148925781
3650 -259.5998840332031
3660 674.403076171875
3670 1206.672119140625
3680 2235.99072265625
3690 2873.3681640625
3700 3130.56396484375
3710 3635.8212890625
3720 4107.0986328125
3730 4463.9130859375
3740 4422.3134765625
3750 3617.22900390625
3760 2349.01416015625
3770 2518.6181640625
3780 2012.3837890625
3790 2368.349853515625
3800 3234.2890625
3810 2879.422119140625
3820 2321.587158203125
3830 2026.204956054688
3840 1317.005004882812
3850 1722.80126953125
3860 1732.980834960938
3870 2095.868408203125
3880 2235.63134765625
3890 1730.011108398438
3900 1492.042236328125
3910 1752.84228515625
3920 1643.060913085938
3930 1496.650390625
3940 995.8291015625
3950 469.77197265625
3960 552.690673828125
3970 66.61396789550781
3980 -704.1258544921875
3990 -1549.340576171875
4000 -2567.2060546875
4010 -2034.758178710938
4020 -1589.928466796875
4030 -1780.649169921875
4040 -1614.374755859375
4050 -496.320068359375
4060 -841.494140625
4070 -212.1210632324219
4080 246.3370819091797
4090 807.7252807617188
4100 2073.69140625
4110 3079.974609375
4120 3969.76953125
4130 4344.94384765625
4140 4376.2783203125
4150 3726.796875
4160 3419.408447265625
4170 2557.173095703125
4180 1844.556640625
4190 1731.965209960938
4200 2057.767822265625
4210 2101.846435546875
4220 2131.072509765625
4230 2322.111572265625
4240 1849.73193359375
4250 686.0050048828125
4260 -123.1780090332031
4270 134.8390655517578
4280 377.6317749023438
4290 578.7609252929688
4300 877.7685546875
4310 422.4410705566406
4320 -357.7157592773438
4330 -801.9363403320312
4340 -665.8709716796875
4350 -528.044677734375
4360 -943.3741455078125
4370 -1566.760986328125
4380 -1801.735107421875
4390 -1412.555053710938
4400 -1301.209350585938
4410 -1797.649291992188
4420 -168.8037567138672
4430 -470.0223083496094
4440 -1157.77880859375
4450 -1143.10693359375
4460 74.51963043212891
4470 994.9221801757812
4480 620.7728271484375
4490 1531.194946289062
4500 3256.012939453125
4510 4623.943359375
4520 5722.12890625
4530 5845.10400390625
4540 5596.4853515625
4550 4844.0458984375
4560 4000.15673828125
4570 3091.599609375
4580 2376.8515625
4590 1756.850708007812
4600 948.9832763671875
4610 1101.24658203125
4620 1453.049560546875
4630 1922.370849609375
4640 2533.35546875
4650 2162.908447265625
4660 2680.410888671875
4670 2929.0361328125
4680 3322.491455078125
4690 3125.02880859375
4700 2660.54833984375
4710 2880.09912109375
4720 2116.761474609375
4730 595.5345458984375
4740 -310.9781494140625
4750 -227.9073791503906
4760 -27.37263679504395
4770 543.97705078125
4780 761.118408203125
4790 350.2348327636719
4800 -18.58210945129395
4810 601.7692260742188
4820 1604.098388671875
4830 1525.430297851562
4840 1149.593383789062
4850 396.1568908691406
4860 691.1517333984375
4870 1071.404541015625
4880 1436.355712890625
4890 1376.553466796875
4900 2601.32861328125
4910 3401.583740234375
4920 3794.0625
4930 3537.99853515625
4940 3111.96240234375
4950 2653.779541015625
4960 2386.03564453125
4970 1815.977905273438
4980 377.4060668945312
4990 -272.4457092285156
5000 316.6645812988281
5010 650.370849609375
5020 650.6707153320312
5030 253.5200347900391
5040 -1148.073120117188
5050 -1851.687377929688
5060 -1599.22607421875
5070 -1413.9931640625
5080 -1195.3388671875
5090 -1101.003173828125
5100 -1154.708618164062
5110 -1460.380249023438
5120 -1601.704956054688
5130 -1485.102905273438
5140 -1440.878540039062
5150 -1253.521118164062
5160 -1302.4521484375
5170 -1297.42236328125
5180 -1578.153198242188
5190 -2141.493408203125
5200 -2522.070068359375
5210 -2022.003662109375
5220 -1769.539794921875
5230 -807.0385131835938
5240 -759.695068359375
5250 -623.787109375
5260 22.76210403442383
5270 -92.27872467041016
5280 664.2282104492188
5290 1815.908081054688
5300 3043.522216796875
5310 3255.324462890625
5320 3090.7001953125
5330 4503.6904296875
5340 4360.33740234375
5350 3447.312255859375
5360 2794.87451171875
5370 1350.029418945312
5380 1945.82861328125
5390 2775.3046875
5400 3596.752685546875
5410 2749.0888671875
5420 1205.297119140625
5430 302.9204711914062
5440 144.0263824462891
5450 -115.0061798095703
5460 -448.9057312011719
5470 -87.82408905029297
5480 147.0664825439453
5490 520.2623901367188
5500 841.819091796875
5510 257.1833190917969
5520 -429.3269653320312
5530 -425.0064697265625
5540 -140.4929504394531
5550 -315.7808227539062
5560 -1329.54248046875
5570 -1497.98974609375
5580 -1636.685302734375
5590 -1802.677490234375
5600 -1048.929321289062
5610 -860.2659301757812
5620 253.0119171142578
5630 1853.013549804688
5640 1962.485717773438
5650 1635.202026367188
5660 1232.491455078125
5670 1579.940185546875
5680 1645.623168945312
5690 2679.15283203125
5700 3318.65576171875
5710 4062.126953125
5720 4122.55419921875
5730 4078.8486328125
5740 4070.32177734375
5750 3859.59619140625
5760 2905.890625
5770 2085.3466796875
5780 2400.039794921875
5790 2248.876708984375
5800 1187.905029296875
5810 -77.37425231933594
5820 301.0467834472656
5830 670.7196044921875
5840 838.6881103515625
5850 889.6245727539062
5860 319.4594421386719
5870 440.9473571777344
5880 1012.135314941406
5890 933.8062744140625
5900 192.0148010253906
5910 -516.8514404296875
5920 -1103.659912109375
5930 -1194.3203125
5940 -1316.350341796875
5950 -1288.352172851562
5960 -1373.366943359375
5970 -1785.637084960938
5980 -1863.9140625
5990 -2078.40869140625
6000 -3130.8271484375
6010 -1979.7685546875
6020 -2128.57568359375
6030 -2265.94873046875
6040 -1715.547485351562
6050 -1366.936401367188
6060 -547.2327880859375
6070 -444.0662231445312
6080 -882.5133056640625
6090 -262.95068359375
6100 602.1378173828125
6110 1085.655029296875
6120 1051.291137695312
6130 1390.0107421875
6140 1348.259033203125
6150 1060.554565429688
6160 513.042236328125
6170 -166.5866088867188
6180 -640.628662109375
6190 -1156.079223632812
6200 -740.9105224609375
6210 -383.265869140625
6220 -545.2859497070312
6230 -571.5582885742188
6240 -415.2369079589844
6250 -689.231689453125
6260 -913.9491577148438
6270 -980.8734130859375
6280 -667.0670166015625
6290 -759.0418701171875
6300 -1336.7666015625
6310 -1016.720947265625
6320 -636.9779052734375
6330 -184.8753967285156
6340 -7.799773216247559
6350 81.05366516113281
6360 187.6760864257812
6370 89.50522613525391
6380 209.6323547363281
6390 -107.7194671630859
6400 -333.8312377929688
6410 533.3521118164062
6420 749.8562622070312
6430 -739.072265625
6440 110.3726425170898
6450 425.0447082519531
6460 897.8088989257812
6470 1006.412780761719
6480 589.89013671875
6490 1394.074462890625
6500 2795.94140625
6510 3080.40185546875
6520 3800.467041015625
6530 3975.40673828125
6540 4395.8740234375
6550 4310.8427734375
6560 3514.67333984375
6570 2295.767578125
6580 879.9437255859375
6590 859.0628051757812
6600 1335.891845703125
6610 1427.322021484375
6620 978.28857421875
6630 564.23291015625
6640 762.2481079101562
6650 1064.182861328125
6660 1322.17529296875
6670 993.5443115234375
6680 616.0802001953125
6690 -108.2383575439453
6700 -570.96142578125
6710 -794.069091796875
6720 -953.0365600585938
6730 -1244.458984375
6740 -1585.545166015625
6750 -1235.07958984375
6760 -158.0578765869141
6770 95.72430419921875
6780 -834.3682861328125
6790 -1693.301025390625
6800 -1375.120361328125
6810 -943.681640625
6820 -139.8645935058594
6830 716.613525390625
6840 -759.164794921875
6850 -983.330810546875
6860 -202.0046081542969
6870 445.3978881835938
6880 1055.4677734375
6890 2181.39990234375
6900 3461.6015625
6910 4026.6533203125
6920 4737.8310546875
6930 4839.85302734375
6940 4187.9853515625
6950 3135.63134765625
6960 2749.700439453125
6970 2226.323974609375
6980 1098.666381835938
6990 578.8082885742188
7000 1018.139099121094
7010 1683.703125
7020 1487.56396484375
7030 1346.280151367188
7040 1118.362670898438
7050 530.8099365234375
7060 229.4442138671875
7070 -47.28536224365234
7080 -427.8961181640625
7090 -557.8837280273438
7100 -442.7373046875
7110 -598.7750244140625
7120 -1032.752685546875
7130 473.3905639648438
7140 430.847900390625
7150 473.8839721679688
7160 474.1360778808594
7170 252.2765502929688
7180 -454.4901123046875
7190 -767.4981079101562
7200 -345.1048583984375
7210 -1696.9267578125
7220 515.3877563476562
7230 1406.933471679688
7240 791.18310546875
7250 567.5401611328125
7260 754.5819091796875
7270 736.9844970703125
7280 1246.533203125
7290 2254.7822265625
7300 2855.0087890625
7310 3483.25390625
7320 4152.30126953125
7330 4595.650390625
7340 4533.9140625
7350 4138.486328125
7360 3503.281005859375
7370 3123.54443359375
7380 2695.10400390625
7390 2210.47900390625
7400 2814.073486328125
7410 3455.41064453125
7420 3392.8759765625
7430 3519.315185546875
7440 4126.49365234375
7450 3065.812744140625
7460 1596.2236328125
7470 1109.188110351562
7480 1010.006408691406
7490 1361.30419921875
7500 2188.89990234375
7510 2333.584228515625
7520 1952.00537109375
7530 2100.367431640625
7540 2063.599609375
7550 1498.16796875
7560 1043.4052734375
7570 645.0239868164062
7580 190.4423675537109
7590 318.9017333984375
7600 1075.759765625
7610 1575.38525390625
7620 1276.549560546875
7630 517.2021484375
7640 1065.684936523438
7650 801.6748046875
7660 923.1126708984375
7670 741.4312133789062
7680 1540.126220703125
7690 3157.831298828125
7700 4326.619140625
7710 4562.271484375
7720 4730.2734375
7730 5139.12548828125
7740 4866.11962890625
7750 4537.91943359375
7760 4248.66796875
7770 3285.625
7780 2086.61279296875
7790 1643.18505859375
7800 375.6180725097656
7810 140.1753387451172
7820 388.7790222167969
7830 248.5860137939453
7840 4.127806663513184
7850 -155.3979949951172
7860 -187.5164184570312
7870 -253.4664001464844
7880 97.94290924072266
7890 459.1088562011719
7900 1200.906616210938
7910 1793.2685546875
7920 2058.215087890625
7930 2076.104248046875
7940 1766.210327148438
7950 1802.818481445312
7960 2143.240234375
7970 1772.415771484375
7980 1892.687622070312
7990 1942.482666015625
8000 2399.595703125
8010 2247.541015625
8020 2073.815185546875
8030 1861.211181640625
8040 1750.610595703125
8050 1407.237670898438
8060 402.1416015625
8070 871.703125
8080 1474.38037109375
8090 1539.82763671875
8100 2705.394287109375
8110 3291.915283203125
8120 4115.86279296875
8130 4696.29638671875
8140 4961.8125
8150 4940.0078125
8160 4650.36328125
8170 3103.37255859375
8180 1033.835327148438
8190 798.689697265625
8200 501.8740844726562
8210 81.28507995605469
8220 376.1136474609375
8230 352.1259155273438
8240 813.3426513671875
8250 1255.11669921875
8260 1207.171997070312
8270 569.7889404296875
8280 951.436279296875
8290 2373.456298828125
8300 1821.830200195312
8310 660.9811401367188
8320 -142.7761535644531
8330 -974.5289306640625
8340 -1319.4423828125
8350 -1154.787109375
8360 -971.434814453125
8370 -1319.80615234375
8380 -2175.262939453125
8390 -2882.6416015625
8400 -2237.992919921875
8480 174.9747619628906
8490 1417.2353515625
8500 3481.625
8510 5314.91552734375
8520 5486.4072265625
8530 4876.4736328125
8540 3575.53759765625
8550 2649.072265625
8560 1752.94970703125
8570 1236.110717773438
