"Time Step" "point-shear-a"
20210 1288.097045898438
20220 1288.943115234375
20230 1289.786743164062
20240 1291.919189453125
20250 1292.555053710938
20260 1292.600830078125
20270 1292.499267578125
20280 1292.141235351562
20290 1291.123291015625
20300 1290.354736328125
20310 1290.79736328125
20320 1292.354125976562
20330 1294.088989257812
20340 1295.067993164062
20350 1295.779174804688
20360 1296.5009765625
20370 1297.091186523438
20380 1298.332763671875
20390 1299.995971679688
20400 1301.528564453125
20410 1303.333984375
20420 1305.169799804688
20430 1306.40625
20440 1307.292114257812
20450 1307.845336914062
20460 1309.567993164062
20470 1312.277465820312
20480 1314.57861328125
20490 1317.130859375
20500 1319.104248046875
20510 1319.142211914062
20520 1317.51220703125
20530 1314.44384765625
20540 1312.521606445312
20550 1307.79150390625
20560 1300.234008789062
20570 1291.386474609375
20580 1282.502685546875
20590 1274.59375
20600 1269.068969726562
20610 1264.525268554688
20620 1260.1162109375
20630 1256.1259765625
20640 1253.485229492188
20650 1251.986206054688
20660 1251.152465820312
20670 1251.119384765625
20680 1250.694458007812
20690 1249.419067382812
20700 1248.38671875
20710 1247.737670898438
20720 1249.5595703125
20730 1253.40478515625
20740 1255.983642578125
20750 1258.126953125
20760 1260.291870117188
20770 1261.289428710938
20780 1262.507080078125
20790 1264.639038085938
20800 1265.376831054688
20810 1264.325439453125
20820 1262.129028320312
20830 1259.16650390625
20840 1255.14208984375
20850 1250.40625
20860 1245.531982421875
20870 1240.665771484375
20880 1235.9814453125
20890 1235.221801757812
20900 1235.356811523438
20910 1236.693237304688
20920 1238.43896484375
20930 1240.258056640625
20940 1241.648193359375
20950 1242.690673828125
20960 1243.053588867188
20970 1243.692993164062
20980 1244.301025390625
20990 1244.288452148438
21000 1243.958374023438
21010 1244.155883789062
21020 1246.064697265625
21030 1249.594116210938
21040 1254.300048828125
21050 1259.797973632812
21060 1264.645751953125
21070 1267.756103515625
21080 1268.8671875
21090 1268.617065429688
21100 1268.610229492188
21110 1267.739135742188
21120 1266.5224609375
21130 1265.165405273438
21140 1264.114501953125
21150 1263.678344726562
21160 1262.956665039062
21170 1261.543823242188
21180 1258.85693359375
21190 1255.511108398438
21200 1253.82861328125
21210 1253.456787109375
21220 1252.6630859375
21230 1251.399536132812
21240 1250.160400390625
21250 1248.830444335938
21260 1247.0615234375
21270 1245.086791992188
21280 1243.257568359375
21290 1243.248657226562
21300 1245.560302734375
21310 1249.23388671875
21320 1254.080200195312
21330 1259.239990234375
21340 1264.717163085938
21350 1269.40087890625
21360 1273.172119140625
21370 1274.528076171875
21380 1274.909545898438
21390 1274.574340820312
21400 1273.823852539062
21410 1273.219604492188
21420 1271.815551757812
21430 1270.0810546875
21440 1268.511352539062
21450 1266.994018554688
21460 1265.15576171875
21470 1262.969604492188
21480 1260.63037109375
21490 1257.502807617188
21500 1254.16259765625
21510 1250.394653320312
21520 1246.153198242188
21530 1241.964233398438
21540 1237.918212890625
21550 1233.843139648438
21560 1229.991333007812
21570 1227.92333984375
21580 1226.932739257812
21590 1227.091430664062
21600 1228.391357421875
21610 1230.788818359375
21620 1234.725463867188
21630 1239.939575195312
21640 1245.64208984375
21650 1252.316040039062
21660 1259.414184570312
21670 1266.324584960938
21680 1272.408569335938
21690 1276.517944335938
21700 1279.376220703125
21710 1281.2861328125
21720 1282.450439453125
21730 1283.215942382812
21740 1283.504150390625
21750 1284.086669921875
21760 1284.565063476562
21770 1284.4296875
21780 1284.393188476562
21790 1284.982177734375
21800 1285.663330078125
21810 1286.283447265625
21820 1286.390380859375
21830 1286.66064453125
21840 1287.982543945312
21850 1288.58203125
21860 1289.033813476562
21870 1289.488525390625
21880 1289.274291992188
21890 1288.5546875
21900 1288.57177734375
21910 1289.275268554688
21920 1290.802490234375
21930 1292.451171875
21940 1293.208374023438
21950 1293.987426757812
21960 1294.804321289062
21970 1295.995849609375
21980 1297.8046875
21990 1299.976806640625
22000 1301.347778320312
22010 1302.569458007812
22020 1303.479125976562
22030 1303.521362304688
22040 1302.667114257812
22050 1302.17041015625
22060 1303.371337890625
22070 1306.305053710938
22080 1309.736694335938
22090 1312.484985351562
22100 1314.676635742188
22110 1315.572509765625
22120 1314.542724609375
22130 1311.497680664062
22140 1308.31396484375
22150 1305.019409179688
22160 1298.690063476562
22170 1290.8876953125
22180 1283.1357421875
22190 1275.72119140625
22200 1270.0556640625
22210 1265.040649414062
22220 1260.359008789062
22230 1255.23583984375
22240 1251.987548828125
22250 1249.985473632812
22260 1248.690307617188
22270 1248.065795898438
22280 1247.182006835938
22290 1245.476684570312
22300 1244.027221679688
22310 1243.051513671875
22320 1245.548461914062
22330 1249.52099609375
22340 1252.697021484375
22350 1255.825439453125
22360 1258.410766601562
22370 1260.868041992188
22380 1261.428588867188
22390 1263.934204101562
22400 1264.984741210938
22410 1264.38623046875
22420 1261.618530273438
22430 1257.455810546875
22440 1251.550048828125
22450 1245.737548828125
22460 1241.385986328125
22470 1237.107421875
22480 1233.325561523438
22490 1232.420654296875
22500 1233.28271484375
22510 1234.871704101562
22520 1236.1494140625
22530 1237.054077148438
22540 1237.485107421875
22550 1237.905883789062
22560 1237.747924804688
22570 1237.855102539062
22580 1237.97607421875
22590 1237.834716796875
22600 1237.758178710938
22610 1238.437255859375
22620 1241.005249023438
22630 1245.437133789062
22640 1250.835815429688
22650 1256.888793945312
22660 1262.35693359375
22670 1265.833129882812
22680 1266.906127929688
22690 1266.223999023438
22700 1264.29248046875
22710 1262.1474609375
22720 1259.298828125
22730 1256.948852539062
22740 1255.297607421875
22750 1254.927734375
22760 1255.185791015625
22770 1255.81103515625
22780 1256.039794921875
22790 1255.48193359375
22800 1255.321411132812
22810 1254.367309570312
22820 1252.957397460938
22830 1251.316162109375
22840 1249.969360351562
22850 1248.710571289062
22860 1247.119018554688
22870 1245.447875976562
22880 1244.171997070312
22890 1243.944702148438
22900 1245.347290039062
22910 1249.318237304688
22920 1254.666625976562
22930 1260.772338867188
22940 1266.413818359375
22950 1270.786376953125
22960 1273.227294921875
22970 1274.186401367188
22980 1274.946655273438
22990 1274.759521484375
23000 1273.7666015625
23010 1272.691162109375
23020 1270.98486328125
23030 1269.324584960938
23040 1267.781494140625
23050 1266.256225585938
23060 1264.59521484375
23070 1263.061645507812
23080 1261.384521484375
23090 1259.119995117188
23100 1256.919555664062
23110 1254.38232421875
23120 1251.087768554688
23130 1247.117431640625
23140 1243.1005859375
23150 1239.06640625
23160 1235.272094726562
23170 1232.525390625
23180 1230.844848632812
23190 1230.37939453125
23200 1230.863891601562
23210 1232.477661132812
23220 1235.76025390625
23230 1240.112548828125
23240 1244.773193359375
23250 1250.159301757812
23260 1256.327270507812
23270 1262.091064453125
23280 1266.7216796875
23290 1270.275146484375
23300 1272.789184570312
23310 1274.478393554688
23320 1275.777587890625
23330 1277.165771484375
23340 1278.333251953125
23350 1279.413330078125
23360 1280.393676757812
23370 1281.091918945312
23380 1281.59130859375
23390 1282.26123046875
23400 1283.072998046875
23410 1283.731811523438
23420 1284.15966796875
23430 1285.147216796875
23440 1286.171264648438
23450 1286.325927734375
23460 1286.604125976562
23470 1287.392700195312
23480 1287.276123046875
23490 1286.376831054688
23500 1285.841918945312
23510 1286.598876953125
23520 1288.461547851562
23530 1290.081420898438
23540 1290.6943359375
23550 1291.112915039062
23560 1291.586303710938
23570 1292.614379882812
23580 1294.130737304688
23590 1296.100708007812
23600 1297.451049804688
23610 1298.78271484375
23620 1300.17333984375
23630 1300.142822265625
23640 1299.064331054688
23650 1298.836059570312
23660 1299.525756835938
23670 1301.353149414062
23680 1304.017700195312
23690 1306.1875
23700 1307.767944335938
23710 1308.063110351562
23720 1306.220947265625
23730 1302.645385742188
23740 1301.22314453125
23750 1297.210693359375
23760 1290.572387695312
23770 1283.189697265625
23780 1275.8623046875
23790 1268.931518554688
23800 1263.194091796875
23810 1259.683227539062
23820 1256.314697265625
23830 1252.724365234375
23840 1249.773071289062
23850 1247.495361328125
23860 1246.2060546875
23870 1244.16015625
23880 1242.089721679688
23890 1240.3779296875
23900 1238.802612304688
23910 1237.247192382812
23920 1237.202026367188
23930 1241.24169921875
23940 1244.939208984375
23950 1248.28369140625
23960 1251.659790039062
23970 1255.103881835938
23980 1256.686279296875
23990 1258.036376953125
24000 1259.22509765625
15610 1099.415283203125
15620 1100.779907226562
15630 1101.607299804688
15640 1102.048095703125
15650 1103.12939453125
15660 1105.378295898438
15670 1109.746704101562
15680 1116.566772460938
15690 1124.775146484375
15700 1133.269165039062
15710 1142.103149414062
15720 1150.204711914062
15730 1155.498413085938
15740 1155.912841796875
15750 1153.131103515625
15760 1148.988891601562
15770 1143.537475585938
15780 1136.37255859375
15790 1130.0419921875
15800 1124.724975585938
15810 1118.623413085938
15820 1111.491943359375
15830 1103.270629882812
15840 1096.406127929688
15850 1089.802612304688
15860 1083.840942382812
15870 1079.222045898438
15880 1075.904907226562
15890 1073.63134765625
15900 1072.416748046875
15910 1073.37451171875
15920 1076.082397460938
15930 1080.81298828125
15940 1085.46240234375
15950 1090.143676757812
15960 1094.33251953125
15970 1096.481323242188
15980 1095.555786132812
15990 1091.96435546875
16000 1086.447875976562
16010 1080.24169921875
16020 1074.741088867188
16030 1070.84619140625
16040 1068.5654296875
16050 1068.370727539062
16060 1069.938842773438
16070 1072.65966796875
16080 1076.036865234375
16090 1080.498901367188
16100 1086.19775390625
16110 1092.371215820312
16120 1097.128295898438
16130 1099.4326171875
16140 1098.62060546875
16150 1094.340942382812
16160 1088.054565429688
16170 1081.2392578125
16180 1076.896240234375
16190 1075.62744140625
16200 1077.38525390625
16210 1080.879760742188
16220 1085.622680664062
16230 1091.008666992188
16240 1096.385375976562
16250 1102.151000976562
16260 1108.065795898438
16270 1113.735595703125
16280 1119.731811523438
16290 1125.394165039062
16300 1129.708862304688
16310 1131.439697265625
16320 1132.069458007812
16330 1131.632202148438
16340 1130.19140625
16350 1128.01513671875
16360 1125.723999023438
16370 1124.420532226562
16380 1123.5693359375
16390 1121.507446289062
16400 1117.957153320312
16410 1113.977661132812
16420 1110.065673828125
16430 1106.901123046875
16440 1104.558349609375
16450 1103.6845703125
16460 1104.521606445312
16470 1107.002563476562
16480 1110.035278320312
16490 1113.077880859375
16500 1115.411743164062
16510 1117.244750976562
16520 1118.494262695312
16530 1119.079223632812
16540 1118.878173828125
16550 1117.766235351562
16560 1115.79150390625
16570 1113.689331054688
16580 1111.767700195312
16590 1110.258911132812
16600 1109.45654296875
16610 1108.868408203125
16620 1108.557373046875
16630 1108.025756835938
16640 1106.263671875
16650 1104.461059570312
16660 1102.9228515625
16670 1101.260498046875
16680 1099.3134765625
16690 1096.994384765625
16700 1094.929565429688
16710 1092.863159179688
16720 1090.243408203125
16730 1087.086181640625
16740 1083.3125
16750 1080.515869140625
16760 1079.41552734375
16770 1078.703369140625
16780 1079.103149414062
16790 1081.389526367188
16800 1084.326782226562
16810 1088.426025390625
16820 1093.25244140625
16830 1098.883422851562
16840 1105.49609375
16850 1112.961791992188
16860 1121.458129882812
16870 1131.280517578125
16880 1140.920776367188
16890 1149.381225585938
16900 1155.210083007812
16910 1158.79833984375
16920 1161.050170898438
16930 1162.636474609375
16940 1164.077392578125
16950 1166.962280273438
16960 1170.488403320312
16970 1174.3193359375
16980 1177.604370117188
16990 1181.4375
17000 1185.778930664062
17010 1190.583618164062
17020 1196.129516601562
17030 1201.859375
17040 1206.801391601562
17050 1210.350341796875
17060 1211.618408203125
17070 1211.42529296875
17080 1210.1953125
17090 1208.288696289062
17100 1206.3974609375
17110 1204.580932617188
17120 1200.96435546875
17130 1196.205810546875
17140 1190.771728515625
17150 1184.95751953125
17160 1178.732543945312
17170 1173.412841796875
17180 1169.68505859375
17190 1167.499389648438
17200 1168.186157226562
17210 1170.76708984375
17220 1173.751953125
17230 1176.377075195312
17240 1178.304321289062
17250 1180.167602539062
17260 1182.470581054688
17270 1186.360595703125
17280 1192.70556640625
17290 1200.35107421875
17300 1209.408935546875
17310 1218.603271484375
17320 1225.246459960938
17330 1227.857421875
17340 1226.539794921875
17350 1222.52392578125
17360 1216.292724609375
17370 1207.641235351562
17380 1197.78759765625
17390 1187.860961914062
17400 1179.271850585938
17410 1173.072509765625
17420 1169.67431640625
17430 1165.854858398438
17440 1162.110595703125
17450 1158.244873046875
17460 1154.87451171875
17470 1152.3349609375
17480 1150.24169921875
17490 1148.169067382812
17500 1145.901611328125
17510 1144.374267578125
17520 1144.646850585938
17530 1148.193115234375
17540 1151.925903320312
17550 1154.901000976562
17560 1156.61083984375
17570 1155.9365234375
17580 1153.75830078125
17590 1150.749267578125
17600 1147.387451171875
17610 1144.455078125
17620 1142.294189453125
17630 1141.38232421875
17640 1142.00634765625
17650 1144.578125
17660 1148.37744140625
17670 1154.098388671875
17680 1161.336181640625
17690 1168.479736328125
17700 1174.418212890625
17710 1178.90478515625
17720 1181.362670898438
17730 1181.760620117188
17740 1179.74755859375
17750 1175.78173828125
17760 1171.042724609375
17770 1167.808349609375
17780 1166.085083007812
17790 1166.659423828125
17800 1169.383544921875
17810 1174.00732421875
17820 1179.767578125
17830 1186.48583984375
17840 1193.3857421875
17850 1200.015869140625
17860 1206.29833984375
17870 1211.003295898438
17880 1213.41064453125
17890 1213.784301757812
17900 1212.180541992188
17910 1209.029174804688
17920 1205.9169921875
17930 1203.277587890625
17940 1201.52197265625
17950 1200.748779296875
17960 1201.142822265625
17970 1202.9248046875
17980 1205.37939453125
17990 1207.185302734375
18000 1207.589599609375
18010 1206.184936523438
18020 1203.52197265625
18030 1200.648071289062
18040 1198.956665039062
18050 1197.882690429688
18060 1197.71826171875
18070 1196.705444335938
18080 1194.68359375
18090 1191.80615234375
18100 1188.119873046875
18110 1184.43310546875
18120 1182.447631835938
18130 1182.752563476562
18140 1185.3427734375
18150 1188.987426757812
18160 1192.907592773438
18170 1197.943603515625
18180 1203.443115234375
18190 1207.66748046875
18200 1210.879760742188
18210 1213.602172851562
18220 1215.619262695312
18230 1217.017944335938
18240 1217.831298828125
18250 1218.475463867188
18260 1219.022827148438
18270 1219.514282226562
18280 1219.806396484375
18290 1220.45263671875
18300 1221.121826171875
18310 1220.336547851562
18320 1218.030029296875
18330 1214.795532226562
18340 1211.361083984375
18350 1207.335571289062
18360 1203.499389648438
18370 1200.2392578125
18380 1198.225219726562
18390 1198.120849609375
18400 1199.06787109375
18410 1200.290283203125
18420 1201.331420898438
18430 1201.848266601562
18440 1202.038818359375
18450 1203.458129882812
18460 1207.016235351562
18470 1213.021728515625
18480 1219.790771484375
18490 1227.279418945312
18500 1236.452514648438
18510 1245.032592773438
18520 1251.8662109375
18530 1256.699462890625
18540 1259.966918945312
18550 1262.842407226562
18560 1265.5380859375
18570 1267.724853515625
18580 1269.87890625
18590 1272.564086914062
18600 1275.887817382812
18610 1278.971801757812
18620 1285.220336914062
18630 1290.044311523438
18640 1292.888427734375
18650 1294.167236328125
18660 1293.803466796875
18670 1289.948364257812
18680 1284.46728515625
18690 1279.259643554688
18700 1275.511108398438
18710 1272.884155273438
18720 1270.687255859375
18730 1267.880615234375
18740 1264.172607421875
18750 1261.006469726562
18760 1259.54345703125
18770 1259.173706054688
18780 1260.571899414062
18790 1263.322265625
18800 1266.563598632812
18810 1271.376708984375
18820 1276.4189453125
18830 1280.498657226562
18840 1283.675415039062
18850 1286.634521484375
18860 1289.356811523438
18870 1292.3037109375
18880 1295.36279296875
18890 1297.757446289062
18900 1299.987670898438
18910 1301.61181640625
18920 1301.086669921875
18930 1298.248046875
18940 1292.849609375
18950 1287.693481445312
18960 1280.586791992188
18970 1272.1298828125
18980 1265.270263671875
18990 1260.2705078125
19000 1255.79638671875
19010 1251.079223632812
19020 1244.912109375
19030 1238.126708984375
19040 1232.09228515625
19050 1226.488037109375
19060 1222.046508789062
19070 1218.779052734375
19080 1215.718139648438
19090 1213.588256835938
19100 1212.357421875
19110 1212.1640625
19120 1212.955200195312
19130 1215.605346679688
19140 1219.532348632812
19150 1224.162353515625
19160 1228.9287109375
19170 1232.862060546875
19180 1235.349731445312
19190 1237.353881835938
19200 1238.920532226562
19210 1238.509765625
19220 1235.876342773438
19230 1231.982177734375
19240 1228.787719726562
19250 1226.733642578125
19260 1225.004150390625
19270 1223.708740234375
19280 1223.192138671875
19290 1223.797607421875
19300 1224.867065429688
19310 1226.179931640625
19320 1227.078125
19330 1227.022705078125
19340 1226.57958984375
19350 1225.84033203125
19360 1225.417724609375
19370 1225.880615234375
19380 1226.44482421875
19390 1227.058837890625
19400 1228.117065429688
19410 1230.625122070312
19420 1234.897583007812
19430 1240.8974609375
19440 1247.315185546875
19450 1253.819213867188
19460 1259.478271484375
19470 1263.106079101562
19480 1264.239868164062
19490 1263.41455078125
19500 1260.24072265625
19510 1255.3798828125
19520 1251.378173828125
19530 1248.057739257812
19540 1245.78564453125
19550 1245.1435546875
19560 1245.86572265625
19570 1248.349487304688
19580 1251.539672851562
19590 1253.391479492188
19600 1253.717651367188
19610 1252.964477539062
19620 1251.487426757812
19630 1249.413452148438
19640 1247.3271484375
19650 1245.283569335938
19660 1244.201049804688
19670 1243.2822265625
19680 1242.286987304688
19690 1241.848388671875
19700 1242.834838867188
19710 1245.99169921875
19720 1251.353515625
19730 1257.44091796875
19740 1263.227661132812
19750 1267.597412109375
19760 1270.17138671875
19770 1271.343017578125
19780 1272.500366210938
19790 1272.71435546875
19800 1272.14404296875
19810 1271.521362304688
19820 1270.377807617188
19830 1269.152099609375
19840 1268.005615234375
19850 1266.69140625
19860 1265.213623046875
19870 1263.83935546875
19880 1262.317016601562
19890 1260.489501953125
19900 1258.539184570312
19910 1256.314208984375
19920 1253.137573242188
19930 1249.099853515625
19940 1244.69873046875
19950 1240.23681640625
19960 1235.97021484375
19970 1232.58203125
19980 1230.275512695312
19990 1229.409423828125
20000 1229.951293945312
20010 1231.916748046875
20020 1235.427490234375
20030 1240.296875
20040 1245.74365234375
20050 1252.088623046875
20060 1259.183471679688
20070 1266.093872070312
20080 1272.48388671875
20090 1277.440307617188
20100 1280.52978515625
20110 1282.266723632812
20120 1283.161865234375
20130 1283.559326171875
20140 1284.171875
20150 1285.02880859375
20160 1285.9541015625
20170 1286.24365234375
20180 1286.121826171875
20190 1286.145385742188
20200 1287.026245117188
8410 1018.265441894531
8420 1020.014465332031
8430 1020.597595214844
8440 1020.01953125
8450 1019.018005371094
8460 1017.952575683594
8470 1016.659790039062
8480 1015.133178710938
8490 1013.193115234375
8500 1011.041320800781
8510 1008.5908203125
8520 1006.157043457031
8530 1004.165466308594
8540 1003.298156738281
8550 1004.067565917969
8560 1006.256713867188
8570 1009.5703125
8580 1013.735900878906
8590 1018.167785644531
8600 1023.071533203125
8610 1027.816284179688
8620 1031.821166992188
8630 1034.802001953125
8640 1036.482421875
8650 1036.9560546875
8660 1036.063598632812
8670 1034.06591796875
8680 1031.230346679688
8690 1029.221313476562
8700 1027.4423828125
8710 1025.174438476562
8720 1021.986755371094
8730 1017.759887695312
8740 1012.480163574219
8750 1006.859497070312
8760 1002.361572265625
8770 998.5723876953125
8780 995.0116577148438
8790 992.2794189453125
8800 991.0592041015625
8810 991.2462768554688
8820 993.182861328125
8830 995.9513549804688
8840 999.2456665039062
8850 1003.066040039062
8860 1007.137573242188
8870 1011.22998046875
8880 1014.834838867188
8890 1018.568115234375
8900 1022.450256347656
8910 1026.001953125
8920 1031.353393554688
8930 1037.236083984375
8940 1042.671752929688
8950 1047.697631835938
8960 1052.743041992188
8970 1057.407836914062
8980 1062.077026367188
8990 1066.727294921875
9000 1071.440551757812
9010 1075.441650390625
9020 1078.329345703125
9030 1081.223876953125
9040 1082.536376953125
9050 1082.215942382812
9060 1079.68701171875
9070 1075.154541015625
9080 1069.8583984375
9090 1064.380249023438
9100 1059.186767578125
9110 1053.98291015625
9120 1048.623413085938
9130 1042.7060546875
9140 1036.555541992188
9150 1031.177368164062
9160 1027.259033203125
9170 1023.952392578125
9180 1021.242248535156
9190 1020.324951171875
9200 1020.346984863281
9210 1020.924560546875
9220 1021.881469726562
9230 1023.288757324219
9240 1025.314575195312
9250 1028.710815429688
9260 1033.614501953125
9270 1039.478759765625
9280 1046.079345703125
9290 1053.194702148438
9300 1060.190185546875
9310 1066.397705078125
9320 1072.3134765625
9330 1076.716674804688
9340 1079.224853515625
9350 1078.389526367188
9360 1077.496704101562
9370 1075.509399414062
9380 1072.1953125
9390 1067.341796875
9400 1060.450317382812
9410 1051.84765625
9420 1043.638427734375
9430 1034.829345703125
9440 1026.534423828125
9450 1018.910461425781
9460 1012.490051269531
9470 1006.905639648438
9480 1001.840454101562
9490 996.3549194335938
9500 990.0009155273438
9510 983.02685546875
9520 976.3515625
9530 971.2725830078125
9540 966.5435791015625
9550 963.103515625
9560 961.79736328125
9570 962.6971435546875
9580 965.4777221679688
9590 969.91259765625
9600 974.810546875
9610 978.8853759765625
9620 982.3521118164062
9630 984.9124755859375
9640 986.907470703125
9650 988.6913452148438
9660 989.9060668945312
9670 990.7872314453125
9680 991.5487060546875
9690 992.8491821289062
9700 994.8900756835938
9710 997.2371826171875
9720 999.3626098632812
9730 1001.047912597656
9740 1001.689147949219
9750 1000.689575195312
9760 998.208251953125
9770 995.2977294921875
9780 992.6143798828125
9790 989.9234619140625
9800 987.8710327148438
9810 987.056884765625
9820 988.2465209960938
9830 992.1425170898438
9840 997.1663818359375
9850 1003.112854003906
9860 1009.728088378906
9870 1016.339050292969
9880 1022.641052246094
9890 1028.287231445312
9900 1032.181884765625
9910 1034.2724609375
9920 1034.74560546875
9930 1034.514282226562
9940 1034.481079101562
9950 1034.99658203125
9960 1034.437133789062
9970 1034.32177734375
9980 1034.902587890625
9990 1035.146606445312
10000 1034.559448242188
10010 1033.009887695312
10020 1030.847412109375
10030 1028.475952148438
10040 1025.373657226562
10050 1022.484741210938
10060 1020.319641113281
10070 1019.135009765625
10080 1018.302368164062
10090 1017.127014160156
10100 1015.200439453125
10110 1013.533081054688
10120 1011.964599609375
10130 1010.003234863281
10140 1008.680541992188
10150 1008.619689941406
10160 1009.643371582031
10170 1011.633361816406
10180 1014.575561523438
10190 1018.027954101562
10200 1021.732482910156
10210 1024.926635742188
10220 1027.645629882812
10230 1029.65380859375
10240 1030.391357421875
10250 1030.071044921875
10260 1028.93017578125
10270 1026.977416992188
10280 1024.997680664062
10290 1023.644897460938
10300 1022.250122070312
10310 1020.288635253906
10320 1017.388488769531
10330 1013.244995117188
10340 1007.813842773438
10350 1001.674682617188
10360 996.8516845703125
10370 992.5933837890625
10380 989.2218627929688
10390 987.1966552734375
10400 986.6422729492188
10410 987.6053466796875
10420 989.7315063476562
10430 992.411865234375
10440 995.7853393554688
10450 1000.069702148438
10460 1004.948974609375
10470 1010.437377929688
10480 1015.60498046875
10490 1020.571411132812
10500 1025.402465820312
10510 1029.471435546875
10520 1033.506958007812
10530 1037.31787109375
10540 1040.437133789062
10550 1043.5595703125
10560 1047.24169921875
10570 1051.605346679688
10580 1057.018676757812
10590 1062.954223632812
10600 1069.201293945312
10610 1075.326171875
10620 1080.659545898438
10630 1085.280517578125
10640 1088.535888671875
10650 1090.389038085938
10660 1089.318115234375
10670 1087.125244140625
10680 1084.225830078125
10690 1080.480590820312
10700 1076.024536132812
10710 1070.08740234375
10720 1062.607055664062
10730 1054.494995117188
10740 1044.900756835938
10750 1034.994140625
10760 1025.804565429688
10770 1017.60400390625
10780 1010.906616210938
10790 1005.990417480469
10800 1002.777893066406
10810 1000.535766601562
10820 999.2294311523438
10830 998.1652221679688
10840 997.5614013671875
10850 998.9083251953125
10860 1001.904968261719
10870 1006.218933105469
10880 1012.090515136719
10890 1019.309387207031
10900 1027.335571289062
10910 1036.513427734375
10920 1045.53271484375
10930 1052.8076171875
10940 1057.10693359375
10950 1058.118408203125
10960 1057.56298828125
10970 1055.03515625
10980 1050.528930664062
10990 1047.51318359375
11000 1041.5771484375
11010 1032.256225585938
11020 1020.392028808594
11030 1009.542419433594
11040 999.7156372070312
11050 991.6397094726562
11060 985.16162109375
11070 979.74169921875
11080 974.815673828125
11090 970.2855834960938
11100 965.605712890625
11110 961.8810424804688
11120 959.7393188476562
11130 960.29541015625
11140 961.8095703125
11150 964.0001831054688
11160 967.2847900390625
11170 971.3070068359375
11180 975.1412353515625
11190 978.1166381835938
11200 979.6309204101562
11210 979.36767578125
11220 977.6038818359375
11230 975.178955078125
11240 972.9362182617188
11250 971.612548828125
11260 971.2965087890625
11270 971.3258666992188
11280 971.5816650390625
11290 972.4796142578125
11300 974.3702392578125
11310 976.9158935546875
11320 979.2084350585938
11330 980.9688110351562
11340 981.0994262695312
11350 979.2137451171875
11360 975.7662963867188
11370 972.7232666015625
11380 970.4995727539062
11390 968.9348754882812
11400 968.5782470703125
11410 969.6807250976562
11420 972.4013671875
11430 976.4566650390625
11440 981.2366943359375
11450 986.8859252929688
11460 993.1544189453125
11470 999.330810546875
11480 1005.797546386719
11490 1013.078796386719
11500 1020.158752441406
11510 1026.0546875
11520 1029.347412109375
11530 1031.304809570312
11540 1032.7529296875
11550 1033.627075195312
11560 1033.908325195312
11570 1034.07177734375
11580 1034.03173828125
11590 1033.413940429688
11600 1032.023071289062
11610 1030.331298828125
11620 1027.253173828125
11630 1023.010681152344
11640 1019.019165039062
11650 1015.757263183594
11660 1013.828125
11670 1013.041748046875
11680 1012.901733398438
11690 1013.901977539062
11700 1015.903686523438
11710 1017.464416503906
11720 1018.724365234375
11730 1019.950927734375
11740 1020.70703125
11750 1021.112060546875
11760 1020.962219238281
11770 1021.101440429688
11780 1021.517639160156
11790 1022.242370605469
11800 1023.092346191406
11810 1023.876220703125
11820 1024.473999023438
11830 1024.371948242188
11840 1023.115844726562
11850 1020.819030761719
11860 1017.72412109375
11870 1015.244934082031
11880 1012.912231445312
11890 1010.482177734375
11900 1008.134399414062
11910 1005.697326660156
11920 1002.258544921875
11930 997.85791015625
11940 992.7857666015625
11950 987.5482177734375
11960 983.6179809570312
11970 981.3550415039062
11980 979.9356689453125
11990 979.17578125
12000 980.343994140625
12010 982.0916748046875
12020 984.7172241210938
12030 988.5919799804688
12040 993.0987548828125
12050 998.5848999023438
12060 1004.513610839844
12070 1011.009582519531
12080 1017.151062011719
12090 1022.790771484375
12100 1027.428588867188
12110 1030.8369140625
12120 1033.493896484375
12130 1035.968627929688
12140 1038.554931640625
12150 1041.64208984375
12160 1045.021728515625
12170 1048.212524414062
12180 1051.490356445312
12190 1054.740356445312
12200 1058.152954101562
12210 1062.114990234375
12220 1066.228759765625
12230 1070.568603515625
12240 1073.707885742188
12250 1074.480712890625
12260 1073.2470703125
12270 1071.015991210938
12280 1069.142333984375
12290 1067.516723632812
12300 1065.145629882812
12310 1061.031982421875
12320 1054.458129882812
12330 1046.925415039062
12340 1038.5087890625
12350 1029.69677734375
12360 1021.576416015625
12370 1015.203674316406
12380 1009.562316894531
12390 1004.409301757812
12400 1000.420837402344
12410 997.8197021484375
12420 996.3653564453125
12430 995.6875610351562
12440 995.6729125976562
12450 996.2156372070312
12460 998.3875122070312
12470 1002.508361816406
12480 1008.015747070312
12490 1014.903686523438
12500 1022.637084960938
12510 1030.798095703125
12520 1037.65576171875
12530 1043.206787109375
12540 1046.509033203125
12550 1048.039184570312
12560 1048.335327148438
12570 1047.349609375
12580 1044.786865234375
12590 1041.6708984375
12600 1037.370361328125
12610 1029.949096679688
12620 1021.422729492188
12630 1012.736267089844
12640 1004.578796386719
12650 996.1673583984375
12660 989.2896728515625
12670 986.7442626953125
12680 985.4581909179688
12690 985.0493774414062
12700 984.0567016601562
12710 983.235107421875
12720 983.6411743164062
12730 986.4075927734375
12740 989.94287109375
12750 993.7779541015625
12760 998.2537231445312
12770 1002.767822265625
12780 1006.059631347656
12790 1008.323120117188
12800 1009.330688476562
12810 1008.729431152344
12820 1007.364929199219
12830 1005.864074707031
12840 1004.809753417969
12850 1004.5400390625
12860 1004.77880859375
12870 1005.351318359375
12880 1005.938903808594
12890 1007.148193359375
12900 1009.358581542969
12910 1012.023864746094
12920 1014.162353515625
12930 1015.524658203125
12940 1015.182556152344
12950 1012.808288574219
12960 1009.323425292969
12970 1006.000549316406
12980 1003.686157226562
12990 1002.401000976562
13000 1002.500427246094
13010 1004.081726074219
13020 1008.001098632812
13030 1013.298217773438
13040 1018.901611328125
13050 1025.215942382812
13060 1031.815795898438
13070 1038.1337890625
13080 1044.779052734375
13090 1051.87060546875
13100 1058.287231445312
13110 1062.559448242188
13120 1064.463745117188
13130 1065.174560546875
13140 1064.897094726562
13150 1063.943115234375
13160 1062.790893554688
13170 1062.307006835938
13180 1062.644287109375
13190 1062.845825195312
13200 1061.7158203125
13210 1058.70751953125
13220 1055.4814453125
13230 1052.777221679688
13240 1049.980590820312
13250 1047.087646484375
13260 1045.239624023438
13270 1044.654541015625
13280 1045.383544921875
13290 1047.16357421875
13300 1049.2197265625
13310 1049.876708984375
13320 1049.669189453125
13330 1049.19677734375
13340 1048.72412109375
13350 1048.146728515625
13360 1048.242065429688
13370 1049.116455078125
13380 1050.435302734375
13390 1052.400268554688
13400 1054.500732421875
13410 1056.466552734375
13420 1058.164184570312
13430 1058.798583984375
13440 1057.546875
13450 1054.66064453125
13460 1051.8798828125
13470 1050.277587890625
13480 1048.3623046875
13490 1046.179931640625
13500 1044.0185546875
13510 1041.717041015625
13520 1038.369873046875
13530 1034.150146484375
13540 1029.376220703125
13550 1025.3984375
13560 1023.031066894531
13570 1021.846374511719
13580 1021.698852539062
13590 1022.1669921875
13600 1023.673889160156
13610 1027.448120117188
13620 1032.14208984375
13630 1037.480224609375
13640 1043.530151367188
13650 1050.204833984375
13660 1057.136352539062
13670 1064.274169921875
13680 1071.05517578125
13690 1077.178344726562
13700 1081.958251953125
13710 1085.517822265625
13720 1088.216430664062
13730 1090.578002929688
13740 1093.497314453125
13750 1097.10205078125
13760 1101.171142578125
13770 1104.81201171875
13780 1108.105102539062
13790 1111.416748046875
13800 1115.276733398438
13810 1120.85791015625
13820 1126.43115234375
13830 1131.427368164062
13840 1135.041625976562
13850 1136.613037109375
13860 1135.856201171875
13870 1134.035400390625
13880 1132.405151367188
13890 1131.323608398438
13900 1128.601196289062
13910 1124.576538085938
13920 1119.289794921875
13930 1112.83544921875
13940 1105.380859375
13950 1097.892456054688
13960 1090.570068359375
13970 1085.212158203125
13980 1081.93994140625
13990 1080.031982421875
14000 1078.30810546875
14010 1078.19677734375
14020 1078.1240234375
14030 1078.028930664062
14040 1078.292358398438
14050 1080.293334960938
14060 1084.1708984375
14070 1089.029663085938
14080 1095.682739257812
14090 1102.673583984375
14100 1110.202392578125
14110 1118.100219726562
14120 1125.45556640625
14130 1130.443359375
14140 1131.242309570312
14150 1129.523071289062
14160 1126.388549804688
14170 1121.232299804688
14180 1114.32421875
14190 1108.168212890625
14200 1102.767211914062
14210 1096.757690429688
14220 1090.469482421875
14230 1082.432250976562
14240 1074.4150390625
14250 1067.457763671875
14260 1061.336303710938
14270 1056.015747070312
14280 1052.171875
14290 1049.2578125
14300 1047.049072265625
14310 1046.949584960938
14320 1048.734497070312
14330 1052.712768554688
14340 1055.878784179688
14350 1059.402099609375
14360 1063.566162109375
14370 1066.067504882812
14380 1065.417236328125
14390 1062.74853515625
14400 1058.442260742188
14410 1053.481689453125
14420 1048.937133789062
14430 1045.693481445312
14440 1043.564697265625
14450 1042.81005859375
14460 1043.693481445312
14470 1045.971435546875
14480 1049.448486328125
14490 1054.055786132812
14500 1059.563842773438
14510 1064.827392578125
14520 1069.087158203125
14530 1071.75048828125
14540 1071.48291015625
14550 1068.081420898438
14560 1062.598876953125
14570 1057.28515625
14580 1054.2119140625
14590 1053.493774414062
14600 1054.496215820312
14610 1056.482543945312
14620 1059.159790039062
14630 1064.481323242188
14640 1070.238891601562
14650 1076.09326171875
14660 1082.302490234375
14670 1088.43359375
14680 1094.500122070312
14690 1099.9921875
14700 1104.2294921875
14710 1106.365234375
14720 1106.822631835938
14730 1106.599853515625
14740 1105.953002929688
14750 1104.668334960938
14760 1103.181762695312
14770 1101.958374023438
14780 1101.253051757812
14790 1100.392456054688
14800 1098.349731445312
14810 1094.71826171875
14820 1090.88720703125
14830 1087.38427734375
14840 1084.402954101562
14850 1082.116943359375
14860 1081.069091796875
14870 1081.138916015625
14880 1081.975952148438
14890 1083.107177734375
14900 1084.074829101562
14910 1084.487670898438
14920 1084.348388671875
14930 1084.086669921875
14940 1083.890625
14950 1083.539306640625
14960 1083.131225585938
14970 1083.23583984375
14980 1083.948974609375
14990 1085.06494140625
15000 1086.607666015625
15010 1088.23681640625
15020 1089.498901367188
15030 1089.845336914062
15040 1088.449340820312
15050 1085.360595703125
15060 1082.251831054688
15070 1079.805053710938
15080 1077.009765625
15090 1074.092651367188
15100 1071.546508789062
15110 1068.872314453125
15120 1065.689331054688
15130 1062.177368164062
15140 1058.378540039062
15150 1054.450805664062
15160 1052.071411132812
15170 1051.31640625
15180 1051.18994140625
15190 1052.787719726562
15200 1055.220947265625
15210 1058.483032226562
15220 1062.461669921875
15230 1067.406127929688
15240 1072.972778320312
15250 1079.297729492188
15260 1086.3837890625
15270 1093.772216796875
15280 1101.359985351562
15290 1107.293823242188
15300 1111.306762695312
15310 1113.866333007812
15320 1115.4013671875
15330 1117.06494140625
15340 1118.89404296875
15350 1122.130249023438
15360 1126.313598632812
15370 1130.904907226562
15380 1135.837646484375
15390 1140.509643554688
15400 1145.5732421875
15410 1151.937622070312
15420 1158.170532226562
15430 1163.28173828125
15440 1166.55126953125
15450 1167.784423828125
15460 1166.304809570312
15470 1163.402221679688
15480 1160.505981445312
15490 1158.117919921875
15500 1154.10888671875
15510 1148.404418945312
15520 1141.6923828125
15530 1134.218383789062
15540 1126.33203125
15550 1118.595581054688
15560 1111.440307617188
15570 1105.928588867188
15580 1102.181518554688
15590 1099.984375
15600 1098.857299804688
0 1056.762084960938
10 1007.704223632812
20 1011.71337890625
30 1014.775451660156
40 1018.436218261719
50 1021.766479492188
60 1024.857177734375
70 1027.73779296875
80 1030.213989257812
90 1032.3330078125
100 1034.467895507812
110 1036.598510742188
120 1038.07373046875
130 1038.372192382812
140 1037.125
150 1034.328979492188
160 1030.22607421875
170 1025.3720703125
180 1019.911010742188
190 1013.932739257812
200 1007.848693847656
210 1002.73046875
220 998.2162475585938
230 994.8451538085938
240 993.0647583007812
250 993.11474609375
260 994.802734375
270 997.6107177734375
280 1001.235229492188
290 1005.24951171875
300 1008.972717285156
310 1012.349365234375
320 1015.437561035156
330 1017.897338867188
340 1019.760131835938
350 1021.288879394531
360 1022.656982421875
370 1024.107421875
380 1025.87939453125
390 1027.38818359375
400 1028.799072265625
410 1030.241088867188
420 1031.498168945312
430 1032.398803710938
440 1033.2451171875
450 1033.887329101562
460 1034.274536132812
470 1034.198120117188
480 1033.930541992188
490 1033.29638671875
500 1032.220703125
510 1031.607788085938
520 1031.47509765625
530 1031.539428710938
540 1031.596923828125
550 1031.399169921875
560 1031.332397460938
570 1031.393676757812
580 1031.650390625
590 1032.410888671875
600 1033.640991210938
610 1035.287231445312
620 1036.997192382812
630 1038.653442382812
640 1039.805786132812
650 1040.534301757812
660 1041.115844726562
670 1041.671997070312
680 1041.91650390625
690 1041.906372070312
700 1041.430908203125
710 1039.8828125
720 1036.940673828125
730 1033.119384765625
740 1028.790649414062
750 1024.820678710938
760 1021.418884277344
770 1018.638244628906
780 1016.504455566406
790 1015.738342285156
800 1016.427551269531
810 1018.062866210938
820 1020.741760253906
830 1024.07666015625
840 1027.260864257812
850 1030.119506835938
860 1032.573486328125
870 1034.516845703125
880 1035.928833007812
890 1036.802612304688
900 1037.676513671875
910 1038.1953125
920 1038.396362304688
930 1038.53173828125
940 1038.091918945312
950 1037.371215820312
960 1037.29052734375
970 1037.634765625
980 1038.44091796875
990 1039.842529296875
1000 1041.581665039062
1010 1043.806030273438
1020 1046.306030273438
1030 1048.600830078125
1040 1050.282104492188
1050 1050.917846679688
1060 1050.582763671875
1070 1049.474365234375
1080 1047.465698242188
1090 1045.09130859375
1100 1042.894287109375
1110 1041.189697265625
1120 1039.680908203125
1130 1038.253051757812
1140 1037.085693359375
1150 1036.556518554688
1160 1036.2255859375
1170 1036.322875976562
1180 1037.219360351562
1190 1039.277099609375
1200 1042.7333984375
1210 1046.652709960938
1220 1050.71728515625
1230 1053.640502929688
1240 1055.4609375
1250 1056.453857421875
1260 1056.881713867188
1270 1056.440795898438
1280 1055.698608398438
1290 1054.77587890625
1300 1054.262939453125
1310 1054.13671875
1320 1054.424194335938
1330 1054.895751953125
1340 1055.001953125
1350 1054.179321289062
1360 1052.135498046875
1370 1048.909912109375
1380 1044.734741210938
1390 1039.635131835938
1400 1034.27685546875
1410 1028.221923828125
1420 1021.666137695312
1430 1014.977355957031
1440 1009.344421386719
1450 1005.466918945312
1460 1003.570068359375
1470 1003.149353027344
1480 1003.3818359375
1490 1003.743835449219
1500 1003.624938964844
1510 1003.288269042969
1520 1003.48046875
1530 1004.795532226562
1540 1005.829162597656
1550 1007.874572753906
1560 1010.787353515625
1570 1014.258178710938
1580 1017.152038574219
1590 1019.961181640625
1600 1022.186706542969
1610 1023.401306152344
1620 1023.487976074219
1630 1022.706726074219
1640 1021.830383300781
1650 1021.722351074219
1660 1021.476135253906
1670 1020.815063476562
1680 1020.348327636719
1690 1020.524780273438
1700 1021.336791992188
1710 1022.515747070312
1720 1023.466491699219
1730 1023.518615722656
1740 1022.629455566406
1750 1021.113891601562
1760 1018.6484375
1770 1015.314331054688
1780 1011.272033691406
1790 1006.759887695312
1800 1002.130676269531
1810 998.5174560546875
1820 995.7532958984375
1830 994.1978149414062
1840 993.7290649414062
1850 994.1287231445312
1860 995.560791015625
1870 997.5626831054688
1880 999.7359619140625
1890 1001.974487304688
1900 1004.162841796875
1910 1007.059265136719
1920 1010.139221191406
1930 1012.654479980469
1940 1014.495178222656
1950 1016.105041503906
1960 1017.731689453125
1970 1019.445739746094
1980 1021.1357421875
1990 1022.620239257812
2000 1024.186889648438
2010 1026.626831054688
2020 1029.1455078125
2030 1031.197265625
2040 1032.8759765625
2050 1034.360961914062
2060 1035.564819335938
2070 1036.40673828125
2080 1036.74658203125
2090 1036.366333007812
2100 1035.189331054688
2110 1034.083862304688
2120 1033.145751953125
2130 1032.224365234375
2140 1031.637084960938
2150 1031.072143554688
2160 1030.70458984375
2170 1030.7421875
2180 1031.257934570312
2190 1032.006713867188
2200 1033.321166992188
2210 1034.7119140625
2220 1036.187133789062
2230 1037.177490234375
2240 1037.316772460938
2250 1036.8505859375
2260 1036.2353515625
2270 1035.352416992188
2280 1033.847290039062
2290 1032.247924804688
2300 1030.177124023438
2310 1027.329833984375
2320 1023.707214355469
2330 1019.641540527344
2340 1015.293701171875
2350 1011.689636230469
2360 1009.437927246094
2370 1008.316528320312
2380 1008.121215820312
2390 1008.886596679688
2400 1010.473510742188
2410 1013.132751464844
2420 1016.723693847656
2430 1020.748657226562
2440 1024.470336914062
2450 1027.532592773438
2460 1030.095703125
2470 1032.08935546875
2480 1033.495727539062
2490 1034.330688476562
2500 1034.5810546875
2510 1034.258056640625
2520 1034.394775390625
2530 1034.906127929688
2540 1035.186157226562
2550 1035.3291015625
2560 1035.809448242188
2570 1036.87841796875
2580 1038.369384765625
2590 1040.310913085938
2600 1042.488891601562
2610 1044.964965820312
2620 1047.498657226562
2630 1049.803344726562
2640 1051.273193359375
2650 1051.758056640625
2660 1051.652465820312
2670 1050.958374023438
2680 1049.5859375
2690 1047.976440429688
2700 1046.666015625
2710 1045.616821289062
2720 1044.64404296875
2730 1043.869018554688
2740 1043.205810546875
2750 1043.098876953125
2760 1043.0078125
2770 1043.15087890625
2780 1043.939453125
2790 1045.356323242188
2800 1047.539672851562
2810 1049.87744140625
2820 1052.29296875
2830 1053.807006835938
2840 1054.527587890625
2850 1054.821411132812
2860 1054.283081054688
2870 1053.134887695312
2880 1051.964599609375
2890 1050.910034179688
2900 1050.629272460938
2910 1050.914794921875
2920 1051.744995117188
2930 1052.71875
2940 1053.288940429688
2950 1053.023681640625
2960 1051.662353515625
2970 1048.87841796875
2980 1044.946411132812
2990 1039.978149414062
3000 1034.020874023438
3010 1027.696533203125
3020 1020.896667480469
3030 1013.955444335938
3040 1007.987915039062
3050 1003.828796386719
3060 1001.764465332031
3070 1001.208374023438
3080 1001.497131347656
3090 1002.142517089844
3100 1002.494262695312
3110 1002.786193847656
3120 1003.613525390625
3130 1004.940307617188
3140 1005.81396484375
3150 1007.389221191406
3160 1009.846252441406
3170 1012.901000976562
3180 1015.34619140625
3190 1017.840637207031
3200 1019.789794921875
3210 1020.744750976562
3220 1020.7412109375
3230 1020.217407226562
3240 1020.407043457031
3250 1020.57275390625
3260 1020.113159179688
3270 1019.108825683594
3280 1018.303344726562
3290 1018.06396484375
3300 1018.449279785156
3310 1019.191040039062
3320 1019.617004394531
3330 1019.3583984375
3340 1018.298522949219
3350 1016.410766601562
3360 1013.839904785156
3370 1010.638366699219
3380 1006.804931640625
3390 1002.864196777344
3400 999.2171020507812
3410 996.0560302734375
3420 993.3702392578125
3430 992.024658203125
3440 991.968505859375
3450 993.1052856445312
3460 995.239013671875
3470 997.75244140625
3480 1000.244567871094
3490 1002.750915527344
3500 1005.06201171875
3510 1007.220336914062
3520 1009.793029785156
3530 1012.063659667969
3540 1013.634765625
3550 1014.831970214844
3560 1016.029479980469
3570 1017.3369140625
3580 1018.779296875
3590 1020.023071289062
3600 1021.711059570312
3610 1023.814392089844
3620 1026.125854492188
3630 1028.1396484375
3640 1030.131713867188
3650 1032.108764648438
3660 1033.831420898438
3670 1035.119384765625
3680 1035.6943359375
3690 1035.22705078125
3700 1033.842041015625
3710 1032.470458984375
3720 1031.051513671875
3730 1029.541381835938
3740 1028.386108398438
3750 1027.149536132812
3760 1026.06884765625
3770 1025.4208984375
3780 1025.186401367188
3790 1025.387084960938
3800 1026.528564453125
3810 1028.1044921875
3820 1029.91552734375
3830 1031.353881835938
3840 1031.95751953125
3850 1031.947509765625
3860 1031.782592773438
3870 1031.295166015625
3880 1030.349609375
3890 1029.27783203125
3900 1027.595703125
3910 1024.938598632812
3920 1021.33447265625
3930 1017.125732421875
3940 1012.512451171875
3950 1008.672485351562
3960 1005.944702148438
3970 1004.090881347656
3980 1003.294616699219
3990 1003.597229003906
4000 1004.943542480469
4010 1007.398315429688
4020 1010.810852050781
4030 1014.808715820312
4040 1018.501342773438
4050 1021.710021972656
4060 1024.521484375
4070 1026.881469726562
4080 1028.655395507812
4090 1029.7412109375
4100 1030.211181640625
4110 1030.4287109375
4120 1030.5986328125
4130 1030.796997070312
4140 1030.568481445312
4150 1030.025024414062
4160 1030.066284179688
4170 1030.5
4180 1031.320190429688
4190 1032.725952148438
4200 1034.564819335938
4210 1036.800903320312
4220 1039.292236328125
4230 1041.659057617188
4240 1043.458129882812
4250 1044.302612304688
4260 1044.355590820312
4270 1043.810302734375
4280 1042.36572265625
4290 1040.627807617188
4300 1038.991577148438
4310 1037.543212890625
4320 1036.029541015625
4330 1034.5888671875
4340 1033.295166015625
4350 1032.732299804688
4360 1032.472290039062
4370 1032.821166992188
4380 1033.952026367188
4390 1035.6669921875
4400 1037.448852539062
4410 1039.670654296875
4420 1042.07080078125
4430 1043.709716796875
4440 1044.190307617188
4450 1043.583618164062
4460 1042.466552734375
4470 1041.208251953125
4480 1040.173217773438
4490 1039.4072265625
4500 1039.363403320312
4510 1039.766235351562
4520 1040.489135742188
4530 1041.189331054688
4540 1041.385498046875
4550 1040.54833984375
4560 1038.643310546875
4570 1035.413452148438
4580 1031.029541015625
4590 1025.887451171875
4600 1020.419128417969
4610 1014.417785644531
4620 1008.239807128906
4630 1002.270751953125
4640 997.4161376953125
4650 994.263427734375
4660 993.0938720703125
4670 993.2905883789062
4680 994.2562866210938
4690 995.0463256835938
4700 995.2744140625
4710 995.1395263671875
4720 995.7075805664062
4730 996.798095703125
4740 997.4099731445312
4750 998.8780517578125
4760 1001.263732910156
4770 1004.220886230469
4780 1006.815307617188
4790 1009.584167480469
4800 1012.013366699219
4810 1013.765258789062
4820 1014.484313964844
4830 1014.200439453125
4840 1013.975036621094
4850 1014.437255859375
4860 1014.223754882812
4870 1013.472717285156
4880 1012.678344726562
4890 1012.218017578125
4900 1012.264526367188
4910 1012.464904785156
4920 1012.386596679688
4930 1011.499267578125
4940 1009.689575195312
4950 1007.135559082031
4960 1003.9287109375
4970 1000.543212890625
4980 996.7607421875
4990 992.936767578125
5000 989.5111694335938
5010 986.578125
5020 984.3203735351562
5030 983.6033935546875
5040 984.2393188476562
5050 986.1884765625
5060 989.010498046875
5070 992.0736694335938
5080 994.9146728515625
5090 997.4595947265625
5100 999.5457763671875
5110 1001.479553222656
5120 1003.685668945312
5130 1005.586608886719
5140 1006.87548828125
5150 1007.787963867188
5160 1008.506469726562
5170 1009.359069824219
5180 1010.40478515625
5190 1011.855285644531
5200 1013.155395507812
5210 1014.65380859375
5220 1016.345397949219
5230 1018.021667480469
5240 1019.950500488281
5250 1022.108947753906
5260 1024.45068359375
5270 1026.340454101562
5280 1027.527587890625
5290 1027.523803710938
5300 1026.493530273438
5310 1025.529541015625
5320 1024.4716796875
5330 1023.25390625
5340 1022.23681640625
5350 1021.177856445312
5360 1020.175720214844
5370 1019.367065429688
5380 1018.748962402344
5390 1018.338623046875
5400 1018.39306640625
5410 1018.637268066406
5420 1019.24951171875
5430 1019.794921875
5440 1019.896606445312
5450 1019.717529296875
5460 1019.681823730469
5470 1019.583312988281
5480 1019.260314941406
5490 1018.754577636719
5500 1017.642211914062
5510 1015.654357910156
5520 1012.774658203125
5530 1009.19482421875
5540 1005.097412109375
5550 1001.498168945312
5560 998.5440673828125
5570 996.3001708984375
5580 994.7796630859375
5590 994.343994140625
5600 995.1865234375
5610 996.9832763671875
5620 999.931396484375
5630 1003.595153808594
5640 1007.066528320312
5650 1010.262451171875
5660 1013.244079589844
5670 1015.730224609375
5680 1017.542419433594
5690 1018.872253417969
5700 1019.748107910156
5710 1019.851196289062
5720 1019.563232421875
5730 1019.152587890625
5740 1018.129028320312
5750 1016.96728515625
5760 1016.505798339844
5770 1016.571044921875
5780 1017.171020507812
5790 1018.544494628906
5800 1020.376892089844
5810 1022.695739746094
5820 1025.173950195312
5830 1027.56640625
5840 1029.61376953125
5850 1030.867919921875
5860 1031.332275390625
5870 1031.128173828125
5880 1029.84033203125
5890 1028.03857421875
5900 1026.1669921875
5910 1024.171142578125
5920 1021.960571289062
5930 1019.816162109375
5940 1017.9609375
5950 1017.011901855469
5960 1016.563232421875
5970 1016.603149414062
5980 1017.215942382812
5990 1018.263977050781
6000 1019.467651367188
6010 1021.049377441406
6020 1022.868286132812
6030 1024.169311523438
6040 1024.454467773438
6050 1023.903991699219
6060 1022.927612304688
6070 1021.794006347656
6080 1021.013854980469
6090 1020.667663574219
6100 1020.506713867188
6110 1020.176452636719
6120 1019.638244628906
6130 1019.070739746094
6140 1019.094482421875
6150 1018.78515625
6160 1018.147705078125
6170 1016.6884765625
6180 1013.78857421875
6190 1010.418395996094
6200 1006.795104980469
6210 1003.328430175781
6220 1000.048095703125
6230 996.896728515625
6240 994.251220703125
6250 992.080078125
6260 990.3567504882812
6270 989.252685546875
6280 988.249755859375
6290 986.70166015625
6300 984.4866333007812
6310 982.414306640625
6320 981.0430908203125
6330 980.6449584960938
6340 980.5511474609375
6350 981.2105712890625
6360 982.5372924804688
6370 984.4617309570312
6380 987.1400146484375
6390 990.415283203125
6400 993.5765380859375
6410 996.380859375
6420 998.580810546875
6430 999.9612426757812
6440 1000.596313476562
6450 1000.455383300781
6460 999.5897216796875
6470 998.1804809570312
6480 996.6201171875
6490 994.986083984375
6500 993.52587890625
6510 992.1008911132812
6520 990.3684692382812
6530 988.2439575195312
6540 985.5341186523438
6550 982.2863159179688
6560 978.7305908203125
6570 975.21630859375
6580 972.2427368164062
6590 969.5587158203125
6600 967.5838623046875
6610 966.5908203125
6620 966.5048217773438
6630 967.5872802734375
6640 969.5244140625
6650 972.7027587890625
6660 976.8856201171875
6670 981.3298950195312
6680 985.3717651367188
6690 988.6838989257812
6700 991.06591796875
6710 992.8208618164062
6720 994.5145263671875
6730 996.2018432617188
6740 997.2659912109375
6750 998.2538452148438
6760 999.55322265625
6770 1001.505249023438
6780 1003.693908691406
6790 1005.536315917969
6800 1007.261962890625
6810 1008.85205078125
6820 1011.045166015625
6830 1012.121643066406
6840 1012.104125976562
6850 1011.408935546875
6860 1010.350341796875
6870 1009.156066894531
6880 1007.749877929688
6890 1006.611694335938
6900 1006.306091308594
6910 1006.075500488281
6920 1006.257263183594
6930 1007.143615722656
6940 1009.068115234375
6950 1011.9462890625
6960 1015.897399902344
6970 1019.829895019531
6980 1023.300659179688
6990 1025.846557617188
7000 1027.721923828125
7010 1028.212280273438
7020 1027.930908203125
7030 1027.117309570312
7040 1025.636352539062
7050 1023.634826660156
7060 1021.337341308594
7070 1018.507507324219
7080 1015.110534667969
7090 1011.474304199219
7100 1007.707580566406
7110 1003.559326171875
7120 999.2168579101562
7130 995.375244140625
7140 991.6107177734375
7150 988.48291015625
7160 986.2245483398438
7170 984.4447021484375
7180 983.1123046875
7190 982.25244140625
7200 981.8296508789062
7210 982.6015625
7220 984.7424926757812
7230 987.733642578125
7240 990.8029174804688
7250 993.7723388671875
7260 996.5786743164062
7270 998.9830932617188
7280 1000.618774414062
7290 1001.705322265625
7300 1003.341979980469
7310 1005.912170410156
7320 1008.959838867188
7330 1012.5869140625
7340 1016.949584960938
7350 1022.467407226562
7360 1028.60546875
7370 1034.384155273438
7380 1039.499755859375
7390 1043.543823242188
7400 1046.238159179688
7410 1047.718383789062
7420 1048.60107421875
7430 1049.05078125
7440 1047.584106445312
7450 1044.98828125
7460 1041.216674804688
7470 1036.028930664062
7480 1030.187622070312
7490 1024.859130859375
7500 1020.62841796875
7510 1016.905517578125
7520 1013.317810058594
7530 1010.511596679688
7540 1008.039855957031
7550 1007.85888671875
7560 1008.447448730469
7570 1009.368225097656
7580 1011.794677734375
7590 1014.382263183594
7600 1016.174255371094
7610 1017.591186523438
7620 1019.492736816406
7630 1021.050048828125
7640 1022.892700195312
7650 1025.574951171875
7660 1028.935913085938
7670 1032.3125
7680 1036.049682617188
7690 1040.147338867188
7700 1044.349487304688
7710 1048.735473632812
7720 1053.23583984375
7730 1056.771850585938
7740 1058.90380859375
7750 1059.72119140625
7760 1059.141845703125
7770 1058.33740234375
7780 1056.422119140625
7790 1053.553588867188
7800 1048.146850585938
7810 1040.779663085938
7820 1032.452880859375
7830 1023.627868652344
7840 1015.776000976562
7850 1009.09765625
7860 1003.329956054688
7870 998.1622924804688
7880 993.3143310546875
7890 988.39599609375
7900 983.1025390625
7910 977.3862915039062
7920 972.271484375
7930 968.6553344726562
7940 965.16943359375
7950 962.5508422851562
7960 961.5025024414062
7970 962.24951171875
7980 964.1305541992188
7990 967.6980590820312
8000 972.588134765625
8010 977.6273193359375
8020 982.2557373046875
8030 986.0533447265625
8040 988.50048828125
8050 989.5377197265625
8060 989.1928100585938
8070 987.574951171875
8080 985.457275390625
8090 983.5951538085938
8100 982.4273681640625
8110 981.534912109375
8120 980.71240234375
8130 979.8798828125
8140 978.9094848632812
8150 977.370361328125
8160 975.5353393554688
8170 974.5283813476562
8180 973.5760498046875
8190 972.2924194335938
8200 971.9017333984375
8210 972.4634399414062
8220 973.4803466796875
8230 976.7457275390625
8240 981.7501831054688
8250 987.6176147460938
8260 993.8453369140625
8270 1000.367370605469
8280 1005.932922363281
8290 1009.850769042969
8300 1012.403015136719
8310 1013.946960449219
8320 1014.305908203125
8330 1014.257385253906
8340 1013.709228515625
8350 1012.603210449219
8360 1011.791381835938
8370 1011.877014160156
8380 1012.818786621094
8390 1014.148742675781
8400 1016.173767089844
8510 1008.590881347656
8520 1006.157104492188
8530 1004.165222167969
8550 1004.067443847656
8560 1006.256652832031
