"Time Step" "point-pressure-b"
20210 2626.484619140625
20220 3052.18310546875
20230 2730.820068359375
20240 1483.07763671875
20250 22.30854034423828
20260 -126.0139999389648
20270 400.4751892089844
20280 477.2674865722656
20290 -50.08616638183594
20300 -256.4217834472656
20310 -6.25294303894043
20320 -163.6417846679688
20330 -166.7463531494141
20340 -505.360595703125
20350 -804.0941772460938
20360 -1025.515991210938
20370 -1657.498168945312
20380 -2709.6357421875
20390 -3704.191162109375
20400 -2803.668701171875
20410 -3415.980224609375
20420 -3516.437255859375
20430 -3722.175048828125
20440 -2867.6357421875
20450 -2292.052978515625
20460 -1188.86279296875
20470 -248.5097198486328
20480 1326.587524414062
20490 2601.485595703125
20500 2400.356689453125
20510 3349.719482421875
20520 3874.366455078125
20530 4147.23974609375
20540 4011.52294921875
20550 4479.951171875
20560 4207.22705078125
20570 2695.8916015625
20580 2503.518798828125
20590 1588.500610351562
20600 1460.522583007812
20610 2084.76220703125
20620 2389.418212890625
20630 2609.735107421875
20640 2327.5390625
20650 1625.4365234375
20660 1410.74072265625
20670 1439.018920898438
20680 1388.059814453125
20690 1752.750366210938
20700 2302.1787109375
20710 2036.824951171875
20720 1547.191772460938
20730 1397.302978515625
20740 1387.507568359375
20750 861.2759399414062
20760 276.6740417480469
20770 -11.32092094421387
20780 -758.0838623046875
20790 -2011.763427734375
20800 -2594.467529296875
20810 -148.7984313964844
20820 -335.3320007324219
20830 -627.8700561523438
20840 -2206.555908203125
20850 -2556.085205078125
20860 -3741.706298828125
20870 -325.5131225585938
20880 869.2769165039062
20890 1879.600341796875
20900 3277.72705078125
20910 3009.78125
20920 3138.708740234375
20930 4039.034912109375
20940 3812.708251953125
20950 2163.388671875
20960 920.8232421875
20970 245.6777801513672
20980 384.7511901855469
20990 958.41357421875
21000 1071.112182617188
21010 1141.21484375
21020 1093.534423828125
21030 1228.430908203125
21040 1627.890502929688
21050 1871.102416992188
21060 1657.309448242188
21070 1270.89111328125
21080 1015.775207519531
21090 1260.978637695312
21100 1263.742431640625
21110 912.6663208007812
21120 269.4419250488281
21130 -140.07470703125
21140 -134.6576080322266
21150 -49.63978958129883
21160 -211.9323425292969
21170 -701.3855590820312
21180 -639.4864501953125
21190 -1913.0234375
21200 -1680.866821289062
21210 -2428.644775390625
21220 -1521.842041015625
21230 -378.8753967285156
21240 675.0546264648438
21250 -182.5174713134766
21260 -346.1008605957031
21270 302.2545166015625
21280 1759.5146484375
21290 2577.171142578125
21300 3173.34375
21310 3734.310302734375
21320 3498.156005859375
21330 5162.5341796875
21340 6112.83203125
21350 6103.6025390625
21360 5442.9892578125
21370 3738.899658203125
21380 2494.49267578125
21390 2516.850341796875
21400 3170.611328125
21410 2747.764892578125
21420 2292.41748046875
21430 2076.11279296875
21440 2227.65087890625
21450 2113.269775390625
21460 1517.25341796875
21470 587.7031860351562
21480 -114.2636108398438
21490 277.738525390625
21500 712.9447021484375
21510 976.2312622070312
21520 1099.914306640625
21530 1030.943115234375
21540 709.364990234375
21550 547.4207763671875
21560 447.0181579589844
21570 -199.8984985351562
21580 -1232.869384765625
21590 -2974.9658203125
21600 -3177.687255859375
21610 -3691.520263671875
21620 -3429.03515625
21630 -2775.4765625
21640 -2063.463623046875
21650 -1398.462036132812
21660 -900.3373413085938
21670 -484.7146606445312
21680 403.1682434082031
21690 1795.249267578125
21700 2267.81005859375
21710 3008.601806640625
21720 4108.951171875
21730 4514.2373046875
21740 3780.8916015625
21750 4385.77294921875
21760 3696.906494140625
21770 2360.122314453125
21780 1123.924682617188
21790 750.358642578125
21800 447.5325622558594
21810 155.8404693603516
21820 -458.0736083984375
21830 -301.2180786132812
21840 99.64163208007812
21850 313.8383178710938
21860 1084.854248046875
21870 224.1601409912109
21880 64.99301147460938
21890 -627.6515502929688
21900 -1384.450317382812
21910 -1457.265380859375
21920 -1085.5205078125
21930 -200.1689605712891
21940 -107.0242309570312
21950 -196.0606994628906
21960 -350.6788330078125
21970 -771.761962890625
21980 -1586.9921875
21990 -2788.76220703125
22000 -4230.23095703125
22010 -3724.1171875
22020 -652.5536499023438
22030 502.7011413574219
22040 396.7933044433594
22050 1238.322265625
22060 1747.2978515625
22070 1921.84521484375
22080 2663.864990234375
22090 3621.5068359375
22100 4570.55419921875
22110 4541.77490234375
22120 4248.2265625
22130 4388.2919921875
22140 3771.1962890625
22150 2373.151123046875
22160 854.6888427734375
22170 -477.1631469726562
22180 -658.8985595703125
22190 -360.2989807128906
22200 -762.793212890625
22210 -1292.482177734375
22220 -1057.176391601562
22230 -688.1771850585938
22240 -865.7637939453125
22250 -452.01220703125
22260 38.02292251586914
22270 -164.4967041015625
22280 -107.0400390625
22290 74.73883056640625
22300 107.1171340942383
22310 82.80031585693359
22320 543.3532104492188
22330 1113.12060546875
22340 588.4561157226562
22350 448.5643615722656
22360 524.95166015625
22370 372.691650390625
22380 -607.3121948242188
22390 -2658.560546875
22400 -3477.135498046875
22410 -2702.860107421875
22420 -3220.60986328125
22430 -3818.164794921875
22440 -2708.1611328125
22450 -1873.558471679688
22460 -1076.189575195312
22470 299.680419921875
22480 655.6624755859375
22490 1666.494873046875
22500 3140.155517578125
22510 4006.56787109375
22520 4437.32666015625
22530 4862.64892578125
22540 5649.37353515625
22550 6188.869140625
22560 6415.025390625
22570 4156.89453125
22580 1889.576904296875
22590 1622.698974609375
22600 1360.159790039062
22610 1341.162231445312
22620 1687.51123046875
22630 1174.135986328125
22640 912.1441650390625
22650 742.7836303710938
22660 1035.0732421875
22670 385.4163818359375
22680 494.675537109375
22690 1220.464477539062
22700 1247.417114257812
22710 1031.725952148438
22720 742.4077758789062
22730 1151.252807617188
22740 844.7706298828125
22750 635.9557495117188
22760 1253.380615234375
22770 1233.603271484375
22780 460.9756774902344
22790 -785.1942749023438
22800 -1440.440795898438
22810 -1476.784423828125
22820 484.7755126953125
22830 271.4679565429688
22840 -149.7492218017578
22850 456.663818359375
22860 726.5478515625
22870 1291.431884765625
22880 1794.07861328125
22890 2691.635498046875
22900 3599.25830078125
22910 4530.3017578125
22920 5310.74365234375
22930 5656.49560546875
22940 4260.48681640625
22950 2506.27685546875
22960 1347.007934570312
22970 1143.366821289062
22980 1677.350830078125
22990 1518.047973632812
23000 1561.17626953125
23010 1626.391723632812
23020 1471.876708984375
23030 1192.094360351562
23040 910.7685546875
23050 856.9100341796875
23060 778.150390625
23070 708.173583984375
23080 216.3743743896484
23090 -339.6681518554688
23100 -774.6280517578125
23110 -1467.016479492188
23120 -2259.7705078125
23130 -3039.557373046875
23140 -3402.2041015625
23150 -2910.771484375
23160 -2423.387939453125
23170 -2563.07421875
23180 -3029.56298828125
23190 -4275.265625
23200 -3486.944091796875
23210 -3376.827880859375
23220 -1944.073120117188
23230 -1883.689086914062
23240 -1867.532958984375
23250 -1635.182739257812
23260 -1145.272827148438
23270 -170.9764709472656
23280 199.7998657226562
23290 778.6436767578125
23300 1116.386474609375
23310 1605.722290039062
23320 3316.326904296875
23330 4344.232421875
23340 4653.9404296875
23350 4428.9443359375
23360 3523.031494140625
23370 3331.119873046875
23380 1738.513793945312
23390 726.1679077148438
23400 473.2210693359375
23410 505.2018737792969
23420 443.4226684570312
23430 -163.9057769775391
23440 -107.53369140625
23450 146.7297515869141
23460 -123.5867538452148
23470 -408.2283630371094
23480 -977.1198120117188
23490 -1266.794677734375
23500 -1359.530517578125
23510 -1140.760009765625
23520 -589.1580200195312
23530 -481.791259765625
23540 17.5437126159668
23550 203.3988647460938
23560 28.6760139465332
23570 -633.0498046875
23580 -1546.533569335938
23590 -2984.36572265625
23600 -4164.33056640625
23610 -2362.77392578125
23620 -472.1309814453125
23630 -1372.414428710938
23640 -209.5042572021484
23650 191.8398132324219
23660 373.0091247558594
23670 183.2686767578125
23680 1041.006958007812
23690 1651.010375976562
23700 3221.086669921875
23710 4644.6396484375
23720 4918.2021484375
23730 5533.67333984375
23740 6272.11767578125
23750 5242.7412109375
23760 2832.417236328125
23770 1650.876220703125
23780 1112.47314453125
23790 1057.503540039062
23800 1383.089111328125
23810 1203.2431640625
23820 660.1619262695312
23830 649.4104614257812
23840 838.677978515625
23850 538.5700073242188
23860 196.1404266357422
23870 296.6830444335938
23880 302.62109375
23890 431.5278015136719
23900 492.3777160644531
23910 818.8538818359375
23920 745.5728759765625
23930 599.65966796875
23940 403.4530029296875
23950 -9.127529144287109
23960 -82.47686767578125
23970 -72.56978607177734
23980 -635.9287109375
23990 -2623.65576171875
24000 -3827.536865234375
15610 -2169.388427734375
15620 -1151.356079101562
15630 108.3568572998047
15640 617.2296752929688
15650 420.3737182617188
15660 693.3906860351562
15670 1212.41259765625
15680 1752.596557617188
15690 2182.5595703125
15700 4225.2216796875
15710 5800.1103515625
15720 6743.35546875
15730 7012.640625
15740 6896.5615234375
15750 6274.0810546875
15760 5493.1494140625
15770 4540.6396484375
15780 3462.77978515625
15790 1742.888916015625
15800 957.12939453125
15810 238.5178680419922
15820 44.08929061889648
15830 187.3261566162109
15840 388.1155700683594
15850 792.2474975585938
15860 741.6321411132812
15870 510.0821228027344
15880 -386.8027038574219
15890 -785.9530639648438
15900 -1364.958740234375
15910 -1346.905639648438
15920 -1417.959594726562
15930 -1065.119262695312
15940 -318.1697082519531
15950 23.94404411315918
15960 245.2661895751953
15970 207.7544097900391
15980 -297.6638793945312
15990 -1834.780151367188
16000 -2258.102294921875
16010 -3149.182373046875
16020 -2501.772705078125
16030 -444.9552917480469
16040 -239.8684387207031
16050 -852.591064453125
16060 -1367.239135742188
16070 -453.6494750976562
16080 417.1935119628906
16090 341.3100280761719
16100 1887.302124023438
16110 2739.622802734375
16120 3273.146240234375
16130 3566.28564453125
16140 4152.98583984375
16150 4548.54345703125
16160 4235.2255859375
16170 3459.769775390625
16180 1986.054809570312
16190 1170.281127929688
16200 1033.17431640625
16210 1620.23828125
16220 1387.053344726562
16230 612.1907958984375
16240 277.2451477050781
16250 261.1285400390625
16260 331.5281677246094
16270 380.2244873046875
16280 518.500244140625
16290 591.5381469726562
16300 702.556396484375
16310 1102.043823242188
16320 1408.898803710938
16330 1292.567749023438
16340 1129.766967773438
16350 488.0464172363281
16360 305.9214782714844
16370 349.4615173339844
16380 -33.42974090576172
16390 -2010.19189453125
16400 -1973.916259765625
16410 -1400.789794921875
16420 -1340.227172851562
16430 -1537.676879882812
16440 -2099.3154296875
16450 -336.9060363769531
16460 -699.7581787109375
16470 -197.6376953125
16480 744.9581298828125
16490 2070.7265625
16500 3504.8095703125
16510 4646.31591796875
16520 4985.01806640625
16530 5022.955078125
16540 4954.27783203125
16550 4733.521484375
16560 2986.197265625
16570 1175.789916992188
16580 1102.296264648438
16590 1391.231811523438
16600 1610.902099609375
16610 771.78173828125
16620 1044.382568359375
16630 1413.194702148438
16640 1714.528686523438
16650 1259.351684570312
16660 571.7699584960938
16670 431.4203796386719
16680 331.412353515625
16690 303.2882385253906
16700 216.7235260009766
16710 702.60595703125
16720 1582.771606445312
16730 1518.6455078125
16740 1301.751708984375
16750 799.4740600585938
16760 223.359619140625
16770 -16.25063323974609
16780 -631.5418090820312
16790 -2830.740234375
16800 -5336.06787109375
16810 -2275.135009765625
16820 -1363.958984375
16830 -1537.12060546875
16840 -2342.1396484375
16850 -1686.722534179688
16860 786.209716796875
16870 548.0370483398438
16880 1501.256469726562
16890 1640.0947265625
16900 3093.587890625
16910 4939.36181640625
16920 6546.98193359375
16930 7685.30810546875
16940 7568.423828125
16950 6820.482421875
16960 4866.08447265625
16970 3390.91357421875
16980 2755.4775390625
16990 2326.31982421875
17000 2277.905029296875
17010 2258.472900390625
17020 2517.04931640625
17030 2585.999267578125
17040 1912.3623046875
17050 1327.796142578125
17060 1269.538696289062
17070 1690.736450195312
17080 2040.933471679688
17090 1234.583129882812
17100 982.99755859375
17110 1039.444458007812
17120 964.1211547851562
17130 611.6984252929688
17140 360.2709350585938
17150 272.1306762695312
17160 -129.1634826660156
17170 -384.3505554199219
17180 -1093.643798828125
17190 -2611.639404296875
17200 -3524.08935546875
17210 -1874.272827148438
17220 -1901.35205078125
17230 -1809.13623046875
17240 -882.1836547851562
17250 -395.4040832519531
17260 -754.947509765625
17270 -1081.705444335938
17280 -16.9535083770752
17290 1031.72216796875
17300 2426.177734375
17310 3210.405517578125
17320 3375.42431640625
17330 4118.576171875
17340 4360.91162109375
17350 4238.60107421875
17360 3822.52880859375
17370 2547.550537109375
17380 1487.96484375
17390 1740.078369140625
17400 1531.987182617188
17410 1802.986572265625
17420 1813.498779296875
17430 1298.924194335938
17440 630.4630737304688
17450 24.95656585693359
17460 -271.0523071289062
17470 273.0353698730469
17480 916.321044921875
17490 913.0471801757812
17500 984.4341430664062
17510 482.4439392089844
17520 2.659709692001343
17530 -3.881805658340454
17540 324.1068420410156
17550 778.8564453125
17560 578.762451171875
17570 49.08316421508789
17580 -392.5149230957031
17590 -1379.55908203125
17600 -2179.71484375
17610 -644.5390014648438
17620 1494.58349609375
17630 1519.72412109375
17640 674.1181030273438
17650 37.36455154418945
17660 1113.597412109375
17670 2567.5517578125
17680 2930.695068359375
17690 4069.07080078125
17700 4927.73193359375
17710 6754.69091796875
17720 8043.43310546875
17730 8021.71435546875
17740 6759.1064453125
17750 5281.076171875
17760 4103.41650390625
17770 3915.01904296875
17780 2979.274169921875
17790 3079.773681640625
17800 3432.447509765625
17810 3531.211669921875
17820 3536.260009765625
17830 4070.05322265625
17840 4488.595703125
17850 4351.0732421875
17860 4029.945068359375
17870 3422.530029296875
17880 2341.9638671875
17890 1458.382202148438
17900 901.5548706054688
17910 660.6167602539062
17920 508.5666809082031
17930 328.7800903320312
17940 327.7231140136719
17950 215.5677642822266
17960 -382.9469604492188
17970 -996.1504516601562
17980 -2391.639892578125
17990 -4618.62646484375
18000 -6781.64404296875
18010 -3936.58740234375
18020 -1478.295776367188
18030 -1636.991577148438
18040 -1447.5986328125
18050 -1440.8291015625
18060 -110.8329696655273
18070 -450.8147888183594
18080 1470.670776367188
18090 3227.87939453125
18100 4152.34765625
18110 4951.60693359375
18120 5599.9375
18130 5468.7822265625
18140 4771.15234375
18150 4494.9833984375
18160 3792.79052734375
18170 2692.3994140625
18180 1681.051879882812
18190 1546.705444335938
18200 1673.241577148438
18210 1450.425170898438
18220 1309.229858398438
18230 1377.09423828125
18240 1302.36767578125
18250 662.64990234375
18260 898.6400146484375
18270 2061.666259765625
18280 2500.646240234375
18290 2329.984375
18300 1776.76123046875
18310 1348.869140625
18320 1367.049438476562
18330 1292.224853515625
18340 1294.271118164062
18350 1727.271362304688
18360 1594.043823242188
18370 485.2892150878906
18380 -917.9027709960938
18390 -2644.844970703125
18400 -3141.201171875
18410 -4039.42626953125
18420 -2630.25439453125
18430 -1187.917114257812
18440 -667.9503784179688
18450 -475.020751953125
18460 1112.480712890625
18470 1866.551635742188
18480 2360.288818359375
18490 2024.615844726562
18500 2880.641845703125
18510 4584.9716796875
18520 4902.29931640625
18530 4229.7900390625
18540 4277.41552734375
18550 3734.8779296875
18560 3532.763427734375
18570 2519.3466796875
18580 1769.280639648438
18590 1750.690673828125
18600 2145.4482421875
18610 2258.837158203125
18620 2190.25244140625
18630 1801.115478515625
18640 1080.723022460938
18650 654.974365234375
18660 434.9230346679688
18670 457.9639282226562
18680 435.5994567871094
18690 352.7653503417969
18700 6.430379390716553
18710 -19.81536293029785
18720 -85.56736755371094
18730 -676.32958984375
18740 -340.5145874023438
18750 76.30680847167969
18760 -1017.981506347656
18770 -1551.802124023438
18780 -1048.12353515625
18790 -2544.824951171875
18800 -3533.43310546875
18810 -3540.015380859375
18820 -4238.7841796875
18830 -3031.964111328125
18840 434.1728820800781
18850 1896.937377929688
18860 1879.3017578125
18870 1411.27685546875
18880 2877.520751953125
18890 3345.97119140625
18900 3908.3359375
18910 4674.7236328125
18920 5700.5849609375
18930 6179.3017578125
18940 5937.15771484375
18950 5562.10302734375
18960 5182.18798828125
18970 4438.24365234375
18980 3482.865478515625
18990 2021.820922851562
19000 1188.042358398438
19010 1570.591430664062
19020 2021.372680664062
19030 1161.115966796875
19040 367.5184631347656
19050 432.8605651855469
19060 236.1335144042969
19070 48.1772346496582
19080 1276.627197265625
19090 1740.151977539062
19100 1445.338134765625
19110 824.4342041015625
19120 644.6654052734375
19130 692.8121337890625
19140 503.4963989257812
19150 1029.31494140625
19160 947.053466796875
19170 561.5867919921875
19180 -233.2499084472656
19190 -1482.681396484375
19200 -2096.901123046875
19210 -1348.824340820312
19220 -1539.193603515625
19230 -1667.972412109375
19240 -1946.0478515625
19250 -1311.44775390625
19260 -276.412353515625
19270 685.3117065429688
19280 825.84130859375
19290 1924.542724609375
19300 3363.77197265625
19310 4173.61474609375
19320 5230.70556640625
19330 6510.7333984375
19340 6904.4296875
19350 6648.07373046875
19360 5619.27197265625
19370 4361.732421875
19380 4317.01513671875
19390 5122.587890625
19400 5508.19287109375
19410 5128.7509765625
19420 4333.38623046875
19430 3750.29736328125
19440 3427.8076171875
19450 3072.43408203125
19460 2164.170166015625
19470 2226.726318359375
19480 2358.632568359375
19490 1342.804809570312
19500 622.3245239257812
19510 536.8123779296875
19520 645.2147216796875
19530 6.041924476623535
19540 -524.3720703125
19550 -784.1790771484375
19560 -895.7839965820312
19570 -1028.93603515625
19580 -2224.59423828125
19590 -4031.088134765625
19600 -4522.02685546875
19610 -4531.94140625
19620 -4119.0849609375
19630 -4665.578125
19640 -3032.6025390625
19650 -1170.36376953125
19660 -410.4649658203125
19670 205.5963745117188
19680 1131.474487304688
19690 1669.059448242188
19700 2664.200927734375
19710 4554.14990234375
19720 5645.6689453125
19730 6337.50732421875
19740 6301.978515625
19750 5592.5927734375
19760 4834.27197265625
19770 4617.04638671875
19780 4298.470703125
19790 3633.983154296875
19800 3136.21044921875
19810 2443.56494140625
19820 1198.62841796875
19830 484.5196228027344
19840 68.07120513916016
19850 -267.818603515625
19860 175.5450286865234
19870 1284.89208984375
19880 1627.522583007812
19890 1190.677978515625
19900 1084.569946289062
19910 1234.906982421875
19920 1804.800903320312
19930 2570.527587890625
19940 2307.838134765625
19950 1676.760986328125
19960 1116.053466796875
19970 791.8872680664062
19980 163.6918640136719
19990 -1828.7841796875
20000 -3016.3515625
20010 705.9373168945312
20020 -855.4090576171875
20030 -395.8794860839844
20040 -836.5385131835938
20050 226.6307830810547
20060 1920.38916015625
20070 3308.98388671875
20080 3167.26953125
20090 2102.75244140625
20100 2890.9697265625
20110 4942.4052734375
20120 6657.328125
20130 7547.2158203125
20140 8068.412109375
20150 7430.04345703125
20160 5076.31103515625
20170 2498.653076171875
20180 1894.89013671875
20190 2577.126708984375
20200 2887.4140625
20220 3050.861083984375
20230 2729.658935546875
8410 -4019.2978515625
8420 -3517.967041015625
8430 -1346.376342773438
8440 -1902.993896484375
8450 -2360.668212890625
8460 -1588.799682617188
8470 -1198.31591796875
8480 1329.682250976562
8490 2352.151611328125
8500 4244.41064453125
8510 5810.67333984375
8520 6201.80078125
8530 5690.3857421875
8540 4184.77099609375
8550 2780.33251953125
8560 1841.188354492188
8570 1736.614135742188
8580 1902.786010742188
8590 2535.2119140625
8600 1827.136840820312
8610 2012.144775390625
8620 1796.908935546875
8630 1147.155639648438
8640 212.9725494384766
8650 309.1480712890625
8660 361.1444702148438
8670 67.02823638916016
8680 355.4300537109375
8690 759.5424194335938
8700 923.4672241210938
8710 740.6138916015625
8720 551.7776489257812
8730 540.9354248046875
8740 412.0914916992188
8750 899.1080932617188
8760 1026.238647460938
8770 351.1594543457031
8780 -0.4276994466781616
8790 -925.3028564453125
8800 -746.655029296875
8810 732.852783203125
8820 374.4949645996094
8830 193.3567810058594
8840 16.61177253723145
8850 -875.7938842773438
8860 -1201.6943359375
8870 -16.39636611938477
8880 503.5695190429688
8890 813.8028564453125
8900 1804.597900390625
8910 3383.00927734375
8920 4410.2734375
8930 4627.29833984375
8940 4440.04736328125
8950 3941.58203125
8960 3008.235107421875
8970 2261.9912109375
8980 1262.931396484375
8990 692.0703125
9000 626.8036499023438
9010 806.0692749023438
9020 1392.408081054688
9030 2204.50048828125
9040 2311.752197265625
9050 2241.196044921875
9060 2022.342651367188
9070 1610.387329101562
9080 1234.589721679688
9090 1561.841918945312
9100 1272.203002929688
9110 860.46826171875
9120 984.5510864257812
9130 802.4841918945312
9140 498.9845886230469
9150 -103.8163452148438
9160 -248.4884185791016
9170 -738.3590087890625
9180 -2355.807861328125
9190 -3587.2265625
9200 -2404.17333984375
9210 -5361.5751953125
9220 -3532.602294921875
9230 -1940.331176757812
9240 -1479.620971679688
9250 -243.8362121582031
9260 814.7664794921875
9270 1542.268310546875
9280 2100.774658203125
9290 2766.626220703125
9300 3558.870849609375
9310 4014.01953125
9320 4301.87890625
9330 5428.05810546875
9340 4786.96044921875
9350 4742.3818359375
9360 3593.85400390625
9370 2462.544189453125
9380 848.2245483398438
9390 732.679931640625
9400 907.4667358398438
9410 1678.451293945312
9420 1378.95849609375
9430 708.7821655273438
9440 769.48388671875
9450 983.6504516601562
9460 1142.591674804688
9470 1085.496826171875
9480 760.1470947265625
9490 -213.7607269287109
9500 -978.07275390625
9510 -1854.181518554688
9520 -2026.760864257812
9530 -1835.457275390625
9540 -1609.550537109375
9550 -884.7048950195312
9560 -17.8857536315918
9570 700.400146484375
9580 -150.108154296875
9590 -1499.094482421875
9600 -3778.734619140625
9610 -1990.899780273438
9620 -638.0318603515625
9630 -1591.111206054688
9640 -1444.1484375
9650 -193.2166595458984
9660 -253.4864349365234
9670 106.432731628418
9680 1091.78955078125
9690 1475.859130859375
9700 1094.083740234375
9710 2928.13232421875
9720 4156.091796875
9730 4674.525390625
9740 3863.2978515625
9750 3175.965576171875
9760 2911.182861328125
9770 1164.824096679688
9780 349.64892578125
9790 879.3260498046875
9800 1888.575561523438
9810 2493.493896484375
9820 2577.51953125
9830 2676.9453125
9840 2137.481689453125
9850 1725.991333007812
9860 1187.981811523438
9870 2.915146350860596
9880 -1141.706298828125
9890 -1070.874267578125
9900 -801.6355590820312
9910 -1011.069213867188
9920 -934.8192749023438
9930 -775.9677124023438
9940 -699.0381469726562
9950 -759.4322509765625
9960 -858.9906616210938
9970 -710.9035034179688
9980 -934.5372924804688
9990 -2048.5869140625
10000 -3349.5908203125
10010 -2596.737060546875
10020 -566.7113037109375
10030 -1178.771606445312
10040 -2467.91259765625
10050 -3556.77685546875
10060 -2905.25048828125
10070 -2327.793212890625
10080 -1507.362182617188
10090 660.353515625
10100 2150.16455078125
10110 2838.990478515625
10120 4808.20947265625
10130 6286.9443359375
10140 6390.595703125
10150 5746.54833984375
10160 5068.59814453125
10170 3741.252197265625
10180 2925.7841796875
10190 2538.9208984375
10200 2079.49609375
10210 1983.655639648438
10220 1977.100830078125
10230 2996.12939453125
10240 3345.1220703125
10250 2747.224609375
10260 2125.74169921875
10270 1669.88671875
10280 859.73779296875
10290 221.1482391357422
10300 -138.677001953125
10310 425.8115539550781
10320 773.041748046875
10330 916.2523193359375
10340 1320.849243164062
10350 1195.703002929688
10360 806.9625244140625
10370 529.44091796875
10380 740.0489501953125
10390 -234.9563446044922
10400 -104.7350769042969
10410 -637.7781982421875
10420 911.0164794921875
10430 603.9277954101562
10440 -180.0252685546875
10450 961.5617065429688
10460 2410.190673828125
10470 2084.464111328125
10480 1766.374389648438
10490 3161.807861328125
10500 4037.41552734375
10510 4687.1015625
10520 5386.146484375
10530 5747.6669921875
10540 5406.2001953125
10550 4238.23095703125
10560 3201.010498046875
10570 2790.93994140625
10580 2647.439208984375
10590 2537.478515625
10600 2910.19580078125
10610 2892.454345703125
10620 2694.6630859375
10630 2457.57666015625
10640 2182.771240234375
10650 2003.2421875
10660 2349.48193359375
10670 2359.659423828125
10680 2269.085693359375
10690 2318.21240234375
10700 2419.96826171875
10710 1984.831176757812
10720 1550.720703125
10730 1570.883056640625
10740 1986.915771484375
10750 1740.7724609375
10760 1027.468505859375
10770 701.3153076171875
10780 536.3311157226562
10790 116.8887252807617
10800 -1362.777465820312
10810 -1663.179321289062
10820 -1524.121337890625
10830 -1182.283325195312
10840 -1800.224243164062
10850 -924.5889282226562
10860 988.7865600585938
10870 2343.254150390625
10880 3080.578369140625
10890 3991.515380859375
10900 4798.2529296875
10910 6340.27587890625
10920 6454.5400390625
10930 6088.59375
10940 5881.16162109375
10950 4843.02978515625
10960 3305.4677734375
10970 2812.88916015625
10980 2529.696533203125
10990 1734.957885742188
11000 1295.324340820312
11010 1451.0615234375
11020 1741.857788085938
11030 1864.715454101562
11040 2072.58740234375
11050 2245.45947265625
11060 2063.1767578125
11070 1561.746704101562
11080 1996.791137695312
11090 2527.801513671875
11100 2385.90234375
11110 2517.05859375
11120 2449.160888671875
11130 2530.17919921875
11140 2911.9921875
11150 3022.1416015625
11160 2566.6005859375
11170 1958.993286132812
11180 1287.225463867188
11190 -411.6476135253906
11200 -1822.716796875
11210 -1423.75732421875
11220 -363.665771484375
11230 -52.46934127807617
11240 -436.4874267578125
11250 654.7310180664062
11260 959.8934326171875
11270 1315.065063476562
11280 1518.427734375
11290 2176.2626953125
11300 3106.97802734375
11310 4079.1767578125
11320 4898.2841796875
11330 4861.44921875
11340 4658.95751953125
11350 4248.85107421875
11360 3587.4423828125
11370 2107.218994140625
11380 640.1690063476562
11390 1422.690307617188
11400 2158.31982421875
11410 1931.005981445312
11420 2497.3408203125
11430 2693.784423828125
11440 2050.85009765625
11450 1758.615356445312
11460 1980.023193359375
11470 1932.405151367188
11480 1872.823486328125
11490 1773.367797851562
11500 1813.126708984375
11510 1646.20361328125
11520 1304.63671875
11530 833.1642456054688
11540 507.9429016113281
11550 386.8079528808594
11560 294.6384887695312
11570 -61.93910980224609
11580 -953.8515625
11590 -1729.91748046875
11600 -2617.11572265625
11610 -5756.90869140625
11620 -4653.578125
11630 -3547.954345703125
11640 -2224.039306640625
11650 -3099.26025390625
11660 -1830.963134765625
11670 -601.6591796875
11680 -142.2671051025391
11690 -669.8726806640625
11700 487.7502136230469
11710 2456.575439453125
11720 4364.91796875
11730 5608.87939453125
11740 5597.65869140625
11750 4431.78125
11760 2478.51904296875
11770 993.5657958984375
11780 670.7161865234375
11790 1234.47314453125
11800 1938.471069335938
11810 2439.521240234375
11820 2571.78564453125
11830 2351.295166015625
11840 2331.81005859375
11850 2300.966552734375
11860 2266.981689453125
11870 1510.354614257812
11880 824.7993774414062
11890 746.147216796875
11900 1471.557739257812
11910 1856.329345703125
11920 1338.51318359375
11930 710.3428955078125
11940 118.8669662475586
11950 318.8342895507812
11960 688.81640625
11970 725.3590087890625
11980 -76.86238861083984
11990 -1547.746459960938
12000 -1842.196411132812
12010 -1294.052856445312
12020 153.6540069580078
12030 1287.887084960938
12040 2397.470703125
12050 3307.184326171875
12060 3307.965087890625
12070 2680.332763671875
12080 2437.498291015625
12090 3181.638916015625
12100 4034.55029296875
12110 3359.96728515625
12120 4963.38671875
12130 5486.68603515625
12140 5578.1572265625
12150 4879.84765625
12160 4553.1416015625
12170 4913.73193359375
12180 4337.90673828125
12190 3581.987548828125
12200 4022.572021484375
12210 4149.8623046875
12220 4428.86669921875
12230 4828.71728515625
12240 4555.8056640625
12250 3915.32763671875
12260 3540.892333984375
12270 3264.189208984375
12280 2494.610595703125
12290 2214.88330078125
12300 2053.5107421875
12310 1742.124877929688
12320 1513.887939453125
12330 1469.965087890625
12340 1432.962524414062
12350 889.1442260742188
12360 253.6889953613281
12370 20.91864967346191
12380 -384.1882629394531
12390 -2520.58251953125
12400 -2281.50341796875
12410 -3076.857666015625
12420 -868.4189453125
12430 -1875.935424804688
12440 -1083.260620117188
12450 609.37109375
12460 769.111083984375
12470 92.24486541748047
12480 2300.168701171875
12490 3056.780029296875
12500 4567.6552734375
12510 5839.80615234375
12520 6528.75
12530 7014.2236328125
12540 6908.3525390625
12550 6014.01708984375
12560 5011.548828125
12570 4200.04052734375
12580 3535.511474609375
12590 2822.255615234375
12600 2689.87744140625
12610 3101.643798828125
12620 2911.83740234375
12630 2608.723388671875
12640 2444.989013671875
12650 2302.721923828125
12660 2303.700439453125
12670 2180.519775390625
12680 2006.873657226562
12690 2283.9521484375
12700 2261.22021484375
12710 2171.263916015625
12720 1967.484008789062
12730 1680.064331054688
12740 1809.958984375
12750 1886.665649414062
12760 1561.556518554688
12770 1253.494873046875
12780 769.40869140625
12790 -1035.133544921875
12800 -1873.890869140625
12810 -1235.784790039062
12820 -379.8082275390625
12830 -779.547607421875
12840 179.8071594238281
12850 1417.574462890625
12860 2386.720947265625
12870 2621.16064453125
12880 3383.4169921875
12890 4642.09326171875
12900 4838.98486328125
12910 4765.2734375
12920 5832.01611328125
12930 6369.251953125
12940 6348.35693359375
12950 6317.0029296875
12960 4710.6396484375
12970 2928.468994140625
12980 1885.9072265625
12990 1779.09716796875
13000 1276.731689453125
13010 1693.479370117188
13020 1972.465698242188
13030 1547.813110351562
13040 879.8745727539062
13050 61.57978439331055
13060 -359.2169189453125
13070 -12.61882305145264
13080 316.7451782226562
13090 469.4315795898438
13100 412.5320434570312
13110 470.2056274414062
13120 163.3994903564453
13130 -536.1190795898438
13140 -886.9043579101562
13150 -76.89323425292969
13160 722.5659790039062
13170 1115.333129882812
13180 989.7285766601562
13190 -724.6824951171875
13200 -531.47216796875
13210 44.50851440429688
13220 -1356.254028320312
13230 -143.8624267578125
13240 586.7587280273438
13250 248.0151824951172
13260 -473.1921081542969
13270 1373.841796875
13280 2435.7705078125
13290 3538.74462890625
13300 4388.58642578125
13310 5610.388671875
13320 6714.83056640625
13330 6868.6923828125
13340 6327.66162109375
13350 5944.41845703125
13360 5555.8701171875
13370 4467.751953125
13380 3380.48828125
13390 3566.67138671875
13400 3241.289794921875
13410 2436.707275390625
13420 1889.349609375
13430 1659.205322265625
13440 1782.894165039062
13450 2083.16455078125
13460 2981.15966796875
13470 3382.012451171875
13480 3137.179931640625
13490 3068.934326171875
13500 2873.77734375
13510 2503.3447265625
13520 2264.710205078125
13530 2243.682861328125
13540 2198.007568359375
13550 1980.812255859375
13560 2287.249755859375
13570 1907.060791015625
13580 396.9808959960938
13590 -1168.05078125
13600 -1249.745971679688
13610 595.86279296875
13620 1907.199340820312
13630 1460.176513671875
13640 -141.6854095458984
13650 -1290.04150390625
13660 87.06438446044922
13670 2102.88916015625
13680 2660.521484375
13690 3632.8359375
13700 3886.230224609375
13710 3771.9501953125
13720 4046.620849609375
13730 4965.58203125
13740 4721.021484375
13750 4065.56640625
13760 3704.510009765625
13770 3223.279296875
13780 1718.87548828125
13790 1056.871826171875
13800 1887.19873046875
13810 1771.467407226562
13820 1288.856201171875
13830 1023.341064453125
13840 810.83349609375
13850 737.8306884765625
13860 -88.41114807128906
13870 -45.29291152954102
13880 276.7205200195312
13890 361.5251159667969
13900 365.8380126953125
13910 755.7593994140625
13920 1241.925415039062
13930 1128.42822265625
13940 536.8003540039062
13950 8.556120872497559
13960 57.74757385253906
13970 454.9035034179688
13980 -541.3779296875
13990 -2787.268310546875
14000 -2790.628662109375
14010 -3105.47216796875
14020 -1773.388671875
14030 -1845.34521484375
14040 -446.0408935546875
14050 704.3351440429688
14060 890.306640625
14070 1209.285766601562
14080 1782.998901367188
14090 2695.938720703125
14100 3327.350830078125
14110 3390.498291015625
14120 3886.64013671875
14130 3578.219482421875
14140 3213.62890625
14150 2803.232421875
14160 2516.8466796875
14170 2415.77734375
14180 1710.84619140625
14190 519.3578491210938
14200 297.0731201171875
14210 668.3720092773438
14220 1380.884033203125
14230 1462.922973632812
14240 1456.603515625
14250 1569.825439453125
14260 1670.919067382812
14270 1708.314086914062
14280 1506.286865234375
14290 1065.9541015625
14300 653.9469604492188
14310 706.3724975585938
14320 58.50968170166016
14330 -314.072021484375
14340 -644.2169799804688
14350 -594.8917846679688
14360 -472.1268310546875
14370 -753.8924560546875
14380 -1621.262939453125
14390 -3739.514404296875
14400 -6538.86083984375
14410 -4443.01611328125
14420 -4312.5966796875
14430 -5796.3076171875
14440 -4541.9296875
14450 -3164.804931640625
14460 -1410.446166992188
14470 -575.896728515625
14480 91.63872528076172
14490 1586.541015625
14500 2772.140625
14510 4176.11376953125
14520 5705.81494140625
14530 6355.68408203125
14540 5514.58642578125
14550 3811.989990234375
14560 3051.42822265625
14570 2338.24560546875
14580 1782.593872070312
14590 1612.638427734375
14600 2155.09130859375
14610 1890.12646484375
14620 1718.742919921875
14630 1643.387084960938
14640 1680.652954101562
14650 1927.146484375
14660 2044.963989257812
14670 1797.619262695312
14680 1619.641235351562
14690 987.2213134765625
14700 -18.26593208312988
14710 -815.049072265625
14720 -1160.023803710938
14730 -1354.434814453125
14740 -952.0287475585938
14750 -588.3657836914062
14760 -1227.404418945312
14770 -1071.184204101562
14780 -1592.997192382812
14790 -2996.31982421875
14800 -3077.161376953125
14810 -811.0114135742188
14820 -2209.3662109375
14830 -468.6904296875
14840 -1165.438720703125
14850 -760.0721435546875
14860 -150.2747802734375
14870 -12.44512844085693
14880 2002.559814453125
14890 2723.61474609375
14900 3953.798828125
14910 5635.462890625
14920 6554.986328125
14930 6878.02880859375
14940 7079.19873046875
14950 6894.65869140625
14960 5681.24853515625
14970 4035.243896484375
14980 3165.262451171875
14990 2867.2919921875
15000 2440.00341796875
15010 2387.037109375
15020 1646.063354492188
15030 991.2521362304688
15040 369.64404296875
15050 282.7568359375
15060 422.0142517089844
15070 635.70654296875
15080 742.62841796875
15090 1288.10009765625
15100 1432.31201171875
15110 891.76025390625
15120 632.68359375
15130 788.6063842773438
15140 850.0269165039062
15150 774.642822265625
15160 912.7003784179688
15170 937.6901245117188
15180 262.2007751464844
15190 -1338.044677734375
15200 -806.162841796875
15210 -873.8505249023438
15220 -2867.498291015625
15230 -4019.489990234375
15240 -3001.8408203125
15250 -1648.530151367188
15260 -211.1762390136719
15270 1417.523193359375
15280 1243.176513671875
15290 2447.155517578125
15300 3137.24560546875
15310 3601.053955078125
15320 4789.705078125
15330 5706.03125
15340 5914.38134765625
15350 4956.72021484375
15360 4145.6435546875
15370 3974.734619140625
15380 2827.409912109375
15390 2336.891845703125
15400 2718.8251953125
15410 2173.9736328125
15420 1999.934204101562
15430 1418.609375
15440 553.0015258789062
15450 666.16357421875
15460 626.2349243164062
15470 1090.933959960938
15480 1035.887817382812
15490 778.7784423828125
15500 713.978759765625
15510 1400.237426757812
15520 2288.430908203125
15530 2403.11328125
15540 1919.050170898438
15550 1351.494995117188
15560 749.3885498046875
15570 415.5196533203125
15580 81.41971588134766
15590 -1229.011108398438
15600 -1025.942504882812
15760 5493.001953125
15770 4538.9140625
0 5693.89892578125
10 -359.6860046386719
20 786.8712158203125
30 1687.509887695312
40 2277.81640625
50 3313.313720703125
60 4408.61279296875
70 6195.6982421875
80 8087.0439453125
90 9865.26171875
100 12090.3232421875
110 14711.21875
120 16948.69921875
130 18691.982421875
140 19987.443359375
150 20927.712890625
160 20679.31640625
170 17538.99609375
180 16017.3408203125
190 16158.0283203125
200 15820.0849609375
210 14942.322265625
220 14052.1552734375
230 13815.9560546875
240 13418.1650390625
250 12569.5732421875
260 12079.171875
270 12016.9765625
280 11574.2138671875
290 10912.7109375
300 10373.3662109375
310 9718.9091796875
320 8926.43359375
330 8225.97265625
340 7756.7880859375
350 7278.91748046875
360 6720.6630859375
370 6091.41845703125
380 5205.99169921875
390 3693.433349609375
400 3636.485595703125
410 4045.982421875
420 4050.157958984375
430 3299.49267578125
440 2384.64013671875
450 1537.134155273438
460 1043.293701171875
470 1477.86279296875
480 1808.481079101562
490 2514.88818359375
500 3530.6103515625
510 4691.3798828125
520 5762.12841796875
530 6466.84326171875
540 7555.2021484375
550 9001.7578125
560 9270.501953125
570 8479.5146484375
580 6056.41943359375
590 5398.7978515625
600 4279.6201171875
610 4333.8017578125
620 4238.1220703125
630 3198.941650390625
640 3415.6083984375
650 3150.2197265625
660 3166.5517578125
670 3605.380859375
680 3355.927490234375
690 3216.270263671875
700 3652.9296875
710 3362.78857421875
720 3048.27734375
730 2304.527099609375
740 1892.600708007812
750 2795.997314453125
760 4246.4990234375
770 4958.87109375
780 5327.97412109375
790 4547.55029296875
800 4633.51611328125
810 6161.123046875
820 5831.2939453125
830 3616.747802734375
840 3072.05859375
850 2313.85107421875
860 3572.57666015625
870 4797.08349609375
880 6075.1435546875
890 6816.73779296875
900 7547.24169921875
910 8513.4189453125
920 9228.0263671875
930 9151.568359375
940 9064.8037109375
950 8239.74609375
960 6570.69580078125
970 5013.07861328125
980 3606.186279296875
990 3073.148193359375
1000 3572.73046875
1010 4039.8447265625
1020 3614.04931640625
1030 3182.449462890625
1040 2610.633056640625
1050 2472.99658203125
1060 2333.7373046875
1070 1599.1220703125
1080 1236.326782226562
1090 1182.97900390625
1100 924.4833374023438
1110 1306.06396484375
1120 1616.93359375
1130 1554.4755859375
1140 1419.224243164062
1150 775.31787109375
1160 355.1604919433594
1170 -70.27035522460938
1180 -1253.6494140625
1190 -3359.7060546875
1200 -4961.7900390625
1210 -2632.4052734375
1220 -2419.495849609375
1230 -2552.7734375
1240 229.6757659912109
1250 784.3556518554688
1260 1533.865600585938
1270 2288.724609375
1280 3624.212158203125
1290 4092.658935546875
1300 4710.2373046875
1310 5918.0830078125
1320 6596.8408203125
1330 6677.61474609375
1340 6762.763671875
1350 6977.798828125
1360 7648.44873046875
1370 6402.6728515625
1380 5790.19189453125
1390 7413.3408203125
1400 8115.96435546875
1410 8315.14453125
1420 8627.2587890625
1430 7696.60498046875
1440 6730.85595703125
1450 5653.734375
1460 4565.20751953125
1470 3234.484375
1480 2731.799072265625
1490 2180.208984375
1500 1237.864501953125
1510 255.8594360351562
1520 -10.83370780944824
1530 290.2190246582031
1540 364.4725952148438
1550 398.0942993164062
1560 -376.904541015625
1570 -1429.942626953125
1580 -1469.279541015625
1590 -2212.20849609375
1600 -2691.3984375
1610 -2663.40625
1620 -2958.409912109375
1630 -2828.43701171875
1640 -2682.95361328125
1650 -4414.3359375
1660 -6032.5478515625
1670 -3743.5888671875
1680 -2259.825927734375
1690 -955.37939453125
1700 83.42185211181641
1710 3087.084228515625
1720 5257.50439453125
1730 6537.8896484375
1740 7289.94482421875
1750 7227.7880859375
1760 5867.44482421875
1770 2992.33056640625
1780 1653.349487304688
1790 1752.980224609375
1800 1560.925537109375
1810 1079.162231445312
1820 1433.851684570312
1830 1631.421997070312
1840 1477.875366210938
1850 1466.177490234375
1860 1868.375244140625
1870 1340.5048828125
1880 1313.073974609375
1890 1424.173706054688
1900 1835.630859375
1910 2187.840576171875
1920 2613.41357421875
1930 2987.05126953125
1940 3062.48388671875
1950 2831.98974609375
1960 2334.99560546875
1970 1157.867065429688
1980 -54.28450012207031
1990 -1703.545654296875
2000 -1115.174438476562
2010 -3207.622314453125
2020 -1406.293212890625
2030 -1523.010986328125
2040 -1372.910888671875
2050 -1305.779052734375
2060 -1781.33349609375
2070 -1570.913330078125
2080 487.7957153320312
2090 2303.904052734375
2100 3351.4208984375
2110 5809.37841796875
2120 6826.30126953125
2130 7303.9404296875
2140 7243.73388671875
2150 6896.6962890625
2160 7059.5625
2170 6687.7734375
2180 4711.2919921875
2190 4382.4345703125
2200 4097.80810546875
2210 3308.17431640625
2220 3043.428955078125
2230 3274.00830078125
2240 3701.57080078125
2250 3610.421875
2260 3213.0361328125
2270 3108.9580078125
2280 2392.105224609375
2290 1193.476806640625
2300 368.3332824707031
2310 464.4946594238281
2320 459.3150329589844
2330 358.7635192871094
2340 267.7628479003906
2350 113.7455902099609
2360 -36.52712631225586
2370 -186.3209533691406
2380 -923.1785888671875
2390 -2279.88330078125
2400 -2555.025634765625
2410 -6055.71337890625
2420 -2216.8056640625
2430 -379.2755737304688
2440 799.35400390625
2450 1294.511108398438
2460 1564.813110351562
2470 3044.83251953125
2480 3013.122802734375
2490 4730.29296875
2500 6644.41943359375
2510 7348.2216796875
2520 8211.0009765625
2530 8288.025390625
2540 8302.974609375
2550 7851.1142578125
2560 6971.1298828125
2570 5144.86669921875
2580 4160.716796875
2590 5676.21044921875
2600 5409.23779296875
2610 4238.25634765625
2620 3216.261474609375
2630 3235.824951171875
2640 2747.71728515625
2650 2152.078125
2660 1886.044555664062
2670 1856.911499023438
2680 1791.1103515625
2690 1529.660522460938
2700 1369.902221679688
2710 1043.175659179688
2720 -101.7182693481445
2730 -208.0868682861328
2740 -15.46554756164551
2750 -1060.332397460938
2760 -1554.901733398438
2770 -892.8967895507812
2780 -552.6287841796875
2790 -2706.44677734375
2800 -3136.70849609375
2810 -2469.26025390625
2820 -3576.9150390625
2830 -4430.24560546875
2840 -390.0481262207031
2850 764.27099609375
2860 833.9215087890625
2870 935.9551391601562
2880 1087.278076171875
2890 2366.13134765625
2900 4351.57373046875
2910 6503.69482421875
2920 7706.2236328125
2930 8277.8046875
2940 7920.72314453125
2950 7353.2333984375
2960 6399.748046875
2970 4848.18017578125
2980 2990.5205078125
2990 3370.44873046875
3000 1977.347778320312
3010 1912.123413085938
3020 1667.100708007812
3030 1179.276245117188
3040 1023.888061523438
3050 745.0188598632812
3060 64.88029479980469
3070 -1227.306518554688
3080 -1963.849365234375
3090 -1858.548950195312
3100 -1999.50830078125
3110 -1790.91943359375
3120 -986.3184814453125
3130 -724.9423217773438
3140 -766.9752807617188
3150 -723.519775390625
3160 -757.8902587890625
3170 -689.4513549804688
3180 -788.2841186523438
3190 -1407.244750976562
3200 -3026.05078125
3210 -1027.44140625
3220 1370.026733398438
3230 286.291748046875
3240 1120.782592773438
3250 573.0936279296875
3260 659.091552734375
3270 2069.228515625
3280 2162.441650390625
3290 2229.916015625
3300 3505.238525390625
3310 5627.078125
3320 6158.59521484375
3330 5830.052734375
3340 5342.7060546875
3350 4268.2734375
3360 3392.594482421875
3370 1714.358276367188
3380 218.9866027832031
3390 1064.0849609375
3400 2295.714111328125
3410 2428.3310546875
3420 2435.199462890625
3430 2861.48779296875
3440 3120.1064453125
3450 2402.741455078125
3460 1713.622436523438
3470 1433.563354492188
3480 2243.05029296875
3490 2258.171630859375
3500 2357.24755859375
3510 2269.190185546875
3520 2147.72998046875
3530 2150.489013671875
3540 2356.416015625
3550 2641.52880859375
3560 2162.70361328125
3570 1079.734497070312
3580 -164.1793365478516
3590 -2198.970703125
3600 -3189.471435546875
3610 -2453.421630859375
3620 -1282.816162109375
3630 -1130.224609375
3640 -3510.795654296875
3650 -1840.351684570312
3660 285.5625915527344
3670 1173.37548828125
3680 1857.32080078125
3690 2877.4169921875
3700 2539.33447265625
3710 3803.259521484375
3720 5154.73193359375
3730 4443.03564453125
3740 4547.14794921875
3750 4509.3916015625
3760 4218.615234375
3770 3403.0185546875
3780 2278.367431640625
3790 2542.40966796875
3800 3255.616455078125
3810 3087.874267578125
3820 2715.765625
3830 3030.39501953125
3840 2716.833984375
3850 3119.717041015625
3860 3427.416015625
3870 3567.1611328125
3880 3436.533203125
3890 3013.745361328125
3900 2944.07373046875
3910 3040.65966796875
3920 3073.58984375
3930 2540.88525390625
3940 1957.116455078125
3950 1522.67138671875
3960 1278.244140625
3970 1070.030395507812
3980 -58.8350830078125
3990 -2140.00146484375
4000 -475.6523132324219
4010 -2083.855712890625
4020 -5028.73193359375
4030 -3040.025634765625
4040 -1025.3525390625
4050 -556.8683471679688
4060 -373.3487854003906
4070 303.925048828125
4080 -108.3191604614258
4090 -129.2724304199219
4100 1563.3740234375
4110 3237.652099609375
4120 4690.6005859375
4130 5513.16796875
4140 5679.57080078125
4150 4898.79296875
4160 3957.19921875
4170 2747.956787109375
4180 2179.8984375
4190 2142.990966796875
4200 2478.68115234375
4210 2584.118408203125
4220 2927.008056640625
4230 3130.7373046875
4240 2292.212890625
4250 1274.09326171875
4260 630.85205078125
4270 561.113037109375
4280 739.7642822265625
4290 819.5931396484375
4300 843.3941650390625
4310 238.1660614013672
4320 -231.7109985351562
4330 -188.8404693603516
4340 88.11170959472656
4350 193.0501098632812
4360 -234.9705657958984
4370 -870.045166015625
4380 -1368.93212890625
4390 -2199.022705078125
4400 -1972.488159179688
4410 -6185.36474609375
4420 -3415.77001953125
4430 -2926.293212890625
4440 -2531.074462890625
4450 -1389.552368164062
4460 -186.1602020263672
4470 997.9683837890625
4480 1754.316040039062
4490 2976.77978515625
4500 4383.8115234375
4510 5725.6865234375
4520 5817.8828125
4530 6472.11572265625
4540 6600.2236328125
4550 5794.10302734375
4560 4812.7373046875
4570 3722.8134765625
4580 3113.717041015625
4590 2569.773681640625
4600 1618.447998046875
4610 1393.187255859375
4620 1839.547485351562
4630 2299.128173828125
4640 2808.1005859375
4650 3035.866943359375
4660 3466.917236328125
4670 3342.392822265625
4680 3728.82373046875
4690 3763.154541015625
4700 3478.287841796875
4710 3491.20361328125
4720 2876.325439453125
4730 1612.309936523438
4740 719.4010009765625
4750 780.3405151367188
4760 1092.618896484375
4770 1717.5537109375
4780 1417.960815429688
4790 -588.306884765625
4800 95.27587890625
4810 -1592.632080078125
4820 -1125.23681640625
4830 -1072.995971679688
4840 -1015.550659179688
4850 -469.1131896972656
4860 218.385498046875
4870 967.6935424804688
4880 1543.605590820312
4890 2408.401123046875
4900 3578.29833984375
4910 4474.8671875
4920 5188.5205078125
4930 5289.25537109375
4940 4652.47216796875
4950 3620.78955078125
4960 3095.0224609375
4970 2306.109375
4980 1052.00146484375
4990 580.6812133789062
5000 1157.558227539062
5010 1114.503295898438
5020 1175.595458984375
5030 1243.236083984375
5040 632.6696166992188
5050 -134.4688110351562
5060 -857.5330810546875
5070 -1135.29443359375
5080 -727.6727294921875
5090 -434.6761779785156
5100 -489.6454162597656
5110 -975.4840698242188
5120 -1628.41845703125
5130 -1348.201293945312
5140 -1173.724975585938
5150 -887.6469116210938
5160 -749.8189086914062
5170 -630.1593627929688
5180 -1008.9384765625
5190 -2593.906005859375
5200 -2898.577880859375
5210 -3310.168212890625
5220 -1592.148559570312
5230 -983.2987060546875
5240 -3047.1484375
5250 -3021.07666015625
5260 -3699.449462890625
5270 -990.0706176757812
5280 635.4157104492188
5290 2590.75830078125
5300 4482.54443359375
5310 4693.9833984375
5320 4699.32177734375
5330 5096.92041015625
5340 4721.38232421875
5350 4104.9384765625
5360 3083.0654296875
5370 2622.524658203125
5380 2889.737060546875
5390 3683.683349609375
5400 4754.8671875
5410 3906.424560546875
5420 2513.163330078125
5430 1177.178344726562
5440 707.614501953125
5450 -157.6138305664062
5460 -441.0474853515625
5470 -72.56369781494141
5480 291.3468933105469
5490 829.242431640625
5500 1226.954711914062
5510 699.9381713867188
5520 -81.49694061279297
5530 -201.6549682617188
5540 61.4089469909668
5550 128.1151428222656
5560 -711.4260864257812
5570 -918.9917602539062
5580 -1257.088745117188
5590 -2486.936279296875
5600 -3573.601806640625
5610 -574.4183349609375
5620 -879.485595703125
5630 -203.2169494628906
5640 369.8086853027344
5650 534.3446044921875
5660 659.0721435546875
5670 953.7012329101562
5680 462.2781066894531
5690 2094.087646484375
5700 3372.06396484375
5710 4006.666748046875
5720 4414.81005859375
5730 3707.82568359375
5740 4167.78466796875
5750 4129.26025390625
5760 3172.54931640625
5770 2594.276123046875
5780 2547.14404296875
5790 1201.523315429688
5800 759.892333984375
5810 180.5090179443359
5820 313.5514221191406
5830 812.79150390625
5840 896.5739135742188
5850 840.2914428710938
5860 811.7318115234375
5870 1199.660278320312
5880 1456.84521484375
5890 1604.304931640625
5900 961.85009765625
5910 56.82538604736328
5920 -498.9057006835938
5930 -989.13134765625
5940 -1444.6015625
5950 -1264.98486328125
5960 -1140.764526367188
5970 -1486.546997070312
5980 -1888.891357421875
5990 -3217.71728515625
6000 -1548.693969726562
6010 -2604.5087890625
6020 -1876.918701171875
6030 -2877.278564453125
6040 -3691.357666015625
6050 -2889.613525390625
6060 -1624.17578125
6070 -964.2802124023438
6080 -23.35978698730469
6090 229.4145660400391
6100 766.1087036132812
6110 1926.190063476562
6120 2560.13037109375
6130 2138.7275390625
6140 2420.683349609375
6150 1878.539184570312
6160 628.2530517578125
6170 -340.254638671875
6180 -976.62646484375
6190 -1530.168823242188
6200 -931.0939331054688
6210 -646.061279296875
6220 -405.6990051269531
6230 -13.38047218322754
6240 -187.6385345458984
6250 -631.4638061523438
6260 -825.6966552734375
6270 -493.7556762695312
6280 -185.4632110595703
6290 -219.0619201660156
6300 -607.2295532226562
6310 -230.4546813964844
6320 221.2750396728516
6330 350.1120300292969
6340 682.6293334960938
6350 862.910888671875
6360 866.0284423828125
6370 609.6525268554688
6380 335.1322937011719
6390 -1169.225219726562
6400 -2366.05908203125
6410 -2121.93359375
6420 -101.6378860473633
6430 -631.3155517578125
6440 -1572.362182617188
6450 -1998.608642578125
6460 -938.9619140625
6470 577.55029296875
6480 1097.49658203125
6490 1815.743530273438
6500 2718.0185546875
6510 4207.3203125
6520 5120.44677734375
6530 5577.16943359375
6540 5615.234375
6550 5261.689453125
6560 4619.43359375
6570 3322.90283203125
6580 1318.26806640625
6590 955.8125
6600 1710.359008789062
6610 1974.195434570312
6620 1332.046508789062
6630 1474.185546875
6640 1559.351928710938
6650 1713.450317382812
6660 2170.858154296875
6670 1793.28759765625
6680 1483.91796875
6690 536.9886474609375
6700 -276.4040832519531
6710 -507.2424926757812
6720 -775.9491577148438
6730 -1550.591064453125
6740 -1469.124267578125
6750 -411.7203369140625
6760 182.4028625488281
6770 103.2597122192383
6780 -777.0213623046875
6790 -3000.0888671875
6800 -737.5159301757812
6810 -855.4402465820312
6820 -2994.173583984375
6830 -2839.145263671875
6840 -1998.299194335938
6850 -2039.205200195312
6860 -443.915283203125
6870 -411.9068603515625
6880 -282.9139709472656
6890 1627.110473632812
6900 2839.87060546875
6910 3804.075439453125
6920 4610.23583984375
6930 5267.66845703125
6940 5050.787109375
6950 3890.3544921875
6960 3794.98388671875
6970 3057.402099609375
6980 1849.105712890625
6990 1724.7314453125
7000 1720.687133789062
7010 1645.23583984375
7020 1271.800537109375
7030 1489.250122070312
7040 1394.897705078125
7050 623.8466796875
7060 -60.83663940429688
7070 -54.58703231811523
7080 -153.5189056396484
7090 3.120724201202393
7100 175.9644012451172
7110 239.7269134521484
7120 -218.3948974609375
7130 971.87841796875
7140 1198.7421875
7150 1225.566772460938
7160 963.0784912109375
7170 524.3424072265625
7180 -238.7413787841797
7190 -1935.0712890625
7200 -1982.446044921875
7210 -1480.21630859375
7220 -1628.50390625
7230 -901.359375
7240 -774.279296875
7250 -1486.775268554688
7260 243.1301574707031
7270 1358.91455078125
7280 1967.7451171875
7290 2511.062744140625
7300 3363.577880859375
7310 4260.0654296875
7320 5097.04736328125
7330 5267.755859375
7340 5024.59033203125
7350 4454.8212890625
7360 3958.495361328125
7370 3415.550048828125
7380 3121.990234375
7390 2680.935791015625
7400 3220.67919921875
7410 3731.931640625
7420 3649.25634765625
7430 3987.197509765625
7440 4564.0517578125
7450 3700.0556640625
7460 2184.310791015625
7470 1596.305541992188
7480 1553.489135742188
7490 1922.384399414062
7500 2873.43505859375
7510 3132.832275390625
7520 2669.57275390625
7530 2809.608154296875
7540 2516.91357421875
7550 1920.6318359375
7560 1458.514282226562
7570 1056.567138671875
7580 206.8211059570312
7590 -1100.387939453125
7600 -356.0510864257812
7610 1404.6875
7620 -432.4480895996094
7630 -991.3359375
7640 629.2450561523438
7650 1240.892333984375
7660 997.0858154296875
7670 291.1263427734375
7680 1214.952270507812
7690 2813.877685546875
7700 4737.95458984375
7710 5622.30615234375
7720 5756.94580078125
7730 5574.373046875
7740 5663.60986328125
7750 5739.94091796875
7760 5370.8037109375
7770 3743.050537109375
7780 2005.5732421875
7790 1724.71240234375
7800 842.0970458984375
7810 175.7640838623047
7820 337.251953125
7830 45.72452163696289
7840 -477.757568359375
7850 -767.4093627929688
7860 -854.8818969726562
7870 -836.9578857421875
7880 -473.49853515625
7890 401.6943664550781
7900 1353.558471679688
7910 2193.77099609375
7920 2624.4619140625
7930 2112.9580078125
7940 2194.2021484375
7950 2081.150146484375
7960 2414.426025390625
7970 2957.071533203125
7980 2690.954345703125
7990 1396.87255859375
8000 438.7521667480469
8010 358.3407897949219
8020 745.1431274414062
8030 1092.9912109375
8040 393.2968139648438
8050 450.0307922363281
8060 977.6187744140625
8070 2249.720703125
8080 2325.2978515625
8090 3377.6923828125
8100 3822.515869140625
8110 3967.20556640625
8120 5213.44921875
8130 5936.33984375
8140 5986.05615234375
8150 5722.07080078125
8160 5267.4794921875
8170 3680.042724609375
8180 1443.7275390625
8190 1298.9423828125
8200 638.6430053710938
8210 -141.4755706787109
8220 226.6625823974609
8230 697.0300903320312
8240 959.8534545898438
8250 1027.758544921875
8260 852.6210327148438
8270 175.7816314697266
8280 775.3827514648438
8290 2633.108642578125
8300 2175.417724609375
8310 1410.670654296875
8320 289.7436828613281
8330 -652.28076171875
8340 -1090.259033203125
8350 -731.2411499023438
8360 -418.021728515625
8370 -735.3369750976562
8380 -1892.586791992188
8390 -3313.625244140625
8400 -3391.678466796875
8480 1329.764526367188
8490 2345.76806640625
8500 4235.58984375
8510 5813.94189453125
8520 6191.78857421875
8530 5684.64501953125
8540 4187.20751953125
8550 2768.834716796875
8560 1847.948852539062
8570 1733.46826171875
