"Time Step" "point-vel-a"
2890 0.1904511898756027
2900 0.1900286227464676
2910 0.1895704716444016
2920 0.1891431212425232
2930 0.1887929886579514
2940 0.1883732080459595
2950 0.1879964768886566
2960 0.1878096759319305
2970 0.1877991259098053
2980 0.187826856970787
2990 0.1881647408008575
3000 0.1888980865478516
3010 0.1899175494909286
3020 0.1909267008304596
3030 0.1917052716016769
3040 0.1923612654209137
3050 0.1927871257066727
3060 0.1929343640804291
3070 0.1928227990865707
3080 0.1924438327550888
3090 0.1921067386865616
3100 0.1918817460536957
3110 0.1916892677545547
3120 0.1914977133274078
3130 0.1913536787033081
3140 0.1911351829767227
3150 0.1907756328582764
3160 0.1903785467147827
3170 0.1899884343147278
3180 0.1896525174379349
3190 0.1893928796052933
3200 0.1892683207988739
3210 0.1892804056406021
3220 0.1893497109413147
3230 0.1893971562385559
3240 0.1894403398036957
3250 0.1894586533308029
3260 0.1894759684801102
3270 0.189628005027771
3280 0.1899024546146393
3290 0.1902964264154434
3300 0.1906533688306808
3310 0.1908871531486511
3320 0.1910082995891571
3330 0.1909840404987335
3340 0.1907030493021011
3350 0.1904442459344864
3360 0.1903519630432129
3370 0.1905377060174942
3380 0.1905870288610458
3390 0.1905127465724945
3400 0.1905298829078674
3410 0.1904911249876022
3420 0.1903554797172546
3430 0.1901051104068756
3440 0.18978551030159
3450 0.1896058320999146
3460 0.1895698010921478
3470 0.1896484643220901
3480 0.1898064762353897
3490 0.1900022476911545
3500 0.1900889873504639
3510 0.1899784654378891
3520 0.1897775083780289
3530 0.1895609200000763
3540 0.1893435269594193
3550 0.1891671568155289
3560 0.1892133951187134
3570 0.1895066946744919
3580 0.1899226307868958
3590 0.1902813166379929
3600 0.1905786693096161
0 0.1982071250677109
10 0.1958293467760086
20 0.1952031850814819
30 0.1948226094245911
40 0.1945836693048477
50 0.1943363547325134
60 0.1938497871160507
70 0.1931623816490173
80 0.1923692673444748
90 0.1915633976459503
100 0.1908017098903656
110 0.1902868002653122
120 0.189932107925415
130 0.1898317039012909
140 0.1899539083242416
150 0.1903459578752518
160 0.1911013126373291
170 0.1919681429862976
180 0.1928350627422333
190 0.1936711519956589
200 0.1943845897912979
210 0.1951161772012711
220 0.1960192024707794
230 0.1969016343355179
240 0.197544127702713
250 0.1978226602077484
260 0.1976853013038635
270 0.1970975250005722
280 0.1962132155895233
290 0.1951603144407272
300 0.1939836144447327
310 0.1928953230381012
320 0.1920005977153778
330 0.1913053840398788
340 0.1906474530696869
350 0.189936101436615
360 0.189278855919838
370 0.1886760741472244
380 0.1880330890417099
390 0.1874344497919083
400 0.1869853585958481
410 0.1866769641637802
420 0.1864497661590576
430 0.1863642334938049
440 0.1864804029464722
450 0.186767578125
460 0.1870741546154022
470 0.1875984221696854
480 0.1883999705314636
490 0.1894250959157944
500 0.1904532760381699
510 0.1913121938705444
520 0.1920930296182632
530 0.1926523149013519
540 0.1929360032081604
550 0.1929364055395126
560 0.1926407516002655
570 0.1923549175262451
580 0.1921296268701553
590 0.1918884962797165
600 0.1916517913341522
610 0.1914643347263336
620 0.1912121623754501
630 0.1908328831195831
640 0.1904377788305283
650 0.1901090294122696
660 0.1898344904184341
670 0.1896459311246872
680 0.1896850019693375
690 0.1899450123310089
700 0.1903270781040192
710 0.1905969083309174
720 0.1907918751239777
730 0.1907953172922134
740 0.1905629485845566
750 0.1902681738138199
760 0.1900079846382141
770 0.189793273806572
780 0.1895575672388077
790 0.1893001645803452
800 0.1890959143638611
810 0.188961386680603
820 0.1887607276439667
830 0.1887455135583878
840 0.1889951229095459
850 0.1895200312137604
860 0.1899663507938385
870 0.190270408987999
880 0.1906319707632065
890 0.1909181773662567
900 0.191073015332222
910 0.1910506933927536
920 0.1908207684755325
930 0.1906367391347885
940 0.1905626058578491
950 0.1905351132154465
960 0.1905111372470856
970 0.1905040591955185
980 0.1904184371232986
990 0.1901697069406509
1000 0.1898472905158997
1010 0.1895193457603455
1020 0.1892409920692444
1030 0.1890132427215576
1040 0.1889337301254272
1050 0.188967227935791
1060 0.189048558473587
1070 0.1890591979026794
1080 0.1890724152326584
1090 0.1889708042144775
1100 0.1887911707162857
1110 0.1886486411094666
1120 0.1886084526777267
1130 0.1887028515338898
1140 0.1887888312339783
1150 0.1888145059347153
1160 0.1888736188411713
1170 0.1889404207468033
1180 0.1888755857944489
1190 0.1889122426509857
1200 0.1891056299209595
1210 0.1895319819450378
1220 0.1899005472660065
1230 0.1900499016046524
1240 0.1902120262384415
1250 0.1902739107608795
1260 0.1901919692754745
1270 0.189935564994812
1280 0.1895357668399811
1290 0.1892503947019577
1300 0.1891292780637741
1310 0.1891732066869736
1320 0.1893539726734161
1330 0.1896314918994904
1340 0.1898306310176849
1350 0.1898144483566284
1360 0.1897934973239899
1370 0.1897419393062592
1380 0.1895763725042343
1390 0.1894129365682602
1400 0.1893882155418396
1410 0.1894625127315521
1420 0.1895514130592346
1430 0.1895305216312408
1440 0.1894786506891251
1450 0.1893149465322495
1460 0.1890948712825775
1470 0.1888988018035889
1480 0.1888193488121033
1490 0.1888694763183594
1500 0.1888976395130157
1510 0.188889354467392
1520 0.1889549493789673
1530 0.1890295296907425
1540 0.1889758706092834
1550 0.1890389919281006
1560 0.1893229931592941
1570 0.1898896843194962
1580 0.1903984993696213
1590 0.1907360404729843
1600 0.1911082416772842
1610 0.1913718283176422
1620 0.1914964318275452
1630 0.1914727836847305
1640 0.1912932991981506
1650 0.1912270784378052
1660 0.1913607716560364
1670 0.191628634929657
1680 0.1919292807579041
1690 0.1922149658203125
1700 0.1922767013311386
1710 0.1920758485794067
1720 0.1918448954820633
1730 0.1916001737117767
1740 0.1913369596004486
1750 0.1910825222730637
1760 0.190943643450737
1770 0.1909075230360031
1780 0.190886989235878
1790 0.1907786428928375
1800 0.1906570792198181
1810 0.1904130131006241
1820 0.1900384724140167
1830 0.1896737962961197
1840 0.189386397600174
1850 0.1892168968915939
1860 0.1890261173248291
1870 0.1887774020433426
1880 0.1885922998189926
1890 0.188467338681221
1900 0.1882990747690201
1910 0.188374400138855
1920 0.1887712627649307
1930 0.1894038021564484
1940 0.1899572610855103
1950 0.1903102546930313
1960 0.1906636208295822
1970 0.1908883154392242
1980 0.1909287422895432
1990 0.1907755583524704
2000 0.1904120296239853
2010 0.1901227682828903
2020 0.1899247616529465
2030 0.1897594183683395
2040 0.1896577626466751
2050 0.1896346062421799
2060 0.1895795166492462
2070 0.1894019991159439
2080 0.1892131865024567
2090 0.1890863478183746
2100 0.1889522671699524
2110 0.1888797581195831
2120 0.1889816224575043
2130 0.1892253458499908
2140 0.1895035207271576
2150 0.1896279454231262
2160 0.189679354429245
2170 0.1895667165517807
2180 0.1893613338470459
2190 0.1891892403364182
2200 0.1891347765922546
2210 0.189232125878334
2220 0.1893234103918076
2230 0.1893714666366577
2240 0.1894969493150711
2250 0.189649909734726
2260 0.1896754205226898
2270 0.1897829920053482
2280 0.1900397837162018
2290 0.1904992461204529
2300 0.1909037828445435
2310 0.1910781562328339
2320 0.1912629455327988
2330 0.191332221031189
2340 0.191256120800972
2350 0.1910226047039032
2360 0.190678283572197
2370 0.1905040144920349
2380 0.1905887722969055
2390 0.1908880472183228
2400 0.1913183182477951
2410 0.1917742788791656
2420 0.1919873654842377
2430 0.1919491291046143
2440 0.1918626576662064
2450 0.1917502731084824
2460 0.1915219128131866
2470 0.1912986785173416
2480 0.1911831647157669
2490 0.1911549419164658
2500 0.1911244541406631
2510 0.1909836083650589
2520 0.1908549517393112
2530 0.1906288117170334
2540 0.1903278976678848
2550 0.190102219581604
2560 0.1900269687175751
2570 0.1901183575391769
2580 0.190204992890358
2590 0.1902075707912445
2600 0.1901561915874481
2610 0.1900412738323212
2620 0.1897524893283844
2630 0.1895766258239746
2640 0.1896184831857681
2650 0.1898966580629349
2660 0.1900393515825272
2670 0.1900589466094971
2680 0.1901516318321228
2690 0.1901851147413254
2700 0.1900914460420609
2710 0.1898685246706009
2720 0.1895920634269714
2730 0.1894939243793488
2740 0.1896322816610336
2750 0.1899350136518478
2760 0.190335601568222
2770 0.1907632201910019
2780 0.1909813731908798
2790 0.1909614056348801
2800 0.1909225136041641
2810 0.1908536106348038
2820 0.1906768381595612
2830 0.1905006170272827
2840 0.1904826909303665
2850 0.1905874311923981
2860 0.1907119005918503
2870 0.190727174282074
2880 0.1906783878803253
2900 0.1900286078453064
2910 0.189570426940918
2920 0.1891430914402008
2930 0.1887930333614349
2940 0.1883732974529266
2950 0.1879964023828506
2960 0.1878096908330917
2970 0.1877993047237396
2980 0.1878270506858826
2990 0.1881646811962128
3000 0.1888980269432068
3010 0.189917266368866
3020 0.1909266263246536
3030 0.1917050778865814
3040 0.1923610717058182
