"Time Step" "point-vel-c"
2890 6.324270725250244
2900 5.963869571685791
2910 5.834362983703613
2920 5.502530097961426
2930 5.918703079223633
2940 5.500630855560303
2950 5.422981739044189
2960 5.571267604827881
2970 5.225410461425781
2980 5.685708045959473
2990 5.23613977432251
3000 5.520953178405762
3010 6.062661170959473
3020 5.76767635345459
3030 5.691791534423828
3040 5.60048770904541
3050 5.604867935180664
3060 5.160051822662354
3070 5.788658142089844
3080 5.950913429260254
3090 5.925248622894287
3100 5.892547130584717
3110 5.585324287414551
3120 5.942375183105469
3130 5.49969482421875
3140 5.310263156890869
3150 5.548436164855957
3160 6.067980766296387
3170 5.669728755950928
3180 5.388032913208008
3190 4.742386341094971
3200 5.4812912940979
3210 5.763548851013184
3220 5.389031410217285
3230 5.363976955413818
3240 5.2118239402771
3250 5.614038944244385
3260 6.33638334274292
3270 6.099658489227295
3280 5.444752216339111
3290 5.685050964355469
3300 5.375077247619629
3310 5.352821350097656
3320 5.433071136474609
3330 4.940294742584229
3340 6.016656398773193
3350 5.371301174163818
3360 5.640546798706055
3370 5.805812835693359
3380 5.685952186584473
3390 5.497137546539307
3400 5.320801258087158
3410 5.523172378540039
3420 5.210638999938965
3430 5.850719928741455
3440 5.790379524230957
3450 5.449840545654297
3460 5.553369998931885
3470 5.817529201507568
3480 5.663187026977539
3490 5.51552152633667
3500 5.365530490875244
3510 5.151848793029785
3520 5.676625728607178
3530 6.36625337600708
3540 6.142792701721191
3550 5.724031925201416
3560 5.572199821472168
3570 5.301011085510254
3580 4.986821174621582
3590 5.334098815917969
3600 5.456770896911621
0 5.575153827667236
10 5.470162868499756
20 5.152495861053467
30 5.224610805511475
40 5.26758337020874
50 5.259396076202393
60 5.441204071044922
70 5.37109899520874
80 5.570601940155029
90 5.022987842559814
100 5.730083465576172
110 5.403796195983887
120 4.998720645904541
130 5.022401809692383
140 5.770820140838623
150 5.029170036315918
160 5.471121788024902
170 5.445562839508057
180 5.287543773651123
190 5.579949378967285
200 5.058742046356201
210 5.290000915527344
220 5.193181037902832
230 5.473021507263184
240 5.581972599029541
250 5.542632102966309
260 5.351333141326904
270 4.872447490692139
280 5.852493762969971
290 5.706939220428467
300 5.851531028747559
310 6.202023983001709
320 6.041084289550781
330 5.927099227905273
340 5.715765953063965
350 5.428930759429932
360 5.1119065284729
370 6.229350090026855
380 6.044770240783691
390 6.342721939086914
400 5.782509326934814
410 4.825223922729492
420 5.005346298217773
430 5.583652973175049
440 5.241585254669189
450 5.320378303527832
460 5.734992027282715
470 6.028039455413818
480 5.966796398162842
490 5.813669681549072
500 6.03435230255127
510 5.788385391235352
520 5.431032180786133
530 5.196578025817871
540 4.775952339172363
550 6.189035892486572
560 6.327694416046143
570 6.120391845703125
580 5.4900221824646
590 5.045276165008545
600 5.36230993270874
610 5.135889053344727
620 4.88267993927002
630 4.618241310119629
640 6.247142314910889
650 6.807138442993164
660 5.857131958007812
670 5.365520477294922
680 5.428447246551514
690 5.623536109924316
700 5.627504348754883
710 5.570228099822998
720 4.981697559356689
730 6.045093536376953
740 6.285119533538818
750 5.277884483337402
760 5.984950542449951
770 5.485250949859619
780 5.643889427185059
790 5.212128162384033
800 5.112405776977539
810 4.796700477600098
820 5.983592987060547
830 5.658821582794189
840 6.003213405609131
850 5.7366623878479
860 5.355214595794678
870 5.485698699951172
880 5.610123157501221
890 5.388814449310303
900 4.913511276245117
910 5.70764684677124
920 5.65907621383667
930 5.744862079620361
940 5.98514461517334
950 5.657803058624268
960 5.397622108459473
970 5.382384300231934
980 5.496576309204102
990 4.996920585632324
1000 5.302382946014404
1010 6.154746532440186
1020 5.610453128814697
1030 5.490428447723389
1040 5.247369766235352
1050 5.747981071472168
1060 5.40107536315918
1070 5.258932113647461
1080 4.91611909866333
1090 5.751717567443848
1100 5.589359283447266
1110 6.039597988128662
1120 5.800369739532471
1130 5.20003080368042
1140 5.727633476257324
1150 5.529276847839355
1160 5.085832595825195
1170 4.902262210845947
1180 5.805480480194092
1190 6.388870716094971
1200 5.895070552825928
1210 5.170796394348145
1220 5.734446048736572
1230 5.293129444122314
1240 5.348424434661865
1250 5.620505332946777
1260 5.262963771820068
1270 5.690658569335938
1280 6.263343811035156
1290 5.766264915466309
1300 5.891822338104248
1310 5.575313568115234
1320 4.862508296966553
1330 5.122768402099609
1340 5.178352355957031
1350 5.098445892333984
1360 5.966556072235107
1370 5.568678855895996
1380 5.790915012359619
1390 5.278823852539062
1400 5.822267532348633
1410 5.671656131744385
1420 5.294887065887451
1430 5.713919162750244
1440 5.409549713134766
1450 5.874931335449219
1460 5.481222152709961
1470 6.093585968017578
1480 6.099870681762695
1490 5.052742481231689
1500 5.382011890411377
1510 5.615633487701416
1520 5.357222080230713
1530 5.510648727416992
1540 6.182400226593018
1550 5.57282018661499
1560 5.794814109802246
1570 5.700807571411133
1580 5.836353778839111
1590 5.641766548156738
1600 5.399614334106445
1610 5.314430236816406
1620 5.170337677001953
1630 6.112512588500977
1640 6.427935600280762
1650 5.919453144073486
1660 5.713340759277344
1670 5.79068660736084
1680 5.859360218048096
1690 5.60133171081543
1700 5.256595611572266
1710 5.258542537689209
1720 6.405960559844971
1730 6.276242256164551
1740 5.951244831085205
1750 5.828201293945312
1760 5.53255558013916
1770 5.569225311279297
1780 5.49334192276001
1790 5.451285362243652
1800 5.190870761871338
1810 6.044742584228516
1820 6.007624626159668
1830 5.809993267059326
1840 5.577054977416992
1850 5.645668983459473
1860 5.551153659820557
1870 5.374202728271484
1880 5.547863006591797
1890 5.417526721954346
1900 5.83310604095459
1910 5.528741836547852
1920 5.931892395019531
1930 5.548015594482422
1940 5.609100341796875
1950 5.831077575683594
1960 5.441145896911621
1970 5.079228401184082
1980 5.037210464477539
1990 5.817702293395996
2000 5.505837917327881
2010 5.888656139373779
2020 5.879576683044434
2030 5.620745182037354
2040 5.622822761535645
2050 5.38848352432251
2060 5.432587146759033
2070 6.060588359832764
2080 5.525497913360596
2090 5.482568740844727
2100 6.15772819519043
2110 5.130881309509277
2120 5.163045883178711
2130 5.308323383331299
2140 5.422472476959229
2150 5.522300243377686
2160 5.185587406158447
2170 5.816960334777832
2180 5.527193546295166
2190 5.174996852874756
2200 5.617038249969482
2210 5.812016010284424
2220 5.574057579040527
2230 5.444459438323975
2240 5.621570110321045
2250 5.27277946472168
2260 5.533919334411621
2270 5.494495391845703
2280 5.059998035430908
2290 5.891047954559326
2300 5.882519721984863
2310 5.799743175506592
2320 5.406013011932373
2330 5.281302452087402
2340 5.490859031677246
2350 6.136260986328125
2360 5.517597198486328
2370 5.815985679626465
2380 5.718029499053955
2390 5.623152256011963
2400 5.501724243164062
2410 5.670628070831299
2420 5.801871299743652
2430 5.404507637023926
2440 5.875358581542969
2450 5.980866432189941
2460 5.891929149627686
2470 5.684358596801758
2480 5.630763530731201
2490 5.726925373077393
2500 5.253890991210938
2510 5.541351318359375
2520 5.275014400482178
2530 5.671875953674316
2540 6.192648410797119
2550 5.56704568862915
2560 5.268530368804932
2570 5.562511920928955
2580 5.50195837020874
2590 5.762594223022461
2600 5.495358467102051
2610 5.057096004486084
2620 5.650349617004395
2630 5.234545230865479
2640 5.896368026733398
2650 5.647109985351562
2660 5.299075126647949
2670 5.347411155700684
2680 5.164229869842529
2690 5.181973457336426
2700 5.178297996520996
2710 5.545177459716797
2720 5.867136478424072
2730 5.925495624542236
2740 5.849159717559814
2750 5.848723411560059
2760 5.559853553771973
2770 5.404579162597656
2780 5.716796398162842
2790 5.273299694061279
2800 5.760705947875977
2810 5.901881694793701
2820 5.72516918182373
2830 5.352549076080322
2840 5.511387825012207
2850 5.169766426086426
2860 5.359267711639404
2870 5.447731018066406
2880 5.380487442016602
2890 6.324270248413086
2900 5.963871955871582
2910 5.83436107635498
2920 5.502530574798584
2940 5.500629425048828
2950 5.422982215881348
2960 5.57127046585083
2970 5.225407600402832
2980 5.685711860656738
2990 5.236141204833984
3000 5.52095365524292
3020 5.767678260803223
3030 5.69179630279541
3040 5.600487232208252
3050 5.604869365692139
