"point-gw-b"
"Time_Step" "point-gw-b"
("Time_Step" "point-gw-b")
0 0
10 2.755482000793563e-06
20 5.556607356993482e-05
30 3.617685069912113e-05
40 -3.983819496511387e-08
50 4.515634088875231e-07
60 1.749013563312474e-06
70 2.197810090365238e-06
80 2.5150495730486e-06
90 4.16311513617984e-06
100 1.317370424658293e-05
110 1.822457488742657e-05
120 1.269290896743769e-05
130 4.310500571591547e-06
140 3.825228134246572e-07
150 2.656278752510843e-07
160 3.631764968758944e-07
170 5.966775802335178e-07
180 8.594565770181362e-07
190 1.225690425599169e-06
200 1.474953705837834e-06
210 3.940329406759702e-06
220 3.706556890392676e-05
230 0.0001455624587833881
240 8.888484444469213e-05
250 4.78286892757751e-05
260 0.00045025534927845
270 0.002832314232364297
280 0.004268093500286341
290 0.005002832505851984
300 0.002280250191688538
310 0.001562170451506972
320 0.002120349323377013
330 0.001152063952758908
340 0.0006635328172706068
350 0.001630162238143384
360 0.0009482944733463228
370 0.002367195673286915
380 0.002942741848528385
390 0.002026022877544165
400 0.001392366248182952
410 0.001110110548324883
420 0.0003069850790780038
430 0.0001451393181923777
440 0.0002558401902206242
450 0.0003076450084336102
460 0.0007239800179377198
470 0.006069526541978121
480 0.03636922314763069
490 0.0259881280362606
500 0.02317518182098866
510 0.008902417495846748
520 0.005361975636333227
530 0.001340460148639977
540 0.005496317986398935
550 0.01037521567195654
560 0.0102782566100359
570 0.005312565248459578
580 0.001661375514231622
590 0.003589469706639647
600 0.01426662597805262
610 0.007958621717989445
620 0.007488150615245104
630 0.007140903268009424
640 0.01337351091206074
650 0.0063288863748312
660 0.007781658321619034
670 0.008036540821194649
680 0.003135210368782282
690 0.01118995249271393
700 0.001418312662281096
710 0.0005859030061401427
720 0.01970319077372551
730 0.006854216568171978
740 0.01457869634032249
750 0.01281676534563303
760 0.004552771337330341
770 0.01045206561684608
780 0.00962715782225132
790 0.007892719469964504
800 0.00923352874815464
810 0.00763497781008482
820 0.003410050878301263
830 0.004214568063616753
840 0.003202795283868909
850 0.01201377250254154
860 0.007102213799953461
870 0.007490252144634724
880 0.008328246884047985
890 0.01319999527186155
900 0.01253081019967794
910 0.01129381917417049
920 0.01290459837764502
930 0.006781624164432287
940 0.003385136369615793
950 0.00530747976154089
960 0.01470680348575115
970 0.01383970957249403
980 0.01423426065593958
990 0.0063045434653759
1000 0.01535216812044382
1010 0.006754340603947639
1020 0.007785686291754246
1030 0.01109436433762312
1040 0.01149514317512512
1050 0.01360530033707619
1060 0.01771816611289978
1070 0.01073423493653536
1080 0.006488238926976919
1090 0.01512075308710337
1100 0.009186940267682076
1110 0.01428080722689629
1120 0.02814342826604843
1130 0.02302978001534939
1140 0.02397691644728184
1150 0.02855937927961349
1160 0.02108337916433811
1170 0.01401639170944691
1180 0.003931708168238401
1190 0.008673430420458317
1200 0.009357983246445656
1210 0.03017693758010864
1220 0.03472746536135674
1230 0.01697610132396221
1240 0.01003048568964005
1250 0.01050197891891003
1260 0.009182597510516644
1270 0.01226306241005659
1280 0.012389175593853
1290 0.01344078686088324
1300 0.01154636032879353
1310 0.01237759552896023
1320 0.00689668720588088
1330 0.01101705990731716
1340 0.01153427921235561
1350 0.01551686599850655
1360 0.0141924861818552
1370 0.02067946083843708
1380 0.009150931611657143
1390 0.01147387083619833
1400 0.005603435449302197
1410 0.008203001692891121
1420 0.01617236621677876
1430 0.01864374801516533
1440 0.01370215974748135
1450 0.0177994892001152
1460 0.02190306223928928
1470 0.01782176271080971
1480 0.01967937871813774
1490 0.02229643426835537
1500 0.02116820774972439
1510 0.02366074360907078
1520 0.01989828795194626
1530 0.02255542762577534
1540 0.0169261060655117
1550 0.02018381841480732
1560 0.02282585948705673
1570 0.02017111703753471
1580 0.01928873918950558
1590 0.02216852270066738
1600 0.02742098644375801
1610 0.03247750550508499
1620 0.02462458424270153
1630 0.03388593718409538
1640 0.02708947472274303
1650 0.03343070670962334
1660 0.02288564667105675
1670 0.0143590634688735
1680 0.01265087723731995
1690 0.02198013477027416
1700 0.03151721507310867
1710 0.02900664694607258
1720 0.02496972121298313
1730 0.01747644133865833
1740 0.02319419756531715
1750 0.02669854648411274
1760 0.02456956170499325
1770 0.02558458037674427
1780 0.02485809847712517
1790 0.02400510199368
1800 0.02214045263826847
1810 0.01455449685454369
1820 0.0226607471704483
1830 0.02889242768287659
1840 0.02930345572531223
1850 0.01796712353825569
1860 0.01630480773746967
1870 0.04193807393312454
1880 0.01940882951021194
1890 0.02546375617384911
1900 0.01681008376181126
1910 0.02037863060832024
1920 0.02388945035636425
1930 0.03122016042470932
1940 0.0281514972448349
1950 0.01565623469650745
1960 0.02691669575870037
1970 0.02430284209549427
1980 0.02814752608537674
1990 0.02516561932861805
2000 0.01987697742879391
2010 0.02508433535695076
2020 0.02418793551623821
2030 0.02640951611101627
2040 0.02813602052628994
2050 0.03040280379354954
2060 0.03300446644425392
2070 0.02677419036626816
2080 0.02803600393235683
2090 0.02570564486086369
2100 0.03193778172135353
2110 0.02601335570216179
2120 0.0348227471113205
2130 0.02734100073575974
2140 0.01860437914729118
2150 0.03608165308833122
2160 0.03671310842037201
2170 0.03529138490557671
2180 0.02682627364993095
2190 0.02883803658187389
2200 0.02680067718029022
2210 0.02970322594046593
2220 0.03713813424110413
2230 0.03486301377415657
2240 0.02736885659396648
2250 0.02801727876067162
2260 0.03169817104935646
2270 0.03601232916116714
2280 0.03346862643957138
2290 0.0364079512655735
2300 0.02804071083664894
2310 0.03057792782783508
2320 0.03970005735754967
2330 0.03883730620145798
2340 0.04326242953538895
2350 0.03565174713730812
2360 0.04393880441784859
2370 0.0337262898683548
2380 0.03622157126665115
2390 0.03124295361340046
2400 0.01269392017275095
2410 0.0346454456448555
2420 0.03144808858633041
2430 0.03143374249339104
2440 0.04341966658830643
2450 0.04195228219032288
2460 0.03873563930392265
2470 0.04843330755829811
2480 0.04597941786050797
2490 0.04158952832221985
2500 0.03660549968481064
2510 0.02621501684188843
2520 0.02641263045370579
2530 0.02888657711446285
2540 0.03464185073971748
2550 0.03649516031146049
2560 0.02770150266587734
2570 0.02987878769636154
2580 0.03120330348610878
2590 0.03641515970230103
2600 0.0309270154684782
2610 0.03150392696261406
2620 0.04939974099397659
2630 0.06551530212163925
2640 0.05202776566147804
2650 0.0434364415705204
2660 0.02848687767982483
2670 0.03210010007023811
2680 0.03726932033896446
2690 0.04279976338148117
2700 0.0449521392583847
2710 0.03251829370856285
2720 0.03294423595070839
2730 0.0317423939704895
2740 0.04114280641078949
2750 0.04118441417813301
2760 0.03514111042022705
2770 0.03435033932328224
2780 0.04402538016438484
2790 0.04117723554372787
2800 0.04120133072137833
2810 0.03890158608555794
2820 0.03912202268838882
2830 0.04391327127814293
2840 0.05051225796341896
2850 0.03924159705638885
2860 0.04082959890365601
2870 0.02053514681756496
2880 0.02750035189092159
2890 0.04998434707522392
2900 0.04900563508272171
2910 0.04451858624815941
2920 0.04049462452530861
2930 0.03779063001275063
2940 0.04074697196483612
2950 0.03762674331665039
2960 0.04154061526060104
2970 0.04809334129095078
2980 0.04252500459551811
2990 0.04435686022043228
3000 0.04620091989636421
3010 0.04604107514023781
3020 0.04322234913706779
3030 0.03433308005332947
3040 0.03452989459037781
3050 0.0351063646376133
3060 0.03651195764541626
3070 0.03948832675814629
3080 0.03522347286343575
3090 0.04092130064964294
3100 0.05637919157743454
3110 0.04766981303691864
3120 0.02719641663134098
3130 0.02662568539381027
3140 0.05275265127420425
3150 0.05134114623069763
3160 0.04884205758571625
3170 0.04658134654164314
3180 0.04226753115653992
3190 0.0458083339035511
3200 0.05129314213991165
3210 0.04393899813294411
3220 0.04297534748911858
3230 0.05327168107032776
3240 0.05476008728146553
3250 0.05595561861991882
3260 0.04774769768118858
3270 0.0418541207909584
3280 0.04587923362851143
3290 0.05934241786599159
3300 0.05815021321177483
3310 0.02386074885725975
3320 0.04673469811677933
3330 0.04486578702926636
3340 0.0384826734662056
3350 0.06782079488039017
3360 0.05888552218675613
3370 0.04768446460366249
3380 0.04551609605550766
3390 0.04832883179187775
3400 0.04852176457643509
3410 0.04438748210668564
3420 0.04096506163477898
3430 0.05113108828663826
3440 0.04252804070711136
3450 0.04259179532527924
3460 0.05075575411319733
3470 0.04807452857494354
3480 0.04069694131612778
3490 0.05161444470286369
3500 0.04702100157737732
3510 0.04379444941878319
3520 0.04509633779525757
3530 0.03995903208851814
3540 0.04078077152371407
3550 0.04561121389269829
3560 0.04836492240428925
3570 0.0513119101524353
3580 0.06480864435434341
3590 0.05701730400323868
3600 0.05081769078969955
3610 0.05394507199525833
3620 0.04267901182174683
3630 0.05167581513524055
3640 0.05538514256477356
3650 0.05261636525392532
3660 0.04987224563956261
3670 0.04683182761073112
3680 0.04979944974184036
3690 0.05240020528435707
3700 0.0619492419064045
3710 0.04878036677837372
3720 0.04464610293507576
3730 0.0544905997812748
3740 0.05411390215158463
3750 0.05941562354564667
3760 0.07639932632446289
3770 0.0504576787352562
3780 0.04959981143474579
3790 0.05181937292218208
3800 0.05460140854120255
3810 0.0286503117531538
3820 0.02562048099935055
3830 0.02060802467167377
3840 0.03262271732091904
3850 0.03970876336097717
3860 0.06002691388130188
3870 0.04869510233402252
3880 0.05222820863127708
3890 0.05532530695199966
3900 0.05927663668990135
3910 0.05817009136080742
3920 0.05568327382206917
3930 0.05837807431817055
3940 0.0571717694401741
3950 0.05040427669882774
3960 0.05036759749054909
3970 0.05042001605033875
3980 0.05903738737106323
3990 0.05724701657891273
4000 0.06081008538603783
4010 0.04980659484863281
4020 0.05219969525933266
4030 0.05022599548101425
4040 0.05499774590134621
4050 0.07050152868032455
4060 0.05391323193907738
4070 0.05249332264065742
4080 0.03062751144170761
4090 0.04569043219089508
4100 0.0471581444144249
4110 0.04538920521736145
4120 0.04693663120269775
4130 0.0564618706703186
4140 0.06411308795213699
4150 0.05647667124867439
4160 0.06360569596290588
4170 0.06021911650896072
4180 0.06185097619891167
4190 0.05540262907743454
4200 0.06525927782058716
4210 0.06728053838014603
4220 0.07386533170938492
4230 0.06603483110666275
4240 0.06016204133629799
4250 0.05771414563059807
4260 0.0632011815905571
4270 0.06589806079864502
4280 0.05446433648467064
4290 0.04935896769165993
4300 0.05809630453586578
4310 0.04795480892062187
4320 0.03289118409156799
4330 0.05771831795573235
4340 0.04997088015079498
4350 0.0554109700024128
4360 0.06149379909038544
4370 0.06247766688466072
4380 0.06621553003787994
4390 0.05849180370569229
4400 0.05849588289856911
4410 0.06222705543041229
4420 0.06395599991083145
4430 0.05871417745947838
4440 0.05897805094718933
4450 0.05919523164629936
4460 0.06080242618918419
4470 0.06086824834346771
4480 0.05945838242769241
4490 0.0572371669113636
4500 0.06078237295150757
4510 0.06363532692193985
4520 0.06620800495147705
4530 0.04642255231738091
4540 0.05175577849149704
4550 0.06078924983739853
4560 0.02215602435171604
4570 0.02928422205150127
4580 0.02918884716928005
4590 0.04753692820668221
4600 0.0690964087843895
4610 0.0634116604924202
4620 0.06162027269601822
4630 0.06460762768983841
4640 0.06598611921072006
4650 0.0574430525302887
4660 0.05933946743607521
4670 0.06521306931972504
4680 0.07365334779024124
4690 0.07508163899183273
4700 0.07158063352108002
4710 0.06104011461138725
4720 0.07731839269399643
4730 0.07117704302072525
4740 0.06598083674907684
4750 0.05169019475579262
4760 0.05756459757685661
4770 0.07661972939968109
4780 0.08218861371278763
4790 0.1078619509935379
4800 0.04545414447784424
