"Time Step" "max-vel-rotor"
20410 8.263948526344834
20420 8.280667715268182
20430 8.236529444240576
20440 8.317455171022146
20450 8.446398882002828
20460 8.566879734235519
20470 8.66729808418833
20480 8.723458071602433
20490 8.67674763268214
20500 8.577545881037105
20510 8.455508653267373
20520 8.337239684586184
20530 8.208313649200706
20540 8.28459554623568
20550 8.350032317458776
20560 8.358400433191136
20570 8.351252734310572
20580 8.241169828394264
20590 8.230494999841756
20600 8.370732142583911
20610 8.537277338183324
20620 8.498510551670458
20630 8.444036372541289
20640 8.466511288885314
20650 8.448871365754636
20660 8.458738495519327
20670 8.466091886749821
20680 8.418535876151966
20690 8.182454047962731
20700 8.299353079148149
20710 8.475303203393841
20720 8.543641011879879
20730 8.566894278286536
20740 8.549049446490496
20750 8.494399524164214
20760 8.428297561527918
20770 8.398416250684544
20780 8.460194951472031
20790 8.555203226057433
20800 8.627110510623023
20810 8.636366070900451
20820 8.548501722197779
20830 8.371907143068485
20840 8.274804828281034
20850 8.561995985767775
20860 8.673426183293294
20870 8.507482422364598
20880 8.421562417990735
20890 8.323351864985176
20900 8.45247361920085
20910 8.693457175923545
20920 8.761642008207119
20930 8.820154857888914
20940 8.671783600536815
20950 8.451116857980614
20960 8.328171554062253
20970 8.302713222069489
20980 8.180390700372641
20990 8.292029395582242
21000 8.340115404083498
21010 8.25156948977231
21020 8.373345751445902
21030 8.417295775240117
21040 8.455630313753572
21050 8.305474833886201
21060 8.311253772450984
21070 8.209412631539372
21080 8.239460094945544
21090 8.375354416208136
21100 8.46434261885434
21110 8.54883346237636
21120 8.587266628900231
21130 8.56565676840699
21140 8.331332251577578
21150 8.41606960987863
21160 8.535441374598696
21170 8.558818632429707
21180 8.521593248947269
21190 8.5810786473789
21200 8.643750618265162
21210 8.628196042406486
21220 8.57810730283515
21230 8.624930080007086
21240 8.707897564557562
21250 8.65689162391249
21260 8.504532625438335
21270 8.507301924983688
21280 8.485222292829922
21290 8.46305851162087
21300 8.520662167965408
21310 8.426654250964608
21320 8.307913027557296
21330 8.55645880608877
21340 9.007702573019786
21350 9.14829306517727
21360 9.068894935258932
21370 8.890069196038693
21380 8.663396108685003
21390 8.501887772336168
21400 8.662689350732101
21410 8.74412170740332
21420 8.927587020540107
21430 9.110209702908053
21440 9.057236628904995
21450 8.96195531410919
21460 8.783292810741004
21470 8.723581058706012
21480 8.756349603955087
21490 8.72329153243245
21500 8.635472576176284
21510 8.61825449598278
21520 8.582801878091455
21530 8.543998419769062
21540 8.387564123514487
21550 8.381929160015716
21560 8.577832964611909
21570 8.670385072047226
21580 8.782093282468697
21590 8.870402935437214
21600 8.85490176045521
21610 8.659625349368326
21620 8.433990906504432
21630 8.421277271131785
21640 8.45471941448656
21650 8.639582518097638
21660 8.91913626189128
21670 9.096509023052164
21680 9.035507135182565
21690 8.75542957257893
21700 8.629871945222028
21710 8.599262692344382
21720 8.447085595022635
21730 8.252617546082567
21740 8.222794264787693
21750 8.348229224840308
21760 8.451036863806895
21770 8.502370138924931
21780 8.417565200853868
21790 8.471842791206454
21800 8.653180418021382
21810 8.850097711770061
21820 9.024882837945491
21830 9.050333710184605
21840 8.968537700176016
21850 8.858446493026431
21860 8.870924602466809
21870 8.948352105654035
21880 8.935431623171583
21890 8.74884412102832
21900 8.605714642980182
21910 8.638949822667293
21920 8.749137135051857
21930 8.785583218152713
21940 8.747514276355277
21950 8.632281316148575
21960 8.657509657078318
21970 8.581052831926643
21980 8.484729115587442
21990 8.587019772046059
22000 8.658871537934084
22010 8.644762889368028
22020 8.624348452630908
22030 8.764125775729944
22040 8.949472161594475
22050 9.125857752371921
22060 9.409924616671981
22070 9.616247039786565
22080 9.187135955735574
22090 8.85833153660176
22100 8.771077882765153
22110 8.696090375503836
22120 8.66893374260966
22130 8.626623017886677
22140 8.544802242439657
22150 8.52986174099998
22160 8.583932288270029
22170 8.459104783242463
22180 8.389966179537673
22190 8.435253750397893
22200 8.569702595052473
22210 8.571531400044492
22220 8.554299022708536
22230 8.575711877784611
22240 8.694482289221186
22250 8.70360223284729
22260 8.56990557526241
22270 8.550434534664436
22280 8.659934124002309
22290 8.675438060768837
22300 8.505781184309296
22310 8.435756141828104
22320 8.421887565602805
22330 8.390562701605582
22340 8.407229741003968
22350 8.461081337634747
22360 8.649687346261887
22370 8.687705932467392
22380 8.625353282892132
22390 8.583663911825399
22400 8.61448554456488
22410 8.54605647430313
22420 8.441375821075772
22430 8.328799478400056
22440 8.410646160768676
22450 8.619017268480325
22460 8.783591369602387
22470 8.878536027538692
22480 8.916541409333107
22490 8.905870148395774
22500 8.848708249156555
22510 8.721206777323257
22520 8.598017476230824
22530 8.412075145148572
22540 8.289286595373015
22550 8.409165922496276
22560 8.603240796851358
22570 8.631022383877747
22580 8.491205996560032
22590 8.582870737692007
22600 8.516735969153723
22610 8.427874067006098
22620 8.472697258851312
22630 8.461443218868082
22640 8.278345501337991
22650 8.419161030461723
22660 8.509907816128097
22670 8.348885249861189
22680 8.354307289206053
22690 8.477721763739593
22700 8.404190496943951
22710 8.440661906199086
22720 8.412728215613052
22730 8.395777251790999
22740 8.329376762655883
22750 8.339741427384947
22760 8.504642625660157
22770 8.677850432664126
22780 8.498630256529923
22790 8.490227038852341
22800 8.620536385246666
22810 8.832387202636193
22820 8.871768527656226
22830 8.7272955714877
22840 8.543048903137956
22850 8.48520421617984
22860 8.544594135323031
22870 8.480519946638129
22880 8.589623286216598
22890 8.744153358517938
22900 8.736169341807484
22910 8.565067633789676
22920 8.578709631610199
22930 8.650625099873102
22940 8.67901206075687
22950 8.51099513910701
22960 8.585593058546173
22970 8.596165721097929
22980 8.508147963505344
22990 8.405753366267172
23000 8.522947463546071
23010 8.66375709397499
23020 8.736889988237685
23030 8.760352554751737
23040 8.598855936234727
23050 8.451041059071422
23060 8.496517992361952
23070 8.471365408566285
23080 8.434991827812896
23090 8.448296886705171
23100 8.520068174913469
23110 8.526160272006186
23120 8.586339603303465
23130 8.715904479419546
23140 8.729677400865672
23150 8.578119135761675
23160 8.798914585928006
23170 9.012957463365522
23180 8.934148276318382
23190 8.709997830857237
23200 8.553460671637376
23210 8.549808308236949
23220 8.66111685547952
23230 8.895260059695316
23240 8.999878551855616
23250 9.028957622832204
23260 8.890776182175721
23270 8.736028028211036
23280 8.704693820646813
23290 8.758016618253885
23300 8.721825874162734
23310 8.732398232562826
23320 8.540798564074208
23330 8.341059153957302
23340 8.330917366971864
23350 8.260307422357343
23360 8.357999845234808
23370 8.503380569893094
23380 8.627941818568075
23390 8.693556707738468
23400 8.74876433761103
23410 8.742314006743694
23420 8.838671054464269
23430 8.848656539390728
23440 8.743642697304361
23450 8.639051668169033
23460 8.671321735230396
23470 8.75953730928029
23480 8.82067266293128
23490 8.896296372020213
23500 8.94534183730279
23510 8.871987458784179
23520 8.757381537481008
23530 8.666086332683037
23540 8.576217718565285
23550 8.471912507570513
23560 8.411571175700415
23570 8.284668739966431
23580 8.142650290971822
23590 8.176187894588629
23600 8.301215739058572
23610 8.420856661980523
23620 8.441996618970975
23630 8.477784238545958
23640 8.594924352871184
23650 8.78542075404375
23660 8.818477700391558
23670 8.666150323873515
23680 8.714639714581105
23690 8.707001041089262
23700 8.770576426520224
23710 8.801835594233665
23720 8.765527808841641
23730 8.65364779041238
23740 8.596545340508438
23750 8.584492615454893
23760 8.53641162308813
23770 8.424144162354798
23780 8.271972934135068
23790 8.240851828486747
23800 8.184328088545218
23810 8.400009862601827
23820 8.827081266079093
23830 8.89815826521243
23840 8.734513182379324
23850 8.690492555572588
23860 8.572139864041647
23870 8.858884087587571
23880 8.931195157598234
23890 8.755390659027716
23900 8.757466585659152
23910 8.711553082430779
23920 8.674816409980757
23930 8.709755585449178
23940 8.503112613057819
23950 8.604709958516652
23960 8.722388677790713
23970 8.648430500440409
23980 8.669150542731993
23990 8.600287538497968
24000 8.512628872527628
13810 8.793624743235499
13820 9.047238408701984
13830 8.956929354341975
13840 8.768268867458637
13850 8.785816986739816
13860 9.03991391647255
13870 9.405561388620729
13880 9.621844694356904
13890 9.606013133592024
13900 9.450739705701118
13910 9.251687534696348
13920 9.022498383996641
13930 8.892350817338865
13940 8.824265106727363
13950 8.72576119530733
13960 8.569076144495865
13970 8.410818606478013
13980 8.473304249944716
13990 8.58319930893736
14000 8.487233337526245
14010 8.440983528265008
14020 8.499125931709024
14030 8.528588842243721
14040 8.519465212696414
14050 8.458678820184101
14060 8.28879901640739
14070 8.142256206897267
14080 8.103173887985461
14090 8.08118727876303
14100 8.162165763579436
14110 8.028338226332172
14120 8.115375921898996
14130 8.089354793587649
14140 8.064765166182761
14150 8.133437818545701
14160 8.242338992339327
14170 8.232935275210263
14180 8.272378078502362
14190 8.656015709510047
14200 9.12142152780028
14210 9.280073726179392
14220 9.133026219059783
14230 8.874895194920789
14240 8.797940729336995
14250 8.783195555839017
14260 8.573933052208327
14270 8.476953029523861
14280 8.617796517575092
14290 8.507459719141796
14300 8.533528736794265
14310 8.667054957577706
14320 8.572747157574829
14330 8.22669659836521
14340 8.271908460827476
14350 8.341979470835559
14360 8.601954118106057
14370 8.733427763476517
14380 8.685844256132153
14390 8.56993764385882
14400 8.500262292560834
14410 8.433834917589195
14420 8.627156016096187
14430 8.714621834097571
14440 8.698993027054312
14450 8.857205366437555
14460 8.931129216890531
14470 8.925792956741404
14480 8.852563357445835
14490 8.735591926881444
14500 8.624124507687492
14510 8.729277569430341
14520 8.959611299283521
14530 9.06224970856058
14540 8.918088201348183
14550 8.648428724372177
14560 8.618764091665051
14570 8.697234016660376
14580 8.767444416548948
14590 8.625669012279063
14600 8.463848418805362
14610 8.487572756299087
14620 8.695377368667231
14630 8.833632062445551
14640 8.689364502788331
14650 8.56020733670708
14660 8.526776924012804
14670 8.739873172358767
14680 8.972530811518922
14690 8.943035144775106
14700 8.760822641995345
14710 8.524711638473592
14720 8.457159282042458
14730 8.419531076735979
14740 8.477220377345196
14750 8.493300110299067
14760 8.456915971941006
14770 8.583807086684166
14780 8.748517825583287
14790 8.77746944159691
14800 8.732344015495149
14810 8.632317971815148
14820 8.573675113631198
14830 8.594429221307525
14840 8.659740403505353
14850 8.614898301775561
14860 8.623692770580474
14870 8.557691114028533
14880 8.525768832109872
14890 8.553105840327131
14900 8.603860841130462
14910 8.440624573983303
14920 8.393846759960738
14930 8.457969836088882
14940 8.348050176564751
14950 8.264064955059116
14960 8.450642439364666
14970 8.450626539006603
14980 8.32260112830641
14990 8.318992001316483
15000 8.381463287199523
15010 8.379075060955811
15020 8.364912474977306
15030 8.364005284148503
15040 8.265998810193045
15050 8.320423444097493
15060 8.357848592279712
15070 8.410512172411172
15080 8.45894901769856
15090 8.431325688750015
15100 8.628837591095154
15110 8.690645361164464
15120 8.528018082474219
15130 8.424787116339333
15140 8.385269188688989
15150 8.257273539119709
15160 8.114347786569887
15170 8.028781810150882
15180 8.130768039855893
15190 8.129223296352597
15200 8.435243760887531
15210 8.759019464297452
15220 8.976341886288452
15230 8.995878966885673
15240 8.821034046691306
15250 8.56059935467035
15260 8.360188576247268
15270 8.350517583298497
15280 8.378675817041989
15290 8.559687861262692
15300 8.709286290701362
15310 8.782107489008506
15320 8.768852899350431
15330 8.618155475096669
15340 8.564295177968974
15350 8.60524933316575
15360 8.651780797690458
15370 8.673149826338641
15380 8.618890296441549
15390 8.475993957440844
15400 8.413889191123021
15410 8.423303741043899
15420 8.464795503260794
15430 8.504543781338434
15440 8.563865806953107
15450 8.687039926541033
15460 8.902053127806923
15470 9.159301542796202
15480 9.165966162204924
15490 9.143771993237022
15500 9.165162315492406
15510 9.014353862738597
15520 8.797476783884985
15530 8.666566464382271
15540 8.479655074417428
15550 8.461776164848459
15560 8.473809301388824
15570 8.444579243632141
15580 8.454897135240895
15590 8.442617972985477
15600 8.397721729456801
15610 8.401017236977632
15620 8.509340552549501
15630 8.561169044740392
15640 8.6456426599143
15650 8.704856835289069
15660 8.698467940885184
15670 8.774230213728774
15680 8.497348354977639
15690 8.336380330743344
15700 8.265930754172206
15710 8.170583975169496
15720 8.224273897816309
15730 8.480061246899496
15740 8.636773512262812
15750 8.635500140890889
15760 8.521774943839796
15770 8.47638117447408
15780 8.379621337730271
15790 8.347416106036441
15800 8.47095730699991
15810 8.6387112354072
15820 8.691738250510923
15830 8.672912089405052
15840 8.703373962711774
15850 8.692108627711127
15860 8.566160975513785
15870 8.626087229694955
15880 8.677981921986778
15890 8.69482326161592
15900 8.841748867272818
15910 8.859318598890283
15920 8.70063500439977
15930 8.651603260600734
15940 8.598331912825017
15950 8.408661999611514
15960 8.407352638022878
15970 8.736695820422495
15980 8.867968992553307
15990 8.910852733096933
16000 9.059796116007897
16010 8.965329584217912
16020 8.792600713740793
16030 8.768964871256259
16040 8.813766738619393
16050 8.835083523051683
16060 8.756502624507013
16070 8.738920797246912
16080 8.743108248852078
16090 8.824184042814611
16100 8.987350488607643
16110 9.029824030880054
16120 9.034997735234219
16130 9.024048876515408
16140 8.977415180954187
16150 9.149771578295557
16160 9.254707307475194
16170 9.201356615735948
16180 9.072441467666943
16190 9.086090919149992
16200 9.014384797064338
16210 8.899240713597104
16220 9.023904468504792
16230 9.071472506180987
16240 9.080517333257772
16250 9.015987618916974
16260 8.863143528226278
16270 8.812277420158411
16280 8.79776145175147
16290 8.726324374609259
16300 8.789259512540168
16310 8.838442696662343
16320 8.735506528554973
16330 8.560827375463038
16340 8.480318153785227
16350 8.413539080948151
16360 8.434965566906737
16370 8.374649303123055
16380 8.180131586452887
16390 8.149568061679572
16400 8.215979759918339
16410 8.230150544191307
16420 8.254812551911929
16430 8.320797945306428
16440 8.413525778629955
16450 8.493829116415663
16460 8.501840728526046
16470 8.540248117764195
16480 8.724650205564613
16490 8.790637393228266
16500 8.656834421971295
16510 8.486355012120978
16520 8.405440276885519
16530 8.351835381738567
16540 8.298646872027369
16550 8.45170701693772
16560 8.549033960883493
16570 8.389030534728017
16580 8.365719295623576
16590 8.45989777446581
16600 8.565211375902489
16610 8.563328988931735
16620 8.401432283537082
16630 8.348726824020396
16640 8.410542764757494
16650 8.4059421534037
16660 8.399539795512315
16670 8.333336862122257
16680 8.400816932945634
16690 8.502518447146905
16700 8.536592854909035
16710 8.454278496539796
16720 8.388810728992734
16730 8.261630030988099
16740 8.431524361173171
16750 8.529904236377316
16760 8.278844888553136
16770 8.283395222930363
16780 8.3331629761479
16790 8.469928630242697
16800 8.375417310133709
16810 8.515528065309518
16820 8.546629700718057
16830 8.553520100782745
16840 8.630285600761267
16850 8.547900798954046
16860 8.563997185500206
16870 8.658097280379014
16880 8.607056098754397
16890 8.438655456725797
16900 8.538553850489969
16910 8.600844232175138
16920 8.469705274458242
16930 8.313138042282716
16940 8.349033888993581
16950 8.349942382496593
16960 8.439778682897083
16970 8.503818405824251
16980 8.429286390557317
16990 8.363618390963362
17000 8.520495205414207
17010 8.636841162824897
17020 8.832386526599887
17030 9.062051903220103
17040 9.176381882101275
17050 9.109298787499233
17060 8.958177281545215
17070 8.77647213581198
17080 8.665366983658755
17090 8.434499490150607
17100 8.373912443417039
17110 8.482259997713518
17120 8.550999412246375
17130 8.471221182329211
17140 8.493082461998229
17150 8.390841090799121
17160 8.551287238045955
17170 8.830101821742318
17180 8.81668075714707
17190 8.777989450293282
17200 8.89732459863925
17210 8.956671905476739
17220 9.157635603285051
17230 9.172878072858863
17240 9.196932543732611
17250 9.069508980772115
17260 8.904132452588426
17270 8.796533386811733
17280 8.767566069279694
17290 8.693087143731583
17300 8.564284382751712
17310 8.578462714452213
17320 8.509770096782903
17330 8.534335635410502
17340 8.546832398278154
17350 8.719987741658006
17360 8.749112737040432
17370 8.6386544519633
17380 8.420124386776525
17390 8.239917402428443
17400 8.220417600701905
17410 8.265211926947348
17420 8.317429425218142
17430 8.297373700410436
17440 8.276470634824713
17450 8.417579598694376
17460 8.384784261867289
17470 8.219169007336815
17480 8.260114550956736
17490 8.259517971013203
17500 8.263107818553417
17510 8.230745982580563
17520 8.238460628776016
17530 8.258175341170649
17540 8.474877365364149
17550 8.412061752299273
17560 8.246497562415678
17570 8.143212938723023
17580 8.118946239331887
17590 8.150629861829991
17600 8.083800815351481
17610 8.130357996505037
17620 8.119577931641309
17630 8.1762382743762
17640 8.104672978203975
17650 8.016788071841136
17660 8.036651084131437
17670 8.024453772289416
17680 8.266033630108563
17690 8.621261044873828
17700 8.86816440328991
17710 8.826362206801253
17720 8.413068525866922
17730 8.337899854946469
17740 8.340475618197765
17750 8.400874477131115
17760 8.321098662252263
17770 8.316791073926057
17780 8.330493707050318
17790 8.327665638506126
17800 8.295254753754353
17810 8.364196190928183
17820 8.398364587002805
17830 8.362564595526864
17840 8.286140638135732
17850 8.246155612379788
17860 8.352283494465256
17870 8.419092648407316
17880 8.438814317035529
17890 8.396427658104637
17900 8.371448391161225
17910 8.347905209460258
17920 8.320939330969088
17930 8.274301439701189
17940 8.237868635332664
17950 8.236279671804986
17960 8.261574974649749
17970 8.31803711847013
17980 8.423176110245825
17990 8.381069420488611
18000 8.462129279305506
18010 8.595785506925411
18020 8.547356776388396
18030 8.407766708519182
18040 8.301063147973341
18050 8.457735872202189
18060 8.448659787230163
18070 8.443624440760384
18080 8.380655211318201
18090 8.433341201671166
18100 8.495058839405848
18110 8.483677811871644
18120 8.493927954695758
18130 8.571660628950005
18140 8.518929811056843
18150 8.393517407388742
18160 8.351025162525811
18170 8.384410787272675
18180 8.524336994942361
18190 8.657668454432073
18200 8.637577917206283
18210 8.652531765066721
18220 8.762713321358072
18230 8.815355259174671
18240 8.805142848734262
18250 8.842509049116543
18260 9.040487928125783
18270 9.104183370871866
18280 8.99188473583677
18290 8.884045021234888
18300 8.759715157475165
18310 8.590453600802222
18320 8.748908785959076
18330 8.938707120010552
18340 8.998070144621849
18350 8.795416907613351
18360 8.630488623875928
18370 8.540082922633806
18380 8.432027271106698
18390 8.25982597807802
18400 8.207370568210083
18410 8.281627042966642
18420 8.236846002153172
18430 8.447410476954733
18440 8.755279859830978
18450 8.994126652110367
18460 9.021722324487037
18470 8.838969703333701
18480 8.959801482362089
18490 9.121099462393833
18500 9.051922961739113
18510 9.074186558325044
18520 8.868560423760648
18530 8.683144950281989
18540 8.617002016938885
18550 8.609822156501892
18560 8.548030478539237
18570 8.447019846292365
18580 8.424531403841618
18590 8.440799099551047
18600 8.355640442245601
18610 8.310663644831394
18620 8.317378668417234
18630 8.306300361130429
18640 8.370742638962305
18650 8.502369735205095
18660 8.582541801983407
18670 8.547939140380727
18680 8.575409371176848
18690 8.579818423429922
18700 8.620083379093071
18710 8.652476324347241
18720 8.507414749471954
18730 8.449452983772375
18740 8.423776044302411
18750 8.466541382025232
18760 8.520407288316752
18770 8.535829929727893
18780 8.422092351905285
18790 8.490482936204341
18800 8.470233438958552
18810 8.519822046778488
18820 8.651253323414755
18830 8.700734320957828
18840 8.620213180035242
18850 8.640123987680015
18860 8.655784881466049
18870 8.678507679469325
18880 8.799902427770366
18890 8.893852505883636
18900 9.015042360476089
18910 9.207081761468029
18920 9.251854553306815
18930 9.179398823627837
18940 8.988689616046926
18950 8.795227486571934
18960 8.610091820979051
18970 8.416682296516379
18980 8.251287035472314
18990 8.287729425819837
19000 8.309796204671013
19010 8.263102277448397
19020 8.314568636918779
19030 8.42421563244605
19040 8.482850594944145
19050 8.475041127963777
19060 8.507643416619695
19070 8.572976163995058
19080 8.619186147831236
19090 8.734401965639771
19100 8.666388555092004
19110 8.601132659649309
19120 8.666830353313504
19130 8.671075246099148
19140 8.593763121846498
19150 8.500351037457305
19160 8.50333793319834
19170 8.500272136918287
19180 8.408096349059226
19190 8.290788075500389
19200 8.392278239949894
19210 8.304558162376587
19220 8.255711576972367
19230 8.187797035185957
19240 8.101238975200291
19250 8.069420816625655
19260 8.170579274149693
19270 8.17230926776527
19280 8.13778924291535
19290 8.198622672745113
19300 8.386765963998707
19310 8.273149519170124
19320 8.1099915863874
19330 8.170964511194995
19340 8.163634196953431
19350 8.285935285045978
19360 8.339082509030527
19370 8.441809412785389
19380 8.548398122243453
19390 8.438339312768868
19400 8.342003690715385
19410 8.106375967260998
19420 8.15469176413839
19430 8.113569911333757
19440 8.12215716352175
19450 8.076101388937547
19460 8.077909262560564
19470 8.328610525946583
19480 8.593506447661923
19490 8.742697509616928
19500 8.725647701678408
19510 8.652630321674536
19520 8.698065057779498
19530 8.78812981137747
19540 8.992075482401017
19550 9.072860931058626
19560 8.9430504849523
19570 8.695815671808569
19580 8.504729495367057
19590 8.33440848575683
19600 8.427449249844484
19610 8.486502223862074
19620 8.586974115463748
19630 8.693763145071561
19640 8.798583346450924
19650 8.72270307171703
19660 8.714152377296106
19670 8.706493945024816
19680 8.806543318448803
19690 8.829816794487101
19700 8.679981968472404
19710 8.52428061380251
19720 8.445139346732512
19730 8.457972745413807
19740 8.462487009931523
19750 8.452182218307753
19760 8.42138503525968
19770 8.400626599732174
19780 8.458689479998014
19790 8.521507521903255
19800 8.532010380646769
19810 8.569119693615006
19820 8.538994459122438
19830 8.487090282339226
19840 8.489909966651883
19850 8.49699536212788
19860 8.531925995067034
19870 8.576781876239011
19880 8.562346011290748
19890 8.462149720608812
19900 8.441553547645681
19910 8.348886353528691
19920 8.342765109835351
19930 8.366077062022455
19940 8.407432530108036
19950 8.487826181918416
19960 8.554045464865194
19970 8.575681816098543
19980 8.57309620536296
19990 8.565250390151471
20000 8.535013981836441
20010 8.466879615779588
20020 8.386082710173058
20030 8.324758574680724
20040 8.308990305319485
20050 8.372052071216935
20060 8.400993901109789
20070 8.384667568539236
20080 8.337687069475557
20090 8.235233368016941
20100 8.186647969162951
20110 8.213429424572444
20120 8.233017970148282
20130 8.253805168053127
20140 8.710577879297187
20150 8.982360570874155
20160 9.061133867559207
20170 8.818766714630044
20180 8.495876563754974
20190 8.435590849510536
20200 8.329041571881731
20210 8.245554179916564
20220 8.240245891811703
20230 8.278339378543548
20240 8.315609388495593
20250 8.352827380616958
20260 8.371170834158182
20270 8.43534970516275
20280 8.501477944084765
20290 8.508362811253104
20300 8.553001585437343
20310 8.603538024947014
20320 8.720741939067164
20330 8.786702302535371
20340 8.80480845978628
20350 8.739158340373994
20360 8.570174410738591
20370 8.54663539010274
20380 8.593566249900885
20390 8.445017092156487
20400 8.285444118650119
6810 9.070250406753528
6820 8.822426246490558
6830 8.940062735535466
6840 9.006021372854823
6850 9.167999594614397
6860 9.431806689273202
6870 9.55172052110446
6880 9.310871868837355
6890 9.031863743749211
6900 8.940375145175958
6910 9.016069110508003
6920 9.114136192277714
6930 9.169498648113452
6940 9.098275702877626
6950 9.019926970288052
6960 9.07940482366401
6970 9.14619752038349
6980 9.277546832682138
6990 9.314876433172488
7000 9.253104894456676
7010 9.062017493944651
7020 8.798250695245432
7030 8.599414522671863
7040 8.841029020372764
7050 8.876364270819293
7060 8.696904118023108
7070 8.694333430043173
7080 8.883478597696657
7090 9.064502365361751
7100 9.106895429216895
7110 8.999633156870917
7120 8.7711914500074
7130 8.635572649386303
7140 8.667096841266909
7150 8.534251623309121
7160 8.347964911481906
7170 8.302280582750504
7180 8.305350080610856
7190 8.330819116353405
7200 8.244872776623298
7210 8.29609234111931
7220 8.421090268567831
7230 8.833819871966261
7240 9.055234174996553
7250 9.060546662894405
7260 8.969536524756522
7270 8.797735608798137
7280 8.522078523571949
7290 8.274272838140016
7300 8.177107352068687
7310 8.299855057317277
7320 8.687198486670093
7330 8.713485312907716
7340 8.433999560166063
7350 8.436968659282284
7360 8.481267256836793
7370 8.518530422478007
7380 8.459669937587327
7390 8.45574931322426
7400 8.747447462547751
7410 8.802454787347855
7420 8.704133970743525
7430 8.614650600793439
7440 8.60948983613595
7450 8.682170894005731
7460 8.770149034448375
7470 9.068977020421773
7480 9.276477327215684
7490 9.320121321901263
7500 9.249101502533232
7510 9.085126034957106
7520 8.773078961428272
7530 8.725201408896057
7540 8.786945085480825
7550 8.773172552022547
7560 8.666686794969523
7570 8.512145743217799
7580 8.371488267641022
7590 8.473581395128059
7600 8.485343617996643
7610 8.638239879462828
7620 8.728959647644457
7630 8.758368016386303
7640 8.704427792485072
7650 8.558023786605656
7660 8.391727479853831
7670 8.542662128250031
7680 8.549049426295577
7690 8.589644406404279
7700 8.509461488772089
7710 8.488835221675416
7720 8.425412354654284
7730 8.372865135415402
7740 8.303617521069423
7750 8.300641256108188
7760 8.283281608468622
7770 8.176584660198584
7780 8.088259575178792
7790 8.104059135119904
7800 8.273234266087801
7810 8.478447430387023
7820 8.630457877501483
7830 8.589845146296179
7840 8.500412438414889
7850 8.368163876004694
7860 8.555207933571802
7870 8.583380570040807
7880 8.793381064346287
7890 8.73149885569018
7900 8.437567739078414
7910 8.547115061837983
7920 8.626498251323968
7930 8.597454866186133
7940 8.605023783239099
7950 8.766538149638835
7960 8.839232066849206
7970 8.738021553887483
7980 8.639563458195612
7990 8.673513693931678
8000 8.567387963434514
8010 8.371051327589797
8020 8.36300405538263
8030 8.348882481095062
8040 8.311786173022375
8050 8.321104497740086
8060 8.312431576672083
8070 8.449829112548491
8080 8.547107944180246
8090 8.831256984690691
8100 9.065956880226056
8110 9.3759626806743
8120 9.417573771446502
8130 9.174336138493739
8140 9.048353374534374
8150 8.940768902149324
8160 8.747193174617744
8170 8.613625129799765
8180 8.791311349537436
8190 8.922840141367884
8200 9.015190565191304
8210 8.848158034311661
8220 8.515811384049416
8230 8.446333616688007
8240 8.389889167076582
8250 8.358705398725112
8260 8.343834206696707
8270 8.329368441758465
8280 8.289296788998398
8290 8.2999542051686
8300 8.356560916246004
8310 8.510671253811616
8320 8.718903584254413
8330 8.792120945206737
8340 8.702293578409659
8350 8.564495322843824
8360 8.57232232105936
8370 8.663011196713979
8380 8.678351362328975
8390 8.637183251747336
8400 8.541370368285952
8410 8.675986828670053
8420 8.957663010133391
8430 9.002562621682856
8440 8.782625285099515
8450 8.61997632193478
8460 8.593809670656167
8470 8.79130847315586
8480 8.942992703569864
8490 8.965624210195795
8500 8.902456800664901
8510 8.790724247248903
8520 8.61329377737742
8530 8.456194908652304
8540 8.371000272164427
8550 8.421534607769903
8560 8.529938455377389
8570 8.526516570520387
8580 8.544556522767349
8590 8.442464370483529
8600 8.294514277727531
8610 8.235751656522536
8620 8.18555570835516
8630 8.185564206037817
8640 8.13334931572736
8650 8.243679425186128
8660 8.380795650749066
8670 8.454779283094876
8680 8.440529252584327
8690 8.414254898684892
8700 8.444156687240257
8710 8.486987022826405
8720 8.414972889025625
8730 8.344540248326208
8740 8.475172023596219
8750 8.373883605674052
8760 8.545287530021826
8770 8.887657713254844
8780 9.153729594695001
8790 9.260825084268717
8800 9.212081851213306
8810 9.053704556776889
8820 9.013169509937322
8830 8.975348586406431
8840 8.979014035766511
8850 8.914210827772116
8860 8.806911653773723
8870 8.636544166937702
8880 8.798020144387062
8890 8.822614655684278
8900 8.719013757363118
8910 8.515837097730801
8920 8.141555004268907
8930 8.247434121410349
8940 8.32424703824068
8950 8.442749383380685
8960 8.555273331196787
8970 8.67040868933644
8980 8.752061696358401
8990 8.673608241740723
9000 8.719570467344491
9010 8.785901396631685
9020 8.780159113156701
9030 8.663878169880709
9040 8.563014481407768
9050 8.498553927344718
9060 8.475778214350328
9070 8.443736705460474
9080 8.450806519765063
9090 8.537118324043245
9100 8.594555959593064
9110 8.509307447610144
9120 8.673973872633916
9130 8.764269335577207
9140 8.720193878660552
9150 8.46800094792764
9160 8.357607228997574
9170 8.445722521889302
9180 8.619429523907113
9190 8.529938762876009
9200 8.361493579565977
9210 8.310437772414996
9220 8.417704060750591
9230 8.433695086179073
9240 8.382467761844152
9250 8.407413647643825
9260 8.419206804187221
9270 8.349778086272201
9280 8.421249735205462
9290 8.53911720395093
9300 8.527495816282295
9310 8.566702084171006
9320 8.572879464979852
9330 8.578099047848204
9340 8.669908694605192
9350 8.650049106258438
9360 8.487488252491804
9370 8.409938853673248
9380 8.423055382631844
9390 8.419203708711096
9400 8.65903244057802
9410 8.939038054232917
9420 9.040996186368991
9430 9.003296076598067
9440 8.749646773637583
9450 8.722146574570258
9460 8.805802981497651
9470 8.846996317516707
9480 9.003540431130656
9490 9.109477200884353
9500 9.115732355825518
9510 8.956601876460004
9520 8.66166958451285
9530 8.4502967770176
9540 8.51697183894621
9550 8.58889669337751
9560 8.703251067929934
9570 8.718681740103523
9580 8.760700865929909
9590 8.842777065917586
9600 8.833428119802893
9610 8.655200914327088
9620 8.461866984612994
9630 8.43927863578269
9640 8.40377974370486
9650 8.304004590929646
9660 8.294901317274004
9670 8.377244357700649
9680 8.510579435145761
9690 8.605686499718923
9700 8.59486364872496
9710 8.553299539498052
9720 8.486348502939906
9730 8.398152782256062
9740 8.539209474230624
9750 8.637804144424914
9760 8.651380704538118
9770 8.575459286183129
9780 8.702187225265684
9790 8.752859928067789
9800 8.500241701695577
9810 8.377781299849575
9820 8.295377345091758
9830 8.401138314533043
9840 8.465924762007567
9850 8.544228126675028
9860 8.571971266264979
9870 8.642998365627779
9880 8.416418746297767
9890 8.401414997341567
9900 8.389252291630054
9910 8.405503596378377
9920 8.598313004190754
9930 8.754253567737186
9940 8.671786315679416
9950 8.60543678994658
9960 8.418092979124054
9970 8.962606271624265
9980 8.978235800800229
9990 8.552091914491999
10000 8.626619954791089
10010 8.7588723088032
10020 8.776111541714657
10030 8.570269111824821
10040 8.234211417353825
10050 8.249210965049164
10060 8.425351069037166
10070 8.711613978696255
10080 8.900649283295355
10090 8.760089825978387
10100 8.448365050748896
10110 8.434530869609535
10120 8.614586976033179
10130 8.617736436430169
10140 8.391272892696914
10150 8.286829758765748
10160 8.266734337412105
10170 8.245058175147989
10180 8.100017025232972
10190 8.073255032684656
10200 8.258921351989105
10210 8.270395971185986
10220 8.15450569174355
10230 8.100253257024637
10240 8.111546736602364
10250 8.14517730259589
10260 8.185410288783705
10270 8.179195842665241
10280 8.190494491589668
10290 8.467198566515032
10300 8.734550181004566
10310 8.888799144712483
10320 8.872051612990406
10330 9.017747452927242
10340 9.000842950274421
10350 8.854396470456383
10360 8.69927636699722
10370 8.572488916868551
10380 8.43474714873993
10390 8.45174621177644
10400 8.502438205024209
10410 8.478387395897467
10420 8.593324246553466
10430 8.754095527860361
10440 8.877271280497986
10450 8.90012285099086
10460 8.707509151263654
10470 8.490702481519612
10480 8.383099291792432
10490 8.547060279091449
10500 8.693955758954912
10510 8.646018300268601
10520 8.470874141868931
10530 8.427311795066617
10540 8.534446626164877
10550 8.345658298628182
10560 8.176372096424517
10570 8.256680405801371
10580 8.393233735772482
10590 8.357897557432198
10600 8.575249061629783
10610 8.415882107257506
10620 8.175040925845591
10630 8.213090778687603
10640 8.229989569836736
10650 8.216363294208739
10660 8.141604757117358
10670 8.138458089385638
10680 8.206322367825923
10690 8.349495385448494
10700 8.408779060607646
10710 8.465903522283559
10720 8.446608708184211
10730 8.553580747786773
10740 8.529968476233901
10750 8.442726894766912
10760 8.387085894181645
10770 8.384764398441206
10780 8.310262379260255
10790 8.296999130267482
10800 8.254133859489725
10810 8.193374046386063
10820 8.310196220799323
10830 8.367449620053407
10840 8.290550541663999
10850 8.14571827828337
10860 8.264079933497092
10870 8.354962814530403
10880 8.520267228133466
10890 8.638889273622864
10900 8.763748410355774
10910 8.901216584262231
10920 8.960701071851933
10930 8.894694829531078
10940 8.78697118574687
10950 8.76244596617355
10960 8.738164944938681
10970 8.723001353634665
10980 8.679184203605281
10990 8.737232223077655
11000 8.825539363640248
11010 8.87040279655502
11020 8.698593112429769
11030 8.460620962489047
11040 8.348087315760996
11050 8.415528145201307
11060 8.591315517665265
11070 8.704298352323431
11080 8.770834798758704
11090 8.652515525395875
11100 8.367152174741486
11110 8.403832353454346
11120 8.394493581785081
11130 8.277847151319504
11140 8.16052336177545
11150 8.160262866725143
11160 8.155990310021899
11170 8.135410615451104
11180 8.483723855687934
11190 8.757261143618726
11200 8.829421909370577
11210 8.683060143604312
11220 8.588870365451879
11230 8.71527574386487
11240 8.725256553725778
11250 8.725890017380724
11260 8.630221924638004
11270 8.542276166551687
11280 8.608888510580341
11290 8.669298800683981
11300 8.645227509030432
11310 8.526591576264364
11320 8.486677143457817
11330 8.520574872581557
11340 8.49893858732524
11350 8.590802854856747
11360 8.618916535925932
11370 8.63905479352386
11380 8.651418878030777
11390 8.632233975064846
11400 8.523998300758599
11410 8.404939668069089
11420 8.283598416301075
11430 8.505665949402131
11440 8.862083381454658
11450 9.054384391532677
11460 9.074758806202146
11470 8.87319186170185
11480 8.697419654360075
11490 8.680899565906822
11500 8.707869877555057
11510 8.537872768009091
11520 8.422388424877106
11530 8.513776359186393
11540 8.569518754447186
11550 8.451528016782099
11560 8.644030028069402
11570 8.800847209744145
11580 8.827003272674945
11590 8.721478495282009
11600 8.540918088576964
11610 8.515937437379737
11620 8.603902634470982
11630 8.719734338836467
11640 8.848776740929942
11650 8.930450341680709
11660 8.985129401449376
11670 9.022034094548397
11680 8.990215939659889
11690 8.938427135036832
11700 8.798974626472848
11710 8.600393152861239
11720 8.632574042345029
11730 8.817430154336392
11740 9.016446227674159
11750 8.980877098299326
11760 8.817170668962262
11770 8.717194501713852
11780 8.630935011873866
11790 8.527594479050787
11800 8.403405475824949
11810 8.347082266514175
11820 8.540252894452683
11830 8.646837922261179
11840 8.745069999906145
11850 8.741559265288991
11860 8.829718945147713
11870 8.760444622594045
11880 8.682549631132758
11890 8.668718031853606
11900 8.675563441483369
11910 8.79531427394533
11920 8.544365591653658
11930 8.42896119462057
11940 8.508170691410504
11950 8.58207131600417
11960 8.687800839300012
11970 8.930410114556842
11980 9.064822917323346
11990 9.020860337864127
12000 8.743414409287885
12010 8.553204614123004
12020 8.588755188050653
12030 8.643118763684567
12040 8.578894514985743
12050 8.478300147837407
12060 8.48658888458279
12070 8.507986756602985
12080 8.503850143176477
12090 8.597116357785119
12100 8.656988614954656
12110 8.64758589370031
12120 8.55998681650934
12130 8.610664022085972
12140 8.678682965772271
12150 8.765485767109718
12160 8.748750985808218
12170 8.762819981019071
12180 8.797620849273557
12190 8.676252181997183
12200 8.491981663895132
12210 8.36593947205094
12220 8.328609028108385
12230 8.29608896520533
12240 8.226623736375632
12250 8.250896522196298
12260 8.18443222515805
12270 8.215943266887033
12280 8.210563906432021
12290 8.389346860110214
12300 8.410772804926964
12310 8.372479359934616
12320 8.427473694824693
12330 8.397535128999992
12340 8.506414451257404
12350 8.751536097888399
12360 8.814478531782507
12370 8.737119645710722
12380 8.652285919151529
12390 8.559114332763796
12400 8.634569133220394
12410 8.677027285674956
12420 8.672394900712908
12430 8.64481963504773
12440 8.593055277164625
12450 8.479582318898583
12460 8.587522032508518
12470 8.576701182602008
12480 8.757009963800126
12490 8.751347587507352
12500 8.601435673770398
12510 8.535908561631038
12520 8.509521076186497
12530 8.57056538300048
12540 8.434457337785672
12550 8.460440051056695
12560 8.495866436695474
12570 8.473423216813462
12580 8.477747642436313
12590 8.524480801750761
12600 8.470751251841465
12610 8.461390359856647
12620 8.606655131216442
12630 8.81750318699051
12640 8.95751729292404
12650 8.996747399738343
12660 8.792155077158197
12670 8.688674812829296
12680 8.554416176037897
12690 8.425375264586867
12700 8.523833085817486
12710 8.536684258276328
12720 8.506001009480729
12730 8.493477296138993
12740 8.890983719044742
12750 9.082777606288738
12760 9.075713542114354
12770 9.080707358979003
12780 9.00252795269498
12790 8.88399940841181
12800 8.889663585582921
12810 9.089135716122719
12820 9.164302394687397
12830 9.259532528818211
12840 9.414071977193908
12850 9.411260484023261
12860 9.442329753329625
12870 9.369909503993796
12880 9.274743677644624
12890 9.164806961046564
12900 9.012039333887316
12910 8.786767267013479
12920 8.713154550677585
12930 8.697613427667994
12940 8.774183744371578
12950 8.786205025352098
12960 8.754178205001358
12970 8.67133362472253
12980 8.652105460199474
12990 8.62965434839294
13000 8.579876373944289
13010 8.466612377859752
13020 8.475119574597617
13030 8.510802189709686
13040 8.440931223149697
13050 8.446829874500155
13060 8.533966210125234
13070 8.525963903228165
13080 8.473483748977666
13090 8.620290729008762
13100 8.781919507347116
13110 8.981333428801529
13120 8.906597390225864
13130 8.768215289315378
13140 8.763856008424661
13150 8.802145227423717
13160 8.796825060474458
13170 8.798654333734385
13180 8.728410796086303
13190 8.55013107163621
13200 8.387929361979003
13210 8.350193662745003
13220 8.296716948969156
13230 8.378288407841556
13240 8.403311599184093
13250 8.351174366402224
13260 8.337800498059247
13270 8.533990819088364
13280 8.416800249771359
13290 8.438984885212529
13300 8.38842136877196
13310 8.460424247604767
13320 8.517124034232065
13330 8.432518438210749
13340 8.380891725651548
13350 8.365996522536584
13360 8.419931038144686
13370 8.623688466989449
13380 8.797705686181704
13390 8.663033716484593
13400 8.663896130787924
13410 8.607281309319664
13420 8.700775846701614
13430 8.749113713910008
13440 8.673317141281718
13450 8.751147186774427
13460 8.725561571615414
13470 8.772704228376531
13480 8.843551655560292
13490 8.8638363431228
13500 8.89199949033412
13510 8.977136325189887
13520 8.944807735474635
13530 8.832868224423292
13540 8.745268475714619
13550 8.771216836648106
13560 8.695703917995372
13570 8.700332876051696
13580 8.782553099190674
13590 8.707840113716363
13600 8.596166271377914
13610 8.318391879288798
13620 8.279474460713651
13630 8.312091111621591
13640 8.180409027563204
13650 7.98297404935663
13660 7.947170651196017
13670 8.010097640114811
13680 8.047829770800487
13690 8.0594261899799
13700 8.241549977900572
13710 8.415110865973515
13720 8.669669985540681
13730 8.812338909531544
13740 8.681530714699212
13750 8.624335107535552
13760 8.650081394105575
13770 8.506863403332828
13780 8.367930831240797
13790 8.372134887059142
13800 8.421879565793645
6210 9.098479002196756
6220 8.95226822334422
6230 8.700044843207948
6240 8.498293648924683
6250 8.4400800276222
6260 8.414356804866157
6270 8.471216663787708
6280 8.407983451239225
6290 8.527903203398299
6300 8.557023475374345
6310 8.969062981847687
6320 9.24157295690812
6330 9.337558430333543
6340 9.145489399704257
6350 8.755660788159789
6360 8.599669067685497
6370 8.521124661780945
6380 8.575066932480677
6390 8.505876950295361
6400 8.453912191568413
6410 8.389043354409406
6420 8.432267855976662
6430 8.415989174704903
6440 8.314231261134072
6450 8.310333880129495
6460 8.314596881895534
6470 8.511978947200829
6480 8.619825863368352
6490 8.450770095494725
6500 8.177495952598049
6510 8.285887829958934
6520 8.424784430162147
6530 8.568694920399334
6540 8.732746510043683
6550 8.806991667512619
6560 8.831217835521576
6570 9.026697027949986
6580 9.0625320000741
6590 8.879863141807219
6600 8.556854047043959
6610 8.379198197225517
6620 8.418078096540981
6630 8.507245330110903
6640 8.477889658625463
6650 8.391691285254044
6660 8.413353387713588
6670 8.528488001775461
6680 8.612179714703284
6690 8.672540266200405
6700 8.809850709214878
6710 8.809606394081788
6720 8.755042045361209
6730 8.64877023216369
6740 8.595488025124562
6750 8.469543989748301
6760 8.521375360954234
6770 8.709100421275121
6780 8.935068392901067
6790 9.182787603779561
6800 9.257775883730222
6810 9.070250523678986
0 8.359536776994853
10 8.311352413726551
20 8.304368842434048
30 8.328109459448099
40 8.355697123103976
50 8.373815898466686
60 8.379289188354573
70 8.336030165802081
80 8.255129287922461
90 8.359499460560578
100 8.59599834569965
110 8.45502097254839
120 8.52048392331883
130 8.667989203660724
140 8.687364650733903
150 8.645697088395165
160 8.658512326253947
170 9.046915218097109
180 9.791054072436685
190 10.02609538028887
200 9.603759220983562
210 9.131118239132954
220 9.158552505751828
230 9.386903515555568
240 9.39542727027602
250 9.301805426025476
260 9.375634976715414
270 9.613459905391259
280 9.937625485948026
290 9.870358861092063
300 9.440280744324026
310 8.94716530293223
320 8.515537042880656
330 8.631033466497156
340 8.738639503497662
350 8.76211403858696
360 8.75440372161157
370 8.759885351875374
380 8.739682121172947
390 8.676808908303338
400 8.59754164240646
410 8.854470675410983
420 8.917900209270131
430 8.739395173079391
440 8.540669634834099
450 8.794944805903613
460 8.952472570468029
470 8.842578460914401
480 8.560838075491413
490 8.397204918321908
500 8.458085960791809
510 8.548552038316902
520 8.564166074156955
530 8.690062693183972
540 8.698664420477037
550 8.704753329898088
560 8.42476803072922
570 8.74041260374538
580 8.879674975018675
590 8.737246063394972
600 8.439080724748832
610 8.606871499118245
620 8.657306922689978
630 8.456987038436807
640 8.710814671532633
650 8.664492874605433
660 8.471767113703352
670 8.499380779695354
680 8.4480534059073
690 8.395283262617028
700 8.653619692562152
710 8.865311587221674
720 8.845844755048098
730 8.717871608333994
740 8.431565284840245
750 8.286717957902988
760 8.377831595899359
770 8.809382216841858
780 8.943140967897389
790 8.852560720292679
800 8.686267605750343
810 8.787746968193385
820 8.500760992949346
830 8.641930550280117
840 8.962898568941808
850 8.947965483232615
860 8.761881773728671
870 8.689184830207003
880 8.685015862938574
890 8.743256441352731
900 8.822587880909499
910 8.821319080060373
920 8.744060516290299
930 8.587616346219503
940 8.935217615188238
950 8.82912129109156
960 9.022629226786389
970 9.087467502653878
980 8.871593089090211
990 8.808079698879171
1000 8.890084850984756
1010 8.829556434570012
1020 8.837158720976067
1030 8.749865089832527
1040 8.659504423531267
1050 8.707133813622402
1060 9.113401012856945
1070 9.19886715912728
1080 9.019740112424939
1090 8.733024723985995
1100 8.573015082025227
1110 8.794557130045197
1120 8.720509468396836
1130 8.795687815978107
1140 9.083407650830079
1150 9.151502281898635
1160 8.878610202676835
1170 9.112374980995572
1180 8.876768790814467
1190 8.729232817131814
1200 8.797335095749832
1210 8.977766286801106
1220 9.120467622956614
1230 8.851993986770337
1240 8.882275253006661
1250 8.988873926239657
1260 9.001513688848332
1270 9.054730215649313
1280 9.098136422368439
1290 9.056798559225243
1300 8.952697390203179
1310 8.929753411015675
1320 8.990487074722036
1330 8.958828227611408
1340 8.938436524229697
1350 8.94077765210068
1360 8.968639647030143
1370 8.927556132305545
1380 8.785779044727622
1390 8.628281100830939
1400 8.538665636914576
1410 8.686404088027247
1420 8.760957193647124
1430 8.819023096350074
1440 8.766682770312887
1450 8.733319022134006
1460 8.647101583462419
1470 8.576597876254516
1480 8.720491430254974
1490 8.861606247967291
1500 8.82682660304161
1510 8.727520207089627
1520 8.819525881711265
1530 8.671790483755331
1540 8.689901938888919
1550 8.781470942647209
1560 8.786569057630185
1570 8.754762297977683
1580 8.723790817837353
1590 8.605079608221233
1600 8.511618578915618
1610 8.419617734102786
1620 8.35084604452371
1630 8.557732020568071
1640 8.663843403297749
1650 8.65958800434964
1660 8.64838312292671
1670 8.626052312217757
1680 8.73547770253507
1690 8.709696694596639
1700 8.597825298281842
1710 8.721144877197778
1720 8.761255747248823
1730 8.770023917677337
1740 9.127634133537425
1750 9.329836246010373
1760 9.589478430142846
1770 9.573985565346373
1780 9.176405824280666
1790 8.984426416561366
1800 8.965626799233712
1810 8.964354864178603
1820 9.010467071992302
1830 9.207490511023668
1840 9.26256753033404
1850 9.260685571102988
1860 9.351415974343373
1870 9.2862449799958
1880 9.003114335025584
1890 9.021521719714549
1900 9.133283322550135
1910 9.181890245574808
1920 8.92125649984772
1930 8.799757376156808
1940 9.039472818406832
1950 9.092954064025934
1960 9.039564179870448
1970 8.897533130781827
1980 8.904802171450619
1990 8.915539625935317
2000 8.794554066900099
2010 8.766810440276696
2020 8.59338001172693
2030 8.528655167329154
2040 8.463627504240801
2050 8.390928399609637
2060 8.377491913017176
2070 8.428867220068232
2080 8.426261466554804
2090 8.725910005033002
2100 8.923370446713932
2110 8.917154435455815
2120 8.819868697377693
2130 8.676545882539326
2140 8.537171863457369
2150 8.44184135489893
2160 8.356638067355275
2170 8.347834706229898
2180 8.427554289425359
2190 8.5491339805602
2200 9.069523128144288
2210 9.292432635683678
2220 9.235180654911382
2230 8.936601678781267
2240 9.04610413839208
2250 9.272614836175469
2260 9.135461876756869
2270 8.966081594738709
2280 8.858439768073401
2290 8.760903113654887
2300 8.819470797493933
2310 8.619126933462809
2320 8.467516333174835
2330 8.529055703261939
2340 8.624662477243538
2350 8.759696713936442
2360 8.694063719138974
2370 8.50659218976061
2380 8.541417645929407
2390 8.654132116000191
2400 8.864923786254991
2410 8.949175558698858
2420 8.772989457526034
2430 8.700271998634051
2440 8.827430505613174
2450 8.892288815664754
2460 8.811146319143292
2470 8.56759675911105
2480 8.567651506030778
2490 8.788156299103187
2500 9.039456147396811
2510 9.036896535593394
2520 8.981010460075142
2530 8.744271012831314
2540 8.521257379451699
2550 8.505687251290459
2560 8.50329533765855
2570 8.370822930801815
2580 8.44221753464617
2590 8.537488643035456
2600 8.620440268914169
2610 8.639671626779711
2620 8.673762381325481
2630 8.583349261904608
2640 8.542946743024368
2650 8.61614903899358
2660 8.812009779067967
2670 8.681314504721286
2680 8.570771677255491
2690 8.663650925999592
2700 8.633183303555082
2710 8.51136231241246
2720 8.619628232713534
2730 8.64533086132783
2740 8.458387632162081
2750 8.34139402513607
2760 8.432602112236031
2770 8.431165276995086
2780 8.512641231027235
2790 8.570670960476608
2800 8.539189594126007
2810 8.393309667238402
2820 8.336872039749304
2830 8.318327290852467
2840 8.275353447165497
2850 8.324383424366971
2860 8.424262430727813
2870 8.42083288240114
2880 8.397869696190861
2890 8.48879633504631
2900 8.389285614697455
2910 8.426810676254656
2920 8.494368940649801
2930 8.478204980551988
2940 8.465974676184636
2950 8.458769268974644
2960 8.537322112505151
2970 8.660313401878398
2980 8.752808129473987
2990 8.800181030015915
3000 8.844793500171781
3010 8.85155528165874
3020 8.927145451868251
3030 8.902071991085199
3040 8.776271541273685
3050 8.960517377826084
3060 8.919060127055479
3070 8.772704956561359
3080 8.723846048584095
3090 8.774178300548895
3100 8.627882732873461
3110 8.646874034971409
3120 8.762578829387795
3130 8.824293844975236
3140 8.714851689088482
3150 8.545579975971984
3160 8.476963751511491
3170 8.423185227159149
3180 8.36785203215531
3190 8.471834269973638
3200 8.507885550920383
3210 8.509642462230042
3220 8.436149319433952
3230 8.403949691826972
3240 8.313194681409211
3250 8.241131188074787
3260 8.413692316724573
3270 8.573879804797208
3280 8.736138884586248
3290 8.670114886444948
3300 8.498578030327606
3310 8.348848988861501
3320 8.343749887122792
3330 8.351383617426649
3340 8.393428980277639
3350 8.352184872785203
3360 8.347873981476724
3370 8.345816125204291
3380 8.280206316630981
3390 8.4024410281486
3400 8.251284491127709
3410 8.261024624083253
3420 8.419019541473954
3430 8.394239804248786
3440 8.6314713602409
3450 8.548153517452374
3460 8.475183801808152
3470 8.500465802997596
3480 8.51097191543901
3490 8.700305673615897
3500 9.001442217478306
3510 9.139939553118881
3520 9.045358249627778
3530 8.966520756329819
3540 8.837727627244011
3550 8.704760955062293
3560 8.681400862278124
3570 8.735600570755196
3580 8.698993691019838
3590 8.51596734975187
3600 8.439142564030314
3610 8.388688696517196
3620 8.801766864786089
3630 8.500464619351645
3640 8.473003970433652
3650 8.617687036480422
3660 8.506977356757853
3670 8.654607802396107
3680 8.567453057990752
3690 8.465960212908398
3700 8.504406809595936
3710 8.470526231729506
3720 8.812436944187583
3730 8.922640941055471
3740 8.782994554624798
3750 8.630385556579858
3760 8.683022852861773
3770 8.720291102022182
3780 8.772815815896175
3790 8.748001086463804
3800 8.778714172421839
3810 8.994438369929464
3820 9.084258259217846
3830 9.046065067799113
3840 9.122908321615331
3850 8.958671194943912
3860 8.700753995588732
3870 8.459316075330609
3880 8.280922064357917
3890 8.233847336831586
3900 8.331577713739692
3910 8.391485446950517
3920 8.455501202917922
3930 8.492358535226927
3940 8.484368078262001
3950 8.559210676631016
3960 8.761401002010516
3970 8.891438375081403
3980 8.967473822913773
3990 8.82584440328967
4000 8.631723168221921
4010 8.49580582751007
4020 8.359459429345229
4030 8.307066679512484
4040 8.537214693531403
4050 8.605915718346358
4060 8.725734902948284
4070 8.635937556018513
4080 8.699836250443036
4090 8.78307353546187
4100 8.862363896338632
4110 8.82735583229644
4120 8.822143270012671
4130 8.726938775214794
4140 8.626608243090608
4150 8.499371200554902
4160 8.493186518369052
4170 8.672312759557832
4180 9.105285922416092
4190 9.415600277039241
4200 9.386697587260143
4210 9.126534022192372
4220 8.723927366319977
4230 8.815112503984297
4240 8.713704457508994
4250 8.533500878849932
4260 8.404063078855952
4270 8.460207390010019
4280 8.503303305388227
4290 8.397995510239593
4300 8.435584756217354
4310 8.410288306428928
4320 8.429102959034095
4330 8.574506618519679
4340 8.680768803950748
4350 8.812438103489631
4360 8.812186742638549
4370 8.840064603434007
4380 8.966360268303799
4390 9.236204476875445
4400 9.514409055489882
4410 9.541495528508204
4420 9.252729423118607
4430 9.193959744850851
4440 8.997486849142483
4450 8.924085566425962
4460 8.85386169161554
4470 8.771445376407522
4480 8.854511109486582
4490 8.84453784984451
4500 8.697711313213754
4510 8.482338842057882
4520 8.371465630987181
4530 8.438889070679418
4540 8.534692494632463
4550 8.513080341264617
4560 8.343649906483735
4570 8.316588840015774
4580 8.30068056537116
4590 8.237485940490684
4600 8.290367988869262
4610 8.369958149326765
4620 8.41447952977895
4630 8.460055655335118
4640 8.367861905058811
4650 8.406066222972314
4660 8.478865322365595
4670 8.428446465443589
4680 8.321667952226905
4690 8.395525462117034
4700 8.507912790717278
4710 8.55839939501907
4720 8.601006997637718
4730 8.534387745248637
4740 8.489664217608016
4750 8.541187161219812
4760 8.356811101475047
4770 8.139309682482608
4780 8.119449034045337
4790 8.128876544130364
4800 8.29179319349538
4810 8.447895560880767
4820 8.5770324160292
4830 8.570239110641015
4840 8.361701117972689
4850 8.217036506939674
4860 8.290571793723011
4870 8.389426179515135
4880 8.411561511672154
4890 8.455772380282355
4900 8.43662263064757
4910 8.362654173299086
4920 8.138804720274118
4930 8.144422096353885
4940 8.253479642781736
4950 8.334855507476178
4960 8.300051875115322
4970 8.211460696722881
4980 8.240097042640587
4990 8.304252639273924
5000 8.450863316083367
5010 8.606200533770126
5020 8.644187539764539
5030 8.620349347602533
5040 8.534563137953048
5050 8.404923084043357
5060 8.250566200926816
5070 8.221945466605872
5080 8.23886444296288
5090 8.262263862183172
5100 8.253191467068552
5110 8.283439051192483
5120 8.335891884886331
5130 8.326232318169644
5140 8.48054291140164
5150 8.648720919855432
5160 8.727674767033806
5170 8.771615758688442
5180 8.709841310865853
5190 8.64533742224895
5200 8.524083005104199
5210 8.371116516463807
5220 8.386922866684413
5230 8.406559114722938
5240 8.318208033885963
5250 8.406414217713289
5260 8.606847013124343
5270 8.690560723189092
5280 8.717562902795731
5290 8.903366715392576
5300 8.789355419224092
5310 8.673232076579072
5320 8.547187331958044
5330 8.609883021889395
5340 8.632288124727348
5350 8.61915746771674
5360 8.653151081473002
5370 8.590271516161318
5380 8.564842788298506
5390 8.720710870131796
5400 8.850300477924382
5410 8.813494805529176
5420 8.749497533285554
5430 8.652599186048283
5440 8.566274657609112
5450 8.537137344549402
5460 8.602930412184161
5470 8.569659888519993
5480 8.586488294707165
5490 8.59700177723353
5500 8.359378625433274
5510 8.334680832281885
5520 8.346377006799466
5530 8.230365078153245
5540 8.299951392421461
5550 8.352564336023285
5560 8.433485584644822
5570 8.490025310364672
5580 8.457457040640433
5590 8.386586501134078
5600 8.784389646309151
5610 8.900435087236769
5620 8.748925686375854
5630 8.513553115039414
5640 8.373821655835284
5650 8.294315287329988
5660 8.308993232586159
5670 8.428902902563827
5680 8.599760513867842
5690 8.654131447496571
5700 8.522920145513478
5710 8.360526357998948
5720 8.307878643105129
5730 8.300366586125627
5740 8.259389087161553
5750 8.211068728672966
5760 8.240857601004693
5770 8.350370375013457
5780 8.411027399733948
5790 8.344329724947944
5800 8.52287228146273
5810 8.767881492801694
5820 9.017415807112249
5830 9.073239755317267
5840 8.705354495886487
5850 8.276136222344345
5860 8.427710245423567
5870 8.621937609421883
5880 8.747623282755166
5890 8.770240429339681
5900 8.775138276359604
5910 8.76055188654774
5920 8.643498590863254
5930 8.542789493164429
5940 8.436657939425526
5950 8.386554038552925
5960 8.535504627648917
5970 8.702355963866763
5980 8.730586033633006
5990 8.674443924552477
6000 8.650524099119014
6010 8.775579819150773
6020 8.833192105997478
6030 8.908808506896033
6040 8.901132764609844
6050 8.848942662993714
6060 8.832778098443816
6070 8.937768159908673
6080 9.054071831480471
6090 9.087640376901238
6100 8.927922229602133
6110 8.7604322041568
6120 8.671101792876049
6130 8.636960047576062
6140 8.511402001199052
6150 8.420471652193379
6160 8.521008237308859
6170 8.524210977991752
6180 8.504574564453469
6190 8.755043013681325
6200 8.761971013098041
6210 9.098479782669511
6220 8.952268883322898
6230 8.700044395848154
6240 8.498293920354239
6250 8.44007972692695
6260 8.414328488130977
6270 8.471167646406624
6280 8.407984518591466
6290 8.527908742541008
6300 8.557022600986533
6310 8.969062984162047
6320 9.241575930366542
6330 9.337557779421278
6340 9.145489259700547
