"Time Step" "point-gw-e"
20410 0.2059895098209381
20420 0.2074927985668182
20430 0.2092678844928741
20440 0.221407562494278
20450 0.2393317818641663
20460 0.2363731563091278
20470 0.2351756989955902
20480 0.2355707585811615
20490 0.2271213829517365
20500 0.2292333245277405
20510 0.2270141541957855
20520 0.2121337354183197
20530 0.2122551202774048
20540 0.1788239777088165
20550 0.1966330707073212
20560 0.198345959186554
20570 0.1976798176765442
20580 0.2254908382892609
20590 0.2418152987957001
20600 0.2341114431619644
20610 0.228153869509697
20620 0.2196649163961411
20630 0.2267211973667145
20640 0.228820264339447
20650 0.2319208681583405
20660 0.2240439206361771
20670 0.2240482866764069
20680 0.236625075340271
20690 0.2527506947517395
20700 0.2473545670509338
20710 0.2308351993560791
20720 0.2058602571487427
20730 0.221100926399231
20740 0.2306086719036102
20750 0.2333773076534271
20760 0.230993241071701
20770 0.2184396088123322
20780 0.2141874730587006
20790 0.2211348712444305
20800 0.2366528213024139
20810 0.2336826175451279
20820 0.2156284153461456
20830 0.218727320432663
20840 0.2237437218427658
20850 0.2289026379585266
20860 0.2257002294063568
20870 0.2341331243515015
20880 0.2372331321239471
20890 0.2344917953014374
20900 0.2304169237613678
20910 0.2297721803188324
20920 0.2220647931098938
20930 0.2231293618679047
20940 0.2272176891565323
20950 0.1935419142246246
20960 0.1783271580934525
20970 0.1910093128681183
20980 0.1985964775085449
20990 0.2121325433254242
21000 0.2201017439365387
21010 0.2316844165325165
21020 0.2378874123096466
21030 0.2317782640457153
21040 0.2245401293039322
21050 0.2167817652225494
21060 0.2142135947942734
21070 0.2185214459896088
21080 0.2282809913158417
21090 0.224425196647644
21100 0.224825918674469
21110 0.2242690324783325
21120 0.2150559723377228
21130 0.212057501077652
21140 0.2248537540435791
21150 0.238718569278717
21160 0.2376865446567535
21170 0.238492339849472
21180 0.2359649538993835
21190 0.2349540889263153
21200 0.2354129999876022
21210 0.2468704432249069
21220 0.2418593466281891
21230 0.2267358005046844
21240 0.2202147841453552
21250 0.2304816544055939
21260 0.242278128862381
21270 0.2512540519237518
21280 0.2490360140800476
21290 0.2394917905330658
21300 0.2318866699934006
21310 0.233746349811554
21320 0.2396067380905151
21330 0.2362881302833557
21340 0.2299512326717377
21350 0.2247167527675629
21360 0.2193018794059753
21370 0.2168795168399811
21380 0.2373398393392563
21390 0.2240172177553177
21400 0.1888114809989929
21410 0.2097329795360565
21420 0.2286864668130875
21430 0.2367441207170486
21440 0.2386151403188705
21450 0.2445259839296341
21460 0.2546653151512146
21470 0.2548963725566864
21480 0.2594720721244812
21490 0.2544116377830505
21500 0.2464752495288849
21510 0.2281746119260788
21520 0.2449046075344086
21530 0.2506002485752106
21540 0.2485412955284119
21550 0.2443850338459015
21560 0.2063477635383606
21570 0.2206518054008484
21580 0.2232975363731384
21590 0.2221233248710632
21600 0.2222766131162643
21610 0.2438185214996338
21620 0.2449132800102234
21630 0.2335887998342514
21640 0.2556634247303009
21650 0.2352201789617538
21660 0.2163975238800049
21670 0.2351728826761246
21680 0.2062652707099915
21690 0.1813360452651978
21700 0.2012980133295059
21710 0.2275893688201904
21720 0.2510695159435272
21730 0.2480619996786118
21740 0.2425181567668915
21750 0.2489268034696579
21760 0.247893750667572
21770 0.2132957279682159
21780 0.2174945175647736
21790 0.2112745642662048
21800 0.2057212144136429
21810 0.2121311128139496
21820 0.2118681073188782
21830 0.2058793753385544
21840 0.2042089998722076
21850 0.2181122303009033
21860 0.2175233960151672
21870 0.2141838073730469
21880 0.2215460538864136
21890 0.2265131175518036
21900 0.2261921465396881
21910 0.2240184396505356
21920 0.2266280204057693
21930 0.2261492908000946
21940 0.2270514667034149
21950 0.2324381470680237
21960 0.2233750522136688
21970 0.2279322594404221
21980 0.2437814176082611
21990 0.2333151400089264
22000 0.2307982891798019
22010 0.2336771190166473
22020 0.2363920509815216
22030 0.234340101480484
22040 0.2300083041191101
22050 0.242003470659256
22060 0.23035529255867
22070 0.2210626006126404
22080 0.2208712249994278
22090 0.212512344121933
22100 0.2073516547679901
22110 0.2074065953493118
22120 0.2193447351455688
22130 0.2267944663763046
22140 0.2264201939105988
22150 0.2210753858089447
22160 0.218603253364563
22170 0.2182021588087082
22180 0.2088360190391541
22190 0.209781676530838
22200 0.2025087475776672
22210 0.1915762573480606
22220 0.2018300890922546
22230 0.2146413028240204
22240 0.2409006953239441
22250 0.2355855405330658
22260 0.2068276703357697
22270 0.2038126885890961
22280 0.2032727897167206
22290 0.2069693207740784
22300 0.2212190628051758
22310 0.2271012365818024
22320 0.2282381057739258
22330 0.2404548227787018
22340 0.2423258423805237
22350 0.2242871820926666
22360 0.2336944937705994
22370 0.2215692102909088
22380 0.2246652543544769
22390 0.228143721818924
22400 0.2099175453186035
22410 0.1761310994625092
22420 0.1742439121007919
22430 0.210491418838501
22440 0.236017033457756
22450 0.2208074629306793
22460 0.2246869802474976
22470 0.2410481572151184
22480 0.2424694895744324
22490 0.2191733419895172
22500 0.1787101030349731
22510 0.1956469714641571
22520 0.2001513540744781
22530 0.2109548449516296
22540 0.2280933260917664
22550 0.2339776158332825
22560 0.2257155478000641
22570 0.2279275357723236
22580 0.2289192676544189
22590 0.2469019293785095
22600 0.21226567029953
22610 0.198891669511795
22620 0.1824786961078644
22630 0.1839363873004913
22640 0.1939164102077484
22650 0.1930984854698181
22660 0.1940290778875351
22670 0.2122014164924622
22680 0.2385258972644806
22690 0.2326813936233521
22700 0.2308693081140518
22710 0.2260439097881317
22720 0.2244320213794708
22730 0.2180479168891907
22740 0.2280929088592529
22750 0.2458116114139557
22760 0.2441129237413406
22770 0.2330021560192108
22780 0.2253908812999725
22790 0.2375770956277847
22800 0.2363457381725311
22810 0.2298407554626465
22820 0.2471257597208023
22830 0.2495941519737244
22840 0.2373416721820831
22850 0.2368975430727005
22860 0.228837251663208
22870 0.2183330059051514
22880 0.2201173603534698
22890 0.230106383562088
22900 0.229890912771225
22910 0.2300832271575928
22920 0.2271157801151276
22930 0.2204252481460571
22940 0.2192424237728119
22950 0.2206350266933441
22960 0.2299892902374268
22970 0.217699721455574
22980 0.1971896290779114
22990 0.209808886051178
23000 0.2036775052547455
23010 0.2336254864931107
23020 0.1926323622465134
23030 0.2040890455245972
23040 0.2216824591159821
23050 0.2071380019187927
23060 0.2007582783699036
23070 0.1737331748008728
23080 0.2023127675056458
23090 0.1975119858980179
23100 0.2042127847671509
23110 0.2234418988227844
23120 0.2420606911182404
23130 0.2351378500461578
23140 0.2252576500177383
23150 0.2134853899478912
23160 0.2196954190731049
23170 0.222322940826416
23180 0.2375482022762299
23190 0.2171846330165863
23200 0.2186485230922699
23210 0.2237598598003387
23220 0.2391556203365326
23230 0.2402076125144958
23240 0.2247426807880402
23250 0.2273849099874496
23260 0.2375948131084442
23270 0.2218254804611206
23280 0.2265419065952301
23290 0.2358309626579285
23300 0.2181768417358398
23310 0.2220702469348907
23320 0.2372124344110489
23330 0.2453590035438538
23340 0.2304494082927704
23350 0.222805917263031
23360 0.2264108955860138
23370 0.2291915416717529
23380 0.2313589453697205
23390 0.2169446349143982
23400 0.2038438767194748
23410 0.2116730809211731
23420 0.2045392692089081
23430 0.199979841709137
23440 0.2212727963924408
23450 0.2286310940980911
23460 0.2308025807142258
23470 0.2389119863510132
23480 0.2496657073497772
23490 0.2577937245368958
23500 0.2307384461164474
23510 0.2069708108901978
23520 0.2354322075843811
23530 0.2568241357803345
23540 0.2532795369625092
23550 0.2527568340301514
23560 0.2548165619373322
23570 0.2475624680519104
23580 0.2356566488742828
23590 0.227407768368721
23600 0.2318469434976578
23610 0.230403333902359
23620 0.2172468602657318
23630 0.2210253179073334
23640 0.2391018867492676
23650 0.2268734872341156
23660 0.2316209077835083
23670 0.244810163974762
23680 0.2429065555334091
23690 0.1875195205211639
23700 0.1335995644330978
23710 0.1805131435394287
23720 0.224172830581665
23730 0.2362141609191895
23740 0.232156977057457
23750 0.2195282876491547
23760 0.1967528462409973
23770 0.1948788911104202
23780 0.2142166942358017
23790 0.2279385626316071
23800 0.2364277839660645
23810 0.2328295111656189
23820 0.215622752904892
23830 0.1865119338035583
23840 0.2111871540546417
23850 0.2341687679290771
23860 0.2293718755245209
23870 0.2254846394062042
23880 0.2248918116092682
23890 0.2331510186195374
23900 0.2376191020011902
23910 0.2448461800813675
23920 0.2330820560455322
23930 0.2299304604530334
23940 0.2298523336648941
23950 0.2352630645036697
23960 0.2425200343132019
23970 0.2489496469497681
23980 0.2459691166877747
23990 0.2307177633047104
24000 0.2229771614074707
13810 0.2556523084640503
13820 0.2519916594028473
13830 0.2297728210687637
13840 0.2228935658931732
13850 0.2208432257175446
13860 0.2219122052192688
13870 0.2226875424385071
13880 0.2209060490131378
13890 0.1988028585910797
13900 0.2040944993495941
13910 0.2367483377456665
13920 0.2323335111141205
13930 0.2316667139530182
13940 0.2179395854473114
13950 0.1997095942497253
13960 0.201846569776535
13970 0.2111487686634064
13980 0.2205154895782471
13990 0.2224477827548981
14000 0.2156684696674347
14010 0.2112915515899658
14020 0.1993384510278702
14030 0.2016012966632843
14040 0.197555348277092
14050 0.2014342099428177
14060 0.2233250737190247
14070 0.2123700380325317
14080 0.1917644888162613
14090 0.1740677654743195
14100 0.2019618153572083
14110 0.2357017695903778
14120 0.2275941967964172
14130 0.2256912738084793
14140 0.2328734695911407
14150 0.235880434513092
14160 0.233002781867981
14170 0.2284435331821442
14180 0.2278797626495361
14190 0.2183247059583664
14200 0.2109886258840561
14210 0.2284738570451736
14220 0.2318511158227921
14230 0.2278444766998291
14240 0.2226503491401672
14250 0.2211641073226929
14260 0.2199455201625824
14270 0.2215501368045807
14280 0.2142909914255142
14290 0.2070532739162445
14300 0.2224999964237213
14310 0.2232927531003952
14320 0.2237609624862671
14330 0.1984668672084808
14340 0.2091325372457504
14350 0.208931490778923
14360 0.2168218791484833
14370 0.2243263423442841
14380 0.2176830917596817
14390 0.2157597541809082
14400 0.2192089110612869
14410 0.2173002809286118
14420 0.2060000598430634
14430 0.2040417790412903
14440 0.2186147570610046
14450 0.2024144679307938
14460 0.2041036933660507
14470 0.2054243683815002
14480 0.2056640088558197
14490 0.2103764861822128
14500 0.2056364715099335
14510 0.2022147476673126
14520 0.2060281932353973
14530 0.2159368544816971
14540 0.2179507613182068
14550 0.2193924784660339
14560 0.2081871926784515
14570 0.1992371082305908
14580 0.2128914892673492
14590 0.2188636511564255
14600 0.2174510210752487
14610 0.2280119657516479
14620 0.2176690548658371
14630 0.2117598950862885
14640 0.2136396020650864
14650 0.2162712216377258
14660 0.2154980897903442
14670 0.2150035351514816
14680 0.2148408144712448
14690 0.2154756188392639
14700 0.2194044291973114
14710 0.2322283983230591
14720 0.2412668168544769
14730 0.2419726252555847
14740 0.2410155534744263
14750 0.2425481975078583
14760 0.2416151463985443
14770 0.2353786528110504
14780 0.2295535802841187
14790 0.2239092588424683
14800 0.2208144962787628
14810 0.2209332883358002
14820 0.2254475951194763
14830 0.2241148948669434
14840 0.2200055122375488
14850 0.2233796119689941
14860 0.2299336045980453
14870 0.2211785614490509
14880 0.2154568731784821
14890 0.2202343642711639
14900 0.2230987399816513
14910 0.2025992572307587
14920 0.2027775943279266
14930 0.1860202550888062
14940 0.1825543940067291
14950 0.1787897646427155
14960 0.1668382287025452
14970 0.2077588140964508
14980 0.2163993120193481
14990 0.194569855928421
15000 0.1933730691671371
15010 0.1945933103561401
15020 0.2097500562667847
15030 0.206669345498085
15040 0.1923775374889374
15050 0.1874933987855911
15060 0.1870935559272766
15070 0.1984398066997528
15080 0.2120325267314911
15090 0.2147877812385559
15100 0.2123356461524963
15110 0.2179169952869415
15120 0.2133704423904419
15130 0.2068961709737778
15140 0.2086840569972992
15150 0.2131397128105164
15160 0.2077924013137817
15170 0.2097595930099487
15180 0.2237241715192795
15190 0.2165278643369675
15200 0.2144547551870346
15210 0.2373217642307281
15220 0.2380672991275787
15230 0.2283397316932678
15240 0.2343730330467224
15250 0.2406972944736481
15260 0.238273561000824
15270 0.2423487603664398
15280 0.2409493178129196
15290 0.2389776259660721
15300 0.2408768832683563
15310 0.244600921869278
15320 0.2448414862155914
15330 0.226369246840477
15340 0.2296187281608582
15350 0.2392952442169189
15360 0.2266176342964172
15370 0.2294947803020477
15380 0.2243743687868118
15390 0.2310580313205719
15400 0.2336566746234894
15410 0.23248390853405
15420 0.22965407371521
15430 0.2128280848264694
15440 0.2122490555047989
15450 0.1916160434484482
15460 0.2085792124271393
15470 0.194016695022583
15480 0.1971074342727661
15490 0.199411615729332
15500 0.1973380893468857
15510 0.196577861905098
15520 0.2141183018684387
15530 0.1997768878936768
15540 0.2127571403980255
15550 0.2217891067266464
15560 0.2124389708042145
15570 0.2084456384181976
15580 0.2171881496906281
15590 0.2292163670063019
15600 0.228254571557045
15610 0.2261989116668701
15620 0.2259121537208557
15630 0.2212667316198349
15640 0.2274979054927826
15650 0.2235800623893738
15660 0.2172345221042633
15670 0.2184653282165527
15680 0.2230767905712128
15690 0.2231952250003815
15700 0.2242136150598526
15710 0.2298752665519714
15720 0.2272130250930786
15730 0.2229758650064468
15740 0.2215436100959778
15750 0.2187453657388687
15760 0.2178255915641785
15770 0.2004880905151367
15780 0.1937353014945984
15790 0.2034814804792404
15800 0.2036445736885071
15810 0.2126113921403885
15820 0.229228138923645
15830 0.224384993314743
15840 0.2258186936378479
15850 0.2258265018463135
15860 0.2213960736989975
15870 0.2155679762363434
15880 0.2158489525318146
15890 0.2181914150714874
15900 0.2241645306348801
15910 0.2296644747257233
15920 0.225538432598114
15930 0.2034713625907898
15940 0.1985482573509216
15950 0.2127832770347595
15960 0.2281048595905304
15970 0.2213687300682068
15980 0.224209725856781
15990 0.2297539710998535
16000 0.2257314920425415
16010 0.2246027141809464
16020 0.2241408079862595
16030 0.2185793220996857
16040 0.2218726277351379
16050 0.2235900908708572
16060 0.2247691601514816
16070 0.2256538569927216
16080 0.2261024713516235
16090 0.2175828218460083
16100 0.2206511497497559
16110 0.2379617840051651
16120 0.2458027005195618
16130 0.225458949804306
16140 0.1988824754953384
16150 0.2301475405693054
16160 0.2249910533428192
16170 0.2209039926528931
16180 0.2305507212877274
16190 0.2261712402105331
16200 0.2154598832130432
16210 0.2191864550113678
16220 0.2247184962034225
16230 0.2391349524259567
16240 0.2396949827671051
16250 0.2365261912345886
16260 0.2128688991069794
16270 0.1911813765764236
16280 0.2138436436653137
16290 0.2269558608531952
16300 0.2259660512208939
16310 0.1998220235109329
16320 0.1954196095466614
16330 0.2010227143764496
16340 0.2013158649206161
16350 0.2192340046167374
16360 0.2152387946844101
16370 0.2127811908721924
16380 0.2223756611347198
16390 0.2246517539024353
16400 0.2347198128700256
16410 0.2368673980236053
16420 0.235603004693985
16430 0.2319940030574799
16440 0.2375344932079315
16450 0.2402274906635284
16460 0.2350841760635376
16470 0.2281237542629242
16480 0.2345903962850571
16490 0.2229298502206802
16500 0.2084272503852844
16510 0.2141650021076202
16520 0.2186234295368195
16530 0.23146852850914
16540 0.2369689792394638
16550 0.2403543144464493
16560 0.2241953611373901
16570 0.2024887502193451
16580 0.2148434519767761
16590 0.223064661026001
16600 0.2303459942340851
16610 0.2314519584178925
16620 0.2190046310424805
16630 0.2159349620342255
16640 0.2303029894828796
16650 0.2209762036800385
16660 0.2115279734134674
16670 0.2132293879985809
16680 0.2229182124137878
16690 0.2269299030303955
16700 0.2256987392902374
16710 0.2246345579624176
16720 0.222003161907196
16730 0.2075370997190475
16740 0.2281943708658218
16750 0.230670154094696
16760 0.2279434651136398
16770 0.2252006828784943
16780 0.2204185724258423
16790 0.2227340489625931
16800 0.2261714935302734
16810 0.229256808757782
16820 0.2268567085266113
16830 0.2287833392620087
16840 0.2317315191030502
16850 0.2284706234931946
16860 0.2202165126800537
16870 0.2217024564743042
16880 0.2278623580932617
16890 0.233497217297554
16900 0.2179315090179443
16910 0.194830983877182
16920 0.2022702991962433
16930 0.2041712999343872
16940 0.2114317119121552
16950 0.2175227105617523
16960 0.2281332015991211
16970 0.2336163371801376
16980 0.2294621169567108
16990 0.2286363542079926
17000 0.232039675116539
17010 0.2230114638805389
17020 0.2103221863508224
17030 0.2101610004901886
17040 0.2170566618442535
17050 0.2000300288200378
17060 0.2025751769542694
17070 0.2069563567638397
17080 0.2058237791061401
17090 0.2104516625404358
17100 0.2004120945930481
17110 0.2077657729387283
17120 0.2210884839296341
17130 0.2087551951408386
17140 0.2073019593954086
17150 0.214068591594696
17160 0.2372019290924072
17170 0.2290142774581909
17180 0.2271090596914291
17190 0.2208527773618698
17200 0.2216627448797226
17210 0.2246088087558746
17220 0.2091744244098663
17230 0.234575092792511
17240 0.2106693536043167
17250 0.1933521926403046
17260 0.246793270111084
17270 0.2486591339111328
17280 0.2257753759622574
17290 0.2120856493711472
17300 0.2283096611499786
17310 0.232582300901413
17320 0.2137901484966278
17330 0.2261661738157272
17340 0.2401467263698578
17350 0.2186660766601562
17360 0.2022437155246735
17370 0.1837397664785385
17380 0.1752082705497742
17390 0.1876862049102783
17400 0.2089413702487946
17410 0.2110427916049957
17420 0.2132899165153503
17430 0.1826415061950684
17440 0.210379958152771
17450 0.2201295346021652
17460 0.2209987342357635
17470 0.224426344037056
17480 0.2265000641345978
17490 0.2298305630683899
17500 0.2364635765552521
17510 0.2366522550582886
17520 0.2308870255947113
17530 0.2189046740531921
17540 0.2145262360572815
17550 0.2177537977695465
17560 0.2215558588504791
17570 0.2286444008350372
17580 0.2408789545297623
17590 0.2432050406932831
17600 0.237051710486412
17610 0.2356522381305695
17620 0.2344478070735931
17630 0.2230081260204315
17640 0.2332856059074402
17650 0.2297160029411316
17660 0.2186747491359711
17670 0.2079425305128098
17680 0.2177675366401672
17690 0.231897309422493
17700 0.2323988527059555
17710 0.2099042981863022
17720 0.2248313724994659
17730 0.2302524894475937
17740 0.2191186398267746
17750 0.1976828575134277
17760 0.2187727689743042
17770 0.2222622632980347
17780 0.2209214121103287
17790 0.2199733853340149
17800 0.2093766033649445
17810 0.1951755285263062
17820 0.212962418794632
17830 0.2494493424892426
17840 0.1687312424182892
17850 0.1699745059013367
17860 0.1983074247837067
17870 0.2121766805648804
17880 0.2160157561302185
17890 0.2198268622159958
17900 0.2178330421447754
17910 0.1977560073137283
17920 0.2180517613887787
17930 0.2310691177845001
17940 0.2172228395938873
17950 0.2351205497980118
17960 0.2391358911991119
17970 0.2381896078586578
17980 0.2150784134864807
17990 0.2134865820407867
18000 0.2267574667930603
18010 0.2379488348960876
18020 0.2396403253078461
18030 0.2392220497131348
18040 0.232924297451973
18050 0.2169151306152344
18060 0.2246538549661636
18070 0.2279795408248901
18080 0.2206304669380188
18090 0.2231394350528717
18100 0.2230958342552185
18110 0.2255433052778244
18120 0.2245041728019714
18130 0.2217627167701721
18140 0.2154386341571808
18150 0.219910740852356
18160 0.2285108715295792
18170 0.220803290605545
18180 0.2128301858901978
18190 0.2219672799110413
18200 0.2239013314247131
18210 0.229546457529068
18220 0.2244862020015717
18230 0.2220902740955353
18240 0.2214720547199249
18250 0.2242331206798553
18260 0.2240456938743591
18270 0.2225409150123596
18280 0.2202693819999695
18290 0.2220485210418701
18300 0.2207368463277817
18310 0.221460834145546
18320 0.226710706949234
18330 0.2300112098455429
18340 0.2284275144338608
18350 0.2272762358188629
18360 0.2287735193967819
18370 0.2347707450389862
18380 0.2395761460065842
18390 0.2427069544792175
18400 0.2396506369113922
18410 0.2324710786342621
18420 0.2307554632425308
18430 0.228840172290802
18440 0.2179777175188065
18450 0.2068683803081512
18460 0.2101112902164459
18470 0.2231404483318329
18480 0.221360057592392
18490 0.2220114022493362
18500 0.2114835381507874
18510 0.2027735263109207
18520 0.1406474113464355
18530 0.160768911242485
18540 0.1942286789417267
18550 0.2150103449821472
18560 0.2115934193134308
18570 0.2137047052383423
18580 0.2036848217248917
18590 0.2094860672950745
18600 0.2096158117055893
18610 0.2055227011442184
18620 0.2067944705486298
18630 0.2080907225608826
18640 0.2156838774681091
18650 0.2276164591312408
18660 0.2288948446512222
18670 0.2191540002822876
18680 0.2143165767192841
18690 0.2130421698093414
18700 0.2252081483602524
18710 0.2220961004495621
18720 0.2332858145236969
18730 0.2365789711475372
18740 0.2147045135498047
18750 0.1923635900020599
18760 0.2261306643486023
18770 0.2263618111610413
18780 0.2290735244750977
18790 0.2351028323173523
18800 0.2479137480258942
18810 0.2504656612873077
18820 0.2281728684902191
18830 0.2186845541000366
18840 0.226834625005722
18850 0.2274807393550873
18860 0.2213475704193115
18870 0.2173387110233307
18880 0.2224798202514648
18890 0.2274871170520782
18900 0.2254160791635513
18910 0.2273222506046295
18920 0.2338873445987701
18930 0.242725595831871
18940 0.2506042718887329
18950 0.2298067510128021
18960 0.2233498245477676
18970 0.2158899009227753
18980 0.1932244598865509
18990 0.193527027964592
19000 0.2029261887073517
19010 0.2157292366027832
19020 0.2278573513031006
19030 0.2415160983800888
19040 0.2210575640201569
19050 0.2287307679653168
19060 0.2170014232397079
19070 0.2191487103700638
19080 0.2280043363571167
19090 0.2266954034566879
19100 0.2150506973266602
19110 0.2128420770168304
19120 0.2146169543266296
19130 0.2167773544788361
19140 0.23194420337677
19150 0.235208123922348
19160 0.2297224104404449
19170 0.2256883382797241
19180 0.2236349433660507
19190 0.2299369275569916
19200 0.2385886907577515
19210 0.2385634779930115
19220 0.2303495109081268
19230 0.2363350391387939
19240 0.2192053198814392
19250 0.2063976228237152
19260 0.230299323797226
19270 0.2342528700828552
19280 0.2263808995485306
19290 0.2200097441673279
19300 0.2211146801710129
19310 0.2285858392715454
19320 0.2215719223022461
19330 0.2129339873790741
19340 0.2137910425662994
19350 0.2156444042921066
19360 0.2179656028747559
19370 0.2239179313182831
19380 0.2298100888729095
19390 0.2493239343166351
19400 0.2556951940059662
19410 0.2480398416519165
19420 0.2391640245914459
19430 0.2058997750282288
19440 0.1797852218151093
19450 0.199869304895401
19460 0.2196199595928192
19470 0.2261196970939636
19480 0.2077845931053162
19490 0.211589127779007
19500 0.2243367880582809
19510 0.2180498242378235
19520 0.212238073348999
19530 0.2166077047586441
19540 0.2215950340032578
19550 0.2052969634532928
19560 0.1979161649942398
19570 0.198394387960434
19580 0.2057830393314362
19590 0.2189014554023743
19600 0.2296614348888397
19610 0.229193776845932
19620 0.2282857000827789
19630 0.2231786847114563
19640 0.2222623378038406
19650 0.2153884768486023
19660 0.2161286771297455
19670 0.2238837629556656
19680 0.2199042737483978
19690 0.2102640867233276
19700 0.2083578556776047
19710 0.1711276769638062
19720 0.07872282713651657
19730 0.1532312631607056
19740 0.1713719069957733
19750 0.1576005220413208
19760 0.188307911157608
19770 0.1934247016906738
19780 0.1924246996641159
19790 0.2028501927852631
19800 0.2071544080972672
19810 0.2032456994056702
19820 0.2154617309570312
19830 0.2245301008224487
19840 0.237817794084549
19850 0.2185464799404144
19860 0.2340895235538483
19870 0.2384465634822845
19880 0.2341323047876358
19890 0.2382186651229858
19900 0.2172190248966217
19910 0.2014055699110031
19920 0.1977652907371521
19930 0.2095155417919159
19940 0.2165597379207611
19950 0.2148172557353973
19960 0.2158757448196411
19970 0.2275953590869904
19980 0.228131502866745
19990 0.2304531335830688
20000 0.2246741950511932
20010 0.2199174016714096
20020 0.2169497907161713
20030 0.2212599515914917
20040 0.2258983552455902
20050 0.2250460982322693
20060 0.2217119038105011
20070 0.2236537933349609
20080 0.2256004959344864
20090 0.22449791431427
20100 0.2117563486099243
20110 0.2110560089349747
20120 0.2150168418884277
20130 0.2159396111965179
20140 0.2081784904003143
20150 0.1957196146249771
20160 0.2139243483543396
20170 0.2202613651752472
20180 0.2354726046323776
20190 0.2424701154232025
20200 0.2275460362434387
20210 0.2077352702617645
20220 0.2280785292387009
20230 0.222723126411438
20240 0.2393512427806854
20250 0.222195640206337
20260 0.2110097706317902
20270 0.2018229961395264
20280 0.2127747535705566
20290 0.2334614396095276
20300 0.2495392262935638
20310 0.2266629636287689
20320 0.223132312297821
20330 0.2464686334133148
20340 0.2503854632377625
20350 0.2476990520954132
20360 0.2246020436286926
20370 0.2206637263298035
20380 0.2259957194328308
20390 0.2256399989128113
20400 0.2082774937152863
6810 0.1973934173583984
6820 0.1918735206127167
6830 0.1860965341329575
6840 0.1951189935207367
6850 0.2051670253276825
6860 0.2053905427455902
6870 0.2035530060529709
6880 0.205525279045105
6890 0.2103100121021271
6900 0.2166959643363953
6910 0.2282095104455948
6920 0.2281299829483032
6930 0.2027217149734497
6940 0.1945511400699615
6950 0.1951693147420883
6960 0.2007551342248917
6970 0.1985637247562408
6980 0.1969587206840515
6990 0.19414222240448
7000 0.1899440884590149
7010 0.198744148015976
7020 0.2184303998947144
7030 0.2299634218215942
7040 0.2248036712408066
7050 0.2138131558895111
7060 0.206232950091362
7070 0.2093443423509598
7080 0.2190080583095551
7090 0.2296661138534546
7100 0.2227561622858047
7110 0.216688945889473
7120 0.2230799198150635
7130 0.225260317325592
7140 0.2113078534603119
7150 0.2101767659187317
7160 0.2095054686069489
7170 0.2046191096305847
7180 0.2166650593280792
7190 0.2180236876010895
7200 0.209026500582695
7210 0.2000400722026825
7220 0.2110700607299805
7230 0.1986362040042877
7240 0.2006067782640457
7250 0.202566534280777
7260 0.2089372873306274
7270 0.2134166210889816
7280 0.2127493619918823
7290 0.2114013731479645
7300 0.2073318362236023
7310 0.1997114568948746
7320 0.1959384679794312
7330 0.2007023692131042
7340 0.2014174461364746
7350 0.2039878070354462
7360 0.2045726627111435
7370 0.2093721181154251
7380 0.2121753394603729
7390 0.1915023773908615
7400 0.1939507275819778
7410 0.1999343037605286
7420 0.2092766463756561
7430 0.209281712770462
7440 0.2094201892614365
7450 0.2065698951482773
7460 0.2052523791790009
7470 0.2067939639091492
7480 0.2020620256662369
7490 0.2019911557435989
7500 0.2162318527698517
7510 0.2180415689945221
7520 0.2155858129262924
7530 0.2141980826854706
7540 0.2150550484657288
7550 0.212393581867218
7560 0.2052895128726959
7570 0.2027623355388641
7580 0.2013163566589355
7590 0.2004816830158234
7600 0.2179925888776779
7610 0.2139639556407928
7620 0.2139449715614319
7630 0.2197748720645905
7640 0.2265041470527649
7650 0.2272934764623642
7660 0.205566331744194
7670 0.1598048806190491
7680 0.1386643052101135
7690 0.1404448598623276
7700 0.1550101935863495
7710 0.1633139550685883
7720 0.1862694025039673
7730 0.2139297425746918
7740 0.2120399475097656
7750 0.2123386859893799
7760 0.211088240146637
7770 0.2030182629823685
7780 0.1973150223493576
7790 0.1762879490852356
7800 0.1810936629772186
7810 0.1811321377754211
7820 0.1646493077278137
7830 0.1750368475914001
7840 0.2110743522644043
7850 0.2126424908638
7860 0.2006407827138901
7870 0.1894428431987762
7880 0.1902008652687073
7890 0.2074851989746094
7900 0.201726883649826
7910 0.195128470659256
7920 0.2258625626564026
7930 0.2277221381664276
7940 0.224932461977005
7950 0.2157020270824432
7960 0.2141532599925995
7970 0.2218557894229889
7980 0.2233190834522247
7990 0.2241214215755463
8000 0.2383439838886261
8010 0.2440697997808456
8020 0.242288202047348
8030 0.2221925407648087
8040 0.204163134098053
8050 0.1999949812889099
8060 0.2012710571289062
8070 0.1918683350086212
8080 0.1944271326065063
8090 0.2034188508987427
8100 0.2020154893398285
8110 0.1988923251628876
8120 0.2034665644168854
8130 0.2257155776023865
8140 0.2289130985736847
8150 0.2290078103542328
8160 0.2222016751766205
8170 0.1987090259790421
8180 0.1979160755872726
8190 0.2114501595497131
8200 0.1659038960933685
8210 0.1774471998214722
8220 0.2018313705921173
8230 0.20498988032341
8240 0.2038985788822174
8250 0.2017010599374771
8260 0.2069401293992996
8270 0.2165058553218842
8280 0.2180536091327667
8290 0.2023831456899643
8300 0.207936555147171
8310 0.205080658197403
8320 0.2131386548280716
8330 0.2201968133449554
8340 0.2179543077945709
8350 0.2051323056221008
8360 0.205229863524437
8370 0.2128951549530029
8380 0.2194071859121323
8390 0.2140738368034363
8400 0.2050126194953918
8410 0.2041508555412292
8420 0.2095576524734497
8430 0.2164585590362549
8440 0.2098423987627029
8450 0.2081826627254486
8460 0.2081302851438522
8470 0.2105781137943268
8480 0.2089330852031708
8490 0.2073761373758316
8500 0.2052001059055328
8510 0.2024903744459152
8520 0.199381485581398
8530 0.2075825035572052
8540 0.2107985615730286
8550 0.2102902233600616
8560 0.2097542285919189
8570 0.2066847681999207
8580 0.2045243233442307
8590 0.187480553984642
8600 0.1930893063545227
8610 0.19939985871315
8620 0.1975880414247513
8630 0.2057667076587677
8640 0.2124348878860474
8650 0.2078223526477814
8660 0.2164894044399261
8670 0.2167433798313141
8680 0.2027623653411865
8690 0.2024323046207428
8700 0.2163971364498138
8710 0.2181300222873688
8720 0.2216466963291168
8730 0.226795420050621
8740 0.2236042618751526
8750 0.2178225219249725
8760 0.2160578370094299
8770 0.2200829088687897
8780 0.2256211787462234
8790 0.2106318473815918
8800 0.2145890742540359
8810 0.2387846112251282
8820 0.2436834871768951
8830 0.2268865704536438
8840 0.2229369282722473
8850 0.2256525605916977
8860 0.2257881462574005
8870 0.2235109955072403
8880 0.2107284516096115
8890 0.2085549831390381
8900 0.2044920325279236
8910 0.2152774482965469
8920 0.2150891721248627
8930 0.1869224458932877
8940 0.2098522484302521
8950 0.2085663676261902
8960 0.2000438570976257
8970 0.1980525851249695
8980 0.2051722407341003
8990 0.2079599797725677
9000 0.2112078666687012
9010 0.2327029854059219
9020 0.2368795573711395
9030 0.2255841791629791
9040 0.2093299627304077
9050 0.1958715468645096
9060 0.2030066698789597
9070 0.1941744536161423
9080 0.2186448872089386
9090 0.2130661308765411
9100 0.2280194461345673
9110 0.2214258015155792
9120 0.2189938127994537
9130 0.2147587090730667
9140 0.2119705080986023
9150 0.2115258425474167
9160 0.2147099077701569
9170 0.2119991034269333
9180 0.211771160364151
9190 0.2164735198020935
9200 0.218286544084549
9210 0.2191510200500488
9220 0.214094340801239
9230 0.2095250487327576
9240 0.2119662165641785
9250 0.2261589765548706
9260 0.218904972076416
9270 0.2242567390203476
9280 0.2323162257671356
9290 0.2263492047786713
9300 0.1892353892326355
9310 0.1816227585077286
9320 0.1902205348014832
9330 0.220300555229187
9340 0.2151476591825485
9350 0.1898318231105804
9360 0.1464146673679352
9370 0.1580745279788971
9380 0.1629520654678345
9390 0.1953312754631042
9400 0.2005645036697388
9410 0.1928490698337555
9420 0.2088092267513275
9430 0.2119040489196777
9440 0.2136370241641998
9450 0.2159564197063446
9460 0.2167519330978394
9470 0.2210877537727356
9480 0.2239461541175842
9490 0.2206889390945435
9500 0.2167176157236099
9510 0.2100947797298431
9520 0.2016860544681549
9530 0.1982631087303162
9540 0.2191634923219681
9550 0.2031442224979401
9560 0.2108592987060547
9570 0.2136368453502655
9580 0.2129736244678497
9590 0.2131202518939972
9600 0.2096209526062012
9610 0.2123035192489624
9620 0.2070521414279938
9630 0.211168959736824
9640 0.2127532213926315
9650 0.2105942368507385
9660 0.2212566435337067
9670 0.2265292406082153
9680 0.2264910936355591
9690 0.2267893850803375
9700 0.2188978791236877
9710 0.2084929496049881
9720 0.2158138602972031
9730 0.2210750877857208
9740 0.2170030176639557
9750 0.2077363878488541
9760 0.1850871443748474
9770 0.1895485371351242
9780 0.1917799413204193
9790 0.1960775256156921
9800 0.1891556531190872
9810 0.195956826210022
9820 0.2132435441017151
9830 0.2168096899986267
9840 0.2028946876525879
9850 0.222601592540741
9860 0.2283454090356827
9870 0.2370237559080124
9880 0.2306544035673141
9890 0.2274712920188904
9900 0.2329558581113815
9910 0.2344715446233749
9920 0.2344399988651276
9930 0.2323414385318756
9940 0.2248159945011139
9950 0.2269239127635956
9960 0.2290556728839874
9970 0.2234302461147308
9980 0.2005699872970581
9990 0.1992074847221375
10000 0.2096977978944778
10010 0.214737594127655
10020 0.2262402772903442
10030 0.2111572772264481
10040 0.2011241167783737
10050 0.1965318918228149
10060 0.2080004215240479
10070 0.1956484466791153
10080 0.2117449045181274
10090 0.2167334109544754
10100 0.2214593887329102
10110 0.2213016748428345
10120 0.2174089848995209
10130 0.2049842327833176
10140 0.1839945018291473
10150 0.184710681438446
10160 0.2091994732618332
10170 0.2154079079627991
10180 0.2146474719047546
10190 0.2079260349273682
10200 0.2202254235744476
10210 0.2048566937446594
10220 0.205341100692749
10230 0.2011473476886749
10240 0.2112995684146881
10250 0.2147467732429504
10260 0.2186079472303391
10270 0.219383716583252
10280 0.2239536195993423
10290 0.2236442118883133
10300 0.2162603586912155
10310 0.2214170396327972
10320 0.2298746407032013
10330 0.2114054262638092
10340 0.2186043709516525
10350 0.2111886143684387
10360 0.2138825356960297
10370 0.2121990472078323
10380 0.2045157700777054
10390 0.2254745811223984
10400 0.2274327129125595
10410 0.2308529913425446
10420 0.2239602357149124
10430 0.2274612486362457
10440 0.221547544002533
10450 0.2125436663627625
10460 0.2298876047134399
10470 0.230450913310051
10480 0.2249365746974945
10490 0.2215940058231354
10500 0.218420684337616
10510 0.217263251543045
10520 0.2237403988838196
10530 0.2231176644563675
10540 0.2147969752550125
10550 0.2177295088768005
10560 0.2192964851856232
10570 0.2136157751083374
10580 0.2134592831134796
10590 0.2179887890815735
10600 0.2211922407150269
10610 0.2180332839488983
10620 0.20512954890728
10630 0.1932827830314636
10640 0.2135123312473297
10650 0.2197976112365723
10660 0.2282545417547226
10670 0.2349708080291748
10680 0.2338293492794037
10690 0.2309437543153763
10700 0.2376990914344788
10710 0.2346042394638062
10720 0.230382576584816
10730 0.2245594561100006
10740 0.2196979969739914
10750 0.2092927694320679
10760 0.2097377181053162
10770 0.2209616899490356
10780 0.2179081737995148
10790 0.2192080020904541
10800 0.2220623344182968
10810 0.2255429923534393
10820 0.2117876261472702
10830 0.2093054950237274
10840 0.2179186791181564
10850 0.2184220850467682
10860 0.2181261330842972
10870 0.2212562263011932
10880 0.2187604457139969
10890 0.2187709957361221
10900 0.2188480794429779
10910 0.2158224880695343
10920 0.2073973119258881
10930 0.2031874507665634
10940 0.2040145397186279
10950 0.2017063498497009
10960 0.1902897953987122
10970 0.1739164292812347
10980 0.1751432716846466
10990 0.2168535888195038
11000 0.216804563999176
11010 0.2033979445695877
11020 0.2169216871261597
11030 0.2215670645236969
11040 0.2057733833789825
11050 0.2182891666889191
11060 0.2109645158052444
11070 0.2207100838422775
11080 0.2329698801040649
11090 0.2336935102939606
11100 0.2293729186058044
11110 0.2273540496826172
11120 0.2290012091398239
11130 0.2206434309482574
11140 0.2096481919288635
11150 0.2047272026538849
11160 0.2254288792610168
11170 0.2251954674720764
11180 0.2261103689670563
11190 0.2248112261295319
11200 0.2237179279327393
11210 0.2201122045516968
11220 0.2113763988018036
11230 0.2174575179815292
11240 0.224264532327652
11250 0.2200095355510712
11260 0.2183432877063751
11270 0.2271604835987091
11280 0.2215080261230469
11290 0.2124857902526855
11300 0.2104068100452423
11310 0.2092489451169968
11320 0.2086839526891708
11330 0.2166061699390411
11340 0.2144904136657715
11350 0.1633605808019638
11360 0.1542249619960785
11370 0.1808321475982666
11380 0.2136701941490173
11390 0.2118501365184784
11400 0.2113397419452667
11410 0.2105338275432587
11420 0.210366427898407
11430 0.2115862369537354
11440 0.2108362019062042
11450 0.2118171453475952
11460 0.21308933198452
11470 0.2164846956729889
11480 0.2173123359680176
11490 0.2140009701251984
11500 0.2133437097072601
11510 0.1980830132961273
11520 0.1801103800535202
11530 0.1851887106895447
11540 0.1937967240810394
11550 0.1968192756175995
11560 0.2093078196048737
11570 0.2032591253519058
11580 0.2052732557058334
11590 0.2191388010978699
11600 0.2323656678199768
11610 0.2285590618848801
11620 0.2235745936632156
11630 0.2171607315540314
11640 0.2133707106113434
11650 0.2110297679901123
11660 0.2139557003974915
11670 0.2161291539669037
11680 0.2242757529020309
11690 0.2248120307922363
11700 0.231025755405426
11710 0.2328737080097198
11720 0.2315318733453751
11730 0.2283942252397537
11740 0.2287146151065826
11750 0.2245853543281555
11760 0.227535754442215
11770 0.2352230697870255
11780 0.2282259315252304
11790 0.2242656946182251
11800 0.2258116751909256
11810 0.2163804769515991
11820 0.2085547894239426
11830 0.2187347114086151
11840 0.1883267760276794
11850 0.2163558304309845
11860 0.2143193632364273
11870 0.2405533790588379
11880 0.2247978150844574
11890 0.229498416185379
11900 0.2369050234556198
11910 0.2322442829608917
11920 0.2338324189186096
11930 0.234574019908905
11940 0.2302899658679962
11950 0.197072297334671
11960 0.201137974858284
11970 0.2046535015106201
11980 0.2121042311191559
11990 0.2072715759277344
12000 0.2093120664358139
12010 0.2122159004211426
12020 0.2105338722467422
12030 0.2089576125144958
12040 0.2193180620670319
12050 0.2164818942546844
12060 0.1967893689870834
12070 0.207993745803833
12080 0.2185380607843399
12090 0.2079271972179413
12100 0.2107740342617035
12110 0.2254725247621536
12120 0.2318816334009171
12130 0.2244807928800583
12140 0.1738601922988892
12150 0.1864047646522522
12160 0.2147332280874252
12170 0.2053807079792023
12180 0.1992919445037842
12190 0.2042597979307175
12200 0.2121734619140625
12210 0.2256686389446259
12220 0.2225978374481201
12230 0.2154217511415482
12240 0.2158430516719818
12250 0.2177605330944061
12260 0.21369469165802
12270 0.2174783796072006
12280 0.2163148373365402
12290 0.2200187891721725
12300 0.2178380191326141
12310 0.2169846147298813
12320 0.2150289118289948
12330 0.2161538004875183
12340 0.2112532556056976
12350 0.2157367169857025
12360 0.2207490205764771
12370 0.2216285467147827
12380 0.2057548761367798
12390 0.2002684623003006
12400 0.1621240079402924
12410 0.2034013867378235
12420 0.1664170473814011
12430 0.2010140717029572
12440 0.2196741998195648
12450 0.2169410884380341
12460 0.1815205663442612
12470 0.2050916701555252
12480 0.2217584550380707
12490 0.2245363295078278
12500 0.2225213348865509
12510 0.2227675914764404
12520 0.2143542468547821
12530 0.2114183604717255
12540 0.2193159759044647
12550 0.2173818349838257
12560 0.2007735669612885
12570 0.2002561390399933
12580 0.2061009556055069
12590 0.2154978513717651
12600 0.2178273797035217
12610 0.2159523814916611
12620 0.2243974804878235
12630 0.2332620322704315
12640 0.2311942577362061
12650 0.2351179569959641
12660 0.2313902676105499
12670 0.2309227287769318
12680 0.238088920712471
12690 0.238935187458992
12700 0.237152948975563
12710 0.2372115552425385
12720 0.2441831231117249
12730 0.2433953136205673
12740 0.2361170202493668
12750 0.2328955829143524
12760 0.2290526479482651
12770 0.2271016538143158
12780 0.2259797155857086
12790 0.2220397591590881
12800 0.2151889801025391
12810 0.2209108769893646
12820 0.2249564230442047
12830 0.216513454914093
12840 0.2100859582424164
12850 0.2202156186103821
12860 0.2108608186244965
12870 0.2119125425815582
12880 0.2110706269741058
12890 0.206186980009079
12900 0.2139785885810852
12910 0.2176202833652496
12920 0.2309371680021286
12930 0.201210230588913
12940 0.1790792644023895
12950 0.2149460911750793
12960 0.2224321663379669
12970 0.2238073647022247
12980 0.2270011752843857
12990 0.2332376837730408
13000 0.2089785635471344
13010 0.1807215511798859
13020 0.1795927286148071
13030 0.2044959962368011
13040 0.1735350787639618
13050 0.2020635008811951
13060 0.2035350799560547
13070 0.1962826550006866
13080 0.2026053667068481
13090 0.2183423191308975
13100 0.1970713138580322
13110 0.1961044669151306
13120 0.2050345838069916
13130 0.2169327139854431
13140 0.2175751626491547
13150 0.2073714137077332
13160 0.1990129798650742
13170 0.1998143941164017
13180 0.2015804946422577
13190 0.2053107172250748
13200 0.2008006870746613
13210 0.2218266427516937
13220 0.2230716943740845
13230 0.2159522175788879
13240 0.2204637229442596
13250 0.2247884571552277
13260 0.2349189221858978
13270 0.2182527780532837
13280 0.2021350860595703
13290 0.212658017873764
13300 0.2134562432765961
13310 0.2020101547241211
13320 0.2004641741514206
13330 0.2027539163827896
13340 0.2181248962879181
13350 0.215543121099472
13360 0.2022307962179184
13370 0.1910651028156281
13380 0.2144333124160767
13390 0.2094789445400238
13400 0.209363728761673
13410 0.2129264175891876
13420 0.216986745595932
13430 0.2237003147602081
13440 0.2279456257820129
13450 0.2330553233623505
13460 0.2331796586513519
13470 0.2249089926481247
13480 0.2314174175262451
13490 0.2285137325525284
13500 0.2221110761165619
13510 0.2032189965248108
13520 0.207947239279747
13530 0.2198159545660019
13540 0.2125864326953888
13550 0.2124897539615631
13560 0.214053139090538
13570 0.2153416275978088
13580 0.2257082164287567
13590 0.2437258958816528
13600 0.2465179711580276
13610 0.2377128005027771
13620 0.2325482964515686
13630 0.2294208556413651
13640 0.2153372168540955
13650 0.2138686329126358
13660 0.2284184992313385
13670 0.2266853004693985
13680 0.2229312062263489
13690 0.2155590653419495
13700 0.2104159444570541
13710 0.2119970321655273
13720 0.2108426094055176
13730 0.2102076411247253
13740 0.2076662480831146
13750 0.2151749283075333
13760 0.2217097729444504
13770 0.2258432805538177
13780 0.2254087328910828
13790 0.2230595052242279
13800 0.2454551756381989
6210 0.1927605271339417
6220 0.1898799240589142
6230 0.2071351706981659
6240 0.2137846350669861
6250 0.2096220254898071
6260 0.1814579665660858
6270 0.1773890554904938
6280 0.1999858021736145
6290 0.2173447459936142
6300 0.2230333387851715
6310 0.2216253280639648
6320 0.2204360961914062
6330 0.2092548608779907
6340 0.2122913151979446
6350 0.2132360935211182
6360 0.2083257734775543
6370 0.2101009488105774
6380 0.2082980871200562
6390 0.2045051455497742
6400 0.2107292413711548
6410 0.2127294540405273
6420 0.2103682458400726
6430 0.1978788375854492
6440 0.2052394449710846
6450 0.2121001332998276
6460 0.176362544298172
6470 0.1788163930177689
6480 0.1816932857036591
6490 0.1794906854629517
6500 0.1872207224369049
6510 0.1979478597640991
6520 0.2044428288936615
6530 0.2015654146671295
6540 0.1923769414424896
6550 0.1868825256824493
6560 0.1900545358657837
6570 0.1954079866409302
6580 0.19990174472332
6590 0.2069737911224365
6600 0.2248945832252502
6610 0.2173075377941132
6620 0.2128515541553497
6630 0.2044996917247772
6640 0.2041962742805481
6650 0.2078167945146561
6660 0.1990514546632767
6670 0.2156427353620529
6680 0.2231618463993073
6690 0.2245916426181793
6700 0.2087213695049286
6710 0.2008108496665955
6720 0.1996359825134277
6730 0.2037441730499268
6740 0.2091491967439651
6750 0.2030290961265564
6760 0.1917183995246887
6770 0.1877305060625076
6780 0.1881838887929916
6790 0.1934799700975418
6800 0.1950936913490295
0 0.1533589661121368
10 0.1533684730529785
20 0.1534437388181686
30 0.1537072658538818
40 0.1544316411018372
50 0.1556461006402969
60 0.1571510434150696
70 0.1591927111148834
80 0.1621147394180298
90 0.1632799208164215
100 0.1635212153196335
110 0.165448784828186
120 0.1694472432136536
130 0.1805381178855896
140 0.2033219039440155
150 0.2230331599712372
160 0.2271923124790192
170 0.2235316038131714
180 0.2193992435932159
190 0.215706467628479
200 0.2062186598777771
210 0.2070012092590332
220 0.2203657925128937
230 0.2229403257369995
240 0.2185664176940918
250 0.2125727534294128
260 0.2068154215812683
270 0.1858906149864197
280 0.1593427807092667
290 0.2211000472307205
300 0.2429103851318359
310 0.2136162221431732
320 0.1898166835308075
330 0.1739014089107513
340 0.1634039878845215
350 0.1676481962203979
360 0.1748337149620056
370 0.1782548427581787
380 0.1806264072656631
390 0.1838505566120148
400 0.1879000216722488
410 0.1910472810268402
420 0.1920766830444336
430 0.1914262026548386
440 0.1903241872787476
450 0.1889857649803162
460 0.1870654076337814
470 0.186167299747467
480 0.1865174621343613
490 0.1848420649766922
500 0.1826191991567612
510 0.1885504424571991
520 0.2049947082996368
530 0.2120497971773148
540 0.2100971639156342
550 0.2085050344467163
560 0.2062925696372986
570 0.2088250517845154
580 0.2229433953762054
590 0.2263140082359314
600 0.215882882475853
610 0.2027904391288757
620 0.2172926962375641
630 0.2236237823963165
640 0.192830890417099
650 0.2012648284435272
660 0.2276577204465866
670 0.1484759151935577
680 0.1595009565353394
690 0.1708807051181793
700 0.1943818628787994
710 0.2355241775512695
720 0.1988396346569061
730 0.1300134658813477
740 0.1415298134088516
750 0.1610209047794342
760 0.165063887834549
770 0.1569015085697174
780 0.1738764047622681
790 0.1255881786346436
800 0.1816494464874268
810 0.1715920269489288
820 0.03642484918236732
830 0.08119319379329681
840 0.1314437389373779
850 0.1660880446434021
860 0.1718241721391678
870 0.128119483590126
880 0.09244102239608765
890 0.1172961667180061
900 0.1245403587818146
910 0.1188171356916428
920 0.1473987102508545
930 0.1528032869100571
940 0.1491934657096863
950 0.1638888120651245
960 0.1626229584217072
970 0.1532431691884995
980 0.1520815193653107
990 0.1352342069149017
1000 0.13453508913517
1010 0.1443837881088257
1020 0.1526775509119034
1030 0.1708680093288422
1040 0.1789525300264359
1050 0.1806561350822449
1060 0.171417310833931
1070 0.1544622182846069
1080 0.1538778394460678
1090 0.1677839457988739
1100 0.1593399941921234
1110 0.1324504315853119
1120 0.1413836777210236
1130 0.171591728925705
1140 0.1695211231708527
1150 0.1814040392637253
1160 0.1337554901838303
1170 0.1223918050527573
1180 0.1745275259017944
1190 0.1621683835983276
1200 0.161752313375473
1210 0.1719565093517303
1220 0.1655356287956238
1230 0.1673971712589264
1240 0.1708158254623413
1250 0.1440721154212952
1260 0.1513100117444992
1270 0.1656308472156525
1280 0.1552432328462601
1290 0.1595416069030762
1300 0.1326415240764618
1310 0.09710658341646194
1320 0.1005983352661133
1330 0.1283557564020157
1340 0.1679597795009613
1350 0.1714947819709778
1360 0.1672806739807129
1370 0.1687029302120209
1380 0.1767273545265198
1390 0.1472522616386414
1400 0.1235841140151024
1410 0.1482848227024078
1420 0.1800001114606857
1430 0.1729931831359863
1440 0.1633815616369247
1450 0.1480047851800919
1460 0.1667576432228088
1470 0.1716170459985733
1480 0.1689266413450241
1490 0.1603544056415558
1500 0.1550700068473816
1510 0.1550786942243576
1520 0.1570568978786469
1530 0.1735586076974869
1540 0.1874746680259705
1550 0.1717916131019592
1560 0.1661475896835327
1570 0.1620284616947174
1580 0.1667569279670715
1590 0.1654514968395233
1600 0.1638297587633133
1610 0.1708999425172806
1620 0.2028491497039795
1630 0.1982892006635666
1640 0.1910950094461441
1650 0.1827974170446396
1660 0.1842716336250305
1670 0.1865665167570114
1680 0.1933531165122986
1690 0.1879013627767563
1700 0.1905629485845566
1710 0.1983054578304291
1720 0.1907089054584503
1730 0.1808796674013138
1740 0.185923844575882
1750 0.189593106508255
1760 0.1849899590015411
1770 0.185637965798378
1780 0.1941759139299393
1790 0.1828785836696625
1800 0.1869806796312332
1810 0.2120089828968048
1820 0.2060687243938446
1830 0.1973074376583099
1840 0.2044017463922501
1850 0.2060850262641907
1860 0.2030541896820068
1870 0.1977687180042267
1880 0.1981794238090515
1890 0.2088336050510406
1900 0.2098585963249207
1910 0.2128511965274811
1920 0.2189827859401703
1930 0.2232387959957123
1940 0.2346177995204926
1950 0.2116303741931915
1960 0.2141124606132507
1970 0.2128591537475586
1980 0.20604208111763
1990 0.2007956355810165
2000 0.1980379521846771
2010 0.2039237022399902
2020 0.2087315917015076
2030 0.2182487696409225
2040 0.2279761731624603
2050 0.2205971777439117
2060 0.2250866293907166
2070 0.2281718254089355
2080 0.2225017547607422
2090 0.2209565490484238
2100 0.2440418601036072
2110 0.2481203675270081
2120 0.2318363040685654
2130 0.2329376041889191
2140 0.2391935884952545
2150 0.2351710796356201
2160 0.2238422036170959
2170 0.2341720163822174
2180 0.2322590053081512
2190 0.2242591679096222
2200 0.2183275371789932
2210 0.2218513190746307
2220 0.2256654798984528
2230 0.2268288731575012
2240 0.2239714860916138
2250 0.2231662422418594
2260 0.2248126864433289
2270 0.2276190519332886
2280 0.2206646800041199
2290 0.2155930995941162
2300 0.2118245959281921
2310 0.2073467373847961
2320 0.2059594988822937
2330 0.209635317325592
2340 0.2112365663051605
2350 0.1883894205093384
2360 0.1869157403707504
2370 0.165612980723381
2380 0.1901259422302246
2390 0.2153826653957367
2400 0.1956389993429184
2410 0.217054158449173
2420 0.2215872704982758
2430 0.2234138548374176
2440 0.22079998254776
2450 0.2066632509231567
2460 0.2004709541797638
2470 0.2002071589231491
2480 0.2049704045057297
2490 0.1900443732738495
2500 0.1778010874986649
2510 0.1890759766101837
2520 0.1975153535604477
2530 0.2078650295734406
2540 0.2095057964324951
2550 0.2059990167617798
2560 0.2066631019115448
2570 0.2053317725658417
2580 0.2056687474250793
2590 0.2043344527482986
2600 0.2114664912223816
2610 0.2179128974676132
2620 0.2333220839500427
2630 0.2213937342166901
2640 0.2101687788963318
2650 0.2057197988033295
2660 0.1758354306221008
2670 0.1889176368713379
2680 0.1784710288047791
2690 0.1795801669359207
2700 0.1859206259250641
2710 0.1776811182498932
2720 0.1650576293468475
2730 0.1670179218053818
2740 0.2100363373756409
2750 0.2396965473890305
2760 0.2341144979000092
2770 0.2362047582864761
2780 0.2181919515132904
2790 0.2171298265457153
2800 0.2252027690410614
2810 0.22409787774086
2820 0.2358985245227814
2830 0.2096576392650604
2840 0.203345388174057
2850 0.1995603293180466
2860 0.2139318287372589
2870 0.2281055897474289
2880 0.2108515501022339
2890 0.2091476768255234
2900 0.2171335518360138
2910 0.2135407626628876
2920 0.1821839511394501
2930 0.1887591183185577
2940 0.1973177492618561
2950 0.1806646585464478
2960 0.1695184707641602
2970 0.1847597360610962
2980 0.1917660981416702
2990 0.1779016256332397
3000 0.1874969899654388
3010 0.1452076733112335
3020 0.158491924405098
3030 0.214930534362793
3040 0.205384373664856
3050 0.206326499581337
3060 0.2095346599817276
3070 0.2024607509374619
3080 0.1683417856693268
3090 0.1859487295150757
3100 0.1910140067338943
3110 0.1820125132799149
3120 0.1780805885791779
3130 0.1933294832706451
3140 0.1833276450634003
3150 0.1800469756126404
3160 0.2127755284309387
3170 0.2187289893627167
3180 0.2020514607429504
3190 0.1919146180152893
3200 0.19040846824646
3210 0.2124906927347183
3220 0.2105998694896698
3230 0.2159507870674133
3240 0.2118911147117615
3250 0.2070911377668381
3260 0.2047423720359802
3270 0.2022216320037842
3280 0.1905196905136108
3290 0.1859908550977707
3300 0.1863053888082504
3310 0.1788185089826584
3320 0.1775447577238083
3330 0.179899662733078
3340 0.1684019267559052
3350 0.1641107052564621
3360 0.1818538457155228
3370 0.1842464655637741
3380 0.1855834722518921
3390 0.1821093410253525
3400 0.1904619038105011
3410 0.2189043462276459
3420 0.1995411664247513
3430 0.197685495018959
3440 0.2022181153297424
3450 0.2030413001775742
3460 0.1936174929141998
3470 0.1799176335334778
3480 0.1875987648963928
3490 0.2105315923690796
3500 0.2045396417379379
3510 0.2092223018407822
3520 0.2108153849840164
3530 0.1993834674358368
3540 0.2008591741323471
3550 0.2020104378461838
3560 0.1928329467773438
3570 0.1892978847026825
3580 0.1911745965480804
3590 0.1994349509477615
3600 0.2202482372522354
3610 0.220381036400795
3620 0.2110306173563004
3630 0.1767920404672623
3640 0.1789113730192184
3650 0.1852606236934662
3660 0.2025420516729355
3670 0.2099186182022095
3680 0.188666820526123
3690 0.1830260008573532
3700 0.1765713691711426
3710 0.1895084530115128
3720 0.1986624002456665
3730 0.1985257267951965
3740 0.2074438631534576
3750 0.1979112029075623
3760 0.1982844173908234
3770 0.2122825980186462
3780 0.2049583941698074
3790 0.2105765789747238
3800 0.2150354832410812
3810 0.2054116129875183
3820 0.1983529180288315
3830 0.2052612602710724
3840 0.2212433516979218
3850 0.2157886922359467
3860 0.2008030414581299
3870 0.1950669884681702
3880 0.1932002604007721
3890 0.1893335580825806
3900 0.1901194900274277
3910 0.1965586841106415
3920 0.2057268619537354
3930 0.205929234623909
3940 0.211957722902298
3950 0.2170452773571014
3960 0.2039246261119843
3970 0.1918358653783798
3980 0.1897321492433548
3990 0.1948129385709763
4000 0.1934660971164703
4010 0.1932071447372437
4020 0.1973896622657776
4030 0.2009116858243942
4040 0.2063925713300705
4050 0.2136345952749252
4060 0.2148499637842178
4070 0.2046320736408234
4080 0.2026545107364655
4090 0.1858037859201431
4100 0.1920939385890961
4110 0.1754586100578308
4120 0.1794184744358063
4130 0.1909804195165634
4140 0.200542151927948
4150 0.1964293867349625
4160 0.1942028701305389
4170 0.1884799152612686
4180 0.1887175291776657
4190 0.2071751803159714
4200 0.2091588079929352
4210 0.2168158888816833
4220 0.201869398355484
4230 0.1953268945217133
4240 0.1964671164751053
4250 0.2018480896949768
4260 0.1951024532318115
4270 0.1936576813459396
4280 0.1907980144023895
4290 0.1915530115365982
4300 0.1922002136707306
4310 0.190713107585907
4320 0.1909439861774445
4330 0.1920909136533737
4340 0.1839488446712494
4350 0.1962206661701202
4360 0.2007109522819519
4370 0.1959525346755981
4380 0.1913324296474457
4390 0.194952130317688
4400 0.1940191239118576
4410 0.191941499710083
4420 0.1916767656803131
4430 0.1957452893257141
4440 0.2007476687431335
4450 0.2019098997116089
4460 0.1997901052236557
4470 0.1829296350479126
4480 0.1666470766067505
4490 0.1593918204307556
4500 0.1755131781101227
4510 0.1956096291542053
4520 0.1954099237918854
4530 0.1942320168018341
4540 0.1864940226078033
4550 0.1742636263370514
4560 0.204946905374527
4570 0.2143139839172363
4580 0.2088750600814819
4590 0.2103336155414581
4600 0.2042164355516434
4610 0.201671689748764
4620 0.2015120834112167
4630 0.2010518312454224
4640 0.1935473829507828
4650 0.1948584616184235
4660 0.2122165560722351
4670 0.1837859749794006
4680 0.1867849379777908
4690 0.2138363718986511
4700 0.2218368053436279
4710 0.1959821879863739
4720 0.1980306357145309
4730 0.1969591379165649
4740 0.2024136781692505
4750 0.2246178239583969
4760 0.2344944477081299
4770 0.229809433221817
4780 0.2215573787689209
4790 0.1904445886611938
4800 0.1963714361190796
4810 0.2272856682538986
4820 0.2088170349597931
4830 0.2240710556507111
4840 0.21943598985672
4850 0.1887935996055603
4860 0.1894621104001999
4870 0.2024944424629211
4880 0.2244484722614288
4890 0.2183122038841248
4900 0.2091342508792877
4910 0.2016594260931015
4920 0.1991044878959656
4930 0.2126129567623138
4940 0.2033876925706863
4950 0.2038071751594543
4960 0.1992359906435013
4970 0.187675952911377
4980 0.1873940229415894
4990 0.1937272250652313
5000 0.1961177140474319
5010 0.1881423145532608
5020 0.187102809548378
5030 0.1895413398742676
5040 0.193012997508049
5050 0.1911312341690063
5060 0.1956848502159119
5070 0.195983350276947
5080 0.2037743926048279
5090 0.2129250466823578
5100 0.1371762752532959
5110 0.1662477552890778
5120 0.2144595086574554
5130 0.2170515507459641
5140 0.2262852936983109
5150 0.228757232427597
5160 0.2251247763633728
5170 0.2276556938886642
5180 0.243440568447113
5190 0.200017511844635
5200 0.1773621439933777
5210 0.1917293965816498
5220 0.2039461731910706
5230 0.2052965760231018
5240 0.219831645488739
5250 0.2271766811609268
5260 0.2190427631139755
5270 0.2329632043838501
5280 0.2227001786231995
5290 0.2164807021617889
5300 0.2315091788768768
5310 0.2368334382772446
5320 0.2096373289823532
5330 0.210432231426239
5340 0.2103119641542435
5350 0.2081313729286194
5360 0.215019628405571
5370 0.21677465736866
5380 0.2165948301553726
5390 0.2188543081283569
5400 0.2191856205463409
5410 0.2199058681726456
5420 0.2107671350240707
5430 0.2041769325733185
5440 0.1997454464435577
5450 0.2010442167520523
5460 0.2061756253242493
5470 0.2079872786998749
5480 0.2076750695705414
5490 0.2090014517307281
5500 0.2204019725322723
5510 0.2242595255374908
5520 0.2272248864173889
5530 0.228025883436203
5540 0.2238092571496964
5550 0.2039872705936432
5560 0.2085883915424347
5570 0.2227653712034225
5580 0.2245518416166306
5590 0.2202508747577667
5600 0.2223341763019562
5610 0.2224361747503281
5620 0.2224098145961761
5630 0.2231421917676926
5640 0.2216285169124603
5650 0.214716762304306
5660 0.2184805274009705
5670 0.2169391512870789
5680 0.217611163854599
5690 0.2179550230503082
5700 0.2119949460029602
5710 0.2119871377944946
5720 0.2004576921463013
5730 0.2089817672967911
5740 0.2106902003288269
5750 0.1818754822015762
5760 0.1449887156486511
5770 0.2018488943576813
5780 0.21589195728302
5790 0.2182803750038147
5800 0.2222552597522736
5810 0.2180253565311432
5820 0.2091891467571259
5830 0.2033231854438782
5840 0.214411199092865
5850 0.2195196151733398
5860 0.2169760763645172
5870 0.1939692795276642
5880 0.2074281871318817
5890 0.2009482681751251
5900 0.2150812596082687
5910 0.2083916366100311
5920 0.2215774953365326
5930 0.2260501086711884
5940 0.2122574746608734
5950 0.21668940782547
5960 0.2167806327342987
5970 0.2235679626464844
5980 0.2289804816246033
5990 0.2228061258792877
6000 0.2154083847999573
6010 0.2065311521291733
6020 0.20406374335289
6030 0.1884399950504303
6040 0.2211786955595016
6050 0.2192011475563049
6060 0.2175539582967758
6070 0.1986786127090454
6080 0.2010809481143951
6090 0.2010644227266312
6100 0.1973714679479599
6110 0.1918527483940125
6120 0.1919566988945007
6130 0.1949837803840637
6140 0.1948624700307846
6150 0.1971369385719299
6160 0.2132727354764938
6170 0.200654923915863
6180 0.1740835458040237
6190 0.1901600360870361
6200 0.1907313466072083
6230 0.2071351408958435
6250 0.2096220105886459
6280 0.1999857872724533
6290 0.2173447012901306
6300 0.2230333238840103
6310 0.221625342965126
6340 0.2122913300991058
