"Time Step" "point-tau_vm-d"
20410 3.388320446014404
20420 7.965658187866211
20430 13.41961193084717
20440 9.832254409790039
20450 11.36896514892578
20460 8.883079528808594
20470 15.49944686889648
20480 12.1201114654541
20490 10.14506340026855
20500 8.974136352539062
20510 12.3791561126709
20520 6.682457447052002
20530 8.627192497253418
20540 10.55466747283936
20550 12.3984203338623
20560 13.45557403564453
20570 19.17252349853516
20580 20.23958969116211
20590 13.54020690917969
20600 24.96913528442383
20610 15.97593307495117
20620 15.74030685424805
20630 16.89337921142578
20640 13.71872520446777
20650 14.92535591125488
20660 12.8869686126709
20670 23.67059707641602
20680 13.65804862976074
20690 15.31294250488281
20700 17.05299758911133
20710 23.99567794799805
20720 16.15777015686035
20730 15.46257019042969
20740 12.4493989944458
20750 16.82818603515625
20760 15.76495933532715
20770 11.34568309783936
20780 9.870217323303223
20790 16.52993583679199
20800 11.62288284301758
20810 9.19480037689209
20820 13.07913780212402
20830 11.27340793609619
20840 8.034401893615723
20850 12.80641174316406
20860 8.27620792388916
20870 13.72402572631836
20880 9.351279258728027
20890 8.980364799499512
20900 10.89309310913086
20910 9.964381217956543
20920 5.789956092834473
20930 8.173895835876465
20940 17.39237403869629
20950 27.35990905761719
20960 11.22642421722412
20970 14.5312967300415
20980 17.58633804321289
20990 13.79505157470703
21000 16.00249862670898
21010 17.42933464050293
21020 14.28869915008545
21030 13.42580223083496
21040 10.2376880645752
21050 7.714410781860352
21060 14.93363666534424
21070 16.8778076171875
21080 11.6092529296875
21090 7.843361854553223
21100 8.757994651794434
21110 6.308755874633789
21120 7.518440723419189
21130 16.7542781829834
21140 12.90844440460205
21150 16.31819534301758
21160 14.58331489562988
21170 26.21303176879883
21180 30.37489318847656
21190 12.48105049133301
21200 17.42660903930664
21210 11.76310920715332
21220 13.51915645599365
21230 14.31831169128418
21240 10.11216449737549
21250 11.9857816696167
21260 8.881172180175781
21270 9.280355453491211
21280 8.025069236755371
21290 9.725719451904297
21300 7.931224346160889
21310 8.500707626342773
21320 11.01892280578613
21330 13.58650398254395
21340 14.77408695220947
21350 25.64962768554688
21360 13.85642051696777
21370 10.35821723937988
21380 7.494921684265137
21390 9.315496444702148
21400 16.70937156677246
21410 10.6387357711792
21420 13.81493377685547
21430 10.62677192687988
21440 21.64939117431641
21450 10.88248062133789
21460 9.845733642578125
21470 8.527021408081055
21480 10.97401905059814
21490 7.572303295135498
21500 7.951395034790039
21510 8.498985290527344
21520 16.1513729095459
21530 12.23450565338135
21540 6.055880546569824
21550 5.840155601501465
21560 12.81493949890137
21570 6.40776252746582
21580 8.305977821350098
21590 6.812532901763916
21600 11.02228736877441
21610 8.343412399291992
21620 22.17265510559082
21630 16.94952964782715
21640 15.07123184204102
21650 13.93862915039062
21660 15.62392425537109
21670 12.09170341491699
21680 11.89377021789551
21690 8.396960258483887
21700 8.638025283813477
21710 7.439273834228516
21720 13.18150043487549
21730 7.893754005432129
21740 5.535666465759277
21750 5.137904167175293
21760 13.34103012084961
21770 26.06355476379395
21780 23.62529373168945
21790 16.1609001159668
21800 16.91141891479492
21810 8.804884910583496
21820 6.861730098724365
21830 14.24503135681152
21840 8.219197273254395
21850 12.17716789245605
21860 26.86063385009766
21870 23.16400527954102
21880 22.9483757019043
21890 13.53394031524658
21900 10.6492805480957
21910 9.108922958374023
21920 12.17793941497803
21930 14.86658668518066
21940 11.7109317779541
21950 11.64108276367188
21960 11.52279376983643
21970 21.20450401306152
21980 13.14744567871094
21990 19.51682662963867
22000 13.61235618591309
22010 16.76090049743652
22020 16.85545539855957
22030 12.15801048278809
22040 5.367215156555176
22050 5.25319766998291
22060 4.5010986328125
22070 8.169563293457031
22080 12.31171226501465
22090 7.826921939849854
22100 13.46020603179932
22110 14.52173519134521
22120 11.38857269287109
22130 9.302345275878906
22140 12.56485748291016
22150 9.617220878601074
22160 19.71279907226562
22170 23.13435745239258
22180 25.19996643066406
22190 22.83270072937012
22200 22.33096504211426
22210 15.64313316345215
22220 15.72273635864258
22230 16.21242523193359
22240 15.88163948059082
22250 14.70196628570557
22260 17.27518081665039
22270 17.92748641967773
22280 12.66966342926025
22290 9.135764122009277
22300 19.91802978515625
22310 21.03205490112305
22320 16.8648509979248
22330 11.15885448455811
22340 8.99977970123291
22350 8.516555786132812
22360 16.09535980224609
22370 11.69698143005371
22380 23.57862854003906
22390 21.74345970153809
22400 17.73065757751465
22410 13.40114212036133
22420 11.65147590637207
22430 10.89286231994629
22440 6.681835174560547
22450 13.12614440917969
22460 9.622332572937012
22470 13.13691806793213
22480 12.81050300598145
22490 13.53263664245605
22500 10.15155220031738
22510 10.50691413879395
22520 15.3073902130127
22530 18.42157173156738
22540 15.17751312255859
22550 13.23845863342285
22560 11.38955593109131
22570 13.20679950714111
22580 11.00909996032715
22590 16.48617744445801
22600 20.32294273376465
22610 33.10607528686523
22620 26.48475646972656
22630 15.4889554977417
22640 23.16839790344238
22650 27.72666168212891
22660 36.58991622924805
22670 19.04576873779297
22680 16.07912826538086
22690 10.13287925720215
22700 14.20615196228027
22710 9.444696426391602
22720 19.53786087036133
22730 14.84192657470703
22740 12.0929126739502
22750 7.945876121520996
22760 10.38572120666504
22770 8.27976131439209
22780 15.60684394836426
22790 23.32472610473633
22800 9.674339294433594
22810 23.49216079711914
22820 16.44849586486816
22830 12.22333717346191
22840 14.97889518737793
22850 10.04100799560547
22860 14.05535697937012
22870 12.85488510131836
22880 13.81862258911133
22890 14.44412517547607
22900 10.32066059112549
22910 10.68736267089844
22920 11.25242137908936
22930 5.559198379516602
22940 5.593134880065918
22950 6.661921501159668
22960 9.292007446289062
22970 17.0494499206543
22980 23.94086837768555
22990 18.53154945373535
23000 16.59357070922852
23010 20.39230346679688
23020 21.61484146118164
23030 8.021979331970215
23040 16.90873908996582
23050 13.71169281005859
23060 18.54483413696289
23070 10.64836883544922
23080 12.20367431640625
23090 10.01891708374023
23100 7.577789783477783
23110 11.51238059997559
23120 11.08695602416992
23130 11.61333084106445
23140 23.25903511047363
23150 6.759816646575928
23160 6.521930694580078
23170 10.12533378601074
23180 13.70065021514893
23190 14.31659698486328
23200 7.469095230102539
23210 13.81605529785156
23220 10.49411010742188
23230 7.890010833740234
23240 5.508536338806152
23250 8.593823432922363
23260 9.039800643920898
23270 15.74272346496582
23280 14.57975769042969
23290 8.63609504699707
23300 13.78329277038574
23310 15.93131256103516
23320 13.36202049255371
23330 13.29490089416504
23340 16.18485450744629
23350 15.78524971008301
23360 18.95707130432129
23370 15.83576393127441
23380 16.1652717590332
23390 11.28769493103027
23400 11.56387996673584
23410 15.2759952545166
23420 14.97029495239258
23430 22.21731185913086
23440 12.90578460693359
23450 13.17141723632812
23460 16.92306137084961
23470 16.51015090942383
23480 9.886930465698242
23490 9.49787712097168
23500 12.51378059387207
23510 12.95661735534668
23520 9.418937683105469
23530 8.519023895263672
23540 18.88611030578613
23550 16.16145706176758
23560 12.31073760986328
23570 5.077367782592773
23580 11.84180164337158
23590 16.52239608764648
23600 21.50987815856934
23610 15.44640731811523
23620 15.61983489990234
23630 12.27470779418945
23640 18.4102668762207
23650 17.44050025939941
23660 12.77118301391602
23670 15.92519950866699
23680 8.705757141113281
23690 12.58063888549805
23700 7.022375106811523
23710 7.447754859924316
23720 4.199140548706055
23730 7.217258453369141
23740 3.551107168197632
23750 9.756091117858887
23760 10.71133041381836
23770 13.80754661560059
23780 35.55047607421875
23790 21.05900192260742
23800 28.56975936889648
23810 23.65775108337402
23820 16.61386680603027
23830 20.11552810668945
23840 14.57388782501221
23850 13.36233139038086
23860 6.817090511322021
23870 11.92675304412842
23880 19.54541397094727
23890 13.35114097595215
23900 5.764685153961182
23910 7.071693420410156
23920 6.586161613464355
23930 8.593728065490723
23940 7.044708251953125
23950 9.65324592590332
23960 11.4104061126709
23970 8.882002830505371
23980 6.559788703918457
23990 6.975135803222656
24000 7.876388549804688
13810 8.749503135681152
13820 9.166038513183594
13830 9.09642505645752
13840 19.5257568359375
13850 18.32519912719727
13860 14.43666458129883
13870 16.27836227416992
13880 14.36155891418457
13890 31.59586524963379
13900 37.7613639831543
13910 27.19591522216797
13920 23.25242233276367
13930 18.11035919189453
13940 13.66969871520996
13950 25.18137741088867
13960 27.01361846923828
13970 18.46393775939941
13980 16.61174011230469
13990 11.54561042785645
14000 11.23020172119141
14010 5.887980461120605
14020 6.565356254577637
14030 9.266602516174316
14040 5.932014465332031
14050 3.821650505065918
14060 7.756176948547363
14070 7.691507816314697
14080 13.96780586242676
14090 13.19735527038574
14100 8.568445205688477
14110 13.55738830566406
14120 11.08159732818604
14130 7.668052673339844
14140 21.60105514526367
14150 26.40482330322266
14160 12.49935436248779
14170 10.13617897033691
14180 16.9469051361084
14190 14.58535480499268
14200 14.68260192871094
14210 16.80581092834473
14220 17.04664611816406
14230 9.462324142456055
14240 10.67902565002441
14250 16.18477439880371
14260 13.02041244506836
14270 13.40450859069824
14280 14.19475936889648
14290 32.83592987060547
14300 17.46715927124023
14310 13.98724746704102
14320 11.21903133392334
14330 24.56509017944336
14340 10.79104137420654
14350 11.15519905090332
14360 12.51012706756592
14370 12.88327407836914
14380 11.10834693908691
14390 11.08526039123535
14400 10.88477897644043
14410 15.1837043762207
14420 9.258512496948242
14430 5.353795051574707
14440 10.90780067443848
14450 21.79507446289062
14460 10.88418006896973
14470 9.772472381591797
14480 10.80022430419922
14490 16.49401664733887
14500 26.1364631652832
14510 29.60987281799316
14520 14.4077205657959
14530 12.80835151672363
14540 23.03451728820801
14550 11.95050430297852
14560 18.93309593200684
14570 17.44775009155273
14580 18.38064002990723
14590 17.91265106201172
14600 18.46520233154297
14610 18.17087173461914
14620 28.43808746337891
14630 16.78555679321289
14640 15.47198867797852
14650 17.82628440856934
14660 13.29587745666504
14670 8.482704162597656
14680 7.721456050872803
14690 6.591133594512939
14700 10.55548286437988
14710 18.3681697845459
14720 10.23140525817871
14730 11.63734817504883
14740 6.019641876220703
14750 6.466793060302734
14760 8.101766586303711
14770 13.76575088500977
14780 10.22243118286133
14790 11.15216445922852
14800 17.27346611022949
14810 16.46672248840332
14820 14.95573616027832
14830 9.230220794677734
14840 5.367232322692871
14850 9.340062141418457
14860 21.10023880004883
14870 31.66590690612793
14880 28.31164169311523
14890 17.6900806427002
14900 7.760785579681396
14910 9.931251525878906
14920 12.97450828552246
14930 24.44478988647461
14940 13.64930534362793
14950 19.10567283630371
14960 5.676517963409424
14970 11.81898212432861
14980 11.81641578674316
14990 9.035140991210938
15000 30.4615306854248
15010 36.33400726318359
15020 29.22173309326172
15030 16.00028610229492
15040 10.70986747741699
15050 23.67064476013184
15060 19.06929016113281
15070 16.1160774230957
15080 11.29201602935791
15090 9.295742034912109
15100 19.46359634399414
15110 13.92658805847168
15120 12.27027130126953
15130 13.22999954223633
15140 14.91640472412109
15150 16.81840896606445
15160 12.49814796447754
15170 14.57729625701904
15180 9.370257377624512
15190 21.56198692321777
15200 29.70158386230469
15210 12.59349250793457
15220 13.23622703552246
15230 10.54618167877197
15240 15.06454658508301
15250 8.569611549377441
15260 13.92539215087891
15270 17.72937393188477
15280 18.84796524047852
15290 7.823273658752441
15300 8.124849319458008
15310 8.733707427978516
15320 8.69922924041748
15330 19.97279357910156
15340 7.450275421142578
15350 6.054230690002441
15360 13.72010803222656
15370 12.2905445098877
15380 12.2443733215332
15390 11.33880043029785
15400 11.11582088470459
15410 9.380990982055664
15420 9.600584030151367
15430 4.963356971740723
15440 5.347349166870117
15450 13.25368881225586
15460 12.97218704223633
15470 15.1402006149292
15480 22.33234786987305
15490 20.36447906494141
15500 18.8199348449707
15510 20.22047424316406
15520 11.22132873535156
15530 11.42061805725098
15540 8.274885177612305
15550 9.14450740814209
15560 13.38825416564941
15570 9.286767959594727
15580 7.913393020629883
15590 11.17937183380127
15600 13.99115467071533
15610 19.33266830444336
15620 11.69658470153809
15630 6.782179832458496
15640 10.99324607849121
15650 7.361048221588135
15660 9.95311164855957
15670 11.83262538909912
15680 14.26169776916504
15690 13.58709239959717
15700 19.35059356689453
15710 9.279373168945312
15720 10.87499809265137
15730 7.418068885803223
15740 6.301589488983154
15750 9.948040962219238
15760 18.66406631469727
15770 11.93231010437012
15780 26.51792907714844
15790 30.77429962158203
15800 25.02885818481445
15810 16.1940803527832
15820 13.51635551452637
15830 13.20721817016602
15840 12.28860092163086
15850 12.59724426269531
15860 6.391687393188477
15870 6.763156890869141
15880 8.757632255554199
15890 12.32073211669922
15900 8.787582397460938
15910 7.055984497070312
15920 7.93890905380249
15930 5.820010662078857
15940 8.029613494873047
15950 10.60736465454102
15960 12.57723045349121
15970 9.320066452026367
15980 11.22529220581055
15990 10.41261100769043
16000 5.263259887695312
16010 3.041923522949219
16020 3.257910966873169
16030 7.748299598693848
16040 7.327915191650391
16050 12.74585151672363
16060 11.55377388000488
16070 12.38126564025879
16080 17.61166763305664
16090 10.88863945007324
16100 12.72195720672607
16110 18.98994445800781
16120 12.3985071182251
16130 7.643208503723145
16140 15.53164863586426
16150 21.62202835083008
16160 23.03550910949707
16170 16.91983985900879
16180 18.30060386657715
16190 17.02252006530762
16200 15.06149291992188
16210 12.20446014404297
16220 11.98748207092285
16230 18.29731369018555
16240 16.1457405090332
16250 13.93068027496338
16260 15.1715087890625
16270 19.03612899780273
16280 10.60542774200439
16290 14.44721794128418
16300 11.0234899520874
16310 17.02695846557617
16320 17.17734527587891
16330 9.653385162353516
16340 11.29030799865723
16350 7.224409580230713
16360 17.96100616455078
16370 9.065189361572266
16380 12.31898403167725
16390 13.85473823547363
16400 10.66616249084473
16410 7.409067630767822
16420 13.0850305557251
16430 6.291637897491455
16440 13.08334159851074
16450 15.72599792480469
16460 9.863489151000977
16470 9.774988174438477
16480 12.01396179199219
16490 10.07348442077637
16500 11.41551780700684
16510 15.58868885040283
16520 14.53624629974365
16530 10.51301956176758
16540 9.481501579284668
16550 14.85341262817383
16560 15.03845882415771
16570 14.30681610107422
16580 8.160977363586426
16590 13.46700859069824
16600 16.48815155029297
16610 11.54970550537109
16620 17.06829452514648
16630 14.94598388671875
16640 15.75027561187744
16650 16.90474319458008
16660 17.11878204345703
16670 14.32724666595459
16680 10.39644718170166
16690 7.470085620880127
16700 10.06893348693848
16710 5.544647216796875
16720 8.292864799499512
16730 11.429368019104
16740 13.60129165649414
16750 20.55422210693359
16760 17.68503952026367
16770 17.2630615234375
16780 12.50039958953857
16790 17.67204856872559
16800 14.30790519714355
16810 9.450786590576172
16820 11.30248737335205
16830 8.765182495117188
16840 10.29558944702148
16850 16.30459594726562
16860 10.15113067626953
16870 18.16988754272461
16880 28.95870399475098
16890 17.64617156982422
16900 15.8123836517334
16910 9.372486114501953
16920 10.05119609832764
16930 9.910520553588867
16940 13.31984329223633
16950 10.46453285217285
16960 7.600958824157715
16970 11.29243278503418
16980 8.896402359008789
16990 5.935908317565918
17000 5.625284194946289
17010 11.74569892883301
17020 13.55947017669678
17030 8.183282852172852
17040 14.10371875762939
17050 6.51740026473999
17060 13.70251846313477
17070 22.64529418945312
17080 20.42229461669922
17090 9.486291885375977
17100 11.91541385650635
17110 18.02219772338867
17120 22.89727401733398
17130 18.04888534545898
17140 12.68064880371094
17150 10.65921497344971
17160 20.17205810546875
17170 25.9354133605957
17180 21.28542327880859
17190 10.83205795288086
17200 8.016952514648438
17210 10.85685348510742
17220 12.86942481994629
17230 10.89115333557129
17240 18.85183143615723
17250 11.76691150665283
17260 10.83144760131836
17270 12.24472045898438
17280 27.94941711425781
17290 23.90507316589355
17300 26.50932502746582
17310 20.20741653442383
17320 11.1873607635498
17330 13.97527885437012
17340 21.21800994873047
17350 11.52807521820068
17360 21.95616722106934
17370 20.78120040893555
17380 33.06389617919922
17390 39.22317504882812
17400 29.91089630126953
17410 21.37176704406738
17420 24.74628257751465
17430 25.6701774597168
17440 9.067488670349121
17450 8.053884506225586
17460 8.436567306518555
17470 7.592541694641113
17480 15.30006408691406
17490 8.38887882232666
17500 6.833466529846191
17510 6.221953392028809
17520 3.886892318725586
17530 6.519404888153076
17540 8.783369064331055
17550 12.6895694732666
17560 17.50057601928711
17570 10.6514196395874
17580 9.903707504272461
17590 5.371081829071045
17600 6.405345916748047
17610 9.086143493652344
17620 13.81673908233643
17630 17.97418212890625
17640 13.99195289611816
17650 11.99929332733154
17660 10.34464359283447
17670 6.060344219207764
17680 8.185108184814453
17690 11.92171287536621
17700 10.8723726272583
17710 15.2502555847168
17720 8.930185317993164
17730 11.43116188049316
17740 9.408475875854492
17750 15.41605091094971
17760 13.47064018249512
17770 27.4393196105957
17780 13.02223968505859
17790 12.4075870513916
17800 13.06261825561523
17810 11.08526420593262
17820 17.114990234375
17830 6.581120491027832
17840 14.4838285446167
17850 8.346714019775391
17860 12.97257423400879
17870 15.77140998840332
17880 16.29353141784668
17890 8.4322509765625
17900 9.070907592773438
17910 7.561927795410156
17920 7.909443855285645
17930 17.14233779907227
17940 14.24949932098389
17950 7.693089962005615
17960 5.210967063903809
17970 10.21271896362305
17980 12.05265712738037
17990 13.73979377746582
18000 14.01842212677002
18010 12.34967041015625
18020 19.42657852172852
18030 13.97040367126465
18040 7.220602035522461
18050 5.705260276794434
18060 14.52994155883789
18070 15.8491678237915
18080 9.104133605957031
18090 13.29515647888184
18100 14.46593475341797
18110 16.54213714599609
18120 14.16820907592773
18130 8.987926483154297
18140 7.079200744628906
18150 11.99043655395508
18160 13.36701774597168
18170 9.512277603149414
18180 19.06635665893555
18190 26.3186206817627
18200 38.62156677246094
18210 21.24871826171875
18220 13.04516506195068
18230 22.22006797790527
18240 17.31267166137695
18250 12.1635684967041
18260 18.28264427185059
18270 6.57740592956543
18280 7.220901489257812
18290 18.7190990447998
18300 20.34337997436523
18310 14.7833080291748
18320 12.1084041595459
18330 26.76672744750977
18340 20.92428588867188
18350 15.28889846801758
18360 18.88608551025391
18370 10.46801662445068
18380 10.17820358276367
18390 11.84358787536621
18400 8.204499244689941
18410 11.84323692321777
18420 9.729232788085938
18430 11.07917594909668
18440 8.600214004516602
18450 8.252097129821777
18460 9.452485084533691
18470 5.488452911376953
18480 6.943160057067871
18490 6.568293571472168
18500 15.46544647216797
18510 12.67470550537109
18520 16.85231018066406
18530 19.37009429931641
18540 19.9238338470459
18550 13.41350746154785
18560 9.160964012145996
18570 11.47309494018555
18580 22.74115753173828
18590 14.60501289367676
18600 27.69879531860352
18610 12.95216846466064
18620 14.92452812194824
18630 11.49074172973633
18640 18.138427734375
18650 19.40453720092773
18660 16.53512191772461
18670 5.238503456115723
18680 9.575359344482422
18690 12.75120067596436
18700 15.7819709777832
18710 21.40891647338867
18720 27.077880859375
18730 23.42787551879883
18740 33.13074111938477
18750 16.71285057067871
18760 19.80910491943359
18770 17.19927024841309
18780 16.46083831787109
18790 26.66757583618164
18800 16.93208312988281
18810 8.542360305786133
18820 17.9550838470459
18830 16.47783279418945
18840 11.11196708679199
18850 14.95518112182617
18860 16.49603271484375
18870 26.39320373535156
18880 14.93990135192871
18890 12.12738990783691
18900 15.55275249481201
18910 8.91070556640625
18920 10.32156753540039
18930 9.056072235107422
18940 15.42302703857422
18950 11.66704368591309
18960 12.14354991912842
18970 13.55970096588135
18980 27.04397583007812
18990 10.97743320465088
19000 8.360626220703125
19010 15.50046062469482
19020 17.21100616455078
19030 21.86236572265625
19040 26.15945434570312
19050 23.54987716674805
19060 19.39723205566406
19070 15.81273746490479
19080 18.60734367370605
19090 15.24663734436035
19100 13.68926906585693
19110 8.373001098632812
19120 7.355916023254395
19130 6.281465530395508
19140 13.83585643768311
19150 13.90527057647705
19160 7.871844291687012
19170 6.857277870178223
19180 7.741837501525879
19190 6.157275199890137
19200 4.64841365814209
19210 11.60181713104248
19220 17.01131057739258
19230 9.842889785766602
19240 11.2131175994873
19250 11.02269077301025
19260 12.63865756988525
19270 11.5191011428833
19280 14.73414897918701
19290 19.60945320129395
19300 16.82082366943359
19310 8.412489891052246
19320 10.98843383789062
19330 17.08909606933594
19340 9.501659393310547
19350 12.34267807006836
19360 11.37429141998291
19370 16.87173843383789
19380 19.91876220703125
19390 12.39264106750488
19400 7.339057922363281
19410 10.81224250793457
19420 11.30943489074707
19430 11.70094108581543
19440 7.801346302032471
19450 10.34623336791992
19460 17.99980926513672
19470 13.65182113647461
19480 12.64656639099121
19490 15.42752647399902
19500 13.24016666412354
19510 21.83230590820312
19520 15.10539245605469
19530 17.23968124389648
19540 11.58382034301758
19550 5.546917915344238
19560 7.72020149230957
19570 4.119770050048828
19580 4.748261451721191
19590 7.193652153015137
19600 8.518581390380859
19610 10.92764282226562
19620 15.63962364196777
19630 8.203638076782227
19640 12.20106029510498
19650 24.80183029174805
19660 25.04013442993164
19670 11.92686080932617
19680 20.20705413818359
19690 15.61073303222656
19700 12.4673318862915
19710 14.56490898132324
19720 12.83007049560547
19730 18.18255233764648
19740 28.58626937866211
19750 24.34151458740234
19760 20.06472396850586
19770 17.01536178588867
19780 14.32841491699219
19790 14.59392738342285
19800 20.67544364929199
19810 15.28471946716309
19820 13.80100250244141
19830 12.96766090393066
19840 9.621364593505859
19850 7.584644794464111
19860 11.24704742431641
19870 11.04094886779785
19880 8.24159049987793
19890 8.841264724731445
19900 18.84329414367676
19910 15.85234260559082
19920 12.47705841064453
19930 10.13449668884277
19940 9.456132888793945
19950 10.8001594543457
19960 10.1214656829834
19970 18.31565856933594
19980 15.79417610168457
19990 17.45515823364258
20000 13.88843250274658
20010 10.68918609619141
20020 14.71318435668945
20030 13.50936889648438
20040 13.46620941162109
20050 11.84979915618896
20060 12.52938461303711
20070 12.24850654602051
20080 10.14785480499268
20090 9.147069931030273
20100 6.211620330810547
20110 6.442845821380615
20120 5.285489082336426
20130 14.82754707336426
20140 23.48999786376953
20150 33.49275588989258
20160 47.47797012329102
20170 42.73777770996094
20180 20.15018081665039
20190 19.17635726928711
20200 10.53464889526367
20210 10.76943588256836
20220 17.7874641418457
20230 32.90571212768555
20240 17.26144409179688
20250 18.30164337158203
20260 31.74296951293945
20270 17.27337646484375
20280 18.35146331787109
20290 14.15569114685059
20300 25.46703910827637
20310 17.69522285461426
20320 15.1978588104248
20330 12.09512329101562
20340 13.48111152648926
20350 10.61651420593262
20360 8.138442993164062
20370 10.89082527160645
20380 12.08267402648926
20390 14.25018692016602
20400 9.507532119750977
6810 14.43168163299561
6820 11.2940673828125
6830 7.646668434143066
6840 17.8077278137207
6850 14.21044063568115
6860 12.75584030151367
6870 11.1018180847168
6880 10.74935913085938
6890 14.57687282562256
6900 15.1838321685791
6910 11.82902526855469
6920 9.876229286193848
6930 15.65545272827148
6940 16.69805717468262
6950 33.77651977539062
6960 28.57661437988281
6970 42.27611923217773
6980 27.97835540771484
6990 13.96769046783447
7000 9.338037490844727
7010 13.40766525268555
7020 12.75420379638672
7030 21.31679916381836
7040 18.6103515625
7050 15.38700485229492
7060 21.77477645874023
7070 15.61368751525879
7080 10.89090728759766
7090 9.832452774047852
7100 20.70792388916016
7110 16.76936531066895
7120 11.81770324707031
7130 10.6437873840332
7140 26.58056831359863
7150 17.91622352600098
7160 18.88327980041504
7170 18.59806632995605
7180 33.74678421020508
7190 28.79607391357422
7200 27.9206485748291
7210 8.075534820556641
7220 7.975338459014893
7230 10.30389213562012
7240 10.77637672424316
7250 14.09046840667725
7260 6.558423519134521
7270 5.57843542098999
7280 3.435536861419678
7290 5.59380054473877
7300 10.61168479919434
7310 14.17697238922119
7320 20.96545219421387
7330 17.3638801574707
7340 14.34745788574219
7350 17.27372741699219
7360 22.11999130249023
7370 17.19678115844727
7380 13.55010223388672
7390 13.78586006164551
7400 16.05485343933105
7410 17.94615936279297
7420 16.34545516967773
7430 13.71585178375244
7440 22.15996551513672
7450 17.40136909484863
7460 11.51647663116455
7470 11.43490982055664
7480 13.21212577819824
7490 9.68797492980957
7500 9.168971061706543
7510 12.69405841827393
7520 9.688747406005859
7530 10.36763000488281
7540 14.9204044342041
7550 13.96356773376465
7560 12.03366756439209
7570 6.637855529785156
7580 6.562793731689453
7590 9.430698394775391
7600 10.4238166809082
7610 10.07432174682617
7620 8.077792167663574
7630 10.99977493286133
7640 7.365412712097168
7650 10.16990756988525
7660 11.41823577880859
7670 12.78772354125977
7680 13.39053916931152
7690 11.03996086120605
7700 11.92176628112793
7710 7.080410003662109
7720 6.360812187194824
7730 5.467146396636963
7740 11.49815273284912
7750 12.79507255554199
7760 9.248604774475098
7770 8.333273887634277
7780 26.01226234436035
7790 22.14968872070312
7800 22.32981300354004
7810 18.49246597290039
7820 23.3924617767334
7830 16.63190841674805
7840 21.73445892333984
7850 13.43476963043213
7860 10.45992088317871
7870 9.207069396972656
7880 10.94952011108398
7890 10.1348991394043
7900 13.09089279174805
7910 16.83337783813477
7920 10.74111747741699
7930 5.903533935546875
7940 8.153947830200195
7950 15.01917266845703
7960 8.845355987548828
7970 12.16658592224121
7980 15.59970474243164
7990 8.182937622070312
8000 10.87022399902344
8010 11.11117076873779
8020 7.712812423706055
8030 8.753530502319336
8040 9.108675003051758
8050 6.861213684082031
8060 10.91222190856934
8070 6.641684532165527
8080 6.802749633789062
8090 8.015881538391113
8100 8.205669403076172
8110 7.998113632202148
8120 8.422023773193359
8130 10.55226135253906
8140 7.613897323608398
8150 7.781899452209473
8160 11.24493980407715
8170 15.19433212280273
8180 16.452880859375
8190 20.10751342773438
8200 11.50496292114258
8210 19.91367149353027
8220 35.40103912353516
8230 36.70890045166016
8240 27.20235443115234
8250 13.72775173187256
8260 9.048969268798828
8270 10.62444877624512
8280 15.75539970397949
8290 19.08979606628418
8300 19.93483352661133
8310 19.63282775878906
8320 16.93344306945801
8330 9.614049911499023
8340 12.75859832763672
8350 14.11320304870605
8360 8.60888671875
8370 8.288116455078125
8380 8.430900573730469
8390 8.686838150024414
8400 18.73453330993652
8410 23.28541374206543
8420 13.00553703308105
8430 7.599775791168213
8440 13.68431758880615
8450 9.27983283996582
8460 10.5051383972168
8470 13.25120067596436
8480 7.866164684295654
8490 3.62100887298584
8500 7.172481536865234
8510 7.269864082336426
8520 9.011442184448242
8530 15.88143539428711
8540 14.2747859954834
8550 23.12855911254883
8560 14.96781539916992
8570 9.227316856384277
8580 22.48744583129883
8590 16.53645896911621
8600 14.60092639923096
8610 22.12200927734375
8620 26.58190536499023
8630 9.909555435180664
8640 10.3264045715332
8650 10.56901073455811
8660 8.261532783508301
8670 13.85173892974854
8680 22.91193962097168
8690 13.05000400543213
8700 25.2572135925293
8710 14.92149829864502
8720 14.23910617828369
8730 11.9841480255127
8740 11.29705429077148
8750 11.89833068847656
8760 17.0750617980957
8770 12.1970100402832
8780 12.80526542663574
8790 11.68025875091553
8800 10.51296997070312
8810 7.897266387939453
8820 12.06100463867188
8830 11.26854705810547
8840 18.34898376464844
8850 12.05947875976562
8860 8.953473091125488
8870 7.811779975891113
8880 8.843448638916016
8890 7.931426048278809
8900 7.249693870544434
8910 10.47758769989014
8920 15.62623405456543
8930 10.82768249511719
8940 18.24112129211426
8950 8.537520408630371
8960 13.86922454833984
8970 24.92970657348633
8980 23.76767158508301
8990 22.23270988464355
9000 11.64230346679688
9010 13.60304832458496
9020 17.08259010314941
9030 19.48711967468262
9040 9.134078979492188
9050 10.39567947387695
9060 7.397426128387451
9070 9.804598808288574
9080 9.6229248046875
9090 8.449481964111328
9100 10.1617374420166
9110 10.96947765350342
9120 7.618975639343262
9130 24.40388870239258
9140 25.23220252990723
9150 19.18206405639648
9160 19.85079193115234
9170 15.62322616577148
9180 20.75428009033203
9190 21.86994552612305
9200 14.87128448486328
9210 13.40413475036621
9220 19.35990333557129
9230 12.09660339355469
9240 15.6946325302124
9250 22.57010078430176
9260 18.78987121582031
9270 19.87784957885742
9280 18.51411247253418
9290 14.79920768737793
9300 10.98614025115967
9310 6.957100868225098
9320 6.865923881530762
9330 5.59028434753418
9340 8.859304428100586
9350 12.94621086120605
9360 15.22879791259766
9370 18.04926681518555
9380 20.37381744384766
9390 18.27958297729492
9400 34.03910064697266
9410 24.47852325439453
9420 26.60610389709473
9430 25.25671768188477
9440 21.96078872680664
9450 17.6658763885498
9460 15.43712043762207
9470 8.237044334411621
9480 6.123303413391113
9490 10.90554809570312
9500 5.727522850036621
9510 11.15012741088867
9520 14.26629066467285
9530 11.94552803039551
9540 13.33444690704346
9550 13.05711555480957
9560 12.57564067840576
9570 11.70066261291504
9580 14.35601234436035
9590 12.65298366546631
9600 11.75580596923828
9610 9.624645233154297
9620 10.43307399749756
9630 16.49402618408203
9640 20.1904411315918
9650 11.0462760925293
9660 28.29594421386719
9670 19.7666015625
9680 12.24102592468262
9690 4.883370399475098
9700 10.82511138916016
9710 17.22539901733398
9720 10.9053897857666
9730 10.92621994018555
9740 10.29354095458984
9750 14.71777439117432
9760 22.3663444519043
9770 24.40958595275879
9780 41.10383605957031
9790 21.953125
9800 17.88757705688477
9810 8.891044616699219
9820 19.14037895202637
9830 35.21598434448242
9840 19.12357711791992
9850 16.06501388549805
9860 14.15027809143066
9870 14.97983360290527
9880 4.432084083557129
9890 4.942525386810303
9900 6.011013984680176
9910 10.56840324401855
9920 9.361010551452637
9930 11.40553760528564
9940 8.368365287780762
9950 8.578241348266602
9960 6.618170738220215
9970 11.08786010742188
9980 12.50196170806885
9990 9.002862930297852
10000 10.51778793334961
10010 16.23415374755859
10020 12.60340881347656
10030 10.66451454162598
10040 12.64482879638672
10050 8.489253997802734
10060 9.065710067749023
10070 9.625244140625
10080 10.94179439544678
10090 14.60388851165771
10100 16.40842247009277
10110 8.394497871398926
10120 14.60907554626465
10130 13.79191493988037
10140 13.83377456665039
10150 18.25181770324707
10160 7.346780776977539
10170 6.39765739440918
10180 9.557415962219238
10190 9.123661994934082
10200 9.95203971862793
10210 11.44040107727051
10220 12.98260116577148
10230 15.08652782440186
10240 15.12930297851562
10250 15.21538639068604
10260 10.87830352783203
10270 22.39239501953125
10280 11.45683288574219
10290 13.19741249084473
10300 13.88846397399902
10310 11.10009384155273
10320 18.28949737548828
10330 18.48111724853516
10340 10.58182525634766
10350 10.87106895446777
10360 14.6783332824707
10370 11.5940990447998
10380 13.54641342163086
10390 12.73517799377441
10400 14.59687805175781
10410 13.74941825866699
10420 12.46404266357422
10430 13.69839859008789
10440 17.33688926696777
10450 13.53924751281738
10460 15.27152633666992
10470 15.35048675537109
10480 8.469537734985352
10490 8.46019172668457
10500 7.035388946533203
10510 7.394740581512451
10520 8.653120040893555
10530 8.103266716003418
10540 5.547654151916504
10550 3.606111526489258
10560 8.617843627929688
10570 13.45100402832031
10580 33.57698059082031
10590 18.7272834777832
10600 28.1538200378418
10610 9.445046424865723
10620 9.847055435180664
10630 23.86743545532227
10640 23.97279357910156
10650 22.31388282775879
10660 20.89143753051758
10670 8.861522674560547
10680 12.01689338684082
10690 13.37179756164551
10700 11.7977237701416
10710 17.54695320129395
10720 18.94116973876953
10730 15.76260185241699
10740 19.89570617675781
10750 16.95807266235352
10760 8.860790252685547
10770 9.812936782836914
10780 16.65104866027832
10790 14.89341926574707
10800 16.2306957244873
10810 12.72816944122314
10820 12.52514266967773
10830 16.51660919189453
10840 21.79613304138184
10850 13.9459285736084
10860 14.07912254333496
10870 8.563478469848633
10880 10.48273754119873
10890 14.35343170166016
10900 6.980014801025391
10910 11.89647483825684
10920 10.90114784240723
10930 10.48038291931152
10940 11.30517578125
10950 13.61351776123047
10960 14.84703826904297
10970 14.68918895721436
10980 21.11727905273438
10990 25.14147758483887
11000 17.87462997436523
11010 19.72805786132812
11020 11.05736064910889
11030 13.88178634643555
11040 15.0721549987793
11050 13.03848743438721
11060 11.24956703186035
11070 6.918555736541748
11080 9.870475769042969
11090 12.65952682495117
11100 18.63240432739258
11110 9.580142974853516
11120 7.898621082305908
11130 9.424375534057617
11140 10.67103958129883
11150 10.31732845306396
11160 12.56297492980957
11170 9.777828216552734
11180 14.77635097503662
11190 19.35542297363281
11200 21.84748458862305
11210 21.5094108581543
11220 20.53714370727539
11230 7.611959457397461
11240 11.28698635101318
11250 15.45934295654297
11260 17.70112800598145
11270 8.788104057312012
11280 11.50319290161133
11290 5.62432861328125
11300 6.666010856628418
11310 6.749287605285645
11320 6.685811996459961
11330 9.565207481384277
11340 21.60792350769043
11350 31.22957229614258
11360 14.82331657409668
11370 25.56895065307617
11380 15.83620452880859
11390 24.75304794311523
11400 24.76314163208008
11410 25.90061187744141
11420 17.01085472106934
11430 8.412380218505859
11440 7.490006923675537
11450 10.60331916809082
11460 8.218090057373047
11470 5.88847827911377
11480 14.69330596923828
11490 19.01971817016602
11500 11.18962478637695
11510 8.469204902648926
11520 10.39090156555176
11530 11.21024990081787
11540 7.097242832183838
11550 12.07327556610107
11560 7.183062553405762
11570 7.45382022857666
11580 7.403225898742676
11590 9.958887100219727
11600 12.49704742431641
11610 9.365463256835938
11620 7.475816249847412
11630 9.205066680908203
11640 13.28756713867188
11650 11.0628719329834
11660 6.951583862304688
11670 17.81678771972656
11680 12.03365135192871
11690 14.82182502746582
11700 11.25251388549805
11710 14.53126430511475
11720 11.60542106628418
11730 16.64069366455078
11740 10.46513175964355
11750 9.471597671508789
11760 10.58990287780762
11770 6.659395694732666
11780 12.64481163024902
11790 20.98401260375977
11800 22.34930419921875
11810 23.65544509887695
11820 21.16860389709473
11830 22.14520645141602
11840 18.03859710693359
11850 8.410849571228027
11860 10.70217704772949
11870 12.82759857177734
11880 14.41886520385742
11890 16.01583290100098
11900 10.47991466522217
11910 11.6491813659668
11920 9.563047409057617
11930 12.02182006835938
11940 7.769408226013184
11950 14.89374542236328
11960 14.47543144226074
11970 29.25607872009277
11980 15.78379821777344
11990 8.994724273681641
12000 18.29460906982422
12010 16.49036407470703
12020 17.25135612487793
12030 17.79180717468262
12040 11.25385475158691
12050 10.36461925506592
12060 18.70081901550293
12070 25.05179023742676
12080 10.01151466369629
12090 13.57867050170898
12100 8.933491706848145
12110 10.30214500427246
12120 11.46584224700928
12130 8.988663673400879
12140 18.75348091125488
12150 13.45602226257324
12160 15.3116455078125
12170 11.13963317871094
12180 17.11800384521484
12190 21.65382385253906
12200 21.56293869018555
12210 23.35336303710938
12220 11.82928276062012
12230 12.45284843444824
12240 9.850894927978516
12250 9.105502128601074
12260 6.081672668457031
12270 13.26133918762207
12280 12.654465675354
12290 20.46139907836914
12300 11.21923828125
12310 8.282327651977539
12320 13.27027702331543
12330 22.784423828125
12340 17.60647583007812
12350 13.07608985900879
12360 12.96959209442139
12370 17.11949920654297
12380 18.38878631591797
12390 20.18158340454102
12400 15.28603172302246
12410 21.10321426391602
12420 12.83754253387451
12430 15.28962707519531
12440 15.69183826446533
12450 14.7875452041626
12460 8.588964462280273
12470 8.484905242919922
12480 12.47675895690918
12490 15.41159057617188
12500 12.10019874572754
12510 12.35872745513916
12520 17.17111396789551
12530 20.61779022216797
12540 12.99585247039795
12550 19.928955078125
12560 18.40521430969238
12570 21.82609939575195
12580 25.25811767578125
12590 28.23348617553711
12600 17.1825008392334
12610 12.81950759887695
12620 10.65952587127686
12630 19.43273162841797
12640 14.9031982421875
12650 20.07847213745117
12660 17.4237174987793
12670 10.99602508544922
12680 17.80286979675293
12690 13.95055198669434
12700 14.6545467376709
12710 11.82347011566162
12720 11.19118690490723
12730 9.203714370727539
12740 12.09921836853027
12750 5.164234638214111
12760 10.18538379669189
12770 13.71915435791016
12780 9.546659469604492
12790 8.179354667663574
12800 12.91421127319336
12810 9.06410026550293
12820 17.07133102416992
12830 12.25679779052734
12840 8.707660675048828
12850 6.983559608459473
12860 11.03910446166992
12870 11.78862190246582
12880 15.04313468933105
12890 7.928386688232422
12900 10.65816020965576
12910 13.32907485961914
12920 10.3183708190918
12930 10.69796943664551
12940 10.60458374023438
12950 14.11875534057617
12960 15.08539962768555
12970 18.13036155700684
12980 12.82090187072754
12990 23.0577564239502
13000 34.43205261230469
13010 13.47067070007324
13020 12.76178550720215
13030 24.36516380310059
13040 12.66068935394287
13050 17.0875244140625
13060 15.84548282623291
13070 12.4233283996582
13080 12.32954978942871
13090 9.938299179077148
13100 14.80406284332275
13110 19.39222145080566
13120 8.904723167419434
13130 7.854626655578613
13140 8.711296081542969
13150 26.84043121337891
13160 13.77518272399902
13170 10.00306510925293
13180 10.53007316589355
13190 7.439028739929199
13200 13.18928146362305
13210 6.502286911010742
13220 11.83039665222168
13230 12.48794174194336
13240 11.55550384521484
13250 8.390158653259277
13260 8.271076202392578
13270 10.96909332275391
13280 11.90359306335449
13290 23.3294677734375
13300 11.02671432495117
13310 8.64256477355957
13320 9.6988525390625
13330 11.22949028015137
13340 24.1827392578125
13350 22.1231689453125
13360 32.27873611450195
13370 15.83571624755859
13380 8.437848091125488
13390 8.844829559326172
13400 18.14641189575195
13410 24.26815414428711
13420 21.67216300964355
13430 15.78944396972656
13440 12.58369445800781
13450 9.524391174316406
13460 11.18026733398438
13470 7.852721214294434
13480 6.029319763183594
13490 7.556997299194336
13500 9.448915481567383
13510 12.63543701171875
13520 8.065053939819336
13530 10.23527336120605
13540 11.62703704833984
13550 11.24415397644043
13560 17.43632888793945
13570 16.74620628356934
13580 11.54092025756836
13590 8.478287696838379
13600 8.777164459228516
13610 18.31914138793945
13620 10.36759281158447
13630 14.10295677185059
13640 13.98905372619629
13650 18.42743301391602
13660 13.76509666442871
13670 14.38238430023193
13680 9.533039093017578
13690 5.275342464447021
13700 9.537473678588867
13710 8.083083152770996
13720 5.745409965515137
13730 7.209860801696777
13740 10.39930725097656
13750 6.287483215332031
13760 3.802915334701538
13770 10.00446701049805
13780 11.45821094512939
13790 7.443382263183594
13800 9.852217674255371
6210 20.37258911132812
6220 14.43494987487793
6230 17.92641830444336
6240 17.85607528686523
6250 13.34160614013672
6260 22.04373931884766
6270 12.85454750061035
6280 12.5357141494751
6290 23.83673477172852
6300 23.18279647827148
6310 14.06006622314453
6320 14.63487243652344
6330 16.59325981140137
6340 13.73875617980957
6350 15.66504669189453
6360 10.15360450744629
6370 7.865974426269531
6380 8.717846870422363
6390 7.241768360137939
6400 12.68950939178467
6410 6.804769515991211
6420 6.163606643676758
6430 10.45779991149902
6440 13.32516098022461
6450 14.22350883483887
6460 14.41384696960449
6470 10.13855266571045
6480 14.3272180557251
6490 12.23475074768066
6500 15.06185150146484
6510 10.5660572052002
6520 12.82265663146973
6530 12.63548278808594
6540 26.77668571472168
6550 30.63948440551758
6560 14.14802169799805
6570 25.8612117767334
6580 19.43427276611328
6590 9.857321739196777
6600 19.74314880371094
6610 20.8549633026123
6620 17.19054222106934
6630 12.86771011352539
6640 25.88799285888672
6650 23.53086853027344
6660 21.67514038085938
6670 17.14724540710449
6680 15.47941875457764
6690 15.98602676391602
6700 20.67111206054688
6710 20.7059497833252
6720 19.66678428649902
6730 12.44893836975098
6740 13.86837673187256
6750 10.19413375854492
6760 14.68457412719727
6770 16.26676177978516
6780 13.22641849517822
6790 18.39901351928711
6800 8.401512145996094
6810 14.43168067932129
0 7.620562553405762
10 6.679897308349609
20 6.004719734191895
30 5.449557304382324
40 4.629940986633301
50 4.453442573547363
60 4.552263259887695
70 5.386415004730225
80 7.782995223999023
90 9.172277450561523
100 7.719272613525391
110 6.435223579406738
120 6.928194999694824
130 9.005963325500488
140 13.42105865478516
150 14.25876426696777
160 8.845937728881836
170 6.134966373443604
180 3.459152221679688
190 7.459863662719727
200 12.48735237121582
210 12.86399555206299
220 10.3752269744873
230 10.3266544342041
240 6.596728324890137
250 3.301281929016113
260 5.657795906066895
270 14.69464302062988
280 27.97868347167969
290 15.85787773132324
300 17.65114212036133
310 25.16175842285156
320 33.27504730224609
330 24.22049140930176
340 13.22641372680664
350 9.950198173522949
360 8.64383602142334
370 6.350851058959961
380 4.562105655670166
390 3.981823444366455
400 4.223522663116455
410 4.394352436065674
420 4.632833480834961
430 4.672196388244629
440 4.157033920288086
450 3.19365930557251
460 2.60073184967041
470 2.703900814056396
480 2.755391359329224
490 2.717624187469482
500 3.052428245544434
510 4.460160732269287
520 5.72417163848877
530 5.050693511962891
540 4.712059020996094
550 6.859559535980225
560 8.534502983093262
570 7.99491024017334
580 10.56061744689941
590 7.694901466369629
600 7.05069637298584
610 8.79612922668457
620 8.929183959960938
630 9.68951416015625
640 11.92254734039307
650 11.51756858825684
660 11.16332244873047
670 10.74532699584961
680 11.88427543640137
690 14.83496284484863
700 13.14726829528809
710 11.74637794494629
720 21.84891700744629
730 20.38122940063477
740 13.45436763763428
750 25.76460838317871
760 12.09286117553711
770 11.53927040100098
780 18.44527816772461
790 12.4275951385498
800 19.23752593994141
810 12.8739070892334
820 10.93333435058594
830 22.07602691650391
840 21.78340530395508
850 22.64907073974609
860 22.90909194946289
870 24.62845230102539
880 20.57532691955566
890 17.28545761108398
900 20.55892562866211
910 10.96938514709473
920 19.96136665344238
930 14.58943939208984
940 20.01965713500977
950 15.11147403717041
960 17.91798210144043
970 16.23464965820312
980 23.55109024047852
990 30.57156562805176
1000 30.49346923828125
1010 14.74682998657227
1020 15.19724273681641
1030 8.908058166503906
1040 14.88228225708008
1050 19.7467155456543
1060 15.26821899414062
1070 25.15530395507812
1080 42.08684539794922
1090 32.77822113037109
1100 18.33211708068848
1110 20.56661987304688
1120 11.81366729736328
1130 10.15019798278809
1140 12.49974250793457
1150 9.578682899475098
1160 23.87604904174805
1170 23.0061149597168
1180 26.08443641662598
1190 13.91690444946289
1200 22.74977493286133
1210 17.74525833129883
1220 27.22641181945801
1230 12.81115531921387
1240 16.30694198608398
1250 14.80746650695801
1260 15.41954612731934
1270 12.11180686950684
1280 5.111068725585938
1290 6.204733848571777
1300 11.7894458770752
1310 6.860692977905273
1320 8.958748817443848
1330 11.65212821960449
1340 19.60615921020508
1350 27.70390701293945
1360 26.79509735107422
1370 12.95676231384277
1380 15.68459892272949
1390 26.0963134765625
1400 10.48727989196777
1410 14.37118530273438
1420 15.02034664154053
1430 21.33372116088867
1440 17.08681106567383
1450 14.48132133483887
1460 15.27594661712646
1470 16.57579803466797
1480 21.81181716918945
1490 21.65987777709961
1500 24.19302749633789
1510 26.39690589904785
1520 26.43180847167969
1530 18.35255432128906
1540 23.86173248291016
1550 15.20179176330566
1560 15.11226463317871
1570 22.91080474853516
1580 11.63987827301025
1590 17.3353385925293
1600 15.04217529296875
1610 10.46582221984863
1620 22.80749702453613
1630 10.519211769104
1640 22.92253494262695
1650 17.39839553833008
1660 20.61894226074219
1670 21.63123321533203
1680 24.90733337402344
1690 14.48222637176514
1700 18.94668197631836
1710 20.52367401123047
1720 17.90942001342773
1730 25.83305931091309
1740 21.91491508483887
1750 36.76648712158203
1760 19.11427307128906
1770 12.42302322387695
1780 21.48461723327637
1790 23.76858139038086
1800 12.83611011505127
1810 15.42517948150635
1820 27.50367736816406
1830 24.36728286743164
1840 10.57826137542725
1850 15.81435871124268
1860 7.931856155395508
1870 17.3192195892334
1880 9.160873413085938
1890 22.87308502197266
1900 16.26558685302734
1910 13.31125259399414
1920 9.029927253723145
1930 5.683955192565918
1940 9.208917617797852
1950 9.254070281982422
1960 20.19652366638184
1970 14.18573951721191
1980 11.92452621459961
1990 9.432502746582031
2000 7.299759864807129
2010 6.244977474212646
2020 8.301573753356934
2030 7.85557222366333
2040 9.221441268920898
2050 11.81923961639404
2060 17.24034118652344
2070 34.13803482055664
2080 22.89793014526367
2090 22.77561187744141
2100 10.54101371765137
2110 8.468585014343262
2120 10.71667861938477
2130 18.01781463623047
2140 16.15471839904785
2150 14.09350204467773
2160 18.70140075683594
2170 35.67177581787109
2180 18.89996147155762
2190 19.25937080383301
2200 19.85435676574707
2210 11.74245262145996
2220 16.66241836547852
2230 16.07047080993652
2240 14.84908866882324
2250 24.79657745361328
2260 26.27266693115234
2270 18.28104782104492
2280 12.1756649017334
2290 15.98552417755127
2300 9.216812133789062
2310 10.69138240814209
2320 26.82263946533203
2330 40.44137191772461
2340 23.47888565063477
2350 21.96226501464844
2360 7.217380523681641
2370 10.47736167907715
2380 7.594120979309082
2390 6.964469909667969
2400 17.79583740234375
2410 10.58051300048828
2420 18.83554840087891
2430 15.22848320007324
2440 9.449480056762695
2450 25.77213478088379
2460 19.81142425537109
2470 16.22362899780273
2480 13.65827369689941
2490 16.02699851989746
2500 17.06367874145508
2510 10.19376182556152
2520 12.20542144775391
2530 18.89032745361328
2540 12.75132656097412
2550 10.92633533477783
2560 14.46756553649902
2570 13.43163681030273
2580 34.25771713256836
2590 27.95263671875
2600 20.81374740600586
2610 15.27939319610596
2620 13.24306488037109
2630 14.10360050201416
2640 18.49482345581055
2650 24.39208984375
2660 32.05061340332031
2670 19.4005126953125
2680 28.99689483642578
2690 14.32249641418457
2700 15.78911781311035
2710 14.19761085510254
2720 17.52763748168945
2730 32.47307586669922
2740 21.4055290222168
2750 17.50083923339844
2760 18.26286697387695
2770 13.63212013244629
2780 10.93252372741699
2790 9.913595199584961
2800 12.13421058654785
2810 10.40704727172852
2820 8.377700805664062
2830 17.4091911315918
2840 19.06127548217773
2850 10.57250213623047
2860 11.59092330932617
2870 19.74826431274414
2880 16.16704559326172
2890 15.80737209320068
2900 7.890825271606445
2910 5.653971672058105
2920 11.52644538879395
2930 13.25209999084473
2940 9.962909698486328
2950 15.5147705078125
2960 9.476266860961914
2970 26.84167861938477
2980 18.72547912597656
2990 16.77458763122559
3000 13.85696697235107
3010 10.22858905792236
3020 11.37387657165527
3030 13.85655212402344
3040 18.00892448425293
3050 29.90019226074219
3060 25.26261520385742
3070 13.2943115234375
3080 7.937605857849121
3090 8.849540710449219
3100 13.10808181762695
3110 14.15882301330566
3120 17.38864898681641
3130 17.54533767700195
3140 9.564234733581543
3150 10.07870483398438
3160 11.8642520904541
3170 14.55591011047363
3180 15.08746147155762
3190 12.59908485412598
3200 7.198009490966797
3210 11.61907196044922
3220 16.21856498718262
3230 12.99400234222412
3240 8.901962280273438
3250 13.15471935272217
3260 21.40972328186035
3270 14.09343814849854
3280 10.63062572479248
3290 22.71255493164062
3300 16.96933937072754
3310 23.96985626220703
3320 16.82892227172852
3330 11.11483287811279
3340 12.32914161682129
3350 8.788149833679199
3360 24.30763626098633
3370 21.96805953979492
3380 16.66530418395996
3390 15.39034938812256
3400 12.34129238128662
3410 9.061097145080566
3420 11.79315090179443
3430 22.33036041259766
3440 17.4291877746582
3450 24.24938774108887
3460 32.10905075073242
3470 26.05346870422363
3480 12.85560703277588
3490 15.96388244628906
3500 10.09663772583008
3510 12.81234073638916
3520 17.77356147766113
3530 9.270797729492188
3540 7.615622997283936
3550 10.300048828125
3560 21.26513862609863
3570 19.2564582824707
3580 27.17905426025391
3590 26.9416332244873
3600 9.440010070800781
3610 8.62770938873291
3620 11.30033874511719
3630 21.82027435302734
3640 17.83271026611328
3650 24.62265205383301
3660 16.75901794433594
3670 10.39416885375977
3680 9.462261199951172
3690 8.225756645202637
3700 12.29525756835938
3710 6.569355487823486
3720 11.44402599334717
3730 7.493371963500977
3740 15.83502674102783
3750 21.48606872558594
3760 10.15278625488281
3770 22.10653495788574
3780 16.85256195068359
3790 12.72573661804199
3800 19.56701278686523
3810 20.49548721313477
3820 13.97520351409912
3830 12.75961494445801
3840 10.51435279846191
3850 5.887123107910156
3860 14.81988906860352
3870 13.28650283813477
3880 15.32912635803223
3890 11.26523494720459
3900 14.83585548400879
3910 26.08405685424805
3920 10.25362777709961
3930 16.94874000549316
3940 30.52864646911621
3950 15.77070236206055
3960 14.01905536651611
3970 12.26014804840088
3980 13.54921913146973
3990 13.7235689163208
4000 10.09288787841797
4010 11.00391101837158
4020 16.75569343566895
4030 6.385093212127686
4040 12.99247455596924
4050 5.893263816833496
4060 5.488067626953125
4070 7.285762310028076
4080 17.38473701477051
4090 13.95892333984375
4100 14.87794876098633
4110 19.40176773071289
4120 12.0749683380127
4130 18.76205062866211
4140 18.23657989501953
4150 21.94289588928223
4160 14.22548675537109
4170 21.38265228271484
4180 34.93686676025391
4190 29.30109977722168
4200 8.107900619506836
4210 13.10333251953125
4220 24.75258255004883
4230 13.55412101745605
4240 14.61602592468262
4250 10.60215187072754
4260 13.3765926361084
4270 11.54560661315918
4280 10.87106132507324
4290 7.521551609039307
4300 10.6202220916748
4310 10.48520469665527
4320 16.40385437011719
4330 17.51995468139648
4340 13.85524368286133
4350 10.74499225616455
4360 12.30630874633789
4370 14.90150833129883
4380 10.27968978881836
4390 15.17863273620605
4400 19.70777130126953
4410 10.62332153320312
4420 9.568784713745117
4430 18.75800323486328
4440 8.903566360473633
4450 7.216028690338135
4460 8.777287483215332
4470 11.54195785522461
4480 9.959331512451172
4490 6.82829761505127
4500 14.41251468658447
4510 11.6549015045166
4520 10.30135726928711
4530 12.07279777526855
4540 21.84292221069336
4550 16.33982849121094
4560 12.72195053100586
4570 10.29771614074707
4580 14.61272430419922
4590 10.37567138671875
4600 5.340551376342773
4610 9.645522117614746
4620 8.967598915100098
4630 12.78744888305664
4640 14.94122123718262
4650 7.59499979019165
4660 13.02085113525391
4670 15.06892871856689
4680 16.27211761474609
4690 12.92848587036133
4700 11.23282432556152
4710 20.96177673339844
4720 26.03672027587891
4730 21.17720985412598
4740 19.21950912475586
4750 33.2695198059082
4760 11.08372592926025
4770 16.51330375671387
4780 12.15066337585449
4790 17.2855224609375
4800 11.32302474975586
4810 14.94004917144775
4820 17.64578628540039
4830 8.143721580505371
4840 10.87092208862305
4850 13.2365894317627
4860 10.77567577362061
4870 13.55246257781982
4880 9.91961669921875
4890 5.390117645263672
4900 7.679759979248047
4910 10.49947071075439
4920 10.31024551391602
4930 13.15582656860352
4940 11.72097396850586
4950 14.75717735290527
4960 10.58785057067871
4970 8.884702682495117
4980 12.54156494140625
4990 23.48878860473633
5000 12.48319625854492
5010 12.06943511962891
5020 13.6567440032959
5030 15.92276573181152
5040 19.76409339904785
5050 10.47327899932861
5060 7.482458114624023
5070 13.8932056427002
5080 13.67109870910645
5090 9.557924270629883
5100 13.72735977172852
5110 15.95633697509766
5120 22.65858840942383
5130 18.50375556945801
5140 16.64611053466797
5150 13.49939441680908
5160 9.328008651733398
5170 11.22791194915771
5180 7.083494186401367
5190 6.940714836120605
5200 9.57352352142334
5210 10.51883125305176
5220 13.76863670349121
5230 8.449630737304688
5240 9.516303062438965
5250 12.89651870727539
5260 11.04325866699219
5270 14.78058052062988
5280 20.28897666931152
5290 15.01152801513672
5300 16.51681518554688
5310 15.05792236328125
5320 11.97716331481934
5330 10.23310375213623
5340 15.00886726379395
5350 12.3040246963501
5360 11.57324028015137
5370 11.86402797698975
5380 12.09387016296387
5390 14.51839160919189
5400 7.135093688964844
5410 12.6185188293457
5420 20.9722843170166
5430 22.31187057495117
5440 22.28463363647461
5450 19.15684700012207
5460 18.51120567321777
5470 23.88545608520508
5480 20.22001457214355
5490 13.99758720397949
5500 10.17468643188477
5510 6.723434448242188
5520 8.795236587524414
5530 9.471855163574219
5540 8.320102691650391
5550 11.72917366027832
5560 5.835991859436035
5570 10.4185209274292
5580 15.14766311645508
5590 10.90115928649902
5600 9.170282363891602
5610 13.86047172546387
5620 12.66583156585693
5630 16.37065696716309
5640 11.47547721862793
5650 6.771396160125732
5660 13.80119132995605
5670 17.4010066986084
5680 13.19224548339844
5690 17.0177001953125
5700 17.55925941467285
5710 12.69351196289062
5720 14.53434467315674
5730 16.11595153808594
5740 24.72468757629395
5750 21.52906036376953
5760 23.04973602294922
5770 20.23082542419434
5780 14.74047183990479
5790 25.40362167358398
5800 14.91350173950195
5810 13.90960693359375
5820 9.837504386901855
5830 15.70172691345215
5840 13.52922058105469
5850 21.61816024780273
5860 23.25267791748047
5870 14.68887424468994
5880 9.829543113708496
5890 11.0377368927002
5900 13.3359203338623
5910 23.28722190856934
5920 13.17828369140625
5930 12.63004493713379
5940 15.65624809265137
5950 9.252641677856445
5960 16.11070823669434
5970 6.93532657623291
5980 8.308675765991211
5990 5.173220634460449
6000 6.305022716522217
6010 9.295445442199707
6020 8.714019775390625
6030 13.66706275939941
6040 12.14956951141357
6050 11.64895248413086
6060 8.479377746582031
6070 12.61179637908936
6080 19.66008758544922
6090 15.24542427062988
6100 9.540219306945801
6110 12.05975341796875
6120 17.05721092224121
6130 12.85663986206055
6140 9.543430328369141
6150 14.86551856994629
6160 14.5676326751709
6170 19.16177749633789
6180 17.20116806030273
6190 15.13140106201172
6200 15.05989837646484
6210 20.37259674072266
6220 14.43495559692383
6230 17.92642021179199
6240 17.85604858398438
6250 13.34161758422852
6270 12.85454368591309
6280 12.5357084274292
6290 23.83672714233398
6300 23.18281936645508
6310 14.06007766723633
6320 14.6348991394043
6330 16.59326362609863
6340 13.7387523651123
