"Time Step" "point-shear-a"
20410 500.7015075683594
20420 499.5426940917969
20430 498.1730346679688
20440 496.8337097167969
20450 495.4624938964844
20460 494.0367431640625
20470 492.5518188476562
20480 491.2006530761719
20490 490.1167602539062
20500 489.5730590820312
20510 489.7474975585938
20520 490.1207885742188
20530 490.5646667480469
20540 491.0997619628906
20550 491.9902954101562
20560 493.1723327636719
20570 494.4078674316406
20580 495.8079528808594
20590 497.7366638183594
20600 499.7182006835938
20610 501.4915466308594
20620 503.2205200195312
20630 505.1552429199219
20640 507.0552673339844
20650 508.744140625
20660 509.968994140625
20670 510.8416137695312
20680 511.5569152832031
20690 512.1010131835938
20700 512.19384765625
20710 511.6417541503906
20720 510.5897216796875
20730 509.2745666503906
20740 507.9577026367188
20750 506.427734375
20760 504.7255859375
20770 502.9122619628906
20780 501.0793151855469
20790 499.3719482421875
20800 497.5730895996094
20810 495.74951171875
20820 493.9478149414062
20830 492.1207275390625
20840 490.374755859375
20850 488.7354736328125
20860 487.1435546875
20870 485.5716857910156
20880 484.134521484375
20890 482.8321838378906
20900 481.7757568359375
20910 480.8401489257812
20920 479.9010620117188
20930 478.9170532226562
20940 477.8295288085938
20950 476.5928649902344
20960 475.3163757324219
20970 474.1858215332031
20980 473.1133422851562
20990 472.0320739746094
21000 471.0179443359375
21010 470.2745971679688
21020 469.6864929199219
21030 469.4136657714844
21040 469.5545959472656
21050 469.9163208007812
21060 470.37841796875
21070 471.0319519042969
21080 471.6379089355469
21090 472.16259765625
21100 472.4191589355469
21110 472.4325256347656
21120 472.2919311523438
21130 472.2493591308594
21140 472.5808715820312
21150 473.179443359375
21160 474.0701904296875
21170 475.1655578613281
21180 476.5007934570312
21190 477.9983520507812
21200 479.6605834960938
21210 481.5894775390625
21220 483.5003662109375
21230 485.0865783691406
21240 486.5567321777344
21250 488.1361389160156
21260 489.7934265136719
21270 491.3041076660156
21280 492.5923156738281
21290 493.6436462402344
21300 494.3822021484375
21310 494.7823486328125
21320 494.7281799316406
21330 494.3800964355469
21340 493.8768005371094
21350 493.3320007324219
21360 492.9173583984375
21370 492.6774597167969
21380 492.680419921875
21390 493.0073852539062
21400 493.5569152832031
21410 494.2734985351562
21420 495.1008911132812
21430 495.7569580078125
21440 496.1298217773438
21450 496.1896667480469
21460 496.0855407714844
21470 495.7775268554688
21480 495.4788513183594
21490 495.2066650390625
21500 494.9961242675781
21510 494.9327392578125
21520 494.8364868164062
21530 494.7175903320312
21540 494.6062316894531
21550 494.4034118652344
21560 493.94970703125
21570 493.2668762207031
21580 492.4267272949219
21590 491.8060607910156
21600 491.1129150390625
21610 490.2302856445312
21620 489.3948974609375
21630 488.61083984375
21640 487.8222351074219
21650 487.0380554199219
21660 486.3122863769531
21670 485.7540588378906
21680 485.2053527832031
21690 484.6800231933594
21700 484.060302734375
21710 483.3696594238281
21720 482.6981811523438
21730 481.9648132324219
21740 481.3004760742188
21750 480.9017639160156
21760 480.7716979980469
21770 480.8450317382812
21780 481.2843017578125
21790 482.1865844726562
21800 483.3363647460938
21810 484.5087585449219
21820 485.9010009765625
21830 487.5313415527344
21840 489.16943359375
21850 490.7920227050781
21860 492.4815673828125
21870 494.1506042480469
21880 495.6469116210938
21890 496.9714965820312
21900 498.0743713378906
21910 499.0228881835938
21920 499.789306640625
21930 500.3773803710938
21940 500.5931091308594
21950 500.4619750976562
21960 500.1692504882812
21970 499.6610717773438
21980 499.1786804199219
21990 498.4935302734375
22000 497.5785522460938
22010 496.4575805664062
22020 495.2572021484375
22030 493.839599609375
22040 492.436279296875
22050 491.040283203125
22060 489.5216064453125
22070 487.95654296875
22080 486.4591369628906
22090 485.1878051757812
22100 484.3686218261719
22110 484.2145690917969
22120 484.3448181152344
22130 484.43798828125
22140 484.7099914550781
22150 485.3901672363281
22160 486.3439636230469
22170 487.2906494140625
22180 488.4440612792969
22190 490.3194274902344
22200 492.3974304199219
22210 494.272705078125
22220 495.7830810546875
22230 497.486083984375
22240 499.35302734375
22250 500.9583740234375
22260 502.1995849609375
22270 502.870361328125
22280 503.0579223632812
22290 503.1443481445312
22300 503.1282348632812
22310 502.45849609375
22320 501.2705993652344
22330 500.0085754394531
22340 498.6879272460938
22350 497.1476135253906
22360 495.4418640136719
22370 493.72265625
22380 492.0010375976562
22390 490.5328674316406
22400 489.0604858398438
22410 487.533935546875
22420 485.9718627929688
22430 484.33935546875
22440 482.7715148925781
22450 481.2744750976562
22460 479.8072204589844
22470 478.3559265136719
22480 476.99169921875
22490 475.7993774414062
22500 474.8187561035156
22510 473.9432373046875
22520 473.0284118652344
22530 471.9005432128906
22540 470.61865234375
22550 469.2699890136719
22560 467.7943725585938
22570 466.3934631347656
22580 465.0380859375
22590 463.689697265625
22600 462.4580688476562
22610 461.5555725097656
22620 460.6812438964844
22630 460.0717468261719
22640 459.9177856445312
22650 459.9728698730469
22660 460.1502990722656
22670 460.4577026367188
22680 460.7195739746094
22690 460.8927001953125
22700 460.7357788085938
22710 460.4732666015625
22720 460.2041625976562
22730 460.26806640625
22740 460.5099182128906
22750 461.0106506347656
22760 461.811279296875
22770 462.9361572265625
22780 464.247314453125
22790 465.7310791015625
22800 467.4943542480469
22810 469.4414978027344
22820 471.3644104003906
22830 472.9852600097656
22840 474.4610595703125
22850 476.0421447753906
22860 477.6659545898438
22870 479.127197265625
22880 480.3378295898438
22890 481.3536987304688
22900 482.1142578125
22910 482.5958862304688
22920 482.7239379882812
22930 482.5584411621094
22940 482.281982421875
22950 481.8719177246094
22960 481.5104370117188
22970 481.3250732421875
22980 481.3059387207031
22990 481.507568359375
23000 481.9722595214844
23010 482.5819396972656
23020 483.2551879882812
23030 483.750732421875
23040 483.9531860351562
23050 483.8607788085938
23060 483.7023620605469
23070 483.3822937011719
23080 483.0628967285156
23090 482.771728515625
23100 482.5296325683594
23110 482.3798217773438
23120 482.2028198242188
23130 481.9049072265625
23140 481.5365905761719
23150 481.0127563476562
23160 480.3268737792969
23170 479.4889526367188
23180 478.471435546875
23190 477.7659606933594
23200 476.9613952636719
23210 475.8501892089844
23220 474.670654296875
23230 473.6523742675781
23240 472.7539367675781
23250 471.9745788574219
23260 471.36962890625
23270 471.0135192871094
23280 470.7140502929688
23290 470.3949279785156
23300 469.9509887695312
23310 469.3220825195312
23320 468.7254638671875
23330 468.2302551269531
23340 467.8208618164062
23350 467.5143432617188
23360 467.3207397460938
23370 467.1964416503906
23380 467.3406982421875
23390 467.777587890625
23400 468.5735778808594
23410 469.6986083984375
23420 471.1143798828125
23430 473.0220642089844
23440 475.2943725585938
23450 477.9386596679688
23460 480.604248046875
23470 483.0852661132812
23480 485.4445190429688
23490 487.612548828125
23500 489.4977416992188
23510 490.9603881835938
23520 491.9255676269531
23530 492.3993530273438
23540 492.3524780273438
23550 492.0436706542969
23560 491.5545654296875
23570 490.898193359375
23580 490.0849304199219
23590 489.1809692382812
23600 488.05615234375
23610 486.8002014160156
23620 485.4454040527344
23630 484.0888977050781
23640 482.4624633789062
23650 480.7641296386719
23660 478.9871826171875
23670 477.1799621582031
23680 475.6657104492188
23690 474.5017395019531
23700 473.7848205566406
23710 473.7763366699219
23720 474.1824035644531
23730 474.8194580078125
23740 475.660888671875
23750 476.5809326171875
23760 477.6722717285156
23770 478.7384643554688
23780 479.7198791503906
23790 480.8982238769531
23800 483.1187133789062
23810 485.0932312011719
23820 487.0622863769531
23830 489.0055847167969
23840 490.4209289550781
23850 491.7400512695312
23860 493.0583801269531
23870 494.0058288574219
23880 494.1978149414062
23890 493.8947143554688
23900 493.4407348632812
23910 492.5254516601562
23920 491.2275390625
23930 489.7779541015625
23940 488.28564453125
23950 486.81591796875
23960 485.1685180664062
23970 483.6371459960938
23980 482.2711181640625
23990 481.1554870605469
24000 480.1097412109375
13810 512.852783203125
13820 512.7820434570312
13830 512.7652587890625
13840 512.8602905273438
13850 513.0173950195312
13860 513.1887817382812
13870 513.3632202148438
13880 513.534912109375
13890 513.6812133789062
13900 513.8427734375
13910 513.9340209960938
13920 514.0343017578125
13930 514.24169921875
13940 514.465087890625
13950 514.61181640625
13960 514.7736206054688
13970 514.9285278320312
13980 515.0492553710938
13990 515.158203125
14000 515.1322021484375
14010 515.1585693359375
14020 515.24267578125
14030 515.2263793945312
14040 515.052734375
14050 514.7320556640625
14060 514.1835327148438
14070 513.3190307617188
14080 512.293212890625
14090 511.2743530273438
14100 510.4201049804688
14110 509.8929443359375
14120 509.6500854492188
14130 509.6009826660156
14140 509.6879577636719
14150 510.0745849609375
14160 510.7318115234375
14170 511.6152648925781
14180 512.7920532226562
14190 514.2276000976562
14200 515.6983642578125
14210 517.0711059570312
14220 518.4417724609375
14230 520.08935546875
14240 521.5792846679688
14250 522.8209228515625
14260 523.9149169921875
14270 524.8418579101562
14280 525.6151123046875
14290 526.0926513671875
14300 526.17431640625
14310 525.5069580078125
14320 524.3399658203125
14330 523.2147827148438
14340 522.14697265625
14350 521.1570434570312
14360 519.949462890625
14370 518.5025634765625
14380 516.96435546875
14390 515.4291381835938
14400 513.7965698242188
14410 512.1947631835938
14420 510.7262268066406
14430 509.3372802734375
14440 507.9949035644531
14450 506.568359375
14460 505.4077453613281
14470 504.5015869140625
14480 503.7727966308594
14490 503.3716430664062
14500 503.3070068359375
14510 503.5561828613281
14520 503.9714965820312
14530 504.3272705078125
14540 504.5246887207031
14550 504.6735229492188
14560 504.66162109375
14570 504.6098937988281
14580 504.5108642578125
14590 504.3026123046875
14600 504.1450500488281
14610 504.2595520019531
14620 504.3570556640625
14630 504.4683227539062
14640 504.5472106933594
14650 504.6344909667969
14660 504.6206665039062
14670 504.4032897949219
14680 504.0213317871094
14690 503.5162963867188
14700 502.8800659179688
14710 502.1368713378906
14720 501.3045043945312
14730 500.4903564453125
14740 499.6148986816406
14750 498.8413391113281
14760 498.2516174316406
14770 497.8976135253906
14780 497.6288757324219
14790 497.4485778808594
14800 497.4461669921875
14810 497.488037109375
14820 497.5504150390625
14830 497.5519104003906
14840 497.7868957519531
14850 498.3746948242188
14860 499.1348876953125
14870 499.9837341308594
14880 500.7000427246094
14890 501.3592224121094
14900 502.1257934570312
14910 502.8525390625
14920 503.5555114746094
14930 504.2479553222656
14940 504.8643798828125
14950 505.5057067871094
14960 506.2349548339844
14970 507.0960693359375
14980 508.1893005371094
14990 509.5345458984375
15000 511.0205993652344
15010 512.4135131835938
15020 513.697509765625
15030 514.7916259765625
15040 515.6217651367188
15050 516.4168701171875
15060 517.1730346679688
15070 517.9033203125
15080 518.5802612304688
15090 519.1513061523438
15100 519.580078125
15110 519.7750854492188
15120 519.773681640625
15130 519.580810546875
15140 519.2083740234375
15150 518.6671752929688
15160 517.9190673828125
15170 517.002685546875
15180 516.1221923828125
15190 515.4871215820312
15200 514.9063720703125
15210 514.3074340820312
15220 513.8350219726562
15230 513.6150512695312
15240 513.4839477539062
15250 513.4065551757812
15260 513.3056030273438
15270 513.2505493164062
15280 513.2586059570312
15290 513.216796875
15300 512.9781494140625
15310 512.5267333984375
15320 511.9033203125
15330 511.16943359375
15340 510.4822082519531
15350 510.0345153808594
15360 509.7751159667969
15370 509.6049194335938
15380 509.5230712890625
15390 509.571533203125
15400 509.8336791992188
15410 510.2927551269531
15420 510.9240112304688
15430 511.6806030273438
15440 512.4076538085938
15450 513.02685546875
15460 513.5003662109375
15470 513.8538208007812
15480 514.09814453125
15490 514.359130859375
15500 514.6422729492188
15510 514.9204711914062
15520 514.9895629882812
15530 514.9230346679688
15540 514.76611328125
15550 514.7708740234375
15560 515.0176391601562
15570 515.3212280273438
15580 515.5096435546875
15590 515.4925537109375
15600 515.22509765625
15610 514.9161376953125
15620 514.6912231445312
15630 514.35693359375
15640 513.9445190429688
15650 513.412841796875
15660 512.8390502929688
15670 512.0380859375
15680 511.1582946777344
15690 510.5521240234375
15700 510.2528686523438
15710 510.343505859375
15720 510.7334289550781
15730 511.3329772949219
15740 511.9476318359375
15750 512.7808837890625
15760 513.8221435546875
15770 515.03857421875
15780 516.3483276367188
15790 517.6871337890625
15800 518.8651123046875
15810 520.1782836914062
15820 521.66455078125
15830 522.986572265625
15840 524.2576293945312
15850 525.3724365234375
15860 526.343994140625
15870 527.04931640625
15880 527.480224609375
15890 527.5057983398438
15900 527.0444946289062
15910 525.9442138671875
15920 524.39892578125
15930 522.823974609375
15940 521.1311645507812
15950 519.3761596679688
15960 517.414794921875
15970 515.4739990234375
15980 513.52392578125
15990 511.6315612792969
16000 509.8106384277344
16010 508.11669921875
16020 506.6608276367188
16030 505.3104248046875
16040 504.0675048828125
16050 502.8620300292969
16060 501.67578125
16070 500.6265563964844
16080 499.7766418457031
16090 499.1032104492188
16100 498.6205444335938
16110 498.3155822753906
16120 498.0987243652344
16130 497.7929992675781
16140 497.2608032226562
16150 496.4778442382812
16160 495.4920043945312
16170 494.5247802734375
16180 493.7114868164062
16190 492.9731750488281
16200 492.5208435058594
16210 492.5579223632812
16220 492.8627624511719
16230 493.306396484375
16240 493.8236083984375
16250 494.3814392089844
16260 494.8655395507812
16270 495.1386108398438
16280 495.2224731445312
16290 495.2045288085938
16300 494.9785766601562
16310 494.4974670410156
16320 493.7703552246094
16330 493.0214538574219
16340 492.3432312011719
16350 491.8460083007812
16360 491.710693359375
16370 491.833740234375
16380 492.126708984375
16390 492.4970703125
16400 492.970703125
16410 493.8134765625
16420 494.7669677734375
16430 495.5754699707031
16440 496.521240234375
16450 497.6065673828125
16460 498.6637573242188
16470 499.6205749511719
16480 500.3322448730469
16490 500.8193054199219
16500 501.2147216796875
16510 501.6125183105469
16520 501.8868103027344
16530 502.0123291015625
16540 502.0592956542969
16550 502.1225891113281
16560 502.2738952636719
16570 502.5971374511719
16580 503.0891418457031
16590 503.8353271484375
16600 504.6844177246094
16610 505.6055603027344
16620 506.5699462890625
16630 507.5140686035156
16640 508.3115234375
16650 508.9769287109375
16660 509.5179443359375
16670 509.8023681640625
16680 509.8836669921875
16690 509.80322265625
16700 509.6576232910156
16710 509.4493408203125
16720 509.1585693359375
16730 508.7702026367188
16740 508.3214721679688
16750 507.7978820800781
16760 507.1845703125
16770 506.500732421875
16780 505.9435424804688
16790 505.7591552734375
16800 505.6314392089844
16810 505.3517456054688
16820 505.0843811035156
16830 504.9404602050781
16840 504.781005859375
16850 504.5149536132812
16860 504.3014221191406
16870 504.1475219726562
16880 503.9864501953125
16890 503.7765197753906
16900 503.3704528808594
16910 502.724365234375
16920 502.0157775878906
16930 501.32958984375
16940 500.7666931152344
16950 500.4568786621094
16960 500.3667297363281
16970 500.4300231933594
16980 500.7778930664062
16990 501.4037780761719
17000 502.2900695800781
17010 503.4404602050781
17020 504.8179931640625
17030 506.2070922851562
17040 507.3611755371094
17050 508.2870483398438
17060 508.9689025878906
17070 509.4433288574219
17080 509.7211608886719
17090 510.0979309082031
17100 510.4308776855469
17110 510.7977905273438
17120 511.2114868164062
17130 511.3945007324219
17140 511.3259887695312
17150 511.1840209960938
17160 511.0958251953125
17170 510.9961547851562
17180 510.92626953125
17190 510.6579284667969
17200 510.0711059570312
17210 509.4797058105469
17220 508.7952880859375
17230 507.7855834960938
17240 506.3714904785156
17250 504.7721252441406
17260 503.2195739746094
17270 501.8658142089844
17280 500.8146667480469
17290 500.1042175292969
17300 499.8498229980469
17310 500.0822143554688
17320 500.5647583007812
17330 501.0234375
17340 501.6829833984375
17350 502.6480712890625
17360 503.8607177734375
17370 505.2088012695312
17380 506.6761169433594
17390 508.1272277832031
17400 509.5502624511719
17410 510.9469909667969
17420 512.6533813476562
17430 514.326416015625
17440 516.0904541015625
17450 517.6902465820312
17460 519.0595703125
17470 520.1672973632812
17480 520.9893188476562
17490 521.5820922851562
17500 521.9081420898438
17510 521.5242309570312
17520 520.4464111328125
17530 519.1491088867188
17540 517.5368041992188
17550 515.765625
17560 513.8834228515625
17570 511.92919921875
17580 509.9189758300781
17590 508.1193237304688
17600 506.4010009765625
17610 504.7536315917969
17620 503.2638244628906
17630 501.7335815429688
17640 500.2234497070312
17650 498.80517578125
17660 497.4337463378906
17670 496.0872802734375
17680 494.76953125
17690 493.5938415527344
17700 492.4637756347656
17710 491.3965148925781
17720 490.3293151855469
17730 489.1083068847656
17740 487.7780151367188
17750 486.3851928710938
17760 484.9179992675781
17770 483.6108703613281
17780 482.4498291015625
17790 481.33935546875
17800 480.4540710449219
17810 479.94873046875
17820 479.6893615722656
17830 479.6842651367188
17840 479.9972229003906
17850 480.5194702148438
17860 481.0574340820312
17870 481.4938659667969
17880 481.850830078125
17890 482.2057800292969
17900 482.3310852050781
17910 482.240478515625
17920 481.9118041992188
17930 481.5823364257812
17940 481.5074157714844
17950 481.8406677246094
17960 482.4391479492188
17970 483.2432861328125
17980 484.2277221679688
17990 485.3416748046875
18000 486.5690307617188
18010 488.03662109375
18020 489.4978942871094
18030 490.6671752929688
18040 491.9024047851562
18050 493.1873168945312
18060 494.5022277832031
18070 495.667724609375
18080 496.6121215820312
18090 497.2777709960938
18100 497.7458190917969
18110 498.0216674804688
18120 497.9733581542969
18130 497.64892578125
18140 497.2935791015625
18150 496.9224243164062
18160 496.711181640625
18170 496.7162475585938
18180 496.9010009765625
18190 497.3510437011719
18200 497.983642578125
18210 498.7069702148438
18220 499.5079040527344
18230 500.2362670898438
18240 500.7375793457031
18250 501.0489501953125
18260 501.2217407226562
18270 501.2933349609375
18280 501.3616333007812
18290 501.4279479980469
18300 501.6043701171875
18310 501.8831481933594
18320 502.1047973632812
18330 502.2590026855469
18340 502.2206115722656
18350 501.9261169433594
18360 501.38232421875
18370 500.6679077148438
18380 500.1546630859375
18390 499.7784118652344
18400 499.4168090820312
18410 498.8796997070312
18420 498.356201171875
18430 497.934326171875
18440 497.5923461914062
18450 497.2956848144531
18460 497.1194152832031
18470 496.9602661132812
18480 496.8255615234375
18490 496.7001647949219
18500 496.4513549804688
18510 496.055419921875
18520 495.6533813476562
18530 495.2872924804688
18540 495.0451049804688
18550 495.0937194824219
18560 495.4032592773438
18570 495.8748779296875
18580 496.5850524902344
18590 497.5994873046875
18600 498.7475891113281
18610 499.9691467285156
18620 501.4444885253906
18630 503.1080322265625
18640 504.7919006347656
18650 506.4639892578125
18660 508.2366333007812
18670 509.9847412109375
18680 511.5123596191406
18690 512.857177734375
18700 513.839111328125
18710 514.5723876953125
18720 515.2156372070312
18730 515.6469116210938
18740 515.6446533203125
18750 515.3583984375
18760 515.0469970703125
18770 514.6266479492188
18780 514.2269897460938
18790 513.4539184570312
18800 512.236083984375
18810 510.910888671875
18820 509.5055541992188
18830 507.9392700195312
18840 506.1740112304688
18850 504.3465576171875
18860 502.5258178710938
18870 500.7680053710938
18880 499.0947570800781
18890 498.05517578125
18900 497.6159973144531
18910 497.7029418945312
18920 498.1235961914062
18930 498.7141723632812
18940 499.5841369628906
18950 500.6571655273438
18960 502.0308227539062
18970 503.55908203125
18980 505.2309265136719
18990 507.0494995117188
19000 508.7048950195312
19010 510.5128173828125
19020 512.6531372070312
19030 514.5655517578125
19040 516.4429931640625
19050 518.0554809570312
19060 519.153564453125
19070 520.0320434570312
19080 520.6481323242188
19090 520.8756103515625
19100 520.75830078125
19110 520.0477294921875
19120 518.63232421875
19130 517.0216064453125
19140 515.11962890625
19150 513.0576171875
19160 510.9219665527344
19170 508.7181701660156
19180 506.4493713378906
19190 504.4175720214844
19200 502.46875
19210 500.525634765625
19220 498.692138671875
19230 496.8497924804688
19240 495.0909423828125
19250 493.4440307617188
19260 491.8740844726562
19270 490.3089904785156
19280 488.7934875488281
19290 487.5177612304688
19300 486.402587890625
19310 485.4476623535156
19320 484.5742797851562
19330 483.5963745117188
19340 482.4401550292969
19350 481.2253112792969
19360 479.9259948730469
19370 478.7435302734375
19380 477.6590576171875
19390 476.6340942382812
19400 475.7485961914062
19410 475.2008361816406
19420 474.8608093261719
19430 474.8043212890625
19440 475.0426940917969
19450 475.5024108886719
19460 476.1205444335938
19470 476.6211242675781
19480 476.9425048828125
19490 477.2425537109375
19500 477.3353576660156
19510 477.2247314453125
19520 476.9285888671875
19530 476.7017517089844
19540 476.8287658691406
19550 477.3318786621094
19560 478.1231994628906
19570 479.2042236328125
19580 480.48388671875
19590 481.9100952148438
19600 483.4034729003906
19610 485.1553344726562
19620 486.8372192382812
19630 488.1952819824219
19640 489.4919128417969
19650 490.8963928222656
19660 492.3666381835938
19670 493.702880859375
19680 494.8280029296875
19690 495.6244506835938
19700 496.0891418457031
19710 496.2488403320312
19720 496.0617065429688
19730 495.6170043945312
19740 495.0813903808594
19750 494.54296875
19760 494.1665649414062
19770 494.0250549316406
19780 494.1441040039062
19790 494.6093139648438
19800 495.2968139648438
19810 496.1592712402344
19820 497.1324768066406
19830 497.9447021484375
19840 498.4667663574219
19850 498.7981567382812
19860 498.9439392089844
19870 498.8873291015625
19880 498.8267211914062
19890 498.7974243164062
19900 498.8077392578125
19910 498.9419555664062
19920 499.1103210449219
19930 499.2758178710938
19940 499.3741149902344
19950 499.1962280273438
19960 498.7035522460938
19970 498.0455932617188
19980 497.327880859375
19990 496.8328247070312
20000 496.2847900390625
20010 495.5889587402344
20020 494.8760375976562
20030 494.2221374511719
20040 493.551025390625
20050 492.8949279785156
20060 492.3013000488281
20070 491.8041381835938
20080 491.2953186035156
20090 490.8099670410156
20100 490.2436218261719
20110 489.6261901855469
20120 489.0173950195312
20130 488.4239196777344
20140 488.0059814453125
20150 487.8794860839844
20160 488.0342407226562
20170 488.39697265625
20180 489.0758056640625
20190 490.142578125
20200 491.3039245605469
20210 492.4808654785156
20220 493.8484191894531
20230 495.3450317382812
20240 496.7688598632812
20250 498.1260070800781
20260 499.2786560058594
20270 500.5400390625
20280 501.6300354003906
20290 502.5825500488281
20300 503.3264770507812
20310 503.8843078613281
20320 504.5068359375
20330 504.9874572753906
20340 505.0968627929688
20350 504.9220275878906
20360 504.5700988769531
20370 504.0541687011719
20380 503.5620422363281
20390 502.8475646972656
20400 501.8913269042969
6810 485.0066833496094
6820 485.0346374511719
6830 484.980224609375
6840 485.2527465820312
6850 485.79296875
6860 486.6419067382812
6870 487.5986022949219
6880 488.5948486328125
6890 489.6751403808594
6900 490.8844299316406
6910 492.0146789550781
6920 492.9049987792969
6930 493.6996459960938
6940 494.4258117675781
6950 495.1918029785156
6960 495.9992980957031
6970 496.839111328125
6980 497.6576538085938
6990 498.4249877929688
7000 499.0886535644531
7010 499.606201171875
7020 500.0016479492188
7030 500.2513732910156
7040 500.2902221679688
7050 500.2327575683594
7060 500.1483154296875
7070 500.1312561035156
7080 500.1473999023438
7090 500.2025756835938
7100 500.3409118652344
7110 500.4027404785156
7120 500.3126831054688
7130 500.2294921875
7140 500.1260681152344
7150 499.9068908691406
7160 499.5135803222656
7170 499.0598754882812
7180 498.71484375
7190 498.5374450683594
7200 498.4337463378906
7210 498.3675231933594
7220 498.3737487792969
7230 498.5845947265625
7240 498.8218994140625
7250 499.0378723144531
7260 499.1951293945312
7270 499.4196166992188
7280 499.7003784179688
7290 500.0527954101562
7300 500.2759399414062
7310 500.3106079101562
7320 500.2424926757812
7330 500.1094970703125
7340 499.9790954589844
7350 499.9634094238281
7360 500.023193359375
7370 500.0352172851562
7380 499.9165344238281
7390 499.7358703613281
7400 499.5845947265625
7410 499.5155029296875
7420 499.5611572265625
7430 499.7688903808594
7440 500.0545349121094
7450 500.3151550292969
7460 500.3518981933594
7470 500.2817993164062
7480 500.1108703613281
7490 499.9364624023438
7500 499.745361328125
7510 499.4703369140625
7520 499.1924743652344
7530 498.9353942871094
7540 498.662109375
7550 498.4282836914062
7560 498.2691345214844
7570 498.1775512695312
7580 498.162841796875
7590 498.1712646484375
7600 498.353759765625
7610 498.5006713867188
7620 498.559326171875
7630 498.3516235351562
7640 497.9590454101562
7650 497.3761596679688
7660 496.6004028320312
7670 495.4567260742188
7680 494.0483703613281
7690 492.6895141601562
7700 491.6077575683594
7710 490.8591918945312
7720 490.4445495605469
7730 490.2960205078125
7740 490.3093566894531
7750 490.6372375488281
7760 491.2777709960938
7770 492.0641479492188
7780 492.9403381347656
7790 493.974365234375
7800 495.1923522949219
7810 496.5195007324219
7820 497.8419799804688
7830 499.0839538574219
7840 500.5122680664062
7850 501.7123413085938
7860 502.7713928222656
7870 503.6883239746094
7880 504.4053649902344
7890 504.8610534667969
7900 505.0650024414062
7910 504.7019348144531
7920 503.9926452636719
7930 503.6235046386719
7940 503.2265625
7950 502.6319274902344
7960 501.7064514160156
7970 500.5672302246094
7980 499.2713012695312
7990 497.8503723144531
8000 496.2994995117188
8010 494.835693359375
8020 493.4112854003906
8030 491.9491882324219
8040 490.6143188476562
8050 489.4725036621094
8060 488.5218505859375
8070 487.7767333984375
8080 487.2326049804688
8090 486.896484375
8100 486.8600158691406
8110 487.0979309082031
8120 487.5381774902344
8130 488.0423583984375
8140 488.5910034179688
8150 489.1245727539062
8160 489.4776916503906
8170 489.81640625
8180 490.1303405761719
8190 490.2802124023438
8200 490.3330383300781
8210 490.3407592773438
8220 490.2372741699219
8230 490.1018676757812
8240 489.9296875
8250 489.7530212402344
8260 489.49072265625
8270 489.0523376464844
8280 488.4322814941406
8290 487.6781311035156
8300 486.7701416015625
8310 485.7799987792969
8320 484.8297729492188
8330 484.0203247070312
8340 483.2144165039062
8350 482.440673828125
8360 481.8082885742188
8370 481.3980712890625
8380 481.1285400390625
8390 480.9735717773438
8400 480.8914489746094
8410 480.913330078125
8420 481.0836791992188
8430 481.2828369140625
8440 481.6657104492188
8450 482.4066162109375
8460 483.4725646972656
8470 484.6638488769531
8480 485.8275756835938
8490 486.9580078125
8500 488.1995239257812
8510 489.3121032714844
8520 490.2461242675781
8530 491.0952758789062
8540 491.9822998046875
8550 492.8901977539062
8560 493.8262023925781
8570 494.7834777832031
8580 495.6954956054688
8590 496.5387573242188
8600 497.3054809570312
8610 497.9844055175781
8620 498.5374755859375
8630 498.9515991210938
8640 499.1528930664062
8650 499.2839965820312
8660 499.4934387207031
8670 499.7744140625
8680 500.024169921875
8690 500.2132568359375
8700 500.3941040039062
8710 500.4522705078125
8720 500.3296203613281
8730 500.1422729492188
8740 499.7973022460938
8750 499.3069458007812
8760 498.6404418945312
8770 497.9880065917969
8780 497.5944213867188
8790 497.3895874023438
8800 497.2350158691406
8810 497.0558471679688
8820 497.0347900390625
8830 497.2325134277344
8840 497.5108032226562
8850 497.7740478515625
8860 498.0319519042969
8870 498.2827453613281
8880 498.5850219726562
8890 498.929931640625
8900 499.1842956542969
8910 499.2164306640625
8920 499.1973571777344
8930 499.1765441894531
8940 499.12548828125
8950 499.2085266113281
8960 499.3273315429688
8970 499.3759155273438
8980 499.3418579101562
8990 499.2689819335938
9000 499.2984313964844
9010 499.4084167480469
9020 499.5675354003906
9030 499.7361450195312
9040 499.9525756835938
9050 500.2611389160156
9060 500.5872497558594
9070 500.7660827636719
9080 500.9208984375
9090 501.0931701660156
9100 501.1821594238281
9110 501.1717529296875
9120 501.141845703125
9130 501.1250915527344
9140 501.0509033203125
9150 500.9462890625
9160 500.8704223632812
9170 500.8029479980469
9180 500.7628479003906
9190 500.7537536621094
9200 500.6063842773438
9210 500.313720703125
9220 499.819580078125
9230 499.0907592773438
9240 498.1588439941406
9250 497.0427856445312
9260 495.7500915527344
9270 494.1491394042969
9280 492.3723754882812
9290 490.7773742675781
9300 489.45361328125
9310 488.4739074707031
9320 487.8895874023438
9330 487.6193542480469
9340 487.566650390625
9350 487.9037780761719
9360 488.5959167480469
9370 489.4544372558594
9380 490.388427734375
9390 491.4799194335938
9400 492.7434387207031
9410 494.1455383300781
9420 495.5432434082031
9430 496.9038696289062
9440 498.4467468261719
9450 499.9025573730469
9460 501.2737731933594
9470 502.4639282226562
9480 503.3817443847656
9490 504.0942993164062
9500 504.5471801757812
9510 504.4029846191406
9520 503.949951171875
9530 503.7598876953125
9540 503.5119018554688
9550 503.006591796875
9560 502.1774291992188
9570 501.1142272949219
9580 499.8552856445312
9590 498.4756164550781
9600 496.9303588867188
9610 495.4555969238281
9620 494.0151672363281
9630 492.5333251953125
9640 491.1887512207031
9650 490.0427551269531
9660 489.0825500488281
9670 488.333251953125
9680 487.7799072265625
9690 487.417724609375
9700 487.3526306152344
9710 487.5771789550781
9720 487.9998168945312
9730 488.4894409179688
9740 489.0333251953125
9750 489.5683288574219
9760 489.93408203125
9770 490.2822265625
9780 490.5646667480469
9790 490.6683044433594
9800 490.6506958007812
9810 490.5347290039062
9820 490.3115844726562
9830 490.0712890625
9840 489.8300476074219
9850 489.5867309570312
9860 489.2429809570312
9870 488.71337890625
9880 488.0140380859375
9890 487.2187194824219
9900 486.3211669921875
9910 485.3656616210938
9920 484.4405517578125
9930 483.6699829101562
9940 482.9002685546875
9950 482.1522521972656
9960 481.5333557128906
9970 481.1494750976562
9980 480.9382019042969
9990 480.8817138671875
10000 480.8950805664062
10010 480.9096984863281
10020 481.0103454589844
10030 481.1261596679688
10040 481.478271484375
10050 482.1737060546875
10060 483.2623291015625
10070 484.536865234375
10080 485.8601684570312
10090 487.1854248046875
10100 488.4988708496094
10110 489.7030944824219
10120 490.7702026367188
10130 491.7057495117188
10140 492.5570678710938
10150 493.4057006835938
10160 494.2600708007812
10170 495.1181335449219
10180 495.9548645019531
10190 496.7433166503906
10200 497.4395141601562
10210 498.017333984375
10220 498.4861145019531
10230 498.7987976074219
10240 498.8955688476562
10250 498.917236328125
10260 498.9989929199219
10270 499.1535949707031
10280 499.2998962402344
10290 499.4412841796875
10300 499.6011657714844
10310 499.6420288085938
10320 499.5292358398438
10330 499.3793640136719
10340 499.1215209960938
10350 498.7454528808594
10360 498.2201538085938
10370 497.7187805175781
10380 497.4029541015625
10390 497.2735595703125
10400 497.2017822265625
10410 497.1980285644531
10420 497.3370361328125
10430 497.6866149902344
10440 498.1085510253906
10450 498.517333984375
10460 498.8864135742188
10470 499.2667541503906
10480 499.6942443847656
10490 500.1308288574219
10500 500.4209594726562
10510 500.5297241210938
10520 500.5606384277344
10530 500.5699462890625
10540 500.6052551269531
10550 500.7655944824219
10560 500.9883422851562
10570 501.1312866210938
10580 501.1595458984375
10590 501.1425170898438
10600 501.1622314453125
10610 501.1810302734375
10620 501.2190856933594
10630 501.3956909179688
10640 501.6955871582031
10650 501.9990844726562
10660 502.2535400390625
10670 502.3372192382812
10680 502.3169555664062
10690 502.1847229003906
10700 501.9523620605469
10710 501.6928405761719
10720 501.4089965820312
10730 501.1535949707031
10740 500.8522033691406
10750 500.5613403320312
10760 500.3449096679688
10770 500.1724548339844
10780 500.0403137207031
10790 499.9453125
10800 499.8528747558594
10810 499.7363891601562
10820 499.5922241210938
10830 499.1732177734375
10840 498.5565490722656
10850 497.7422180175781
10860 496.697998046875
10870 495.2742919921875
10880 493.6111145019531
10890 492.0440673828125
10900 490.7778015136719
10910 489.8685607910156
10920 489.3479309082031
10930 489.1372985839844
10940 489.150390625
10950 489.5643005371094
10960 490.3628540039062
10970 491.2643432617188
10980 492.2359924316406
10990 493.3326110839844
11000 494.5625915527344
11010 495.9215087890625
11020 497.3238220214844
11030 498.6771545410156
11040 499.9732360839844
11050 501.3220520019531
11060 502.6585693359375
11070 503.7974548339844
11080 504.6568298339844
11090 505.3445434570312
11100 505.7721252441406
11110 505.6031494140625
11120 505.2293090820312
11130 505.0314025878906
11140 504.7656860351562
11150 504.2821960449219
11160 503.41845703125
11170 502.241455078125
11180 500.8879699707031
11190 499.4026489257812
11200 497.7884521484375
11210 496.0917358398438
11220 494.4442138671875
11230 493.0042114257812
11240 491.8285522460938
11250 490.8338012695312
11260 490.0045166015625
11270 489.3721923828125
11280 488.9298095703125
11290 488.6496276855469
11300 488.5939636230469
11310 488.8358154296875
11320 489.2827758789062
11330 489.7943420410156
11340 490.3446350097656
11350 490.8665771484375
11360 491.2309875488281
11370 491.5594482421875
11380 491.7911376953125
11390 491.8198547363281
11400 491.6870422363281
11410 491.453857421875
11420 491.1333312988281
11430 490.8395385742188
11440 490.5944213867188
11450 490.3405456542969
11460 489.9844055175781
11470 489.4197082519531
11480 488.675537109375
11490 487.8209838867188
11500 486.807373046875
11510 485.7327575683594
11520 484.6768493652344
11530 483.8132934570312
11540 482.9987182617188
11550 482.232666015625
11560 481.6066589355469
11570 481.2330932617188
11580 481.0537414550781
11590 481.0516052246094
11600 481.1534729003906
11610 481.3304138183594
11620 481.6623840332031
11630 482.0184020996094
11640 482.537841796875
11650 483.4077758789062
11660 484.6472473144531
11670 486.0352172851562
11680 487.4178161621094
11690 488.8208312988281
11700 490.2689514160156
11710 491.5659484863281
11720 492.7051391601562
11730 493.7562561035156
11740 494.7337951660156
11750 495.6933288574219
11760 496.6820373535156
11770 497.6517028808594
11780 498.5613403320312
11790 499.3833618164062
11800 500.07568359375
11810 500.6224365234375
11820 501.0247192382812
11830 501.2476806640625
11840 501.2457275390625
11850 501.2008972167969
11860 501.2256469726562
11870 501.3108520507812
11880 501.3686218261719
11890 501.4108276367188
11900 501.4648132324219
11910 501.4006958007812
11920 501.167724609375
11930 500.8871459960938
11940 500.5048217773438
11950 500.0028076171875
11960 499.36279296875
11970 498.8057556152344
11980 498.4725952148438
11990 498.3397216796875
12000 498.2794799804688
12010 498.2750549316406
12020 498.4509582519531
12030 498.8402709960938
12040 499.3401184082031
12050 499.8397827148438
12060 500.3399658203125
12070 500.8290710449219
12080 501.3598327636719
12090 501.9070129394531
12100 502.3383483886719
12110 502.551513671875
12120 502.6849975585938
12130 502.7474365234375
12140 502.788818359375
12150 502.9382019042969
12160 503.1233215332031
12170 503.2077026367188
12180 503.1451721191406
12190 503.0766296386719
12200 503.1154479980469
12210 503.2035217285156
12220 503.3223266601562
12230 503.4573059082031
12240 503.6576538085938
12250 503.9261779785156
12260 504.1349487304688
12270 504.2606506347656
12280 504.3607482910156
12290 504.4850769042969
12300 504.5516662597656
12310 504.5310974121094
12320 504.5152587890625
12330 504.5133056640625
12340 504.4599609375
12350 504.3321228027344
12360 504.2142333984375
12370 504.1618347167969
12380 504.1761474609375
12390 504.2462463378906
12400 504.3307800292969
12410 504.2590942382812
12420 504.0911865234375
12430 503.7081604003906
12440 503.1146545410156
12450 502.44091796875
12460 501.6500549316406
12470 500.6139221191406
12480 499.3901977539062
12490 498.2454833984375
12500 497.2909851074219
12510 496.5944213867188
12520 496.2030334472656
12530 496.068115234375
12540 496.1599426269531
12550 496.5530395507812
12560 497.1605834960938
12570 497.822509765625
12580 498.5436096191406
12590 499.4434204101562
12600 500.4893493652344
12610 501.5723266601562
12620 502.8568115234375
12630 504.2374267578125
12640 505.4549560546875
12650 506.403076171875
12660 507.202880859375
12670 507.8110656738281
12680 508.2362976074219
12690 508.4515075683594
12700 508.4333801269531
12710 507.9245910644531
12720 507.229736328125
12730 506.8717651367188
12740 506.5413818359375
12750 505.9731750488281
12760 505.1077270507812
12770 503.9341430664062
12780 502.5741577148438
12790 501.0661010742188
12800 499.6196899414062
12810 498.2376098632812
12820 496.84765625
12830 495.6543273925781
12840 494.6491088867188
12850 493.8477172851562
12860 493.2225646972656
12870 492.7762145996094
12880 492.5047607421875
12890 492.4554138183594
12900 492.6638793945312
12910 493.1835632324219
12920 493.8879089355469
12930 494.6641540527344
12940 495.5098266601562
12950 496.3307189941406
12960 496.9894409179688
12970 497.621337890625
12980 498.1819458007812
12990 498.6248168945312
13000 499.0417785644531
13010 499.3422241210938
13020 499.4839172363281
13030 499.5093688964844
13040 499.4735107421875
13050 499.3468627929688
13060 499.0673522949219
13070 498.6009216308594
13080 497.9267578125
13090 497.0564270019531
13100 496.0194396972656
13110 494.9798583984375
13120 493.9690246582031
13130 493.1529541015625
13140 492.4127502441406
13150 491.72314453125
13160 491.15087890625
13170 490.7873229980469
13180 490.6184997558594
13190 490.6148986816406
13200 490.6737060546875
13210 490.763427734375
13220 490.9397583007812
13230 491.0950622558594
13240 491.5134582519531
13250 492.2938842773438
13260 493.4060668945312
13270 494.6865844726562
13280 496.0020751953125
13290 497.365478515625
13300 498.7743530273438
13310 500.0476989746094
13320 501.1777954101562
13330 502.2045288085938
13340 503.1030883789062
13350 503.9041442871094
13360 504.7191162109375
13370 505.6062927246094
13380 506.4280700683594
13390 507.1292419433594
13400 507.7501831054688
13410 508.2536010742188
13420 508.6096801757812
13430 508.805419921875
13440 508.8636169433594
13450 508.9207153320312
13460 509.017822265625
13470 509.2305908203125
13480 509.419677734375
13490 509.5659484863281
13500 509.6831970214844
13510 509.7181701660156
13520 509.6239624023438
13530 509.4483337402344
13540 509.1875
13550 508.8269653320312
13560 508.4316101074219
13570 508.1387329101562
13580 507.9490966796875
13590 507.9913940429688
13600 508.1723022460938
13610 508.4105834960938
13620 508.7738952636719
13630 509.2813720703125
13640 509.8326721191406
13650 510.325927734375
13660 510.7809448242188
13670 511.2108764648438
13680 511.7453308105469
13690 512.3241577148438
13700 512.743896484375
13710 512.951416015625
13720 513.0678100585938
13730 513.0762939453125
13740 513.08447265625
13750 513.1827392578125
13760 513.332763671875
13770 513.3472290039062
13780 513.22314453125
13790 513.0619506835938
13800 512.9550170898438
6210 498.4130859375
6220 499.5420532226562
6230 500.9473266601562
6240 502.1893005371094
6250 503.118896484375
6260 503.9356384277344
6270 504.5883178710938
6280 504.988037109375
6290 505.1649475097656
6300 505.0862426757812
6310 504.5790100097656
6320 503.8290405273438
6330 503.3098449707031
6340 502.7754211425781
6350 502.0986938476562
6360 501.1224670410156
6370 499.839599609375
6380 498.3839111328125
6390 496.8423156738281
6400 495.3694458007812
6410 494.0912475585938
6420 492.979248046875
6430 491.7789611816406
6440 490.6246032714844
6450 489.6492614746094
6460 488.9123840332031
6470 488.3626708984375
6480 488.0494384765625
6490 487.94140625
6500 488.1080322265625
6510 488.5465698242188
6520 489.1655578613281
6530 489.8076782226562
6540 490.4502563476562
6550 491.059814453125
6560 491.4326782226562
6570 491.7066345214844
6580 491.9218139648438
6590 492.0235290527344
6600 492.0787658691406
6610 492.2665710449219
6620 492.39013671875
6630 492.4589538574219
6640 492.4691162109375
6650 492.4270324707031
6660 492.318603515625
6670 492.0318298339844
6680 491.5663757324219
6690 490.9255676269531
6700 490.0640869140625
6710 489.218505859375
6720 488.4382019042969
6730 487.7818603515625
6740 487.0997009277344
6750 486.4697265625
6760 485.9058532714844
6770 485.5491333007812
6780 485.3404846191406
6790 485.1939697265625
6800 485.0541687011719
6810 485.0066528320312
0 513.2415161132812
10 489.9492797851562
20 491.6078796386719
30 492.1065063476562
40 492.4467163085938
50 493.0305480957031
60 493.948486328125
70 495.1318969726562
80 496.4719848632812
90 497.8660583496094
100 499.4149780273438
110 500.8546752929688
120 502.2114562988281
130 503.5569458007812
140 504.9763793945312
150 506.364501953125
160 507.5178527832031
170 508.4503479003906
180 509.1198425292969
190 509.5950622558594
200 509.9139404296875
210 510.0176696777344
220 509.8464050292969
230 509.4950561523438
240 509.0259094238281
250 508.4883422851562
260 507.7011413574219
270 506.7007446289062
280 505.5582580566406
290 504.2722473144531
300 503.032958984375
310 501.8569946289062
320 500.7555541992188
330 499.9584045410156
340 499.4819030761719
350 499.2277526855469
360 499.2045288085938
370 499.4512939453125
380 499.917724609375
390 500.4795837402344
400 501.1224975585938
410 501.8664245605469
420 502.7401428222656
430 503.7740173339844
440 504.7811584472656
450 505.7537231445312
460 506.7753601074219
470 507.7486572265625
480 508.5072326660156
490 509.0048828125
500 509.2367248535156
510 509.2046508789062
520 508.9691772460938
530 508.7162475585938
540 508.4906311035156
550 508.2784423828125
560 507.9790649414062
570 507.69921875
580 507.5924987792969
590 507.5990295410156
600 507.66796875
610 507.7236633300781
620 507.7375183105469
630 507.67138671875
640 507.5316467285156
650 507.3345031738281
660 507.1816711425781
670 507.1471557617188
680 507.1078796386719
690 507.0565490722656
700 507.026123046875
710 506.9711608886719
720 506.8992309570312
730 506.85986328125
740 506.8171691894531
750 506.7510375976562
760 506.6343994140625
770 506.4883117675781
780 506.5646362304688
790 506.8003845214844
800 507.1363525390625
810 507.5385437011719
820 508.0153198242188
830 508.7281799316406
840 509.4964294433594
850 510.2060546875
860 510.8765258789062
870 511.4794921875
880 512.12548828125
890 512.7184448242188
900 513.14794921875
910 513.3714599609375
920 513.380615234375
930 513.1886596679688
940 512.9159545898438
950 512.7504272460938
960 512.6538696289062
970 512.508544921875
980 512.2244262695312
990 511.8727722167969
1000 511.6297607421875
1010 511.4543151855469
1020 511.3551635742188
1030 511.2999267578125
1040 511.2004699707031
1050 511.0721740722656
1060 510.8421936035156
1070 510.503173828125
1080 510.0899658203125
1090 509.6930541992188
1100 509.3763732910156
1110 509.1134948730469
1120 508.9480285644531
1130 508.9083557128906
1140 508.89208984375
1150 508.8430480957031
1160 508.860107421875
1170 508.9563293457031
1180 509.0556335449219
1190 509.0301818847656
1200 508.9070434570312
1210 508.7604675292969
1220 508.7017517089844
1230 508.8130798339844
1240 509.1806640625
1250 509.5882263183594
1260 509.9209594726562
1270 510.0964965820312
1280 510.1542663574219
1290 510.10986328125
1300 509.9548950195312
1310 509.8326416015625
1320 509.8591613769531
1330 509.88671875
1340 510.0381164550781
1350 510.5220031738281
1360 511.2199096679688
1370 511.9863891601562
1380 512.7752685546875
1390 513.5458374023438
1400 514.3917846679688
1410 515.162353515625
1420 516.0323486328125
1430 516.865478515625
1440 517.7837524414062
1450 518.6321411132812
1460 519.365966796875
1470 519.9796752929688
1480 520.3758544921875
1490 520.6427001953125
1500 520.7245483398438
1510 520.307373046875
1520 520.074951171875
1530 519.6599731445312
1540 518.8163452148438
1550 517.7657470703125
1560 516.6793823242188
1570 515.7508544921875
1580 514.9249877929688
1590 514.0492553710938
1600 513.0079956054688
1610 511.6239318847656
1620 510.0428771972656
1630 508.4884033203125
1640 507.0863952636719
1650 505.9260864257812
1660 504.9613647460938
1670 504.0140991210938
1680 503.1426391601562
1690 502.4420166015625
1700 501.983154296875
1710 501.7600708007812
1720 501.7280883789062
1730 501.789794921875
1740 501.9215087890625
1750 502.1208801269531
1760 502.2922973632812
1770 502.3707275390625
1780 502.2711486816406
1790 502.1469421386719
1800 502.1841735839844
1810 502.2428588867188
1820 501.9884338378906
1830 501.6264038085938
1840 501.2564392089844
1850 500.9017333984375
1860 500.4671325683594
1870 499.8829040527344
1880 499.0389099121094
1890 497.9651489257812
1900 496.6738586425781
1910 495.3463745117188
1920 494.1111145019531
1930 492.8436584472656
1940 491.5393371582031
1950 490.309326171875
1960 489.2351379394531
1970 488.428466796875
1980 487.8810119628906
1990 487.5243835449219
2000 487.2866516113281
2010 487.2673950195312
2020 487.5927429199219
2030 488.0829467773438
2040 488.884765625
2050 490.1544799804688
2060 491.700927734375
2070 493.3130187988281
2080 494.9466247558594
2090 496.4334716796875
2100 497.8464660644531
2110 499.0536804199219
2120 499.9803466796875
2130 500.7179565429688
2140 501.3827209472656
2150 502.1920776367188
2160 503.2047119140625
2170 504.2839965820312
2180 505.417236328125
2190 506.5618286132812
2200 507.7706298828125
2210 508.9878540039062
2220 510.1262817382812
2230 511.1429138183594
2240 511.9909362792969
2250 512.760009765625
2260 513.5159912109375
2270 514.2578125
2280 514.9324340820312
2290 515.4490966796875
2300 515.85546875
2310 516.090087890625
2320 516.1129150390625
2330 516.00341796875
2340 515.7234497070312
2350 515.3171997070312
2360 514.7859497070312
2370 514.221923828125
2380 513.9053955078125
2390 513.8011474609375
2400 513.7597045898438
2410 513.8114013671875
2420 513.9280395507812
2430 514.2052001953125
2440 514.5314331054688
2450 514.7809448242188
2460 514.9921264648438
2470 515.20166015625
2480 515.482421875
2490 515.7203369140625
2500 515.8035888671875
2510 515.7405395507812
2520 515.617919921875
2530 515.499267578125
2540 515.3622436523438
2550 515.3385620117188
2560 515.3806762695312
2570 515.3610229492188
2580 515.1680297851562
2590 515.0086669921875
2600 514.96875
2610 515.0206298828125
2620 515.099365234375
2630 515.1390380859375
2640 515.1229248046875
2650 515.096923828125
2660 515.1204833984375
2670 515.1458740234375
2680 515.1690673828125
2690 515.215087890625
2700 515.2511596679688
2710 515.230712890625
2720 515.2869873046875
2730 515.4859619140625
2740 515.71875
2750 515.830810546875
2760 515.9765625
2770 516.1264038085938
2780 516.2345581054688
2790 516.327880859375
2800 516.334716796875
2810 515.9906005859375
2820 515.4500732421875
2830 514.7007446289062
2840 513.7843627929688
2850 512.8177490234375
2860 511.862548828125
2870 510.7544555664062
2880 509.5340270996094
2890 508.246826171875
2900 506.9901123046875
2910 505.9725341796875
2920 505.2823486328125
2930 504.8517150878906
2940 504.6036987304688
2950 504.7405090332031
2960 505.1580505371094
2970 505.8583984375
2980 506.7174987792969
2990 507.7314147949219
3000 508.8340454101562
3010 509.9734802246094
3020 511.4616088867188
3030 512.8338012695312
3040 514.0283203125
3050 514.8966674804688
3060 515.6538696289062
3070 516.253173828125
3080 516.6560668945312
3090 516.827392578125
3100 516.693359375
3110 516.06298828125
3120 515.1740112304688
3130 514.4618530273438
3140 513.7987670898438
3150 513.0076293945312
3160 512.0767211914062
3170 511.0349731445312
3180 509.9042358398438
3190 508.6771850585938
3200 507.4141235351562
3210 506.2109375
3220 504.9251403808594
3230 503.8267211914062
3240 502.8508911132812
3250 502.06640625
3260 501.435791015625
3270 501.0378723144531
3280 500.8779907226562
3290 500.9130249023438
3300 501.1625366210938
3310 501.6167602539062
3320 502.1915893554688
3330 502.8186340332031
3340 503.4925537109375
3350 504.1562805175781
3360 504.6655883789062
3370 505.170166015625
3380 505.5651245117188
3390 505.6453552246094
3400 505.4844360351562
3410 505.2059936523438
3420 504.7857971191406
3430 504.3656005859375
3440 503.9469909667969
3450 503.4669494628906
3460 502.8582153320312
3470 502.0458068847656
3480 501.077392578125
3490 499.9888610839844
3500 498.8372802734375
3510 497.6724243164062
3520 496.5713195800781
3530 495.5452880859375
3540 494.5754699707031
3550 493.6699523925781
3560 492.9127807617188
3570 492.3885192871094
3580 492.0304260253906
3590 491.8449401855469
3600 491.7393493652344
3610 491.7529296875
3620 491.8644104003906
3630 492.0531311035156
3640 492.5679016113281
3650 493.4178466796875
3660 494.5814208984375
3670 495.8421325683594
3680 497.1178894042969
3690 498.4802856445312
3700 499.8439331054688
3710 501.0032958984375
3720 501.9807739257812
3730 502.7720947265625
3740 503.4673767089844
3750 504.209228515625
3760 504.9361267089844
3770 505.6669921875
3780 506.4072875976562
3790 507.1537170410156
3800 507.854248046875
3810 508.4535522460938
3820 508.9533996582031
3830 509.3267822265625
3840 509.5239562988281
3850 509.66259765625
3860 509.8017578125
3870 510.0005493164062
3880 510.180908203125
3890 510.3353271484375
3900 510.5189819335938
3910 510.5899963378906
3920 510.5151977539062
3930 510.3967895507812
3940 510.1780395507812
3950 509.851318359375
3960 509.4002990722656
3970 508.97216796875
3980 508.6261901855469
3990 508.4722290039062
4000 508.4077453613281
4010 508.4219055175781
4020 508.5045776367188
4030 508.7574157714844
4040 509.0189208984375
4050 509.2272338867188
4060 509.3641357421875
4070 509.4315185546875
4080 509.6422729492188
4090 509.8457336425781
4100 509.8816223144531
4110 509.7667236328125
4120 509.5674438476562
4130 509.3259887695312
4140 509.1264953613281
4150 509.0706787109375
4160 509.0696411132812
4170 509.0556335449219
4180 508.9222412109375
4190 508.7892761230469
4200 508.7183227539062
4210 508.6304931640625
4220 508.5254821777344
4230 508.5056762695312
4240 508.6227416992188
4250 508.7944946289062
4260 508.9419860839844
4270 508.9497375488281
4280 508.8658142089844
4290 508.7144165039062
4300 508.5346984863281
4310 508.2871704101562
4320 508.0806274414062
4330 507.9056701660156
4340 507.6817321777344
4350 507.4339294433594
4360 507.2205200195312
4370 507.0938415527344
4380 506.9919738769531
4390 506.9410400390625
4400 506.8388366699219
4410 506.804931640625
4420 506.7669067382812
4430 506.5840148925781
4440 506.2222290039062
4450 505.7702026367188
4460 505.2723693847656
4470 504.5141906738281
4480 503.4315185546875
4490 502.2734069824219
4500 501.33056640625
4510 500.7525634765625
4520 500.5063171386719
4530 500.4879150390625
4540 500.5687255859375
4550 500.930908203125
4560 501.5486450195312
4570 502.3084716796875
4580 503.2494201660156
4590 504.2711486816406
4600 505.3937377929688
4610 506.5451049804688
4620 507.7440185546875
4630 509.2466430664062
4640 510.7207336425781
4650 511.9230346679688
4660 512.9430541992188
4670 513.7704467773438
4680 514.44091796875
4690 514.8204345703125
4700 514.8231811523438
4710 514.4006958007812
4720 513.576904296875
4730 512.851806640625
4740 511.9835815429688
4750 511.0023498535156
4760 509.9405822753906
4770 508.7937927246094
4780 507.5120544433594
4790 506.1559753417969
4800 504.6258850097656
4810 503.1075439453125
4820 501.5578308105469
4830 500.1560974121094
4840 498.84619140625
4850 497.6887512207031
4860 496.7236938476562
4870 495.9096069335938
4880 495.3162841796875
4890 494.9582214355469
4900 494.8641357421875
4910 495.0158386230469
4920 495.3349609375
4930 495.7533569335938
4940 496.2422485351562
4950 496.6642456054688
4960 496.8487854003906
4970 496.9118347167969
4980 496.8051452636719
4990 496.4310607910156
5000 495.9969177246094
5010 495.3249206542969
5020 494.6180419921875
5030 494.0804748535156
5040 493.6203002929688
5050 493.1844177246094
5060 492.6707153320312
5070 492.0013122558594
5080 491.11376953125
5090 490.1421508789062
5100 489.0541076660156
5110 487.8558654785156
5120 486.7007446289062
5130 485.6375122070312
5140 484.6287231445312
5150 483.7185363769531
5160 482.9902038574219
5170 482.5301818847656
5180 482.2264709472656
5190 482.0469055175781
5200 481.9580993652344
5210 482.1326599121094
5220 482.5402221679688
5230 482.9718322753906
5240 483.6161804199219
5250 484.6553649902344
5260 485.9860229492188
5270 487.41357421875
5280 488.8683166503906
5290 490.2897033691406
5300 491.67822265625
5310 492.9361267089844
5320 493.9898986816406
5330 494.9650573730469
5340 495.9573974609375
5350 497.0071105957031
5360 498.0506286621094
5370 499.1356811523438
5380 500.1910400390625
5390 501.1847229003906
5400 502.1407165527344
5410 503.0140380859375
5420 503.7725219726562
5430 504.3800048828125
5440 504.8066711425781
5450 505.15576171875
5460 505.5179443359375
5470 505.8889465332031
5480 506.1676025390625
5490 506.3717651367188
5500 506.5343017578125
5510 506.5411987304688
5520 506.3449401855469
5530 506.0673828125
5540 505.646240234375
5550 505.0845642089844
5560 504.37939453125
5570 503.6618347167969
5580 503.1220397949219
5590 502.7995910644531
5600 502.5069580078125
5610 502.2309875488281
5620 502.0677795410156
5630 502.0912475585938
5640 502.1741333007812
5650 502.2408752441406
5660 502.3061828613281
5670 502.366943359375
5680 502.5211791992188
5690 502.7564392089844
5700 502.8562927246094
5710 502.7953491210938
5720 502.6702880859375
5730 502.548583984375
5740 502.4206848144531
5750 502.441162109375
5760 502.497314453125
5770 502.5044860839844
5780 502.45068359375
5790 502.3463745117188
5800 502.3439025878906
5810 502.3825073242188
5820 502.4126586914062
5830 502.5624694824219
5840 502.8189392089844
5850 503.1336669921875
5860 503.4103088378906
5870 503.5096130371094
5880 503.57958984375
5890 503.6474304199219
5900 503.6640930175781
5910 503.5992431640625
5920 503.4994812011719
5930 503.4320678710938
5940 503.3197937011719
5950 503.1522216796875
5960 502.9981994628906
5970 502.8908081054688
5980 502.8179321289062
5990 502.77685546875
6000 502.6687316894531
6010 502.5130004882812
6020 502.2437744140625
6030 501.6513671875
6040 500.8725280761719
6050 500.0536804199219
6060 499.1979064941406
6070 498.1936645507812
6080 497.092041015625
6090 496.0064697265625
6100 495.0572509765625
6110 494.32666015625
6120 493.8671875
6130 493.634033203125
6140 493.5568237304688
6150 493.7647705078125
6160 494.2232055664062
6170 494.8336791992188
6180 495.5135192871094
6190 496.3704833984375
6200 497.3700561523438
6210 498.4135131835938
6220 499.5423889160156
6230 500.9478149414062
6240 502.1896057128906
6260 503.9358520507812
6270 504.5882263183594
6280 504.9879760742188
6290 505.1648864746094
6300 505.0860595703125
6310 504.5783996582031
6320 503.8284606933594
6330 503.3094482421875
6340 502.7748107910156
