"Time Step" "point-gw-c"
20410 0.2196145057678223
20420 0.2101666182279587
20430 0.2063379138708115
20440 0.2141513973474503
20450 0.2140183746814728
20460 0.2149044573307037
20470 0.2118207663297653
20480 0.1866471022367477
20490 0.2287732064723969
20500 0.2291425615549088
20510 0.225191056728363
20520 0.2221351861953735
20530 0.2196529805660248
20540 0.2314344048500061
20550 0.2404372841119766
20560 0.217905193567276
20570 0.2232310473918915
20580 0.2008730471134186
20590 0.2211852967739105
20600 0.2043375670909882
20610 0.209861159324646
20620 0.2203484177589417
20630 0.2180561274290085
20640 0.2192569971084595
20650 0.2097674757242203
20660 0.2140545547008514
20670 0.2151456773281097
20680 0.2310991883277893
20690 0.2370164096355438
20700 0.2395169734954834
20710 0.2378077059984207
20720 0.231429249048233
20730 0.2282079607248306
20740 0.2227983176708221
20750 0.2278121560811996
20760 0.2390055805444717
20770 0.2373337000608444
20780 0.2391048520803452
20790 0.2385565340518951
20800 0.2112220525741577
20810 0.1906450986862183
20820 0.1803522109985352
20830 0.1992621421813965
20840 0.1931671500205994
20850 0.183727502822876
20860 0.2087968289852142
20870 0.2331417798995972
20880 0.2385348975658417
20890 0.23794025182724
20900 0.1807133853435516
20910 0.1599562019109726
20920 0.2431626617908478
20930 0.2199114859104156
20940 0.1966067254543304
20950 0.2093503326177597
20960 0.2122452557086945
20970 0.1966100931167603
20980 0.2216228544712067
20990 0.2184655964374542
21000 0.2011100500822067
21010 0.2137984186410904
21020 0.2335378229618073
21030 0.2482131123542786
21040 0.2218620181083679
21050 0.21812903881073
21060 0.2079848349094391
21070 0.231393039226532
21080 0.2540899813175201
21090 0.2448950111865997
21100 0.2447419166564941
21110 0.2421209067106247
21120 0.2393233478069305
21130 0.2333303093910217
21140 0.2380246222019196
21150 0.2329500019550323
21160 0.2366926968097687
21170 0.2481701225042343
21180 0.2401423752307892
21190 0.2271932512521744
21200 0.2199300825595856
21210 0.209324449300766
21220 0.2388867288827896
21230 0.2282565534114838
21240 0.2233353406190872
21250 0.1993263363838196
21260 0.2054667174816132
21270 0.1865489184856415
21280 0.1810549348592758
21290 0.194573700428009
21300 0.2305521965026855
21310 0.2059236168861389
21320 0.2028765380382538
21330 0.1900421380996704
21340 0.1999648064374924
21350 0.211237758398056
21360 0.2073933184146881
21370 0.2364690601825714
21380 0.2398872077465057
21390 0.2323381155729294
21400 0.218841016292572
21410 0.2166496813297272
21420 0.2196323573589325
21430 0.2161280512809753
21440 0.2001263946294785
21450 0.2245253324508667
21460 0.2207460850477219
21470 0.2274463176727295
21480 0.2338362634181976
21490 0.2194640636444092
21500 0.2098754048347473
21510 0.209978386759758
21520 0.2229651212692261
21530 0.2175363153219223
21540 0.2208047956228256
21550 0.2298014163970947
21560 0.2309364974498749
21570 0.2134281396865845
21580 0.2139281183481216
21590 0.2165486365556717
21600 0.2113504558801651
21610 0.1933474093675613
21620 0.194515198469162
21630 0.2026103585958481
21640 0.2160764634609222
21650 0.2282310277223587
21660 0.2271439880132675
21670 0.2329914569854736
21680 0.2248297035694122
21690 0.2152444124221802
21700 0.1831649094820023
21710 0.2151003181934357
21720 0.1949532926082611
21730 0.1986037045717239
21740 0.206993967294693
21750 0.2022809088230133
21760 0.2070879340171814
21770 0.2040898203849792
21780 0.2062168121337891
21790 0.2083229273557663
21800 0.2274052947759628
21810 0.2407622635364532
21820 0.2456164509057999
21830 0.2518912851810455
21840 0.239670604467392
21850 0.2434244900941849
21860 0.2316367775201797
21870 0.2347000688314438
21880 0.2311860769987106
21890 0.2303621172904968
21900 0.2220144718885422
21910 0.2166552841663361
21920 0.2227399498224258
21930 0.2287798970937729
21940 0.2293854653835297
21950 0.2222366631031036
21960 0.227341890335083
21970 0.2334982007741928
21980 0.2322773337364197
21990 0.2253870368003845
22000 0.209871232509613
22010 0.2051240354776382
22020 0.2126316726207733
22030 0.2078665792942047
22040 0.1979660987854004
22050 0.1917985081672668
22060 0.1897381544113159
22070 0.1991445124149323
22080 0.1982873976230621
22090 0.1995569169521332
22100 0.1981388479471207
22110 0.2004025727510452
22120 0.2038561403751373
22130 0.1874807476997375
22140 0.2023538947105408
22150 0.2141807824373245
22160 0.2173733711242676
22170 0.2195944637060165
22180 0.2300782799720764
22190 0.1991090774536133
22200 0.2151583433151245
22210 0.2256060391664505
22220 0.2287498116493225
22230 0.2316653579473495
22240 0.2291031032800674
22250 0.2368569821119308
22260 0.2418209910392761
22270 0.2103266268968582
22280 0.212333619594574
22290 0.2291722595691681
22300 0.2170713841915131
22310 0.2204250395298004
22320 0.2131055295467377
22330 0.2136726528406143
22340 0.2038159519433975
22350 0.2039142698049545
22360 0.2320651710033417
22370 0.2356157451868057
22380 0.2068336308002472
22390 0.1877961456775665
22400 0.187656968832016
22410 0.2154236435890198
22420 0.2275920361280441
22430 0.2329927235841751
22440 0.1943943947553635
22450 0.2082669734954834
22460 0.202742338180542
22470 0.1689375191926956
22480 0.1690452098846436
22490 0.1648513674736023
22500 0.1767474114894867
22510 0.1715006530284882
22520 0.1698636114597321
22530 0.1912762820720673
22540 0.2372769564390182
22550 0.2451241910457611
22560 0.2394425123929977
22570 0.2353407740592957
22580 0.222905308008194
22590 0.217189148068428
22600 0.2275574803352356
22610 0.2107518762350082
22620 0.2204887270927429
22630 0.2290644496679306
22640 0.2327091991901398
22650 0.2355165779590607
22660 0.2361775934696198
22670 0.2337230890989304
22680 0.2366075068712234
22690 0.2399808317422867
22700 0.238555371761322
22710 0.2368115782737732
22720 0.2309408336877823
22730 0.2320344001054764
22740 0.234897568821907
22750 0.2330767065286636
22760 0.2360085844993591
22770 0.235761970281601
22780 0.232510894536972
22790 0.2330405712127686
22800 0.2312730252742767
22810 0.225079745054245
22820 0.2182165384292603
22830 0.1921247094869614
22840 0.2030121088027954
22850 0.2095245271921158
22860 0.1979960650205612
22870 0.2072286009788513
22880 0.2247381508350372
22890 0.2325523197650909
22900 0.2080830335617065
22910 0.2309610843658447
22920 0.2190214395523071
22930 0.1370302438735962
22940 0.1819946020841599
22950 0.2164396047592163
22960 0.2096936106681824
22970 0.2236457467079163
22980 0.235465407371521
22990 0.2263682037591934
23000 0.2097470462322235
23010 0.2199422419071198
23020 0.2207886427640915
23030 0.2169519662857056
23040 0.2165973037481308
23050 0.2043595910072327
23060 0.215955376625061
23070 0.2208912968635559
23080 0.2306737303733826
23090 0.2185899019241333
23100 0.2187464386224747
23110 0.2269808351993561
23120 0.2203748673200607
23130 0.2214120030403137
23140 0.2329669445753098
23150 0.2612500190734863
23160 0.220783531665802
23170 0.2159566730260849
23180 0.2234041094779968
23190 0.2140821218490601
23200 0.2178081572055817
23210 0.228024885058403
23220 0.2210730910301208
23230 0.2214260995388031
23240 0.2095559984445572
23250 0.1654868870973587
23260 0.1716398000717163
23270 0.2094295173883438
23280 0.2072546482086182
23290 0.2055027633905411
23300 0.1939947903156281
23310 0.2105675935745239
23320 0.2122737169265747
23330 0.2520470023155212
23340 0.2252721637487411
23350 0.2021753489971161
23360 0.1923686861991882
23370 0.2446471899747849
23380 0.2557754218578339
23390 0.2552742660045624
23400 0.2513240277767181
23410 0.2245859354734421
23420 0.2208510041236877
23430 0.2506324648857117
23440 0.2437331080436707
23450 0.2260655909776688
23460 0.203673928976059
23470 0.2413824498653412
23480 0.2314143478870392
23490 0.2191808968782425
23500 0.2208057343959808
23510 0.222786009311676
23520 0.2302853763103485
23530 0.2304560393095016
23540 0.2323311567306519
23550 0.2311435341835022
23560 0.2288350760936737
23570 0.2231567203998566
23580 0.2279627025127411
23590 0.2359654754400253
23600 0.2367157936096191
23610 0.2328729927539825
23620 0.2049890607595444
23630 0.2071046978235245
23640 0.2012427598237991
23650 0.2167377024888992
23660 0.198562890291214
23670 0.1426860839128494
23680 0.2229572236537933
23690 0.2284177988767624
23700 0.2314179688692093
23710 0.2354412078857422
23720 0.2292958945035934
23730 0.2037639319896698
23740 0.181952491402626
23750 0.1967331171035767
23760 0.2287469804286957
23770 0.2262334823608398
23780 0.2217554003000259
23790 0.2215220928192139
23800 0.2450359314680099
23810 0.2386574447154999
23820 0.2429340779781342
23830 0.231020450592041
23840 0.2368215024471283
23850 0.2417259812355042
23860 0.2286812365055084
23870 0.2269208580255508
23880 0.2212648242712021
23890 0.2277910113334656
23900 0.2352891266345978
23910 0.2480778098106384
23920 0.2302141487598419
23930 0.2246449887752533
23940 0.2223308086395264
23950 0.222788080573082
23960 0.2217323333024979
23970 0.2088215202093124
23980 0.2043503224849701
23990 0.203912764787674
24000 0.2063547074794769
13810 0.2026794701814651
13820 0.1990653425455093
13830 0.2242072075605392
13840 0.2351126968860626
13850 0.2163784950971603
13860 0.2183067202568054
13870 0.2188974916934967
13880 0.2267167419195175
13890 0.2265827655792236
13900 0.2205007374286652
13910 0.2233703583478928
13920 0.2183499187231064
13930 0.2017975747585297
13940 0.1955987215042114
13950 0.1879732310771942
13960 0.1836689412593842
13970 0.1880106180906296
13980 0.2097874879837036
13990 0.2141347378492355
14000 0.2246136665344238
14010 0.2337876260280609
14020 0.2377301454544067
14030 0.2332191616296768
14040 0.231848731637001
14050 0.2029298543930054
14060 0.1984857320785522
14070 0.2147530019283295
14080 0.2154525369405746
14090 0.2062340676784515
14100 0.223832368850708
14110 0.1839312165975571
14120 0.229335144162178
14130 0.2211878001689911
14140 0.1980502009391785
14150 0.1937497854232788
14160 0.1883067786693573
14170 0.1912510097026825
14180 0.1914606690406799
14190 0.1863042563199997
14200 0.1792791932821274
14210 0.1889449805021286
14220 0.1933706700801849
14230 0.2080262452363968
14240 0.2172831892967224
14250 0.2241430878639221
14260 0.2211145311594009
14270 0.2246299535036087
14280 0.2198167145252228
14290 0.2155263721942902
14300 0.2138160467147827
14310 0.2190234065055847
14320 0.2066069394350052
14330 0.2042472362518311
14340 0.2097131013870239
14350 0.2008517384529114
14360 0.2146324068307877
14370 0.2214609980583191
14380 0.2169291824102402
14390 0.2339031398296356
14400 0.2213161289691925
14410 0.218879759311676
14420 0.2157073467969894
14430 0.1980781704187393
14440 0.2060287594795227
14450 0.2092617154121399
14460 0.2087008059024811
14470 0.2148831337690353
14480 0.2134360671043396
14490 0.2094873040914536
14500 0.2151648998260498
14510 0.2178778797388077
14520 0.2201410830020905
14530 0.237787276506424
14540 0.2395906299352646
14550 0.2403343915939331
14560 0.2262238264083862
14570 0.2106081247329712
14580 0.2204251438379288
14590 0.2082527875900269
14600 0.2026580274105072
14610 0.2291470468044281
14620 0.2478657960891724
14630 0.2479346394538879
14640 0.2409501820802689
14650 0.2388876676559448
14660 0.219419851899147
14670 0.2242623269557953
14680 0.219258189201355
14690 0.2209761142730713
14700 0.2222822308540344
14710 0.230198085308075
14720 0.2323537170886993
14730 0.2206893712282181
14740 0.217937558889389
14750 0.2429718971252441
14760 0.2396008968353271
14770 0.2175677716732025
14780 0.1995887458324432
14790 0.2094471454620361
14800 0.2061108350753784
14810 0.2310351580381393
14820 0.2291356176137924
14830 0.2137858718633652
14840 0.1600998342037201
14850 0.2021717429161072
14860 0.2028339803218842
14870 0.2162346839904785
14880 0.2172633111476898
14890 0.2081263661384583
14900 0.2105895280838013
14910 0.2109851092100143
14920 0.2114982157945633
14930 0.1952933669090271
14940 0.1809169352054596
14950 0.1870669722557068
14960 0.2178934812545776
14970 0.209324449300766
14980 0.1930799186229706
14990 0.2025453150272369
15000 0.2195879369974136
15010 0.2166953533887863
15020 0.1919106245040894
15030 0.1894930303096771
15040 0.2035640180110931
15050 0.2073787748813629
15060 0.196424275636673
15070 0.2106117606163025
15080 0.2129094302654266
15090 0.2155429273843765
15100 0.222584068775177
15110 0.2220033407211304
15120 0.2221682071685791
15130 0.2206651866436005
15140 0.201537624001503
15150 0.2104792594909668
15160 0.225913405418396
15170 0.2310711145401001
15180 0.2257385104894638
15190 0.2244210690259933
15200 0.2273108214139938
15210 0.2340293377637863
15220 0.2344530522823334
15230 0.233909085392952
15240 0.2292454093694687
15250 0.2287511229515076
15260 0.2267769277095795
15270 0.2115106284618378
15280 0.1656594574451447
15290 0.1914893686771393
15300 0.2263951748609543
15310 0.2164922952651978
15320 0.1863068640232086
15330 0.1987075805664062
15340 0.2169020175933838
15350 0.2133520692586899
15360 0.2148251086473465
15370 0.1972550898790359
15380 0.1947149634361267
15390 0.2205236852169037
15400 0.2304412871599197
15410 0.2249248772859573
15420 0.2239594310522079
15430 0.2191518992185593
15440 0.2258254289627075
15450 0.2273508161306381
15460 0.2135561853647232
15470 0.223975270986557
15480 0.2296406328678131
15490 0.2294264435768127
15500 0.2292295694351196
15510 0.234845906496048
15520 0.2293479144573212
15530 0.2323852181434631
15540 0.2301340252161026
15550 0.2342246621847153
15560 0.2286550551652908
15570 0.2228172272443771
15580 0.2210132479667664
15590 0.2173142582178116
15600 0.2165739834308624
15610 0.2160520106554031
15620 0.2103556543588638
15630 0.1740395873785019
15640 0.2056664228439331
15650 0.2239264696836472
15660 0.2123029828071594
15670 0.2195754498243332
15680 0.2145232707262039
15690 0.2167490273714066
15700 0.211928978562355
15710 0.1916964054107666
15720 0.2194034606218338
15730 0.2319843620061874
15740 0.232354074716568
15750 0.2244572043418884
15760 0.2003777921199799
15770 0.2015803903341293
15780 0.1941182613372803
15790 0.229619175195694
15800 0.2109006941318512
15810 0.220825657248497
15820 0.242428332567215
15830 0.2257102280855179
15840 0.2240274250507355
15850 0.2242108136415482
15860 0.226907879114151
15870 0.2284192740917206
15880 0.2254526615142822
15890 0.2295611798763275
15900 0.2436458468437195
15910 0.262332558631897
15920 0.2407635003328323
15930 0.2175452709197998
15940 0.2269697189331055
15950 0.2312717139720917
15960 0.223556712269783
15970 0.2101635038852692
15980 0.2236652076244354
15990 0.2478071004152298
16000 0.2345919609069824
16010 0.2233259081840515
16020 0.2250622510910034
16030 0.2368183434009552
16040 0.1895380020141602
16050 0.2092825919389725
16060 0.2088393270969391
16070 0.2132757604122162
16080 0.2214742600917816
16090 0.2231225967407227
16100 0.2125172317028046
16110 0.176323875784874
16120 0.2243010103702545
16130 0.2347431033849716
16140 0.2351193428039551
16150 0.1978358328342438
16160 0.1837106794118881
16170 0.194707378745079
16180 0.1920312941074371
16190 0.1987378597259521
16200 0.2044229805469513
16210 0.200867548584938
16220 0.2019365429878235
16230 0.2270019054412842
16240 0.2360557019710541
16250 0.2280986905097961
16260 0.2266886681318283
16270 0.2289496064186096
16280 0.2150416523218155
16290 0.2148374319076538
16300 0.2247812300920486
16310 0.2228896766901016
16320 0.2201725244522095
16330 0.2281845211982727
16340 0.2281514108181
16350 0.2266324758529663
16360 0.2272918224334717
16370 0.2465616315603256
16380 0.2343324422836304
16390 0.2300485074520111
16400 0.2307482659816742
16410 0.2320087552070618
16420 0.2351546287536621
16430 0.2341872155666351
16440 0.1974366903305054
16450 0.2226681411266327
16460 0.2046995311975479
16470 0.2311698794364929
16480 0.220541775226593
16490 0.2227883785963058
16500 0.2262755334377289
16510 0.228162482380867
16520 0.2302589267492294
16530 0.2251736670732498
16540 0.2289051115512848
16550 0.2238753736019135
16560 0.2288624793291092
16570 0.2161042988300323
16580 0.1953025758266449
16590 0.1885996609926224
16600 0.2108019888401031
16610 0.2305484712123871
16620 0.2279497683048248
16630 0.2258800566196442
16640 0.2260722368955612
16650 0.2308475524187088
16660 0.2294359505176544
16670 0.2286846041679382
16680 0.2256540805101395
16690 0.2198894321918488
16700 0.2275739759206772
16710 0.2222084105014801
16720 0.209537535905838
16730 0.2013530731201172
16740 0.2055063247680664
16750 0.2181409448385239
16760 0.2332352846860886
16770 0.2117658257484436
16780 0.1902927756309509
16790 0.1887287497520447
16800 0.1971044540405273
16810 0.2098943293094635
16820 0.2235237956047058
16830 0.236728236079216
16840 0.2130437046289444
16850 0.2017179578542709
16860 0.1746518015861511
16870 0.2146867513656616
16880 0.2215384691953659
16890 0.2011695504188538
16900 0.1976115107536316
16910 0.1759164035320282
16920 0.1976141184568405
16930 0.2258989959955215
16940 0.2165960371494293
16950 0.2154016345739365
16960 0.2073821425437927
16970 0.2058498412370682
16980 0.2249465882778168
16990 0.2299250960350037
17000 0.2228527665138245
17010 0.2242332100868225
17020 0.2372750043869019
17030 0.2349262833595276
17040 0.2293203622102737
17050 0.2372167408466339
17060 0.2436379194259644
17070 0.2140059471130371
17080 0.2044894695281982
17090 0.2093070298433304
17100 0.2030663788318634
17110 0.2082891166210175
17120 0.2128080427646637
17130 0.2454030960798264
17140 0.2499324828386307
17150 0.2306987941265106
17160 0.2373888939619064
17170 0.2519262433052063
17180 0.2518141865730286
17190 0.2398202866315842
17200 0.22712641954422
17210 0.2280005663633347
17220 0.2241861671209335
17230 0.2088773101568222
17240 0.1997005492448807
17250 0.1806545555591583
17260 0.1941435039043427
17270 0.2143984138965607
17280 0.2314175963401794
17290 0.1927448958158493
17300 0.2188476920127869
17310 0.2252854406833649
17320 0.2309132069349289
17330 0.2290469706058502
17340 0.2245424389839172
17350 0.22815802693367
17360 0.2312361598014832
17370 0.2264869958162308
17380 0.2173200994729996
17390 0.2235487401485443
17400 0.2227978110313416
17410 0.2307553887367249
17420 0.2315829992294312
17430 0.2443403601646423
17440 0.236063614487648
17450 0.2118755578994751
17460 0.2289483398199081
17470 0.2277056574821472
17480 0.2286182790994644
17490 0.2341611683368683
17500 0.2287687659263611
17510 0.2179030776023865
17520 0.2073428332805634
17530 0.2161857783794403
17540 0.2215825319290161
17550 0.2186850160360336
17560 0.2232365608215332
17570 0.2241947948932648
17580 0.2267415523529053
17590 0.2287486493587494
17600 0.2217524945735931
17610 0.2100023031234741
17620 0.2217468470335007
17630 0.1698473989963531
17640 0.1762076318264008
17650 0.1951897144317627
17660 0.2254634201526642
17670 0.2335968017578125
17680 0.2345305681228638
17690 0.2314359396696091
17700 0.2100209444761276
17710 0.2248835265636444
17720 0.2156647145748138
17730 0.2232178151607513
17740 0.2227585315704346
17750 0.1428370773792267
17760 0.2016453593969345
17770 0.2039006352424622
17780 0.1969445794820786
17790 0.2072429060935974
17800 0.2128143906593323
17810 0.1964201629161835
17820 0.1799344420433044
17830 0.2225589752197266
17840 0.2297433167695999
17850 0.2217523157596588
17860 0.2363796681165695
17870 0.2361128479242325
17880 0.2323150634765625
17890 0.2230585366487503
17900 0.2216449826955795
17910 0.2243948429822922
17920 0.2240556478500366
17930 0.2226312160491943
17940 0.2260439097881317
17950 0.221421480178833
17960 0.2281230539083481
17970 0.2185202836990356
17980 0.223882794380188
17990 0.223120853304863
18000 0.2251319587230682
18010 0.2299498617649078
18020 0.2257892191410065
18030 0.2162647247314453
18040 0.2332730442285538
18050 0.240940660238266
18060 0.236416757106781
18070 0.2346580922603607
18080 0.2411461174488068
18090 0.2321517169475555
18100 0.2340784072875977
18110 0.2324676811695099
18120 0.1989329606294632
18130 0.198948085308075
18140 0.2225636541843414
18150 0.2360326200723648
18160 0.230128213763237
18170 0.2270509749650955
18180 0.2396039515733719
18190 0.2389651834964752
18200 0.2381819188594818
18210 0.2320853024721146
18220 0.2331060767173767
18230 0.2112340033054352
18240 0.1933984458446503
18250 0.1873518377542496
18260 0.215240940451622
18270 0.2313722521066666
18280 0.2167971730232239
18290 0.2095451056957245
18300 0.2033215314149857
18310 0.2147099077701569
18320 0.2245370149612427
18330 0.2237319201231003
18340 0.2198918461799622
18350 0.2215141654014587
18360 0.2141237556934357
18370 0.1975473463535309
18380 0.200702577829361
18390 0.2125634253025055
18400 0.2074019461870193
18410 0.1940077096223831
18420 0.2065870016813278
18430 0.2183241993188858
18440 0.2091635167598724
18450 0.2080549299716949
18460 0.2092290669679642
18470 0.2062772810459137
18480 0.1985361874103546
18490 0.2137151807546616
18500 0.2315071672201157
18510 0.2366715967655182
18520 0.2274889349937439
18530 0.1870623379945755
18540 0.1878264248371124
18550 0.2446432411670685
18560 0.2546466588973999
18570 0.2380665242671967
18580 0.2266371250152588
18590 0.2022864371538162
18600 0.195814311504364
18610 0.1979154646396637
18620 0.2139402329921722
18630 0.2345754355192184
18640 0.2240650355815887
18650 0.2190725803375244
18660 0.2161490470170975
18670 0.2240654677152634
18680 0.2292742729187012
18690 0.2269284874200821
18700 0.2236488461494446
18710 0.2225155681371689
18720 0.2219850420951843
18730 0.2130941599607468
18740 0.2289469838142395
18750 0.2377044856548309
18760 0.2295285761356354
18770 0.2274434864521027
18780 0.2270923852920532
18790 0.2348928600549698
18800 0.2427623420953751
18810 0.2405603528022766
18820 0.2359280437231064
18830 0.2400903403759003
18840 0.2218998074531555
18850 0.1656749099493027
18860 0.1755658686161041
18870 0.1923929154872894
18880 0.1993844658136368
18890 0.1895482391119003
18900 0.2096734344959259
18910 0.2210502028465271
18920 0.1664142608642578
18930 0.2324493080377579
18940 0.2313288152217865
18950 0.2277049422264099
18960 0.2068973779678345
18970 0.2303240746259689
18980 0.2404451072216034
18990 0.2257661372423172
19000 0.2364198118448257
19010 0.2269844263792038
19020 0.2336755096912384
19030 0.2344626933336258
19040 0.2383373379707336
19050 0.2235459685325623
19060 0.2280423492193222
19070 0.207198292016983
19080 0.2068416625261307
19090 0.2272971868515015
19100 0.2341083884239197
19110 0.232184886932373
19120 0.2267415523529053
19130 0.2201916128396988
19140 0.2304026484489441
19150 0.2267331779003143
19160 0.2257286310195923
19170 0.2292139381170273
19180 0.2289215326309204
19190 0.2299299687147141
19200 0.2271545827388763
19210 0.2389151155948639
19220 0.2317695915699005
19230 0.1388241201639175
19240 0.1895115971565247
19250 0.2157670855522156
19260 0.2104368060827255
19270 0.1847651302814484
19280 0.2163803428411484
19290 0.2196531742811203
19300 0.2249960154294968
19310 0.2351891547441483
19320 0.231528252363205
19330 0.2185011208057404
19340 0.2033467143774033
19350 0.1973626911640167
19360 0.19717738032341
19370 0.1879683136940002
19380 0.2058628797531128
19390 0.2158069014549255
19400 0.2313421815633774
19410 0.2108029574155807
19420 0.1929560452699661
19430 0.2225455343723297
19440 0.2238629758358002
19450 0.2371360510587692
19460 0.235408678650856
19470 0.2235218584537506
19480 0.2053288072347641
19490 0.2371160387992859
19500 0.2336092442274094
19510 0.2329243868589401
19520 0.2437896132469177
19530 0.1832627654075623
19540 0.193864181637764
19550 0.1984748542308807
19560 0.1865455359220505
19570 0.1872332990169525
19580 0.1917001903057098
19590 0.2087543308734894
19600 0.1953174024820328
19610 0.1765698939561844
19620 0.1784193515777588
19630 0.1828208565711975
19640 0.2032184600830078
19650 0.2000318169593811
19660 0.2053708434104919
19670 0.1930569857358932
19680 0.2179305255413055
19690 0.2219795286655426
19700 0.2225943803787231
19710 0.2291017174720764
19720 0.2423293441534042
19730 0.2403444051742554
19740 0.1902520805597305
19750 0.2000593096017838
19760 0.2190603166818619
19770 0.1979950368404388
19780 0.1980323493480682
19790 0.2213038206100464
19800 0.2518070936203003
19810 0.2268736660480499
19820 0.2250770032405853
19830 0.2229331135749817
19840 0.2213309407234192
19850 0.2170958369970322
19860 0.225125327706337
19870 0.2244283854961395
19880 0.2214494198560715
19890 0.2370156347751617
19900 0.2337298393249512
19910 0.221566915512085
19920 0.2291926741600037
19930 0.2320963889360428
19940 0.2208960950374603
19950 0.2079171985387802
19960 0.192146897315979
19970 0.1971005797386169
19980 0.2039474844932556
19990 0.1925427317619324
20000 0.2019741237163544
20010 0.2079814672470093
20020 0.2229468077421188
20030 0.2002739012241364
20040 0.2189717888832092
20050 0.2358015328645706
20060 0.2370125651359558
20070 0.2239555865526199
20080 0.1993653774261475
20090 0.2185737490653992
20100 0.2397217005491257
20110 0.2384216338396072
20120 0.2367274314165115
20130 0.2177487760782242
20140 0.2207430303096771
20150 0.2495114505290985
20160 0.2563644051551819
20170 0.2531443536281586
20180 0.2237260937690735
20190 0.2147483229637146
20200 0.2208613902330399
20210 0.221941813826561
20220 0.2402602434158325
20230 0.2427276819944382
20240 0.2390083372592926
20250 0.2171440571546555
20260 0.2073746025562286
20270 0.2063843905925751
20280 0.2032895982265472
20290 0.2194736748933792
20300 0.2393449246883392
20310 0.2375492006540298
20320 0.2366515696048737
20330 0.2311634123325348
20340 0.226661890745163
20350 0.2166242897510529
20360 0.2113232761621475
20370 0.2100703418254852
20380 0.2099054008722305
20390 0.210610494017601
20400 0.2105341702699661
6810 0.2053940296173096
6820 0.2008472234010696
6830 0.1908105611801147
6840 0.1873717904090881
6850 0.1909710168838501
6860 0.2200660705566406
6870 0.1862159222364426
6880 0.1928222924470901
6890 0.2071867138147354
6900 0.1994185149669647
6910 0.2115086615085602
6920 0.1974646151065826
6930 0.1909391433000565
6940 0.2004403918981552
6950 0.2179870307445526
6960 0.2251541316509247
6970 0.2231482267379761
6980 0.22042615711689
6990 0.205448180437088
7000 0.1793191730976105
7010 0.2103284597396851
7020 0.1949970275163651
7030 0.2168369293212891
7040 0.2254715263843536
7050 0.2207167148590088
7060 0.2116573303937912
7070 0.2093585133552551
7080 0.2128996849060059
7090 0.215857058763504
7100 0.20982825756073
7110 0.1997528374195099
7120 0.1909470707178116
7130 0.1990518271923065
7140 0.1990738064050674
7150 0.2007827162742615
7160 0.1979746520519257
7170 0.2004620730876923
7180 0.2108452171087265
7190 0.2136547714471817
7200 0.2066565006971359
7210 0.2020931243896484
7220 0.1999855190515518
7230 0.1986829340457916
7240 0.1984426081180573
7250 0.1949058473110199
7260 0.2059395015239716
7270 0.2068729400634766
7280 0.2092956900596619
7290 0.2129025161266327
7300 0.2047850489616394
7310 0.2041472941637039
7320 0.2023038864135742
7330 0.222612589597702
7340 0.2329362034797668
7350 0.244174987077713
7360 0.2391165196895599
7370 0.2298199832439423
7380 0.228632926940918
7390 0.2288953959941864
7400 0.2249770611524582
7410 0.2154163122177124
7420 0.2278693914413452
7430 0.2116702347993851
7440 0.2155169248580933
7450 0.2006705403327942
7460 0.2008623778820038
7470 0.2253757417201996
7480 0.2223999798297882
7490 0.2253305613994598
7500 0.2352699786424637
7510 0.2297489494085312
7520 0.2049725949764252
7530 0.1849766373634338
7540 0.1998386383056641
7550 0.2160111963748932
7560 0.2147772610187531
7570 0.2097002267837524
7580 0.2146153599023819
7590 0.2132183611392975
7600 0.2203500717878342
7610 0.2246489524841309
7620 0.2181784063577652
7630 0.2008488029241562
7640 0.1988926380872726
7650 0.2151656448841095
7660 0.2103595584630966
7670 0.2004815638065338
7680 0.1899431049823761
7690 0.190155953168869
7700 0.2005842328071594
7710 0.2076235115528107
7720 0.205046221613884
7730 0.2024083286523819
7740 0.1989142298698425
7750 0.201719656586647
7760 0.2361689358949661
7770 0.2349583059549332
7780 0.2180449366569519
7790 0.2187447547912598
7800 0.226442739367485
7810 0.2262874245643616
7820 0.2156777828931808
7830 0.1918971687555313
7840 0.1958672404289246
7850 0.2353745251893997
7860 0.2410101890563965
7870 0.2162491828203201
7880 0.2013825178146362
7890 0.1978753805160522
7900 0.2017218023538589
7910 0.1963673084974289
7920 0.2222275733947754
7930 0.2046505361795425
7940 0.2104324102401733
7950 0.2329946160316467
7960 0.2325703352689743
7970 0.2288739830255508
7980 0.2359856516122818
7990 0.2230363488197327
8000 0.2104723155498505
8010 0.2137128114700317
8020 0.187428206205368
8030 0.1758068650960922
8040 0.1520704925060272
8050 0.1386814713478088
8060 0.1501079499721527
8070 0.1620470434427261
8080 0.2160921692848206
8090 0.195558562874794
8100 0.1898855268955231
8110 0.1821253597736359
8120 0.1828977912664413
8130 0.1964579522609711
8140 0.2078497111797333
8150 0.1762615293264389
8160 0.2211678028106689
8170 0.2191174924373627
8180 0.2266312837600708
8190 0.1867446601390839
8200 0.1682229042053223
8210 0.229603186249733
8220 0.2046352624893188
8230 0.1947177052497864
8240 0.1937506794929504
8250 0.2136577665805817
8260 0.2049619853496552
8270 0.2047816663980484
8280 0.2086399793624878
8290 0.2211840003728867
8300 0.2211665213108063
8310 0.2049182951450348
8320 0.2111352682113647
8330 0.2008217573165894
8340 0.1982250660657883
8350 0.2024888396263123
8360 0.2026602327823639
8370 0.2165388017892838
8380 0.217915952205658
8390 0.21141017973423
8400 0.2147228121757507
8410 0.2122965306043625
8420 0.1908800899982452
8430 0.1954705119132996
8440 0.1919299066066742
8450 0.2219649851322174
8460 0.1955020725727081
8470 0.184098869562149
8480 0.1842970103025436
8490 0.1753359735012054
8500 0.1940704584121704
8510 0.2242977172136307
8520 0.2047881036996841
8530 0.2271367609500885
8540 0.2198996692895889
8550 0.1924821436405182
8560 0.1909986436367035
8570 0.2247038930654526
8580 0.212345227599144
8590 0.1960629671812057
8600 0.1933413147926331
8610 0.2055303752422333
8620 0.2074468433856964
8630 0.2104147523641586
8640 0.2192244529724121
8650 0.2159039527177811
8660 0.2198630720376968
8670 0.2266311645507812
8680 0.2278306186199188
8690 0.2139987647533417
8700 0.2188066095113754
8710 0.2139728665351868
8720 0.2099446803331375
8730 0.1983474344015121
8740 0.208543062210083
8750 0.2107042521238327
8760 0.2088581323623657
8770 0.2031150013208389
8780 0.2035338580608368
8790 0.2037524431943893
8800 0.2062294781208038
8810 0.1960207372903824
8820 0.2049915045499802
8830 0.2020493745803833
8840 0.1955942809581757
8850 0.1967933177947998
8860 0.1994310021400452
8870 0.2049174606800079
8880 0.187252014875412
8890 0.2077432721853256
8900 0.213545173406601
8910 0.207100436091423
8920 0.1572421938180923
8930 0.1737859696149826
8940 0.1886184215545654
8950 0.1849805116653442
8960 0.2017254084348679
8970 0.2229941189289093
8980 0.21286341547966
8990 0.2034144997596741
9000 0.1988198757171631
9010 0.2098926454782486
9020 0.2308363616466522
9030 0.2081613391637802
9040 0.186959370970726
9050 0.1952891945838928
9060 0.2196915447711945
9070 0.2155683636665344
9080 0.2040062546730042
9090 0.205848217010498
9100 0.2087849080562592
9110 0.228970929980278
9120 0.2341645359992981
9130 0.2299542725086212
9140 0.2229828834533691
9150 0.2179128527641296
9160 0.2097639739513397
9170 0.2033002525568008
9180 0.1853967308998108
9190 0.1420605033636093
9200 0.1441823542118073
9210 0.1301115453243256
9220 0.1575429439544678
9230 0.1750068068504333
9240 0.1678735315799713
9250 0.1680601686239243
9260 0.1797194629907608
9270 0.2003954499959946
9280 0.2298095375299454
9290 0.2201524674892426
9300 0.2203912287950516
9310 0.2044398933649063
9320 0.1932004690170288
9330 0.1738977879285812
9340 0.1961512714624405
9350 0.2107206881046295
9360 0.1802791655063629
9370 0.1836385130882263
9380 0.2062443792819977
9390 0.2114509642124176
9400 0.2022065818309784
9410 0.1929473578929901
9420 0.2046467959880829
9430 0.2165818214416504
9440 0.2138817757368088
9450 0.2238186001777649
9460 0.2311161309480667
9470 0.2348792105913162
9480 0.2032806277275085
9490 0.2027252912521362
9500 0.211047887802124
9510 0.2156280875205994
9520 0.2160821557044983
9530 0.2103551030158997
9540 0.2039817869663239
9550 0.2152721434831619
9560 0.2263672202825546
9570 0.2234539091587067
9580 0.2090144753456116
9590 0.2061783820390701
9600 0.1829559504985809
9610 0.1684902012348175
9620 0.1674951314926147
9630 0.1855661869049072
9640 0.1803751736879349
9650 0.1866898536682129
9660 0.1964596807956696
9670 0.1940059959888458
9680 0.1903832852840424
9690 0.1972950100898743
9700 0.1969807296991348
9710 0.2147158682346344
9720 0.2165233492851257
9730 0.1631305664777756
9740 0.2019623667001724
9750 0.2218024134635925
9760 0.228191614151001
9770 0.2114472389221191
9780 0.2112447768449783
9790 0.2169523388147354
9800 0.2122328281402588
9810 0.213541567325592
9820 0.2310751229524612
9830 0.2184919267892838
9840 0.1916963160037994
9850 0.1917705982923508
9860 0.2031280845403671
9870 0.2158892750740051
9880 0.2267345190048218
9890 0.2295461446046829
9900 0.2115209102630615
9910 0.2135493606328964
9920 0.2238367199897766
9930 0.2252578735351562
9940 0.2168073654174805
9950 0.2124736607074738
9960 0.2108619511127472
9970 0.2076067924499512
9980 0.1954392492771149
9990 0.1427458673715591
10000 0.1574379950761795
10010 0.1514230668544769
10020 0.1867247670888901
10030 0.1531836241483688
10040 0.1681760549545288
10050 0.1938764154911041
10060 0.1921057999134064
10070 0.185428187251091
10080 0.1838822215795517
10090 0.207341194152832
10100 0.2170641869306564
10110 0.2177015542984009
10120 0.2265620827674866
10130 0.235739678144455
10140 0.2367019653320312
10150 0.2277904450893402
10160 0.2246839106082916
10170 0.242112010717392
10180 0.2176588177680969
10190 0.2008073329925537
10200 0.1943478882312775
10210 0.2018653005361557
10220 0.2143793702125549
10230 0.2053058594465256
10240 0.2089423537254333
10250 0.2054122686386108
10260 0.2294684201478958
10270 0.2180501222610474
10280 0.2087500393390656
10290 0.2173135429620743
10300 0.2198332697153091
10310 0.2172474563121796
10320 0.216255709528923
10330 0.2227344810962677
10340 0.219261035323143
10350 0.2123823910951614
10360 0.2108046114444733
10370 0.2128150463104248
10380 0.2156430184841156
10390 0.2158608138561249
10400 0.2154472917318344
10410 0.2132866084575653
10420 0.212365984916687
10430 0.2070900052785873
10440 0.21172796189785
10450 0.2143654078245163
10460 0.2006317526102066
10470 0.1964848637580872
10480 0.2115289270877838
10490 0.2256157696247101
10500 0.2252741605043411
10510 0.2256635278463364
10520 0.2383892089128494
10530 0.2400911301374435
10540 0.2395923435688019
10550 0.2224756330251694
10560 0.2190955281257629
10570 0.1861964613199234
10580 0.2085952460765839
10590 0.2110379934310913
10600 0.2361022233963013
10610 0.2249850630760193
10620 0.1985185444355011
10630 0.2219963073730469
10640 0.2214826345443726
10650 0.2181413471698761
10660 0.2135387063026428
10670 0.2205281108617783
10680 0.2139333486557007
10690 0.2218412607908249
10700 0.2056048512458801
10710 0.1952082514762878
10720 0.2126147001981735
10730 0.2165753543376923
10740 0.213113859295845
10750 0.2017552107572556
10760 0.2012748122215271
10770 0.2054290175437927
10780 0.203376293182373
10790 0.2003103792667389
10800 0.2023560702800751
10810 0.1980718076229095
10820 0.1612826287746429
10830 0.1570454835891724
10840 0.1844413876533508
10850 0.1813090741634369
10860 0.193551629781723
10870 0.2151480168104172
10880 0.1940755397081375
10890 0.2199676036834717
10900 0.2269173264503479
10910 0.2213650047779083
10920 0.2243895679712296
10930 0.2220066487789154
10940 0.1996354162693024
10950 0.2032321095466614
10960 0.204598069190979
10970 0.224710151553154
10980 0.2279052138328552
10990 0.2032511681318283
11000 0.2002730816602707
11010 0.1866450756788254
11020 0.1955765783786774
11030 0.1990858316421509
11040 0.2039137184619904
11050 0.2006452083587646
11060 0.2080147415399551
11070 0.232970729470253
11080 0.2223829180002213
11090 0.2106986343860626
11100 0.2181472480297089
11110 0.2116945683956146
11120 0.2129144370555878
11130 0.211996391415596
11140 0.2158070057630539
11150 0.2194371819496155
11160 0.2217839360237122
11170 0.2216768562793732
11180 0.209770679473877
11190 0.2024411708116531
11200 0.1848374456167221
11210 0.2295326441526413
11220 0.2137151956558228
11230 0.2163186967372894
11240 0.2153499871492386
11250 0.1990982592105865
11260 0.2070851624011993
11270 0.2093310654163361
11280 0.2025167047977448
11290 0.1959035843610764
11300 0.2197645455598831
11310 0.2115238308906555
11320 0.1862031519412994
11330 0.1960039734840393
11340 0.2137942165136337
11350 0.1896159648895264
11360 0.1799664199352264
11370 0.1726134717464447
11380 0.1781505346298218
11390 0.1847959458827972
11400 0.1952181458473206
11410 0.1989737749099731
11420 0.1902012676000595
11430 0.1952179074287415
11440 0.1973536461591721
11450 0.2105583101511002
11460 0.2265510261058807
11470 0.2216086089611053
11480 0.2203527987003326
11490 0.2054875195026398
11500 0.2066891342401505
11510 0.2080775499343872
11520 0.212914764881134
11530 0.2066464424133301
11540 0.2100174725055695
11550 0.2142454087734222
11560 0.2206960469484329
11570 0.2197896093130112
11580 0.2208278924226761
11590 0.2160697281360626
11600 0.1919392943382263
11610 0.2019869685173035
11620 0.215496152639389
11630 0.2220984697341919
11640 0.2312096357345581
11650 0.2110352665185928
11660 0.2153220623731613
11670 0.2224796116352081
11680 0.1890058517456055
11690 0.1987482160329819
11700 0.2267133891582489
11710 0.2447189390659332
11720 0.2442217767238617
11730 0.2195985913276672
11740 0.1964956969022751
11750 0.1995886117219925
11760 0.217385396361351
11770 0.2020311951637268
11780 0.176632359623909
11790 0.1799780279397964
11800 0.1904778331518173
11810 0.204459622502327
11820 0.1883283257484436
11830 0.1997242122888565
11840 0.2174253612756729
11850 0.2206991761922836
11860 0.2190281748771667
11870 0.2114915251731873
11880 0.2025417983531952
11890 0.2030190825462341
11900 0.2070679068565369
11910 0.2019381374120712
11920 0.2056950926780701
11930 0.198375016450882
11940 0.2159051299095154
11950 0.2311370372772217
11960 0.2237404733896255
11970 0.2220503836870193
11980 0.2244500666856766
11990 0.2163251340389252
12000 0.214288741350174
12010 0.2128895670175552
12020 0.2279260456562042
12030 0.198944553732872
12040 0.195729672908783
12050 0.2135308533906937
12060 0.2258608788251877
12070 0.2274083644151688
12080 0.2278294861316681
12090 0.2210540622472763
12100 0.2171830534934998
12110 0.1898898929357529
12120 0.1828874945640564
12130 0.2121764421463013
12140 0.2311859428882599
12150 0.2058169990777969
12160 0.2176100611686707
12170 0.2194197177886963
12180 0.2166906893253326
12190 0.223650187253952
12200 0.2353792637586594
12210 0.2360601425170898
12220 0.2139411270618439
12230 0.195702850818634
12240 0.2069075852632523
12250 0.2196773290634155
12260 0.2138473391532898
12270 0.2187795490026474
12280 0.2176812440156937
12290 0.2163733243942261
12300 0.2238895893096924
12310 0.2174582183361053
12320 0.2170594930648804
12330 0.2238202691078186
12340 0.2204966992139816
12350 0.2301080822944641
12360 0.2141496241092682
12370 0.2115823030471802
12380 0.2196876108646393
12390 0.2098747491836548
12400 0.1982592642307281
12410 0.2075025588274002
12420 0.2137813866138458
12430 0.1992568671703339
12440 0.2116151750087738
12450 0.2161059677600861
12460 0.2160129547119141
12470 0.2205181419849396
12480 0.234839141368866
12490 0.2309876084327698
12500 0.2353827953338623
12510 0.237470731139183
12520 0.2238861322402954
12530 0.2102583944797516
12540 0.2007119357585907
12550 0.2388578057289124
12560 0.2385995984077454
12570 0.2253546416759491
12580 0.22883240878582
12590 0.2088674306869507
12600 0.2065980434417725
12610 0.2124594449996948
12620 0.219129890203476
12630 0.2211730033159256
12640 0.2105947583913803
12650 0.2058955132961273
12660 0.2320663630962372
12670 0.22495336830616
12680 0.2442690879106522
12690 0.2293822765350342
12700 0.2185012251138687
12710 0.2255347818136215
12720 0.206033319234848
12730 0.2176206856966019
12740 0.2231386452913284
12750 0.216055616736412
12760 0.1966975927352905
12770 0.2259151041507721
12780 0.2342933714389801
12790 0.2236449718475342
12800 0.1922221332788467
12810 0.2233388870954514
12820 0.2289650738239288
12830 0.2236101627349854
12840 0.2215242832899094
12850 0.2215084880590439
12860 0.1984779387712479
12870 0.2000571042299271
12880 0.1591421365737915
12890 0.1833531409502029
12900 0.2083690017461777
12910 0.2170548439025879
12920 0.137469545006752
12930 0.1415122449398041
12940 0.1615170836448669
12950 0.1760650426149368
12960 0.1953303813934326
12970 0.1932068765163422
12980 0.1993619948625565
12990 0.204290509223938
13000 0.1970423012971878
13010 0.1975103169679642
13020 0.202168345451355
13030 0.2033407986164093
13040 0.210809201002121
13050 0.2143162935972214
13060 0.213813528418541
13070 0.233608290553093
13080 0.2239108234643936
13090 0.2148270457983017
13100 0.2119935154914856
13110 0.212904304265976
13120 0.222583070397377
13130 0.2170298844575882
13140 0.1970965713262558
13150 0.2075593173503876
13160 0.2126719355583191
13170 0.2054979652166367
13180 0.2047010362148285
13190 0.2064924538135529
13200 0.2141335606575012
13210 0.2166681438684464
13220 0.2171322405338287
13230 0.2085371166467667
13240 0.2108839750289917
13250 0.2103161513805389
13260 0.2028041630983353
13270 0.2301101386547089
13280 0.2385468780994415
13290 0.2369794845581055
13300 0.2341094166040421
13310 0.1994226574897766
13320 0.1691394150257111
13330 0.1937881410121918
13340 0.2341358661651611
13350 0.186901718378067
13360 0.2316844761371613
13370 0.2481451332569122
13380 0.2497220486402512
13390 0.2435449659824371
13400 0.2219723165035248
13410 0.1996661573648453
13420 0.2129685282707214
13430 0.2144136875867844
13440 0.2083864808082581
13450 0.1955665051937103
13460 0.2041559368371964
13470 0.1945463716983795
13480 0.2014825940132141
13490 0.2095505595207214
13500 0.2082834541797638
13510 0.2353810369968414
13520 0.2334469854831696
13530 0.2316955626010895
13540 0.2195573300123215
13550 0.224969208240509
13560 0.2284387648105621
13570 0.2180703431367874
13580 0.2285940647125244
13590 0.2447909265756607
13600 0.2445574253797531
13610 0.2380661517381668
13620 0.2360840141773224
13630 0.2291420251131058
13640 0.1641082167625427
13650 0.1818716078996658
13660 0.201541543006897
13670 0.1878924965858459
13680 0.2055554091930389
13690 0.213189423084259
13700 0.2127233594655991
13710 0.178509309887886
13720 0.224543035030365
13730 0.2218154668807983
13740 0.1918423622846603
13750 0.2242691367864609
13760 0.2470210194587708
13770 0.2423308789730072
13780 0.2189487218856812
13790 0.2068699598312378
13800 0.2092586010694504
6210 0.2158366441726685
6220 0.2113898396492004
6230 0.2043397128582001
6240 0.2047298103570938
6250 0.2259649932384491
6260 0.194721058011055
6270 0.2073819488286972
6280 0.2172880917787552
6290 0.1964571475982666
6300 0.1990732848644257
6310 0.2045717537403107
6320 0.2261409908533096
6330 0.1991902142763138
6340 0.1960070580244064
6350 0.1761755347251892
6360 0.1850752979516983
6370 0.193596214056015
6380 0.1757854819297791
6390 0.1858919858932495
6400 0.1960633844137192
6410 0.1991084218025208
6420 0.204573929309845
6430 0.2115053534507751
6440 0.1951958537101746
6450 0.1922779381275177
6460 0.1944046020507812
6470 0.2027127742767334
6480 0.2172902822494507
6490 0.2170464843511581
6500 0.1907502412796021
6510 0.1952611804008484
6520 0.2023694068193436
6530 0.2097808867692947
6540 0.2169351875782013
6550 0.2128733396530151
6560 0.2017176896333694
6570 0.1977128237485886
6580 0.194118544459343
6590 0.183921754360199
6600 0.1937330812215805
6610 0.1935902237892151
6620 0.1920603066682816
6630 0.1917433738708496
6640 0.1920910179615021
6650 0.1948430389165878
6660 0.1969630122184753
6670 0.1900426745414734
6680 0.1827153265476227
6690 0.1876264065504074
6700 0.1974578350782394
6710 0.2015831768512726
6720 0.2031686902046204
6730 0.1998611092567444
6740 0.2007961869239807
6750 0.207650825381279
6760 0.2176950722932816
6770 0.2008284479379654
6780 0.2123101353645325
6790 0.2169863879680634
6800 0.2062281668186188
0 0.1922439336776733
10 0.1930058300495148
20 0.1953902095556259
30 0.1988469958305359
40 0.1936524510383606
50 0.1888339817523956
60 0.1888500452041626
70 0.1890099048614502
80 0.1875360161066055
90 0.1858780831098557
100 0.1847426891326904
110 0.1837467849254608
120 0.1826017200946808
130 0.1815529763698578
140 0.1810280680656433
150 0.1811324506998062
160 0.1821402311325073
170 0.1841082870960236
180 0.1861497759819031
190 0.1871747225522995
200 0.1873704046010971
210 0.187386155128479
220 0.1872632503509521
230 0.1865749806165695
240 0.1858621388673782
250 0.1856472194194794
260 0.1863043457269669
270 0.1871692687273026
280 0.1872900873422623
290 0.1865051537752151
300 0.1842491775751114
310 0.1806811690330505
320 0.1780455410480499
330 0.1776467114686966
340 0.1796040087938309
350 0.1822056323289871
360 0.1854169070720673
370 0.1939227283000946
380 0.2067710012197495
390 0.2024085074663162
400 0.1935806125402451
410 0.1871016025543213
420 0.1249283254146576
430 0.07352319359779358
440 0.1097903847694397
450 0.1480811685323715
460 0.1730207800865173
470 0.1884971857070923
480 0.1876644492149353
490 0.1503065079450607
500 0.1611887961626053
510 0.1247216686606407
520 0.08737422525882721
530 0.1019977331161499
540 0.1215038597583771
550 0.1257302910089493
560 0.1250256299972534
570 0.1567077338695526
580 0.1446577608585358
590 0.1857142001390457
600 0.2377604395151138
610 0.2393176704645157
620 0.2440589666366577
630 0.2073930650949478
640 0.1446902751922607
650 0.1652533411979675
660 0.1500509232282639
670 0.1422100961208344
680 0.1576781570911407
690 0.1803271323442459
700 0.1766462028026581
710 0.1407628655433655
720 0.09596940129995346
730 0.03944819420576096
740 0.05415963754057884
750 0.09100649505853653
760 0.1218237206339836
770 0.1139089465141296
780 0.1358024477958679
790 0.1490232944488525
800 0.1548298895359039
810 0.1601900160312653
820 0.1496230065822601
830 0.1416966766119003
840 0.1390803307294846
850 0.1454158425331116
860 0.1248436570167542
870 0.1034978777170181
880 0.130004420876503
890 0.1529219597578049
900 0.1533447206020355
910 0.1682510375976562
920 0.1789891719818115
930 0.1511572450399399
940 0.1429150402545929
950 0.142783910036087
960 0.1529292166233063
970 0.1634860038757324
980 0.1677460223436356
990 0.1551294773817062
1000 0.1428432911634445
1010 0.1149970591068268
1020 0.0678170919418335
1030 0.1206411272287369
1040 0.1938577592372894
1050 0.1986742913722992
1060 0.2026202529668808
1070 0.1897339522838593
1080 0.1656155288219452
1090 0.1554614007472992
1100 0.1717546433210373
1110 0.1758885383605957
1120 0.1721111983060837
1130 0.1765088886022568
1140 0.1726967245340347
1150 0.1255429834127426
1160 0.1646437495946884
1170 0.1575703322887421
1180 0.1557752788066864
1190 0.1599583923816681
1200 0.1583399474620819
1210 0.1418996900320053
1220 0.1431957930326462
1230 0.1415499150753021
1240 0.1296053826808929
1250 0.1338215321302414
1260 0.1622546911239624
1270 0.1636558771133423
1280 0.1885585635900497
1290 0.1750789880752563
1300 0.1450003534555435
1310 0.1863421052694321
1320 0.158253937959671
1330 0.1734967827796936
1340 0.1576580703258514
1350 0.1484831571578979
1360 0.1558701246976852
1370 0.1455912590026855
1380 0.157434493303299
1390 0.1697132289409637
1400 0.1579498052597046
1410 0.1698411107063293
1420 0.1587543785572052
1430 0.1588703095912933
1440 0.1420485228300095
1450 0.1634510159492493
1460 0.1685682237148285
1470 0.1859219819307327
1480 0.1906560361385345
1490 0.1895457208156586
1500 0.1903899013996124
1510 0.1914708018302917
1520 0.187878355383873
1530 0.180708572268486
1540 0.1786707788705826
1550 0.1799536943435669
1560 0.1800357699394226
1570 0.1860403418540955
1580 0.1810801327228546
1590 0.1821464598178864
1600 0.1833925843238831
1610 0.1837493032217026
1620 0.1846201717853546
1630 0.1861919909715652
1640 0.1946073770523071
1650 0.1749734282493591
1660 0.2039345800876617
1670 0.2011350244283676
1680 0.1940426379442215
1690 0.1971235722303391
1700 0.1966995298862457
1710 0.1985458135604858
1720 0.2023924440145493
1730 0.1987393796443939
1740 0.2098347693681717
1750 0.2094842493534088
1760 0.2110578119754791
1770 0.2334800362586975
1780 0.2276767790317535
1790 0.2019597440958023
1800 0.2097020000219345
1810 0.2099307328462601
1820 0.2039443105459213
1830 0.1932216137647629
1840 0.2234223037958145
1850 0.2401378899812698
1860 0.2344189584255219
1870 0.2134353965520859
1880 0.2307299673557281
1890 0.2202576398849487
1900 0.2309875935316086
1910 0.2367226332426071
1920 0.2169092148542404
1930 0.2173104882240295
1940 0.2098773419857025
1950 0.2156752794981003
1960 0.2248206734657288
1970 0.2276477813720703
1980 0.2311418056488037
1990 0.2244918495416641
2000 0.2254463732242584
2010 0.2268109321594238
2020 0.224949985742569
2030 0.2244380414485931
2040 0.2262085825204849
2050 0.228796049952507
2060 0.2138437926769257
2070 0.2172221392393112
2080 0.2183392345905304
2090 0.2077714502811432
2100 0.2171666920185089
2110 0.2247104495763779
2120 0.207382008433342
2130 0.2008492201566696
2140 0.2044245600700378
2150 0.2056648880243301
2160 0.2007481008768082
2170 0.2075498849153519
2180 0.209454208612442
2190 0.1818382889032364
2200 0.1966235935688019
2210 0.1837523877620697
2220 0.1656447947025299
2230 0.1973135471343994
2240 0.1949191987514496
2250 0.2030425816774368
2260 0.2011991441249847
2270 0.1976245939731598
2280 0.1982785165309906
2290 0.2001518756151199
2300 0.1981019824743271
2310 0.2027828246355057
2320 0.1945725828409195
2330 0.1991588324308395
2340 0.1921027004718781
2350 0.1953310072422028
2360 0.2007333338260651
2370 0.2066145390272141
2380 0.1997796446084976
2390 0.1972485184669495
2400 0.2097710222005844
2410 0.194391205906868
2420 0.2195919007062912
2430 0.2206737846136093
2440 0.1946335434913635
2450 0.1979814022779465
2460 0.2048060595989227
2470 0.2209447771310806
2480 0.202182412147522
2490 0.1685869544744492
2500 0.1981484889984131
2510 0.1655618250370026
2520 0.1654813885688782
2530 0.1818303167819977
2540 0.186624750494957
2550 0.1748820692300797
2560 0.1601841151714325
2570 0.1711301207542419
2580 0.1771886050701141
2590 0.2003909051418304
2600 0.2422495484352112
2610 0.2380502372980118
2620 0.231628954410553
2630 0.2134424448013306
2640 0.222758874297142
2650 0.1948111653327942
2660 0.1774651110172272
2670 0.1856984347105026
2680 0.1833880990743637
2690 0.2105671912431717
2700 0.2211024761199951
2710 0.2296730428934097
2720 0.2159818708896637
2730 0.2016115486621857
2740 0.1764003038406372
2750 0.2131923288106918
2760 0.1883393377065659
2770 0.1805959045886993
2780 0.1637367904186249
2790 0.1659651845693588
2800 0.1801605522632599
2810 0.1836752742528915
2820 0.1941837221384048
2830 0.2014383673667908
2840 0.1786327809095383
2850 0.1778115928173065
2860 0.2013951390981674
2870 0.2022077739238739
2880 0.2046526819467545
2890 0.1936855167150497
2900 0.1834257543087006
2910 0.167437806725502
2920 0.1735690087080002
2930 0.1844261139631271
2940 0.2017837464809418
2950 0.1965333670377731
2960 0.1523665189743042
2970 0.1589653342962265
2980 0.1930505782365799
2990 0.2218920290470123
3000 0.199437141418457
3010 0.1982368528842926
3020 0.1891863346099854
3030 0.186384916305542
3040 0.1959746778011322
3050 0.2117427885532379
3060 0.2140240222215652
3070 0.2065063118934631
3080 0.2027536630630493
3090 0.2054657489061356
3100 0.1946864724159241
3110 0.1675932705402374
3120 0.178369328379631
3130 0.1809060722589493
3140 0.1841221749782562
3150 0.1735589355230331
3160 0.1710284948348999
3170 0.1669946610927582
3180 0.1804874092340469
3190 0.2044318914413452
3200 0.1941738724708557
3210 0.1877298951148987
3220 0.1885430365800858
3230 0.1921577900648117
3240 0.1884926557540894
3250 0.1909002959728241
3260 0.1880077123641968
3270 0.173721581697464
3280 0.1712006628513336
3290 0.1714566349983215
3300 0.1711218357086182
3310 0.1934538334608078
3320 0.1987797766923904
3330 0.2045749127864838
3340 0.190427154302597
3350 0.2174518704414368
3360 0.2173236459493637
3370 0.2036721706390381
3380 0.2166673094034195
3390 0.2170206755399704
3400 0.1798115372657776
3410 0.1731811612844467
3420 0.187629297375679
3430 0.1979635655879974
3440 0.2165885418653488
3450 0.2126354277133942
3460 0.2126905024051666
3470 0.2209112793207169
3480 0.2254371047019958
3490 0.201107382774353
3500 0.1825015991926193
3510 0.1837311387062073
3520 0.1832374632358551
3530 0.1843360960483551
3540 0.191570520401001
3550 0.1905198097229004
3560 0.1875830292701721
3570 0.1922778934240341
3580 0.1956935822963715
3590 0.1976511776447296
3600 0.2103642523288727
3610 0.2136098146438599
3620 0.205453634262085
3630 0.2008875906467438
3640 0.1984103620052338
3650 0.2007938623428345
3660 0.1985352635383606
3670 0.2037399262189865
3680 0.2088252305984497
3690 0.2053318619728088
3700 0.2019367069005966
3710 0.200489267706871
3720 0.2059241384267807
3730 0.1939902156591415
3740 0.2122865617275238
3750 0.2073686718940735
3760 0.1944095194339752
3770 0.1822356283664703
3780 0.1864552646875381
3790 0.1914635896682739
3800 0.194498285651207
3810 0.1897594779729843
3820 0.193252220749855
3830 0.194276824593544
3840 0.1980734616518021
3850 0.199718251824379
3860 0.1980979889631271
3870 0.1949191689491272
3880 0.206831157207489
3890 0.2170964032411575
3900 0.2049100697040558
3910 0.2031312882900238
3920 0.210576057434082
3930 0.2022778689861298
3940 0.1515068560838699
3950 0.1622725129127502
3960 0.1747304946184158
3970 0.1736369729042053
3980 0.1904379278421402
3990 0.1920196264982224
4000 0.201884388923645
4010 0.234060525894165
4020 0.2189028561115265
4030 0.2234229147434235
4040 0.2036238163709641
4050 0.1958926618099213
4060 0.19527567923069
4070 0.1865087151527405
4080 0.2035335600376129
4090 0.2176534831523895
4100 0.1945521384477615
4110 0.1872242391109467
4120 0.1890052407979965
4130 0.2006873041391373
4140 0.1963554918766022
4150 0.1911606192588806
4160 0.1908640265464783
4170 0.1862125247716904
4180 0.1969168782234192
4190 0.1884642243385315
4200 0.1894043385982513
4210 0.1878766715526581
4220 0.1808243989944458
4230 0.1788157671689987
4240 0.1781299710273743
4250 0.1792718470096588
4260 0.1986798495054245
4270 0.2000110894441605
4280 0.1934918016195297
4290 0.1992147862911224
4300 0.1915550529956818
4310 0.1844384074211121
4320 0.1789659410715103
4330 0.1431462317705154
4340 0.1367695331573486
4350 0.1623108834028244
4360 0.1824148893356323
4370 0.2141543328762054
4380 0.1989288330078125
4390 0.1801552027463913
4400 0.2172729671001434
4410 0.2130413353443146
4420 0.2130006551742554
4430 0.2129146754741669
4440 0.213952973484993
4450 0.179723396897316
4460 0.1848246157169342
4470 0.1941729485988617
4480 0.2143359482288361
4490 0.2221447676420212
4500 0.2121932506561279
4510 0.2089202105998993
4520 0.2158794105052948
4530 0.2258672267198563
4540 0.2245902568101883
4550 0.2284326702356339
4560 0.1981832385063171
4570 0.2022851407527924
4580 0.2091724127531052
4590 0.1930398792028427
4600 0.1936729252338409
4610 0.217602863907814
4620 0.2129837572574615
4630 0.1852950900793076
4640 0.203831672668457
4650 0.2240971475839615
4660 0.2314118146896362
4670 0.2266753911972046
4680 0.2169474065303802
4690 0.2076806426048279
4700 0.171289786696434
4710 0.1795372813940048
4720 0.1809346526861191
4730 0.1924419105052948
4740 0.1942587792873383
4750 0.1996006667613983
4760 0.1947044134140015
4770 0.2041958868503571
4780 0.2192652970552444
4790 0.2076701372861862
4800 0.193458154797554
4810 0.1905642747879028
4820 0.1911153942346573
4830 0.1903066337108612
4840 0.1874751448631287
4850 0.1834452450275421
4860 0.1576613187789917
4870 0.1933570206165314
4880 0.1965462267398834
4890 0.1876431107521057
4900 0.1890548914670944
4910 0.2067038863897324
4920 0.2144059687852859
4930 0.1893893480300903
4940 0.1896892189979553
4950 0.2020608484745026
4960 0.2083484381437302
4970 0.2236777544021606
4980 0.2374301552772522
4990 0.209318220615387
5000 0.2054895609617233
5010 0.2303750962018967
5020 0.2384382635354996
5030 0.2277552783489227
5040 0.1859335601329803
5050 0.1883366703987122
5060 0.183822900056839
5070 0.1883563548326492
5080 0.1914187669754028
5090 0.2167535573244095
5100 0.2297781854867935
5110 0.2334623634815216
5120 0.2132775336503983
5130 0.1868872344493866
5140 0.1988301575183868
5150 0.2170243710279465
5160 0.2118742167949677
5170 0.2098433971405029
5180 0.2117469161748886
5190 0.218741312623024
5200 0.2136386632919312
5210 0.213677704334259
5220 0.2132989466190338
5230 0.2152048945426941
5240 0.2077178955078125
5250 0.1979789584875107
5260 0.2009722590446472
5270 0.1990585476160049
5280 0.1985801160335541
5290 0.1883653104305267
5300 0.2029713690280914
5310 0.2227734923362732
5320 0.2214652299880981
5330 0.2190633863210678
5340 0.198980450630188
5350 0.2172792702913284
5360 0.2168795466423035
5370 0.2114497274160385
5380 0.2005870938301086
5390 0.1991780251264572
5400 0.2023287415504456
5410 0.209926649928093
5420 0.2146767228841782
5430 0.204549252986908
5440 0.2027048766613007
5450 0.2103530168533325
5460 0.2132613956928253
5470 0.2116313576698303
5480 0.2170174717903137
5490 0.2163207232952118
5500 0.2066241651773453
5510 0.2062497437000275
5520 0.211608812212944
5530 0.2179888486862183
5540 0.213493138551712
5550 0.2094490826129913
5560 0.2099315077066422
5570 0.2098067700862885
5580 0.2210062444210052
5590 0.2019678950309753
5600 0.1710165143013
5610 0.1796039789915085
5620 0.2099012583494186
5630 0.2005507946014404
5640 0.1903145909309387
5650 0.2206240594387054
5660 0.2011926919221878
5670 0.2053188979625702
5680 0.2225417345762253
5690 0.2231550216674805
5700 0.2303605377674103
5710 0.2308499217033386
5720 0.2234825789928436
5730 0.1666723340749741
5740 0.2018977403640747
5750 0.2337945997714996
5760 0.2309816777706146
5770 0.2312183976173401
5780 0.2302516549825668
5790 0.2310387194156647
5800 0.2311228960752487
5810 0.2258674204349518
5820 0.2159079313278198
5830 0.219525009393692
5840 0.1934980452060699
5850 0.1812815219163895
5860 0.1697166115045547
5870 0.189485028386116
5880 0.2397574037313461
5890 0.2376654148101807
5900 0.2289433181285858
5910 0.1726631969213486
5920 0.151652529835701
5930 0.1448867321014404
5940 0.1661486178636551
5950 0.1702297180891037
5960 0.1973222494125366
5970 0.1928435564041138
5980 0.1989175975322723
5990 0.2017475515604019
6000 0.1934445351362228
6010 0.2166443765163422
6020 0.2062298953533173
6030 0.1928508430719376
6040 0.1831278204917908
6050 0.1954556852579117
6060 0.1798117756843567
6070 0.181934654712677
6080 0.1617034822702408
6090 0.1695201843976974
6100 0.1898127198219299
6110 0.1733225435018539
6120 0.1830292791128159
6130 0.1869337558746338
6140 0.1660459786653519
6150 0.2035064250230789
6160 0.2175558805465698
6170 0.213958814740181
6180 0.2107845842838287
6190 0.2097778618335724
6200 0.2150338590145111
6230 0.2043397277593613
6260 0.1947210431098938
6280 0.2172881066799164
6290 0.1964571624994278
6300 0.1990732699632645
6310 0.2045717388391495
6330 0.199190229177475
6340 0.1960069984197617
