"Time Step" "point-ho-e"
20410 0.09063863754272461
20420 0.09150406718254089
20430 0.09290570020675659
20440 0.09893141686916351
20450 0.1076548025012016
20460 0.1062085777521133
20470 0.105768196284771
20480 0.1060626655817032
20490 0.1016491577029228
20500 0.1025758236646652
20510 0.1017124280333519
20520 0.09406625479459763
20530 0.09413066506385803
20540 0.07948267459869385
20550 0.08744941651821136
20560 0.08786393702030182
20570 0.08769068121910095
20580 0.1005809158086777
20590 0.1088798642158508
20600 0.1049193143844604
20610 0.1018916592001915
20620 0.09763672947883606
20630 0.1019664704799652
20640 0.1030764803290367
20650 0.1043140888214111
20660 0.1006164029240608
20670 0.1006838083267212
20680 0.1064749360084534
20690 0.1137847453355789
20700 0.1113245859742165
20710 0.1030686944723129
20720 0.09059014916419983
20730 0.0974210649728775
20740 0.1010081991553307
20750 0.1029451861977577
20760 0.1026850119233131
20770 0.09535610675811768
20780 0.09316107630729675
20790 0.09698504209518433
20800 0.1056221723556519
20810 0.1041500568389893
20820 0.09563995152711868
20830 0.09588047862052917
20840 0.09696277230978012
20850 0.09965848177671432
20860 0.09913612902164459
20870 0.1018297076225281
20880 0.1034879833459854
20890 0.1028987467288971
20900 0.1002198308706284
20910 0.1000892966985703
20920 0.09730390459299088
20930 0.09807898849248886
20940 0.1000883430242538
20950 0.08543680608272552
20960 0.07910133898258209
20970 0.08512372523546219
20980 0.08851213008165359
20990 0.09509237110614777
21000 0.09835061430931091
21010 0.1029431447386742
21020 0.1064330339431763
21030 0.103850856423378
21040 0.1000559255480766
21050 0.09622465074062347
21060 0.09567369520664215
21070 0.09796994924545288
21080 0.1021139919757843
21090 0.1000936180353165
21100 0.1004389598965645
21110 0.1000943928956985
21120 0.09499941766262054
21130 0.09300340712070465
21140 0.1002983301877975
21150 0.1072557866573334
21160 0.1049749702215195
21170 0.1069141924381256
21180 0.1062122881412506
21190 0.1057836636900902
21200 0.1057639867067337
21210 0.1111213862895966
21220 0.1087091416120529
21230 0.1014569699764252
21240 0.09827303886413574
21250 0.1031452268362045
21260 0.1089451238512993
21270 0.1131438314914703
21280 0.1118829771876335
21290 0.1055265665054321
21300 0.1003779992461205
21310 0.1023600250482559
21320 0.1065911129117012
21330 0.1054703742265701
21340 0.1027222126722336
21350 0.10012336820364
21360 0.0969604104757309
21370 0.09550660848617554
21380 0.1053310111165047
21390 0.09976132959127426
21400 0.08425956964492798
21410 0.09375730156898499
21420 0.1023264080286026
21430 0.1061560288071632
21440 0.1074685454368591
21450 0.1103546544909477
21460 0.1149711012840271
21470 0.1148135960102081
21480 0.1169751584529877
21490 0.1146479472517967
21500 0.1109137833118439
21510 0.1024125590920448
21520 0.1098060011863708
21530 0.112182229757309
21540 0.1112490743398666
21550 0.1092303991317749
21560 0.08982876688241959
21570 0.09520562738180161
21580 0.09730823338031769
21590 0.09796581417322159
21600 0.09867490828037262
21610 0.1065447777509689
21620 0.1051746904850006
21630 0.1012139469385147
21640 0.1144038587808609
21650 0.1053307801485062
21660 0.09625115990638733
21670 0.1053773611783981
21680 0.09179697185754776
21690 0.08010470122098923
21700 0.08860175311565399
21710 0.1015927791595459
21720 0.1132399886846542
21730 0.1118579134345055
21740 0.1092880219221115
21750 0.1121845096349716
21760 0.1115592271089554
21770 0.09535099565982819
21780 0.09746061265468597
21790 0.09488129615783691
21800 0.09225505590438843
21810 0.09496316313743591
21820 0.09446193277835846
21830 0.09163333475589752
21840 0.09139813482761383
21850 0.09798219799995422
21860 0.0976494625210762
21870 0.09596225619316101
21880 0.09932863712310791
21890 0.1019441783428192
21900 0.1018454059958458
21910 0.1006579548120499
21920 0.1018034890294075
21930 0.1016658246517181
21940 0.1022165864706039
21950 0.1051071733236313
21960 0.1004760265350342
21970 0.1015566140413284
21980 0.1094812303781509
21990 0.1035762652754784
22000 0.1028857529163361
22010 0.1044930070638657
22020 0.1061059832572937
22030 0.1051731109619141
22040 0.1031823009252548
22050 0.1085294559597969
22060 0.1034116223454475
22070 0.09932848066091537
22080 0.09682199358940125
22090 0.09306899458169937
22100 0.0921073779463768
22110 0.09216122329235077
22120 0.09779435396194458
22130 0.1011610999703407
22140 0.1012883707880974
22150 0.09908655285835266
22160 0.0978703498840332
22170 0.09758871048688889
22180 0.09295004606246948
22190 0.09342050552368164
22200 0.09040194749832153
22210 0.08536861836910248
22220 0.09023970365524292
22230 0.09641297161579132
22240 0.1086629182100296
22250 0.1061032488942146
22260 0.0927504301071167
22270 0.09133467823266983
22280 0.09122583270072937
22290 0.09282457828521729
22300 0.09935007989406586
22310 0.1020655333995819
22320 0.1025663465261459
22330 0.1082095056772232
22340 0.1089887768030167
22350 0.09998710453510284
22360 0.1028318777680397
22370 0.09895439445972443
22380 0.1006225794553757
22390 0.1027123108506203
22400 0.09482989460229874
22410 0.07945312559604645
22420 0.07767343521118164
22430 0.094304159283638
22440 0.1070831716060638
22450 0.09918728470802307
22460 0.1000915914773941
22470 0.1089152246713638
22480 0.1094094961881638
22490 0.09784595668315887
22500 0.07990638166666031
22510 0.08759216964244843
22520 0.0893627256155014
22530 0.09463342279195786
22540 0.1028001382946968
22550 0.1058661788702011
22560 0.1018281131982803
22570 0.1032137274742126
22580 0.103909932076931
22590 0.1123315840959549
22600 0.09583059698343277
22610 0.08959400653839111
22620 0.08180651068687439
22630 0.08255745470523834
22640 0.08703839033842087
22650 0.08656854927539825
22660 0.08707360178232193
22670 0.09591639041900635
22680 0.1075440049171448
22690 0.1047938466072083
22700 0.1040329411625862
22710 0.1013995260000229
22720 0.1001880168914795
22730 0.0981002151966095
22740 0.102893128991127
22750 0.1110105067491531
22760 0.1097931861877441
22770 0.1047432124614716
22780 0.1009493544697762
22790 0.1029968932271004
22800 0.1033745259046555
22810 0.1019343957304955
22820 0.10678830742836
22830 0.107960969209671
22840 0.105119064450264
22850 0.1052097529172897
22860 0.1026900485157967
22870 0.09819462895393372
22880 0.09911896288394928
22890 0.1037350296974182
22900 0.1033533811569214
22910 0.1035376936197281
22920 0.1022816747426987
22930 0.09906464070081711
22940 0.09820012748241425
22950 0.09894464910030365
22960 0.1030976921319962
22970 0.09692053496837616
22980 0.08846301585435867
22990 0.09409283846616745
23000 0.09141027927398682
23010 0.1047651171684265
23020 0.08636217564344406
23030 0.09171763807535172
23040 0.09794090688228607
23050 0.09207247197628021
23060 0.08946852385997772
23070 0.07640363276004791
23080 0.09033343195915222
23090 0.0875624418258667
23100 0.09039600193500519
23110 0.09993796795606613
23120 0.1092013716697693
23130 0.1057229787111282
23140 0.1008896827697754
23150 0.09403929114341736
23160 0.09663669019937515
23170 0.09961095452308655
23180 0.1067959666252136
23190 0.09700217843055725
23200 0.09765499830245972
23210 0.09977998584508896
23220 0.106957420706749
23230 0.1072751134634018
23240 0.09904853999614716
23250 0.1007447391748428
23260 0.1062450632452965
23270 0.09846866875886917
23280 0.1008044332265854
23290 0.1053331345319748
23300 0.09622398018836975
23310 0.09811776876449585
23320 0.1052838340401649
23330 0.1097999066114426
23340 0.1024585366249084
23350 0.09951836615800858
23360 0.1012519598007202
23370 0.1024568825960159
23380 0.1034089177846909
23390 0.09637606143951416
23400 0.09108295291662216
23410 0.09400039911270142
23420 0.09055618196725845
23430 0.08881440758705139
23440 0.09865595400333405
23450 0.1021786034107208
23460 0.1027929037809372
23470 0.1067725047469139
23480 0.1118551567196846
23490 0.1157629936933517
23500 0.1034057289361954
23510 0.09210173040628433
23520 0.1054087430238724
23530 0.1152928248047829
23540 0.1136314421892166
23550 0.1134687662124634
23560 0.1145967841148376
23570 0.1115138679742813
23580 0.1056546717882156
23590 0.101307176053524
23600 0.1033219769597054
23610 0.1010270342230797
23620 0.0963151827454567
23630 0.09844246506690979
23640 0.1071355789899826
23650 0.1001167744398117
23660 0.1030062437057495
23670 0.1092565506696701
23680 0.1084632277488708
23690 0.08237683773040771
23700 0.05838019400835037
23710 0.07855775207281113
23720 0.09748567640781403
23730 0.1027751564979553
23740 0.1020812913775444
23750 0.09822696447372437
23760 0.08800873160362244
23770 0.08708804845809937
23780 0.0948944091796875
23790 0.1017531827092171
23800 0.1057460531592369
23810 0.1030069142580032
23820 0.09593068063259125
23830 0.08364011347293854
23840 0.09418806433677673
23850 0.1042407229542732
23860 0.1030614674091339
23870 0.1013921499252319
23880 0.1009600907564163
23890 0.1048295646905899
23900 0.1068048775196075
23910 0.1102908402681351
23920 0.1049036830663681
23930 0.1034399121999741
23940 0.1033883988857269
23950 0.1058756858110428
23960 0.109165295958519
23970 0.1120267063379288
23980 0.11064163595438
23990 0.1034211069345474
24000 0.09957912564277649
13810 0.1133211553096771
13820 0.1118012517690659
13830 0.1017625480890274
13840 0.09796570241451263
13850 0.09698930382728577
13860 0.09781594574451447
13870 0.09853791445493698
13880 0.09818823635578156
13890 0.08680248260498047
13900 0.08928041905164719
13910 0.1056548804044724
13920 0.1036678999662399
13930 0.1033683568239212
13940 0.09571627527475357
13950 0.08759044110774994
13960 0.08861583471298218
13970 0.0924176350235939
13980 0.09667159616947174
13990 0.09888938069343567
14000 0.09534314274787903
14010 0.09314015507698059
14020 0.08784943819046021
14030 0.08892656862735748
14040 0.08742465078830719
14050 0.08924967050552368
14060 0.09937390685081482
14070 0.09347131103277206
14080 0.08445632457733154
14090 0.07651130855083466
14100 0.0893113911151886
14110 0.1052113175392151
14120 0.100886195898056
14130 0.09990522265434265
14140 0.1035262495279312
14150 0.1045786440372467
14160 0.102253720164299
14170 0.09908463060855865
14180 0.100020706653595
14190 0.09605617821216583
14200 0.09359576553106308
14210 0.1015430092811584
14220 0.103511281311512
14230 0.1017999351024628
14240 0.09855286777019501
14250 0.09759381413459778
14260 0.09702517092227936
14270 0.09801539778709412
14280 0.09521929919719696
14290 0.09197048842906952
14300 0.09918029606342316
14310 0.09960275888442993
14320 0.09925290942192078
14330 0.08750273287296295
14340 0.09282019734382629
14350 0.09275177866220474
14360 0.09680570662021637
14370 0.1005008071660995
14380 0.09727311134338379
14390 0.09562405943870544
14400 0.09644266217947006
14410 0.09568707644939423
14420 0.09096923470497131
14430 0.09042670577764511
14440 0.0968196764588356
14450 0.0891110822558403
14460 0.09015096724033356
14470 0.09089319407939911
14480 0.09080428630113602
14490 0.09306392073631287
14500 0.09085147082805634
14510 0.08902899920940399
14520 0.09097235649824142
14530 0.09566882252693176
14540 0.09624878317117691
14550 0.0965200662612915
14560 0.0916113406419754
14570 0.08763796091079712
14580 0.09397287666797638
14590 0.09655395150184631
14600 0.09646856784820557
14610 0.1017561033368111
14620 0.09675683081150055
14630 0.09384836256504059
14640 0.09469842910766602
14650 0.09605273604393005
14660 0.09564919769763947
14670 0.09526509791612625
14680 0.0951235219836235
14690 0.09538766741752625
14700 0.09732884168624878
14710 0.1035452708601952
14720 0.1078759208321571
14730 0.1083014458417892
14740 0.1077804118394852
14750 0.1084083840250969
14760 0.1078521385788918
14770 0.1013976559042931
14780 0.0987250953912735
14790 0.09804326295852661
14800 0.09826572239398956
14810 0.09872687608003616
14820 0.100740060210228
14830 0.1000004038214684
14840 0.09782277047634125
14850 0.09917986392974854
14860 0.1027007475495338
14870 0.09842792898416519
14880 0.09548584371805191
14890 0.09753400832414627
14900 0.09920794516801834
14910 0.08906649798154831
14920 0.08860054612159729
14930 0.08175979554653168
14940 0.08068583905696869
14950 0.07819940149784088
14960 0.07342802733182907
14970 0.09239419549703598
14980 0.09620599448680878
14990 0.08598348498344421
15000 0.08548146486282349
15010 0.08621520549058914
15020 0.09320425987243652
15030 0.09175793826580048
15040 0.08540455251932144
15050 0.0830836296081543
15060 0.08298231661319733
15070 0.08792024850845337
15080 0.09398871660232544
15090 0.09521118551492691
15100 0.09417400509119034
15110 0.09673716127872467
15120 0.09497824311256409
15130 0.09206021577119827
15140 0.09261669218540192
15150 0.09409303218126297
15160 0.0916777104139328
15170 0.09277467429637909
15180 0.09988923370838165
15190 0.09631602466106415
15200 0.09534703195095062
15210 0.1064863353967667
15220 0.1067777648568153
15230 0.1013468503952026
15240 0.1044125258922577
15250 0.1078103929758072
15260 0.1059998199343681
15270 0.108394056558609
15280 0.107847660779953
15290 0.1069420129060745
15300 0.1080174222588539
15310 0.1097249090671539
15320 0.1088024377822876
15330 0.0979885458946228
15340 0.0999763160943985
15350 0.1051738411188126
15360 0.09925511479377747
15370 0.1017405986785889
15380 0.09949517250061035
15390 0.1027681678533554
15400 0.1038703620433807
15410 0.1032386720180511
15420 0.1020552664995193
15430 0.09459923952817917
15440 0.0943906158208847
15450 0.08548820018768311
15460 0.0930144339799881
15470 0.08620356023311615
15480 0.08768926560878754
15490 0.08854267746210098
15500 0.08760209381580353
15510 0.08727596700191498
15520 0.0944945216178894
15530 0.08708397299051285
15540 0.09472628682851791
15550 0.09934079647064209
15560 0.09441224485635757
15570 0.09250281006097794
15580 0.0964735746383667
15590 0.1020362228155136
15600 0.09963408857584
15610 0.09861637651920319
15620 0.0986749678850174
15630 0.0977264866232872
15640 0.1014836430549622
15650 0.09926290810108185
15660 0.09590591490268707
15670 0.09642387181520462
15680 0.0984022468328476
15690 0.09850411117076874
15700 0.1001809984445572
15710 0.1023719906806946
15720 0.09893055260181427
15730 0.09589017927646637
15740 0.09584388881921768
15750 0.09589935839176178
15760 0.09623581171035767
15770 0.08891733735799789
15780 0.08589927107095718
15790 0.0902789831161499
15800 0.09039786458015442
15810 0.09450529515743256
15820 0.1020932793617249
15830 0.09981630742549896
15840 0.1006140634417534
15850 0.1008147597312927
15860 0.09843328595161438
15870 0.0955670177936554
15880 0.09569156169891357
15890 0.09665586054325104
15900 0.09980432689189911
15910 0.1026344150304794
15920 0.1004821807146072
15930 0.08955588191747665
15940 0.08676116168498993
15950 0.09417460858821869
15960 0.1018830388784409
15970 0.09875710308551788
15980 0.1000319048762321
15990 0.1027096509933472
16000 0.1007628440856934
16010 0.1002355664968491
16020 0.0999298170208931
16030 0.09730517119169235
16040 0.09878049790859222
16050 0.0994560718536377
16060 0.1000086665153503
16070 0.1003313809633255
16080 0.1006301194429398
16090 0.0956181138753891
16100 0.09652049094438553
16110 0.1051167547702789
16120 0.1098465770483017
16130 0.09905189275741577
16140 0.08650452643632889
16150 0.1006333529949188
16160 0.09858885407447815
16170 0.09712651371955872
16180 0.1020292937755585
16190 0.1002456843852997
16200 0.09538818150758743
16210 0.09657169878482819
16220 0.09921777248382568
16230 0.1069870516657829
16240 0.1073472797870636
16250 0.1058615744113922
16260 0.09510692954063416
16270 0.08514873683452606
16280 0.09562525153160095
16290 0.1002943217754364
16300 0.0997590497136116
16310 0.08779879659414291
16320 0.08635231107473373
16330 0.08831551671028137
16340 0.08859496563673019
16350 0.09783235192298889
16360 0.09604404866695404
16370 0.09480702877044678
16380 0.09813486039638519
16390 0.09846768528223038
16400 0.1043107882142067
16410 0.1056465953588486
16420 0.1052805781364441
16430 0.1033869683742523
16440 0.1063068807125092
16450 0.1077370271086693
16460 0.1052560061216354
16470 0.1019334271550179
16480 0.105055995285511
16490 0.09958209097385406
16500 0.09272511303424835
16510 0.09473246335983276
16520 0.09650884568691254
16530 0.100530207157135
16540 0.1031622886657715
16550 0.1045875698328018
16560 0.0981302410364151
16570 0.08935345709323883
16580 0.09532874822616577
16590 0.09865683317184448
16600 0.101283922791481
16610 0.1012740880250931
16620 0.09703287482261658
16630 0.09614139050245285
16640 0.1028414815664291
16650 0.09855750203132629
16660 0.09433946013450623
16670 0.09477251768112183
16680 0.09929782897233963
16690 0.1012204438447952
16700 0.1008399948477745
16710 0.1004443317651749
16720 0.09916555881500244
16730 0.09143328666687012
16740 0.1016275882720947
16750 0.1029593199491501
16760 0.09988404810428619
16770 0.09906435012817383
16780 0.09702093154191971
16790 0.09883736073970795
16800 0.09984035789966583
16810 0.1014322116971016
16820 0.1007057577371597
16830 0.1021907329559326
16840 0.1036122143268585
16850 0.1014540642499924
16860 0.09673380851745605
16870 0.09808032214641571
16880 0.1017241477966309
16890 0.1044133305549622
16900 0.09677369892597198
16910 0.08607561886310577
16920 0.08963470160961151
16930 0.09043996036052704
16940 0.09406554698944092
16950 0.09701340645551682
16960 0.1021693199872971
16970 0.1047563850879669
16980 0.1026754751801491
16990 0.1021954119205475
17000 0.1039091199636459
17010 0.09971262514591217
17020 0.0940571129322052
17030 0.09418930113315582
17040 0.09723398834466934
17050 0.08915568888187408
17060 0.09023231267929077
17070 0.09224466979503632
17080 0.0920896902680397
17090 0.09397215396165848
17100 0.08895337581634521
17110 0.09205891191959381
17120 0.09800460934638977
17130 0.09332729876041412
17140 0.09266312420368195
17150 0.09388712048530579
17160 0.1052524000406265
17170 0.1020071804523468
17180 0.1010704338550568
17190 0.09828738868236542
17200 0.09917569160461426
17210 0.1005116254091263
17220 0.09252910315990448
17230 0.1050215512514114
17240 0.09351713955402374
17250 0.08449843525886536
17260 0.1097996085882187
17270 0.1110833585262299
17280 0.1000012904405594
17290 0.0939752459526062
17300 0.1013433635234833
17310 0.1025654301047325
17320 0.09368254244327545
17330 0.09970609843730927
17340 0.1068738996982574
17350 0.09662418812513351
17360 0.0896747037768364
17370 0.08138732612133026
17380 0.07743919640779495
17390 0.0827900767326355
17400 0.09198640286922455
17410 0.09293324500322342
17420 0.09513562917709351
17430 0.08056257665157318
17440 0.09308382868766785
17450 0.0974513366818428
17460 0.09829484671354294
17470 0.1003298610448837
17480 0.1011148318648338
17490 0.1027340888977051
17500 0.1059923395514488
17510 0.1061130315065384
17520 0.1030806750059128
17530 0.09755852818489075
17540 0.09570580720901489
17550 0.09720271825790405
17560 0.09903525561094284
17570 0.1021297872066498
17580 0.1074978485703468
17590 0.1087749451398849
17600 0.1060487478971481
17610 0.1053782179951668
17620 0.1040449887514114
17630 0.097613126039505
17640 0.1006857454776764
17650 0.09925157576799393
17660 0.09573952853679657
17670 0.09109057486057281
17680 0.09597942978143692
17690 0.1033798605203629
17700 0.1039138734340668
17710 0.0937671959400177
17720 0.100740522146225
17730 0.1024337559938431
17740 0.09723331779241562
17750 0.08803528547286987
17760 0.09739910811185837
17770 0.09905204176902771
17780 0.09832939505577087
17790 0.09787775576114655
17800 0.09309419989585876
17810 0.08679161965847015
17820 0.09506428241729736
17830 0.1120177954435349
17840 0.07527846097946167
17850 0.07597627490758896
17860 0.08900392055511475
17870 0.09549088031053543
17880 0.09722354263067245
17890 0.09875798225402832
17900 0.09739134460687637
17910 0.08795881271362305
17920 0.09749342501163483
17930 0.1035138666629791
17940 0.09674622118473053
17950 0.1049205362796783
17960 0.1067565679550171
17970 0.1062229722738266
17980 0.09340551495552063
17990 0.09211010485887527
18000 0.09764641523361206
18010 0.1046303436160088
18020 0.1067877411842346
18030 0.1068001836538315
18040 0.1041003912687302
18050 0.09690476953983307
18060 0.1002677232027054
18070 0.1002698168158531
18080 0.09720536321401596
18090 0.09833402931690216
18100 0.09889765083789825
18110 0.1003247499465942
18120 0.1004341840744019
18130 0.09909332543611526
18140 0.09588006138801575
18150 0.09766601026058197
18160 0.100725382566452
18170 0.09745357930660248
18180 0.0949755385518074
18190 0.09929922223091125
18200 0.1002366095781326
18210 0.1029753163456917
18220 0.1003612130880356
18230 0.0992140993475914
18240 0.09889090061187744
18250 0.1001696959137917
18260 0.09997344017028809
18270 0.09911369532346725
18280 0.09821848571300507
18290 0.09929029643535614
18300 0.09869474172592163
18310 0.09869174659252167
18320 0.1011373549699783
18330 0.102800689637661
18340 0.1020961403846741
18350 0.1014358401298523
18360 0.1019581109285355
18370 0.104942575097084
18380 0.1073422282934189
18390 0.1087112426757812
18400 0.1073094755411148
18410 0.1019603163003922
18420 0.09907503426074982
18430 0.09886711090803146
18440 0.0947674959897995
18450 0.09085559844970703
18460 0.09190531075000763
18470 0.09726986289024353
18480 0.09667593240737915
18490 0.0971449613571167
18500 0.09371664375066757
18510 0.09007435292005539
18520 0.06251317262649536
18530 0.07127261161804199
18540 0.08598868548870087
18550 0.09509273618459702
18560 0.09364715218544006
18570 0.09494967758655548
18580 0.0908668115735054
18590 0.0929940789937973
18600 0.09317699074745178
18610 0.09140648692846298
18620 0.09200749546289444
18630 0.09250318259000778
18640 0.09582558274269104
18650 0.1013139709830284
18660 0.1020157188177109
18670 0.09767862409353256
18680 0.09555977582931519
18690 0.09524348378181458
18700 0.1008683145046234
18710 0.09911048412322998
18720 0.104157030582428
18730 0.1057641580700874
18740 0.09515216201543808
18750 0.08460442721843719
18760 0.09958858788013458
18770 0.09993549436330795
18780 0.10060765594244
18790 0.1037806943058968
18800 0.1108110994100571
18810 0.1121045053005219
18820 0.1014948636293411
18830 0.0971352607011795
18840 0.09989430755376816
18850 0.1000714749097824
18860 0.09814386069774628
18870 0.09586763381958008
18880 0.09846083074808121
18890 0.1009453237056732
18900 0.0998670905828476
18910 0.1003529876470566
18920 0.1039125993847847
18930 0.1087391227483749
18940 0.1123498231172562
18950 0.1025708988308907
18960 0.09930087625980377
18970 0.09629835188388824
18980 0.08634701371192932
18990 0.08637287467718124
19000 0.09084427356719971
19010 0.09687015414237976
19020 0.1021926552057266
19030 0.1083321571350098
19040 0.09897321462631226
19050 0.1026090383529663
19060 0.09703048318624496
19070 0.09775000065565109
19080 0.1015395224094391
19090 0.1010172516107559
19100 0.09617338329553604
19110 0.0949522852897644
19120 0.09569656848907471
19130 0.09638257324695587
19140 0.1036071628332138
19150 0.1051639020442963
19160 0.1026207357645035
19170 0.100644662976265
19180 0.09960876405239105
19190 0.1023522317409515
19200 0.1062629520893097
19210 0.1064180135726929
19220 0.1029642671346664
19230 0.1054726541042328
19240 0.09763172268867493
19250 0.09184297919273376
19260 0.102302223443985
19270 0.1047592684626579
19280 0.1010262593626976
19290 0.09801995754241943
19300 0.09726931154727936
19310 0.1009636670351028
19320 0.09752544760704041
19330 0.09366034716367722
19340 0.0939958244562149
19350 0.09484460949897766
19360 0.09644534438848495
19370 0.09942469745874405
19380 0.1019781306385994
19390 0.1121211796998978
19400 0.1151091903448105
19410 0.1114799827337265
19420 0.1074001342058182
19430 0.09199608117341995
19440 0.07979875802993774
19450 0.0883021205663681
19460 0.09811331331729889
19470 0.101237952709198
19480 0.09263478964567184
19490 0.09477069973945618
19500 0.1006469130516052
19510 0.09748779982328415
19520 0.09480784833431244
19530 0.09699004143476486
19540 0.0989534854888916
19550 0.09172184765338898
19560 0.08852928876876831
19570 0.08871353417634964
19580 0.09203096479177475
19590 0.09778599441051483
19600 0.1026917994022369
19610 0.1024894118309021
19620 0.1023027673363686
19630 0.09998108446598053
19640 0.09948866814374924
19650 0.09614384174346924
19660 0.09628898650407791
19670 0.1000843644142151
19680 0.09850506484508514
19690 0.09406204521656036
19700 0.09350799024105072
19710 0.07686890661716461
19720 0.03565593808889389
19730 0.06842395663261414
19740 0.07626501470804214
19750 0.06983785331249237
19760 0.08385515213012695
19770 0.08642037957906723
19780 0.08559605479240417
19790 0.09045520424842834
19800 0.09255635738372803
19810 0.09079043567180634
19820 0.09643784165382385
19830 0.1002755463123322
19840 0.1066377758979797
19850 0.09792561829090118
19860 0.1050541698932648
19870 0.1070511192083359
19880 0.1049791723489761
19890 0.1071804091334343
19900 0.09656317532062531
19910 0.08853115141391754
19920 0.08692413568496704
19930 0.09134509414434433
19940 0.09607695043087006
19950 0.09592081606388092
19960 0.09670251607894897
19970 0.1010637581348419
19980 0.1015807092189789
19990 0.1032978594303131
20000 0.1001119613647461
20010 0.09872469305992126
20020 0.09692411124706268
20030 0.09726323187351227
20040 0.09834751486778259
20050 0.0981404036283493
20060 0.09795486181974411
20070 0.1001361235976219
20080 0.1013196110725403
20090 0.1005575209856033
20100 0.0942569375038147
20110 0.09355026483535767
20120 0.09568455815315247
20130 0.09584778547286987
20140 0.09242486953735352
20150 0.08703092485666275
20160 0.09552163630723953
20170 0.09861870110034943
20180 0.1060297638177872
20190 0.1090481504797935
20200 0.1021882742643356
20210 0.09276482462882996
20220 0.1022321730852127
20230 0.0989530012011528
20240 0.1065326854586601
20250 0.09897878766059875
20260 0.09404773265123367
20270 0.08964584767818451
20280 0.09474474936723709
20290 0.1044643670320511
20300 0.112121507525444
20310 0.1015190184116364
20320 0.09985392540693283
20330 0.1104586869478226
20340 0.1123416572809219
20350 0.1109375506639481
20360 0.09962888807058334
20370 0.09724564105272293
20380 0.099960096180439
20390 0.0998527929186821
20400 0.09148919582366943
6810 0.08574216812849045
6820 0.08300115168094635
6830 0.08053530007600784
6840 0.08531156182289124
6850 0.09021627902984619
6860 0.09038124978542328
6870 0.08933085203170776
6880 0.09023594111204147
6890 0.09252527356147766
6900 0.0953352302312851
6910 0.1006772592663765
6920 0.1004875302314758
6930 0.08869108557701111
6940 0.08490371704101562
6950 0.08526506274938583
6960 0.0878429114818573
6970 0.08679617941379547
6980 0.08604951202869415
6990 0.08480885624885559
7000 0.0829756110906601
7010 0.08700811862945557
7020 0.09627987444400787
7030 0.1010823026299477
7040 0.09870868176221848
7050 0.09380614757537842
7060 0.09029562026262283
7070 0.09166400879621506
7080 0.09552071988582611
7090 0.1007392555475235
7100 0.09673774242401123
7110 0.09315836429595947
7120 0.09655663371086121
7130 0.09896832704544067
7140 0.0919673815369606
7150 0.09168603271245956
7160 0.09149270504713058
7170 0.08919672667980194
7180 0.09479711949825287
7190 0.09543056786060333
7200 0.09137766063213348
7210 0.08754828572273254
7220 0.092433862388134
7230 0.08676344156265259
7240 0.08748903870582581
7250 0.08845246583223343
7260 0.09136417508125305
7270 0.09338449686765671
7280 0.09294242411851883
7290 0.09229075908660889
7300 0.0894974023103714
7310 0.08643589913845062
7320 0.08468015491962433
7330 0.0873364731669426
7340 0.08768817782402039
7350 0.08807234466075897
7360 0.0883866548538208
7370 0.09206376224756241
7380 0.09342285245656967
7390 0.08393248915672302
7400 0.08480505645275116
7410 0.08773566037416458
7420 0.09200379997491837
7430 0.09196889400482178
7440 0.09182365238666534
7450 0.09041968733072281
7460 0.09000508487224579
7470 0.09079830348491669
7480 0.08812231570482254
7490 0.0883055180311203
7500 0.09516996890306473
7510 0.0960509181022644
7520 0.09478603303432465
7530 0.09401436895132065
7540 0.09430143982172012
7550 0.09298212826251984
7560 0.08999884128570557
7570 0.08881515264511108
7580 0.0879967138171196
7590 0.08771200478076935
7600 0.09432601928710938
7610 0.09304268658161163
7620 0.09309741109609604
7630 0.0952436700463295
7640 0.09876810759305954
7650 0.099713996052742
7660 0.08917753398418427
7670 0.06947200000286102
7680 0.06062301248311996
7690 0.06132102012634277
7700 0.06763776391744614
7710 0.07119664549827576
7720 0.08098467439413071
7730 0.09331724792718887
7740 0.09211994707584381
7750 0.0924418717622757
7760 0.09212943911552429
7770 0.08883370459079742
7780 0.08619225025177002
7790 0.07739646732807159
7800 0.07961389422416687
7810 0.07991853356361389
7820 0.07272275537252426
7830 0.07725083827972412
7840 0.09258343279361725
7850 0.09279243648052216
7860 0.08777669072151184
7870 0.08298614621162415
7880 0.08328098058700562
7890 0.09103973209857941
7900 0.08841447532176971
7910 0.08508789539337158
7920 0.09903523325920105
7930 0.09995065629482269
7940 0.09859044849872589
7950 0.09381435811519623
7960 0.09390351176261902
7970 0.09759674966335297
7980 0.09818887710571289
7990 0.09857676923274994
8000 0.104826420545578
8010 0.1069962456822395
8020 0.1062847971916199
8030 0.09772469103336334
8040 0.0893683135509491
8050 0.0863533690571785
8060 0.08621214330196381
8070 0.08252952992916107
8080 0.08378772437572479
8090 0.08771351724863052
8100 0.08718742430210114
8110 0.08583826571702957
8120 0.08894167840480804
8130 0.09983533620834351
8140 0.1012613773345947
8150 0.1012031733989716
8160 0.0978410542011261
8170 0.08677284419536591
8180 0.08655580133199692
8190 0.09264923632144928
8200 0.0729878842830658
8210 0.07820003479719162
8220 0.08867841958999634
8230 0.08996209502220154
8240 0.08955441415309906
8250 0.08856489509344101
8260 0.09076660871505737
8270 0.09488557279109955
8280 0.09541492164134979
8290 0.08874188363552094
8300 0.0913991779088974
8310 0.08985580503940582
8320 0.09353376924991608
8330 0.09694600105285645
8340 0.0957309901714325
8350 0.08941681683063507
8360 0.08953222632408142
8370 0.0935109406709671
8380 0.0967164933681488
8390 0.09352535009384155
8400 0.08832835406064987
8410 0.08798529952764511
8420 0.0912020206451416
8430 0.09491748362779617
8440 0.09155424684286118
8450 0.0910506397485733
8460 0.09125305712223053
8470 0.09268152713775635
8480 0.09159346669912338
8490 0.08986645191907883
8500 0.08855374902486801
8510 0.08761626482009888
8520 0.08699086308479309
8530 0.08927647769451141
8540 0.09038534015417099
8550 0.09045330435037613
8560 0.0906212329864502
8570 0.09001720696687698
8580 0.08853340148925781
8590 0.08195643872022629
8600 0.08452795445919037
8610 0.08749423921108246
8620 0.08678868412971497
8630 0.09046889841556549
8640 0.09386114776134491
8650 0.09180381894111633
8660 0.09570661187171936
8670 0.09576812386512756
8680 0.08923350274562836
8690 0.08918847143650055
8700 0.09601287543773651
8710 0.09678041189908981
8720 0.09826812148094177
8730 0.1006418839097023
8740 0.09910101443529129
8750 0.0964648500084877
8760 0.09546223282814026
8770 0.09739969670772552
8780 0.1001130491495132
8790 0.09296078979969025
8800 0.09467346221208572
8810 0.1052005589008331
8820 0.1073896586894989
8830 0.1001342386007309
8840 0.09797437489032745
8850 0.09951308369636536
8860 0.09965722262859344
8870 0.09864495694637299
8880 0.09291866421699524
8890 0.09192812442779541
8900 0.08894576132297516
8910 0.09401264786720276
8920 0.09455972909927368
8930 0.08136944472789764
8940 0.09113022685050964
8950 0.09048700332641602
8960 0.08713728189468384
8970 0.08632836490869522
8980 0.09003038704395294
8990 0.09144632518291473
9000 0.09271936863660812
9010 0.1028228551149368
9020 0.1048195660114288
9030 0.09972579777240753
9040 0.09237466752529144
9050 0.08602588623762131
9060 0.08879975974559784
9070 0.08553077280521393
9080 0.09678575396537781
9090 0.09434766322374344
9100 0.1012826859951019
9110 0.09734635800123215
9120 0.09721396118402481
9130 0.09433038532733917
9140 0.09227356314659119
9150 0.09285370260477066
9160 0.09356405586004257
9170 0.09223675727844238
9180 0.09193528443574905
9190 0.09377767145633698
9200 0.09503009915351868
9210 0.09613560140132904
9220 0.0938773974776268
9230 0.09133812785148621
9240 0.09295429289340973
9250 0.1002271920442581
9260 0.09640481323003769
9270 0.09962866455316544
9280 0.1035169810056686
9290 0.1007847562432289
9300 0.08208142220973969
9310 0.07841281592845917
9320 0.08304924517869949
9330 0.09739631414413452
9340 0.09495213627815247
9350 0.08342568576335907
9360 0.06403554975986481
9370 0.06930221617221832
9380 0.07134726643562317
9390 0.08564417809247971
9400 0.08863762021064758
9410 0.0850924551486969
9420 0.09232806414365768
9430 0.09372486174106598
9440 0.09440775215625763
9450 0.09543821960687637
9460 0.09573791921138763
9470 0.09763443470001221
9480 0.09890943765640259
9490 0.09740852564573288
9500 0.09558160603046417
9510 0.09267623722553253
9520 0.08876363933086395
9530 0.08661375939846039
9540 0.0966874361038208
9550 0.08852514624595642
9560 0.09227112680673599
9570 0.09236575663089752
9580 0.09108921140432358
9590 0.09282916784286499
9600 0.09224186837673187
9610 0.09360585361719131
9620 0.09058096259832382
9630 0.09225253760814667
9640 0.09323500096797943
9650 0.09190019965171814
9660 0.09699356555938721
9670 0.1001734584569931
9680 0.1004048064351082
9690 0.1003344506025314
9700 0.09610733389854431
9710 0.09041314572095871
9720 0.09434595704078674
9730 0.09724956750869751
9740 0.09532351046800613
9750 0.09065275639295578
9760 0.08054694533348083
9770 0.08280985802412033
9780 0.08367115259170532
9790 0.08548446744680405
9800 0.08274084329605103
9810 0.08578182756900787
9820 0.0941338986158371
9830 0.09601368755102158
9840 0.08959762752056122
9850 0.09887086600065231
9860 0.1014681756496429
9870 0.1054916530847549
9880 0.1022340357303619
9890 0.1006843000650406
9900 0.1032422855496407
9910 0.1035957112908363
9920 0.1035052910447121
9930 0.1028489470481873
9940 0.09952925145626068
9950 0.1002381891012192
9960 0.1011194810271263
9970 0.09847356379032135
9980 0.08688749372959137
9990 0.08593602478504181
10000 0.09143748879432678
10010 0.09369586408138275
10020 0.09934526681900024
10030 0.09299696981906891
10040 0.08838357031345367
10050 0.0861709788441658
10060 0.09132654964923859
10070 0.08518019318580627
10080 0.0928896963596344
10090 0.09542952477931976
10100 0.09791120886802673
10110 0.09784702956676483
10120 0.09610436856746674
10130 0.09055358171463013
10140 0.08094553649425507
10150 0.08136549592018127
10160 0.09297005832195282
10170 0.09565606713294983
10180 0.09520770609378815
10190 0.09221429377794266
10200 0.09769228100776672
10210 0.09081035107374191
10220 0.0909842848777771
10230 0.08915307372808456
10240 0.09361766278743744
10250 0.09503306448459625
10260 0.09680460393428802
10270 0.09716086089611053
10280 0.09919793903827667
10290 0.09921794384717941
10300 0.09579940140247345
10310 0.09819415211677551
10320 0.1021256446838379
10330 0.09109644591808319
10340 0.09358555823564529
10350 0.09201449155807495
10360 0.09433124959468842
10370 0.09385804831981659
10380 0.08995911478996277
10390 0.0960371345281601
10400 0.09628857672214508
10410 0.09672574698925018
10420 0.09449126571416855
10430 0.09697675704956055
10440 0.09535036981105804
10450 0.0924578458070755
10460 0.09833236783742905
10470 0.1000450849533081
10480 0.09993881732225418
10490 0.09821911156177521
10500 0.09645846486091614
10510 0.09582840651273727
10520 0.09830625355243683
10530 0.09691140055656433
10540 0.09241959452629089
10550 0.09423051774501801
10560 0.09544607996940613
10570 0.09383914619684219
10580 0.09282812476158142
10590 0.09431248903274536
10600 0.09599281847476959
10610 0.09413528442382812
10620 0.08958091586828232
10630 0.08551807701587677
10640 0.09455618262290955
10650 0.09750226140022278
10660 0.1012880057096481
10670 0.1045333221554756
10680 0.1039449572563171
10690 0.1022998839616776
10700 0.105224996805191
10710 0.1039313524961472
10720 0.1024163961410522
10730 0.09968210756778717
10740 0.09729069471359253
10750 0.09109504520893097
10760 0.09063136577606201
10770 0.09700837731361389
10780 0.09573391824960709
10790 0.09653159976005554
10800 0.09751006960868835
10810 0.09921710193157196
10820 0.09301154315471649
10830 0.09153037518262863
10840 0.094961017370224
10850 0.09646998345851898
10860 0.09525236487388611
10870 0.09767767786979675
10880 0.09678076207637787
10890 0.09691551327705383
10900 0.09728002548217773
10910 0.09452711790800095
10920 0.08990021049976349
10930 0.08842143416404724
10940 0.08874915540218353
10950 0.08785928040742874
10960 0.08337803184986115
10970 0.07612945139408112
10980 0.07674789428710938
10990 0.09682337939739227
11000 0.09609571099281311
11010 0.08908636868000031
11020 0.09590409696102142
11030 0.09825341403484344
11040 0.09116950631141663
11050 0.09714052081108093
11060 0.09358920156955719
11070 0.09790231287479401
11080 0.1035744473338127
11090 0.1041086465120316
11100 0.1020253598690033
11110 0.1013754904270172
11120 0.1021886691451073
11130 0.09816561639308929
11140 0.09223783016204834
11150 0.08931022882461548
11160 0.09974749386310577
11170 0.09959819912910461
11180 0.1004008203744888
11190 0.09897713363170624
11200 0.09881240129470825
11210 0.09586852788925171
11220 0.0912085622549057
11230 0.09360072016716003
11240 0.09944635629653931
11250 0.09691880643367767
11260 0.09643077850341797
11270 0.1012787669897079
11280 0.09858991205692291
11290 0.09425909817218781
11300 0.09323325008153915
11310 0.09258700907230377
11320 0.09175320714712143
11330 0.09547001868486404
11340 0.09488415718078613
11350 0.07206770777702332
11360 0.06809830665588379
11370 0.07979434728622437
11380 0.09440874308347702
11390 0.09341251850128174
11400 0.09326759725809097
11410 0.09294204413890839
11420 0.09285250306129456
11430 0.09348013997077942
11440 0.09318928420543671
11450 0.09356900304555893
11460 0.09392005950212479
11470 0.0954069197177887
11480 0.09603893756866455
11490 0.09440593421459198
11500 0.09423017501831055
11510 0.08676411211490631
11520 0.07902492582798004
11530 0.08111633360385895
11540 0.08467172086238861
11550 0.08589653670787811
11560 0.09093894064426422
11570 0.08865684270858765
11580 0.08976181596517563
11590 0.09700783342123032
11600 0.103425070643425
11610 0.1015687137842178
11620 0.09926100820302963
11630 0.09604201465845108
11640 0.09391041845083237
11650 0.09214121103286743
11660 0.09314853698015213
11670 0.09336402267217636
11680 0.09663066267967224
11690 0.09818661212921143
11700 0.102237805724144
11710 0.103190116584301
11720 0.1023044586181641
11730 0.1006643325090408
11740 0.1011190861463547
11750 0.09926243126392365
11760 0.1006888896226883
11770 0.1044174581766129
11780 0.1002397984266281
11790 0.09886336326599121
11800 0.09980258345603943
11810 0.0951438695192337
11820 0.09173272550106049
11830 0.0963054746389389
11840 0.08305500447750092
11850 0.09611225128173828
11860 0.09506918489933014
11870 0.1061563566327095
11880 0.09917134791612625
11890 0.1012230217456818
11900 0.1048947796225548
11910 0.1029778867959976
11920 0.1035973206162453
11930 0.1038983315229416
11940 0.1018784046173096
11950 0.08572769910097122
11960 0.08858856558799744
11970 0.09037376940250397
11980 0.09393376111984253
11990 0.09170295298099518
12000 0.09285414218902588
12010 0.09423130750656128
12020 0.09339537471532822
12030 0.09266453981399536
12040 0.09737347066402435
12050 0.09611839801073074
12060 0.08644025772809982
12070 0.09131512045860291
12080 0.09681673347949982
12090 0.091692253947258
12100 0.09336444735527039
12110 0.1003400757908821
12120 0.1033150181174278
12130 0.09950591623783112
12140 0.07670040428638458
12150 0.08210413157939911
12160 0.09463539719581604
12170 0.09032940864562988
12180 0.08750569075345993
12190 0.0901612788438797
12200 0.09382900595664978
12210 0.1003922075033188
12220 0.09879444539546967
12230 0.09537223726511002
12240 0.09557299315929413
12250 0.09655165672302246
12260 0.09478963911533356
12270 0.09606409072875977
12280 0.09557218104600906
12290 0.09741972386837006
12300 0.09622478485107422
12310 0.09603504836559296
12320 0.09480789303779602
12330 0.09565497189760208
12340 0.09356662631034851
12350 0.0955827385187149
12360 0.09806749224662781
12370 0.09835010766983032
12380 0.08978886902332306
12390 0.08707256615161896
12400 0.07062162458896637
12410 0.08843976259231567
12420 0.07280448079109192
12430 0.08845284581184387
12440 0.09735214710235596
12450 0.09539024531841278
12460 0.07850673794746399
12470 0.08856014907360077
12480 0.09739942848682404
12490 0.09977428615093231
12500 0.09917612373828888
12510 0.09904661774635315
12520 0.0945013016462326
12530 0.09282153844833374
12540 0.0969751849770546
12550 0.09607779979705811
12560 0.08841036260128021
12570 0.08853542804718018
12580 0.0909297913312912
12590 0.09550337493419647
12600 0.09655456244945526
12610 0.09573572129011154
12620 0.09936204552650452
12630 0.103522315621376
12640 0.1027395129203796
12650 0.1046581566333771
12660 0.1027380153536797
12670 0.1024422198534012
12680 0.1058303713798523
12690 0.1062520295381546
12700 0.1054273992776871
12710 0.1055150926113129
12720 0.108375608921051
12730 0.1078056693077087
12740 0.1044960916042328
12750 0.103188082575798
12760 0.1014812886714935
12770 0.1007332056760788
12780 0.1003195345401764
12790 0.09804335236549377
12800 0.0948387086391449
12810 0.09646178781986237
12820 0.09759485721588135
12830 0.09370462596416473
12840 0.09179686009883881
12850 0.09651991724967957
12860 0.09223200380802155
12870 0.09315024316310883
12880 0.0926218181848526
12890 0.09035845845937729
12900 0.09411676228046417
12910 0.09610783308744431
12920 0.1030314862728119
12930 0.08872689306735992
12940 0.0785239040851593
12950 0.09501247107982635
12960 0.0986984446644783
12970 0.0992540568113327
12980 0.1006695777177811
12990 0.1037216782569885
13000 0.09266279637813568
13010 0.07987044006586075
13020 0.07938294112682343
13030 0.09082004427909851
13040 0.07664734125137329
13050 0.08957251906394958
13060 0.09018406271934509
13070 0.08687521517276764
13080 0.08988168835639954
13090 0.09700313955545425
13100 0.08548801392316818
13110 0.08516155928373337
13120 0.08928018063306808
13130 0.09644569456577301
13140 0.09651266038417816
13150 0.0915733128786087
13160 0.08719043433666229
13170 0.08764934539794922
13180 0.08819125592708588
13190 0.09024745225906372
13200 0.08855205774307251
13210 0.09857919067144394
13220 0.09895875304937363
13230 0.09521843492984772
13240 0.09754778444766998
13250 0.0995190441608429
13260 0.1045263707637787
13270 0.09598969668149948
13280 0.08834022283554077
13290 0.09354718029499054
13300 0.09351689368486404
13310 0.08787821233272552
13320 0.08730290085077286
13330 0.08798760920763016
13340 0.09475623071193695
13350 0.09426355361938477
13360 0.08871491253376007
13370 0.08452516794204712
13380 0.09439273178577423
13390 0.09283497929573059
13400 0.09314009547233582
13410 0.0938226506114006
13420 0.09501850605010986
13430 0.09809351712465286
13440 0.1003575325012207
13450 0.1030826792120934
13460 0.1032746285200119
13470 0.09937645494937897
13480 0.1025643348693848
13490 0.1013484001159668
13500 0.0983896404504776
13510 0.08869612962007523
13520 0.09116025269031525
13530 0.09684796631336212
13540 0.09258036315441132
13550 0.09161517024040222
13560 0.09295657277107239
13570 0.09401504695415497
13580 0.09937247633934021
13590 0.1081099510192871
13600 0.1093225404620171
13610 0.105208545923233
13620 0.1029384583234787
13630 0.1016512662172318
13640 0.0955880880355835
13650 0.09430642426013947
13660 0.1008253917098045
13670 0.1004375666379929
13680 0.09873145818710327
13690 0.09545589983463287
13700 0.09314057230949402
13710 0.0938258171081543
13720 0.09331753849983215
13730 0.09311515092849731
13740 0.0918886810541153
13750 0.09515519440174103
13760 0.09828184545040131
13770 0.1003225967288017
13780 0.1001124754548073
13790 0.09899987280368805
13800 0.1088397949934006
6210 0.08331833779811859
6220 0.08235292136669159
6230 0.08923344314098358
6240 0.09268276393413544
6250 0.09146405756473541
6260 0.0785166472196579
6270 0.07735146582126617
6280 0.08716768771409988
6290 0.09538167715072632
6300 0.09786900877952576
6310 0.09722786396741867
6320 0.09655905514955521
6330 0.09162984788417816
6340 0.09300382435321808
6350 0.09331277012825012
6360 0.0911850780248642
6370 0.09202228486537933
6380 0.09118263423442841
6390 0.08962482959032059
6400 0.09240986406803131
6410 0.0931689441204071
6420 0.0917789489030838
6430 0.08436504006385803
6440 0.08837664127349854
6450 0.0927143394947052
6460 0.07641160488128662
6470 0.07692241668701172
6480 0.07801828533411026
6490 0.07695803046226501
6500 0.08039848506450653
6510 0.08516243100166321
6520 0.08826413750648499
6530 0.08704578876495361
6540 0.08390228450298309
6550 0.08124536275863647
6560 0.08268243819475174
6570 0.08493756502866745
6580 0.08734223246574402
6590 0.09051015973091125
6600 0.09853212535381317
6610 0.0949702262878418
6620 0.09318429231643677
6630 0.08948102593421936
6640 0.08926328271627426
6650 0.09103113412857056
6660 0.08725205808877945
6670 0.09450400620698929
6680 0.09801355004310608
6690 0.09866607934236526
6700 0.09137982130050659
6710 0.08784793317317963
6720 0.08739028871059418
6730 0.0893271267414093
6740 0.09180889278650284
6750 0.08880116045475006
6760 0.08292911201715469
6770 0.08111552894115448
6780 0.08125713467597961
6790 0.08366397023200989
6800 0.08495284616947174
0 0.06540098786354065
10 0.06540384888648987
20 0.06543608009815216
30 0.06554356217384338
40 0.06584162265062332
50 0.06635058671236038
60 0.0669848769903183
70 0.06784066557884216
80 0.06907010078430176
90 0.0695699006319046
100 0.06970047205686569
110 0.070538729429245
120 0.07217461615800858
130 0.07667404413223267
140 0.0860331654548645
150 0.09425486624240875
160 0.09597989916801453
170 0.09430493414402008
180 0.09241269528865814
190 0.09081719070672989
200 0.08749254047870636
210 0.08781260997056961
220 0.09287239611148834
230 0.09389467537403107
240 0.09201902151107788
250 0.08948901295661926
260 0.0871099978685379
270 0.07858198881149292
280 0.06743577122688293
290 0.09155943989753723
300 0.1000681668519974
310 0.08845469355583191
320 0.0791466236114502
330 0.07268968224525452
340 0.06835352629423141
350 0.06992971897125244
360 0.07277187705039978
370 0.07424966990947723
380 0.07544335722923279
390 0.07709011435508728
400 0.07905289530754089
410 0.08052367717027664
420 0.08105257898569107
430 0.08086099475622177
440 0.08043907582759857
450 0.07991549372673035
460 0.07915755361318588
470 0.07866959273815155
480 0.07838286459445953
490 0.07682590186595917
500 0.0756569504737854
510 0.07835099101066589
520 0.08578960597515106
530 0.08916058391332626
540 0.0885726660490036
550 0.08791850507259369
560 0.08678597211837769
570 0.08775626868009567
580 0.09368366003036499
590 0.0952928215265274
600 0.09090573340654373
610 0.08543038368225098
620 0.092323899269104
630 0.09518375247716904
640 0.0813993513584137
650 0.08481697738170624
660 0.09625353664159775
670 0.06343817710876465
680 0.0673639178276062
690 0.07161163538694382
700 0.08195045590400696
710 0.09999368339776993
720 0.08390225470066071
730 0.0549548864364624
740 0.05985648930072784
750 0.06810979545116425
760 0.06999891996383667
770 0.06686466187238693
780 0.07404829561710358
790 0.05356971919536591
800 0.07716462016105652
810 0.0731663852930069
820 0.01717856526374817
830 0.03557660803198814
840 0.05616432055830956
850 0.07055418193340302
860 0.07285313308238983
870 0.05506762489676476
880 0.04027307778596878
890 0.05046314001083374
900 0.05328870937228203
910 0.05099289864301682
920 0.06307623535394669
930 0.06519501656293869
940 0.06382251530885696
950 0.06999095529317856
960 0.06920589506626129
970 0.06502383947372437
980 0.06458823382854462
990 0.05779818445444107
1000 0.05736176669597626
1010 0.06165476143360138
1020 0.06508669257164001
1030 0.07232756912708282
1040 0.07565568387508392
1050 0.07640599459409714
1060 0.07257500290870667
1070 0.06543122977018356
1080 0.06525632739067078
1090 0.07167503237724304
1100 0.06801454722881317
1110 0.05639572069048882
1120 0.05996133387088776
1130 0.07261276245117188
1140 0.07233350723981857
1150 0.07706940174102783
1160 0.05657495930790901
1170 0.0523192323744297
1180 0.07401882857084274
1190 0.06869532912969589
1200 0.06833083927631378
1210 0.07298147678375244
1220 0.07050630450248718
1230 0.07146573066711426
1240 0.07333071529865265
1250 0.06162512302398682
1260 0.06458811461925507
1270 0.07062048465013504
1280 0.06644655019044876
1290 0.06821015477180481
1300 0.05720264464616776
1310 0.0418425016105175
1320 0.04327405616641045
1330 0.05555093288421631
1340 0.07219666987657547
1350 0.07318072021007538
1360 0.07157667726278305
1370 0.07230718433856964
1380 0.07547301799058914
1390 0.06269685178995132
1400 0.05265933275222778
1410 0.06311076134443283
1420 0.07680892944335938
1430 0.07362449169158936
1440 0.06948083639144897
1450 0.06278915703296661
1460 0.07095365226268768
1470 0.07302580773830414
1480 0.07191087305545807
1490 0.06841005384922028
1500 0.06620422750711441
1510 0.06609590351581573
1520 0.06691327691078186
1530 0.07378686964511871
1540 0.07975463569164276
1550 0.07309453934431076
1560 0.0706229954957962
1570 0.06900644302368164
1580 0.07102912664413452
1590 0.07052908837795258
1600 0.06993760913610458
1610 0.0728917121887207
1620 0.08630534261465073
1630 0.08432318270206451
1640 0.08049647510051727
1650 0.07711883634328842
1660 0.07769665122032166
1670 0.07882726192474365
1680 0.08255776762962341
1690 0.07996268570423126
1700 0.08122757077217102
1710 0.085333451628685
1720 0.08148592710494995
1730 0.07648296654224396
1740 0.07857634872198105
1750 0.08042179048061371
1760 0.07851162552833557
1770 0.07860937714576721
1780 0.08183257281780243
1790 0.07685655355453491
1800 0.0791008323431015
1810 0.0913594663143158
1820 0.08926184475421906
1830 0.08555209636688232
1840 0.08838789165019989
1850 0.08925876766443253
1860 0.08673149347305298
1870 0.08401220291852951
1880 0.08418436348438263
1890 0.08818495273590088
1900 0.08842366188764572
1910 0.08978840708732605
1920 0.09221993386745453
1930 0.09413162618875504
1940 0.1009730398654938
1950 0.0901811420917511
1960 0.09098270535469055
1970 0.09035384654998779
1980 0.08724774420261383
1990 0.08501675724983215
2000 0.08383655548095703
2010 0.08642389625310898
2020 0.08869935572147369
2030 0.09307198226451874
2040 0.09740990400314331
2050 0.0940612405538559
2060 0.0958259105682373
2070 0.09712950140237808
2080 0.0946628600358963
2090 0.09408889710903168
2100 0.1044147461652756
2110 0.1063887551426888
2120 0.09897619485855103
2130 0.09887436032295227
2140 0.1015027612447739
2150 0.09947299957275391
2160 0.09431599825620651
2170 0.09815852344036102
2180 0.09787207841873169
2190 0.09526607394218445
2200 0.09236897528171539
2210 0.0936955139040947
2220 0.09552157670259476
2230 0.09598259627819061
2240 0.09495623409748077
2250 0.09448555111885071
2260 0.09493875503540039
2270 0.09567583352327347
2280 0.09276063740253448
2290 0.09077763557434082
2300 0.08943906426429749
2310 0.08784443140029907
2320 0.08715762197971344
2330 0.08832728862762451
2340 0.08816511929035187
2350 0.07950177788734436
2360 0.079275943338871
2370 0.07001076638698578
2380 0.08053417503833771
2390 0.09196706116199493
2400 0.08322109282016754
2410 0.09297005832195282
2420 0.09462262690067291
2430 0.09518365561962128
2440 0.0938841700553894
2450 0.0879027396440506
2460 0.0859254002571106
2470 0.0856950581073761
2480 0.08784645795822144
2490 0.08138427883386612
2500 0.07578852772712708
2510 0.08041086792945862
2520 0.08408650755882263
2530 0.08885450661182404
2540 0.08941442519426346
2550 0.08795648813247681
2560 0.08856797218322754
2570 0.08806420862674713
2580 0.088188536465168
2590 0.08769689500331879
2600 0.0908873975276947
2610 0.09378688782453537
2620 0.1001449599862099
2630 0.09535027295351028
2640 0.09060476720333099
2650 0.08866618573665619
2660 0.07576337456703186
2670 0.08128368854522705
2680 0.07685738801956177
2690 0.0773204118013382
2700 0.07975931465625763
2710 0.07608403265476227
2720 0.07066428661346436
2730 0.0717235803604126
2740 0.09077970683574677
2750 0.1038795560598373
2760 0.1012482494115829
2770 0.1021692156791687
2780 0.09415851533412933
2790 0.09366949647665024
2800 0.09714041650295258
2810 0.09659163653850555
2820 0.1016539931297302
2830 0.09010574221611023
2840 0.08733375370502472
2850 0.08578506112098694
2860 0.09234948456287384
2870 0.09856393188238144
2880 0.09103938937187195
2890 0.09025636315345764
2900 0.09362941235303879
2910 0.09167283773422241
2920 0.07677158713340759
2930 0.08021640777587891
2940 0.08464080840349197
2950 0.076292484998703
2960 0.07123023271560669
2970 0.07897529751062393
2980 0.08191587030887604
2990 0.07624606788158417
3000 0.08039389550685883
3010 0.06251130998134613
3020 0.06873270869255066
3030 0.09206291288137436
3040 0.08840640634298325
3050 0.08713164925575256
3060 0.08898693323135376
3070 0.08564966171979904
3080 0.07207773625850677
3090 0.08019967377185822
3100 0.08234374970197678
3110 0.07825292646884918
3120 0.07623271644115448
3130 0.08283913135528564
3140 0.07844111323356628
3150 0.07717794179916382
3160 0.0915035679936409
3170 0.09392905980348587
3180 0.08706863224506378
3190 0.08290876448154449
3200 0.08207419514656067
3210 0.0917423889040947
3220 0.09081150591373444
3230 0.09313498437404633
3240 0.09137823432683945
3250 0.08931859582662582
3260 0.08823743462562561
3270 0.08711709082126617
3280 0.08180810511112213
3290 0.0790819376707077
3300 0.07894875854253769
3310 0.07645375281572342
3320 0.07600268721580505
3330 0.07630303502082825
3340 0.07165269553661346
3350 0.07004881650209427
3360 0.07766202092170715
3370 0.07861916720867157
3380 0.07926954329013824
3390 0.07813893258571625
3400 0.08193162828683853
3410 0.09452056884765625
3420 0.0854613333940506
3430 0.08461212366819382
3440 0.08658900856971741
3450 0.08714407682418823
3460 0.0835573822259903
3470 0.07773785293102264
3480 0.08114510029554367
3490 0.09092294424772263
3500 0.08816505968570709
3510 0.09049363434314728
3520 0.0913640484213829
3530 0.08550351858139038
3540 0.08603585511445999
3550 0.08646717667579651
3560 0.08157290518283844
3570 0.08060640841722488
3580 0.08221325278282166
3590 0.08554045110940933
3600 0.09460801631212234
3610 0.09461314231157303
3620 0.09044277667999268
3630 0.07527253776788712
3640 0.07626239210367203
3650 0.07911290973424911
3660 0.0868077427148819
3670 0.09010922163724899
3680 0.08072841912508011
3690 0.07839435338973999
3700 0.07567691802978516
3710 0.08110543340444565
3720 0.08490617573261261
3730 0.08491241931915283
3740 0.08878187090158463
3750 0.08486079424619675
3760 0.08538234233856201
3770 0.09139888733625412
3780 0.08830802887678146
3790 0.09136246144771576
3800 0.09322163462638855
3810 0.08897756040096283
3820 0.08564646542072296
3830 0.08905161172151566
3840 0.09622550010681152
3850 0.09368927031755447
3860 0.08682063966989517
3870 0.08415714651346207
3880 0.0831841379404068
3890 0.08123834431171417
3900 0.08166734129190445
3910 0.08460813015699387
3920 0.08906757086515427
3930 0.08909529447555542
3940 0.09189151227474213
3950 0.09428315609693527
3960 0.08817581087350845
3970 0.08263987302780151
3980 0.08179289847612381
3990 0.0841798335313797
4000 0.08357284963130951
4010 0.08348539471626282
4020 0.08521665632724762
4030 0.08671474456787109
4040 0.08919644355773926
4050 0.0926189050078392
4060 0.09302869439125061
4070 0.08843061327934265
4080 0.08791586011648178
4090 0.08070291578769684
4100 0.08313335478305817
4110 0.07544945180416107
4120 0.07630027085542679
4130 0.08133582770824432
4140 0.08588962256908417
4150 0.0848044753074646
4160 0.08305670320987701
4170 0.08090192079544067
4180 0.08139225840568542
4190 0.08900445699691772
4200 0.08941534161567688
4210 0.09345224499702454
4220 0.08705157041549683
4230 0.08440209925174713
4240 0.08495821058750153
4250 0.08735617995262146
4260 0.08435114473104477
4270 0.08372896909713745
4280 0.08241546154022217
4290 0.08259983360767365
4300 0.08299095928668976
4310 0.08184505999088287
4320 0.08169006556272507
4330 0.08154408633708954
4340 0.07902863621711731
4350 0.08572164922952652
4360 0.08737781643867493
4370 0.08477520197629929
4380 0.08293484151363373
4390 0.08506915718317032
4400 0.08481870591640472
4410 0.0839000791311264
4420 0.08372052013874054
4430 0.08425956219434738
4440 0.08628949522972107
4450 0.0872555673122406
4460 0.08693063259124756
4470 0.07866817712783813
4480 0.07103250920772552
4490 0.06790992617607117
4500 0.07512988895177841
4510 0.08478707075119019
4520 0.08466540277004242
4530 0.08392155915498734
4540 0.08031469583511353
4550 0.07516487687826157
4560 0.08877325057983398
4570 0.09293630719184875
4580 0.09065602719783783
4590 0.09126363694667816
4600 0.08852218091487885
4610 0.08731187880039215
4620 0.08723112940788269
4630 0.08706480264663696
4640 0.08379709720611572
4650 0.08432476222515106
4660 0.09219378232955933
4670 0.07941576838493347
4680 0.08071865141391754
4690 0.09272107481956482
4700 0.0962548702955246
4710 0.08444783836603165
4720 0.08568653464317322
4730 0.08521052449941635
4740 0.08769458532333374
4750 0.09749448299407959
4760 0.1017479598522186
4770 0.0998072475194931
4780 0.09629121422767639
4790 0.08212541043758392
4800 0.08445713669061661
4810 0.09868495166301727
4820 0.09027939289808273
4830 0.09702606499195099
4840 0.09490092843770981
4850 0.08111629635095596
4860 0.08144491165876389
4870 0.08751240372657776
4880 0.09733299911022186
4890 0.09442503750324249
4900 0.08935052156448364
4910 0.08666680753231049
4920 0.08577682077884674
4930 0.09090700745582581
4940 0.08690229058265686
4950 0.08744436502456665
4960 0.08584414422512054
4970 0.08061615377664566
4980 0.08050834387540817
4990 0.08339127898216248
5000 0.0841633528470993
5010 0.08109067380428314
5020 0.08119145035743713
5030 0.08170348405838013
5040 0.0831771120429039
5050 0.08265501260757446
5060 0.08455121517181396
5070 0.08439586311578751
5080 0.08766183257102966
5090 0.09256408363580704
5100 0.05895477533340454
5110 0.07024268060922623
5120 0.09296064078807831
5130 0.0942189022898674
5140 0.0986236035823822
5150 0.09973147511482239
5160 0.09801334142684937
5170 0.0991828590631485
5180 0.1059068739414215
5190 0.08580219000577927
5200 0.07545144855976105
5210 0.08188926428556442
5220 0.08767848461866379
5230 0.08825951814651489
5240 0.09509412944316864
5250 0.09866148233413696
5260 0.09504538774490356
5270 0.1011685878038406
5280 0.09629715979099274
5290 0.09323327243328094
5300 0.1001987904310226
5310 0.1028928235173225
5320 0.08978082239627838
5330 0.0900755375623703
5340 0.08993174135684967
5350 0.08909520506858826
5360 0.09309670329093933
5370 0.09381819516420364
5380 0.09369976073503494
5390 0.0947553738951683
5400 0.09493881464004517
5410 0.09523379802703857
5420 0.09094535559415817
5430 0.08799124509096146
5440 0.08611653745174408
5450 0.08657815307378769
5460 0.08879227191209793
5470 0.09009130299091339
5480 0.09001562744379044
5490 0.09072183072566986
5500 0.09624990820884705
5510 0.09721894562244415
5520 0.09834231436252594
5530 0.09870383888483047
5540 0.09678705036640167
5550 0.08747353404760361
5560 0.08941204845905304
5570 0.09724650532007217
5580 0.09850570559501648
5590 0.09628064185380936
5600 0.09692814946174622
5610 0.09633266925811768
5620 0.0960981547832489
5630 0.09658356010913849
5640 0.0969250276684761
5650 0.09328329563140869
5660 0.09389351308345795
5670 0.09348246455192566
5680 0.09371573477983475
5690 0.09307046234607697
5700 0.08988364040851593
5710 0.08924387395381927
5720 0.0853731632232666
5730 0.08973218500614166
5740 0.09061728417873383
5750 0.07874439656734467
5760 0.0636078268289566
5770 0.08843178302049637
5780 0.09409990906715393
5790 0.09520167112350464
5800 0.09706480801105499
5810 0.09527206420898438
5820 0.09105972945690155
5830 0.08844137936830521
5840 0.0938381627202034
5850 0.09611804038286209
5860 0.09479124844074249
5870 0.08497639000415802
5880 0.09103506803512573
5890 0.08824627101421356
5900 0.09462115168571472
5910 0.09136615693569183
5920 0.09722276777029037
5930 0.09908458590507507
5940 0.09281300008296967
5950 0.09480611979961395
5960 0.0947025865316391
5970 0.0978071540594101
5980 0.09996175765991211
5990 0.09691804647445679
6000 0.09360387921333313
6010 0.08955568075180054
6020 0.08870355784893036
6030 0.08157774806022644
6040 0.09647306799888611
6050 0.09576551616191864
6060 0.0951109305024147
6070 0.08609024435281754
6080 0.08723559975624084
6090 0.08729703724384308
6100 0.08537459373474121
6110 0.08255364000797272
6120 0.08267863094806671
6130 0.08415801823139191
6140 0.08412449061870575
6150 0.0850893035531044
6160 0.0910964161157608
6170 0.08641555905342102
6180 0.07574592530727386
6190 0.08273035287857056
6200 0.08232332020998001
6210 0.08331833034753799
6240 0.09268275648355484
6260 0.0785166397690773
6310 0.09722787141799927
6320 0.09655904769897461
6330 0.09162985533475876
