"Time Step" "point-pressure-a"
20410 -26561.046875
20420 -26686.0859375
20430 -26623.02734375
20440 -26365.005859375
20450 -26091.380859375
20460 -25892.19140625
20470 -25747.748046875
20480 -25316.6171875
20490 -24706.779296875
20500 -24128.26171875
20510 -23703.2578125
20520 -23527.28125
20530 -23581.474609375
20540 -23616.7890625
20550 -23850.85546875
20560 -24235.474609375
20570 -24949.755859375
20580 -25367.27734375
20590 -25344.01171875
20600 -25700.552734375
20610 -25657.130859375
20620 -25711.66015625
20630 -25918.05859375
20640 -26178.84375
20650 -26563.57421875
20660 -26336.943359375
20670 -26150.76171875
20680 -26244.34765625
20690 -26490.53515625
20700 -26604.451171875
20710 -26596.3671875
20720 -26609.037109375
20730 -26713.7734375
20740 -26671.380859375
20750 -26336.521484375
20760 -26170.19140625
20770 -26088.642578125
20780 -25841.87109375
20790 -25656.21875
20800 -25608.81640625
20810 -25768.529296875
20820 -25972.48828125
20830 -26380.40234375
20840 -26654.552734375
20850 -26746.341796875
20860 -26843.912109375
20870 -26813.865234375
20880 -26678.65234375
20890 -26117.064453125
20900 -25345.861328125
20910 -24791.97265625
20920 -24188.203125
20930 -23847.279296875
20940 -23982.357421875
20950 -24110.931640625
20960 -24299.4375
20970 -24397.76953125
20980 -24683.95703125
20990 -24972.181640625
21000 -25363.1015625
21010 -25866.822265625
21020 -26283.478515625
21030 -26453.375
21040 -26431.517578125
21050 -26299.005859375
21060 -26292.455078125
21070 -26396.9453125
21080 -26684.150390625
21090 -26429.77734375
21100 -25880.556640625
21110 -25442.91796875
21120 -25057.587890625
21130 -24791.251953125
21140 -24834.1953125
21150 -25042.046875
21160 -25131.9375
21170 -25272.8984375
21180 -25334.0859375
21190 -25679.01171875
21200 -25919.580078125
21210 -25821.994140625
21220 -25671.666015625
21230 -25515.53515625
21240 -25376.30859375
21250 -25341.052734375
21260 -25298.5390625
21270 -25203.6640625
21280 -24886.234375
21290 -24558.97265625
21300 -24012.72265625
21310 -23516.8828125
21320 -23401.599609375
21330 -23475.20703125
21340 -23592.982421875
21350 -23721.1015625
21360 -23942.880859375
21370 -24230.431640625
21380 -24549.25390625
21390 -24949.451171875
21400 -25219.05859375
21410 -25600.408203125
21420 -25999.81640625
21430 -26152.416015625
21440 -26254.93359375
21450 -26464.287109375
21460 -26754.984375
21470 -27071.115234375
21480 -27127.03515625
21490 -27064.494140625
21500 -27007.45703125
21510 -26933.69140625
21520 -26971.55859375
21530 -26927.904296875
21540 -26952.013671875
21550 -27069.490234375
21560 -27107.15234375
21570 -27080.34375
21580 -27333.169921875
21590 -27454.62109375
21600 -27174.4296875
21610 -26635.76953125
21620 -26239.91796875
21630 -26052.4609375
21640 -26078.51953125
21650 -26113.50390625
21660 -25839.203125
21670 -25429.8984375
21680 -24963.828125
21690 -24597.912109375
21700 -24365.5546875
21710 -24209.642578125
21720 -24174.75390625
21730 -24322.310546875
21740 -24218.875
21750 -24071.5390625
21760 -24062.583984375
21770 -24073.234375
21780 -24198.212890625
21790 -24562.37890625
21800 -25037.904296875
21810 -25319.560546875
21820 -25311.2265625
21830 -25260.978515625
21840 -25551.89453125
21850 -26258.7421875
21860 -27025.9140625
21870 -27348.76953125
21880 -27177.552734375
21890 -27021.4140625
21900 -26863.326171875
21910 -26565.017578125
21920 -26380.30078125
21930 -26192.017578125
21940 -26222.515625
21950 -26319
21960 -26196.888671875
21970 -25917.439453125
21980 -25933.08203125
21990 -26076.09375
22000 -25805.775390625
22010 -25381.86328125
22020 -25047.41796875
22030 -24865.697265625
22040 -24909.755859375
22050 -25120.25
22060 -25385.296875
22070 -25380.412109375
22080 -24943.56640625
22090 -24458.986328125
22100 -24152.9921875
22110 -24016.826171875
22120 -23833.91015625
22130 -23784.52734375
22140 -23922.318359375
22150 -24019.16015625
22160 -24018.0546875
22170 -24104.837890625
22180 -24498.75390625
22190 -24919.08984375
22200 -25400.072265625
22210 -25948.662109375
22220 -26673.337890625
22230 -27183.31640625
22240 -27361.1171875
22250 -27074.9921875
22260 -26554.484375
22270 -26211.970703125
22280 -26149.583984375
22290 -26037.8046875
22300 -26267.30078125
22310 -26448.841796875
22320 -26745.90625
22330 -26918.294921875
22340 -26997.373046875
22350 -26950.39453125
22360 -26933.541015625
22370 -26844.314453125
22380 -26672.814453125
22390 -26337.646484375
22400 -25989.974609375
22410 -25797.212890625
22420 -25791.34375
22430 -25857.4375
22440 -25869.814453125
22450 -25817.861328125
22460 -25551.638671875
22470 -25269.76171875
22480 -24848.353515625
22490 -24526.69140625
22500 -24302.990234375
22510 -23905.93359375
22520 -23216.88671875
22530 -22968.58984375
22540 -23020.99609375
22550 -23241.958984375
22560 -23594.44921875
22570 -23860.447265625
22580 -24426.96875
22590 -25031.5234375
22600 -25476.23828125
22610 -25927.310546875
22620 -26307.423828125
22630 -26563.853515625
22640 -26752.759765625
22650 -27219.416015625
22660 -27518.35546875
22670 -27282.763671875
22680 -27202.724609375
22690 -27253.419921875
22700 -27125.12890625
22710 -26991.623046875
22720 -26959.0078125
22730 -26768.1796875
22740 -26613.220703125
22750 -27015.755859375
22760 -27431.193359375
22770 -27430.640625
22780 -27062.6484375
22790 -26838.70703125
22800 -27069.69921875
22810 -27105.294921875
22820 -26794.42578125
22830 -26454.63671875
22840 -26270.70703125
22850 -26118.02734375
22860 -25680.322265625
22870 -25339.10546875
22880 -25135.203125
22890 -24781.06640625
22900 -24026.9921875
22910 -23691.47265625
22920 -23672.126953125
22930 -23993.72265625
22940 -24440.40625
22950 -24692.255859375
22960 -24849.048828125
22970 -24957.51171875
22980 -25027.712890625
22990 -24977.67578125
23000 -24820.78515625
23010 -24852.9609375
23020 -25083.3203125
23030 -25290.0390625
23040 -25413.490234375
23050 -25616.771484375
23060 -25693.8203125
23070 -25504.662109375
23080 -25335.611328125
23090 -25400.7265625
23100 -25471.66796875
23110 -25551.9453125
23120 -25560.291015625
23130 -25423.57421875
23140 -25158.478515625
23150 -24885.6875
23160 -24981.048828125
23170 -24987.515625
23180 -25051.587890625
23190 -25218.04296875
23200 -25256.76953125
23210 -25221.978515625
23220 -25261.818359375
23230 -25280.056640625
23240 -25341.611328125
23250 -25484.6484375
23260 -25587.087890625
23270 -25386.91796875
23280 -24996.2734375
23290 -24380.087890625
23300 -23998.75390625
23310 -23750.416015625
23320 -23472.3203125
23330 -23318.353515625
23340 -23403.859375
23350 -23654.25
23360 -23823.716796875
23370 -23868.1875
23380 -24188.41015625
23390 -24712.197265625
23400 -25118.05078125
23410 -25367.01171875
23420 -25744.03125
23430 -26170.0859375
23440 -26773.32421875
23450 -27106.84375
23460 -26934.81640625
23470 -26471.033203125
23480 -26732.2265625
23490 -27031.38671875
23500 -27068.291015625
23510 -27167.662109375
23520 -27316.6171875
23530 -27477
23540 -27469.189453125
23550 -27161.59765625
23560 -26720.091796875
23570 -26315.21484375
23580 -26001.984375
23590 -25766.484375
23600 -25577.1015625
23610 -25446.275390625
23620 -25370.6640625
23630 -25318.8671875
23640 -25246.25
23650 -25318.25
23660 -25537.091796875
23670 -25544.77734375
23680 -25294.3359375
23690 -25266.359375
23700 -25218.4453125
23710 -25204.818359375
23720 -25128.32421875
23730 -25162.61328125
23740 -25309.03515625
23750 -25420.66015625
23760 -25488.873046875
23770 -25515.36328125
23780 -25598.173828125
23790 -25892.79296875
23800 -26350.708984375
23810 -26568.29296875
23820 -26811.17578125
23830 -26972.25390625
23840 -26911.203125
23850 -27202.748046875
23860 -27351.07421875
23870 -26983.84375
23880 -26573.484375
23890 -26483.9453125
23900 -26749.65234375
23910 -27012.4765625
23920 -27014.513671875
23930 -26825.271484375
23940 -26670.697265625
23950 -26565.765625
23960 -26479.05078125
23970 -26248.3828125
23980 -25994.208984375
23990 -25839.482421875
24000 -25710.98828125
13810 -25717.55859375
13820 -25684.310546875
13830 -25519.486328125
13840 -25719.6796875
13850 -25938.390625
13860 -26174.455078125
13870 -26512.91796875
13880 -26787.21484375
13890 -26838.7265625
13900 -26782.87890625
13910 -26586.205078125
13920 -26168.541015625
13930 -26016.666015625
13940 -25957.517578125
13950 -25679.560546875
13960 -25259.298828125
13970 -24917.3125
13980 -25367.341796875
13990 -25855.05859375
14000 -25814.62109375
14010 -25931.87890625
14020 -25929.890625
14030 -25479.087890625
14040 -24835.443359375
14050 -24766.654296875
14060 -25223.87109375
14070 -25147.390625
14080 -24675.888671875
14090 -24224.38671875
14100 -23965.59375
14110 -23848.388671875
14120 -23797.8984375
14130 -23888.8359375
14140 -24012.984375
14150 -24209.853515625
14160 -24317.8984375
14170 -24481.51953125
14180 -24920.6171875
14190 -25625.267578125
14200 -26076.158203125
14210 -26027.755859375
14220 -25971.5234375
14230 -26341.37890625
14240 -26461.541015625
14250 -26519.509765625
14260 -26312.984375
14270 -26287.96875
14280 -26274.572265625
14290 -26389.34765625
14300 -26481.748046875
14310 -26598.662109375
14320 -26384.8125
14330 -26196.263671875
14340 -26294.2578125
14350 -26515.888671875
14360 -26405.935546875
14370 -26217.92578125
14380 -25914.904296875
14390 -25734.970703125
14400 -25913.17578125
14410 -26030.1640625
14420 -26114.361328125
14430 -26060.375
14440 -25831.42578125
14450 -25523.95703125
14460 -25149.943359375
14470 -24889.419921875
14480 -24610.9453125
14490 -24307.736328125
14500 -24046.517578125
14510 -23794.08984375
14520 -23486.845703125
14530 -23477.734375
14540 -23657.447265625
14550 -23661.93359375
14560 -23985.41796875
14570 -24482.984375
14580 -24843.54296875
14590 -24972.865234375
14600 -25174.146484375
14610 -25335.30859375
14620 -25175.833984375
14630 -24955.884765625
14640 -25033.95703125
14650 -24927.30859375
14660 -25047.275390625
14670 -25143.71875
14680 -25260.68359375
14690 -25124.88671875
14700 -25020.37109375
14710 -24959.931640625
14720 -24827.189453125
14730 -24974.259765625
14740 -25183.896484375
14750 -25232.681640625
14760 -25218.65625
14770 -25241.65234375
14780 -25398.388671875
14790 -25621.154296875
14800 -25826.140625
14810 -25928.705078125
14820 -25745.576171875
14830 -25403.484375
14840 -25076.693359375
14850 -24908.439453125
14860 -25010.859375
14870 -25019.794921875
14880 -24935.314453125
14890 -24738.505859375
14900 -24441.666015625
14910 -24087.94140625
14920 -23901.142578125
14930 -23854.51953125
14940 -23989.12109375
14950 -24216.990234375
14960 -24436.41015625
14970 -24636.2421875
14980 -24742.078125
14990 -24701.92578125
15000 -25098.8515625
15010 -25564.763671875
15020 -25893.26953125
15030 -26204.048828125
15040 -27190.556640625
15050 -28120.75
15060 -27605.009765625
15070 -26980.71484375
15080 -26808.375
15090 -26643.259765625
15100 -26199.275390625
15110 -26002.849609375
15120 -26049.53515625
15130 -26281.880859375
15140 -26472.01171875
15150 -26613.16015625
15160 -26535.06640625
15170 -26402.71484375
15180 -26422.513671875
15190 -26464.5546875
15200 -26497.994140625
15210 -26484.146484375
15220 -26128.490234375
15230 -25722.875
15240 -25384.71875
15250 -25054.755859375
15260 -24596.23046875
15270 -24404.974609375
15280 -24427.435546875
15290 -24157.751953125
15300 -23702.751953125
15310 -23340.822265625
15320 -23104.888671875
15330 -22936.349609375
15340 -22995.486328125
15350 -23252.44140625
15360 -23597.271484375
15370 -23909.5234375
15380 -24200.88671875
15390 -24491.96484375
15400 -24654.240234375
15410 -24630.43359375
15420 -24535
15430 -24478.06640625
15440 -24503.220703125
15450 -24902.908203125
15460 -25501.10546875
15470 -25922.3359375
15480 -26261.375
15490 -26601.658203125
15500 -26882.591796875
15510 -27116.220703125
15520 -27359.861328125
15530 -27284.984375
15540 -26891.93359375
15550 -26587.177734375
15560 -26488.4296875
15570 -26530.125
15580 -26581.86328125
15590 -26474.4921875
15600 -26092.7265625
15610 -25978.7265625
15620 -26017.685546875
15630 -25868.130859375
15640 -25724.69921875
15650 -25603.97265625
15660 -25182.38671875
15670 -24761.48046875
15680 -24485.919921875
15690 -24388.849609375
15700 -24238.61328125
15710 -23978.25
15720 -23807.47265625
15730 -24158.310546875
15740 -24633.5859375
15750 -25054.7421875
15760 -25241.54296875
15770 -25241.013671875
15780 -25391.3515625
15790 -25691.29296875
15800 -25726.69140625
15810 -25614.138671875
15820 -25335.697265625
15830 -24921.033203125
15840 -24899.9140625
15850 -25043.833984375
15860 -25097.740234375
15870 -25177.2734375
15880 -25362.759765625
15890 -25533.810546875
15900 -25737.404296875
15910 -26100.8203125
15920 -26521.005859375
15930 -26657.12109375
15940 -26685.6015625
15950 -26670.583984375
15960 -26517.998046875
15970 -26277.033203125
15980 -25941.3359375
15990 -25542.9140625
16000 -25138.265625
16010 -24979.76953125
16020 -24974.23046875
16030 -25006.822265625
16040 -25107.3359375
16050 -24977.23046875
16060 -24889.541015625
16070 -24896.892578125
16080 -24744.443359375
16090 -24618.64453125
16100 -24633.30859375
16110 -24589.4375
16120 -24782.1953125
16130 -25307.08203125
16140 -25651.818359375
16150 -25588.021484375
16160 -25469.677734375
16170 -25606.283203125
16180 -25959.9453125
16190 -26303.126953125
16200 -26468.9375
16210 -26755.37109375
16220 -26884.109375
16230 -26797.16015625
16240 -26869.78125
16250 -26959.87109375
16260 -27129.326171875
16270 -27258.212890625
16280 -27351.259765625
16290 -27400.958984375
16300 -27412.125
16310 -27221.8515625
16320 -27114.595703125
16330 -27405.888671875
16340 -27659.15234375
16350 -27774.19921875
16360 -27779.560546875
16370 -27578.0234375
16380 -27405.248046875
16390 -27418.26171875
16400 -27245.740234375
16410 -26694.560546875
16420 -26297.0859375
16430 -26160.5625
16440 -25930.005859375
16450 -25597.865234375
16460 -25358.447265625
16470 -25216.021484375
16480 -24920.421875
16490 -24425.14453125
16500 -23923.748046875
16510 -23520.58203125
16520 -23289.330078125
16530 -23326.4140625
16540 -23510.626953125
16550 -24045.529296875
16560 -24804.07421875
16570 -25488.154296875
16580 -25934.484375
16590 -25808.41015625
16600 -25666.69140625
16610 -25974.2265625
16620 -25931.287109375
16630 -25089.52734375
16640 -24796.08203125
16650 -25007.53125
16660 -25284.78125
16670 -25704.111328125
16680 -26225.6015625
16690 -26607.31640625
16700 -26566.64453125
16710 -26256.365234375
16720 -26305.12109375
16730 -26632.84375
16740 -27085.46484375
16750 -27253.583984375
16760 -27167.693359375
16770 -26936.2109375
16780 -26680.1328125
16790 -26377.33984375
16800 -26052.94921875
16810 -25849.41015625
16820 -25764.65625
16830 -25808.53125
16840 -25847.05078125
16850 -25827.734375
16860 -25846.52734375
16870 -25850.591796875
16880 -25853.619140625
16890 -25900.091796875
16900 -25679.279296875
16910 -25253.64453125
16920 -24772.767578125
16930 -24460.30078125
16940 -24467.140625
16950 -24491.037109375
16960 -24419.169921875
16970 -24232.421875
16980 -23971.93359375
16990 -23843.029296875
17000 -23993.115234375
17010 -24535.751953125
17020 -24992.34375
17030 -25281.00390625
17040 -25655.22265625
17050 -26060.1875
17060 -26165.88671875
17070 -26040.935546875
17080 -26060.5078125
17090 -26257.73046875
17100 -26437.12890625
17110 -26493.046875
17120 -26370.208984375
17130 -25891.087890625
17140 -25447.107421875
17150 -25381.873046875
17160 -25479.2890625
17170 -25445.88671875
17180 -25390.37890625
17190 -25465.76171875
17200 -25635.91796875
17210 -25672.42578125
17220 -25775.212890625
17230 -25865.138671875
17240 -25975.04296875
17250 -26017.080078125
17260 -25989.814453125
17270 -25769.044921875
17280 -25325.90234375
17290 -24818.98828125
17300 -24561.87890625
17310 -24255.33984375
17320 -24019.583984375
17330 -24072.13671875
17340 -24289.5078125
17350 -24609.453125
17360 -24811.556640625
17370 -25198.37109375
17380 -25615.146484375
17390 -25967.26171875
17400 -26836.146484375
17410 -27455.6015625
17420 -27489.2578125
17430 -27181.966796875
17440 -27320.7265625
17450 -27380.0625
17460 -26883.900390625
17470 -26732.52734375
17480 -26846.294921875
17490 -26835.791015625
17500 -26523.208984375
17510 -26362.115234375
17520 -26229.19921875
17530 -26219.564453125
17540 -26452.142578125
17550 -26743.546875
17560 -26899.017578125
17570 -26961.63671875
17580 -26916.30859375
17590 -26729.919921875
17600 -26470.3671875
17610 -26256.296875
17620 -26103.826171875
17630 -26177.87109375
17640 -26329.259765625
17650 -26128.95703125
17660 -25821.228515625
17670 -25508.44921875
17680 -25348.091796875
17690 -25197.310546875
17700 -25052.6875
17710 -24849.205078125
17720 -24741.4375
17730 -24609.66796875
17740 -24677.56640625
17750 -25005.8203125
17760 -25205.697265625
17770 -25298.880859375
17780 -25689.212890625
17790 -26213.380859375
17800 -26723.8515625
17810 -27354.541015625
17820 -27717.20703125
17830 -27809.501953125
17840 -27642.611328125
17850 -27450.765625
17860 -27252.44921875
17870 -27083.349609375
17880 -27036.072265625
17890 -26828.16015625
17900 -26435.869140625
17910 -26159.51171875
17920 -26246.0859375
17930 -26517.056640625
17940 -26759.943359375
17950 -27047.53125
17960 -27329.162109375
17970 -27581.19921875
17980 -27898.091796875
17990 -28154.84765625
18000 -28161.392578125
18010 -28052.111328125
18020 -27790.947265625
18030 -27394.568359375
18040 -26911.837890625
18050 -26398.53515625
18060 -25901.689453125
18070 -25414.94140625
18080 -25091.390625
18090 -24860.552734375
18100 -24529.376953125
18110 -24397.595703125
18120 -24396.548828125
18130 -24482.642578125
18140 -24528.439453125
18150 -24466.4921875
18160 -24601.029296875
18170 -24867.138671875
18180 -25217.802734375
18190 -25523.6875
18200 -25772.880859375
18210 -25922.55078125
18220 -26057.33203125
18230 -26424.4921875
18240 -25790.1171875
18250 -25360.578125
18260 -25322.275390625
18270 -25245.03515625
18280 -25383.392578125
18290 -25574.587890625
18300 -25706.0078125
18310 -25754.9765625
18320 -25644.615234375
18330 -25603.61328125
18340 -25649.732421875
18350 -25551.953125
18360 -25491.900390625
18370 -25509.3125
18380 -25622.75390625
18390 -25929.71875
18400 -26263.396484375
18410 -26574.654296875
18420 -26711.009765625
18430 -26614.884765625
18440 -26505.18359375
18450 -26384.689453125
18460 -26241.97265625
18470 -26103.99609375
18480 -26002.80859375
18490 -25792.376953125
18500 -25690.08203125
18510 -25683.744140625
18520 -25476.515625
18530 -25136.833984375
18540 -24798.2890625
18550 -24760.103515625
18560 -24804.861328125
18570 -24850.853515625
18580 -25088.650390625
18590 -25402.19140625
18600 -25674.251953125
18610 -25831.51953125
18620 -26315.58203125
18630 -26998.75390625
18640 -27177.705078125
18650 -26965.5234375
18660 -26937.953125
18670 -26739.634765625
18680 -26675.587890625
18690 -26786.375
18700 -27175.935546875
18710 -27264.01171875
18720 -27232.638671875
18730 -27171.220703125
18740 -26906.146484375
18750 -26656.65625
18760 -26505.857421875
18770 -26466.453125
18780 -26443.53515625
18790 -26329.826171875
18800 -26249.962890625
18810 -26086.802734375
18820 -25975.068359375
18830 -25726.521484375
18840 -25310.603515625
18850 -25156.880859375
18860 -25125.0859375
18870 -25065.908203125
18880 -24830.3828125
18890 -24591.40625
18900 -24525.369140625
18910 -24443.0390625
18920 -24381.46484375
18930 -24476.158203125
18940 -24482.33984375
18950 -24323.06640625
18960 -24447.283203125
18970 -24631.67578125
18980 -24702.421875
18990 -24697.4609375
19000 -24733.9140625
19010 -25036.99609375
19020 -25211.15625
19030 -25335.185546875
19040 -25392.41015625
19050 -25624.375
19060 -25946.3515625
19070 -26197.27734375
19080 -25985.173828125
19090 -25521.38671875
19100 -25300.375
19110 -25298.169921875
19120 -25363.93359375
19130 -25424.5078125
19140 -25437.537109375
19150 -25468.84765625
19160 -25500.009765625
19170 -25665.916015625
19180 -25936.93359375
19190 -26333.359375
19200 -26736.1015625
19210 -26923.92578125
19220 -26905.95703125
19230 -26810.28515625
19240 -26537.828125
19250 -26189.193359375
19260 -25835.17578125
19270 -25424.169921875
19280 -25045.357421875
19290 -24676.56640625
19300 -24376.7734375
19310 -24170.107421875
19320 -23823.3125
19330 -23642.35546875
19340 -24197.158203125
19350 -24570.716796875
19360 -24906.666015625
19370 -25178.63671875
19380 -25364.515625
19390 -25639.916015625
19400 -25999.455078125
19410 -26040.27734375
19420 -25731.216796875
19430 -25407.3046875
19440 -25162.43359375
19450 -25081.71484375
19460 -25113.37890625
19470 -25535.982421875
19480 -25825.298828125
19490 -25791.671875
19500 -25501.111328125
19510 -25260.80078125
19520 -25392.115234375
19530 -25754.505859375
19540 -25922.30078125
19550 -25895.12109375
19560 -25898.708984375
19570 -25512.3125
19580 -24980.74609375
19590 -24717.8828125
19600 -24623.849609375
19610 -24725.837890625
19620 -24870.37890625
19630 -24994.064453125
19640 -24844.06640625
19650 -24658.123046875
19660 -24388.482421875
19670 -24055.90625
19680 -23828.515625
19690 -23667.71875
19700 -23486.744140625
19710 -23363.9921875
19720 -23262.22265625
19730 -23542.013671875
19740 -24136.384765625
19750 -24794.115234375
19760 -24897.154296875
19770 -24880.583984375
19780 -24961.162109375
19790 -25173.248046875
19800 -25117.826171875
19810 -25166.5078125
19820 -25222.794921875
19830 -25542.3125
19840 -26180.4375
19850 -26624.83984375
19860 -26743.078125
19870 -26681.2890625
19880 -26652.837890625
19890 -26758.96875
19900 -26965.005859375
19910 -27219.146484375
19920 -27334.982421875
19930 -27364.447265625
19940 -27074.455078125
19950 -26882.15625
19960 -26966.759765625
19970 -26896.009765625
19980 -26925.15625
19990 -26623.693359375
20000 -26565.197265625
20010 -26841.236328125
20020 -26971.80859375
20030 -26892.796875
20040 -26996.5390625
20050 -27128.544921875
20060 -26891.162109375
20070 -26392.06640625
20080 -26044.42578125
20090 -25582.416015625
20100 -25011.73828125
20110 -24710.826171875
20120 -24651.5078125
20130 -24741.79296875
20140 -24878.509765625
20150 -25216.228515625
20160 -25583.53125
20170 -25767.58203125
20180 -25858.240234375
20190 -26033.55078125
20200 -26026.578125
20210 -25655.509765625
20220 -25308.59765625
20230 -25191.775390625
20240 -25354.3984375
20250 -25603.123046875
20260 -25641.18359375
20270 -25388.390625
20280 -25366.34765625
20290 -25556.228515625
20300 -25432.9453125
20310 -25359.52734375
20320 -25555.107421875
20330 -25812.9140625
20340 -26013.349609375
20350 -26293.712890625
20360 -26489.89453125
20370 -26415.595703125
20380 -26427.658203125
20390 -26555.443359375
20400 -26553.50390625
6810 -26148.73046875
6820 -26007.619140625
6830 -25981.87890625
6840 -26363.48046875
6850 -26602.3828125
6860 -26362.08984375
6870 -25961.470703125
6880 -25181.65234375
6890 -24686.095703125
6900 -24142.638671875
6910 -23708.4609375
6920 -23445.076171875
6930 -23331.478515625
6940 -23488.9765625
6950 -23702.080078125
6960 -23856.712890625
6970 -24133.12109375
6980 -24431.37109375
6990 -24666.970703125
7000 -24912.865234375
7010 -25063.50390625
7020 -25158.001953125
7030 -25073.5859375
7040 -24782.30078125
7050 -24930.6171875
7060 -25392.0859375
7070 -25676.486328125
7080 -25723.607421875
7090 -25807.771484375
7100 -26027.6171875
7110 -25925.9140625
7120 -26054.166015625
7130 -25962.95703125
7140 -25705.40234375
7150 -25402.974609375
7160 -25019.236328125
7170 -24734.1796875
7180 -24576.80078125
7190 -24644.95703125
7200 -25020.513671875
7210 -25298.1796875
7220 -25634.875
7230 -25857.154296875
7240 -25641.197265625
7250 -25395.38671875
7260 -25424.224609375
7270 -25539.005859375
7280 -25458.748046875
7290 -25191.240234375
7300 -24673.91015625
7310 -24229.80078125
7320 -24070.08984375
7330 -24220.533203125
7340 -24361.419921875
7350 -24527.056640625
7360 -24741.69921875
7370 -24939.373046875
7380 -25045.83984375
7390 -25052.990234375
7400 -25431.4296875
7410 -26221.84765625
7420 -26204.037109375
7430 -25999.951171875
7440 -25941.47265625
7450 -26053.4765625
7460 -25974.751953125
7470 -25871.650390625
7480 -25557.298828125
7490 -25276.955078125
7500 -25177.4375
7510 -25259.08203125
7520 -25437
7530 -25640.779296875
7540 -25510.19140625
7550 -25218.7578125
7560 -25056.169921875
7570 -24896.984375
7580 -24776.11328125
7590 -24825.8125
7600 -25049.83984375
7610 -25374.1953125
7620 -25715.3203125
7630 -25946.1328125
7640 -26054.1015625
7650 -26011.927734375
7660 -25846.4296875
7670 -25483.546875
7680 -25163.83984375
7690 -24742.14453125
7700 -24208.244140625
7710 -23982.66015625
7720 -23943.69921875
7730 -23915.0703125
7740 -23993.38671875
7750 -24158.8515625
7760 -24369.916015625
7770 -24541.48828125
7780 -24678.634765625
7790 -24911.46484375
7800 -25126.640625
7810 -25121.869140625
7820 -25106.421875
7830 -25616.228515625
7840 -26117.123046875
7850 -26259.2421875
7860 -26140.359375
7870 -25919.09765625
7880 -25867.625
7890 -25823.64453125
7900 -25767.26171875
7910 -26007.880859375
7920 -26291.1796875
7930 -26309.994140625
7940 -26028.63671875
7950 -25746.68359375
7960 -25586.794921875
7970 -25502.0234375
7980 -25431.677734375
7990 -25444.35546875
8000 -25447.7421875
8010 -25575.220703125
8020 -25833.857421875
8030 -26067.416015625
8040 -26155.94921875
8050 -26083.4609375
8060 -25805.36328125
8070 -25618.693359375
8080 -25387.361328125
8090 -25212.8125
8100 -25090.0859375
8110 -24972.67578125
8120 -24708.4609375
8130 -24476.201171875
8140 -24257.90625
8150 -24070.216796875
8160 -23981.923828125
8170 -23958.3828125
8180 -24076.96875
8190 -24086.609375
8200 -24073.08984375
8210 -23985.859375
8220 -24006.439453125
8230 -24148.318359375
8240 -24084.205078125
8250 -23900.431640625
8260 -24081.73828125
8270 -24549.576171875
8280 -24827.609375
8290 -24908.396484375
8300 -24811.0859375
8310 -24716.294921875
8320 -24672.6484375
8330 -24714.439453125
8340 -24944.916015625
8350 -25123.35546875
8360 -25239.20703125
8370 -25381.873046875
8380 -25452.388671875
8390 -25473.46484375
8400 -25413.59375
8410 -25124.90234375
8420 -25134.63671875
8430 -25448.177734375
8440 -25663.421875
8450 -25595.505859375
8460 -25358.283203125
8470 -25150.48828125
8480 -24909.6953125
8490 -24565.353515625
8500 -24215.15234375
8510 -23903.275390625
8520 -23647.8359375
8530 -23741.935546875
8540 -24336.68359375
8550 -25078.41015625
8560 -25735.48828125
8570 -26312.087890625
8580 -26756.4609375
8590 -27060.46484375
8600 -27042.21484375
8610 -26966.060546875
8620 -27024.29296875
8630 -26864.638671875
8640 -26534.390625
8650 -25856.642578125
8660 -25802.40625
8670 -26162.482421875
8680 -26431.92578125
8690 -26322.8203125
8700 -26418.439453125
8710 -26397.740234375
8720 -26262.115234375
8730 -26103.685546875
8740 -25946.841796875
8750 -25675.359375
8760 -25228.18359375
8770 -24841.908203125
8780 -24606.169921875
8790 -24552.046875
8800 -24392.57421875
8810 -24001.025390625
8820 -23770.29296875
8830 -23662.935546875
8840 -23771.599609375
8850 -23987.09375
8860 -24048.677734375
8870 -24231.25
8880 -24296.908203125
8890 -24033.72265625
8900 -23655.462890625
8910 -23326.0078125
8920 -23130.33203125
8930 -23207.638671875
8940 -23562.89453125
8950 -24161.572265625
8960 -24802.55078125
8970 -25275.23828125
8980 -25693.921875
8990 -26107.45703125
9000 -26596.2890625
9010 -26663.44921875
9020 -26894.1484375
9030 -26793.28125
9040 -26796.29296875
9050 -26508.6796875
9060 -26234.73046875
9070 -26367.03125
9080 -26655.97265625
9090 -27008.244140625
9100 -27116.857421875
9110 -26779.4921875
9120 -26494.1796875
9130 -26333.861328125
9140 -26058.388671875
9150 -25764.85546875
9160 -25531.19921875
9170 -25488.650390625
9180 -25522.09765625
9190 -25348.283203125
9200 -25269.109375
9210 -25599.447265625
9220 -26016.88671875
9230 -26431.470703125
9240 -26643.41015625
9250 -26415.6328125
9260 -25950.935546875
9270 -25780.734375
9280 -25676.013671875
9290 -25158.48046875
9300 -24768.359375
9310 -24379.302734375
9320 -23908.251953125
9330 -23615.666015625
9340 -23488.05078125
9350 -23526.8125
9360 -23594.669921875
9370 -23616.310546875
9380 -23660.23828125
9390 -23857.189453125
9400 -24474.689453125
9410 -25097.72265625
9420 -25221.9296875
9430 -25285.94140625
9440 -25500.111328125
9450 -25704.4609375
9460 -25896.763671875
9470 -25974.375
9480 -26068.455078125
9490 -26149.54296875
9500 -26282.638671875
9510 -26369.9453125
9520 -26396.5859375
9530 -26399.92578125
9540 -26428.67578125
9550 -26237.06640625
9560 -26039.359375
9570 -25944.716796875
9580 -26001.408203125
9590 -26232.369140625
9600 -26418.955078125
9610 -26353.541015625
9620 -26358.8359375
9630 -26246.34375
9640 -26253.73828125
9650 -26127.501953125
9660 -25841.828125
9670 -25577.87890625
9680 -25285.134765625
9690 -24978.71484375
9700 -24555.05078125
9710 -24029.7734375
9720 -23795.015625
9730 -23774.53515625
9740 -23887.98828125
9750 -24370.298828125
9760 -24859.232421875
9770 -25063.693359375
9780 -24972.8515625
9790 -25189.4453125
9800 -25556.638671875
9810 -26018.708984375
9820 -26446.318359375
9830 -26596.458984375
9840 -26818.4765625
9850 -27104.0546875
9860 -27091.78125
9870 -27182.607421875
9880 -27083.89453125
9890 -27014.224609375
9900 -27074.021484375
9910 -27065.103515625
9920 -26926.138671875
9930 -26605.529296875
9940 -26094.697265625
9950 -25562.64453125
9960 -25261.384765625
9970 -25004.41796875
9980 -24881.533203125
9990 -24908.462890625
10000 -24927.67578125
10010 -24986.48046875
10020 -25250.69921875
10030 -25620.935546875
10040 -25705.34765625
10050 -25502.66015625
10060 -25249.7265625
10070 -24943.638671875
10080 -24590.525390625
10090 -24339.98046875
10100 -24118.736328125
10110 -23894.181640625
10120 -23896.59765625
10130 -24122.431640625
10140 -24291.65234375
10150 -24608.84765625
10160 -25072.16015625
10170 -25372.38671875
10180 -25545.7421875
10190 -25837.744140625
10200 -25828.208984375
10210 -25982.78125
10220 -26290.9375
10230 -26508.79296875
10240 -26620.939453125
10250 -26493.419921875
10260 -26237.896484375
10270 -25955.849609375
10280 -25819.84375
10290 -25777.607421875
10300 -25731.123046875
10310 -25701.91796875
10320 -25691.69140625
10330 -25873.982421875
10340 -26139.8359375
10350 -26356.01953125
10360 -26434.880859375
10370 -26601.466796875
10380 -26787.951171875
10390 -26873.12890625
10400 -26812.998046875
10410 -26678.109375
10420 -26981.0078125
10430 -27413.19921875
10440 -27332.173828125
10450 -27166.431640625
10460 -27092.615234375
10470 -26922.734375
10480 -26735.677734375
10490 -26442.453125
10500 -25818.68359375
10510 -25325.53125
10520 -24901.58984375
10530 -24530.263671875
10540 -24518.50390625
10550 -24592.681640625
10560 -24626.5859375
10570 -24837.6171875
10580 -25121.798828125
10590 -25335.310546875
10600 -25487.505859375
10610 -25521.19921875
10620 -25520.2109375
10630 -25695.556640625
10640 -25943.888671875
10650 -25733.31640625
10660 -25593.826171875
10670 -25427.34375
10680 -25066.91015625
10690 -24901.5078125
10700 -25132.91015625
10710 -25378.611328125
10720 -25557.248046875
10730 -25631.40625
10740 -25626.66015625
10750 -25810.587890625
10760 -25935.8984375
10770 -25732.556640625
10780 -25511.37109375
10790 -25439.357421875
10800 -25445.740234375
10810 -25532.544921875
10820 -25597.537109375
10830 -25621.056640625
10840 -25712.94921875
10850 -25752.58203125
10860 -25538.251953125
10870 -25155.361328125
10880 -25051.84375
10890 -25089.28515625
10900 -25099.240234375
10910 -25149.798828125
10920 -25228.95703125
10930 -25430.234375
10940 -25645.28515625
10950 -25731.833984375
10960 -25891.2890625
10970 -26171.380859375
10980 -26392.9609375
10990 -26563.408203125
11000 -27049.96875
11010 -27186.55078125
11020 -27216.44140625
11030 -27235.345703125
11040 -27271.533203125
11050 -27398.9609375
11060 -27304.107421875
11070 -27049.08203125
11080 -26810.583984375
11090 -26745.75390625
11100 -26858.56640625
11110 -26907.7109375
11120 -26867.0859375
11130 -26642.33203125
11140 -26245.259765625
11150 -25796.048828125
11160 -25354.078125
11170 -24924.55078125
11180 -24847.904296875
11190 -25126.474609375
11200 -25450.51171875
11210 -25582.736328125
11220 -25727.38671875
11230 -25954.060546875
11240 -26314.662109375
11250 -26506.419921875
11260 -26406.748046875
11270 -26177.767578125
11280 -25752.65234375
11290 -24967.1015625
11300 -23893.32421875
11310 -23122.65234375
11320 -22781.912109375
11330 -23000.662109375
11340 -23439.302734375
11350 -23929.25390625
11360 -24339.1875
11370 -24743.708984375
11380 -25104.560546875
11390 -25477.34375
11400 -25994.83984375
11410 -26016.091796875
11420 -26013.998046875
11430 -25765.94140625
11440 -25661.44921875
11450 -25734.267578125
11460 -25886.80078125
11470 -26051.068359375
11480 -26085.232421875
11490 -25953.90234375
11500 -26129.65234375
11510 -26349.828125
11520 -26253.845703125
11530 -26184.8046875
11540 -26661.70703125
11550 -27182.583984375
11560 -27424.59765625
11570 -27442.34375
11580 -27222.6875
11590 -27009.396484375
11600 -26616.41015625
11610 -26282.4921875
11620 -26086.177734375
11630 -25583.958984375
11640 -24976.369140625
11650 -24546.47265625
11660 -24608.693359375
11670 -24995.98046875
11680 -25000.15234375
11690 -24595.8359375
11700 -24298.6171875
11710 -24012.083984375
11720 -23983.919921875
11730 -23939.380859375
11740 -23766.79296875
11750 -23852.47265625
11760 -23950.3359375
11770 -24142.966796875
11780 -23900.755859375
11790 -23571.5
11800 -24126.3359375
11810 -25083.26953125
11820 -25514.783203125
11830 -25799.423828125
11840 -25978.14453125
11850 -26064.50390625
11860 -26081.69921875
11870 -25804.333984375
11880 -25465.73828125
11890 -25500.009765625
11900 -25220.892578125
11910 -25310.984375
11920 -25604.958984375
11930 -26032.751953125
11940 -26389.2578125
11950 -26578.412109375
11960 -26323.654296875
11970 -25888.673828125
11980 -25500.3828125
11990 -25256.767578125
12000 -25226.11328125
12010 -25383.53515625
12020 -25420.423828125
12030 -25287.109375
12040 -25213.23828125
12050 -25348.91796875
12060 -25299.359375
12070 -25154.869140625
12080 -25096.048828125
12090 -24882.99609375
12100 -24423.150390625
12110 -24069.30859375
12120 -23646.5625
12130 -23255.08203125
12140 -23127.6328125
12150 -23351.44140625
12160 -23785.25390625
12170 -24397.453125
12180 -25075.16015625
12190 -25647.15234375
12200 -25827.396484375
12210 -26186.98046875
12220 -26479.33203125
12230 -26758.9765625
12240 -26780.447265625
12250 -26648.392578125
12260 -26660.98046875
12270 -26797.36328125
12280 -26837.359375
12290 -26896.576171875
12300 -27036.80859375
12310 -27114.236328125
12320 -27205.470703125
12330 -27034.7109375
12340 -26815.40234375
12350 -26760.3515625
12360 -26814.294921875
12370 -26695.892578125
12380 -26718.908203125
12390 -26800.41796875
12400 -26767.833984375
12410 -26730.048828125
12420 -26813.578125
12430 -26569.837890625
12440 -25954.32421875
12450 -25571.4609375
12460 -25202.6640625
12470 -24967.259765625
12480 -24848.55859375
12490 -24824.603515625
12500 -24603.724609375
12510 -24249.068359375
12520 -24117.716796875
12530 -24087.97265625
12540 -24147.83984375
12550 -24388.37109375
12560 -24825.9375
12570 -25250.94921875
12580 -25449.2421875
12590 -25720.341796875
12600 -25974.388671875
12610 -25879.7265625
12620 -25777.94921875
12630 -26049.302734375
12640 -26343.296875
12650 -26471.7890625
12660 -26664.8046875
12670 -26878.671875
12680 -26814.4140625
12690 -26456.072265625
12700 -26029.09765625
12710 -25814.45703125
12720 -26011.59765625
12730 -26236.693359375
12740 -26256.869140625
12750 -26179.716796875
12760 -26184.32421875
12770 -26253.25390625
12780 -26443.681640625
12790 -26688.87109375
12800 -26793.400390625
12810 -26909.21875
12820 -27026.158203125
12830 -27087.71875
12840 -27129.416015625
12850 -27011.591796875
12860 -26672.70703125
12870 -26288.625
12880 -26412.376953125
12890 -25800.490234375
12900 -24786.888671875
12910 -24193.806640625
12920 -23714.623046875
12930 -23464.5234375
12940 -23566.603515625
12950 -23884.15234375
12960 -24223.01171875
12970 -24564.0703125
12980 -24647.197265625
12990 -24783.3359375
13000 -25228.025390625
13010 -25488.5859375
13020 -25850.091796875
13030 -26381.666015625
13040 -26838.166015625
13050 -27201.62890625
13060 -27360.544921875
13070 -27234.86328125
13080 -27358.490234375
13090 -27473.46484375
13100 -27439.5703125
13110 -27099.0625
13120 -26793.541015625
13130 -26986.13671875
13140 -27048.162109375
13150 -26842.98828125
13160 -26734.025390625
13170 -26651.353515625
13180 -26673.986328125
13190 -26687.275390625
13200 -26746.771484375
13210 -26744.798828125
13220 -26682.421875
13230 -26551.341796875
13240 -26155.490234375
13250 -25752.94921875
13260 -25253.07421875
13270 -24876.34375
13280 -24682.919921875
13290 -24734.771484375
13300 -24844.251953125
13310 -24712.7734375
13320 -24555.783203125
13330 -24667.01171875
13340 -24819.46875
13350 -24985.427734375
13360 -25265.32421875
13370 -25621.12109375
13380 -25921.28515625
13390 -26234.84375
13400 -26186.033203125
13410 -25944.8359375
13420 -25719.185546875
13430 -25683.08984375
13440 -25713.392578125
13450 -25651.826171875
13460 -25426.0703125
13470 -25394.77734375
13480 -25648.9375
13490 -26215.890625
13500 -26700.587890625
13510 -26829.87109375
13520 -26555.876953125
13530 -26232.3984375
13540 -26120.04296875
13550 -26164.33984375
13560 -26373.048828125
13570 -26503.66796875
13580 -26476.818359375
13590 -26268.751953125
13600 -25868.115234375
13610 -25464.302734375
13620 -25064.193359375
13630 -24763.16796875
13640 -24732.75390625
13650 -24955.982421875
13660 -24970.806640625
13670 -24576.203125
13680 -24197.966796875
13690 -23792.56640625
13700 -23306.142578125
13710 -22708.72265625
13720 -22120.041015625
13730 -21861.296875
13740 -21842.599609375
13750 -22186.994140625
13760 -22837.298828125
13770 -23470.240234375
13780 -23958.19140625
13790 -24517.771484375
13800 -25233.447265625
6210 -25606.37890625
6220 -25749.78125
6230 -25964.994140625
6240 -26097.271484375
6250 -26199.552734375
6260 -26296.00390625
6270 -26405.623046875
6280 -26194.146484375
6290 -26004.73828125
6300 -25792.853515625
6310 -25581.732421875
6320 -25246.525390625
6330 -24800.83984375
6340 -24412.66015625
6350 -24175.251953125
6360 -24125.796875
6370 -24125.177734375
6380 -24238.80859375
6390 -24489.26953125
6400 -24901.3984375
6410 -25351.7265625
6420 -25519.787109375
6430 -25457.6328125
6440 -25366.55859375
6450 -25170.75390625
6460 -24909.28515625
6470 -24611.322265625
6480 -24235
6490 -23871.9140625
6500 -23644.83203125
6510 -23579.150390625
6520 -23670.212890625
6530 -23880.978515625
6540 -24029.5
6550 -24168.15234375
6560 -24491.83984375
6570 -25059.443359375
6580 -25658.45703125
6590 -25706.0859375
6600 -25250.853515625
6610 -24857.36328125
6620 -24778.521484375
6630 -24451.509765625
6640 -23991.02734375
6650 -23934.126953125
6660 -24518.849609375
6670 -25574.984375
6680 -25748.818359375
6690 -26087.12109375
6700 -26640.423828125
6710 -26924.416015625
6720 -26716.31640625
6730 -26556.26953125
6740 -26662.580078125
6750 -26933.771484375
6760 -26926.9609375
6770 -26663.322265625
6780 -26435.29296875
6790 -26259.23046875
6800 -26209.71484375
6810 -26140.416015625
0 -20487.94140625
10 -23574.63671875
20 -23664.193359375
30 -23738.5625
40 -23754.59375
50 -23723.05859375
60 -23535.625
70 -23288.01171875
80 -22742.79296875
90 -21948.30078125
100 -20892.15234375
110 -19689.91015625
120 -18674.927734375
130 -18114.37109375
140 -18081.251953125
150 -18294.5234375
160 -18503.375
170 -18614.3359375
180 -18582.693359375
190 -18466.07421875
200 -18467.525390625
210 -18559.283203125
220 -18577.97265625
230 -18513.623046875
240 -18506.3515625
250 -18693.46875
260 -18935.431640625
270 -19111.328125
280 -19259.259765625
290 -19408.076171875
300 -19613.55859375
310 -19919.671875
320 -20135.82421875
330 -20287.42578125
340 -20288.16015625
350 -20124.212890625
360 -19948.849609375
370 -19742.08203125
380 -19704.51171875
390 -19942.486328125
400 -19899.154296875
410 -19897.54296875
420 -19975.205078125
430 -19985.1171875
440 -19966.892578125
450 -19920.884765625
460 -19876.783203125
470 -19845.0390625
480 -19795.712890625
490 -19720.2265625
500 -19584.5234375
510 -19449.498046875
520 -19342.037109375
530 -19365.03515625
540 -19504.494140625
550 -19712.9921875
560 -19962.4140625
570 -20191.67578125
580 -20332.564453125
590 -20371.201171875
600 -20451.337890625
610 -20633.462890625
620 -21092.03125
630 -21685.76953125
640 -22022.181640625
650 -22201.31640625
660 -22128.85546875
670 -22017.96484375
680 -21912.765625
690 -21962.140625
700 -22041.201171875
710 -22095.50390625
720 -22192.9921875
730 -22404.6484375
740 -22615.126953125
750 -22807.2578125
760 -22917.427734375
770 -23107.033203125
780 -23097.826171875
790 -22952.875
800 -22929.037109375
810 -23057.83984375
820 -23433.140625
830 -23844.234375
840 -24083.40625
850 -24250.26171875
860 -24159.955078125
870 -23792.380859375
880 -23281.875
890 -22696.20703125
900 -22083.056640625
910 -21721.91796875
920 -21650.33984375
930 -21519.021484375
940 -21090.55859375
950 -20792.619140625
960 -20657.873046875
970 -20931.4140625
980 -21293.818359375
990 -21663.6484375
1000 -21826.318359375
1010 -21982.46484375
1020 -22213.53125
1030 -22517.103515625
1040 -22615.48828125
1050 -22579.490234375
1060 -22726.361328125
1070 -23349.171875
1080 -23493.384765625
1090 -23546.017578125
1100 -23604.490234375
1110 -23664.0078125
1120 -23838.142578125
1130 -24355.314453125
1140 -25238.498046875
1150 -25939.5234375
1160 -26324.1875
1170 -26339.478515625
1180 -26095.921875
1190 -25802.15625
1200 -25383.435546875
1210 -24777.982421875
1220 -24261.4375
1230 -23871.484375
1240 -23390.220703125
1250 -23057.66796875
1260 -22932.376953125
1270 -22948.0625
1280 -22863.962890625
1290 -22497.12109375
1300 -21985.025390625
1310 -21699.033203125
1320 -21733.16015625
1330 -21814.845703125
1340 -21863.046875
1350 -21882.56640625
1360 -21857.16796875
1370 -21781.626953125
1380 -21820.884765625
1390 -22369.388671875
1400 -23062.10546875
1410 -22766.38671875
1420 -22519.08203125
1430 -22734.640625
1440 -23017.943359375
1450 -23189.408203125
1460 -23295.25390625
1470 -23171.51953125
1480 -23192.2109375
1490 -23744.91015625
1500 -24562.158203125
1510 -25262.58203125
1520 -25587.341796875
1530 -25633.06640625
1540 -25391.1875
1550 -25285.341796875
1560 -24958.525390625
1570 -25781.3671875
1580 -26271.203125
1590 -26204.7109375
1600 -25931.626953125
1610 -25953.5859375
1620 -26175.841796875
1630 -26120.0234375
1640 -25889.08984375
1650 -25629.447265625
1660 -25446.599609375
1670 -25351.146484375
1680 -25122.705078125
1690 -24698.45703125
1700 -24250.30078125
1710 -23750.349609375
1720 -23220.05859375
1730 -22936.29296875
1740 -23096.998046875
1750 -23357.041015625
1760 -23391.01953125
1770 -23652.267578125
1780 -24131.546875
1790 -24541.14453125
1800 -24876.5546875
1810 -24881.330078125
1820 -24626.126953125
1830 -25135.041015625
1840 -25300.357421875
1850 -24661.125
1860 -23982.50390625
1870 -24105.767578125
1880 -24361.76171875
1890 -24573.587890625
1900 -24846.01953125
1910 -25297.318359375
1920 -25394.943359375
1930 -25472.37890625
1940 -25515.267578125
1950 -25244.6171875
1960 -24799.611328125
1970 -24383.470703125
1980 -24119.107421875
1990 -24045.193359375
2000 -24449.560546875
2010 -25032.890625
2020 -25136.501953125
2030 -24942.966796875
2040 -24699.060546875
2050 -24410.451171875
2060 -24093.482421875
2070 -23721.009765625
2080 -23201.689453125
2090 -22602.291015625
2100 -21890.037109375
2110 -21290.91015625
2120 -20752.033203125
2130 -20666.212890625
2140 -20949.03125
2150 -21282.09375
2160 -21640.689453125
2170 -22072.671875
2180 -22540.921875
2190 -22850.109375
2200 -23042.572265625
2210 -23245.65625
2220 -23490.08984375
2230 -24192.953125
2240 -24190.07421875
2250 -24154.70703125
2260 -24045.517578125
2270 -23774.44921875
2280 -23418.0390625
2290 -23506.53515625
2300 -23781.48046875
2310 -24216.951171875
2320 -24677.828125
2330 -25158.302734375
2340 -25767.974609375
2350 -26232.27734375
2360 -26718.201171875
2370 -27076.806640625
2380 -26995.294921875
2390 -26686.720703125
2400 -26534.271484375
2410 -26559.0546875
2420 -26754.34765625
2430 -26740.740234375
2440 -26553.857421875
2450 -26138.7734375
2460 -25579.134765625
2470 -24723.92578125
2480 -24062.234375
2490 -23754.87890625
2500 -23383.99609375
2510 -22772.462890625
2520 -22582.421875
2530 -22446.8828125
2540 -22537.775390625
2550 -22913.744140625
2560 -23401.248046875
2570 -23707.939453125
2580 -23999.900390625
2590 -24227.98828125
2600 -24589.359375
2610 -24991.986328125
2620 -24689.7578125
2630 -24059.44140625
2640 -23371.853515625
2650 -23241.724609375
2660 -23941.150390625
2670 -24572.671875
2680 -24805.138671875
2690 -24956.6953125
2700 -25280.98046875
2710 -25500.4375
2720 -25514.974609375
2730 -25719.064453125
2740 -25688.82421875
2750 -25289.701171875
2760 -24943.26953125
2770 -24643.615234375
2780 -24391.732421875
2790 -24047.37109375
2800 -23768.775390625
2810 -23669.005859375
2820 -23829.638671875
2830 -24025.857421875
2840 -24245.86328125
2850 -24394.9609375
2860 -24397.28515625
2870 -24075.310546875
2880 -23819.376953125
2890 -23546.310546875
2900 -23029.744140625
2910 -22607.044921875
2920 -22523.146484375
2930 -22825.30859375
2940 -23149.447265625
2950 -23504.453125
2960 -24002.833984375
2970 -24537.14453125
2980 -24989.197265625
2990 -25320.537109375
3000 -25458.859375
3010 -25699.455078125
3020 -26363.7109375
3030 -26363.888671875
3040 -26303.451171875
3050 -26196.15625
3060 -25772.6484375
3070 -24968.130859375
3080 -24889.8515625
3090 -25020.619140625
3100 -25086.720703125
3110 -25302.162109375
3120 -25382.638671875
3130 -25638.935546875
3140 -25405.830078125
3150 -24880.63671875
3160 -24461.1484375
3170 -24073.04296875
3180 -23759.671875
3190 -23591.435546875
3200 -23523.89453125
3210 -23373.78125
3220 -23606.787109375
3230 -23914.580078125
3240 -24069.83984375
3250 -24077.671875
3260 -23953.837890625
3270 -23796.197265625
3280 -23619.65234375
3290 -23407.50390625
3300 -23181.271484375
3310 -23047.19140625
3320 -23018.306640625
3330 -22943.71875
3340 -23048.615234375
3350 -23542.455078125
3360 -24119.01171875
3370 -24669.771484375
3380 -25123.5
3390 -25706.150390625
3400 -26268.2734375
3410 -26444.46484375
3420 -26646.9609375
3430 -26665.80078125
3440 -26534.73046875
3450 -26090.544921875
3460 -25796.943359375
3470 -25849.423828125
3480 -25786.529296875
3490 -25625.798828125
3500 -25635.21484375
3510 -25877.38671875
3520 -25981.171875
3530 -25914.650390625
3540 -26062.80078125
3550 -26317.6875
3560 -26641.265625
3570 -26722.001953125
3580 -26567.21875
3590 -26330.779296875
3600 -25914.11328125
3610 -25483.78125
3620 -25215.60546875
3630 -25026.0859375
3640 -24923.29296875
3650 -24696.501953125
3660 -24530.703125
3670 -24417.18359375
3680 -23987.828125
3690 -23513.1484375
3700 -23142.751953125
3710 -23053.78515625
3720 -23236.763671875
3730 -23543.349609375
3740 -24044.509765625
3750 -24585.75390625
3760 -24828.203125
3770 -25001.068359375
3780 -24954.140625
3790 -24897.451171875
3800 -24732.701171875
3810 -24535.84765625
3820 -24380.017578125
3830 -24617.498046875
3840 -25054.55078125
3850 -25456.93359375
3860 -25565.76171875
3870 -25584.490234375
3880 -25638.197265625
3890 -25457.328125
3900 -25353.234375
3910 -25319.748046875
3920 -25037.90234375
3930 -24764.296875
3940 -24404.345703125
3950 -23929.060546875
3960 -23572.90625
3970 -23542.337890625
3980 -23540.91015625
3990 -23947.15234375
4000 -24487.98828125
4010 -24989.248046875
4020 -25277.09375
4030 -25344.5390625
4040 -25387.625
4050 -25505.03125
4060 -25570.94140625
4070 -25127.8828125
4080 -24477.091796875
4090 -23660.33984375
4100 -22973.92578125
4110 -22497.92578125
4120 -22337.326171875
4130 -22438.16796875
4140 -22746.33203125
4150 -23188.828125
4160 -23621.0078125
4170 -24033.427734375
4180 -24167.01171875
4190 -24297.359375
4200 -24720.615234375
4210 -24439.578125
4220 -24327.435546875
4230 -24668.8359375
4240 -25059.544921875
4250 -25461.78125
4260 -25846.046875
4270 -26254.125
4280 -26326.859375
4290 -26514.56640625
4300 -26809.650390625
4310 -26959.35546875
4320 -26743.794921875
4330 -26280.732421875
4340 -26137.267578125
4350 -26136.44921875
4360 -25945.330078125
4370 -25759.25390625
4380 -25641.103515625
4390 -25470.69921875
4400 -25208.59765625
4410 -24935.0625
4420 -24630.41796875
4430 -24435.978515625
4440 -24608.470703125
4450 -24895.38671875
4460 -24904.55078125
4470 -24912.75390625
4480 -24842.6796875
4490 -24534.72265625
4500 -24137.033203125
4510 -23944.498046875
4520 -23856.26171875
4530 -23784.408203125
4540 -23769.9921875
4550 -23660.42578125
4560 -23378.01171875
4570 -22927.291015625
4580 -22510.44921875
4590 -22430.576171875
4600 -23367.45703125
4610 -23960.869140625
4620 -23847.43359375
4630 -23963.05859375
4640 -24344.181640625
4650 -24724.095703125
4660 -25066.052734375
4670 -25553.80078125
4680 -26078.162109375
4690 -26596.09765625
4700 -27103.427734375
4710 -27460.453125
4720 -27528.5078125
4730 -27277.560546875
4740 -27030.369140625
4750 -26865.48828125
4760 -27053.150390625
4770 -27294.12109375
4780 -26978.767578125
4790 -26364.564453125
4800 -26541.53125
4810 -26271.634765625
4820 -25597.05078125
4830 -24995.021484375
4840 -24649.560546875
4850 -24314.794921875
4860 -23856.642578125
4870 -23496.146484375
4880 -23401.759765625
4890 -23692.103515625
4900 -23821.5703125
4910 -23695.46484375
4920 -23547.7109375
4930 -23538.3515625
4940 -23853.01171875
4950 -24229.0546875
4960 -24542.150390625
4970 -24766.7890625
4980 -25075.23046875
4990 -25476.28125
5000 -25588.826171875
5010 -25681.26953125
5020 -25611.095703125
5030 -25875.263671875
5040 -26329.1796875
5050 -26798.578125
5060 -26997.140625
5070 -27062.435546875
5080 -27222.978515625
5090 -27524.732421875
5100 -27742.5546875
5110 -27754.78515625
5120 -27868.681640625
5130 -27800.55859375
5140 -27287.265625
5150 -26498.005859375
5160 -26027.439453125
5170 -25391.3671875
5180 -25182.23828125
5190 -25121.98046875
5200 -25108.28125
5210 -25143.06640625
5220 -24951.720703125
5230 -24729.689453125
5240 -24547.486328125
5250 -24403.224609375
5260 -24136.78125
5270 -23945.14453125
5280 -23882.798828125
5290 -23705.59375
5300 -23382.9921875
5310 -23022.376953125
5320 -22785.20703125
5330 -22824.74609375
5340 -23117.650390625
5350 -23274.8984375
5360 -23333.609375
5370 -23407.46875
5380 -23660.728515625
5390 -24182.44140625
5400 -24612.166015625
5410 -24704.99609375
5420 -24786.740234375
5430 -25057.859375
5440 -25615.51171875
5450 -26419.451171875
5460 -27024.18359375
5470 -27189.935546875
5480 -27566.53515625
5490 -27618.716796875
5500 -27388.484375
5510 -27152.77734375
5520 -26968.060546875
5530 -26673.064453125
5540 -26696.71484375
5550 -26940.09765625
5560 -27058.0859375
5570 -26932.677734375
5580 -26851.017578125
5590 -26468.47265625
5600 -26033.439453125
5610 -25758.322265625
5620 -25493.86328125
5630 -25180.0390625
5640 -24777.947265625
5650 -24595.283203125
5660 -24422.1171875
5670 -23999.17578125
5680 -23551.828125
5690 -23317.927734375
5700 -23471.60546875
5710 -23582.1640625
5720 -23678.771484375
5730 -23668.529296875
5740 -23929.25
5750 -24386.619140625
5760 -24877.115234375
5770 -25401.537109375
5780 -25746.681640625
5790 -25672.11328125
5800 -25415.74609375
5810 -25687.6640625
5820 -25843.689453125
5830 -25467.095703125
5840 -24916.26953125
5850 -24708.94921875
5860 -24725.494140625
5870 -24924.685546875
5880 -25033.1953125
5890 -24909.744140625
5900 -24825.365234375
5910 -24758.275390625
5920 -24637.09765625
5930 -24330.009765625
5940 -23977.630859375
5950 -23816.44140625
5960 -23766.9375
5970 -23960.619140625
5980 -24266.40625
5990 -24657.478515625
6000 -24968.03515625
6010 -25187.658203125
6020 -25418.830078125
6030 -25692.16015625
6040 -25826.91015625
6050 -25727.107421875
6060 -25622.0625
6070 -25425.541015625
6080 -25027.86328125
6090 -24626.830078125
6100 -24322.650390625
6110 -24148.046875
6120 -24246.9296875
6130 -24242.41015625
6140 -24277.6875
6150 -24380.96875
6160 -24615.806640625
6170 -24866.958984375
6180 -25053.150390625
6190 -25329.404296875
6200 -25524.873046875
6210 -25612.189453125
6220 -25746.21484375
6230 -25956.341796875
6240 -26101.044921875
6250 -26187.2109375
6260 -26296.53515625
6270 -26411.025390625
6280 -26193.65625
6290 -26002.353515625
6300 -25794.248046875
6310 -25580.10546875
6320 -25248.408203125
6330 -24805.802734375
6340 -24415.9453125
