"Time Step" "p-out"
20410 84.93103111631173
20420 84.9311519998256
20430 84.93197361985536
20440 84.9322143331144
20450 84.92779924715647
20460 84.93016523676222
20470 84.92718670707525
20480 84.93060423372825
20490 84.9302892203623
20500 84.9254514047839
20510 84.93266198156506
20520 84.93109936722966
20530 84.93130228118044
20540 84.93448578133989
20550 84.93765824690907
20560 84.92744420372365
20570 84.94630918402642
20580 84.93435362817557
20590 84.93515150249569
20600 84.93403874404487
20610 84.93099130313907
20620 84.93265523594641
20630 84.93596850619025
20640 84.93181089554216
20650 84.930982003236
20660 84.93133794244905
20670 84.93504193857149
20680 84.92875044588006
20690 84.93129561804577
20700 84.93003855516612
20710 84.93403226143863
20720 84.92980467924731
20730 84.93349782102143
20740 84.92639642994303
20750 84.93037195654985
20760 84.92975574494511
20770 84.93033358396926
20780 84.92980736156009
20790 84.92519062891313
20800 84.92868487201827
20810 84.93196983348167
20820 84.93548623725167
20830 84.92927542472276
20840 84.92701706352221
20850 84.92495194273035
20860 84.92822842788307
20870 84.92456158225748
20880 84.92523809724958
20890 84.92500656216299
20900 84.93205279735919
20910 84.92291339925272
20920 84.93020836728958
20930 84.92437928899901
20940 84.92670514084634
20950 84.92886459318115
20960 84.92442023677141
20970 84.92801579997997
20980 84.92959694378823
20990 84.93136552519864
21000 84.93146721822396
21010 84.92641222867026
21020 84.92580033951008
21030 84.92585358683692
21040 84.92678624182511
21050 84.92842415477938
21060 84.92890887813535
21070 84.92678824735714
21080 84.92936961460647
21090 84.92554046286281
21100 84.92131516555922
21110 84.92260383947493
21120 84.92236874081902
21130 84.92576337291011
21140 84.92756646348748
21150 84.92671340978342
21160 84.92584441320304
21170 84.92568659032551
21180 84.93008839577153
21190 84.92911308741866
21200 84.92611135757411
21210 84.92591148290174
21220 84.92355661384259
21230 84.92404950141079
21240 84.92554199397289
21250 84.92011901443888
21260 84.92416745475603
21270 84.92047694369379
21280 84.92114036481372
21290 84.91854369737473
21300 84.9270898993548
21310 84.92239218184888
21320 84.92465725369924
21330 84.92367882965556
21340 84.92258989854504
21350 84.92554237270016
21360 84.92364188141838
21370 84.92837578480199
21380 84.9270976466769
21390 84.92661406888494
21400 84.92600933088936
21410 84.9238155501731
21420 84.92806122679892
21430 84.9239653424242
21440 84.92527658202734
21450 84.92601629483465
21460 84.92718235833757
21470 84.92432955835839
21480 84.92101804045299
21490 84.92163109438125
21500 84.91950761483918
21510 84.92378851641335
21520 84.91814910581397
21530 84.92143572034142
21540 84.92212564241363
21550 84.92208294724077
21560 84.91959018059754
21570 84.92048500411826
21580 84.92787653090298
21590 84.91682366929217
21600 84.91296454128859
21610 84.91387244881636
21620 84.91408802139721
21630 84.91820080626803
21640 84.92766705772237
21650 84.91693065479397
21660 84.92075802028086
21670 84.92385359200198
21680 84.90861016094317
21690 84.91837877075065
21700 84.91911633847354
21710 84.91869421812557
21720 84.92269525737194
21730 84.91992784523653
21740 84.91967028378754
21750 84.91992901410785
21760 84.9228004838711
21770 84.92262406024535
21780 84.92535914006818
21790 84.92522965929845
21800 84.94470708753325
21810 84.92301951829775
21820 84.92211660080729
21830 84.92331130144476
21840 84.92211900689632
21850 84.92023216819226
21860 84.92108298780003
21870 84.92081117623854
21880 84.9122239363538
21890 84.92236693804089
21900 84.91822934173418
21910 84.91746561922984
21920 84.92092417707731
21930 84.9190171825912
21940 84.91950577849728
21950 84.91659066117059
21960 84.92032009536807
21970 84.91732073840737
21980 84.91963702967274
21990 84.91817611901014
22000 84.91237551188512
22010 84.91748562257631
22020 84.92214201530399
22030 84.91997010500728
22040 84.91967633823641
22050 84.92773977356389
22060 84.91689304526328
22070 84.91551942194015
22080 84.91527799611004
22090 84.90487664311939
22100 84.9165063603992
22110 84.91177895273167
22120 84.91101085343692
22130 84.91896889658921
22140 84.92048295143512
22150 84.91922533530061
22160 84.91962985272365
22170 84.91822242722586
22180 84.91739782669603
22190 84.92090252725812
22200 84.92674530300931
22210 84.92365489931976
22220 84.92000910161212
22230 84.92011666643354
22240 84.91926045057642
22250 84.91493504123423
22260 84.91355276368405
22270 84.91626572730483
22280 84.91871065529759
22290 84.92219726629151
22300 84.91602571903441
22310 84.92368774761853
22320 84.91747970297899
22330 84.91580342593433
22340 84.91530235607915
22350 84.91538244002577
22360 84.91042650677716
22370 84.91645347124192
22380 84.90621896696987
22390 84.91858089327533
22400 84.91495585757937
22410 84.91127285863233
22420 84.91757742260918
22430 84.90747265835215
22440 84.91311452673058
22450 84.91746902362026
22460 84.89236246781228
22470 84.91236439320015
22480 84.91283891297128
22490 84.90995664938389
22500 84.91198706701796
22510 84.91682142114456
22520 84.91398834047524
22530 84.91163245088227
22540 84.91501231043338
22550 84.91004250753873
22560 84.91462288028069
22570 84.9077960771225
22580 84.9288462574096
22590 84.92216018424878
22600 84.91232763855221
22610 84.91449206591017
22620 84.91737679911492
22630 84.91401318032693
22640 84.9130018047813
22650 84.91449368951943
22660 84.9126234219011
22670 84.91210010337829
22680 84.91067998861209
22690 84.90554768044595
22700 84.90637719445846
22710 84.90906794114949
22720 84.90694362485927
22730 84.9058428570268
22740 84.91179695070694
22750 84.9110377493124
22760 84.91039577778319
22770 84.91009910912412
22780 84.90722517052296
22790 84.91147518775159
22800 84.91456630830778
22810 84.91020432628163
22820 84.91396825294615
22830 84.9021714295974
22840 84.9107022315772
22850 84.90266629652903
22860 84.91335799909417
22870 84.90690869816224
22880 84.91114344517356
22890 84.89167540544247
22900 84.91715851389098
22910 84.91318169596009
22920 84.91524159578792
22930 84.915486300777
22940 84.91595068003586
22950 84.91369901037139
22960 84.91388323846529
22970 84.91379999932845
22980 84.91543802236481
22990 84.91408885949427
23000 84.91508538466637
23010 84.91605995547683
23020 84.9173597515946
23030 84.91858919475348
23040 84.91686081888824
23050 84.91874892782076
23060 84.91563217611426
23070 84.91305445986126
23080 84.91630358506448
23090 84.91047496967089
23100 84.91519388833474
23110 84.91347394083057
23120 84.91613779620172
23130 84.91462918883354
23140 84.90628039446536
23150 84.91584926808434
23160 84.91667802447225
23170 84.91423625373439
23180 84.91582596724956
23190 84.91671330233304
23200 84.91525433159993
23210 84.92234114437795
23220 84.92086761583668
23230 84.92041509635082
23240 84.91955780173068
23250 84.91873780869574
23260 84.91805421843378
23270 84.92339935958027
23280 84.91712043645954
23290 84.91949742047038
23300 84.91838248368616
23310 84.92356771932023
23320 84.92137351659851
23330 84.92470545178861
23340 84.9277160231526
23350 84.92837751786779
23360 84.92676775581077
23370 84.93150369567429
23380 84.92926265771526
23390 84.93359527355774
23400 84.93202320739351
23410 84.93707364000089
23420 84.93880842012832
23430 84.9411978307126
23440 84.94131787927599
23450 84.93988415719768
23460 84.93617813874324
23470 84.93580391293183
23480 84.93954228274399
23490 84.93991711176217
23500 84.9381927141263
23510 84.94004154862465
23520 84.94021498629051
23530 84.94393307384986
23540 84.94132051283725
23550 84.94029039168352
23560 84.94013896740961
23570 84.94174874337402
23580 84.93943626465939
23590 84.94449351441432
23600 84.94660165649813
23610 84.94627004647637
23620 84.94761841454094
23630 84.95102017773047
23640 84.95641767269048
23650 84.95071633995464
23660 84.95226044863325
23670 84.95607757772427
23680 84.95703777337734
23690 84.95835372514486
23700 84.96414091397519
23710 84.96091132266298
23720 84.96377558197642
23730 84.96599409452371
23740 84.96635831120054
23750 84.96636347735863
23760 84.9689616401391
23770 84.96868425356281
23780 84.97220948276716
23790 84.9732723220897
23800 84.97419456729594
23810 84.97524721690959
23820 84.98129882541552
23830 84.97035145678632
23840 84.97963130488222
23850 84.98034339420977
23860 84.97830808832589
23870 84.9810049056121
23880 84.98362951763274
23890 84.99074158468717
23900 84.98981586645002
23910 84.99364718181556
23920 84.9987636573637
23930 84.99050398238433
23940 84.99525570568997
23950 84.99762924807314
23960 84.99783679315273
23970 84.99947716043727
23980 85.00154357693926
23990 85.00088589107986
24000 85.00477472209627
13810 84.97873357128913
13820 84.97590332342544
13830 84.97733354473712
13840 84.97811856422857
13850 84.97661172069215
13860 84.98119968113647
13870 84.97722816230998
13880 84.97920470925641
13890 84.97193510744498
13900 84.97667631351206
13910 84.96945943737958
13920 84.97438392552142
13930 84.9707704191097
13940 84.97144822784904
13950 84.97589132385967
13960 84.97301816399447
13970 84.97221792292609
13980 84.98472934729173
13990 84.97710287528447
14000 84.97929763197763
14010 84.9753584185664
14020 84.96938209521147
14030 84.96992916229117
14040 84.96585009775305
14050 84.97124075109383
14060 84.97748321890502
14070 84.97051090030115
14080 84.96742101550588
14090 84.96816195906447
14100 84.97134924353529
14110 84.97046757694808
14120 84.97589088847204
14130 84.96640646469893
14140 84.97459112450048
14150 84.97166809558196
14160 84.9713354128515
14170 84.98272609318806
14180 84.97695279659273
14190 84.99621543548476
14200 84.96907424422292
14210 84.98191234950512
14220 84.97827223130392
14230 84.97853535205026
14240 84.98300882042369
14250 84.97031869795914
14260 84.97529825726708
14270 84.9722231015789
14280 84.97487370738304
14290 84.97255542070013
14300 84.97812817413033
14310 84.97369402444002
14320 84.97282900177193
14330 84.97642155509354
14340 84.97416453454375
14350 84.97308649755874
14360 84.97327397583751
14370 84.97497576811638
14380 84.97428107947866
14390 84.97959913022748
14400 84.97443635605025
14410 84.97483090365635
14420 84.97383942431625
14430 84.97346064156829
14440 84.97179971920835
14450 84.96706383125242
14460 84.96912167193311
14470 84.96817070069876
14480 84.96873677676366
14490 84.96909958869026
14500 84.97276922519679
14510 84.97151328904961
14520 84.97307929807228
14530 84.97257281374581
14540 84.97135035909542
14550 84.97142421380063
14560 84.97613329900013
14570 84.97615542906921
14580 84.97184053620369
14590 84.97494725025082
14600 84.97422493136682
14610 84.97702186784753
14620 84.96982202375325
14630 84.97604665768986
14640 84.97092903904122
14650 84.97603633988494
14660 84.97441818599852
14670 84.97380221539898
14680 84.97175898953986
14690 84.96993403511541
14700 84.97351214618986
14710 84.97069548994595
14720 84.9734826495863
14730 84.97348801498048
14740 84.97376599430896
14750 84.97514211137501
14760 84.96709397107213
14770 84.97241516285655
14780 84.97106872598111
14790 84.97130937073395
14800 84.97203389426528
14810 84.97323106552302
14820 84.97053291916274
14830 84.96223671559613
14840 84.96631487526012
14850 84.97620595601362
14860 84.97133488540302
14870 84.97026411881899
14880 84.96937123260224
14890 84.96266728686464
14900 84.96523889462463
14910 84.96435141609433
14920 84.9688105590124
14930 84.97202531679103
14940 84.97313972766574
14950 84.97409099845126
14960 84.97110837599156
14970 84.97254022452717
14980 84.9688510056327
14990 84.97279514299518
15000 84.9727115707072
15010 84.97087976368692
15020 84.97020581017459
15030 84.97780681419697
15040 84.98232658431102
15050 84.9745221730159
15060 84.96025614461588
15070 84.96599951606927
15080 84.9626676604253
15090 84.97072742525734
15100 84.96697456850343
15110 84.97344169162182
15120 84.97116914043529
15130 84.97384421060616
15140 84.97053263101655
15150 84.97257144107367
15160 84.97046077136648
15170 84.97066791801386
15180 84.97099285189564
15190 84.97387534597455
15200 84.97025259722591
15210 84.96941338763006
15220 84.96885250934835
15230 84.96974431982707
15240 84.96887149565282
15250 84.96708219677564
15260 84.97265809583324
15270 84.97204468120822
15280 84.96670757569524
15290 84.96648587463622
15300 84.96783319222828
15310 84.96972236242577
15320 84.96652852670135
15330 84.96537025715554
15340 84.96730243481331
15350 84.96950771997591
15360 84.96933978372041
15370 84.97008355722951
15380 84.97034861794764
15390 84.96836765500495
15400 84.96565824433468
15410 84.96664791126454
15420 84.96499236224675
15430 84.96961165490126
15440 84.9670862408443
15450 84.96592491373643
15460 84.96856843881334
15470 84.96762857247474
15480 84.96670356969314
15490 84.97399856223745
15500 84.96973940900753
15510 84.96912945997781
15520 84.97000451649201
15530 84.97116797578148
15540 84.9674296566224
15550 84.96749608454479
15560 84.9661671643648
15570 84.96677068683414
15580 84.9662956526946
15590 84.96427962811559
15600 84.9640324543246
15610 84.96845422466667
15620 84.9584635752348
15630 84.96617464583865
15640 84.9687822272183
15650 84.96557473520721
15660 84.96492957946211
15670 84.96772554123676
15680 84.96532046620189
15690 84.96700574747727
15700 84.96698110290035
15710 84.96518819584668
15720 84.97169734614566
15730 84.97288192539909
15740 84.9703670838167
15750 84.97555018940804
15760 84.96623287933029
15770 84.96913796592163
15780 84.96831400260226
15790 84.96937848864985
15800 84.96636777842559
15810 84.96646233486038
15820 84.9603414703256
15830 84.9678090329724
15840 84.9695534329599
15850 84.96945380177164
15860 84.9693918819156
15870 84.96778757900341
15880 84.96771064993547
15890 84.96589298620705
15900 84.9648577434545
15910 84.96938601625583
15920 84.96451593116754
15930 84.96586734193592
15940 84.96743444581439
15950 84.96453737736196
15960 84.96266781236447
15970 84.96003150684879
15980 84.95820396838424
15990 84.96069489020186
16000 84.96093790858282
16010 84.96766358317025
16020 84.9645495011824
16030 84.96452598084203
16040 84.96357588737285
16050 84.96266690233782
16060 84.96685869278535
16070 84.96148327162572
16080 84.9649218185166
16090 84.96713857756089
16100 84.95634676167755
16110 84.96633208703157
16120 84.96580257472104
16130 84.96882085065877
16140 84.96672906886023
16150 84.96279851572081
16160 84.96737875376745
16170 84.96739044176407
16180 84.97270811272232
16190 84.96544499005002
16200 84.96679118385191
16210 84.964598621929
16220 84.9638872175755
16230 84.96457798361529
16240 84.96648816259528
16250 84.96532139417583
16260 84.96490902297298
16270 84.96736126498971
16280 84.96566507310085
16290 84.96801510932973
16300 84.95975448039252
16310 84.95743946792733
16320 84.96634731612173
16330 84.96136725458385
16340 84.96732300061842
16350 84.96684075535904
16360 84.96707643364391
16370 84.95922626832633
16380 84.9633554523478
16390 84.96118957226672
16400 84.96144249956225
16410 84.96078851390079
16420 84.9602640230691
16430 84.96114748911829
16440 84.95840075114164
16450 84.9560013416304
16460 84.95583353499856
16470 84.96018463339125
16480 84.9567028037024
16490 84.9539582969352
16500 84.95291023878384
16510 84.95813949441117
16520 84.95876945412421
16530 84.96077515670179
16540 84.96143380375753
16550 84.96702539121185
16560 84.9626538997784
16570 84.96667783251452
16580 84.96702373306132
16590 84.95577985687822
16600 84.96707579901013
16610 84.96521291946422
16620 84.96191854562622
16630 84.96207813383752
16640 84.96599587469495
16650 84.96058032702531
16660 84.96506506208601
16670 84.95831367322984
16680 84.96811365513416
16690 84.96520623672518
16700 84.95902007449276
16710 84.96218759183336
16720 84.9633476651277
16730 84.96535721692696
16740 84.96642230021965
16750 84.95847237122484
16760 84.96070648081603
16770 84.95942497651647
16780 84.95984386586079
16790 84.9595130230915
16800 84.95977151359364
16810 84.96100269838259
16820 84.96311993922819
16830 84.95615340589903
16840 84.96438710569198
16850 84.96125591660663
16860 84.95946003814949
16870 84.96124549351387
16880 84.96476300852487
16890 84.9620887113376
16900 84.95854653041647
16910 84.95566428317119
16920 84.95431827067917
16930 84.95930056320091
16940 84.96111844843549
16950 84.95920320592839
16960 84.95695528532144
16970 84.95855258117608
16980 84.96102415053632
16990 84.96288025981555
17000 84.95485704807838
17010 84.95027363758348
17020 84.9606331354002
17030 84.95572997570875
17040 84.95337474834552
17050 84.95938548720218
17060 84.95560783578161
17070 84.95572559705516
17080 84.95827705924448
17090 84.96050948913384
17100 84.95959808149411
17110 84.9564977620806
17120 84.95485027692528
17130 84.94760110486421
17140 84.9512892822673
17150 84.95734833346309
17160 84.95427188518819
17170 84.95554126640039
17180 84.95937598880239
17190 84.95670036057976
17200 84.95634130192411
17210 84.9552888495943
17220 84.95984380172641
17230 84.95551132217754
17240 84.95817328461905
17250 84.9582146600134
17260 84.95444525973166
17270 84.95620305041776
17280 84.95593808613708
17290 84.95779591867016
17300 84.95519745722602
17310 84.95533469050619
17320 84.95942986436317
17330 84.95562962509368
17340 84.95816480539091
17350 84.95812380779461
17360 84.96078773823945
17370 84.95880063418764
17380 84.96102568781285
17390 84.96362694125976
17400 84.96268738832984
17410 84.95989094648951
17420 84.96461451390398
17430 84.95378046290256
17440 84.96367668896342
17450 84.95996944160945
17460 84.96103893592139
17470 84.95588511885177
17480 84.95959245852033
17490 84.95378699966261
17500 84.95647899675262
17510 84.9546129055753
17520 84.95189185698467
17530 84.9599167553112
17540 84.95700936383672
17550 84.95789260826531
17560 84.95519588922126
17570 84.9577452477497
17580 84.95515356893065
17590 84.9546007638782
17600 84.94994022601705
17610 84.94955580696869
17620 84.95609886263739
17630 84.95412741946214
17640 84.94999768436826
17650 84.95562443315403
17660 84.94667613138444
17670 84.95322026318598
17680 84.95095430756314
17690 84.95399194973703
17700 84.95222835134579
17710 84.95045661347696
17720 84.95096538019996
17730 84.95362594687676
17740 84.95502287011269
17750 84.95351672399454
17760 84.95623945327111
17770 84.95575392367098
17780 84.95844322741006
17790 84.95140065046404
17800 84.96627881656177
17810 84.93687543640078
17820 84.95296209266658
17830 84.95281176146482
17840 84.95205111295729
17850 84.94890255974717
17860 84.95265978221252
17870 84.95126777897072
17880 84.95078999495463
17890 84.95185914609172
17900 84.95025881060923
17910 84.94844361192277
17920 84.95278431994059
17930 84.95635347085332
17940 84.95025991275307
17950 84.94620897748112
17960 84.95937190033278
17970 84.95538535547081
17980 84.95687215285839
17990 84.95625973698772
18000 84.95471209498217
18010 84.95506694514884
18020 84.95546654421256
18030 84.92759696547265
18040 84.93814327044159
18050 84.95141558558477
18060 84.95308421354208
18070 84.94148724351031
18080 84.9474207422779
18090 84.92796275144543
18100 84.95022471927568
18110 84.94901022193712
18120 84.95182145450467
18130 84.9488216684414
18140 84.94715941087532
18150 84.95086999088379
18160 84.95203000305771
18170 84.95069758987789
18180 84.94174933548226
18190 84.93885649534894
18200 84.94316095198465
18210 84.94638988800757
18220 84.95571083111189
18230 84.94809622532109
18240 84.96351587217765
18250 84.94823306323107
18260 84.94906015013549
18270 84.95188214836323
18280 84.9479312491127
18290 84.94645056482416
18300 84.94963066833306
18310 84.94592932920591
18320 84.94696313319406
18330 84.95095312755112
18340 84.94525037512255
18350 84.94704969630385
18360 84.94942735379468
18370 84.94565330515864
18380 84.95308875400033
18390 84.95742854390055
18400 84.95477348562007
18410 84.95064301506278
18420 84.94718047654489
18430 84.94767571171863
18440 84.94781369697336
18450 84.94602217315042
18460 84.94766419219506
18470 84.94845779715973
18480 84.94568921164553
18490 84.94807583683195
18500 84.95088146744551
18510 84.94919478705411
18520 84.94529462679051
18530 84.94787792211926
18540 84.94743306250342
18550 84.94964995398745
18560 84.95106558384741
18570 84.94794136969001
18580 84.950675747216
18590 84.9510289054226
18600 84.95088120852061
18610 84.94934332516766
18620 84.94829664640048
18630 84.95804586303757
18640 84.93939923772942
18650 84.95016454536005
18660 84.94790166320252
18670 84.94394774685745
18680 84.94569131924027
18690 84.94899910707522
18700 84.95673559665256
18710 84.9514093122702
18720 84.94427615129237
18730 84.94729498459404
18740 84.94155643512903
18750 84.94329902714304
18760 84.94149306279232
18770 84.94084707130455
18780 84.93903050435428
18790 84.95058150924739
18800 84.9364156779551
18810 84.94327097626679
18820 84.94279458720132
18830 84.94218257079653
18840 84.94105843552212
18850 84.94427960852283
18860 84.94570109714766
18870 84.94431357544295
18880 84.93999683943422
18890 84.93842741932865
18900 84.94122105416217
18910 84.94266565966011
18920 84.94835079288859
18930 84.94472458658284
18940 84.9447538615854
18950 84.94811574053331
18960 84.94531948891728
18970 84.95125725445835
18980 84.94548495201076
18990 84.93926794554659
19000 84.94279898514952
19010 84.95151465254062
19020 84.94706666621238
19030 84.94618029157901
19040 84.94647512818545
19050 84.94849404253578
19060 84.95027557263957
19070 84.94346027840017
19080 84.93763404252222
19090 84.94508713859992
19100 84.94507725827228
19110 84.94276156595572
19120 84.9436782247459
19130 84.94380570839169
19140 84.94801895836913
19150 84.94417815878543
19160 84.94427141799591
19170 84.9407424641195
19180 84.94445691351254
19190 84.93522579977862
19200 84.94479438431864
19210 84.94214050876906
19220 84.94256151231805
19230 84.94064147434814
19240 84.93821442703579
19250 84.93459984085521
19260 84.93979666915681
19270 84.92249262395626
19280 84.94503502320025
19290 84.93310670502365
19300 84.93478122954193
19310 84.93479175634663
19320 84.9284177570196
19330 84.94751497653922
19340 84.94185816900448
19350 84.94146194430812
19360 84.94422542633848
19370 84.94155359699775
19380 84.94550956102022
19390 84.94056333015497
19400 84.94291802915596
19410 84.93905527267796
19420 84.93372853341681
19430 84.93578162660877
19440 84.93949043106136
19450 84.93691263783168
19460 84.94133702892742
19470 84.94119002533219
19480 84.94341279592818
19490 84.94090849422339
19500 84.94756246864735
19510 84.9452356143349
19520 84.94275516660441
19530 84.94204948272483
19540 84.93895740044202
19550 84.94130402472675
19560 84.93629035937073
19570 84.94043530150977
19580 84.93059668349167
19590 84.93934470020251
19600 84.94262529304245
19610 84.93799427712224
19620 84.93708809996063
19630 84.93615068755874
19640 84.93808036331147
19650 84.93194689938967
19660 84.9362280906681
19670 84.92726028012686
19680 84.93514655735548
19690 84.93480070951
19700 84.93528955968519
19710 84.93380683997533
19720 84.93520683161789
19730 84.93687197544199
19740 84.93673520416164
19750 84.92677756998889
19760 84.93546431456858
19770 84.93609365724132
19780 84.9301191531132
19790 84.93333867603042
19800 84.93653210060819
19810 84.93616923056955
19820 84.93456446483478
19830 84.94320949525036
19840 84.94085453265102
19850 84.93923581389788
19860 84.93555750525364
19870 84.93473269838215
19880 84.93557998599859
19890 84.93466570075547
19900 84.93633840089873
19910 84.92504774178342
19920 84.93613040715088
19930 84.92815951703696
19940 84.93560068927468
19950 84.93770599235027
19960 84.92830057584537
19970 84.93492028577961
19980 84.92943642688653
19990 84.92848274747752
20000 84.93461358578155
20010 84.94110919729
20020 84.93242371667949
20030 84.93859955768309
20040 84.93238362668075
20050 84.93964910849709
20060 84.93643877647081
20070 84.93145424718662
20080 84.93317242689994
20090 84.92561735364886
20100 84.950995997861
20110 84.93974566107801
20120 84.93009408104975
20130 84.92549146830616
20140 84.94846417649387
20150 84.9348420295928
20160 84.93477690937439
20170 84.93216712958865
20180 84.93803310073223
20190 84.93496556391676
20200 84.9313480717334
20210 84.9289163290801
20220 84.93277754588522
20230 84.93791435560304
20240 84.93221721523486
20250 84.93722346069113
20260 84.93380212050801
20270 84.91970919110167
20280 84.9307377958815
20290 84.93063519535357
20300 84.93268277931524
20310 84.93335649070282
20320 84.93414348587633
20330 84.93389639996225
20340 84.93309634069496
20350 84.92675616791261
20360 84.92920171426539
20370 84.93361924159403
20380 84.93440894747012
20390 84.93216532072522
20400 84.9354112242145
6810 84.91685000712752
6820 84.92200729294237
6830 84.9216067398621
6840 84.92135906439566
6850 84.91883749640117
6860 84.91875030619434
6870 84.91957187077732
6880 84.91402065887412
6890 84.91531892624327
6900 84.92074630221843
6910 84.91762278430517
6920 84.91142731597259
6930 84.92159168612429
6940 84.92497087001443
6950 84.92320497051688
6960 84.9245542162347
6970 84.92666391000722
6980 84.9225060685949
6990 84.92814786255093
7000 84.92674198441232
7010 84.92539721147725
7020 84.92441436254767
7030 84.9255681211842
7040 84.92698366756223
7050 84.92451429165797
7060 84.93624006785106
7070 84.93097479440905
7080 84.92679432186598
7090 84.92768396067312
7100 84.91967867723108
7110 84.92523412177938
7120 84.92571004915213
7130 84.92608914476705
7140 84.92087856727908
7150 84.92678721841254
7160 84.92703151635591
7170 84.92594220429753
7180 84.92572055507283
7190 84.92732571938379
7200 84.93622178495559
7210 84.93086699522111
7220 84.93189705717104
7230 84.9342247462649
7240 84.92993623291689
7250 84.92711079188069
7260 84.92896176340442
7270 84.92863769448319
7280 84.9307993794344
7290 84.92818296553098
7300 84.92519173720819
7310 84.92556339076864
7320 84.93078326551695
7330 84.93154851000047
7340 84.93272966687867
7350 84.930624084954
7360 84.9307251743877
7370 84.93175523577662
7380 84.93060716660766
7390 84.93376401730563
7400 84.94544459849149
7410 84.93278982740858
7420 84.92808060704314
7430 84.92803838106532
7440 84.93316045966533
7450 84.93113506513416
7460 84.93431869306715
7470 84.93190560605278
7480 84.9279106405952
7490 84.92741802519481
7500 84.9343644041778
7510 84.93096130131035
7520 84.93690906932785
7530 84.9342377348926
7540 84.93375914105088
7550 84.93658682817458
7560 84.93481994212296
7570 84.9361004579542
7580 84.93605967934346
7590 84.93641260596966
7600 84.93663770813474
7610 84.94047153800776
7620 84.93765441162329
7630 84.93630365351707
7640 84.93754578549577
7650 84.9333340177063
7660 84.93564742068676
7670 84.93961854845602
7680 84.92701681364312
7690 84.94235621141323
7700 84.93785859153165
7710 84.92665095621948
7720 84.93027863776361
7730 84.93652410746152
7740 84.93618494745151
7750 84.93553887482128
7760 84.94396049948047
7770 84.94225118173289
7780 84.9383400010958
7790 84.94428273630839
7800 84.939420597309
7810 84.93751860936135
7820 84.93918629116634
7830 84.94973566426094
7840 84.94109032817745
7850 84.93851508235552
7860 84.93326656843784
7870 84.93868308476802
7880 84.94039716273251
7890 84.93848748896022
7900 84.93987400515553
7910 84.93827101372834
7920 84.94491042648924
7930 84.94051306611209
7940 84.9408659128751
7950 84.93804558810011
7960 84.93940391789518
7970 84.93922191300778
7980 84.94183275669027
7990 84.94145203624042
8000 84.94207938161028
8010 84.94420014949563
8020 84.94290738476256
8030 84.94552307040441
8040 84.93673794472716
8050 84.94226180747384
8060 84.94082574121052
8070 84.94015166896044
8080 84.94174266696022
8090 84.94121939883151
8100 84.94372671869094
8110 84.94240714960134
8120 84.94066988723918
8130 84.93561402202384
8140 84.93939654010745
8150 84.9386960887157
8160 84.94228677866673
8170 84.94395474181918
8180 84.94388955940364
8190 84.9460605531692
8200 84.94626117819256
8210 84.94317692961683
8220 84.94314657713524
8230 84.94582070499702
8240 84.94523265545533
8250 84.9435601857993
8260 84.94679576246604
8270 84.95182978969522
8280 84.94461123721358
8290 84.94378186217834
8300 84.94520877471247
8310 84.94517283436437
8320 84.94545940684341
8330 84.94763342945886
8340 84.94516050709692
8350 84.9444857024593
8360 84.94659277214882
8370 84.94608381025209
8380 84.94519600693246
8390 84.94690731738142
8400 84.94337692846597
8410 84.94237090313506
8420 84.94441259883686
8430 84.94967377443091
8440 84.94478819296896
8450 84.94441847662391
8460 84.9421050478219
8470 84.9421552420623
8480 84.94376023185249
8490 84.93868218304968
8500 84.94276992377057
8510 84.94135721412864
8520 84.94181435004246
8530 84.94555965807881
8540 84.94611641742084
8550 84.96214744563272
8560 84.95084934099503
8570 84.95042791300861
8580 84.94946205860639
8590 84.94810744592591
8600 84.94619952099451
8610 84.95192835549783
8620 84.9465892209338
8630 84.94498311786347
8640 84.93947958866903
8650 84.9479790385834
8660 84.94652500193642
8670 84.95082322383139
8680 84.94863903851775
8690 84.94894234655334
8700 84.94917400139862
8710 84.94750364574791
8720 84.94781092285928
8730 84.94746932224075
8740 84.94883699784141
8750 84.94707726397372
8760 84.94130376220816
8770 84.94397993643688
8780 84.94728688054367
8790 84.94765204907569
8800 84.94698823364855
8810 84.94434887739664
8820 84.94867607053149
8830 84.94740395432476
8840 84.95521050618264
8850 84.95263346636921
8860 84.9532824222207
8870 84.95040615406863
8880 84.95043827231271
8890 84.95018380583707
8900 84.95007923826998
8910 84.93566852989403
8920 84.95134370593813
8930 84.95366330180909
8940 84.95545168228676
8950 84.95582182696266
8960 84.95746888517391
8970 84.95275501061739
8980 84.95292192558706
8990 84.95493160583511
9000 84.95420695722122
9010 84.95146705965402
9020 84.9570811571262
9030 84.95006824405182
9040 84.94985003232364
9050 84.94458679025362
9060 84.95207354191898
9070 84.95489919268583
9080 84.95422916599317
9090 84.95847992818331
9100 84.95787511297969
9110 84.9490926834779
9120 84.94609980431247
9130 84.94955266470963
9140 84.94946175131882
9150 84.95043231099632
9160 84.94966557617643
9170 84.95277541501463
9180 84.95136134005097
9190 84.94653311160448
9200 84.9512686613125
9210 84.95743749563748
9220 84.95949699344195
9230 84.95627557644769
9240 84.9504811782526
9250 84.95147895225765
9260 84.95378329963535
9270 84.95488437344507
9280 84.95312631658753
9290 84.93943085119655
9300 84.94989810686761
9310 84.94369933745008
9320 84.95555944755209
9330 84.95647990387123
9340 84.95479698304804
9350 84.95589314968204
9360 84.95581093863053
9370 84.95639854140929
9380 84.95770435103043
9390 84.95066881431003
9400 84.971527463275
9410 84.96272093912926
9420 84.95972568524316
9430 84.96022145448779
9440 84.95870304757176
9450 84.95867911566094
9460 84.95830220722702
9470 84.96260074582827
9480 84.95772922405401
9490 84.96003293440495
9500 84.95926664010278
9510 84.95835257486053
9520 84.95669701624188
9530 84.96187614915563
9540 84.95446915724166
9550 84.96184466419395
9560 84.9566453823886
9570 84.95642372476922
9580 84.96104078896975
9590 84.9576614053702
9600 84.95736798479744
9610 84.95994207826612
9620 84.95799367955634
9630 84.96015713917052
9640 84.95805532470075
9650 84.96302827924644
9660 84.95846387063949
9670 84.95267464028285
9680 84.95699546995596
9690 84.95060829778529
9700 84.96284394914092
9710 84.95179943324294
9720 84.95566071489233
9730 84.95830190742434
9740 84.9594421949451
9750 84.97289202672846
9760 84.98264768571909
9770 84.96001491736804
9780 84.96861660824547
9790 84.96675362587277
9800 84.96531111921944
9810 84.96081268401269
9820 84.95387067918497
9830 84.96618943974326
9840 84.97308249628158
9850 84.96653916918042
9860 84.9666219962768
9870 84.9617604745483
9880 84.9597808198144
9890 84.96281390216741
9900 84.96288172552372
9910 84.96168700368247
9920 84.95503793792646
9930 84.96115516515715
9940 84.95969383981736
9950 84.96236281069626
9960 84.96249479240285
9970 84.96072023639742
9980 84.96007197113987
9990 84.96279406335707
10000 84.9631929282873
10010 84.96780541568356
10020 84.96862655450478
10030 84.95368460091223
10040 84.96295986701091
10050 84.96774924368719
10060 84.9567844162372
10070 84.96375705557742
10080 84.96047865668245
10090 84.96192139418039
10100 84.95809981028967
10110 84.96016289328388
10120 84.96399809557995
10130 84.96799180236931
10140 84.96531269619918
10150 84.97587803009938
10160 84.96914481218511
10170 84.97171985542727
10180 84.96617351997789
10190 84.9789822828797
10200 84.96792151633461
10210 84.97470921408001
10220 84.96223022820652
10230 84.97872948700459
10240 84.96655330024478
10250 84.95293559583602
10260 84.96263066046244
10270 84.96035398387941
10280 84.96659239485565
10290 84.96454526981468
10300 84.96153536892074
10310 84.96395670349823
10320 84.96713807012294
10330 84.96765795871069
10340 84.97505045114049
10350 84.97132450263311
10360 84.96883458206908
10370 84.96623073925231
10380 84.9695406328706
10390 84.96812571432339
10400 84.96670617305563
10410 84.97237062469277
10420 84.97031756749864
10430 84.95966400033316
10440 84.96595407358969
10450 84.96393525176369
10460 84.97533471567215
10470 84.96667252512172
10480 84.96532894405249
10490 84.959411427479
10500 84.97811882073432
10510 84.95260713171371
10520 84.96870309668236
10530 84.96581294370667
10540 84.96734798225023
10550 84.97409567311379
10560 84.96967415977176
10570 84.96942438399653
10580 84.96900813178932
10590 84.97025672718868
10600 84.96760752115468
10610 84.97180829556355
10620 84.97135556217299
10630 84.97053409913836
10640 84.96392908416608
10650 84.96784764833686
10660 84.9687867370895
10670 84.96794874041336
10680 84.96642807754627
10690 84.97390464025253
10700 84.9732190731477
10710 84.9730452517471
10720 84.97034998828796
10730 84.96959999230097
10740 84.97179810661576
10750 84.97714711405357
10760 84.96424253087766
10770 84.96828283138898
10780 84.96938799541817
10790 84.97268264960717
10800 84.97189646481465
10810 84.97098220567223
10820 84.97237093145016
10830 84.96927641664972
10840 84.97363548016472
10850 84.96935583066707
10860 84.96989460668765
10870 84.97819799199185
10880 84.96904878618726
10890 84.97297010483828
10900 84.97062395694476
10910 84.97191752226034
10920 84.97322498816331
10930 84.97568274225264
10940 84.97809267002546
10950 84.97175648545659
10960 84.9749978865111
10970 84.9677830757394
10980 84.96468413727898
10990 84.97709328801534
11000 84.97953192919972
11010 84.97129817028524
11020 84.96894871056989
11030 84.97114862342701
11040 84.97084104367217
11050 84.9729785569758
11060 84.96923026999745
11070 84.97207843494294
11080 84.96949211010117
11090 84.97253398065318
11100 84.96809967082828
11110 84.97094140090437
11120 84.97026611335988
11130 84.97183482636584
11140 84.97445968696053
11150 84.97831913075201
11160 84.95326511460932
11170 84.96944715916608
11180 84.97426354145809
11190 84.97421261324376
11200 84.96963901148808
11210 84.97014095948767
11220 84.97385223463672
11230 84.97501968634211
11240 84.98330097121135
11250 84.97105055684372
11260 84.96177034108784
11270 84.95980095779682
11280 84.96159826328989
11290 84.9874625881744
11300 84.93494158094509
11310 84.97704726475813
11320 84.96938016685409
11330 84.97930731058835
11340 84.96795248757647
11350 84.9758184015453
11360 84.97627701187983
11370 84.96422846564023
11380 84.97416397345998
11390 84.98086738114309
11400 84.97451345486358
11410 84.97545181126337
11420 84.97052653980886
11430 84.97278205668474
11440 84.97677830182377
11450 84.97120503999898
11460 84.97278584775353
11470 84.97267179867528
11480 84.97217289045872
11490 84.97691824439794
11500 84.975406308096
11510 84.97440249703405
11520 84.97096848679483
11530 84.97580386305002
11540 84.98787044656402
11550 84.97731534848613
11560 84.97660209333323
11570 84.96732340757289
11580 84.97217049596306
11590 84.9704504466068
11600 84.9675262390452
11610 84.97125826279047
11620 84.97059941179569
11630 84.97019697953085
11640 84.96905417456344
11650 84.96946517333728
11660 84.97490171454403
11670 84.97875126839833
11680 84.97228202246875
11690 84.97032539872814
11700 84.96714181845968
11710 84.9696413477637
11720 84.97359965018792
11730 84.97303578127264
11740 84.97299486082038
11750 84.97195596342087
11760 84.97673653448223
11770 84.97471535076011
11780 84.97490167873541
11790 84.97692937597614
11800 84.96644165662721
11810 84.96054387830952
11820 84.97918779939428
11830 84.98138503652501
11840 84.97799193191503
11850 84.97784940243108
11860 84.97298568896572
11870 84.9664803012125
11880 84.97251618675502
11890 84.96817015280942
11900 84.96969276124314
11910 84.97723504361211
11920 84.96907853402982
11930 84.97930625530343
11940 84.9762663859661
11950 84.97353135136014
11960 84.97515375393527
11970 84.97776688641304
11980 84.97385415311052
11990 84.97262357517056
12000 84.97375980861784
12010 84.98032247629025
12020 84.9824356615042
12030 84.97923338260904
12040 84.97558011124811
12050 84.97932980282921
12060 84.96442217519845
12070 84.97342445842038
12080 84.9744116759441
12090 84.9654731005821
12100 84.96384297040676
12110 84.9663708047764
12120 84.97259916460317
12130 84.97607202113339
12140 84.97936774179998
12150 84.96576190479833
12160 84.97143672245907
12170 84.97040860138596
12180 84.9783789430243
12190 84.99658095107354
12200 84.97402392530152
12210 84.97225423809849
12220 84.98685086700021
12230 84.97635125196871
12240 84.97501137477376
12250 84.9741058435831
12260 84.97500089051204
12270 84.97648131841561
12280 84.97669654672336
12290 84.97566251433159
12300 84.9747454459784
12310 84.97471336426631
12320 84.97269001164925
12330 84.97181009536469
12340 84.9712941130455
12350 84.97193379576277
12360 84.96732201462409
12370 84.97454069676097
12380 84.97735348352795
12390 84.97680649669277
12400 84.97366885056383
12410 84.9752621791839
12420 84.96946174415351
12430 84.96652189947034
12440 84.97194311115602
12450 84.96932636638579
12460 84.97192851283393
12470 84.96640246487202
12480 84.97304736257554
12490 84.97357815239498
12500 84.96530275761728
12510 84.9751034796429
12520 84.97952135046872
12530 84.97252721691309
12540 84.98332644932202
12550 84.97143225846131
12560 84.9741040218813
12570 84.97164125592603
12580 84.97006555472383
12590 84.98553309540841
12600 84.97948468271065
12610 84.97543338321117
12620 84.9768356862933
12630 84.97773646707634
12640 84.97367661419634
12650 84.9761984651476
12660 84.98243248216977
12670 84.97858415847088
12680 84.97321114501997
12690 84.98702755306746
12700 84.96585156119525
12710 84.97787192048887
12720 84.97304020610213
12730 84.97488001174889
12740 84.97805740684059
12750 84.9792357539159
12760 84.97726213139158
12770 84.97741077386807
12780 84.97518247270764
12790 84.97582760543713
12800 84.97673337943957
12810 84.9773128010991
12820 84.97391554984108
12830 84.97727363156554
12840 84.98176259316801
12850 84.96606119277727
12860 84.97169255545056
12870 84.97486729930134
12880 84.97084314085292
12890 85.00327451296171
12900 84.98472416218507
12910 84.97562430705416
12920 84.97191052149249
12930 84.9740153397363
12940 84.97009375888742
12950 84.97709109142846
12960 84.98107123907187
12970 84.97754546580235
12980 84.97456800120136
12990 84.98126840080715
13000 84.97413513154395
13010 84.98199989918545
13020 84.97338086075305
13030 84.99156631899582
13040 84.97379898039969
13050 84.97408458064321
13060 84.97394722086132
13070 84.97664695634899
13080 84.97656228527183
13090 84.97920272126277
13100 84.97565398548531
13110 84.97302841379903
13120 84.97399156690147
13130 84.97311918716123
13140 84.97539722502034
13150 84.9767111366849
13160 84.97148514888805
13170 84.97690519422163
13180 84.97359429055155
13190 84.97648572745078
13200 84.97714025350173
13210 84.97307908582404
13220 84.98124134848933
13230 84.96679739462718
13240 84.97208840868188
13250 84.97318917929597
13260 84.95705806820482
13270 84.97247573301875
13280 84.9722829108843
13290 84.97322767992497
13300 84.97358981707183
13310 84.96579548168386
13320 84.98033441273681
13330 84.99433742832665
13340 84.97716609902496
13350 84.98314350126986
13360 84.96904506860346
13370 84.98717420718708
13380 84.97796027333135
13390 84.97419745907351
13400 84.97792644318537
13410 84.971891684559
13420 84.97365358889053
13430 84.97365904847442
13440 84.97534284475994
13450 84.97287027561737
13460 84.97278632321114
13470 84.97610634290601
13480 84.9723373836016
13490 84.97151781333638
13500 84.98281054178968
13510 84.97548462983909
13520 84.97933541969434
13530 84.96831021143421
13540 84.9779568054076
13550 84.97413281671365
13560 84.98914563144244
13570 84.97843554835725
13580 84.97376932279748
13590 84.97391064862262
13600 84.96675345317789
13610 84.97760413484522
13620 84.97624993118254
13630 84.97336635466482
13640 84.97576276261016
13650 84.98435294765035
13660 84.97440830426973
13670 84.97027084111588
13680 84.9744499349512
13690 84.97274176099097
13700 84.96897391938623
13710 84.97165666289779
13720 84.97230635168475
13730 84.97127111273713
13740 84.97424108054354
13750 84.98439442127115
13760 84.97733486501515
13770 84.98766907436453
13780 84.97978203134357
13790 84.99368169713001
13800 84.99021945086713
6210 84.90784612609163
6220 84.91136081850304
6230 84.90653859583085
6240 84.90975225654984
6250 84.90678945041965
6260 84.90983302350571
6270 84.90781007354084
6280 84.906632330555
6290 84.90549103230754
6300 84.89899088990629
6310 84.9089717720082
6320 84.90373350945747
6330 84.90755833636311
6340 84.90267998022053
6350 84.90809316313941
6360 84.9103540214678
6370 84.90889995691593
6380 84.91009734930529
6390 84.9120194755023
6400 84.91253479707659
6410 84.91263775490559
6420 84.91035497367025
6430 84.90883081320207
6440 84.91310715683841
6450 84.91103577119164
6460 84.9050723192061
6470 84.90807519247787
6480 84.9073091105485
6490 84.91024262047969
6500 84.91228874722961
6510 84.91111605444107
6520 84.91400803710047
6530 84.91235165299545
6540 84.91329837906862
6550 84.91259182791005
6560 84.92389973665742
6570 84.92686590188731
6580 84.91120963183239
6590 84.91754757331422
6600 84.91863110938517
6610 84.91047613438728
6620 84.91158363425326
6630 84.91890966637176
6640 84.92087651033974
6650 84.91291542586667
6660 84.9243810388199
6670 84.91499272525026
6680 84.91691058503649
6690 84.91427117625962
6700 84.93260137284659
6710 84.91187968060194
6720 84.91920910680307
6730 84.91760596774003
6740 84.9192971504155
6750 84.92174437414432
6760 84.9132417238492
6770 84.91882853863949
6780 84.91851749824738
6790 84.91561880660369
6800 84.91952454053836
6810 84.92226059292285
0 83.31257993275386
10 89.12365364831182
20 87.27772962761755
30 86.22736977145945
40 85.68872687366692
50 85.34851876065616
60 85.17720181659749
70 85.04750182736807
80 84.97562863344282
90 84.93008145873172
100 84.88373279397366
110 84.84833881107802
120 84.82374309608078
130 84.81778182082515
140 84.81335977099238
150 84.77696465933785
160 84.77803760103481
170 84.76922773471074
180 84.73971993120878
190 84.72919817371151
200 84.73815007132175
210 84.71525411238129
220 84.71298424927144
230 84.69681846117118
240 84.69379082113518
250 84.68642535592393
260 84.68449804889224
270 84.66364983798782
280 84.66717291154474
290 84.67015957582824
300 84.66546401169884
310 84.66116642607673
320 84.65883633963749
330 84.66064008349603
340 84.64934689097616
350 84.64835208721321
360 84.64469051129167
370 84.65144739210454
380 84.64788081992258
390 84.64598943066561
400 84.64683472194369
410 84.64934426548152
420 84.64451889182685
430 84.64572586922253
440 84.64445595134728
450 84.64601638657192
460 84.6436094304166
470 84.6441320370965
480 84.64553209161546
490 84.64135043482267
500 84.63885664950786
510 84.63553103881456
520 84.64339048771023
530 84.64179866687292
540 84.64097194113072
550 84.64082161772382
560 84.64533550522738
570 84.65004099044521
580 84.64268214020724
590 84.64339768513589
600 84.6431638373504
610 84.64835499214668
620 84.64525399091593
630 84.63797075467151
640 84.64393006085935
650 84.64033057895377
660 84.6409328738622
670 84.64486554374812
680 84.64356830694442
690 84.64261376614409
700 84.64456545741939
710 84.639242444739
720 84.64304097338318
730 84.64645794499282
740 84.65071577489218
750 84.64967309259637
760 84.64797661706875
770 84.64207208711299
780 84.6451148784885
790 84.64618003783211
800 84.64652377258236
810 84.65312296242524
820 84.65442391999903
830 84.64361206642002
840 84.64876435758529
850 84.64775307115342
860 84.64596389321952
870 84.64365867894652
880 84.65133583601987
890 84.64344536533099
900 84.65784526995962
910 84.64264656047527
920 84.6493566405598
930 84.65224156265413
940 84.64468332788528
950 84.65107307914552
960 84.65958328396033
970 84.65748733746227
980 84.65231362953803
990 84.66858579227861
1000 84.66043117852027
1010 84.66397687495568
1020 84.66446046840807
1030 84.65532671965951
1040 84.65907189140172
1050 84.66142074133529
1060 84.65541320621669
1070 84.64755589309422
1080 84.66595607770566
1090 84.65961478268096
1100 84.66437626412156
1110 84.66408143225519
1120 84.66405223965477
1130 84.67309430765617
1140 84.65998913493465
1150 84.68422914869943
1160 84.67086130099102
1170 84.66692486903906
1180 84.67361050650729
1190 84.66755601541821
1200 84.6722153090961
1210 84.66794018672468
1220 84.67063294849737
1230 84.66625816277332
1240 84.67396665752393
1250 84.66644420435823
1260 84.67075694263006
1270 84.68062179833322
1280 84.67572424857521
1290 84.67393546771551
1300 84.67432637169574
1310 84.67788082760534
1320 84.67504105273495
1330 84.67985543906001
1340 84.67711831399698
1350 84.68090846420645
1360 84.67782371174391
1370 84.67554437369496
1380 84.6870085943596
1390 84.68505377083008
1400 84.68745447406947
1410 84.67783691856378
1420 84.68532277180108
1430 84.68652241956437
1440 84.68856212751986
1450 84.69017867064396
1460 84.69233083952192
1470 84.68745297977456
1480 84.69250303947685
1490 84.69210017902279
1500 84.69432350700372
1510 84.69379850932573
1520 84.69401439107418
1530 84.69632118181573
1540 84.69938318252062
1550 84.69285539806783
1560 84.70943722681314
1570 84.69553359496
1580 84.69795275913508
1590 84.70105202120304
1600 84.69926614231595
1610 84.70543585726749
1620 84.70218474237168
1630 84.70239532618565
1640 84.70242493624403
1650 84.70010333240592
1660 84.69922212585976
1670 84.7032757348135
1680 84.69954051634487
1690 84.70204193402722
1700 84.70651466660827
1710 84.70280257905848
1720 84.70234283371637
1730 84.7094370423833
1740 84.71007522614438
1750 84.71006048427871
1760 84.71253274868675
1770 84.71098131598815
1780 84.71287659651959
1790 84.71315679497192
1800 84.71404612792898
1810 84.71273332042371
1820 84.71530181185982
1830 84.71838085307493
1840 84.71486105710065
1850 84.71461372807212
1860 84.71813443406923
1870 84.71577646816812
1880 84.72006875322276
1890 84.71578933159209
1900 84.7205802490482
1910 84.72243937563437
1920 84.72111918873509
1930 84.72328603364545
1940 84.71107950360144
1950 84.72202352401536
1960 84.71781709062817
1970 84.71522584695407
1980 84.71696570719915
1990 84.72517403035455
2000 84.72390126646424
2010 84.7262784047748
2020 84.72064001851743
2030 84.72121487414637
2040 84.72193565351965
2050 84.72301222471506
2060 84.72153469696237
2070 84.72044554046205
2080 84.71878747337196
2090 84.72031374652501
2100 84.72245153120323
2110 84.72114067764073
2120 84.72279451609775
2130 84.72684200735544
2140 84.73149311803242
2150 84.72743121791353
2160 84.73545578632974
2170 84.73428751405902
2180 84.73480900933713
2190 84.73198298928749
2200 84.73468821715704
2210 84.73620949998417
2220 84.72545664678665
2230 84.71794125279169
2240 84.73380995326444
2250 84.7338611248552
2260 84.73303167506906
2270 84.73314977435049
2280 84.73866941949136
2290 84.73493591526096
2300 84.74468527539177
2310 84.7364333642757
2320 84.73808176980886
2330 84.73843348464005
2340 84.74595823188811
2350 84.75298815851799
2360 84.74929633371353
2370 84.74606041679814
2380 84.74074023226963
2390 84.74005489803615
2400 84.74318240652914
2410 84.74603181659401
2420 84.74822636582222
2430 84.74428945836893
2440 84.74276820727005
2450 84.74355558667031
2460 84.73252394733612
2470 84.74531350827959
2480 84.74585499979149
2490 84.74419114371601
2500 84.74519469798489
2510 84.74691120703693
2520 84.74445156862609
2530 84.74997219373394
2540 84.7483502478086
2550 84.75165749414408
2560 84.75629830385186
2570 84.75757230918656
2580 84.7574794841038
2590 84.75193774482868
2600 84.75378235866665
2610 84.75432131363226
2620 84.752936322113
2630 84.756558256774
2640 84.73972560938658
2650 84.74912602624417
2660 84.76287744837978
2670 84.75866353639339
2680 84.75591906138615
2690 84.75876753672571
2700 84.7597373909061
2710 84.7583982995088
2720 84.75930654575716
2730 84.76026879817792
2740 84.75565396316891
2750 84.75370470471159
2760 84.75531240239297
2770 84.75935643304405
2780 84.75562356832614
2790 84.75416556369521
2800 84.75963445644639
2810 84.76071768760811
2820 84.76460220781384
2830 84.76424886465421
2840 84.76127168802904
2850 84.76367491071589
2860 84.76774412254177
2870 84.76701025111807
2880 84.76405465113129
2890 84.76866389824725
2900 84.76333056209708
2910 84.76288161217614
2920 84.77153810815786
2930 84.77576776132332
2940 84.77432259887441
2950 84.77951666888437
2960 84.77420075238614
2970 84.77266438390548
2980 84.77345077538588
2990 84.77682308373679
3000 84.77453266560823
3010 84.76962325665546
3020 84.79519559622679
3030 84.77953349835691
3040 84.77310762430757
3050 84.77351217157076
3060 84.78054052364666
3070 84.77927417681208
3080 84.78217361901854
3090 84.78684353530309
3100 84.78778418397729
3110 84.78449788707634
3120 84.78753339004467
3130 84.78225847371004
3140 84.77195789881873
3150 84.78504897546335
3160 84.77800034751543
3170 84.78148444110003
3180 84.77919605899307
3190 84.78625710720868
3200 84.78734178231043
3210 84.7921770964207
3220 84.79440353460829
3230 84.79464199607557
3240 84.79453342391561
3250 84.79633663360821
3260 84.79426447992024
3270 84.79381076427639
3280 84.79412815963566
3290 84.79157490885046
3300 84.79633110778531
3310 84.79908428504019
3320 84.79519128530097
3330 84.79801927827839
3340 84.80246972040077
3350 84.80476424798526
3360 84.79205294234602
3370 84.80753388727949
3380 84.80690276014927
3390 84.80719834861948
3400 84.81062323182039
3410 84.80645439056799
3420 84.80947258520484
3430 84.80631354130225
3440 84.80326168055558
3450 84.80344182421968
3460 84.80550506857934
3470 84.80669160362646
3480 84.80810499030001
3490 84.8117322289565
3500 84.80709866996909
3510 84.81315463841156
3520 84.80750625303932
3530 84.80949623353678
3540 84.81329267462579
3550 84.81157382188299
3560 84.81527223353572
3570 84.81219272955963
3580 84.80897903424986
3590 84.80956537984819
3600 84.8081391939933
3610 84.80751239615246
3620 84.80869003457516
3630 84.81228197135675
3640 84.81154934802117
3650 84.81022907239226
3660 84.81354037790877
3670 84.81095856321963
3680 84.80774183448968
3690 84.81477547986638
3700 84.82183737694265
3710 84.82077173976866
3720 84.81790670921002
3730 84.80343566998388
3740 84.85442951055053
3750 84.82382077739537
3760 84.83042530396435
3770 84.82546793735703
3780 84.82699889401275
3790 84.82258280972221
3800 84.82514731187221
3810 84.82301617245982
3820 84.83085504941474
3830 84.82594622736744
3840 84.82387526472489
3850 84.82593987660226
3860 84.82770142508903
3870 84.82867000164239
3880 84.81709254715425
3890 84.82680859291501
3900 84.82532723742592
3910 84.82859177598277
3920 84.82707119882674
3930 84.82495651800151
3940 84.82910322853972
3950 84.82811040481988
3960 84.82510359081415
3970 84.82732107048743
3980 84.83758651777764
3990 84.83637816660074
4000 84.83384807017426
4010 84.83715935735918
4020 84.83438784040194
4030 84.834243338256
4040 84.83756842984398
4050 84.83584660020867
4060 84.83288869334527
4070 84.83021479624649
4080 84.82831619169532
4090 84.82659033618363
4100 84.83923039106914
4110 84.83038887905427
4120 84.83603837539351
4130 84.83735125306021
4140 84.83821021288712
4150 84.83979670519015
4160 84.83608766122812
4170 84.83500072587454
4180 84.84043347503035
4190 84.83531656784574
4200 84.84039956837883
4210 84.83849423686686
4220 84.83751244326545
4230 84.83917512766151
4240 84.8527659133098
4250 84.83639405402047
4260 84.84408098291615
4270 84.84430029270138
4280 84.84752285298839
4290 84.84589876471041
4300 84.84745444145642
4310 84.84449564242263
4320 84.84141845176674
4330 84.83611330520581
4340 84.85237822913342
4350 84.8469979175465
4360 84.84527542711862
4370 84.84689653695017
4380 84.84585661342759
4390 84.84646595417121
4400 84.8395205562766
4410 84.85006810336597
4420 84.84397849105341
4430 84.85297896856852
4440 84.85528434274065
4450 84.85802946784622
4460 84.85408577438253
4470 84.85216468468549
4480 84.84651700178864
4490 84.85486567479026
4500 84.85549637152594
4510 84.85381713891857
4520 84.85349939555974
4530 84.85545993399995
4540 84.84969028660964
4550 84.85938280592497
4560 84.85821610436921
4570 84.85435448701851
4580 84.85174777962618
4590 84.85299155298895
4600 84.86199603019938
4610 84.85896812357987
4620 84.86068977790002
4630 84.86129716443034
4640 84.85623175816474
4650 84.85616053985105
4660 84.87231545423762
4670 84.85646221951764
4680 84.85936015544831
4690 84.85488695174931
4700 84.86128594988301
4710 84.85644558115477
4720 84.85753367656639
4730 84.85605498863278
4740 84.85504536007195
4750 84.86300956781429
4760 84.8639964547564
4770 84.85868838787006
4780 84.86430839218289
4790 84.86487635748449
4800 84.86279180155324
4810 84.86141138858082
4820 84.85191320848408
4830 84.86297683214474
4840 84.86040427559909
4850 84.85226498958158
4860 84.85456848617059
4870 84.86523282467084
4880 84.86829407078578
4890 84.86899335769559
4900 84.8622319988028
4910 84.86297296611781
4920 84.87185532954888
4930 84.86436051362494
4940 84.86843647507584
4950 84.88142300375955
4960 84.87325835721246
4970 84.87875048705223
4980 84.87308870566017
4990 84.86856267516161
5000 84.87639785332115
5010 84.87138527063574
5020 84.87464159735623
5030 84.88022049267181
5040 84.90856232745031
5050 84.87711636479092
5060 84.87505156611516
5070 84.87529896921038
5080 84.87352996193144
5090 84.87246989765178
5100 84.87267911686834
5110 84.88185491512387
5120 84.87946422562761
5130 84.8704396102804
5140 84.8700214170685
5150 84.8713360494245
5160 84.87451590642131
5170 84.87092474703992
5180 84.87726966054488
5190 84.87855417016668
5200 84.87959878060956
5210 84.87413675407475
5220 84.87807575179886
5230 84.87502345117771
5240 84.87715944791113
5250 84.87678747425396
5260 84.87284634849921
5270 84.86401668371059
5280 84.86969349562717
5290 84.88141716706376
5300 84.87072659193214
5310 84.87794352364371
5320 84.87609298506055
5330 84.87703237888805
5340 84.87630494533379
5350 84.88392436999925
5360 84.88161033537267
5370 84.88356111002631
5380 84.89193547222496
5390 84.88360312072636
5400 84.89123001911483
5410 84.88442900404551
5420 84.88507729611337
5430 84.88688485579408
5440 84.88985831168762
5450 84.89170940430381
5460 84.88888027804616
5470 84.89409453009583
5480 84.8876657838798
5490 84.88914188429666
5500 84.87544684129661
5510 84.89611315101318
5520 84.88787965697431
5530 84.88023997081217
5540 84.87424523001158
5550 84.89032406990611
5560 84.88736346961191
5570 84.88840501841037
5580 84.88894192162658
5590 84.87659469567257
5600 84.89375004166878
5610 84.88878772419898
5620 84.88785069709624
5630 84.89110077774208
5640 84.89059227220235
5650 84.8898671866655
5660 84.88780172721823
5670 84.88377905652862
5680 84.88878969110918
5690 84.89138743162749
5700 84.89124186887352
5710 84.89665526014245
5720 84.88964216001727
5730 84.9012611773496
5740 84.89454310153333
5750 84.89560005832197
5760 84.89669009782735
5770 84.90148596212128
5780 84.8972846784891
5790 84.89346627573788
5800 84.89666911720431
5810 84.90009317429482
5820 84.89688704636528
5830 84.89342217558895
5840 84.89365589603385
5850 84.89633338188199
5860 84.89869117684644
5870 84.90046715441891
5880 84.89702072920142
5890 84.89699586133722
5900 84.89814538853247
5910 84.89744310861144
5920 84.89449300055249
5930 84.89795808444694
5940 84.89575294944694
5950 84.89613023980445
5960 84.89878073591701
5970 84.89914098707634
5980 84.907196410493
5990 84.8973599683915
6000 84.90414864968041
6010 84.9016950569909
6020 84.90340345147935
6030 84.90319819243899
6040 84.89951142586246
6050 84.90116646549171
6060 84.90001773465636
6070 84.89820845909914
6080 84.89489891836691
6090 84.90021850964943
6100 84.89805595152335
6110 84.9015227743576
6120 84.89658620720266
6130 84.90453209868384
6140 84.90177365005496
6150 84.90964425851112
6160 84.90431398869519
6170 84.90312758105637
6180 84.90238825707472
6190 84.91197267101796
6200 84.902006230323
6210 84.90676796790852
6220 84.90742001452256
6230 84.90609059669978
6240 84.91131384262593
6250 84.91095141339362
6260 84.91384834973984
6270 84.90905379679394
6280 84.90904384621008
6290 84.91300588504485
6300 84.90386879945876
6310 84.90417357054585
6320 84.90309944586581
6330 84.90815731471523
6340 84.90537994644465
