"Time Step" "p-in"
20410 -26440.69763513829
20420 -26564.93965257653
20430 -26502.18442319905
20440 -26244.77746637192
20450 -25970.73169459846
20460 -25771.43672595581
20470 -25626.448258715
20480 -25195.90765079073
20490 -24586.06244123552
20500 -24006.53457239203
20510 -23581.77788226235
20520 -23406.14105192772
20530 -23459.80465283207
20540 -23496.11720513996
20550 -23728.77984357984
20560 -24113.51892497242
20570 -24827.6728624762
20580 -25245.45579240644
20590 -25222.07971681554
20600 -25579.35238350195
20610 -25535.09350810656
20620 -25589.58819065684
20630 -25795.87743350412
20640 -26055.96209085676
20650 -26442.16488987101
20660 -26215.06489971037
20670 -26029.97931417474
20680 -26122.23895628743
20690 -26369.79345544481
20700 -26483.23450642217
20710 -26475.89957172387
20720 -26487.27399848704
20730 -26590.9922538682
20740 -26549.6720835278
20750 -26215.72530403132
20760 -26048.61826202338
20770 -25967.19125385645
20780 -25720.2106101229
20790 -25534.25698489178
20800 -25488.64256846026
20810 -25647.45545104536
20820 -25850.66136120487
20830 -26259.6969711637
20840 -26533.54883386639
20850 -26625.4059848446
20860 -26722.13298260195
20870 -26692.87188033925
20880 -26557.55556573028
20890 -25996.11449879352
20900 -25225.24480052196
20910 -24671.51551927687
20920 -24066.45522445732
20930 -23726.71865154096
20940 -23860.76991718889
20950 -23989.6237352447
20960 -24178.49958385513
20970 -24277.92285763292
20980 -24562.8028856767
20990 -24851.41925835767
21000 -25242.21932731819
21010 -25746.09462619468
21020 -26162.29389082793
21030 -26331.36481820604
21040 -26310.35672394475
21050 -26179.35994779563
21060 -26172.11204189736
21070 -26275.66630114751
21080 -26562.8243071255
21090 -26308.31611721687
21100 -25758.11075726083
21110 -25321.68436705374
21120 -24935.75968115297
21130 -24669.79476130509
21140 -24713.08454864176
21150 -24920.37100690763
21160 -25010.220833186
21170 -25150.78806039784
21180 -25212.37094986619
21190 -25557.61412166611
21200 -25799.27968871775
21210 -25701.71671395274
21220 -25549.69523199668
21230 -25393.88995667093
21240 -25254.74963086018
21250 -25219.9358829248
21260 -25177.71832080403
21270 -25082.27806273489
21280 -24765.49979079797
21290 -24437.86509987222
21300 -23892.1965919532
21310 -23395.72156102688
21320 -23280.05007778876
21330 -23353.64841679397
21340 -23472.7658405526
21350 -23600.03944857325
21360 -23822.31442778916
21370 -24109.79084436223
21380 -24427.9704431891
21390 -24828.07756812971
21400 -25097.56827961579
21410 -25479.95636806675
21420 -25878.78392067173
21430 -26032.25889410768
21440 -26134.62122657992
21450 -26343.45875457738
21460 -26634.88459263246
21470 -26951.83566551499
21480 -27005.77099004785
21490 -26944.96936717294
21500 -26887.62976465112
21510 -26812.77997359608
21520 -26850.67352063808
21530 -26806.83469702556
21540 -26831.37378672104
21550 -26948.74155806492
21560 -26985.45724185709
21570 -26959.05859224656
21580 -27211.95591085839
21590 -27333.98377444345
21600 -27052.58729986905
21610 -26513.66075692955
21620 -26119.30316642291
21630 -25930.36232088941
21640 -25956.60941989854
21650 -25993.30942331021
21660 -25718.79285772757
21670 -25308.23141721769
21680 -24842.56696759335
21690 -24477.53143093249
21700 -24244.35272980779
21710 -24089.449128245
21720 -24052.40433885591
21730 -24200.71298665589
21740 -24096.96227018245
21750 -23949.41357927476
21760 -23940.538614872
21770 -23951.96348220571
21780 -24075.72057767803
21790 -24438.63478200899
21800 -24917.08773837194
21810 -25198.81789029902
21820 -25189.41751849534
21830 -25141.08860829854
21840 -25430.52512616988
21850 -26135.61210846705
21860 -26904.29772591801
21870 -27227.73910762868
21880 -27056.11700081301
21890 -26898.98472527644
21900 -26741.43630366114
21910 -26442.82871085201
21920 -26258.48621937618
21930 -26069.66522865725
21940 -26099.69401196497
21950 -26196.96877586026
21960 -26074.24569665979
21970 -25793.31651060496
21980 -25809.7314023643
21990 -25954.70807027783
22000 -25682.2565243706
22010 -25259.99460366132
22020 -24924.53610759658
22030 -24743.05563025522
22040 -24788.1497971907
22050 -24996.1268956201
22060 -25263.15167725602
22070 -25257.75279064226
22080 -24821.78006974053
22090 -24336.53508770095
22100 -24029.51848940188
22110 -23893.52057386197
22120 -23710.38454230102
22130 -23660.97149983574
22140 -23798.67243346557
22150 -23895.37376424593
22160 -23894.56791784838
22170 -23981.31579992381
22180 -24375.12889041676
22190 -24795.27534690455
22200 -25276.9271373451
22210 -25825.43996173543
22220 -26550.23178827325
22230 -27059.16513766445
22240 -27239.34820811392
22250 -26950.47562284917
22260 -26431.92677065648
22270 -26088.13503910138
22280 -26025.54612464795
22290 -25914.5206966096
22300 -26143.42631234614
22310 -26325.2450876592
22320 -26620.62244121174
22330 -26795.71413227773
22340 -26874.81028969634
22350 -26827.08281886073
22360 -26809.41829759539
22370 -26721.33871205732
22380 -26550.16739788587
22390 -26213.39028457264
22400 -25864.12412998259
22410 -25676.26888969341
22420 -25669.17014900821
22430 -25736.41612076392
22440 -25747.2074862472
22450 -25695.06182240928
22460 -25427.98076523047
22470 -25146.51361015847
22480 -24724.23076200652
22490 -24406.07161026265
22500 -24178.9335137646
22510 -23783.07835256547
22520 -23092.89198765722
22530 -22845.35021883461
22540 -22897.7006221859
22550 -23120.86646718244
22560 -23470.47847895798
22570 -23737.94750644737
22580 -24303.12045636763
22590 -24907.64055425503
22600 -25352.477625729
22610 -25803.62099749412
22620 -26182.51215590813
22630 -26438.74756791341
22640 -26628.64891648672
22650 -27096.22510163111
22660 -27394.38908233491
22670 -27159.07742156254
22680 -27078.25511453486
22690 -27128.30222708211
22700 -27000.44295342522
22710 -26866.95748210954
22720 -26835.34624413463
22730 -26644.32549307732
22740 -26487.61439602018
22750 -26891.34120721692
22760 -27306.93575478609
22770 -27306.60413177525
22780 -26938.15383007217
22790 -26715.28091576862
22800 -26945.62745843398
22810 -26981.27105169933
22820 -26671.87078869126
22830 -26331.16199948825
22840 -26146.67242011791
22850 -25993.08910600511
22860 -25556.73385755639
22870 -25217.06245558816
22880 -25011.34662155626
22890 -24655.40251317477
22900 -23905.77206328553
22910 -23567.78202425127
22920 -23547.37062110054
22930 -23869.94341539908
22940 -24314.99588623779
22950 -24568.58213348699
22960 -24725.11809180639
22970 -24833.7137689427
22980 -24905.12744505883
22990 -24852.58472646566
23000 -24695.37902934623
23010 -24728.8297136715
23020 -24959.27144910796
23030 -25166.08898226399
23040 -25289.87593186892
23050 -25493.52980720678
23060 -25570.67739508891
23070 -25380.77575034914
23080 -25211.9639634696
23090 -25277.54114993245
23100 -25347.3015044839
23110 -25426.58775040671
23120 -25434.82168260194
23130 -25298.33230796995
23140 -25033.12958074962
23150 -24759.54392933418
23160 -24856.18631021161
23170 -24861.2441182911
23180 -24926.39140375248
23190 -25093.15360168037
23200 -25130.99325603534
23210 -25096.75305752029
23220 -25135.81637826328
23230 -25155.18436527305
23240 -25216.77589657444
23250 -25359.00529933889
23260 -25462.43272323598
23270 -25262.08252829573
23280 -24871.56920089834
23290 -24255.78071322773
23300 -23874.33631252772
23310 -23624.72049728335
23320 -23344.9230832248
23330 -23192.82820816099
23340 -23277.49299981819
23350 -23528.58410908268
23360 -23698.53187915917
23370 -23742.66833622783
23380 -24061.54928539774
23390 -24586.47149004469
23400 -24992.90127588877
23410 -25241.06148656343
23420 -25618.91448438118
23430 -26045.10052523362
23440 -26648.67802522785
23450 -26982.15450958504
23460 -26809.89131938594
23470 -26346.50360839912
23480 -26606.88741592564
23490 -26906.54834470225
23500 -26944.34130263011
23510 -27042.7413351379
23520 -27191.15670091221
23530 -27350.70334543605
23540 -27343.47010386338
23550 -27036.49069412631
23560 -26594.34787647784
23570 -26189.99518285537
23580 -25876.66995981288
23590 -25641.62452780739
23600 -25451.4442219186
23610 -25320.26013425755
23620 -25246.05954283568
23630 -25193.15629483401
23640 -25120.05610916334
23650 -25192.79047898437
23660 -25411.42685282547
23670 -25420.55839417845
23680 -25169.00256018783
23690 -25141.11712810878
23700 -25092.39750718751
23710 -25079.32498196733
23720 -25002.63020369122
23730 -25036.6952830986
23740 -25182.9737762578
23750 -25293.59586764667
23760 -25361.69946283165
23770 -25388.91776436008
23780 -25471.38041030951
23790 -25767.2624381493
23800 -26224.97638099364
23810 -26441.83418004582
23820 -26684.99179232013
23830 -26845.98207057508
23840 -26785.93760384262
23850 -27076.99618095277
23860 -27223.08985036784
23870 -26857.7370553086
23880 -26448.91574995137
23890 -26356.54594992375
23900 -26624.40265317492
23910 -26885.37734099075
23920 -26887.52615564965
23930 -26698.05449831409
23940 -26543.77942362482
23950 -26439.28374172553
23960 -26354.464355144
23970 -26123.56548343902
23980 -25869.32192043672
23990 -25712.62210519578
24000 -25586.34697525622
13810 -25605.95962852434
13820 -25571.11158551335
13830 -25407.24209299765
13840 -25606.8692930018
13850 -25825.64380179365
13860 -26061.26941272536
13870 -26400.95130666617
13880 -26674.73847702654
13890 -26726.16758080806
13900 -26670.51379433106
13910 -26472.71919361793
13920 -26054.64844960612
13930 -25902.95703014321
13940 -25843.15637669782
13950 -25566.59292460456
13960 -25145.92889099854
13970 -24804.25694657355
13980 -25254.31642845741
13990 -25742.32839472659
14000 -25701.85983442924
14010 -25819.0335028953
14020 -25817.08096583713
14030 -25366.85521430504
14040 -24723.4194014739
14050 -24654.50664064553
14060 -25111.90891810844
14070 -25034.05584896033
14080 -24562.64860888316
14090 -24112.9034113441
14100 -23852.58742434314
14110 -23735.11152860874
14120 -23684.03838826663
14130 -23775.09361899829
14140 -23900.65684143262
14150 -24095.61871191489
14160 -24203.81416556153
14170 -24367.06954113338
14180 -24805.90708514611
14190 -25510.65935995223
14200 -25961.95033799611
14210 -25913.92988351774
14220 -25856.6050092845
14230 -26227.09910037594
14240 -26347.24701594025
14250 -26405.43818735318
14260 -26199.23413679474
14270 -26173.73498568657
14280 -26159.85170857091
14290 -26275.36798992347
14300 -26367.33793197949
14310 -26484.38450381068
14320 -26269.90997563475
14330 -26082.6994106284
14340 -26178.52421873342
14350 -26402.46256547128
14360 -26291.35718529854
14370 -26103.41485712711
14380 -25799.71063254675
14390 -25621.01838754082
14400 -25798.98709095007
14410 -25916.24995755857
14420 -26001.19021474895
14430 -25946.42507330226
14440 -25716.09039325864
14450 -25408.68626455433
14460 -25037.10980067209
14470 -24775.7054594344
14480 -24496.69310050197
14490 -24193.42307621334
14500 -23930.8816813852
14510 -23678.5915194536
14520 -23372.33063783395
14530 -23363.29842544649
14540 -23544.02359895072
14550 -23547.95553915761
14560 -23871.99269533926
14570 -24369.44873490772
14580 -24731.64192639547
14590 -24859.30388863515
14600 -25060.84336998882
14610 -25221.24343647567
14620 -25061.76014098975
14630 -24841.30919605442
14640 -24919.80965867258
14650 -24813.65483703166
14660 -24933.12312760903
14670 -25029.78788677969
14680 -25146.34091905967
14690 -25010.92364721743
14700 -24906.28237249182
14710 -24845.01928912819
14720 -24712.2221630986
14730 -24859.73241346598
14740 -25068.36058238758
14750 -25118.32137737886
14760 -25104.36921013588
14770 -25128.03824423235
14780 -25283.95076337679
14790 -25506.76159978679
14800 -25711.59646925309
14810 -25814.99143445306
14820 -25631.05982125001
14830 -25287.00639580001
14840 -24963.6816135572
14850 -24793.62137914012
14860 -24899.17588782496
14870 -24906.96300868606
14880 -24819.82457168279
14890 -24625.22584580065
14900 -24329.46396396993
14910 -23973.73090294583
14920 -23788.54063581729
14930 -23739.18568896873
14940 -23875.5542144236
14950 -24103.08435227278
14960 -24322.80972837647
14970 -24523.05204579023
14980 -24628.55268067076
14990 -24588.31697244771
15000 -24985.43331747947
15010 -25450.64855482591
15020 -25779.37771142512
15030 -26087.69771438247
15040 -27077.06822695278
15050 -28008.21506255788
15060 -27491.01754500789
15070 -26866.95671914807
15080 -26695.25994645683
15090 -26531.51425754623
15100 -26085.66659167104
15110 -25888.47210413452
15120 -25933.44633649941
15130 -26168.85230620442
15140 -26358.8191894899
15150 -26499.95980690347
15160 -26421.05263600031
15170 -26288.84639802415
15180 -26308.8064506638
15190 -26351.60107690683
15200 -26382.93400988812
15210 -26368.7896744033
15220 -26015.00438689863
15230 -25607.80060245567
15240 -25271.08237177184
15250 -24942.05576511894
15260 -24483.34601277472
15270 -24291.69897622381
15280 -24313.43624168151
15290 -24044.15475093789
15300 -23589.34618664037
15310 -23227.03719430113
15320 -22989.36482197962
15330 -22823.40918470309
15340 -22879.61922882422
15350 -23137.90762684778
15360 -23481.32496033494
15370 -23796.02349837571
15380 -24087.61824567148
15390 -24377.74503121696
15400 -24541.02280238051
15410 -24516.82665326614
15420 -24421.30118521715
15430 -24364.12297405402
15440 -24389.49942087687
15450 -24790.25351573494
15460 -25387.17492970633
15470 -25808.72504535049
15480 -26148.52903758362
15490 -26487.83380912017
15500 -26769.76275728437
15510 -27001.8508816589
15520 -27245.41545548961
15530 -27171.09121394112
15540 -26777.86048320259
15550 -26472.23610669507
15560 -26374.21731888623
15570 -26416.01378685553
15580 -26467.39590571365
15590 -26359.78100489583
15600 -25979.98132043498
15610 -25865.32005564341
15620 -25904.93167117145
15630 -25755.51288998768
15640 -25611.00062766873
15650 -25489.80513251553
15660 -25069.16701392967
15670 -24646.92612320929
15680 -24371.2187189705
15690 -24275.57686265457
15700 -24124.55526155902
15710 -23863.5719580742
15720 -23693.50495031252
15730 -24043.43875953744
15740 -24518.39652587158
15750 -24939.99564161555
15760 -25128.66098921858
15770 -25125.43436682275
15780 -25276.22080854042
15790 -25576.36048361289
15800 -25610.60495436168
15810 -25497.90098736763
15820 -25220.46715601041
15830 -24806.5197191707
15840 -24786.81998097203
15850 -24928.33913257387
15860 -24984.23752901221
15870 -25060.68858699757
15880 -25248.19661582313
15890 -25419.02361320408
15900 -25621.88861798932
15910 -25985.68109600366
15920 -26405.67029828921
15930 -26541.77943419731
15940 -26569.48115272832
15950 -26555.22188867838
15960 -26402.52135144444
15970 -26162.09736340984
15980 -25825.70999879757
15990 -25428.21689805276
16000 -25023.03994178926
16010 -24864.34912711126
16020 -24859.27582577742
16030 -24892.37330429908
16040 -24992.91302701491
16050 -24861.73341029709
16060 -24774.38171380983
16070 -24780.86691631294
16080 -24628.19539960153
16090 -24502.97276924484
16100 -24517.31835592647
16110 -24474.10353502184
16120 -24666.42797783667
16130 -25191.69380116395
16140 -25536.97514694095
16150 -25472.42762234782
16160 -25354.1967185535
16170 -25490.89198552681
16180 -25844.68067148412
16190 -26188.21743740691
16200 -26353.83450764939
16210 -26639.71176172225
16220 -26767.98298389617
16230 -26681.54584652141
16240 -26754.16138268671
16250 -26844.47066178997
16260 -27013.16719447502
16270 -27142.4478080241
16280 -27235.79719044509
16290 -27285.11594858084
16300 -27295.32416609909
16310 -27104.98496629031
16320 -26998.64553678221
16330 -27289.76609652884
16340 -27542.78595591151
16350 -27657.58071634244
16360 -27662.45292495266
16370 -27461.30251472536
16380 -27288.48790961396
16390 -27302.37120238482
16400 -27129.25294463355
16410 -26577.76435859534
16420 -26180.76705027759
16430 -26043.864279662
16440 -25814.06844500034
16450 -25481.9203959674
16460 -25243.28004798446
16470 -25100.42279150978
16480 -24804.33810655326
16490 -24308.9275939211
16500 -23808.10278392313
16510 -23404.41009121379
16520 -23171.78813699159
16530 -23210.9416386086
16540 -23394.26703638697
16550 -23929.82180785594
16560 -24688.172731627
16570 -25372.88200691565
16580 -25817.91563842253
16590 -25691.72009383423
16600 -25550.69815946928
16610 -25858.76376807106
16620 -25815.24936118034
16630 -24973.52555037389
16640 -24679.73673219487
16650 -24891.61354783307
16660 -25169.65823436483
16670 -25588.51609622456
16680 -26110.24600794919
16690 -26493.0595055028
16700 -26450.74474642838
16710 -26140.28114399713
16720 -26189.84759578868
16730 -26517.20782753083
16740 -26969.0647498081
16750 -27137.75222441507
16760 -27051.5695346472
16770 -26821.80456077621
16780 -26564.00911689103
16790 -26261.89913235526
16800 -25936.16443165493
16810 -25733.77784154542
16820 -25649.06086520887
16830 -25690.9507872674
16840 -25732.02048998673
16850 -25716.37343511912
16860 -25732.32172313883
16870 -25736.67040443154
16880 -25737.3870821094
16890 -25785.25372243727
16900 -25564.84024191177
16910 -25137.09174368911
16920 -24659.2346098435
16930 -24344.21173678151
16940 -24350.63949267533
16950 -24377.66782535466
16960 -24304.38422149776
16970 -24117.61064420774
16980 -23856.46492409554
16990 -23727.67308309127
17000 -23877.81430072125
17010 -24419.85409746609
17020 -24877.59841929524
17030 -25166.34185807994
17040 -25539.86901122118
17050 -25945.48806275584
17060 -26048.77709224796
17070 -25924.96851506201
17080 -25944.60914210515
17090 -26141.68394983351
17100 -26321.33500754819
17110 -26377.42399502243
17120 -26255.66967520472
17130 -25773.97197303019
17140 -25332.61241462707
17150 -25264.68211805559
17160 -25362.0635842171
17170 -25329.48888605308
17180 -25274.93881567997
17190 -25349.09171414468
17200 -25518.78511383097
17210 -25555.09871290265
17220 -25659.94909198454
17230 -25749.81369766073
17240 -25860.4074848544
17250 -25901.33984331911
17260 -25874.67284234508
17270 -25653.86571818043
17280 -25208.21410384649
17290 -24702.7021820837
17300 -24445.30560569938
17310 -24138.2275318484
17320 -23902.08750480075
17330 -23955.24173383722
17340 -24172.08966332641
17350 -24492.01662239711
17360 -24693.85599646435
17370 -25079.75598362549
17380 -25497.37517099311
17390 -25851.12478604109
17400 -26718.68314717962
17410 -27337.81341515574
17420 -27370.86323691174
17430 -27064.51230599896
17440 -27203.57618452357
17450 -27263.34189350421
17460 -26766.69891008547
17470 -26613.15206274722
17480 -26727.69196550937
17490 -26717.90547829278
17500 -26405.12437550277
17510 -26242.67042324864
17520 -26110.60606896575
17530 -26102.55215069904
17540 -26333.49112242673
17550 -26624.94028602945
17560 -26780.9253484239
17570 -26842.64331697405
17580 -26798.22033791378
17590 -26612.5543324632
17600 -26353.22580224846
17610 -26139.36275063981
17620 -25986.02466716594
17630 -26060.0935104898
17640 -26212.52213937812
17650 -26010.482069309
17660 -25703.66520545478
17670 -25389.64504829024
17680 -25230.93816234967
17690 -25080.02802992084
17700 -24934.5075263652
17710 -24732.1864731645
17720 -24622.67587215369
17730 -24492.01855441627
17740 -24559.997166656
17750 -24888.68135102416
17760 -25088.41627201808
17770 -25181.36353853441
17780 -25572.2675302838
17790 -26095.82715602942
17800 -26606.60545708777
17810 -27236.21011198316
17820 -27598.83061924902
17830 -27691.37818619664
17840 -27524.1469358148
17850 -27331.89710488092
17860 -27133.97867719841
17870 -26964.09573436518
17880 -26917.64204144564
17890 -26709.86407069983
17900 -26317.9844794809
17910 -26040.2501479514
17920 -26127.99593586554
17930 -26397.78175732381
17940 -26640.61239781748
17950 -26929.08855806326
17960 -27210.2849563724
17970 -27462.39257143097
17980 -27779.01535719984
17990 -28036.15550893415
18000 -28042.89183765232
18010 -27933.37772318171
18020 -27672.35866173068
18030 -27275.34126222676
18040 -26794.45830388504
18050 -26279.53657664419
18060 -25784.8066897448
18070 -25296.59914679869
18080 -24973.00594770843
18090 -24741.74330856719
18100 -24411.23523421671
18110 -24278.85653764171
18120 -24278.06634232454
18130 -24364.65834692659
18140 -24408.55410290124
18150 -24348.03364583045
18160 -24481.6778559287
18170 -24748.29722108925
18180 -25098.82136412193
18190 -25405.03599675842
18200 -25653.99041688181
18210 -25803.54049966431
18220 -25938.4653185184
18230 -26306.30776691437
18240 -25670.80144197192
18250 -25242.36446336021
18260 -25203.48617161521
18270 -25127.35537895792
18280 -25265.9376923657
18290 -25456.83493464523
18300 -25588.32798646393
18310 -25636.46358039224
18320 -25525.51958543767
18330 -25484.93071075087
18340 -25530.6015611736
18350 -25433.68850592522
18360 -25370.16885545947
18370 -25388.67968275915
18380 -25503.59716484896
18390 -25810.99479801441
18400 -26144.89262120531
18410 -26455.96496881024
18420 -26591.7856718193
18430 -26496.23083264209
18440 -26386.87963675539
18450 -26266.50966661459
18460 -26124.26434504999
18470 -25985.80621434194
18480 -25884.36338883818
18490 -25674.91548908063
18500 -25570.75348469923
18510 -25565.66288310154
18520 -25358.56979881285
18530 -25018.02005908276
18540 -24679.39865489474
18550 -24642.83380036797
18560 -24685.29480698657
18570 -24730.50968833626
18580 -24969.88780716868
18590 -25284.33992474616
18600 -25557.01175267929
18610 -25713.61330199104
18620 -26197.48686025928
18630 -26880.5074328553
18640 -27059.5742865202
18650 -26847.52717836465
18660 -26819.289481491
18670 -26621.49581854151
18680 -26557.84154391378
18690 -26668.84694437962
18700 -27057.25192833974
18710 -27146.46012993438
18720 -27113.87040067125
18730 -27052.58199794636
18740 -26787.55669510679
18750 -26537.98617266814
18760 -26385.72157178135
18770 -26347.10630476816
18780 -26325.08578742871
18790 -26210.70982869466
18800 -26131.50513145833
18810 -25967.79159694823
18820 -25858.399174683
18830 -25606.19688397925
18840 -25194.15926755231
18850 -25038.72669685687
18860 -25007.16174327253
18870 -24948.72195858469
18880 -24711.57718554627
18890 -24472.99394393825
18900 -24406.87561471398
18910 -24324.33481523201
18920 -24263.3026437421
18930 -24357.53358775534
18940 -24364.4511050798
18950 -24205.17105336895
18960 -24328.08426746199
18970 -24513.96381872491
18980 -24583.87820786646
18990 -24578.37571278819
19000 -24614.26341794876
19010 -24917.71953743498
19020 -25092.32723660887
19030 -25216.97502653953
19040 -25271.6736197213
19050 -25504.53232958742
19060 -25826.60925673701
19070 -26078.36862091325
19080 -25866.56013131708
19090 -25402.13639104652
19100 -25181.0821586335
19110 -25179.58950141889
19120 -25245.15564691849
19130 -25305.66624076583
19140 -25317.49724407845
19150 -25349.620976217
19160 -25381.81433138177
19170 -25546.85813589725
19180 -25818.9304682422
19190 -26214.04773563865
19200 -26616.29613279687
19210 -26804.67460725301
19220 -26788.35497798307
19230 -26690.88434783812
19240 -26416.68230643122
19250 -26070.88073260797
19260 -25715.73652853395
19270 -25305.98173565312
19280 -24926.38090925597
19290 -24558.12506894166
19300 -24257.5279301617
19310 -24052.51975319319
19320 -23703.30340858514
19330 -23524.58579316086
19340 -24077.72705920882
19350 -24450.44859278652
19360 -24790.23054114339
19370 -25057.41398022096
19380 -25245.85844070378
19390 -25520.20371901655
19400 -25880.54023085401
19410 -25921.6808635132
19420 -25611.65829531485
19430 -25288.1251145792
19440 -25042.62850716103
19450 -24961.52925125149
19460 -24994.40232418391
19470 -25416.5250538788
19480 -25705.33784306737
19490 -25671.31929320797
19500 -25381.62664509568
19510 -25141.30787020937
19520 -25272.2640646108
19530 -25634.9884861763
19540 -25802.04334009662
19550 -25774.77250877237
19560 -25779.62827608672
19570 -25391.58985884557
19580 -24860.71938248522
19590 -24598.67637815036
19600 -24504.27870566679
19610 -24604.92997496086
19620 -24750.79617133247
19630 -24876.7091428155
19640 -24724.84468328687
19650 -24539.22770796596
19660 -24269.84499254329
19670 -23937.75659759166
19680 -23708.59598841941
19690 -23548.68050456524
19700 -23367.46802781449
19710 -23245.12729546498
19720 -23142.11778036106
19730 -23422.68473396361
19740 -24017.76151368528
19750 -24674.63804654134
19760 -24777.98926048934
19770 -24759.26302515163
19780 -24840.21907498691
19790 -25054.15517241691
19800 -24996.83204785557
19810 -25047.05166184397
19820 -25102.84397259887
19830 -25423.08449115019
19840 -26060.31635102348
19850 -26507.43159312493
19860 -26623.99533418475
19870 -26561.56364676511
19880 -26534.02978103581
19890 -26639.51682114604
19900 -26845.76416983506
19910 -27100.25726405857
19920 -27215.48321523454
19930 -27244.07851753313
19940 -26954.4465160684
19950 -26760.97975013416
19960 -26846.78714285261
19970 -26776.56447484013
19980 -26804.8746366487
19990 -26505.4933004273
20000 -26445.82752395629
20010 -26722.95109493339
20020 -26851.90858247843
20030 -26772.50557335877
20040 -26876.96388685685
20050 -27008.73299251829
20060 -26772.49992192832
20070 -26272.55192373924
20080 -25924.5797991699
20090 -25462.64600729952
20100 -24892.11863582129
20110 -24590.84155545595
20120 -24531.83501597399
20130 -24621.61352634807
20140 -24758.68032329952
20150 -25096.51684919567
20160 -25462.94846501102
20170 -25647.80517442501
20180 -25738.41289774622
20190 -25913.86662488581
20200 -25906.30557045539
20210 -25537.05164409946
20220 -25189.26280564374
20230 -25071.49759850666
20240 -25232.69711730429
20250 -25484.2771324111
20260 -25521.02656736124
20270 -25267.7331533507
20280 -25245.93246611429
20290 -25435.38136916316
20300 -25311.76701566443
20310 -25241.61551469252
20320 -25436.14147918084
20330 -25692.04079972781
20340 -25892.69159903446
20350 -26172.44150770289
20360 -26370.46836969894
20370 -26294.90675851511
20380 -26306.65678927207
20390 -26435.80276915519
20400 -26433.02717791331
6810 -26031.58496548035
6820 -25889.82622567663
6830 -25864.80739172531
6840 -26246.99698371996
6850 -26486.75858700163
6860 -26247.02554169744
6870 -25845.49697793404
6880 -25065.80728845276
6890 -24570.58199750827
6900 -24026.81179958926
6910 -23593.01510530918
6920 -23329.89865120874
6930 -23215.35610828502
6940 -23373.18859302196
6950 -23586.07832906335
6960 -23740.42191386322
6970 -24017.42417053979
6980 -24315.31445275683
6990 -24551.68422585845
7000 -24796.45438366224
7010 -24947.26520877892
7020 -25042.68184428605
7030 -24957.5473036936
7040 -24667.45610627823
7050 -24814.24649863004
7060 -25276.93903290555
7070 -25561.10980082272
7080 -25608.45701805893
7090 -25692.31119462022
7100 -25911.10914249178
7110 -25811.27589887114
7120 -25938.83135373235
7130 -25847.57261906673
7140 -25588.72768364529
7150 -25287.44734747409
7160 -24902.69352783765
7170 -24618.44751727358
7180 -24460.45816137205
7190 -24528.80588114209
7200 -24904.31336895083
7210 -25181.55324795278
7220 -25519.02980917727
7230 -25739.89517639343
7240 -25525.382143895
7250 -25281.21697565855
7260 -25308.52602314285
7270 -25423.21132153873
7280 -25342.66399740918
7290 -25076.25264551286
7300 -24557.5909470746
7310 -24113.84579418183
7320 -23952.83426031053
7330 -24105.21687308598
7340 -24244.89150039254
7350 -24410.43317615391
7360 -24626.10346428891
7370 -24823.44897051548
7380 -24930.17885248835
7390 -24936.72861223666
7400 -25315.66452484165
7410 -26105.34860870862
7420 -26089.7039523181
7430 -25883.46116855502
7440 -25824.42715961195
7450 -25934.69124282805
7460 -25856.72989241453
7470 -25756.07581090338
7480 -25441.27092520548
7490 -25161.53086017499
7500 -25059.79449107101
7510 -25143.36045699682
7520 -25320.17933501158
7530 -25523.29268842336
7540 -25393.30246281012
7550 -25103.21922025869
7560 -24942.84467371107
7570 -24778.16375892175
7580 -24660.53238128177
7590 -24710.82292570505
7600 -24935.07944716881
7610 -25258.75110116824
7620 -25598.80378760481
7630 -25830.20017774344
7640 -25938.05318938241
7650 -25894.49899164274
7660 -25729.75095632646
7670 -25366.95252135626
7680 -25046.94599471989
7690 -24625.34733312026
7700 -24090.81461901748
7710 -23865.54901895082
7720 -23826.18919472225
7730 -23797.79579932016
7740 -23875.50686113729
7750 -24041.31835246939
7760 -24252.83908532095
7770 -24424.36108600238
7780 -24560.5334714376
7790 -24793.37438050166
7800 -25008.72222410034
7810 -25004.05263019778
7820 -24988.92479792691
7830 -25498.552869488
7840 -25999.61378759653
7850 -26142.0095781585
7860 -26022.76585110855
7870 -25802.38419738455
7880 -25750.00530191625
7890 -25706.18343097482
7900 -25649.57482943193
7910 -25889.41698060691
7920 -26173.74540710733
7930 -26191.97735834321
7940 -25910.45317967123
7950 -25629.06968852696
7960 -25470.00534109254
7970 -25384.78829220929
7980 -25313.45948814412
7990 -25326.47948224754
8000 -25331.16669203153
8010 -25457.73440051641
8020 -25716.93082833497
8030 -25949.54513774583
8040 -26038.52001089062
8050 -25966.34305499816
8060 -25687.71739015777
8070 -25500.66363957508
8080 -25270.28358785725
8090 -25094.91061625348
8100 -24972.5773937365
8110 -24855.52033180427
8120 -24591.60244979609
8130 -24358.69781635331
8140 -24141.65522320919
8150 -23954.02142003867
8160 -23865.60808944841
8170 -23843.90135548573
8180 -23961.50231479047
8190 -23970.44084604771
8200 -23956.11187958289
8210 -23868.79040620013
8220 -23889.57675059233
8230 -24031.03099404256
8240 -23966.04087398384
8250 -23783.33511895917
8260 -23963.23098402544
8270 -24431.64088648392
8280 -24710.47330666132
8290 -24791.12543963332
8300 -24693.66470861131
8310 -24598.4169742041
8320 -24554.35594052466
8330 -24596.9551891504
8340 -24827.33567600891
8350 -25005.15542898065
8360 -25120.53122848713
8370 -25264.31097209733
8380 -25335.22626604443
8390 -25354.54843802587
8400 -25295.33540777929
8410 -25007.59043221448
8420 -25016.69643959246
8430 -25330.9625816265
8440 -25547.32076748688
8450 -25478.770217499
8460 -25241.01620891822
8470 -25033.60547620833
8480 -24792.76962966941
8490 -24449.26356169814
8500 -24098.15832749367
8510 -23787.12190449334
8520 -23531.34910120029
8530 -23626.11431855795
8540 -24219.55716266044
8550 -24961.43875113225
8560 -25619.32799861045
8570 -26195.29940031908
8580 -26640.44725999849
8590 -26943.79968251574
8600 -26925.40959848023
8610 -26849.77946983599
8620 -26909.43889950906
8630 -26748.85604939258
8640 -26417.39971641839
8650 -25739.60290320744
8660 -25685.83041942469
8670 -26047.1885017837
8680 -26315.21591138741
8690 -26207.68529050422
8700 -26303.16895109625
8710 -26283.03407299605
8720 -26146.49537511411
8730 -25987.60117307782
8740 -25830.99744412794
8750 -25558.48397551269
8760 -25113.0013675043
8770 -24724.91622151361
8780 -24490.16276365482
8790 -24436.37236674121
8800 -24276.41774758179
8810 -23883.83767675329
8820 -23653.95917309969
8830 -23547.48391122599
8840 -23654.52350252898
8850 -23871.26333197299
8860 -23931.59358582285
8870 -24114.22770847682
8880 -24178.31657507268
8890 -23915.73790213551
8900 -23539.709400616
8910 -23209.31878759539
8920 -23011.87050455855
8930 -23093.23758079809
8940 -23447.27641838367
8950 -24044.10503111522
8960 -24686.2875507207
8970 -25161.75007533965
8980 -25578.35346539928
8990 -25990.72158297601
9000 -26481.01525327202
9010 -26546.95625144888
9020 -26778.3578036981
9030 -26677.347543902
9040 -26679.42462657817
9050 -26391.93747534072
9060 -26118.71577132741
9070 -26250.86408485176
9080 -26539.39757189725
9090 -26890.91364706493
9100 -27000.83754392183
9110 -26664.69641381727
9120 -26377.8075968273
9130 -26217.83807927644
9140 -25941.82812089221
9150 -25648.65706729904
9160 -25414.69587563005
9170 -25371.45091941728
9180 -25404.47608764383
9190 -25233.34973999911
9200 -25154.21483755
9210 -25482.64220506199
9220 -25899.72775880692
9230 -26314.90961543488
9240 -26529.20424304411
9250 -26299.40587981991
9260 -25834.97525556612
9270 -25662.74542724425
9280 -25560.14477110203
9290 -25041.49905052581
9300 -24651.12036452705
9310 -24262.35682624349
9320 -23789.39739075806
9330 -23496.97997051477
9340 -23371.22358138901
9350 -23408.05391923418
9360 -23475.37378190682
9370 -23497.96146340149
9380 -23542.40391537109
9390 -23739.71874792182
9400 -24357.05875312984
9410 -24980.26690581435
9420 -25104.42798154868
9430 -25167.69170021441
9440 -25381.56732521446
9450 -25586.19860663173
9460 -25778.75099802452
9470 -25855.56807942449
9480 -25948.05501705738
9490 -26032.60588712238
9500 -26164.10366015375
9510 -26251.75648095367
9520 -26279.0289882234
9530 -26281.90486868494
9540 -26310.43520442009
9550 -26119.25515874397
9560 -25921.87768699542
9570 -25826.24375721418
9580 -25884.3320289227
9590 -26114.4561271631
9600 -26301.30438339738
9610 -26235.81524275401
9620 -26241.36119242464
9630 -26128.93057572304
9640 -26136.11747956156
9650 -26010.48183436865
9660 -25724.21419293085
9670 -25461.50031513275
9680 -25166.81951089282
9690 -24861.37028336837
9700 -24437.49692840884
9710 -23912.38445493103
9720 -23677.09976591316
9730 -23657.3024467653
9740 -23771.30984079062
9750 -24253.48775716138
9760 -24742.75277816881
9770 -24948.03108882685
9780 -24856.46210256428
9790 -25072.45032295858
9800 -25439.26377020776
9810 -25901.94303242501
9820 -26328.81376773962
9830 -26478.58100315313
9840 -26701.46905370131
9850 -26986.42996173319
9860 -26974.82991629705
9870 -27065.63294911718
9880 -26966.5442551905
9890 -26895.03268529696
9900 -26955.6157632238
9910 -26946.12469168358
9920 -26808.28408639176
9930 -26487.79060353016
9940 -25976.97658936339
9950 -25443.9688663187
9960 -25143.19386909351
9970 -24886.71488217723
9980 -24764.11479428283
9990 -24791.33460110821
10000 -24809.9479643029
10010 -24868.5243937881
10020 -25133.63582259773
10030 -25504.03575217577
10040 -25588.49049058744
10050 -25386.22049497213
10060 -25132.3987631718
10070 -24826.87819724945
10080 -24473.4467079619
10090 -24224.32115130452
10100 -24001.62413338207
10110 -23778.04139497863
10120 -23780.31001490807
10130 -24006.57231259643
10140 -24174.94954111447
10150 -24492.69838836057
10160 -24955.44346101211
10170 -25255.73752162581
10180 -25429.01744419583
10190 -25721.13634487115
10200 -25711.35287858541
10210 -25866.65130826139
10220 -26174.71899615432
10230 -26391.25362230982
10240 -26504.85374636009
10250 -26377.87028004081
10260 -26122.41374770904
10270 -25840.08128406816
10280 -25702.61830889654
10290 -25661.85755732298
10300 -25615.52627239051
10310 -25586.35610541427
10320 -25575.50096618176
10330 -25757.14430435108
10340 -26023.5567261602
10350 -26239.7293275002
10360 -26317.91569685776
10370 -26485.67983080391
10380 -26670.98058094368
10390 -26756.36668872778
10400 -26698.23037989164
10410 -26561.64813789699
10420 -26865.49744184241
10430 -27295.99140058174
10440 -27218.54448342367
10450 -27053.04788381449
10460 -26975.12659599325
10470 -26807.31976949326
10480 -26619.22325088916
10490 -26327.08186111227
10500 -25703.73192675654
10510 -25209.7897841889
10520 -24785.15646548118
10530 -24414.44667309549
10540 -24405.20374794512
10550 -24476.4528719339
10560 -24506.47985596551
10570 -24721.39187123379
10580 -25005.72842842834
10590 -25221.50631820505
10600 -25370.91686882881
10610 -25405.77292864797
10620 -25404.76069487971
10630 -25579.58278661311
10640 -25827.9357969598
10650 -25617.25863692172
10660 -25478.04521014134
10670 -25312.05594825391
10680 -24950.48336131523
10690 -24784.98123423176
10700 -25016.40874440106
10710 -25262.84449211058
10720 -25440.89108958384
10730 -25514.60651034972
10740 -25509.63254853941
10750 -25693.17940021811
10760 -25819.78935151711
10770 -25615.72122853879
10780 -25395.32337289724
10790 -25323.07814351676
10800 -25327.26956868865
10810 -25417.26817205873
10820 -25482.14588286607
10830 -25506.03019694445
10840 -25597.06566183583
10850 -25636.86646494067
10860 -25422.3651047759
10870 -25038.18312270426
10880 -24935.18996125787
10890 -24972.39814077308
10900 -24980.73367686785
10910 -25030.96717353503
10920 -25110.95422602843
10930 -25312.96229960097
10940 -25527.50645219652
10950 -25614.95195541189
10960 -25774.05239522602
10970 -26053.83305719505
10980 -26275.14009070405
10990 -26445.76514084598
11000 -26931.87660620036
11010 -27067.47348664452
11020 -27097.83959880001
11030 -27118.06697843907
11040 -27153.938947627
11050 -27281.3209988648
11060 -27186.70357438445
11070 -26931.91249399621
11080 -26693.50464434783
11090 -26628.834636477
11100 -26742.32704755439
11110 -26790.4958584925
11120 -26749.87797356665
11130 -26524.83354094832
11140 -26126.59006777463
11150 -25677.66458695033
11160 -25235.82567482933
11170 -24807.79446751653
11180 -24730.84971283398
11190 -25008.4659888796
11200 -25333.56621241348
11210 -25465.74268299762
11220 -25611.03344692072
11230 -25836.81163620435
11240 -26199.06090299291
11250 -26389.0284159768
11260 -26289.70387809123
11270 -26060.51001845794
11280 -25635.91901514384
11290 -24849.42165865209
11300 -23776.31994155689
11310 -23006.45438243126
11320 -22665.33231480717
11330 -22884.38504880212
11340 -23323.33790918969
11350 -23813.54470161731
11360 -24221.54989507459
11370 -24628.03680459604
11380 -24988.59637565289
11390 -25361.17787789916
11400 -25878.10582044784
11410 -25900.64120519383
11420 -25897.11858522131
11430 -25648.32136674124
11440 -25546.07580530224
11450 -25615.67086158676
11460 -25770.47608995054
11470 -25934.82471746876
11480 -25967.83925720171
11490 -25836.94524346136
11500 -26012.25492776605
11510 -26231.42710200102
11520 -26135.95520181042
11530 -26067.03359563959
11540 -26544.57043980439
11550 -27064.71505051088
11560 -27305.94129556344
11570 -27325.3300015283
11580 -27105.26237151005
11590 -26891.78349254775
11600 -26499.59280799605
11610 -26167.25543035357
11620 -25969.0593280467
11630 -25468.07666995536
11640 -24858.94668699037
11650 -24429.40622582485
11660 -24492.42256160882
11670 -24879.63167871681
11680 -24883.54386632101
11690 -24480.44091546778
11700 -24182.54938551029
11710 -23897.2059222252
11720 -23868.40561805798
11730 -23823.76638027301
11740 -23651.18919817537
11750 -23735.71518682972
11760 -23834.49426249125
11770 -24027.47249715822
11780 -23783.87500775548
11790 -23455.90081413789
11800 -24009.75244932565
11810 -24968.54737099693
11820 -25399.10071655453
11830 -25683.59484822849
11840 -25862.2076262946
11850 -25948.84170506066
11860 -25966.94852428281
11870 -25689.44363132683
11880 -25349.68912553683
11890 -25384.24079350659
11900 -25105.53509847755
11910 -25195.36304290719
11920 -25489.08288866475
11930 -25917.24880040666
11940 -26273.38822703482
11950 -26462.7598430537
11960 -26208.12061430348
11970 -25772.19272188791
11980 -25383.91304245016
11990 -25142.16202255572
12000 -25110.67476547204
12010 -25267.59821652035
12020 -25304.9269952376
12030 -25172.01001630759
12040 -25097.03767458332
12050 -25233.46356593562
12060 -25184.23455236894
12070 -25039.4967076153
12080 -24981.25428729762
12090 -24767.46191898131
12100 -24307.08950725828
12110 -23954.13981407124
12120 -23529.18251672568
12130 -23140.44732822946
12140 -23012.04133603724
12150 -23235.62772628927
12160 -23669.92244918138
12170 -24281.94644390176
12180 -24961.25695211188
12190 -25531.41631552667
12200 -25713.54962997975
12210 -26072.55391746076
12220 -26363.07734300572
12230 -26644.06963169492
12240 -26664.01531752074
12250 -26532.55037255315
12260 -26545.73575583709
12270 -26682.81248902623
12280 -26721.69836659659
12290 -26779.91251684799
12300 -26922.56275981306
12310 -26999.61428192974
12320 -27089.90430333325
12330 -26919.05285764498
12340 -26699.76895172109
12350 -26644.46211633941
12360 -26698.3143148566
12370 -26580.69116063036
12380 -26603.34371113658
12390 -26685.71306812366
12400 -26654.04966852139
12410 -26615.78845530842
12420 -26699.75729821232
12430 -26455.70079772774
12440 -25839.51498491361
12450 -25456.24697550396
12460 -25086.85228944497
12470 -24853.15579763025
12480 -24733.50105663485
12490 -24710.39625290182
12500 -24488.19622329443
12510 -24132.18831260246
12520 -24002.20252992996
12530 -23972.38848109394
12540 -24032.01352168654
12550 -24272.08630010248
12560 -24710.84552662218
12570 -25134.95233678037
12580 -25332.93207868705
12590 -25604.6552742804
12600 -25856.87606641721
12610 -25762.85479772064
12620 -25660.71204059189
12630 -25932.98337330552
12640 -26227.22695001832
12650 -26354.93189184878
12660 -26548.28824354876
12670 -26761.11958238162
12680 -26698.09155901963
12690 -26340.6977426864
12700 -25912.35838629856
12710 -25699.38276759704
12720 -25895.44555007576
12730 -26120.43538786298
12740 -26139.6734161119
12750 -26065.29155274505
12760 -26069.96404113106
12770 -26137.66846640356
12780 -26327.67400919714
12790 -26573.29447931972
12800 -26678.11789449495
12810 -26793.786629766
12820 -26910.66243904207
12830 -26970.26169592291
12840 -27015.49972129629
12850 -26895.29109275859
12860 -26556.47749709759
12870 -26172.24993406128
12880 -26296.64187189007
12890 -25685.09845841433
12900 -24670.78869912203
12910 -24077.94743131966
12920 -23598.94937636703
12930 -23349.12214331459
12940 -23451.02507571266
12950 -23768.47449261136
12960 -24108.71477236737
12970 -24448.67660754663
12980 -24533.35786206026
12990 -24668.20748486102
13000 -25112.3047548643
13010 -25372.84431085983
13020 -25733.93105940883
13030 -26266.8176172663
13040 -26723.28621133451
13050 -27086.38691657989
13060 -27246.18021138751
13070 -27118.93925672015
13080 -27243.99481095269
13090 -27357.12724344806
13100 -27323.53065780324
13110 -26982.99756061359
13120 -26678.06403986456
13130 -26870.35200008677
13140 -26932.22161265925
13150 -26727.63748034684
13160 -26618.1496477361
13170 -26536.25753501699
13180 -26558.67710851975
13190 -26572.50476532005
13200 -26631.76598990659
13210 -26629.83017454666
13220 -26567.52152884949
13230 -26436.18215441052
13240 -26040.80738395088
13250 -25638.21674221893
13260 -25138.61351487547
13270 -24762.91173537826
13280 -24569.49136886706
13290 -24621.33771874325
13300 -24730.09345428829
13310 -24599.16895271448
13320 -24442.3212138533
13330 -24553.63228327668
13340 -24705.89086355057
13350 -24872.06460025827
13360 -25151.76864348022
13370 -25506.54827603457
13380 -25807.71561198078
13390 -26121.73333544215
13400 -26071.52309762042
13410 -25831.49871909821
13420 -25604.32665660763
13430 -25569.82878599529
13440 -25600.00291906639
13450 -25537.31880237696
13460 -25312.31157471026
13470 -25281.83254350322
13480 -25536.22829091563
13490 -26103.81522240735
13500 -26587.98795577394
13510 -26718.31479203254
13520 -26442.70398966409
13530 -26118.24259207704
13540 -26007.27925175229
13550 -26050.56718234351
13560 -26258.91192801664
13570 -26390.28435384828
13580 -26363.97398639363
13590 -26155.01933105745
13600 -25754.66997737892
13610 -25351.68722561621
13620 -24950.90134351643
13630 -24648.96442619813
13640 -24619.92328619116
13650 -24843.58858633529
13660 -24858.71951877284
13670 -24463.41351320946
13680 -24085.58639056817
13690 -23680.26590719182
13700 -23193.97985131715
13710 -22596.05490896858
13720 -22007.8421520905
13730 -21748.69466246101
13740 -21729.84159327492
13750 -22074.51522092382
13760 -22724.13417419628
13770 -23357.2515061687
13780 -23845.6571869254
13790 -24404.91050633081
13800 -25121.54026705597
6210 -25490.74233057046
6220 -25632.43663166928
6230 -25848.89891562377
6240 -25980.58699453309
6250 -26082.03233084361
6260 -26179.91010803707
6270 -26290.72480288545
6280 -26077.7492387959
6290 -25887.63885551969
6300 -25676.12687495296
6310 -25464.59531281989
6320 -25128.34592418998
6330 -24683.11635643893
6340 -24295.16108451504
6350 -24057.90626397859
6360 -24008.64604120791
6370 -24008.2339134094
6380 -24122.81791452109
6390 -24373.72245642458
6400 -24785.12039582005
6410 -25234.87141677478
6420 -25403.44343403035
6430 -25339.77589446085
6440 -25248.79065337613
6450 -25053.33401943523
6460 -24792.43424329918
6470 -24494.45884612942
6480 -24117.86431731466
6490 -23754.38687261919
6500 -23527.26146275764
6510 -23462.46151095376
6520 -23553.06287167566
6530 -23764.58808074993
6540 -23912.42803352209
6550 -24051.26406162338
6560 -24375.58150070365
6570 -24942.83526969103
6580 -25542.15001083435
6590 -25589.14320147651
6600 -25136.0653613099
6610 -24740.40465809502
6620 -24662.48950963087
6630 -24334.70133155702
6640 -23873.24013524345
6650 -23817.16764302208
6660 -24401.29278469782
6670 -25457.77208684466
6680 -25631.5021684834
6690 -25969.46162448341
6700 -26523.67997343383
6710 -26807.94612759015
6720 -26598.82431130251
6730 -26439.85740664426
6740 -26545.02137147431
6750 -26817.01611209007
6760 -26809.85936743627
6770 -26545.44115195715
6780 -26319.34663896495
6790 -26141.87990706548
6800 -26092.70451336956
6810 -26024.11895543783
0 -20374.40636943826
10 -23452.69285544235
20 -23546.63493522513
30 -23623.7413853676
40 -23638.12044261842
50 -23608.82145409611
60 -23420.6051227573
70 -23173.38659448719
80 -22628.87211105123
90 -21833.02209344442
100 -20781.00006780953
110 -19571.02887601362
120 -18558.37102998972
130 -17998.14010512672
140 -17969.96518027265
150 -18179.54626961948
160 -18389.79554943703
170 -18504.4038172344
180 -18470.85309163058
190 -18349.44502615164
200 -18352.6277779793
210 -18445.19362363364
220 -18465.5636404949
230 -18400.06883743235
240 -18390.29626535298
250 -18578.14021236462
260 -18822.61833538094
270 -18996.91207349735
280 -19143.39084587185
290 -19294.1300671584
300 -19499.01004391029
310 -19806.72843057328
320 -20021.86079340647
330 -20173.60439336387
340 -20174.28704006349
350 -20009.55887217511
360 -19834.95775819624
370 -19628.04725183142
380 -19591.57326987207
390 -19829.23096256977
400 -19786.44965229051
410 -19784.94827106682
420 -19862.29958400099
430 -19872.04576892926
440 -19855.09625542229
450 -19808.51908568319
460 -19763.8229419616
470 -19733.89793265241
480 -19684.66109443456
490 -19609.08162639349
500 -19471.73204524831
510 -19339.23124419796
520 -19229.0545273058
530 -19252.92300781726
540 -19391.6702461084
550 -19601.45559009293
560 -19849.74875706379
570 -20077.26201984465
580 -20218.99198034434
590 -20258.27752318358
600 -20339.04184748542
610 -20520.40694451336
620 -20980.36787016771
630 -21573.60102619958
640 -21909.9048661231
650 -22089.9510341817
660 -22016.53411731074
670 -21906.83634755059
680 -21799.82410866672
690 -21848.72202418512
700 -21927.81691054447
710 -21981.90641104742
720 -22079.75300564652
730 -22291.11584480936
740 -22501.65006865091
750 -22694.49220551916
760 -22803.96167377078
770 -22994.2249496495
780 -22985.14016662592
790 -22839.70259921866
800 -22816.25691294168
810 -22945.61951859641
820 -23319.87711387215
830 -23731.6499899499
840 -23969.9202743442
850 -24136.00334043536
860 -24046.96318277007
870 -23678.48641136078
880 -23168.82085942622
890 -22582.85077048079
900 -21969.96122466621
910 -21608.9179906092
920 -21537.20452053265
930 -21405.58189971855
940 -20978.01203700649
950 -20679.51785337213
960 -20543.27333966667
970 -20817.71421022405
980 -21181.17970257528
990 -21550.79810931786
1000 -21714.66718268529
1010 -21871.4313574438
1020 -22100.97173276357
1030 -22403.52651925799
1040 -22501.75292976515
1050 -22464.93945083223
1060 -22612.41665398375
1070 -23235.14226239858
1080 -23380.41678919278
1090 -23432.53131571732
1100 -23491.05294964515
1110 -23550.26335677053
1120 -23724.40489547986
1130 -24241.57041485399
1140 -25124.08949798884
1150 -25824.04743892774
1160 -26208.30563560488
1170 -26226.24061687898
1180 -25982.17819633085
1190 -25689.17509265789
1200 -25269.47624832933
1210 -24664.46975170259
1220 -24147.7663589856
1230 -23759.25714290212
1240 -23277.75127951604
1250 -22945.14518381906
1260 -22819.85728829815
1270 -22836.01068316247
1280 -22749.3962946502
1290 -22383.36959775873
1300 -21871.60869320763
1310 -21585.25609394537
1320 -21619.52172731271
1330 -21700.90169606117
1340 -21748.92183839585
1350 -21768.845180253
1360 -21743.62111107489
1370 -21666.75678564196
1380 -21707.22076842815
1390 -22254.5369601522
1400 -22948.04519690546
1410 -22652.81681424586
1420 -22404.87796157573
1430 -22620.49218605382
1440 -22904.08061565575
1450 -23075.69566314756
1460 -23181.24710992721
1470 -23058.08101814739
1480 -23077.99985360829
1490 -23630.88460172855
1500 -24447.84650632506
1510 -25149.4327062444
1520 -25473.53700941266
1530 -25520.48369209082
1540 -25277.60718188101
1550 -25172.22870018228
1560 -24846.45910900253
1570 -25667.96548079662
1580 -26159.81714221946
1590 -26091.08300465107
1600 -25819.70311914575
1610 -25840.82431727104
1620 -26062.71536883918
1630 -26005.26710141049
1640 -25778.26055558916
1650 -25517.45449424705
1660 -25333.17761558284
1670 -25238.91832302695
1680 -25010.67737250058
1690 -24586.38695714725
1700 -24140.22754651725
1710 -23638.48896809216
1720 -23108.45711758386
1730 -22824.27319554502
1740 -22986.07587511809
1750 -23247.80464899091
1760 -23280.71939794224
1770 -23540.22409166089
1780 -24020.17145874557
1790 -24429.56373397735
1800 -24764.90189754521
1810 -24768.89165152406
1820 -24513.36509671872
1830 -25022.41161971505
1840 -25187.64166226219
1850 -24548.62742604902
1860 -23869.52619149679
1870 -23992.81408307183
1880 -24249.16638332917
1890 -24460.12647975506
1900 -24733.07785323587
1910 -25184.29822446711
1920 -25281.6662532783
1930 -25359.65662994935
1940 -25401.88806490671
1950 -25131.16403899085
1960 -24685.46180155785
1970 -24270.27977246253
1980 -24006.82560051391
1990 -23931.0168557027
2000 -24335.99566556278
2010 -24918.86700045445
2020 -25022.72977459351
2030 -24829.05367749917
2040 -24585.06755312817
2050 -24296.98911954238
2060 -23980.96065329636
2070 -23608.04820811472
2080 -23089.24724354628
2090 -22490.20746911013
2100 -21778.11899834495
2110 -21177.47958087255
2120 -20639.43341636714
2130 -20550.42853345739
2140 -20835.84696402391
2150 -21169.59930100258
2160 -21528.11017383811
2170 -21961.24387740882
2180 -22428.63578873718
2190 -22737.5028991467
2200 -22929.97873097596
2210 -23133.2449409446
2220 -23378.80051324052
2230 -24080.72374736148
2240 -24078.33309584487
2250 -24042.47695960155
2260 -23934.18448228951
2270 -23662.32653873061
2280 -23305.78822078454
2290 -23394.72596598291
2300 -23669.25514928449
2310 -24106.31050653253
2320 -24565.33395489289
2330 -25046.93346052632
2340 -25656.84294673757
2350 -26119.92071542923
2360 -26605.52371878806
2370 -26964.07905547023
2380 -26883.651474727
2390 -26573.55628380272
2400 -26423.07561716611
2410 -26446.97657324391
2420 -26642.11467765204
2430 -26630.17055383819
2440 -26442.94974964892
2450 -26026.01377536313
2460 -25467.36180622023
2470 -24611.80832158673
2480 -23951.10147000876
2490 -23644.99951029737
2500 -23272.02132639957
2510 -22661.78783198821
2520 -22470.04352471435
2530 -22335.00172539973
2540 -22426.17900832498
2550 -22802.27872482228
2560 -23290.04271883146
2570 -23595.22861999497
2580 -23888.87093667152
2590 -24116.84206874806
2600 -24477.3514493759
2610 -24881.18140854009
2620 -24579.3944172343
2630 -23947.75393430904
2640 -23261.40179171351
2650 -23130.2775457579
2660 -23829.17167094221
2670 -24462.15322996876
2680 -24693.65715366417
2690 -24846.58631226609
2700 -25169.80625987081
2710 -25390.99197079874
2720 -25404.8602363682
2730 -25607.61676534236
2740 -25578.8751947845
2750 -25179.00893307517
2760 -24832.65813138862
2770 -24532.12533150552
2780 -24280.57610799612
2790 -23936.8799473661
2800 -23659.75720217809
2810 -23557.85837879458
2820 -23718.5393599221
2830 -23914.02311533706
2840 -24134.65792796499
2850 -24284.93851671831
2860 -24286.67518703693
2870 -23964.11420893757
2880 -23707.3535280898
2890 -23436.58705198027
2900 -22918.74048093486
2910 -22495.81405751119
2920 -22412.13298080359
2930 -22712.60822688546
2940 -23036.62100450684
2950 -23392.80718482266
2960 -23890.93784275828
2970 -24424.9551286101
2980 -24876.35930602059
2990 -25209.27177802243
3000 -25346.85548697839
3010 -25587.77555975767
3020 -26251.57815338723
3030 -26250.50121176457
3040 -26191.12048597145
3050 -26084.30306833756
3060 -25659.55847917327
3070 -24856.46302767699
3080 -24778.05192710127
3090 -24908.22020308042
3100 -24974.63486634968
3110 -25189.91020192569
3120 -25269.88007410035
3130 -25526.48495811734
3140 -25292.55564046223
3150 -24768.44217433475
3160 -24347.87589451513
3170 -23959.7939532161
3180 -23646.90170708026
3190 -23480.21050431648
3200 -23411.36507870749
3210 -23261.85489817173
3220 -23494.15016187492
3230 -23803.20048922417
3240 -23957.49046573458
3250 -23963.67472582213
3260 -23841.31079303049
3270 -23683.88132697993
3280 -23507.88517488946
3290 -23295.89512824184
3300 -23070.156240653
3310 -22933.96645449704
3320 -22905.72533479673
3330 -22833.34732455315
3340 -22936.92606695899
3350 -23431.70802172434
3360 -24007.4421851206
3370 -24558.92624658813
3380 -25012.4008161563
3390 -25593.95227454789
3400 -26155.45310569778
3410 -26331.75702684895
3420 -26534.98118349635
3430 -26553.61476305121
3440 -26422.34220283089
3450 -25979.6276641218
3460 -25684.22012975816
3470 -25735.64837533247
3480 -25674.15084440941
3490 -25512.8747131258
3500 -25522.63694328144
3510 -25763.77866229645
3520 -25867.62590755194
3530 -25801.95692622782
3540 -25949.97429657801
3550 -26204.80257337472
3560 -26526.8281734522
3570 -26610.08159789436
3580 -26454.39593790103
3590 -26217.92334514995
3600 -25801.79683110347
3610 -25371.65977621064
3620 -25103.83369687896
3630 -24912.85347574771
3640 -24810.09341542154
3650 -24584.06473277447
3660 -24418.48746543826
3670 -24304.60528033666
3680 -23875.92946417829
3690 -23401.81535527379
3700 -23032.22831045932
3710 -22941.80524681232
3720 -23127.06957669234
3730 -23430.27355465677
3740 -23932.55250064045
3750 -24473.79706994575
3760 -24715.70772150339
3770 -24889.36536311957
3780 -24842.29680870834
3790 -24786.02535162625
3800 -24620.13995670396
3810 -24423.22144133504
3820 -24268.23842808046
3830 -24505.22917051889
3840 -24942.5089818974
3850 -25344.91821159419
3860 -25454.8018898512
3870 -25472.68526418961
3880 -25525.38774805394
3890 -25345.81020936834
3900 -25241.5202912643
3910 -25207.1951551433
3920 -24925.5828716708
3930 -24651.48009601129
3940 -24291.50541103819
3950 -23816.20569564344
3960 -23461.13143423003
3970 -23429.6858463686
3980 -23428.71032501064
3990 -23834.28284378243
4000 -24375.69719772576
4010 -24876.3354841184
4020 -25166.18556209303
4030 -25231.21659094208
4040 -25276.24936738541
4050 -25393.46404228784
4060 -25459.7008740008
4070 -25014.89006466313
4080 -24363.82459234968
4090 -23548.49339497953
4100 -22860.62950708227
4110 -22386.65889617892
4120 -22224.28326360654
4130 -22325.07540681043
4140 -22632.64788906011
4150 -23076.56978123137
4160 -23509.59669378999
4170 -23920.43968356124
4180 -24056.34714104054
4190 -24184.749187263
4200 -24607.89503079677
4210 -24326.75124149227
4220 -24215.84410116448
4230 -24555.071901545
4240 -24946.10534280179
4250 -25348.8643580178
4260 -25731.38926101133
4270 -26140.35622059122
4280 -26215.10304899684
4290 -26401.90132227798
4300 -26696.43328503578
4310 -26845.09532500039
4320 -26632.97862241926
4330 -26166.95789590447
4340 -26024.03300078406
4350 -26022.16405768858
4360 -25830.0390577638
4370 -25647.22870789046
4380 -25524.97296242831
4390 -25358.74651173781
4400 -25097.00069352603
4410 -24821.96640480601
4420 -24520.01827467827
4430 -24321.61306914121
4440 -24495.53482167874
4450 -24783.72576835852
4460 -24791.45999855836
4470 -24799.72340593615
4480 -24728.04542563907
4490 -24421.48515736092
4500 -24022.57872414896
4510 -23829.09003918507
4520 -23742.32178992786
4530 -23668.15205574062
4540 -23654.89191974241
4550 -23545.4087492574
4560 -23263.20936609308
4570 -22812.85960361712
4580 -22396.15539011258
4590 -22316.12938049484
4600 -23253.89768107734
4610 -23846.33200159976
4620 -23734.71451282241
4630 -23847.9550422143
4640 -24230.16428906695
4650 -24610.89482168708
4660 -24951.52738214718
4670 -25441.03324800952
4680 -25963.83209516856
4690 -26482.91812958401
4700 -26988.89901170366
4710 -27345.9582354015
4720 -27413.83878850581
4730 -27163.31606147782
4740 -26915.05913297121
4750 -26749.79126316324
4760 -26938.69884117878
4770 -27182.2157864514
4780 -26863.56138227386
4790 -26250.04680796391
4800 -26424.0928696653
4810 -26156.36062784624
4820 -25483.18766441867
4830 -24882.13121158155
4840 -24535.50183612638
4850 -24201.54265157967
4860 -23743.18311815898
4870 -23382.88764251057
4880 -23287.53289069881
4890 -23578.4159642533
4900 -23707.36807261849
4910 -23581.52569129633
4920 -23434.33153170963
4930 -23424.00960623439
4940 -23738.89267504018
4950 -24115.29459222829
4960 -24428.70567757488
4970 -24653.30707286766
4980 -24961.62952331383
4990 -25363.52597419032
5000 -25475.31006125629
5010 -25566.65921743471
5020 -25498.61751008742
5030 -25760.25080753661
5040 -26213.93228673465
5050 -26683.41531514029
5060 -26881.82136888841
5070 -26947.60357529698
5080 -27108.28025954271
5090 -27409.42704260765
5100 -27627.02171174471
5110 -27638.85064909533
5120 -27753.09766948843
5130 -27685.29269638435
5140 -27170.97631863587
5150 -26382.12920585651
5160 -25910.87286379962
5170 -25276.0515645993
5180 -25066.15322870438
5190 -25005.94989445841
5200 -24990.93424198308
5210 -25028.27184081583
5220 -24836.2485748464
5230 -24613.55341762587
5240 -24431.56783496096
5250 -24287.6720338782
5260 -24022.36851952393
5270 -23830.54864744784
5280 -23768.71373129257
5290 -23591.27346945958
5300 -23268.84076899222
5310 -22906.9799095639
5320 -22669.86645043841
5330 -22710.32270124914
5340 -23002.37185778624
5350 -23160.2063333574
5360 -23219.51712626177
5370 -23293.58193149621
5380 -23545.12349787755
5390 -24068.46853771517
5400 -24497.249882293
5410 -24589.97299348319
5420 -24671.88732127068
5430 -24942.76249754915
5440 -25500.17123594707
5450 -26305.11517319195
5460 -26909.92314427673
5470 -27076.05949081736
5480 -27450.9565629014
5490 -27503.44052054066
5500 -27274.38140011722
5510 -27036.72169580261
5520 -26853.72730084643
5530 -26558.36113735719
5540 -26581.92135113323
5550 -26823.5232480323
5560 -26943.81873379145
5570 -26816.61876840244
5580 -26736.021845077
5590 -26353.33164265053
5600 -25918.65807228687
5610 -25643.00268649541
5620 -25379.64605298831
5630 -25066.1402796068
5640 -24663.40148658464
5650 -24479.77833292319
5660 -24307.3760681712
5670 -23885.54167682822
5680 -23435.41027553714
5690 -23204.42785469135
5700 -23358.3395149557
5710 -23467.73539089337
5720 -23565.60537240817
5730 -23552.48475193007
5740 -23814.57440998972
5750 -24271.95474060851
5760 -24761.67492080529
5770 -25286.91256727416
5780 -25632.61679315164
5790 -25558.03696459398
5800 -25299.37781839907
5810 -25573.09819242337
5820 -25727.77079994085
5830 -25353.26292428905
5840 -24800.76839093343
5850 -24594.1936892521
5860 -24610.03923645963
5870 -24810.83791251823
5880 -24917.78121223149
5890 -24794.23666911304
5900 -24709.90677326073
5910 -24645.05767295013
5920 -24522.32696858209
5930 -24213.69721963215
5940 -23861.99158424142
5950 -23699.84910540086
5960 -23650.8246404226
5970 -23845.49000826505
5980 -24151.13169662641
5990 -24542.88120410052
6000 -24853.1710104593
6010 -25072.08796191428
6020 -25304.55178610623
6030 -25577.72026190449
6040 -25713.0917625014
6050 -25613.16403501213
6060 -25507.80119852936
6070 -25311.3545122529
6080 -24912.79018518274
6090 -24511.73642535739
6100 -24207.11857275687
6110 -24032.4984440663
6120 -24130.56451754448
6130 -24126.86923237318
6140 -24159.74658348421
6150 -24264.0804162536
6160 -24499.62216845703
6170 -24751.72924233948
6180 -24936.41556666095
6190 -25212.99421665747
6200 -25408.56607305258
6210 -25495.64222431911
6220 -25629.42154222134
6230 -25839.41765415806
6240 -25984.52020735931
6250 -26070.04234675611
6260 -26179.90152269961
6270 -26295.67429457172
6280 -26077.0716124325
6290 -25885.76065474599
6300 -25677.06041286088
6310 -25462.70542774875
6320 -25131.13997054307
6330 -24688.85850517601
6340 -24298.92540713523
