"mass-flux"
"Time_Step" "mass-flux"
("Time_Step" "mass-flux")
2410 1.35418437348378e-06
2420 1.690956103951591e-06
2430 1.254898939422044e-06
2440 -7.028340750295237e-07
2450 -6.499576299737186e-07
2460 -1.005172129690812e-06
2470 2.270287608116539e-07
2480 -1.306469594834769e-06
2490 -8.746761333416897e-07
2500 -1.253580506267726e-06
2510 -8.55503782044853e-07
2520 6.898022256798808e-07
2530 -6.623871072822252e-07
2540 1.293690241370438e-06
2550 2.640177517790332e-07
2560 1.172004752386657e-06
2570 -9.354457258387017e-07
2580 -1.727880122114056e-06
2590 -8.877734629167411e-07
2600 -1.357164709121783e-06
2610 6.843659302799288e-07
2620 8.970671362892868e-07
2630 -5.244785467178881e-07
2640 7.312894909419776e-07
2650 1.288038249183665e-06
2660 1.214701490198644e-06
2670 -1.587368766292618e-07
2680 -7.421542131333392e-07
2690 5.544763139880837e-07
2700 -1.219084603334974e-06
2710 -1.531024527039182e-06
2720 -1.405556042617662e-06
2730 4.728266762218936e-07
2740 1.442747949526035e-06
2750 1.416562219157258e-06
2760 1.230978519450865e-06
2770 -8.868641046475001e-07
2780 4.46834425765763e-07
2790 6.038254134824173e-07
2800 -1.240606841819425e-06
2810 -1.420015265818364e-06
2820 1.700259537273929e-06
2830 9.904062784060752e-07
2840 4.986111281080063e-07
2850 6.988965204762776e-07
2860 -1.575356820757157e-07
2870 -1.187513876052537e-06
2880 -2.087222795710275e-07
2890 -2.176778249041167e-07
2900 1.641569949938082e-06
2910 1.620401486525369e-06
2920 1.324804612533315e-06
2930 -1.049183501994344e-06
2940 -8.242694647386806e-07
2950 -1.141490135234124e-06
2960 -1.43719180451668e-06
2970 1.129098866257949e-06
2980 1.340606615683748e-06
2990 4.264720555730017e-07
3000 -1.270875195823196e-06
3010 8.771843534594037e-07
3020 8.965197259153124e-07
3030 1.30673546543808e-06
3040 6.52725388253228e-07
3050 1.061509933945881e-06
3060 -1.047766553748108e-06
3070 -6.497446230560588e-07
3080 -1.980035424183069e-06
3090 -1.639978027039024e-06
3100 1.37039824540941e-06
3110 7.888342991244079e-07
3120 -1.713575606361595e-06
3130 -1.699515909059368e-06
3140 1.363999976716768e-06
3150 1.07581173907495e-06
3160 -1.090399711835277e-06
3170 -7.05327519841259e-07
3180 -1.23503805732339e-06
3190 -6.600692491337545e-07
3200 1.141963250003708e-06
3210 1.948653557612423e-07
3220 1.293140917311975e-06
3230 -9.324972076313331e-07
3240 5.514165390269055e-08
3250 1.118508151098929e-06
3260 1.134640705377499e-06
3270 1.370377454255889e-06
3280 -6.551955126221642e-07
3290 -1.820808817144803e-06
3300 -1.383275197067158e-06
3310 1.279602403703173e-06
3320 1.357840782485742e-06
3330 -1.962722956237728e-06
3340 1.125030987730868e-06
3350 -7.208683665271831e-07
3360 1.787211953561962e-06
3370 9.827795050959542e-07
3380 1.085724456201254e-06
3390 5.116558716364294e-07
3400 9.268291331701595e-07
3410 -2.380126440104657e-07
3420 -1.584733231085877e-06
3430 -9.094214396127009e-07
3440 -7.449971361553342e-07
3450 -1.625752461764662e-06
3460 1.235381089793874e-06
3470 -1.234255474540091e-06
3480 -1.397693172949799e-06
3490 1.317201574452254e-06
3500 5.588088516014778e-07
3510 1.744966921381208e-06
3520 6.499986717548034e-07
3530 -1.219826485578113e-06
3540 -1.564844311414959e-06
3550 -1.150345154153631e-06
3560 -1.020768969642316e-06
3570 -1.308356686206824e-06
3580 1.107567780891938e-07
3590 -1.604561762652557e-06
3600 1.022089592309094e-06
3610 4.701675975632424e-07
3620 4.682627065197287e-07
3630 6.906500674558336e-07
3640 -8.421213307935327e-07
3650 2.397282388433286e-07
3660 -1.06056293262824e-06
3670 1.026351632703315e-06
3680 -9.618750353782013e-07
3690 -1.325495246881636e-06
3700 8.374546833708751e-07
3710 1.136302958303081e-06
3720 -9.835821564857516e-07
3730 1.013833167952394e-06
3740 -1.312053275005776e-06
3750 1.008719176000261e-06
3760 -4.570559906449945e-07
3770 6.46096493285564e-07
3780 -1.780780944871108e-06
3790 7.347846729191532e-07
3800 -7.003437759514619e-07
3810 8.960224095744262e-07
3820 7.381221388269577e-08
3830 1.067688319617011e-06
3840 -1.479581613984815e-06
3850 -1.429584744944146e-06
3860 1.15111972308346e-06
3870 1.93319158486166e-06
3880 8.629891297476378e-07
3890 -1.435028947567585e-06
3900 -1.501174267726224e-06
3910 1.400582763495806e-06
3920 -6.887386165624343e-07
3930 2.334513198518073e-07
3940 1.330787572251246e-06
3950 1.477217657842866e-06
3960 -1.346097523884093e-06
3970 -1.621592061247512e-06
3980 5.734953816421973e-07
3990 1.531560964898593e-06
4000 -1.834080276853778e-06
4010 -1.582278514752899e-06
4020 -1.526426122368252e-06
4030 -1.099625528820647e-06
4040 4.05555339581809e-07
4050 1.234584738059319e-06
4060 -1.486118968024863e-06
4070 6.106142778350421e-07
4080 1.819004241482292e-06
4090 -1.582912473076237e-06
4100 1.084462153348731e-06
4110 1.396099094837233e-06
4120 8.343610491678977e-07
4130 -3.303899243703445e-07
4140 -1.172303742823233e-06
4150 -1.520562060708386e-06
4160 -4.637320976802473e-07
4170 -1.599614696992657e-06
4180 -8.211075587238881e-07
4190 7.828315266716901e-07
4200 1.277978358964205e-06
4210 -1.669463487292966e-06
4220 3.577890086772784e-07
4230 1.634045085560643e-06
4240 6.923125744698333e-07
4250 1.024970947741122e-06
4260 -1.384900512955978e-06
4270 -1.385019318345115e-06
4280 -1.73043580722898e-06
4290 -1.427690339332599e-06
4300 1.775481606403062e-06
4310 3.861964485221692e-07
4320 -1.665500286449073e-06
4330 -1.989178666436664e-07
4340 8.266719481592189e-07
4350 8.811607259753829e-07
4360 -1.228484964241328e-06
4370 -1.210521364099215e-06
4380 -1.197820504970915e-06
4390 -1.848086561055673e-06
4400 6.280908532649288e-07
4410 4.146750905292818e-07
4420 -1.069544444773363e-06
4430 7.050605171504687e-07
4440 1.623080813965838e-06
4450 2.643110428857121e-07
4460 2.74263288156662e-07
4470 1.541201672144998e-06
4480 7.077442673447676e-07
4490 -1.550365287421307e-06
4500 -1.430812117911295e-06
4510 -1.503273463258903e-06
4520 -1.13035967268249e-06
4530 1.138308221584894e-06
4540 1.309420536318995e-06
4550 1.396312031144709e-06
4560 1.094718265370886e-06
4570 -1.081007376252385e-06
4580 6.704546031133241e-07
4590 -5.337265936225521e-07
4600 1.49889098412237e-06
4610 -1.60003637958428e-06
4620 3.478472722431847e-07
4630 -1.616013453553666e-06
4640 -6.559119501842181e-07
4650 1.481571678632609e-06
4660 8.510849910173257e-07
4670 -1.547795820573683e-06
4680 8.221071397321311e-07
4690 -1.265485697982127e-06
4700 7.688863941229807e-07
4710 1.442351758904059e-06
4720 -1.211226782753261e-06
4730 -9.891097127526227e-07
4740 -9.553064144671164e-07
4750 -1.140839713746622e-06
4760 -3.175126066165546e-07
4770 1.041370432462718e-06
4780 1.303263370985852e-06
4790 -1.130028343329648e-06
4800 1.361935174006013e-06
4810 -9.036362467670922e-07
4820 4.72312970373201e-07
4830 1.085478485873814e-06
4840 1.127889119725833e-06
4850 -1.378746037637713e-06
4860 -6.314373110563598e-07
4870 -1.396026418354346e-06
4880 1.065282284752611e-06
4890 -8.27089822880156e-07
4900 -1.568938383031404e-06
4910 1.906302359674927e-06
4920 -1.519377739268857e-06
4930 5.853154266544092e-07
4940 7.951416923154819e-07
4950 1.392902928838702e-06
4960 -1.425631649752679e-06
4970 -1.721976063240316e-06
4980 -6.510834679729349e-07
4990 -1.380911202379653e-06
5000 1.547564396964241e-06
5010 1.576242322907928e-06
5020 1.487541728698027e-06
5030 -1.751850792583443e-06
5040 -1.247997940406753e-06
5050 1.256748155840925e-06
5060 1.01784955761075e-06
5070 1.702811140660843e-06
5080 6.250730136062033e-07
5090 -1.395004139571887e-06
5100 -1.476815706204226e-06
5110 -1.605530871154337e-06
5120 -1.077815909453217e-06
5130 -9.472910745128571e-07
5140 1.2836960813431e-06
5150 -9.969412851362769e-07
5160 1.298202347017885e-06
5170 -1.585105699204725e-06
5180 1.638767298181576e-06
5190 2.155686435856285e-06
5200 1.350448264152149e-06
5210 -1.918012778691358e-06
5220 -7.181587195065342e-08
5230 -1.472794109586006e-07
5240 -1.327713665663643e-06
5250 5.920785723784183e-07
5260 -1.435327994861457e-06
5270 -1.167733097627577e-06
5280 -1.425287221357152e-06
5290 9.290296518263408e-07
5300 9.52457118896799e-07
5310 1.128312603244919e-06
5320 -1.319757558938817e-06
5330 -1.228935925329244e-06
5340 7.771463074249252e-07
5350 1.502287468528596e-06
5360 1.335563418899954e-06
5370 -1.208192477092362e-06
5380 -1.82812359039719e-06
5390 -1.395384859798066e-06
5400 -9.621349082375441e-07
5410 1.923029235455231e-06
5420 1.073973403313555e-06
5430 1.479020595496205e-06
5440 4.352082698944049e-07
5450 -1.235499165301579e-06
5460 -1.201457702840192e-06
5470 -1.422260140097886e-06
5480 8.960167917487771e-07
5490 -1.306628322594872e-06
5500 -1.582528941349026e-06
5510 -1.59822359476619e-06
5520 -1.394684170236138e-06
5530 -1.562990661389818e-06
5540 1.483959783193933e-06
5550 1.40595051145026e-06
5560 -1.214470426398606e-06
5570 3.304196462064479e-07
5580 -1.647358545971145e-06
5590 -1.727214736631233e-06
5600 -1.834751478385632e-07
5610 8.294832292282672e-07
5620 1.183792196643441e-06
5630 8.265113527888834e-07
5640 2.155286117563882e-07
5650 -1.623528753734449e-06
5660 1.009144147946783e-06
5670 3.531804744841271e-07
5680 -1.335342888972302e-07
5690 -6.488309734625775e-07
5700 -1.178966769176115e-06
5710 -1.674470286476548e-06
5720 -3.488378597094055e-07
5730 1.118538029171168e-06
5740 1.234299779183379e-06
5750 1.541576037392134e-06
5760 1.096559492125282e-06
5770 -1.74532100808561e-06
5780 1.122188176320982e-06
5790 1.161577781731704e-06
5800 -1.351297110437077e-06
5810 8.842389115151783e-07
5820 -1.026761139069632e-06
5830 -1.207991911833517e-06
5840 -1.198701509483313e-06
5850 5.7438923187908e-07
5860 -1.444479017682909e-06
5870 -9.98809167339354e-07
5880 6.226574356532621e-07
5890 1.127674807574475e-06
5900 8.891615496664507e-07
5910 4.291218849011846e-08
5920 1.253794525701846e-07
5930 -2.194179972735133e-06
5940 -1.854186171781902e-06
5950 -1.445172893528579e-06
5960 -7.490173910551512e-07
5970 8.364383949355236e-09
5980 1.294071580545952e-06
5990 1.091914196810206e-06
6000 -1.895347615660237e-06
6010 -3.706214020890441e-07
6020 4.412326503472341e-07
6030 1.338544296611288e-06
6040 4.701372779900015e-07
6050 -1.49089285345072e-06
6060 9.447689974656504e-07
6070 -1.278653419221898e-06
6080 1.288316987681226e-06
6090 8.299044915172082e-07
6100 -1.657063372073608e-06
6110 2.819299474710046e-07
6120 1.608090022683917e-06
6130 -4.976112269808319e-07
6140 1.226316333938215e-06
6150 1.647728685667815e-06
6160 1.17223691850632e-06
6170 -1.96223414038188e-07
6180 -1.88512629509946e-06
6190 1.452493790993215e-06
6200 -4.566600833519341e-07
6210 -8.025048233994969e-07
6220 -1.30803672650226e-07
6230 -1.788885817276265e-06
6240 -1.663989222348838e-06
6250 1.596360563252408e-07
6260 1.763912662586242e-06
6270 1.934839764197727e-06
6280 -3.554181147655266e-07
6290 -1.26153119054534e-06
6300 -1.23392114088211e-06
6310 -1.663860728209898e-06
6320 -1.807918150485699e-06
6330 1.461288321492893e-06
6340 1.645441947646653e-06
6350 1.119182836115118e-06
6360 1.453790150318657e-06
6370 1.643375801135827e-06
6380 4.996931970285834e-08
6390 1.178937831913807e-06
6400 7.050105841691079e-07
6410 -8.038729484224905e-07
6420 -1.472734687535393e-07
6430 -1.109883848410265e-06
6440 -1.680188420130624e-07
6450 -1.311675242081367e-06
6460 -5.694271081047031e-08
6470 1.33255151153755e-06
6480 -9.849701825825896e-07
6490 1.643900828650346e-06
6500 1.107400260560998e-06
6510 1.558493979779418e-06
6520 -1.638512754045807e-06
6530 -1.445503336680587e-06
6540 -4.934540229067919e-07
6550 1.549742175373237e-06
6560 4.645999351071683e-07
6570 -9.760783318477073e-07
6580 1.267734357164596e-06
6590 -1.556772672460516e-06
6600 1.321270728944779e-06
6610 3.87154874631479e-07
6620 -6.817854743546015e-07
6630 1.040880116827403e-06
6640 1.178745951804783e-06
6650 -1.309501064118701e-06
6660 2.620974605405113e-08
6670 -7.207616321142085e-08
6680 1.020250313767124e-06
6690 -1.942091068775353e-06
6700 1.481912253534223e-07
6710 -1.492842366314362e-06
6720 -1.190892168621838e-06
6730 1.493773525096387e-06
6740 1.390044560789505e-06
6750 1.36883293758161e-06
6760 9.030644589971826e-07
6770 -1.062328188111694e-06
6780 4.556980011394263e-07
6790 1.504241769020864e-06
6800 -1.083191699509378e-06
6810 -1.049612000758593e-06
6820 -1.135054232888344e-06
6830 -7.55991160193703e-07
6840 -1.031472399347366e-06
6850 -8.15232762969853e-07
6860 1.506772338920326e-06
6870 1.477011643546966e-06
6880 1.157528739623159e-06
6890 8.578783643187204e-07
6900 -3.528638147787255e-07
6910 -4.242174230298379e-07
6920 -1.518455252827455e-06
6930 -1.198054835685469e-06
6940 1.118208606078197e-06
6950 1.262338708778177e-06
6960 -1.181644319919739e-06
6970 1.768124189269193e-06
6980 1.222549273337259e-06
6990 1.367385630390849e-06
7000 -8.540759850253488e-07
7010 -1.541310128166939e-06
7020 5.129095205017031e-07
7030 -1.65916465409699e-06
7040 1.530584800832346e-06
7050 -1.085759906170602e-06
7060 -1.02576988739167e-06
7070 1.182743612819503e-06
7080 -1.983735310497059e-06
7090 -1.183535148822912e-06
7100 1.36663313614338e-06
7110 1.434546744741305e-06
7120 -1.447245835513311e-06
7130 -6.930305269312043e-07
7140 2.104226396459907e-07
7150 1.463369971956008e-06
7160 -1.239917462259044e-06
7170 1.599156988475736e-06
7180 -1.28289958597344e-06
7190 -1.577762502681657e-06
7200 -1.628043509407928e-06
