"Time Step" "gw-hemolysis"
21210 0.2572987892788587
21220 0.257195910742096
21230 0.2570977760080133
21240 0.2570042362402331
21250 0.2569151018195374
21260 0.2568301228274866
21270 0.2567489898467592
21280 0.2566718299108436
21290 0.2565985876912567
21300 0.2565291427578886
21310 0.2564635124167058
21320 0.2564018369304816
21330 0.2563442321819027
21340 0.2562906095083216
21350 0.2562409230732955
21360 0.2561950707911324
21370 0.2561529525213314
21380 0.2561144637139852
21390 0.2560794992598108
21400 0.2560477720927024
21410 0.2560189609018277
21420 0.2559927675972173
21430 0.2559688178876026
21440 0.2559466921043295
21450 0.2559259651976621
21460 0.2559062657753545
21470 0.2558872527581731
21480 0.2558686323885402
21490 0.2558500536618338
21500 0.255831232576308
21510 0.2558119089800445
21520 0.2557919836379511
21530 0.2557713637093171
21540 0.2557499259477824
21550 0.2557277049096531
21560 0.2557046973047163
21570 0.2556809592941721
21580 0.255656392506145
21590 0.2556309489921053
21600 0.2556046940224471
21610 0.2555777002703258
21620 0.2555501315023425
21630 0.2555221752656768
21640 0.2554938930616275
21650 0.2554652613021351
21660 0.2554363815703272
21670 0.2554073236707801
21680 0.2553781291722428
21690 0.2553489407036438
21700 0.2553197583281099
21710 0.2552907085588262
21720 0.2552618314626658
21730 0.2552334339781692
21740 0.2552055847921356
21750 0.2551781353978995
21760 0.2551509676703291
21770 0.2551238650932744
21780 0.2550967043317928
21790 0.2550693845212063
21800 0.2550418302059665
21810 0.2550139406742932
21820 0.2549857173625082
21830 0.2549569761753225
21840 0.2549277397490157
21850 0.2548979869104143
21860 0.2548675967773159
21870 0.2548367748222644
21880 0.2548054253381697
21890 0.2547735548366967
21900 0.2547411346496652
21910 0.2547082226905969
21920 0.2546748690823117
21930 0.2546411391824986
21940 0.2546070819596732
21950 0.2545727577746513
21960 0.2545381279178562
21970 0.2545030703350452
21980 0.2544677017587984
21990 0.2544318851672965
22000 0.2543957222418475
22010 0.2543592005634782
22020 0.2543221723815616
22030 0.254284469774376
22040 0.2542461192525524
22050 0.2542071786607977
22060 0.2541678784184345
22070 0.2541282882064826
22080 0.2540883990374589
22090 0.254048117884583
22100 0.2540073068284387
22110 0.253965939624256
22120 0.2539238315162493
22130 0.2538807792954647
22140 0.2538367948813796
22150 0.2537917821307206
22160 0.2537459046865446
22170 0.2536993068070434
22180 0.2536522994734259
22190 0.2536053180086201
22200 0.2535587641018081
22210 0.253513195422896
22220 0.2534687699619702
22230 0.2534256679779274
22240 0.2533839982981397
22250 0.253343957050337
22260 0.2533056434276547
22270 0.253268998424732
22280 0.2532341398985877
22290 0.2532010899905852
22300 0.2531701102333284
22310 0.2531412082390566
22320 0.2531146507814239
22330 0.2530904540250523
22340 0.2530686710833565
22350 0.2530492080123226
22360 0.253031930797714
22370 0.253016453073133
22380 0.2530024960571216
22390 0.2529899101988506
22400 0.2529785713868063
22410 0.2529682888387889
22420 0.2529589421352928
22430 0.2529505378701805
22440 0.2529429095743054
22450 0.2529358965736992
22460 0.252929250598154
22470 0.2529226976530491
22480 0.2529158389291996
22490 0.2529082278889535
22500 0.252899486641533
22510 0.2528892900762765
22520 0.2528772320879312
22530 0.2528633290328147
22540 0.252847283786243
22550 0.2528291363309939
22560 0.25280876553529
22570 0.2527863003815042
22580 0.2527619880924081
22590 0.252736005329139
22600 0.2527085032801672
22610 0.2526798423123044
22620 0.2526501303014122
22630 0.2526197146444282
22640 0.2525888019955115
22650 0.2525574557899156
22660 0.2525259195511603
22670 0.25249439667435
22680 0.2524630932970939
22690 0.2524323005542688
22700 0.2524021700673778
22710 0.2523729558973792
22720 0.2523447326461962
22730 0.2523174125398206
22740 0.2522909294954967
22750 0.2522654152418623
22760 0.2522409313486851
22770 0.2522173944526374
22780 0.2521948271300384
22790 0.252173038463312
22800 0.2521521690593954
22810 0.2521322519877177
22820 0.2521131456710257
22830 0.2520947312624431
22840 0.2520771743112335
22850 0.2520603021727237
22860 0.2520439566497319
22870 0.2520279685042112
22880 0.2520121516477944
22890 0.2519964013505994
22900 0.251980521957519
22910 0.2519645080510334
22920 0.2519482058970255
22930 0.2519314920215595
22940 0.2519144434170728
22950 0.251897158383428
22960 0.2518796240117042
22970 0.2518617780890356
22980 0.2518433936117201
22990 0.2518246077622803
23000 0.2518054630463467
23010 0.2517862088442805
23020 0.2517669819197235
23030 0.2517480852198748
23040 0.2517295410278163
23050 0.2517114980330882
23060 0.251694098059615
23070 0.2516774102801165
23080 0.2516615266537079
23090 0.2516465052127524
23100 0.2516323350924274
23110 0.2516190279035809
23120 0.2516067280946247
23130 0.2515952686987371
23140 0.2515845067105422
23150 0.2515744661456119
23160 0.2515650364949237
23170 0.2515562785819297
23180 0.2515479458814389
23190 0.251540137837598
23200 0.2515327973399112
23210 0.2515258301571939
23220 0.2515191791763491
23230 0.2515126938877598
23240 0.2515062865841899
23250 0.2514999242156428
23260 0.2514934336781133
23270 0.2514868223738136
23280 0.2514799298457376
23290 0.2514727297291963
23300 0.2514652181207454
23310 0.2514573727105396
23320 0.2514492311236877
23330 0.2514408399822016
23340 0.2514322696640192
23350 0.2514235609825223
23360 0.251414731563694
23370 0.2514058300850993
23380 0.2513968411259395
23390 0.2513877209541556
23400 0.2513784609552762
23410 0.2513690649671577
23420 0.2513594867165912
23430 0.2513497545061772
23440 0.2513398847617296
23450 0.2513298986063721
23460 0.2513198057061727
23470 0.2513095771097762
23480 0.2512992261214946
23490 0.2512884363801851
23500 0.2512771910950105
23510 0.2512653948605735
23520 0.2512531256000057
23530 0.2512402964278497
23540 0.2512268994669821
23550 0.2512130185832303
23560 0.2511985638860286
23570 0.2511835724012223
23580 0.251168211867826
23590 0.2511525586163568
23600 0.2511367994443413
23610 0.2511208970518385
23620 0.2511048867700487
23630 0.2510888398767153
23640 0.2510728410810501
23650 0.2510568391835313
23660 0.2510409768684277
23670 0.2510251870953001
23680 0.2510095278931821
23690 0.2509938787685556
23700 0.250978138685234
23710 0.2509622053933864
23720 0.2509459666536199
23730 0.2509291576947566
23740 0.2509115961557488
23750 0.2508930217461223
23760 0.2508733637838161
23770 0.2508525708444412
23780 0.250830512471056
23790 0.2508070562018482
23800 0.2507822554891408
23810 0.2507560142354628
23820 0.2507284056467049
23830 0.2506996211507061
23840 0.2506698534441796
23850 0.2506393019067417
23860 0.2506082543565531
23870 0.2505768588942288
23880 0.250545368834979
23890 0.2505140888529475
23900 0.2504832799682533
23910 0.2504531574512355
23920 0.2504239220344592
23930 0.2503958075832097
23940 0.250368778175202
23950 0.2503428796652366
23960 0.2503180483022321
23970 0.250294132330131
23980 0.2502710151920581
23990 0.2502485868768879
24000 0.2502267289065936
15410 0.2718848797226593
15420 0.2718567948029977
15430 0.2718302412832108
15440 0.2718052162320243
15450 0.2717818056277386
15460 0.271760037885784
15470 0.2717398918642811
15480 0.2717212535424393
15490 0.2717041281663463
15500 0.271688507559471
15510 0.2716743724949642
15520 0.2716615712323785
15530 0.2716501337071576
15540 0.2716399092293326
15550 0.2716307778590069
15560 0.2716224609859903
15570 0.2716146507456964
15580 0.2716072115196635
15590 0.2716001601405913
15600 0.2715934387589417
15610 0.2715870064714214
15620 0.2715809856066682
15630 0.2715754414313742
15640 0.2715704774175246
15650 0.2715662318843336
15660 0.2715629481555909
15670 0.2715607645459364
15680 0.2715598121389959
15690 0.2715602136388311
15700 0.2715620512001596
15710 0.2715655476704688
15720 0.2715709654052934
15730 0.2715784062402085
15740 0.2715880664573821
15750 0.2715999876672313
15760 0.2716141949773282
15770 0.2716306200065083
15780 0.271649075547286
15790 0.2716694644700274
15800 0.271691754497023
15810 0.2717158007953436
15820 0.2717414301257459
15830 0.2717682155973729
15840 0.2717958039084696
15850 0.2718239456964475
15860 0.2718524354375207
15870 0.271881022763973
15880 0.2719092354682804
15890 0.2719366775472758
15900 0.271962902381756
15910 0.2719876558851772
15920 0.2720104535366624
15930 0.2720309979137054
15940 0.2720491781254918
15950 0.2720648554580591
15960 0.2720779002155486
15970 0.2720881550074803
15980 0.2720955195602263
15990 0.2720999216959089
16000 0.2721013971874351
16010 0.2721000817705542
16020 0.2720961314676042
16030 0.2720895199327761
16040 0.2720803285058009
16050 0.2720686445424089
16060 0.2720545688360903
16070 0.2720383106374892
16080 0.2720201903572847
16090 0.2720006406527291
16100 0.2719798976956685
16110 0.271958138903787
16120 0.2719355407340923
16130 0.2719123376020984
16140 0.271888620997039
16150 0.271864548329604
16160 0.2718404510301283
16170 0.2718164857620664
16180 0.2717927307580777
16190 0.2717692829757343
16200 0.2717461946923521
16210 0.2717232785514966
16220 0.2717001707842369
16230 0.2716764374032721
16240 0.2716520196093595
16250 0.2716270285482651
16260 0.2716010226293248
16270 0.2715732194062508
16280 0.2715430108072928
16290 0.2715103296915251
16300 0.2714745846681129
16310 0.2714350957753781
16320 0.2713917455546445
16330 0.2713449656718173
16340 0.2712957006197353
16350 0.2712449655685237
16360 0.271193711799934
16370 0.2711427769242137
16380 0.2710928100716586
16390 0.2710447503020971
16400 0.2709992652570746
16410 0.2709567447346883
16420 0.2709174107279081
16430 0.2708813942634462
16440 0.2708487495366823
16450 0.2708194618825348
16460 0.2707934182808864
16470 0.2707703011180657
16480 0.2707497353883055
16490 0.2707315588707049
16500 0.2707154233400333
16510 0.2707009458935743
16520 0.2706876901118328
16530 0.2706751777465061
16540 0.2706631422803303
16550 0.2706514435558786
16560 0.2706401593503858
16570 0.2706293959045982
16580 0.2706192072194865
16590 0.270609750953031
16600 0.2706012926047247
16610 0.2705938719114512
16620 0.2705876494605235
16630 0.2705824999092957
16640 0.2705781703171548
16650 0.2705745419349934
16660 0.2705714365673852
16670 0.2705686650784638
16680 0.2705659802750566
16690 0.2705631038851493
16700 0.2705595746822291
16710 0.2705550751711686
16720 0.2705494376847896
16730 0.2705425631717762
16740 0.2705343271587425
16750 0.2705248287148768
16760 0.2705141697022364
16770 0.2705025908541497
16780 0.2704903737042619
16790 0.2704776775745141
16800 0.2704648957135261
16810 0.2704525644537965
16820 0.2704413050956561
16830 0.2704314824725699
16840 0.2704237686505888
16850 0.270418608246888
16860 0.2704163369456111
16870 0.270417227887828
16880 0.2704213550366061
16890 0.2704289725614759
16900 0.2704399686073984
16910 0.2704541096930627
16920 0.2704715209883258
16930 0.2704923266475649
16940 0.2705163531678445
16950 0.2705432052666238
16960 0.2705726963506551
16970 0.2706046603319069
16980 0.2706387556788288
16990 0.2706747469958656
17000 0.2707126032649994
17010 0.2707521928944466
17020 0.2707932381595012
17030 0.270835576214284
17040 0.2708789761668975
17050 0.2709231590129744
17060 0.2709679032928402
17070 0.2710128054335254
17080 0.2710573600018065
17090 0.2711013575645684
17100 0.2711443283928156
17110 0.2711861423390016
17120 0.271226597141164
17130 0.271265506132422
17140 0.2713027549185484
17150 0.2713382908703094
17160 0.2713721344433298
17170 0.2714042059015639
17180 0.2714345986180482
17190 0.2714632802602387
17200 0.2714902002452769
17210 0.271515266525407
17220 0.2715384263327201
17230 0.2715595762046267
17240 0.2715786552381469
17250 0.2715955467155624
17260 0.2716101356456669
17270 0.2716223441941674
17280 0.2716320589230435
17290 0.2716394757167122
17300 0.2716446161807277
17310 0.2716475432605147
17320 0.2716482143059705
17330 0.2716466146990523
17340 0.2716427315844941
17350 0.2716365578545655
17360 0.2716283681481177
17370 0.2716182313004105
17380 0.2716061226082336
17390 0.2715920843465007
17400 0.2715764313348661
17410 0.2715594264015893
17420 0.2715412714029591
17430 0.2715220040064629
17440 0.2715015944366042
17450 0.2714804164441189
17460 0.2714584878574102
17470 0.2714356896566226
17480 0.2714119413152248
17490 0.2713870745447111
17500 0.2713609146603356
17510 0.2713333411445938
17520 0.2713044369164411
17530 0.27127430627605
17540 0.2712430037466152
17550 0.2712106015985469
17560 0.2711772309942771
17570 0.271143277289954
17580 0.2711091942572934
17590 0.2710756889287526
17600 0.2710433734335691
17610 0.2710127548937148
17620 0.2709844882687055
17630 0.2709589222563474
17640 0.270936054331789
17650 0.2709158862127898
17660 0.2708983303525957
17670 0.2708831809455209
17680 0.2708703018670102
17690 0.2708594911224643
17700 0.2708506190580707
17710 0.2708436003070274
17720 0.2708381256026837
17730 0.2708339615098401
17740 0.2708308273165486
17750 0.2708287488238193
17760 0.270827630834176
17770 0.2708278411509997
17780 0.2708298824074146
17790 0.2708336639224919
17800 0.2708391725476135
17810 0.2708461952215154
17820 0.2708541996116007
17830 0.2708623296151939
17840 0.2708702969035019
17850 0.2708774894857651
17860 0.2708828892993626
17870 0.2708850103530955
17880 0.2708823882513424
17890 0.2708741796186762
17900 0.2708596688616493
17910 0.2708384438353653
17920 0.2708104835495689
17930 0.2707761282327033
17940 0.2707357068653615
17950 0.2706894941387578
17960 0.2706380313950631
17970 0.2705822444105763
17980 0.270523330198968
17990 0.2704620961397976
18000 0.2703997184680746
18010 0.2703373354522373
18020 0.2702756795723263
18030 0.2702154176714987
18040 0.2701570824060911
18050 0.2701007369096892
18060 0.2700458736462829
18070 0.2699918971494583
18080 0.2699381462661969
18090 0.2698839645068072
18100 0.2698285950158497
18110 0.2697713172979833
18120 0.2697113655923613
18130 0.269648308605654
18140 0.2695819540764379
18150 0.2695124332331584
18160 0.2694399738642893
18170 0.2693647623498882
18180 0.2692871993275215
18190 0.2692078989123308
18200 0.2691274241254564
18210 0.2690464557107796
18220 0.2689654090696847
18230 0.2688848343621527
18240 0.2688052310964999
18250 0.2687271634583093
18260 0.268651370710566
18270 0.2685782419807451
18280 0.2685083724355517
18290 0.26844241577001
18300 0.2683808816766388
18310 0.2683240979155151
18320 0.2682721336219631
18330 0.2682252020953831
18340 0.2681837729963802
18350 0.2681479042102375
18360 0.2681174585982748
18370 0.2680919039528851
18380 0.2680708344867473
18390 0.2680543158005446
18400 0.2680420543222446
18410 0.2680335171200243
18420 0.2680286376428686
18430 0.2680270570619769
18440 0.2680287230606174
18450 0.2680333405830506
18460 0.268040602696592
18470 0.268050350828326
18480 0.2680621309756804
18490 0.2680755795447991
18500 0.2680904006459404
18510 0.2681063579569434
18520 0.2681233779556065
18530 0.268141213276998
18540 0.2681597406610202
18550 0.2681786187917115
18560 0.2681975283522565
18570 0.2682161149080659
18580 0.2682338914720263
18590 0.2682504800423173
18600 0.268265381595575
18610 0.268278122227349
18620 0.2682880742088166
18630 0.2682942126063397
18640 0.2682956036550008
18650 0.2682915074765387
18660 0.2682808121365778
18670 0.268262712158252
18680 0.268236518026929
18690 0.2682014487102977
18700 0.2681570300866975
18710 0.2681031379183847
18720 0.2680402728183763
18730 0.2679694090517031
18740 0.2678920505135286
18750 0.267810048409726
18760 0.2677252701529162
18770 0.2676393196113754
18780 0.2675536590922787
18790 0.2674694740530915
18800 0.2673876218686975
18810 0.2673088088504424
18820 0.267233638141446
18830 0.2671622249363076
18840 0.2670946064016648
18850 0.2670307408995811
18860 0.2669703971897016
18870 0.2669132729335638
18880 0.2668589350744255
18890 0.2668069312740999
18900 0.2667569367793542
18910 0.2667086229677881
18920 0.2666618089441651
18930 0.2666165321553758
18940 0.2665729475852559
18950 0.26653102937707
18960 0.26649084185045
18970 0.266452481123282
18980 0.2664161281337161
18990 0.266381908872848
19000 0.2663498984721059
19010 0.2663200155548242
19020 0.2662922372730325
19030 0.2662665006750667
19040 0.2662428077741202
19050 0.2662211577806491
19060 0.2662013764666888
19070 0.2661832676535405
19080 0.266166763958897
19090 0.2661517130551614
19100 0.2661379965066322
19110 0.2661254062462196
19120 0.2661139298917818
19130 0.2661035363063442
19140 0.2660942241645377
19150 0.2660859370712093
19160 0.2660785181801678
19170 0.2660719836692404
19180 0.2660662591015654
19190 0.2660612430961475
19200 0.2660568342124867
19210 0.2660530450207199
19220 0.2660496547615998
19230 0.2660464762341244
19240 0.2660434117152418
19250 0.2660402545637308
19260 0.2660368066374475
19270 0.2660328840346032
19280 0.2660283171952833
19290 0.2660229376215905
19300 0.2660167595612589
19310 0.2660096959920039
19320 0.2660017125098701
19330 0.2659927072270724
19340 0.2659826314765537
19350 0.2659715189533087
19360 0.2659594610406104
19370 0.2659465998052796
19380 0.2659330765513944
19390 0.26591903779462
19400 0.2659045994943459
19410 0.2658900324885399
19420 0.2658755422906413
19430 0.2658613553641115
19440 0.2658478491140143
19450 0.265835399101393
19460 0.2658243414241218
19470 0.2658149152664549
19480 0.2658073238135379
19490 0.265801787831183
19500 0.2657984254483753
19510 0.2657972280329552
19520 0.2657980395621856
19530 0.2658006072379274
19540 0.2658046360357277
19550 0.2658098569456462
19560 0.2658159783309133
19570 0.26582270462677
19580 0.2658297177381343
19590 0.2658365351681367
19600 0.2658424678573781
19610 0.2658470950264994
19620 0.2658499587833354
19630 0.2658505117181363
19640 0.2658481585354785
19650 0.2658424743978317
19660 0.2658332233180054
19670 0.2658202856034014
19680 0.2658037483310796
19690 0.2657837094470653
19700 0.2657605812112305
19710 0.2657348129255923
19720 0.2657067131533662
19730 0.2656767629264679
19740 0.2656453652865967
19750 0.2656129902679701
19760 0.2655799814060512
19770 0.2655464575581589
19780 0.2655124578024535
19790 0.2654780627638891
19800 0.2654433040835187
19810 0.2654081051639039
19820 0.2653721594569315
19830 0.2653353231921357
19840 0.2652972503824507
19850 0.2652575821265777
19860 0.2652159287392934
19870 0.26517205770031
19880 0.2651256639356985
19890 0.2650763489723088
19900 0.2650235866887715
19910 0.2649671531361644
19920 0.2649069094807557
19930 0.2648427980411427
19940 0.2647751807139124
19950 0.2647044362936248
19960 0.2646308742534151
19970 0.2645552784178248
19980 0.2644779006918832
19990 0.2643987343969901
20000 0.2643180820065039
20010 0.2642365387193075
20020 0.2641550115050956
20030 0.2640739293444412
20040 0.2639938237230015
20050 0.2639151884547063
20060 0.2638386218276907
20070 0.2637646461506112
20080 0.2636934625826178
20090 0.2636254045671738
20100 0.2635605545709929
20110 0.2634990197290128
20120 0.2634408114920602
20130 0.2633858837732889
20140 0.2633342409862793
20150 0.2632858145462731
20160 0.2632402536957359
20170 0.2631973735715806
20180 0.2631568856565771
20190 0.2631184921589628
20200 0.2630817837472085
20210 0.2630465668820798
20220 0.263012591875437
20230 0.262979912930715
20240 0.2629481800014187
20250 0.2629170887887771
20260 0.2628864655160686
20270 0.2628561734465971
20280 0.262826153604042
20290 0.2627967731104528
20300 0.262768590219262
20310 0.2627419998005727
20320 0.2627175551423125
20330 0.2626957839869659
20340 0.262676723899137
20350 0.2626603191205643
20360 0.2626462021972856
20370 0.2626338445203168
20380 0.2626228044836647
20390 0.2626127697272617
20400 0.2626032961049061
20410 0.2625939367634512
20420 0.2625842085126794
20430 0.2625738738582773
20440 0.2625626389911302
20450 0.2625504278305564
20460 0.2625372123577137
20470 0.2625229927562421
20480 0.262507723353434
20490 0.2624915691961192
20500 0.2624745667336383
20510 0.262456560098906
20520 0.2624375659344636
20530 0.2624174613019944
20540 0.2623963106068947
20550 0.2623743580060126
20560 0.2623517772521848
20570 0.262328554994398
20580 0.2623047429069619
20590 0.2622803226112457
20600 0.2622550937474912
20610 0.2622289383181808
20620 0.2622017353605103
20630 0.2621736163671108
20640 0.2621446796713163
20650 0.2621149018972213
20660 0.2620836815733257
20670 0.2620506901707729
20680 0.262015579738227
20690 0.2619779058564263
20700 0.2619374227496139
20710 0.2618942099283904
20720 0.2618482564806009
20730 0.2617995288592236
20740 0.2617475966977745
20750 0.2616925060511473
20760 0.2616342020661669
20770 0.2615727324258145
20780 0.2615082191630188
20790 0.2614408585299207
20800 0.2613710943426666
20810 0.2612991911297714
20820 0.2612253616684957
20830 0.261150227064521
20840 0.2610740905004549
20850 0.2609972693226947
20860 0.2609201419657415
20870 0.2608428016070065
20880 0.2607652947872297
20890 0.2606876976811935
20900 0.2606099795964377
20910 0.2605321405279726
20920 0.2604541096659431
20930 0.2603758262200779
20940 0.2602970701488427
20950 0.2602175274921404
20960 0.2601368496603849
20970 0.2600547454985845
20980 0.2599709001432276
20990 0.2598848498231973
21000 0.2597961171721001
21010 0.2597041184550486
21020 0.2596086189312002
21030 0.2595089834861085
21040 0.2594047065338725
21050 0.2592955904736001
21060 0.2591816043155407
21070 0.2590629090872117
21080 0.2589397910294094
21090 0.2588125438609131
21100 0.2586819951918989
21110 0.2585489791369642
21120 0.2584144343964638
21130 0.2582793209843203
21140 0.258145130661715
21150 0.2580130526496705
21160 0.2578837248056082
21170 0.257757821716475
21180 0.2576360660317413
21190 0.2575188477962607
21200 0.2574064059805588
21240 0.257004236499601
21250 0.2569151043816397
21260 0.2568301236345313
21270 0.2567489994216799
21280 0.2566718315647649
21290 0.2565985889778098
21300 0.2565291440999432
21310 0.2564635095546107
21320 0.2564018300873979
21330 0.2563442285568081
21340 0.2562906115287152
21350 0.2562409173088385
21360 0.2561950653682851
21370 0.2561529555491834
21380 0.2561144728148826
14610 0.2704813128394495
14620 0.2704512503559367
14630 0.2704196680695509
14640 0.2703873092177329
14650 0.2703548223906219
14660 0.2703227916153558
14670 0.2702921279153199
14680 0.2702633516691269
14690 0.2702371044483854
14700 0.2702142318549207
14710 0.2701955275942613
14720 0.2701816167262766
14730 0.2701731004991352
14740 0.2701702258045421
14750 0.2701730321182758
14760 0.2701814626150301
14770 0.2701951735656286
14780 0.2702136322546756
14790 0.2702362248280807
14800 0.2702625651198443
14810 0.2702920348585727
14820 0.2703242271891694
14830 0.2703589412953996
14840 0.2703959501356945
14850 0.2704350999709311
14860 0.2704760690118143
14870 0.2705186702885473
14880 0.2705630930498167
14890 0.2706097944981538
14900 0.2706593769386736
14910 0.2707123062722598
14920 0.270768856178036
14930 0.2708292258688811
14940 0.2708932073627923
14950 0.2709607125884422
14960 0.271031551202374
14970 0.2711054120728135
14980 0.2711822303750593
14990 0.2712618938330324
15000 0.2713441139666686
15010 0.2714285915259412
15020 0.271514691581421
15030 0.2716015869373308
15040 0.2716885563115937
15050 0.2717747671768269
15060 0.2718588736404201
15070 0.2719400137461975
15080 0.2720175662128076
15090 0.2720912512778834
15100 0.2721606198778516
15110 0.2722253732774234
15120 0.2722848267646255
15130 0.27233856062468
15140 0.2723861985331241
15150 0.272427313145386
15160 0.2724615540009371
15170 0.2724888646818525
15180 0.2725092018678266
15190 0.272522803355597
15200 0.2725296154149837
15210 0.2725298686830371
15220 0.2725235969891076
15230 0.2725110431087419
15240 0.2724926621719283
15250 0.2724689262613753
15260 0.2724405619108906
15270 0.2724082327556577
15280 0.2723725654800669
15290 0.2723343177804493
15300 0.2722941156745339
15310 0.2722527070971697
15320 0.2722109148451343
15330 0.2721694606908428
15340 0.2721286632999596
15350 0.2720890104962043
15360 0.2720508688219152
15370 0.2720143023748192
15380 0.2719793461404605
15390 0.2719461489181754
15400 0.271914675627453
7210 0.2069335857928634
7220 0.2071363173651103
7230 0.2073394284396578
7240 0.2075433369610426
7250 0.2077475878352217
7260 0.2079515379165965
7270 0.2081549408948249
7280 0.2083577863110242
7290 0.208560304748008
7300 0.2087624556997279
7310 0.208963979879581
7320 0.2091650758068996
7330 0.209365444751409
7340 0.209564927346236
7350 0.2097636156945344
7360 0.2099612744243965
7370 0.21015785556366
7380 0.2103529308121904
7390 0.2105463453567211
7400 0.210738399783696
7410 0.2109284839585542
7420 0.211116520693762
7430 0.2113023154532148
7440 0.211485654011654
7450 0.2116666884655845
7460 0.2118452344187732
7470 0.2120210923726271
7480 0.2121943720039401
7490 0.2123646188802523
7500 0.2125315905895691
7510 0.2126954855109879
7520 0.2128561136265381
7530 0.2130134937278986
7540 0.2131678484180523
7550 0.2133193891745452
7560 0.2134688785923495
7570 0.2136163873685448
7580 0.2137616812390878
7590 0.213904533810835
7600 0.2140448923141464
7610 0.2141830163943907
7620 0.2143188665782182
7630 0.2144522869100162
7640 0.2145835616932796
7650 0.2147128342644964
7660 0.2148404581506142
7670 0.2149665581872673
7680 0.2150911878280262
7690 0.2152146417030749
7700 0.2153371624975482
7710 0.2154590866270205
7720 0.2155806803789872
7730 0.2157020019439764
7740 0.2158230462646889
7750 0.2159438450414798
7760 0.2160649883014638
7770 0.2161861364931751
7780 0.2163069051357658
7790 0.2164270218232693
7800 0.2165463267979236
7810 0.2166648837778484
7820 0.2167827999403263
7830 0.2168999470176139
7840 0.2170163782900654
7850 0.2171320356590518
7860 0.2172472703344294
7870 0.2173628209060872
7880 0.217479159551388
7890 0.2175965730751386
7900 0.2177152698494396
7910 0.21783527192286
7920 0.2179569576475623
7930 0.2180801688169033
7940 0.2182048608622487
7950 0.2183311241916546
7960 0.2184581989743472
7970 0.2185862988688715
7980 0.2187156584936062
7990 0.2188462824737754
8000 0.2189779069118998
8010 0.2191101956593993
8020 0.2192425009034963
8030 0.2193745560366038
8040 0.2195060111055816
8050 0.2196367163871237
8060 0.2197667068035298
8070 0.2198961426447142
8080 0.2200250571661177
8090 0.220153376881553
8100 0.2202809537809353
8110 0.220408001112776
8120 0.2205350287155275
8130 0.2206622754645819
8140 0.2207898576644808
8150 0.2209178330587705
8160 0.2210459830801612
8170 0.2211740814367539
8180 0.2213022736917061
8190 0.221430397843081
8200 0.2215583042318195
8210 0.2216855912294498
8220 0.2218118051145498
8230 0.2219367365312465
8240 0.2220605749441027
8250 0.2221835507855788
8260 0.2223050085160442
8270 0.2224245230806704
8280 0.2225412102567985
8290 0.2226549358518815
8300 0.222765649399954
8310 0.2228730563639348
8320 0.2229770284504716
8330 0.2230775702143381
8340 0.2231745962635991
8350 0.2232684285365057
8360 0.2233593350424176
8370 0.2234472658619064
8380 0.2235323864273341
8390 0.2236146776389019
8400 0.2236944575067971
8410 0.2237717374844046
8420 0.2238467885745083
8430 0.223919652855589
8440 0.2239901064650908
8450 0.224058172563087
8460 0.2241236244347753
8470 0.2241862303146629
8480 0.2242460836973882
8490 0.2243035416231825
8500 0.2243585347892692
8510 0.2244111866716581
8520 0.2244616209060294
8530 0.2245103836869742
8540 0.2245582704431217
8550 0.2246060682620058
8560 0.224654237873422
8570 0.2247032875278365
8580 0.2247541414804448
8590 0.22480751488869
8600 0.2248637129399951
8610 0.2249236941769114
8620 0.2249884097564791
8630 0.2250586162598575
8640 0.2251350574816859
8650 0.225219064537253
8660 0.2253130467204031
8670 0.2254195104732442
8680 0.2255395824039418
8690 0.2256733357867612
8700 0.2258191439016168
8710 0.2259758465819243
8720 0.2261445174643333
8730 0.2263270372602833
8740 0.2265236097686686
8750 0.2267328917888225
8760 0.2269516108309705
8770 0.2271754986688671
8780 0.2274003913753758
8790 0.2276260906415542
8800 0.2278506372993959
8810 0.2280729224809193
8820 0.228291614217011
8830 0.228506292771291
8840 0.2287164816154226
8850 0.228921214252387
8860 0.2291188116638769
8870 0.2293077741528128
8880 0.2294860062344891
8890 0.2296510739167044
8900 0.2298007098237733
8910 0.2299326939392375
8920 0.2300448166832059
8930 0.2301354615749073
8940 0.2302036098051568
8950 0.2302481470156287
8960 0.2302678199874835
8970 0.2302613237887069
8980 0.2302280675671223
8990 0.230168072937515
9000 0.2300807923808255
9010 0.2299659808170554
9020 0.2298229326575127
9030 0.2296512713324057
9040 0.2294511854026626
9050 0.2292234466701098
9060 0.2289685100129443
9070 0.2286874086579448
9080 0.2283813702717978
9090 0.2280518226422014
9100 0.2276996111848348
9110 0.2273267711561383
9120 0.2269361091942027
9130 0.226531253435006
9140 0.2261160058593318
9150 0.2256944144323794
9160 0.2252707986471599
9170 0.2248491045119374
9180 0.224432025256025
9190 0.2240228516227813
9200 0.2236240601515398
9210 0.2232382950859552
9220 0.2228678701895169
9230 0.2225157618377727
9240 0.2221842695187544
9250 0.2218756656877715
9260 0.2215919363467061
9270 0.2213346231773506
9280 0.2211052416857442
9290 0.2209048312347852
9300 0.2207336329067926
9310 0.220591773889996
9320 0.2204796044344195
9330 0.220397269233182
9340 0.2203446286905004
9350 0.2203221646521751
9360 0.2203303935702126
9370 0.2203692602126042
9380 0.2204383112536055
9390 0.2205376085359208
9400 0.2206674673149833
9410 0.2208275736589707
9420 0.221016819390506
9430 0.221234290524137
9440 0.2214788009771472
9450 0.2217484945153909
9460 0.2220418239299825
9470 0.2223571355136603
9480 0.2226923124148621
9490 0.2230458656354147
9500 0.2234154075634305
9510 0.223799485069135
9520 0.224196191735072
9530 0.2246030575749721
9540 0.225016863654848
9550 0.2254343905621096
9560 0.2258532119484027
9570 0.2262705470143102
9580 0.2266839018360196
9590 0.2270919720679535
9600 0.2274934282908834
9610 0.2278869156673101
9620 0.2282712718829139
9630 0.2286450169575553
9640 0.2290074329668437
9650 0.2293581944427626
9660 0.2296970978418136
9670 0.2300236363603356
9680 0.2303375926335264
9690 0.230639713457339
9700 0.2309308860575973
9710 0.2312116934320061
9720 0.2314834687677837
9730 0.231747337168843
9740 0.2320033361358957
9750 0.2322520869676164
9760 0.2324941573147593
9770 0.2327305548708151
9780 0.2329623646978069
9790 0.2331901683483628
9800 0.2334139642708629
9810 0.2336324848438965
9820 0.2338455484662693
9830 0.2340535372691251
9840 0.2342570454151995
9850 0.2344564938448855
9860 0.2346520199145009
9870 0.2348432930020063
9880 0.235030013525139
9890 0.2352114493604431
9900 0.2353867358354105
9910 0.2355553015639729
9920 0.2357165964344209
9930 0.2358700493451684
9940 0.2360156143456789
9950 0.2361529854471028
9960 0.2362817756839947
9970 0.2364018518782043
9980 0.2365129567043952
9990 0.236614995130389
10000 0.2367078328426185
10010 0.2367912822000966
10020 0.2368651853500293
10030 0.2369292102732917
10040 0.2369833870356871
10050 0.2370276383143959
10060 0.2370620120900908
10070 0.2370863972395682
10080 0.2371007295395676
10090 0.2371051082279236
10100 0.2370993627301549
10110 0.2370835137439174
10120 0.2370574495011784
10130 0.2370209081518984
10140 0.2369736319613098
10150 0.2369151714503959
10160 0.2368448646443431
10170 0.2367623914615367
10180 0.2366672979159331
10190 0.2365593093472658
10200 0.2364386381207944
10210 0.2363049395160698
10220 0.2361581611644523
10230 0.2359987390152397
10240 0.2358280595075469
10250 0.2356475842543108
10260 0.2354587151377203
10270 0.2352624439582189
10280 0.2350604249167719
10290 0.2348545573908981
10300 0.2346468860459702
10310 0.2344398497231613
10320 0.2342352115197342
10330 0.2340351046231165
10340 0.2338411122872028
10350 0.2336547384483888
10360 0.2334772971192036
10370 0.2333100431510043
10380 0.2331544405526535
10390 0.233011877598515
10400 0.2328835653004641
10410 0.232771218157069
10420 0.2326758211238726
10430 0.2325982964160491
10440 0.2325398311645333
10450 0.2325014534274341
10460 0.2324840992623557
10470 0.2324881829201773
10480 0.2325140179681653
10490 0.2325617846420381
10500 0.2326314840096757
10510 0.2327230792984993
10520 0.2328363924293283
10530 0.2329715107332661
10540 0.2331282773998104
10550 0.233306665277303
10560 0.2335065466029859
10570 0.2337275350614726
10580 0.2339689963851066
10590 0.2342302954730145
10600 0.2345107824113523
10610 0.2348097162199574
10620 0.2351264152071536
10630 0.2354601431615513
10640 0.2358101123434435
10650 0.2361755322908212
10660 0.2365557084697838
10670 0.2369502237898205
10680 0.237358430281461
10690 0.237779978210824
10700 0.2382142407835918
10710 0.2386606320913518
10720 0.2391183563116522
10730 0.2395864059569023
10740 0.2400639008804236
10750 0.2405498409332482
10760 0.2410430381349502
10770 0.241542387627993
10780 0.2420468123758434
10790 0.2425557609211695
10800 0.2430685974527402
10810 0.2435844645281822
10820 0.2441023374796756
10830 0.2446215024495728
10840 0.2451412919191492
10850 0.2456607847797218
10860 0.2461790156391265
10870 0.2466945017686108
10880 0.2472061326870741
10890 0.2477129884520091
10900 0.2482142349015137
10910 0.248708760826215
10920 0.249195840948719
10930 0.2496744742178108
10940 0.2501437146090242
10950 0.2506029129768689
10960 0.2510515972323166
10970 0.2514893889501395
10980 0.2519158797716916
10990 0.252331471003189
11000 0.2527371335402625
11010 0.2531330589180761
11020 0.253520558040945
11030 0.2539007394608749
11040 0.2542742128081399
11050 0.2546409192995135
11060 0.2549998322798578
11070 0.2553507121012288
11080 0.2556926668555224
11090 0.2560247944488167
11100 0.2563456001527626
11110 0.2566542754920665
11120 0.2569500929470003
11130 0.25723202395873
11140 0.2574995259435652
11150 0.2577522631776762
11160 0.2579896644367349
11170 0.2582119682078812
11180 0.2584184700162931
11190 0.2586092390282573
11200 0.2587865628431674
11210 0.2589526995220639
11220 0.2591107626849413
11230 0.2592628160499479
11240 0.2594115930265644
11250 0.259560067499599
11260 0.2597099385901642
11270 0.2598639070710396
11280 0.260022997039319
11290 0.2601881701569607
11300 0.2603587305351872
11310 0.2605342977054401
11320 0.2607152696092393
11330 0.2609015396361685
11340 0.2610938043053101
11350 0.261291759070076
11360 0.2614953170704493
11370 0.2617055367759523
11380 0.2619238565750768
11390 0.2621513087875998
11400 0.262388750445315
11410 0.2626368680800991
11420 0.2628956537377587
11430 0.2631649705575367
11440 0.2634445658859109
11450 0.2637343401163333
11460 0.2640340608031826
11470 0.2643433613968371
11480 0.2646614949515826
11490 0.2649881091980612
11500 0.2653232471222171
11510 0.265665835249022
11520 0.2660140277390714
11530 0.2663657542784998
11540 0.2667188583336628
11550 0.2670708122475739
11560 0.2674192436589092
11570 0.2677618900374995
11580 0.2680968447255269
11590 0.2684224702026218
11600 0.2687350564902311
11610 0.2690312488040077
11620 0.2693079767188697
11630 0.2695627707464445
11640 0.2697936339478415
11650 0.2699997457470162
11660 0.2701813303855357
11670 0.2703392154426443
11680 0.2704743319634897
11690 0.2705878940001026
11700 0.270681155522656
11710 0.2707559104188216
11720 0.2708141926428586
11730 0.270857768712668
11740 0.2708893475331649
11750 0.2709115545020525
11760 0.2709268628187621
11770 0.2709372510938647
11780 0.2709450057736402
11790 0.2709516864268059
11800 0.2709581462948775
11810 0.2709641506165043
11820 0.2709695485877259
11830 0.2709741276693708
11840 0.2709771110560924
11850 0.2709777566890944
11860 0.2709756607360136
11870 0.2709701169481464
11880 0.2709603207873142
11890 0.2709455237188115
11900 0.2709249422068142
11910 0.2708978425636555
11920 0.2708631538912083
11930 0.2708201333001889
11940 0.2707684664425256
11950 0.2707081453488634
11960 0.270639435219951
11970 0.2705634700340812
11980 0.2704815943900107
11990 0.2703942887015695
12000 0.270302232436073
12010 0.2702058309077918
12020 0.2701057637590841
12030 0.2700026649491501
12040 0.2698966195078116
12050 0.2697876835449001
12060 0.2696763653681591
12070 0.2695638034922396
12080 0.2694512142764033
12090 0.2693393766921483
12100 0.269229509333917
12110 0.2691220631677876
12120 0.2690167719420226
12130 0.2689134935435459
12140 0.2688120130732687
12150 0.2687122404013863
12160 0.2686143613574176
12170 0.2685185015102531
12180 0.2684250819448635
12190 0.2683342032284203
12200 0.2682457597236434
12210 0.2681596615577538
12220 0.2680759610994921
12230 0.2679948331081189
12240 0.2679168113764211
12250 0.2678427268606939
12260 0.2677732519316301
12270 0.2677085467875332
12280 0.2676488743974298
12290 0.2675945452283637
12300 0.2675458178481488
12310 0.2675025621535019
12320 0.2674647721181642
12330 0.2674323680360322
12340 0.267405522917265
12350 0.2673842425397648
12360 0.267368467774223
12370 0.2673580463578957
12380 0.2673527205314143
12390 0.2673523729824072
12400 0.26735697740176
12410 0.2673663371084041
12420 0.2673801960899335
12430 0.2673980350128276
12440 0.2674193715363216
12450 0.2674436155707652
12460 0.2674707857637851
12470 0.2675006706071528
12480 0.2675330245399727
12490 0.2675678653256775
12500 0.2676054686266091
12510 0.267646229945008
12520 0.2676907674027291
12530 0.2677389394973108
12540 0.2677904173975533
12550 0.2678450731266091
12560 0.2679026935909376
12570 0.2679624215334471
12580 0.2680240740907017
12590 0.2680871920119723
12600 0.2681508428441762
12610 0.268213941829872
12620 0.268275364354164
12630 0.2683343767169885
12640 0.2683902545432542
12650 0.2684421390024703
12660 0.2684889854066798
12670 0.2685299106886175
12680 0.2685641933024858
12690 0.2685917222441471
12700 0.2686123034449712
12710 0.2686255699962939
12720 0.2686315935270915
12730 0.2686305907788764
12740 0.268623106903115
12750 0.2686091109630187
12760 0.26858870829353
12770 0.2685620274731685
12780 0.2685294890392876
12790 0.2684916375979696
12800 0.2684489283268021
12810 0.2684016986174825
12820 0.2683501067606827
12830 0.2682943462902331
12840 0.2682350403244912
12850 0.2681730445627114
12860 0.2681094269250478
12870 0.2680455115691554
12880 0.2679826736164366
12890 0.2679213666808258
12900 0.2678625976007855
12910 0.2678076554572889
12920 0.2677582535493786
12930 0.2677152191264423
12940 0.2676792667355818
12950 0.2676508779034036
12960 0.2676299662555572
12970 0.2676160591451083
12980 0.2676084922560904
12990 0.2676064555945344
13000 0.2676092160688558
13010 0.2676162057788652
13020 0.2676265591878111
13030 0.2676392518232187
13040 0.267653661591115
13050 0.267669224077439
13060 0.2676850715175273
13070 0.2677004391918598
13080 0.2677148682618509
13090 0.2677277456198445
13100 0.2677387896580637
13110 0.2677478984829501
13120 0.267754758057746
13130 0.2677592362485842
13140 0.2677612342390613
13150 0.267760967157975
13160 0.2677589532206044
13170 0.2677558185135298
13180 0.2677525162359548
13190 0.2677499008971034
13200 0.2677484893173707
13210 0.2677486626926355
13220 0.2677506643820723
13230 0.2677546908999018
13240 0.2677609115220153
13250 0.2677698044513164
13260 0.2677815333287138
13270 0.2677956959202299
13280 0.267812088545576
13290 0.2678313453207872
13300 0.2678543405974949
13310 0.2678814486075544
13320 0.2679127019922617
13330 0.26794796823814
13340 0.2679871718890618
13350 0.2680304107432237
13360 0.2680775824858618
13370 0.2681281245983248
13380 0.2681817425922481
13390 0.2682379278199731
13400 0.268296085269274
13410 0.2683555177507616
13420 0.2684154181912988
13430 0.268475088129907
13440 0.2685342493180785
13450 0.268592695454531
13460 0.2686500817021432
13470 0.2687057755586525
13480 0.2687592647319655
13490 0.2688102009154524
13500 0.2688580380325087
13510 0.2689024660367694
13520 0.2689428544418998
13530 0.2689784737035056
13540 0.2690085033391617
13550 0.269032411043743
13560 0.2690496426276028
13570 0.2690597918316047
13580 0.2690626398591469
13590 0.2690578418960611
13600 0.2690450336886722
13610 0.2690236502401412
13620 0.2689935923941303
13630 0.26895486192282
13640 0.2689068281600218
13650 0.268849485942422
13660 0.2687825985053934
13670 0.2687063971429816
13680 0.2686220196443789
13690 0.2685312444568768
13700 0.2684357613994695
13710 0.2683373637969922
13720 0.2682386337926793
13730 0.2681426290790805
13740 0.2680518295391048
13750 0.2679680459331769
13760 0.2678926441033992
13770 0.2678267801721821
13780 0.2677710488402391
13790 0.2677257128788557
13800 0.2676907582476501
13810 0.2676659026432815
13820 0.267651130124563
13830 0.2676459506306541
13840 0.2676497266717683
13850 0.2676613508267567
13860 0.2676800640705063
13870 0.267705935394494
13880 0.2677387952736064
13890 0.2677782764605224
13900 0.2678237791461709
13910 0.2678747391111186
13920 0.2679304571642953
13930 0.2679901781524153
13940 0.2680531681000241
13950 0.2681186731251687
13960 0.2681859251708636
13970 0.2682544348981082
13980 0.2683237530689573
13990 0.268393616586606
14000 0.2684639115541675
14010 0.2685342336045808
14020 0.2686039915907651
14030 0.2686724647039832
14040 0.2687389424500304
14050 0.2688024777803516
14060 0.268862460106631
14070 0.268918270192033
14080 0.2689697325915433
14090 0.269016640215231
14100 0.2690587358700594
14110 0.2690959572272655
14120 0.2691288943047813
14130 0.2691584944046136
14140 0.2691856221950223
14150 0.2692110892946735
14160 0.2692355542855708
14170 0.2692596871232502
14180 0.2692845204114252
14190 0.2693108887242121
14200 0.269339406379577
14210 0.2693702355507771
14220 0.2694036625456397
14230 0.2694395037406939
14240 0.2694775425389879
14250 0.2695175028330886
14260 0.2695591520722023
14270 0.2696022169899065
14280 0.2696465566342069
14290 0.2696918118573589
14300 0.2697376442599135
14310 0.269784025429984
14320 0.2698307238435811
14330 0.2698775528257458
14340 0.2699243082536595
14350 0.2699709772199034
14360 0.2700175899134155
14370 0.2700640216353705
14380 0.2701101925249709
14390 0.2701562193592447
14400 0.2702020607474125
14410 0.2702474817022026
14420 0.2702920499929625
14430 0.2703354613660113
14440 0.2703770798961599
14450 0.2704164827662894
14460 0.2704530513837333
14470 0.2704862117405443
14480 0.2705154731858102
14490 0.2705403380269811
14500 0.2705606189051178
14510 0.2705762556474619
14520 0.2705870309153742
14530 0.2705932850418495
14540 0.2705950267501931
14550 0.2705921826230289
14560 0.2705845149897304
14570 0.2705720002529136
14580 0.2705548540049918
14590 0.2705336573605326
14600 0.2705089724040852
7010 0.2030899580721233
7020 0.2032661133811141
7030 0.2034445095462733
7040 0.2036250003338178
7050 0.2038076217112879
7060 0.20399233899623
7070 0.2041789748568549
7080 0.2043675790298742
7090 0.2045579943462606
7100 0.2047497649181758
7110 0.2049429684668835
7120 0.2051375305173054
7130 0.2053335826841772
7140 0.2055310344953375
7150 0.2057292818590847
7160 0.2059282720459907
7170 0.2061280238141213
7180 0.2063283491571666
7190 0.20652957877404
7200 0.206731418568226
7220 0.2071363173596821
7230 0.2073394280129563
7240 0.2075433307235176
7250 0.2077475870915603
7260 0.2079515431131213
7270 0.2081549390331187
7280 0.2083577833593951
7290 0.2085603067241814
7300 0.208762454819735
7310 0.2089639776415849
7320 0.2091650729064884
7330 0.2093654441839326
7340 0.2095649265842867
7350 0.2097636088045215
0 0.203645888808776
10 0.203773188851413
20 0.2038078884938641
30 0.2038284115325012
40 0.2038390290967261
50 0.203842527434089
60 0.2038412058523718
70 0.2038368510225291
80 0.203830613914274
90 0.2038233293054079
100 0.203815868004966
110 0.2038084184434198
120 0.2038015790525501
130 0.203795647034084
140 0.2037906111163584
150 0.2037867965561474
160 0.2037839851287456
170 0.2037821071191371
180 0.2037810813327321
190 0.2037812813998755
200 0.2037822944777989
210 0.2037843178728797
220 0.2037871584541951
230 0.2037906282969497
240 0.2037947135640445
250 0.203799595284584
260 0.2038051249618792
270 0.2038113484955373
280 0.2038180914859228
290 0.2038251797610741
300 0.2038329129875961
310 0.2038412330290897
320 0.203850096587618
330 0.2038594007709034
340 0.2038690484720679
350 0.2038789535527613
360 0.2038893265603611
370 0.2039000920130673
380 0.2039111814500813
390 0.2039225097306542
400 0.2039338747846607
410 0.2039455127124744
420 0.2039574401435146
430 0.2039695822992782
440 0.2039818799870429
450 0.2039941881166714
460 0.204006559440761
470 0.2040191780398324
480 0.2040322172694837
490 0.2040454924550981
500 0.204058929429709
510 0.2040724814266342
520 0.2040864582382358
530 0.2041008612099411
540 0.2041156929902548
550 0.2041307684914806
560 0.2041460019690153
570 0.2041617519849932
580 0.2041779299705015
590 0.2041945111640296
600 0.2042113076848498
610 0.2042281472561486
620 0.2042452626185876
630 0.2042627193809183
640 0.204280392151332
650 0.2042981286739106
660 0.2043157854562418
670 0.2043335643762299
680 0.2043515535609551
690 0.2043695437903325
700 0.2043875106963502
710 0.2044054170665874
720 0.2044234705063156
730 0.204441622214185
740 0.2044596540073643
750 0.2044776594406364
760 0.2044958806572482
770 0.2045141247702151
780 0.2045323890922165
790 0.2045507193170099
800 0.2045695135191647
810 0.2045885926291478
820 0.2046077779187425
830 0.2046272439424753
840 0.2046470053826039
850 0.204666857777348
860 0.2046870828991568
870 0.2047078625231212
880 0.2047290904015479
890 0.2047505635428524
900 0.2047723303808771
910 0.2047944129238524
920 0.2048168166165217
930 0.204839566658731
940 0.2048628869462761
950 0.2048865722653642
960 0.2049105747059105
970 0.2049348223057707
980 0.2049593951311448
990 0.2049843327849575
1000 0.2050097521525694
1010 0.2050358248824059
1020 0.2050622745314142
1030 0.2050891500589893
1040 0.2051165917970635
1050 0.2051447435275637
1060 0.2051736678964877
1070 0.2052032783883865
1080 0.2052336273517905
1090 0.2052646479313563
1100 0.2052962970367774
1110 0.205328658369548
1120 0.2053618226425792
1130 0.2053958562925607
1140 0.2054305769431656
1150 0.2054661214363155
1160 0.2055024222890254
1170 0.205539691571131
1180 0.2055778752341746
1190 0.2056169926875913
1200 0.2056570424125186
1210 0.2056979206769269
1220 0.2057395638780601
1230 0.2057820307717989
1240 0.20582546364567
1250 0.2058697429773062
1260 0.2059149821682575
1270 0.205960924861369
1280 0.2060076475823685
1290 0.2060552541268776
1300 0.2061036044481107
1310 0.2061526787658247
1320 0.2062025160119089
1330 0.2062531831797946
1340 0.2063047662039439
1350 0.2063570443828643
1360 0.2064100763681415
1370 0.2064638636704485
1380 0.2065183947147144
1390 0.2065736573995966
1400 0.2066296175905913
1410 0.2066862179666891
1420 0.2067435773984572
1430 0.2068016560653179
1440 0.2068604272776693
1450 0.206919785710276
1460 0.2069795990740542
1470 0.2070398935264033
1480 0.2071006853834146
1490 0.2071619679140331
1500 0.2072237297561942
1510 0.2072859333349156
1520 0.2073486198676482
1530 0.2074116980689563
1540 0.2074750612998061
1550 0.2075388015572586
1560 0.2076025747330507
1570 0.2076664336588513
1580 0.2077303404786311
1590 0.2077943068023142
1600 0.2078582452527678
1610 0.2079221166827292
1620 0.2079859175066638
1630 0.2080495876646993
1640 0.2081130617835892
1650 0.2081762612116194
1660 0.2082392709790361
1670 0.2083020174747604
1680 0.2083644040759403
1690 0.2084264419100268
1700 0.2084881044540382
1710 0.2085492178977375
1720 0.2086096849267519
1730 0.2086696086698033
1740 0.2087290203768564
1750 0.2087877632233615
1760 0.2088457906438232
1770 0.2089029465605964
1780 0.2089591244097251
1790 0.2090144270545736
1800 0.2090689623725796
1810 0.2091223000203451
1820 0.2091744059290548
1830 0.2092251393698285
1840 0.2092745609667928
1850 0.2093228862814801
1860 0.209369879099765
1870 0.2094154986042257
1880 0.2094599155113479
1890 0.2095028060510312
1900 0.2095441576403863
1910 0.2095839584206226
1920 0.209622145964271
1930 0.2096586199515397
1940 0.2096932806874274
1950 0.209726064703577
1960 0.2097568306651728
1970 0.2097858017232313
1980 0.2098129243309915
1990 0.2098382677691844
2000 0.2098619741554171
2010 0.2098839440210516
2020 0.2099041522905482
2030 0.2099223306833626
2040 0.2099383752912855
2050 0.2099526486330121
2060 0.2099648809322875
2070 0.2099747527033795
2080 0.2099822903399827
2090 0.2099873820635061
2100 0.2099899632454461
2110 0.2099900215951599
2120 0.2099877102838232
2130 0.2099831482327289
2140 0.2099761763908009
2150 0.209966737855481
2160 0.2099548087404125
2170 0.2099404466629506
2180 0.2099235487288382
2190 0.2099041633053015
2200 0.2098823428730963
2210 0.2098581141671136
2220 0.209831317386092
2230 0.2098021832827481
2240 0.2097707902072167
2250 0.2097369529380551
2260 0.209700578209509
2270 0.2096614640804744
2280 0.2096196128323483
2290 0.2095749432694457
2300 0.2095274349202494
2310 0.2094770826807522
2320 0.2094239984559196
2330 0.2093681261584439
2340 0.2093093165793582
2350 0.2092475687778287
2360 0.2091829082839147
2370 0.2091152150347572
2380 0.2090443019473666
2390 0.2089701235222838
2400 0.2088928021940542
2410 0.2088124781159138
2420 0.2087290445603023
2430 0.2086427233795027
2440 0.2085538866858986
2450 0.2084629580106292
2460 0.2083702647107644
2470 0.2082761058773064
2480 0.2081806301557554
2490 0.2080838974357654
2500 0.2079861592419908
2510 0.2078876620236168
2520 0.2077885838045994
2530 0.2076889906928741
2540 0.2075887813503554
2550 0.2074875770407166
2560 0.2073850831014012
2570 0.2072810380760008
2580 0.2071753534809849
2590 0.2070677515435848
2600 0.2069580967690801
2610 0.2068461318933305
2620 0.206731892288719
2630 0.206615519465576
2640 0.2064970210647845
2650 0.206376680502909
2660 0.2062547698576799
2670 0.2061315411795627
2680 0.2060073183704708
2690 0.2058826905588575
2700 0.2057584491699013
2710 0.2056350338466077
2720 0.2055124754169832
2730 0.2053911208731757
2740 0.2052711732511963
2750 0.2051525145145391
2760 0.2050349833714918
2770 0.2049186043094519
2780 0.2048029996006111
2790 0.2046878222516826
2800 0.2045728490302353
2810 0.2044579229995469
2820 0.2043429571691674
2830 0.2042280921347625
2840 0.2041135498595326
2850 0.203999567464393
2860 0.2038859412045793
2870 0.2037722173417419
2880 0.2036582258894645
2890 0.2035440279014843
2900 0.2034295372067704
2910 0.2033147688556488
2920 0.2032003921383663
2930 0.203086915336756
2940 0.2029746811007631
2950 0.2028643763838806
2960 0.2027564497719343
2970 0.2026513476740638
2980 0.2025492322305769
2990 0.2024504368420184
3000 0.2023554221149483
3010 0.2022650143097698
3020 0.2021794063939334
3030 0.2020985976991483
3040 0.2020221636252101
3050 0.2019494267692165
3060 0.2018800864892555
3070 0.2018133675145153
3080 0.2017483099696644
3090 0.2016841504576314
3100 0.2016209761184998
3110 0.201559036976574
3120 0.2014982747566572
3130 0.2014388793416471
3140 0.2013812566548431
3150 0.2013261800076377
3160 0.2012740602461987
3170 0.2012247328702519
3180 0.2011781334557843
3190 0.2011343899948669
3200 0.2010946462373615
3210 0.2010591773667157
3220 0.2010280909963399
3230 0.2010010658170345
3240 0.2009779500722016
3250 0.2009586453240769
3260 0.2009432062230471
3270 0.2009317511920017
3280 0.200924528101087
3290 0.2009225613711197
3300 0.2009260741351006
3310 0.2009346388740117
3320 0.2009484919164466
3330 0.2009675703683685
3340 0.2009914102513052
3350 0.2010186751953953
3360 0.2010483012819555
3370 0.201079098434584
3380 0.2011104301722033
3390 0.2011423410387854
3400 0.2011752731804361
3410 0.2012095842278865
3420 0.2012446664003119
3430 0.2012802922944684
3440 0.2013164856223527
3450 0.201353208401982
3460 0.2013906938796055
3470 0.2014291565230056
3480 0.2014684798489991
3490 0.2015084189711298
3500 0.2015486968298292
3510 0.2015892284750324
3520 0.2016301485272275
3530 0.2016715869502122
3540 0.2017132469563649
3550 0.2017550996391164
3560 0.2017975260898032
3570 0.2018411042607779
3580 0.2018871671159167
3590 0.2019352979170351
3600 0.2019849714182193
3610 0.2020370064266312
3620 0.2020918308976938
3630 0.2021495951856248
3640 0.202210158803128
3650 0.2022729410868791
3660 0.202337532227837
3670 0.2024031732006983
3680 0.2024693015568327
3690 0.2025356946887346
3700 0.2026020038903202
3710 0.202667658541886
3720 0.2027325194224349
3730 0.2027965440975912
3740 0.2028602063852382
3750 0.2029234872183621
3760 0.2029858899372543
3770 0.2030472505573724
3780 0.2031072116364351
3790 0.2031659739052558
3800 0.2032234310188453
3810 0.2032792682987924
3820 0.2033337999762049
3830 0.2033868285521743
3840 0.2034385861490481
3850 0.2034890251884297
3860 0.2035379277770586
3870 0.2035849956211105
3880 0.2036298139191143
3890 0.2036720297596086
3900 0.2037111003114072
3910 0.2037465321104144
3920 0.2037773692391366
3930 0.2038030343878646
3940 0.2038231635910235
3950 0.2038382411223842
3960 0.2038482217760124
3970 0.203853279462781
3980 0.2038540362499083
3990 0.2038509751152728
4000 0.2038445979086559
4010 0.2038354208509361
4020 0.2038231867889214
4030 0.2038082551936446
4040 0.2037905267699838
4050 0.203770030296018
4060 0.2037474039860434
4070 0.2037229009400798
4080 0.203696768984089
4090 0.2036690832756442
4100 0.2036398664728069
4110 0.2036096038641913
4120 0.2035783569671355
4130 0.2035461502897131
4140 0.2035131493739084
4150 0.2034800796065155
4160 0.2034473780898457
4170 0.2034141941435671
4180 0.2033798308007397
4190 0.2033441697374634
4200 0.2033071280039678
4210 0.2032684742149003
4220 0.2032285151933923
4230 0.2031873033063821
4240 0.2031450968338692
4250 0.2031023329897225
4260 0.203059164405853
4270 0.2030158545447689
4280 0.2029725867583919
4290 0.2029296041294294
4300 0.2028873345188438
4310 0.2028461518393512
4320 0.2028062721809275
4330 0.2027677330220765
4340 0.2027303668981762
4350 0.2026941367454388
4360 0.2026587822662604
4370 0.2026239523059035
4380 0.2025894959065447
4390 0.2025549860337278
4400 0.2025202136303448
4410 0.2024852702739596
4420 0.2024502627099827
4430 0.202415145514015
4440 0.2023796949709537
4450 0.2023437099685825
4460 0.2023073987128453
4470 0.2022705709127129
4480 0.2022332371807287
4490 0.2021953103504327
4500 0.2021570367861463
4510 0.2021187635503318
4520 0.2020806457881033
4530 0.202042686685949
4540 0.2020046086695494
4550 0.2019665849346458
4560 0.2019286814704716
4570 0.2018906963942461
4580 0.2018526231105006
4590 0.2018144010229577
4600 0.2017761798176187
4610 0.2017382026321772
4620 0.2017003050828004
4630 0.2016623308131312
4640 0.2016241190625398
4650 0.2015857788833565
4660 0.2015475896026649
4670 0.2015095441950386
4680 0.2014715899432234
4690 0.2014334899524246
4700 0.2013953286120997
4710 0.201357600644421
4720 0.2013203457010191
4730 0.2012835886052541
4740 0.2012472745694489
4750 0.2012117996816352
4760 0.2011769717762561
4770 0.2011424879135941
4780 0.2011081417419232
4790 0.2010740021729056
4800 0.2010403100306599
4810 0.2010072467552673
4820 0.2009743961384623
4830 0.2009412845181862
4840 0.2009075661805127
4850 0.2008727568338343
4860 0.2008364942929776
4870 0.2007992660656388
4880 0.2007607997992913
4890 0.2007210833464465
4900 0.2006798644453537
4910 0.2006370413370298
4920 0.2005930564051917
4930 0.2005484813149425
4940 0.2005037372892612
4950 0.2004592834249123
4960 0.2004151970195066
4970 0.2003711407403599
4980 0.2003267252050883
4990 0.2002812503164547
5000 0.2002338213850041
5010 0.2001834877652155
5020 0.2001295093256783
5030 0.2000708840143208
5040 0.2000065536219914
5050 0.199935959512411
5060 0.199859415006564
5070 0.1997779731044679
5080 0.1996927453922491
5090 0.1996046199324299
5100 0.1995153255579439
5110 0.1994261512277404
5120 0.1993378524521718
5130 0.1992506875145819
5140 0.1991647367950291
5150 0.1990788078693177
5160 0.1989918050258916
5170 0.1989023807302409
5180 0.1988092738948911
5190 0.1987111000427973
5200 0.1986062395737012
5210 0.1984935261366873
5220 0.1983736956957783
5230 0.1982477479631427
5240 0.1981168022983484
5250 0.1979804225539634
5260 0.1978385863199804
5270 0.197691357475728
5280 0.1975386649968467
5290 0.1973809450906344
5300 0.1972186221755889
5310 0.1970519258765343
5320 0.196880951784181
5330 0.1967090569450476
5340 0.1965377638662524
5350 0.1963665805503651
5360 0.1961961453504988
5370 0.1960274488562563
5380 0.1958607075861485
5390 0.1956957051033172
5400 0.1955338319281535
5410 0.1953760792110903
5420 0.1952203454888657
5430 0.1950662493345535
5440 0.1949141675528246
5450 0.1947668383798282
5460 0.194624940412968
5470 0.1944884816295218
5480 0.1943572282387395
5490 0.1942304077743848
5500 0.1941070924916908
5510 0.1939866142106424
5520 0.1938707785470401
5530 0.1937600091441226
5540 0.1936535077707202
5550 0.1935506737886092
5560 0.1934532184781397
5570 0.1933607479458625
5580 0.1932747898037674
5590 0.1931963441028996
5600 0.1931258718395316
5610 0.1930627496308199
5620 0.1930062945651308
5630 0.1929547214738953
5640 0.1929064503580075
5650 0.1928611681736919
5660 0.1928189000609111
5670 0.192778900314845
5680 0.1927415572718111
5690 0.1927059687971561
5700 0.1926703519536582
5710 0.1926341824599709
5720 0.1925982988243603
5730 0.1925632552023942
5740 0.1925296145660501
5750 0.1924960449460964
5760 0.1924622555147141
5770 0.192428261992022
5780 0.1923933252978536
5790 0.192357091922482
5800 0.1923205693414677
5810 0.1922838700900613
5820 0.1922482908445405
5830 0.1922152480828785
5840 0.1921864547762663
5850 0.1921643455043334
5860 0.1921500139384962
5870 0.1921438560275741
5880 0.1921464171311008
5890 0.1921569701785221
5900 0.1921745219777322
5910 0.1921982490932643
5920 0.1922275373955055
5930 0.1922622353763503
5940 0.1923016854578453
5950 0.1923442746245841
5960 0.1923890092993018
5970 0.1924344170136386
5980 0.1924794996589524
5990 0.1925236164412054
6000 0.1925672164925859
6010 0.1926115543622904
6020 0.19265690786934
6030 0.1927033720339832
6040 0.1927526718335588
6050 0.1928062739916483
6060 0.1928641835812661
6070 0.1929265525737584
6080 0.1929935185219864
6090 0.1930650824593742
6100 0.1931414338091406
6110 0.1932229167801257
6120 0.1933094799312632
6130 0.193400940172493
6140 0.1934971178337347
6150 0.1935976151155593
6160 0.1937018831488174
6170 0.1938095874413539
6180 0.1939197419148441
6190 0.194030553554031
6200 0.1941426948823825
6210 0.1942554327908149
6220 0.1943682101023579
6230 0.1944803887305037
6240 0.1945917532382354
6250 0.1947020029346798
6260 0.1948110881005791
6270 0.1949185188567653
6280 0.1950251191004028
6290 0.1951310086712348
6300 0.1952363554522334
6310 0.1953411756971054
6320 0.1954447162758803
6330 0.1955469326245802
6340 0.1956478216218193
6350 0.1957476567442632
6360 0.195846530407764
6370 0.1959446480776064
6380 0.1960420668249497
6390 0.1961386631889385
6400 0.1962343135219654
6410 0.196329109848672
6420 0.196422891651241
6430 0.1965152475271062
6440 0.1966066965686455
6450 0.1966971442155004
6460 0.1967866515984024
6470 0.1968750790926744
6480 0.1969620645724361
6490 0.1970476206582688
6500 0.1971317888270809
6510 0.1972148295415389
6520 0.197297147056044
6530 0.1973791703263329
6540 0.1974611407235486
6550 0.1975434896718473
6560 0.1976265699980919
6570 0.1977111138897253
6580 0.1977975573798592
6590 0.1978858125271395
6600 0.1979759454594136
6610 0.1980675820274667
6620 0.1981607539023596
6630 0.1982554697966072
6640 0.1983518651935187
6650 0.198449641792653
6660 0.1985490725526658
6670 0.198650105407997
6680 0.1987529100999408
6690 0.1988574991492343
6700 0.1989640448059572
6710 0.1990726092709062
6720 0.1991834647181011
6730 0.1992965459890731
6740 0.1994116488256021
6750 0.1995287059600668
6760 0.1996471286795409
6770 0.1997664721411641
6780 0.1998863726658677
6790 0.2000068522392938
6800 0.2001278687679292
6810 0.2002492580248662
6820 0.2003704244327911
6830 0.2004915084439556
6840 0.200613051778924
6850 0.20073541827677
6860 0.2008593805749063
6870 0.20098511781701
6880 0.2011128129050399
6890 0.201242918676959
6900 0.2013757231330644
6910 0.2015117110721307
6920 0.2016513736922981
6930 0.2017950574996599
6940 0.2019427450873404
6950 0.2020946038013515
6960 0.2022508841365514
6970 0.2024116113406733
6980 0.2025763000974312
6990 0.2027446685536487
7000 0.2029159930802593
7010 0.203089937177848
7020 0.2032661017324331
7030 0.2034444935476438
7040 0.2036249952850775
7050 0.2038076199785993
7060 0.2039923447035132
7070 0.2041790005109721
7080 0.2043675725857878
7090 0.2045579921961406
7100 0.2047497646473583
7110 0.2049429624141216
7120 0.2051375205779905
7130 0.2053335963414206
7140 0.2055310270833162
7150 0.2057293116421462
7160 0.2059282814732701
7170 0.2061280399869785
7180 0.2063283542180986
7190 0.206529589193178
7200 0.2067314214731676
