"Time Step" "point-tau_vm-d"
21210 11.11639785766602
21220 17.03308486938477
21230 19.11735916137695
21240 9.433677673339844
21250 11.94461822509766
21260 26.02730941772461
21270 11.4970235824585
21280 16.07550430297852
21290 13.42998218536377
21300 9.472238540649414
21310 6.175268173217773
21320 38.99881744384766
21330 47.26763916015625
21340 29.33878135681152
21350 22.74526977539062
21360 25.33893966674805
21370 21.66658401489258
21380 15.82126045227051
21390 23.43096351623535
21400 32.78800964355469
21410 18.38142395019531
21420 12.19428539276123
21430 17.00253677368164
21440 13.06516075134277
21450 17.94676971435547
21460 17.56882858276367
21470 9.423734664916992
21480 16.77566909790039
21490 10.1852560043335
21500 9.827629089355469
21510 10.82882690429688
21520 17.36422729492188
21530 16.67502403259277
21540 14.12829399108887
21550 15.06316757202148
21560 11.15840530395508
21570 6.007894992828369
21580 8.643067359924316
21590 5.743110656738281
21600 6.028396606445312
21610 8.844797134399414
21620 18.93239212036133
21630 17.85841369628906
21640 11.27136325836182
21650 15.79361915588379
21660 9.926694869995117
21670 12.85024642944336
21680 21.59207916259766
21690 12.03333568572998
21700 7.759756088256836
21710 20.46600723266602
21720 21.7100715637207
21730 8.588338851928711
21740 5.577085494995117
21750 13.57460784912109
21760 21.53307723999023
21770 47.33811950683594
21780 18.34462738037109
21790 16.37666130065918
21800 22.93793869018555
21810 32.39344024658203
21820 18.72670745849609
21830 11.77027988433838
21840 12.27130317687988
21850 9.708328247070312
21860 17.9807186126709
21870 17.64550399780273
21880 11.24911785125732
21890 8.764067649841309
21900 11.03691673278809
21910 6.873825550079346
21920 10.84019565582275
21930 11.24851226806641
21940 14.48646926879883
21950 8.413337707519531
21960 9.262066841125488
21970 19.18287658691406
21980 16.40028762817383
21990 11.39749336242676
22000 16.3286018371582
22010 12.76083374023438
22020 13.62659454345703
22030 23.03942108154297
22040 26.16619873046875
22050 11.86372947692871
22060 15.16951847076416
22070 23.50627136230469
22080 21.51947021484375
22090 17.82908058166504
22100 10.06676292419434
22110 21.23728561401367
22120 11.68090438842773
22130 13.32612323760986
22140 21.7224235534668
22150 9.088506698608398
22160 11.31615734100342
22170 13.33184242248535
22180 20.7257194519043
22190 8.251950263977051
22200 12.81487083435059
22210 21.90203094482422
22220 27.57369995117188
22230 13.71945190429688
22240 15.17141151428223
22250 9.006629943847656
22260 17.89972305297852
22270 13.56514549255371
22280 15.0132884979248
22290 15.78759098052979
22300 21.49716186523438
22310 11.78328895568848
22320 14.6391487121582
22330 7.429372787475586
22340 4.353406429290771
22350 11.65758895874023
22360 17.14023590087891
22370 7.613815307617188
22380 11.07701301574707
22390 23.02811050415039
22400 23.18400955200195
22410 29.48032760620117
22420 17.92761993408203
22430 11.69238471984863
22440 11.83850193023682
22450 6.540474414825439
22460 8.802751541137695
22470 11.82728385925293
22480 14.54923057556152
22490 8.930517196655273
22500 9.364059448242188
22510 10.22603797912598
22520 10.79046249389648
22530 22.9774112701416
22540 39.30754089355469
22550 46.37847900390625
22560 20.75500106811523
22570 19.57534027099609
22580 33.77324676513672
22590 14.74481773376465
22600 9.582485198974609
22610 18.32272720336914
22620 18.94705009460449
22630 9.581260681152344
22640 6.535732746124268
22650 13.06093311309814
22660 9.396650314331055
22670 7.670476913452148
22680 8.654273986816406
22690 10.36095905303955
22700 9.574740409851074
22710 11.46137142181396
22720 11.9177360534668
22730 20.92447662353516
22740 14.97715377807617
22750 14.30466270446777
22760 10.69102096557617
22770 9.539200782775879
22780 14.20147705078125
22790 8.938871383666992
22800 5.736078262329102
22810 11.44208335876465
22820 18.62013626098633
22830 9.43497371673584
22840 9.229135513305664
22850 14.34245681762695
22860 5.27561092376709
22870 10.62801647186279
22880 9.633485794067383
22890 11.74718856811523
22900 11.67748546600342
22910 13.79946136474609
22920 13.79841041564941
22930 16.86213302612305
22940 29.37606239318848
22950 34.57416915893555
22960 52.56251525878906
22970 24.82867431640625
22980 20.16449165344238
22990 15.20796966552734
23000 15.59603404998779
23010 26.35633087158203
23020 26.39067840576172
23030 9.298495292663574
23040 7.790896892547607
23050 16.46927642822266
23060 10.48867893218994
23070 9.319805145263672
23080 13.63639831542969
23090 25.48430061340332
23100 10.54955577850342
23110 28.40828132629395
23120 12.84915351867676
23130 17.13088607788086
23140 7.004961013793945
23150 19.34852600097656
23160 15.02950859069824
23170 10.95421409606934
23180 9.43982982635498
23190 8.196969032287598
23200 7.518364906311035
23210 8.841745376586914
23220 16.3882884979248
23230 10.56087684631348
23240 8.497104644775391
23250 14.50014781951904
23260 27.14846801757812
23270 19.09975814819336
23280 9.37457275390625
23290 22.71767616271973
23300 12.19009017944336
23310 8.18035888671875
23320 8.201079368591309
23330 14.57684516906738
23340 13.45256519317627
23350 5.818488597869873
23360 7.395699501037598
23370 11.54525947570801
23380 9.891870498657227
23390 22.79212760925293
23400 18.94682312011719
23410 10.77577781677246
23420 17.20426750183105
23430 11.19052314758301
23440 11.64698886871338
23450 12.51435661315918
23460 12.99094772338867
23470 19.19376754760742
23480 16.42642974853516
23490 8.933135032653809
23500 6.548770904541016
23510 11.57997131347656
23520 12.22152233123779
23530 9.528996467590332
23540 13.53362846374512
23550 9.739938735961914
23560 12.7949047088623
23570 15.31132507324219
23580 15.80992603302002
23590 14.66652488708496
23600 18.86850547790527
23610 16.5832462310791
23620 11.09350490570068
23630 11.98107242584229
23640 10.63009738922119
23650 13.3736743927002
23660 10.57271003723145
23670 11.26500606536865
23680 13.11388778686523
23690 6.735885143280029
23700 13.04532432556152
23710 14.21135330200195
23720 16.77072143554688
23730 27.39072036743164
23740 50.4076042175293
23750 22.21649742126465
23760 17.06246948242188
23770 17.53717041015625
23780 28.45561790466309
23790 11.95906162261963
23800 28.48949432373047
23810 9.003471374511719
23820 22.9654369354248
23830 14.69202423095703
23840 16.90720367431641
23850 8.742707252502441
23860 8.748798370361328
23870 13.06068992614746
23880 17.62727355957031
23890 19.32594680786133
23900 15.22858142852783
23910 17.17284774780273
23920 21.75970458984375
23930 33.20469284057617
23940 22.68632507324219
23950 23.51097106933594
23960 13.95458793640137
23970 12.14873313903809
23980 19.28721618652344
23990 14.70792865753174
24000 20.34623336791992
15410 15.95858955383301
15420 14.52060413360596
15430 12.58862686157227
15440 14.82373714447021
15450 11.12578964233398
15460 17.05326461791992
15470 16.6383171081543
15480 10.83920097351074
15490 8.581510543823242
15500 7.26117992401123
15510 6.182415962219238
15520 24.44549751281738
15530 11.48396492004395
15540 18.31598281860352
15550 7.132584571838379
15560 7.839813232421875
15570 11.00900268554688
15580 13.76910209655762
15590 8.730786323547363
15600 11.02671051025391
15610 11.13823318481445
15620 9.681553840637207
15630 14.58847332000732
15640 15.6234130859375
15650 31.03845977783203
15660 17.08784484863281
15670 17.7131233215332
15680 12.32980537414551
15690 13.56397819519043
15700 11.95496368408203
15710 12.50233459472656
15720 9.188648223876953
15730 13.98934936523438
15740 11.1628360748291
15750 11.79478454589844
15760 22.93820190429688
15770 21.75285339355469
15780 26.65412902832031
15790 16.54994010925293
15800 21.54107284545898
15810 17.28296089172363
15820 14.16178512573242
15830 9.531723022460938
15840 14.87222385406494
15850 22.2513370513916
15860 20.46574401855469
15870 11.67824745178223
15880 15.36605739593506
15890 8.676482200622559
15900 9.213645935058594
15910 20.2281379699707
15920 14.28999996185303
15930 13.47063064575195
15940 13.84338760375977
15950 12.58139801025391
15960 8.554189682006836
15970 14.75055885314941
15980 12.85059928894043
15990 12.08856868743896
16000 7.170466423034668
16010 3.190120458602905
16020 7.736621856689453
16030 19.67292213439941
16040 29.90322113037109
16050 9.418912887573242
16060 17.24486541748047
16070 20.22378158569336
16080 13.94594192504883
16090 15.61496925354004
16100 21.78814697265625
16110 18.1254997253418
16120 14.2283296585083
16130 13.71002388000488
16140 28.04370880126953
16150 30.49707794189453
16160 12.75690269470215
16170 23.37390327453613
16180 19.97214126586914
16190 28.66548156738281
16200 22.81381225585938
16210 12.48101806640625
16220 15.22580623626709
16230 19.4632568359375
16240 16.25018501281738
16250 8.805023193359375
16260 15.39633464813232
16270 14.2417163848877
16280 25.76620101928711
16290 28.45886039733887
16300 27.11552810668945
16310 18.58514785766602
16320 9.008373260498047
16330 30.62925338745117
16340 15.74524307250977
16350 12.04468727111816
16360 9.740766525268555
16370 14.02503204345703
16380 13.86349868774414
16390 14.5957145690918
16400 7.789305686950684
16410 7.529741764068604
16420 14.24784755706787
16430 29.68647003173828
16440 14.86872482299805
16450 15.58134746551514
16460 16.50217819213867
16470 17.42700576782227
16480 12.41140937805176
16490 23.39684295654297
16500 13.60655498504639
16510 13.41285133361816
16520 20.69911003112793
16530 20.38125228881836
16540 32.38155364990234
16550 53.02497100830078
16560 24.87710952758789
16570 19.5552978515625
16580 24.97913551330566
16590 13.97057437896729
16600 11.92381572723389
16610 23.5503044128418
16620 24.32627487182617
16630 22.6650390625
16640 12.99506950378418
16650 9.457027435302734
16660 11.50429058074951
16670 10.02600288391113
16680 13.53178405761719
16690 13.1035327911377
16700 27.88998031616211
16710 18.1456413269043
16720 17.97227478027344
16730 10.88144874572754
16740 16.66346549987793
16750 9.907732963562012
16760 8.277778625488281
16770 5.61002254486084
16780 20.11040115356445
16790 17.63167572021484
16800 28.25764656066895
16810 14.46558284759521
16820 24.30240249633789
16830 11.39799690246582
16840 8.764476776123047
16850 7.098031997680664
16860 9.594474792480469
16870 19.55001640319824
16880 10.96517181396484
16890 13.32430267333984
16900 11.97872638702393
16910 12.45435047149658
16920 12.52558708190918
16930 33.35590362548828
16940 19.57179641723633
16950 12.23514938354492
16960 17.87189102172852
16970 11.95413780212402
16980 10.33704376220703
16990 22.24473571777344
17000 18.50571441650391
17010 9.974445343017578
17020 10.40417861938477
17030 19.73164749145508
17040 10.14763259887695
17050 16.90664863586426
17060 19.24292373657227
17070 10.13078022003174
17080 13.02384281158447
17090 18.73927688598633
17100 7.046936988830566
17110 11.03049087524414
17120 23.26366996765137
17130 25.95663833618164
17140 26.79873275756836
17150 19.07549667358398
17160 11.25584411621094
17170 13.73651504516602
17180 18.02824783325195
17190 25.43875503540039
17200 18.90188407897949
17210 9.77210807800293
17220 8.214206695556641
17230 12.65775489807129
17240 8.954352378845215
17250 10.11758232116699
17260 10.53072166442871
17270 11.36063385009766
17280 8.782917022705078
17290 9.103155136108398
17300 9.310882568359375
17310 24.55972671508789
17320 20.82341957092285
17330 20.02164077758789
17340 16.18204307556152
17350 30.05365371704102
17360 27.64558410644531
17370 16.92222213745117
17380 7.410820484161377
17390 20.01856231689453
17400 11.49331855773926
17410 16.94824981689453
17420 17.49613571166992
17430 20.17382621765137
17440 21.95608520507812
17450 10.21980857849121
17460 15.46197891235352
17470 15.74266147613525
17480 13.96533489227295
17490 10.70067405700684
17500 16.47022438049316
17510 10.1013650894165
17520 11.19703388214111
17530 9.995567321777344
17540 10.30363845825195
17550 12.90925407409668
17560 19.97118759155273
17570 15.57446956634521
17580 10.24682998657227
17590 8.17913818359375
17600 10.69060707092285
17610 11.87246513366699
17620 15.82347679138184
17630 6.552845001220703
17640 8.314062118530273
17650 8.995138168334961
17660 10.70960330963135
17670 7.53057861328125
17680 7.795530319213867
17690 8.59211254119873
17700 10.58216094970703
17710 15.26002502441406
17720 14.30803108215332
17730 20.46324157714844
17740 22.72309684753418
17750 28.73075485229492
17760 19.982177734375
17770 11.8502254486084
17780 20.79129600524902
17790 17.2630558013916
17800 20.77151298522949
17810 30.44918060302734
17820 19.08248138427734
17830 24.20809745788574
17840 18.08442497253418
17850 18.43198394775391
17860 14.61815071105957
17870 8.42188835144043
17880 15.18779754638672
17890 15.12566184997559
17900 15.67979907989502
17910 20.50466918945312
17920 12.5090503692627
17930 18.69020462036133
17940 12.12448883056641
17950 13.8360071182251
17960 8.728719711303711
17970 19.23038101196289
17980 15.71036338806152
17990 11.61482524871826
18000 11.10877895355225
18010 25.56221389770508
18020 15.72397708892822
18030 10.77575016021729
18040 22.0729866027832
18050 13.19853401184082
18060 10.24985408782959
18070 10.06259346008301
18080 7.096037864685059
18090 8.26905345916748
18100 7.941509246826172
18110 9.841955184936523
18120 17.41653060913086
18130 22.88944625854492
18140 27.53141021728516
18150 23.8455810546875
18160 20.95558738708496
18170 25.02466583251953
18180 11.99823760986328
18190 17.35006141662598
18200 19.30811309814453
18210 11.89573287963867
18220 20.4500846862793
18230 26.81495666503906
18240 10.95179748535156
18250 29.36802673339844
18260 28.3698844909668
18270 13.77023601531982
18280 14.05518245697021
18290 15.81869697570801
18300 9.402639389038086
18310 15.73168659210205
18320 10.32416534423828
18330 12.0394868850708
18340 7.922719478607178
18350 4.981805801391602
18360 9.945930480957031
18370 9.219547271728516
18380 17.52652168273926
18390 11.46035957336426
18400 20.81285858154297
18410 17.13379669189453
18420 23.82875442504883
18430 11.22841453552246
18440 9.791217803955078
18450 19.50873565673828
18460 15.96842098236084
18470 22.82842254638672
18480 18.87207984924316
18490 14.70912742614746
18500 17.61716079711914
18510 31.71779251098633
18520 23.77961158752441
18530 24.16107559204102
18540 19.61563110351562
18550 20.3796272277832
18560 17.82340812683105
18570 18.31873321533203
18580 16.21836090087891
18590 19.92390060424805
18600 23.21247863769531
18610 13.61441612243652
18620 14.39542579650879
18630 12.06320381164551
18640 11.38113784790039
18650 10.32577514648438
18660 13.29671669006348
18670 7.970093727111816
18680 11.00333595275879
18690 21.81057357788086
18700 17.35297393798828
18710 9.635711669921875
18720 11.75090408325195
18730 15.04374122619629
18740 17.66308784484863
18750 12.02028656005859
18760 5.430412292480469
18770 10.19578456878662
18780 19.80379867553711
18790 17.41138076782227
18800 10.55953598022461
18810 13.409348487854
18820 10.99374103546143
18830 9.40069580078125
18840 12.90681743621826
18850 15.5872631072998
18860 20.84062957763672
18870 13.83817195892334
18880 14.50137138366699
18890 14.53269195556641
18900 17.17607879638672
18910 15.0182523727417
18920 9.237751007080078
18930 16.94892120361328
18940 6.809979438781738
18950 16.19663238525391
18960 9.727437973022461
18970 15.71654891967773
18980 13.3222017288208
18990 15.27806663513184
19000 16.90195846557617
19010 10.3870677947998
19020 18.7687931060791
19030 10.63076591491699
19040 13.59550094604492
19050 8.439665794372559
19060 13.66456413269043
19070 19.02874374389648
19080 21.02514266967773
19090 19.11415481567383
19100 38.82846832275391
19110 17.3114013671875
19120 15.85199546813965
19130 17.13993835449219
19140 13.02752685546875
19150 23.37049102783203
19160 11.16935729980469
19170 9.211645126342773
19180 12.54522132873535
19190 10.87684440612793
19200 10.34509944915771
19210 13.16812515258789
19220 5.021281242370605
19230 7.842401027679443
19240 7.103171348571777
19250 7.611623764038086
19260 16.25321769714355
19270 16.72548294067383
19280 13.55085277557373
19290 16.19330978393555
19300 17.24106979370117
19310 16.95060348510742
19320 17.40112686157227
19330 18.07111167907715
19340 20.22093200683594
19350 21.28361320495605
19360 31.58263969421387
19370 17.94353866577148
19380 11.87254333496094
19390 9.135431289672852
19400 12.02702331542969
19410 11.61672973632812
19420 17.64388084411621
19430 11.98077964782715
19440 14.02492332458496
19450 8.521991729736328
19460 13.44986820220947
19470 15.31455898284912
19480 9.931243896484375
19490 14.53294372558594
19500 21.12282943725586
19510 16.05682373046875
19520 14.29642200469971
19530 10.93076229095459
19540 12.26226234436035
19550 11.04692077636719
19560 14.32316398620605
19570 13.81691932678223
19580 9.107932090759277
19590 4.09025764465332
19600 8.760188102722168
19610 14.0142936706543
19620 14.31276512145996
19630 7.395402908325195
19640 9.782424926757812
19650 12.36189651489258
19660 19.52267837524414
19670 20.56938934326172
19680 19.64042091369629
19690 20.54484939575195
19700 19.70739936828613
19710 21.6403751373291
19720 18.2840461730957
19730 14.61583137512207
19740 9.498186111450195
19750 19.17122840881348
19760 19.06792068481445
19770 14.45513343811035
19780 12.86520957946777
19790 23.24755096435547
19800 18.16233444213867
19810 12.94166660308838
19820 7.739429950714111
19830 10.4365758895874
19840 11.5047607421875
19850 15.24485778808594
19860 12.07194900512695
19870 10.95853042602539
19880 12.04166889190674
19890 8.897424697875977
19900 7.133185863494873
19910 8.132411956787109
19920 10.17723655700684
19930 8.732894897460938
19940 3.893110275268555
19950 7.704262256622314
19960 7.010857582092285
19970 10.96716117858887
19980 9.494268417358398
19990 10.42356395721436
20000 14.93849182128906
20010 20.43722915649414
20020 11.15866279602051
20030 9.265647888183594
20040 9.582178115844727
20050 8.142203330993652
20060 7.098197937011719
20070 11.35103034973145
20080 10.07691097259521
20090 9.8477783203125
20100 17.88579559326172
20110 18.9411506652832
20120 13.85167503356934
20130 15.93618965148926
20140 30.54126358032227
20150 21.29681396484375
20160 17.74284172058105
20170 8.627042770385742
20180 19.24755859375
20190 21.45100021362305
20200 17.00773620605469
20210 25.72871780395508
20220 16.82145690917969
20230 13.33012008666992
20240 25.69416427612305
20250 12.69194602966309
20260 12.10831451416016
20270 15.37999153137207
20280 7.658191204071045
20290 8.986142158508301
20300 9.726200103759766
20310 19.11457824707031
20320 14.01366424560547
20330 9.50283145904541
20340 10.59479331970215
20350 8.530906677246094
20360 6.431666374206543
20370 7.272551536560059
20380 10.12983894348145
20390 10.09671783447266
20400 11.40243721008301
20410 14.19581699371338
20420 9.621217727661133
20430 13.33585548400879
20440 9.2440185546875
20450 9.048433303833008
20460 8.589779853820801
20470 10.53857803344727
20480 13.04995346069336
20490 5.791142463684082
20500 10.48989391326904
20510 18.47089004516602
20520 25.6269588470459
20530 26.9167366027832
20540 19.24421691894531
20550 15.94483089447021
20560 19.28000831604004
20570 16.82268142700195
20580 23.74563598632812
20590 22.44772338867188
20600 13.01226234436035
20610 14.97025871276855
20620 9.184053421020508
20630 12.30213928222656
20640 11.36623573303223
20650 16.81217193603516
20660 12.57581329345703
20670 18.06682205200195
20680 26.62055969238281
20690 13.92284965515137
20700 9.672100067138672
20710 18.20788955688477
20720 14.09797477722168
20730 14.73799133300781
20740 7.934755325317383
20750 13.05730819702148
20760 19.60769271850586
20770 17.16244888305664
20780 14.748366355896
20790 14.62575912475586
20800 24.09430313110352
20810 26.52949905395508
20820 20.36775779724121
20830 18.39814186096191
20840 9.523369789123535
20850 16.3065299987793
20860 9.121513366699219
20870 9.904220581054688
20880 12.57860565185547
20890 19.43762016296387
20900 16.72132110595703
20910 11.55688571929932
20920 10.33908462524414
20930 22.18993759155273
20940 24.59303665161133
20950 15.94365215301514
20960 10.90943717956543
20970 23.75802230834961
20980 25.55831527709961
20990 12.28572273254395
21000 16.88249015808105
21010 16.96342849731445
21020 14.95611476898193
21030 8.944095611572266
21040 13.18430614471436
21050 8.65178108215332
21060 15.32558822631836
21070 13.43350219726562
21080 17.27910041809082
21090 12.12051773071289
21100 13.15955543518066
21110 8.213526725769043
21120 12.94120216369629
21130 25.88398742675781
21140 19.45400619506836
21150 10.93828678131104
21160 9.987957000732422
21170 10.72845649719238
21180 18.66706466674805
21190 18.39745330810547
21200 11.04802131652832
21250 11.94461631774902
21260 26.02731132507324
21270 11.49702835083008
21290 13.42998313903809
21300 9.47224235534668
21310 6.175268650054932
21320 38.99942779541016
21330 47.26839447021484
21340 29.33850860595703
21350 22.74546813964844
21360 25.33996963500977
21370 21.66710662841797
21380 15.82126331329346
14610 14.53674411773682
14620 18.35673332214355
14630 26.0158863067627
14640 14.95019912719727
14650 13.99166870117188
14660 8.810459136962891
14670 9.15144157409668
14680 15.50903129577637
14690 15.35331058502197
14700 20.85312271118164
14710 11.10039901733398
14720 11.8674373626709
14730 5.765773296356201
14740 7.452005386352539
14750 6.246657371520996
14760 6.580253124237061
14770 11.3573112487793
14780 13.18130111694336
14790 4.759798526763916
14800 11.3635425567627
14810 15.12647247314453
14820 16.32817840576172
14830 19.85921096801758
14840 21.08579254150391
14850 18.27643585205078
14860 13.76752853393555
14870 22.00081253051758
14880 20.99618911743164
14890 26.38112831115723
14900 17.12386131286621
14910 12.78397560119629
14920 27.94637298583984
14930 40.3706169128418
14940 48.93372344970703
14950 21.85635375976562
14960 16.56059646606445
14970 13.38667297363281
14980 21.02288436889648
14990 25.92055130004883
15000 17.58014297485352
15010 18.32390022277832
15020 14.74009704589844
15030 10.54087066650391
15040 17.74424362182617
15050 19.01727867126465
15060 16.43463134765625
15070 23.73280715942383
15080 14.53481197357178
15090 9.607933044433594
15100 8.831304550170898
15110 10.92438507080078
15120 15.10845279693604
15130 8.116022109985352
15140 9.531493186950684
15150 10.27719688415527
15160 17.61919403076172
15170 10.32669639587402
15180 8.016659736633301
15190 3.153353691101074
15200 8.6168212890625
15210 13.81097602844238
15220 21.26107025146484
15230 31.94324111938477
15240 21.65927886962891
15250 7.01872730255127
15260 7.524444103240967
15270 11.95278549194336
15280 8.809886932373047
15290 9.052581787109375
15300 11.52425765991211
15310 9.970205307006836
15320 8.263998031616211
15330 15.78288650512695
15340 33.1170654296875
15350 32.89582061767578
15360 22.59710693359375
15370 13.24577331542969
15380 14.15366363525391
15390 25.90251922607422
15400 26.12989807128906
7210 11.54380035400391
7220 8.668393135070801
7230 12.8138427734375
7240 21.59892272949219
7250 27.52771759033203
7260 12.37456512451172
7270 12.74073219299316
7280 12.75502586364746
7290 13.29902458190918
7300 9.738730430603027
7310 12.51256370544434
7320 21.80614852905273
7330 30.31977653503418
7340 29.63139724731445
7350 15.83375549316406
7360 29.6647777557373
7370 32.07223510742188
7380 30.33486175537109
7390 9.596990585327148
7400 14.48321437835693
7410 16.60207366943359
7420 21.09558296203613
7430 14.98896408081055
7440 10.83279800415039
7450 15.2382116317749
7460 24.12815856933594
7470 29.52053451538086
7480 15.809889793396
7490 14.22056579589844
7500 14.33525466918945
7510 12.05476379394531
7520 9.505940437316895
7530 8.441041946411133
7540 13.75729942321777
7550 19.51341438293457
7560 17.22993087768555
7570 27.65419960021973
7580 14.85738563537598
7590 10.6874828338623
7600 16.16373062133789
7610 12.20685482025146
7620 15.13328742980957
7630 9.12247371673584
7640 7.842875957489014
7650 10.38538646697998
7660 8.74907112121582
7670 7.501104354858398
7680 13.2421760559082
7690 17.10261535644531
7700 13.37325096130371
7710 17.15597915649414
7720 13.35378074645996
7730 25.9365348815918
7740 14.75040245056152
7750 19.75156784057617
7760 18.94901275634766
7770 21.3971004486084
7780 34.84552001953125
7790 21.18825149536133
7800 10.8800048828125
7810 12.88025951385498
7820 19.33758544921875
7830 16.64491653442383
7840 16.48480796813965
7850 10.13172912597656
7860 16.90316963195801
7870 14.79819107055664
7880 14.23075675964355
7890 10.43347358703613
7900 10.02588272094727
7910 11.5648136138916
7920 7.397117137908936
7930 10.78033828735352
7940 12.60040283203125
7950 9.302846908569336
7960 8.216856002807617
7970 9.331501960754395
7980 8.127866744995117
7990 8.693740844726562
8000 11.14177894592285
8010 14.33734703063965
8020 18.43777847290039
8030 11.96552848815918
8040 16.58061790466309
8050 6.772749423980713
8060 8.326972007751465
8070 13.55196571350098
8080 13.35216522216797
8090 14.45253276824951
8100 14.07911491394043
8110 21.20847702026367
8120 22.46481323242188
8130 17.37825393676758
8140 19.10464477539062
8150 39.61075592041016
8160 16.75830459594727
8170 13.72110366821289
8180 13.95268821716309
8190 22.68585586547852
8200 23.54385566711426
8210 32.10763549804688
8220 20.94184112548828
8230 9.598552703857422
8240 10.63730621337891
8250 11.18977069854736
8260 8.896482467651367
8270 11.26967430114746
8280 14.82259559631348
8290 16.2657585144043
8300 14.84902191162109
8310 8.701267242431641
8320 9.093528747558594
8330 8.631141662597656
8340 8.684022903442383
8350 11.53666496276855
8360 9.968950271606445
8370 5.824473857879639
8380 11.65781593322754
8390 16.13945770263672
8400 22.61332511901855
8410 14.53196907043457
8420 5.810281753540039
8430 8.514507293701172
8440 14.85976028442383
8450 17.37321472167969
8460 12.69802474975586
8470 13.46378898620605
8480 7.092430114746094
8490 15.0430154800415
8500 17.25008964538574
8510 9.419307708740234
8520 14.32830905914307
8530 11.18479251861572
8540 17.62984848022461
8550 21.7103157043457
8560 17.21945571899414
8570 17.67605018615723
8580 23.6153564453125
8590 20.32542610168457
8600 32.81608963012695
8610 14.52656078338623
8620 13.49197769165039
8630 22.14308738708496
8640 24.38780403137207
8650 23.22375869750977
8660 11.40467834472656
8670 7.675946235656738
8680 7.965820789337158
8690 8.791355133056641
8700 20.82568359375
8710 18.94699668884277
8720 13.98407363891602
8730 11.55136108398438
8740 31.03681373596191
8750 13.21633625030518
8760 6.818321228027344
8770 7.90367317199707
8780 19.14430999755859
8790 15.00088691711426
8800 10.34795188903809
8810 15.37449645996094
8820 19.82645416259766
8830 22.58036804199219
8840 24.24848175048828
8850 20.6794319152832
8860 12.88283157348633
8870 12.86602210998535
8880 12.9806957244873
8890 21.63600921630859
8900 18.27273559570312
8910 6.790011405944824
8920 12.29273319244385
8930 23.74636077880859
8940 21.84207153320312
8950 22.24617004394531
8960 33.02817153930664
8970 17.01372528076172
8980 15.3985424041748
8990 16.30759048461914
9000 10.87325859069824
9010 16.25568199157715
9020 25.95874786376953
9030 20.7742919921875
9040 16.85708618164062
9050 14.70488929748535
9060 12.48343276977539
9070 12.90250205993652
9080 21.70766067504883
9090 27.80716896057129
9100 25.62937164306641
9110 14.72564125061035
9120 11.82692050933838
9130 10.51943588256836
9140 20.64463424682617
9150 16.34412384033203
9160 15.67458152770996
9170 6.787819862365723
9180 14.93326187133789
9190 10.26635456085205
9200 7.258237361907959
9210 9.223121643066406
9220 12.61404609680176
9230 14.72148895263672
9240 10.43788909912109
9250 12.2147855758667
9260 18.46910095214844
9270 24.91114807128906
9280 11.67296409606934
9290 18.66392517089844
9300 18.46590423583984
9310 12.67870998382568
9320 13.89894104003906
9330 13.4707145690918
9340 19.64922714233398
9350 28.20785713195801
9360 28.42994689941406
9370 20.29513549804688
9380 18.63412857055664
9390 11.86786651611328
9400 20.89816665649414
9410 22.09653472900391
9420 14.61868286132812
9430 16.27865982055664
9440 18.31752586364746
9450 17.69692993164062
9460 19.45293998718262
9470 11.55493927001953
9480 18.30780029296875
9490 29.12520217895508
9500 12.83828544616699
9510 21.31296920776367
9520 13.69903373718262
9530 8.165077209472656
9540 13.15411376953125
9550 11.95541763305664
9560 8.496151924133301
9570 10.12616920471191
9580 3.736207962036133
9590 5.083637237548828
9600 4.540630340576172
9610 2.20474648475647
9620 4.118716239929199
9630 14.39731597900391
9640 21.19261741638184
9650 15.54385089874268
9660 11.43135833740234
9670 14.67662620544434
9680 14.81485939025879
9690 15.60026741027832
9700 11.745680809021
9710 8.943644523620605
9720 19.55176544189453
9730 37.17684173583984
9740 25.16249465942383
9750 23.69317817687988
9760 9.653251647949219
9770 16.76963424682617
9780 9.671775817871094
9790 20.50512313842773
9800 12.98371124267578
9810 12.72344303131104
9820 14.65969467163086
9830 17.73189544677734
9840 12.85701751708984
9850 18.81039428710938
9860 15.07705116271973
9870 7.60872220993042
9880 10.74129009246826
9890 14.942626953125
9900 6.49732780456543
9910 10.12456893920898
9920 16.39585304260254
9930 23.53427696228027
9940 20.30061721801758
9950 13.49929428100586
9960 18.67104911804199
9970 10.72775840759277
9980 11.46733570098877
9990 16.82812118530273
10000 24.46548271179199
10010 21.73478698730469
10020 9.696269035339355
10030 7.872961044311523
10040 8.894441604614258
10050 14.0797815322876
10060 15.37432670593262
10070 10.24709129333496
10080 23.9189624786377
10090 19.88227462768555
10100 7.94877815246582
10110 7.123889923095703
10120 16.30157279968262
10130 19.13991928100586
10140 18.08657073974609
10150 18.27503967285156
10160 18.13315582275391
10170 27.93424987792969
10180 20.73625183105469
10190 13.82072257995605
10200 10.27603340148926
10210 8.429430961608887
10220 23.33077621459961
10230 10.64384269714355
10240 30.65292358398438
10250 21.104736328125
10260 8.108637809753418
10270 13.48146057128906
10280 14.80900859832764
10290 30.25828552246094
10300 13.00528335571289
10310 11.47695159912109
10320 10.27994155883789
10330 18.83925628662109
10340 18.29667282104492
10350 12.89530849456787
10360 13.23887538909912
10370 8.233430862426758
10380 9.686901092529297
10390 14.52338314056396
10400 9.347354888916016
10410 8.290323257446289
10420 17.89676666259766
10430 27.21921920776367
10440 10.62086582183838
10450 8.017600059509277
10460 5.623875617980957
10470 8.310134887695312
10480 9.868860244750977
10490 10.70428562164307
10500 13.0695858001709
10510 20.77384185791016
10520 28.12593078613281
10530 21.69264984130859
10540 28.57422256469727
10550 31.99395179748535
10560 22.30619812011719
10570 21.4056510925293
10580 17.32427215576172
10590 11.4543571472168
10600 22.20590591430664
10610 8.760217666625977
10620 12.89693260192871
10630 12.09189033508301
10640 20.56982040405273
10650 8.016084671020508
10660 10.8170337677002
10670 14.38715171813965
10680 48.52515411376953
10690 33.09402465820312
10700 18.55943870544434
10710 7.257864952087402
10720 11.53144264221191
10730 7.568345069885254
10740 8.888454437255859
10750 14.84717559814453
10760 20.89056587219238
10770 20.3106689453125
10780 15.39933204650879
10790 10.06198406219482
10800 8.536972999572754
10810 10.05802726745605
10820 16.21739768981934
10830 5.824489116668701
10840 14.24670028686523
10850 17.4561710357666
10860 17.67304420471191
10870 14.16317939758301
10880 24.41421890258789
10890 18.51471328735352
10900 19.33762741088867
10910 20.78537368774414
10920 22.64911651611328
10930 27.14559936523438
10940 26.83941650390625
10950 22.47017669677734
10960 13.00465393066406
10970 35.0513916015625
10980 25.99944686889648
10990 14.25453567504883
11000 19.79278182983398
11010 8.499057769775391
11020 11.76918029785156
11030 10.05753517150879
11040 14.84566879272461
11050 12.96659469604492
11060 6.778987884521484
11070 14.57735633850098
11080 13.51946449279785
11090 9.34528923034668
11100 10.17539215087891
11110 9.482584953308105
11120 19.06257629394531
11130 10.73802661895752
11140 8.533098220825195
11150 10.1460599899292
11160 12.41677665710449
11170 10.48884868621826
11180 12.57636737823486
11190 10.70484352111816
11200 23.79427528381348
11210 21.30106925964355
11220 15.80652046203613
11230 12.78039932250977
11240 9.967679023742676
11250 5.89275598526001
11260 9.655664443969727
11270 9.863761901855469
11280 7.153377056121826
11290 8.960197448730469
11300 9.807954788208008
11310 17.37661170959473
11320 18.17380523681641
11330 18.35648345947266
11340 21.43355751037598
11350 15.29961490631104
11360 14.89626121520996
11370 33.50590515136719
11380 30.1879997253418
11390 11.30065155029297
11400 12.70863342285156
11410 12.00241851806641
11420 14.79148483276367
11430 8.763921737670898
11440 11.90326499938965
11450 8.617116928100586
11460 14.2557430267334
11470 16.93417167663574
11480 18.63953018188477
11490 25.01081848144531
11500 13.11225414276123
11510 13.84725570678711
11520 9.735785484313965
11530 6.654040813446045
11540 9.762558937072754
11550 9.447955131530762
11560 4.44386100769043
11570 10.19259548187256
11580 14.74995613098145
11590 8.578952789306641
11600 15.06037425994873
11610 13.18692111968994
11620 12.94659996032715
11630 13.6761360168457
11640 10.19513988494873
11650 14.18503761291504
11660 11.97163391113281
11670 10.78174304962158
11680 12.0422534942627
11690 6.475863933563232
11700 9.533571243286133
11710 9.503046035766602
11720 10.9279670715332
11730 11.2737340927124
11740 13.75032806396484
11750 28.41267395019531
11760 17.76744079589844
11770 26.07069396972656
11780 19.25618743896484
11790 17.0084056854248
11800 19.43097305297852
11810 23.47319412231445
11820 9.252887725830078
11830 9.011945724487305
11840 11.11566162109375
11850 8.246149063110352
11860 7.144598484039307
11870 16.82297515869141
11880 17.25591087341309
11890 14.58503437042236
11900 13.93850326538086
11910 15.55028057098389
11920 11.94876098632812
11930 10.48941612243652
11940 7.214249134063721
11950 11.00133323669434
11960 17.14315605163574
11970 14.16471672058105
11980 22.12175369262695
11990 25.65881729125977
12000 16.87630653381348
12010 17.58821105957031
12020 20.21926498413086
12030 11.9028902053833
12040 11.78076553344727
12050 11.17142200469971
12060 14.39632511138916
12070 7.056862831115723
12080 7.504185199737549
12090 11.45126533508301
12100 7.090710163116455
12110 12.59500217437744
12120 8.025084495544434
12130 9.749296188354492
12140 10.81559181213379
12150 9.629436492919922
12160 14.79984951019287
12170 25.67012786865234
12180 16.09958839416504
12190 14.92397689819336
12200 48.52165222167969
12210 18.0399284362793
12220 20.94672393798828
12230 16.10354995727539
12240 12.583909034729
12250 13.46393489837646
12260 13.6970272064209
12270 15.14044380187988
12280 16.70080757141113
12290 9.286159515380859
12300 10.52181148529053
12310 9.39247989654541
12320 16.64124298095703
12330 23.8444938659668
12340 20.05888557434082
12350 11.71199989318848
12360 15.73061943054199
12370 15.04894161224365
12380 12.1194543838501
12390 13.49991607666016
12400 20.60032844543457
12410 10.5649299621582
12420 13.11780548095703
12430 28.64654159545898
12440 19.55795860290527
12450 20.63716888427734
12460 17.13567352294922
12470 17.06081390380859
12480 15.66467666625977
12490 16.21873092651367
12500 10.35706329345703
12510 9.938430786132812
12520 16.99903869628906
12530 14.82202243804932
12540 24.50190353393555
12550 11.84569835662842
12560 8.735128402709961
12570 10.28011608123779
12580 8.405753135681152
12590 14.51847267150879
12600 14.46336555480957
12610 15.38088035583496
12620 18.17230606079102
12630 28.33258056640625
12640 15.86506462097168
12650 24.33860397338867
12660 11.32836437225342
12670 8.014060974121094
12680 8.57082462310791
12690 14.22573852539062
12700 9.02012825012207
12710 7.2984619140625
12720 9.551624298095703
12730 15.80668640136719
12740 20.52077484130859
12750 16.54371070861816
12760 15.67190647125244
12770 15.93247413635254
12780 21.02388954162598
12790 15.45854377746582
12800 16.0413646697998
12810 12.4879846572876
12820 10.04910659790039
12830 9.521305084228516
12840 13.41257476806641
12850 16.94162368774414
12860 29.71566200256348
12870 25.40616989135742
12880 10.91638565063477
12890 11.31139183044434
12900 6.35382604598999
12910 10.8356466293335
12920 14.76196670532227
12930 15.16420936584473
12940 14.75272941589355
12950 19.50649452209473
12960 29.97724914550781
12970 20.60471343994141
12980 19.29606246948242
12990 11.39151477813721
13000 8.703001022338867
13010 17.3745231628418
13020 14.36263084411621
13030 10.97250366210938
13040 9.206356048583984
13050 12.31552696228027
13060 17.70547103881836
13070 10.29500770568848
13080 11.13097763061523
13090 19.82639312744141
13100 19.83355331420898
13110 16.93480491638184
13120 11.49687767028809
13130 11.55316543579102
13140 10.01445960998535
13150 11.56124305725098
13160 15.93350601196289
13170 14.13240623474121
13180 14.47815322875977
13190 14.53956031799316
13200 10.29993629455566
13210 7.515956878662109
13220 11.92392635345459
13230 13.95497512817383
13240 12.64488792419434
13250 15.43919277191162
13260 15.99947547912598
13270 18.92367172241211
13280 26.17273139953613
13290 18.25295257568359
13300 8.752588272094727
13310 17.02553176879883
13320 9.369900703430176
13330 31.6649112701416
13340 21.1905632019043
13350 22.32426834106445
13360 24.2205696105957
13370 22.74621772766113
13380 20.85050201416016
13390 13.57520866394043
13400 17.28108978271484
13410 17.52131271362305
13420 17.57195854187012
13430 15.78800773620605
13440 7.877179145812988
13450 7.097232818603516
13460 7.290227890014648
13470 7.978945732116699
13480 9.330587387084961
13490 20.00163650512695
13500 16.25532341003418
13510 10.00800609588623
13520 14.03894233703613
13530 11.26049423217773
13540 11.77845191955566
13550 17.92380905151367
13560 16.14982032775879
13570 16.53596496582031
13580 12.63205146789551
13590 7.018800735473633
13600 7.301321029663086
13610 6.473309516906738
13620 10.26211357116699
13630 7.982454299926758
13640 5.646896839141846
13650 11.95326995849609
13660 15.24285507202148
13670 23.19015121459961
13680 11.88237953186035
13690 8.115697860717773
13700 17.61390686035156
13710 14.88965702056885
13720 17.40206527709961
13730 28.25710296630859
13740 25.96130561828613
13750 25.04356384277344
13760 26.53263854980469
13770 28.67833709716797
13780 13.70217132568359
13790 13.6528434753418
13800 13.08781909942627
13810 26.44085693359375
13820 19.63540649414062
13830 13.80839538574219
13840 11.48628997802734
13850 10.02452754974365
13860 12.13204956054688
13870 13.2067928314209
13880 10.37244033813477
13890 12.51258277893066
13900 7.984937191009521
13910 13.93478775024414
13920 13.16120147705078
13930 7.511580467224121
13940 14.45355415344238
13950 10.58050441741943
13960 13.76984024047852
13970 12.03135681152344
13980 4.743284225463867
13990 8.007901191711426
14000 12.24973678588867
14010 10.97635650634766
14020 9.051363945007324
14030 7.047267913818359
14040 9.926067352294922
14050 10.40210342407227
14060 12.61660957336426
14070 8.156951904296875
14080 10.37753868103027
14090 6.551649570465088
14100 10.87061882019043
14110 11.85779571533203
14120 13.01456451416016
14130 26.76150894165039
14140 29.10654067993164
14150 14.86945533752441
14160 11.97440624237061
14170 14.78271389007568
14180 18.65061569213867
14190 18.87641716003418
14200 13.35959339141846
14210 14.39698791503906
14220 14.06443881988525
14230 13.63912200927734
14240 18.23127746582031
14250 12.3543815612793
14260 10.83190441131592
14270 11.11572074890137
14280 12.77543258666992
14290 7.5283203125
14300 5.897044658660889
14310 14.44819259643555
14320 16.0989818572998
14330 17.98441696166992
14340 10.93501091003418
14350 19.37592315673828
14360 31.2613525390625
14370 18.64028167724609
14380 11.52327156066895
14390 11.11467933654785
14400 17.3067684173584
14410 15.724534034729
14420 9.341707229614258
14430 5.058404922485352
14440 18.11589813232422
14450 11.68093872070312
14460 9.048572540283203
14470 11.15858364105225
14480 9.894865989685059
14490 17.17408752441406
14500 8.515352249145508
14510 14.39457702636719
14520 15.15260314941406
14530 39.60781478881836
14540 40.56648254394531
14550 17.91936111450195
14560 15.66046810150146
14570 12.62463569641113
14580 27.70682525634766
14590 14.96234130859375
14600 16.23377227783203
7010 18.27163696289062
7020 15.11716938018799
7030 25.91255569458008
7040 27.29560089111328
7050 21.64741325378418
7060 27.03352546691895
7070 12.22549819946289
7080 10.83317375183105
7090 11.67197132110596
7100 11.50178337097168
7110 12.50166702270508
7120 11.60681533813477
7130 15.64866065979004
7140 13.75808429718018
7150 13.98898506164551
7160 14.36396884918213
7170 16.2088565826416
7180 21.08859634399414
7190 17.4458122253418
7200 8.716059684753418
7270 12.74073028564453
7280 12.75502490997314
7300 9.738728523254395
7310 12.5125617980957
7320 21.80616569519043
7330 30.31975746154785
7340 29.63139152526855
7350 15.83377075195312
0 14.51202297210693
10 14.75820732116699
20 19.10211563110352
30 22.27653121948242
40 24.7830867767334
50 27.77404022216797
60 28.91814804077148
70 22.33041381835938
80 7.899839401245117
90 7.240825653076172
100 9.071608543395996
110 10.27426528930664
120 18.06978797912598
130 12.11888694763184
140 8.019711494445801
150 14.42894744873047
160 9.840433120727539
170 16.21992683410645
180 9.758546829223633
190 18.70549774169922
200 9.958131790161133
210 10.1369457244873
220 19.84532165527344
230 13.87292861938477
240 10.45616340637207
250 9.504585266113281
260 8.577211380004883
270 9.583447456359863
280 10.48666667938232
290 9.977313995361328
300 6.86226224899292
310 7.382741928100586
320 8.720544815063477
330 5.667670726776123
340 7.238307952880859
350 13.38567352294922
360 11.78710079193115
370 10.88757038116455
380 11.77054786682129
390 12.01240634918213
400 10.09407997131348
410 6.859260559082031
420 5.866940021514893
430 6.93864917755127
440 8.815224647521973
450 14.79701614379883
460 12.14101600646973
470 12.26869964599609
480 17.32658386230469
490 7.531599044799805
500 4.864768981933594
510 6.078478813171387
520 8.325808525085449
530 28.1684741973877
540 25.42243576049805
550 51.41654205322266
560 34.30226135253906
570 20.73234939575195
580 24.86139678955078
590 17.47734832763672
600 20.92236518859863
610 14.6134147644043
620 27.89533233642578
630 28.34376907348633
640 15.09264087677002
650 17.7957878112793
660 21.59457397460938
670 21.3224925994873
680 18.41548538208008
690 15.82252311706543
700 10.03786659240723
710 10.84587574005127
720 11.99343013763428
730 20.20684432983398
740 22.4130687713623
750 24.98917579650879
760 12.58274936676025
770 12.11719131469727
780 22.26669311523438
790 12.74452114105225
800 10.4644718170166
810 17.73995971679688
820 22.90092658996582
830 25.12996673583984
840 21.99270629882812
850 15.57220554351807
860 12.36288356781006
870 15.42812347412109
880 12.01438903808594
890 10.30070495605469
900 12.60440540313721
910 28.03109169006348
920 19.69672012329102
930 13.07553100585938
940 8.705380439758301
950 9.237766265869141
960 15.87269592285156
970 19.20094108581543
980 19.08644485473633
990 24.39707183837891
1000 13.62689208984375
1010 20.70924758911133
1020 15.52469253540039
1030 15.17562961578369
1040 22.39608764648438
1050 24.24224853515625
1060 21.12666511535645
1070 28.1308479309082
1080 32.23506927490234
1090 19.97941589355469
1100 12.99560165405273
1110 7.68353271484375
1120 12.05456638336182
1130 13.46076965332031
1140 19.38166046142578
1150 17.53513526916504
1160 19.12655258178711
1170 17.39313888549805
1180 15.86676216125488
1190 17.51846694946289
1200 31.37551116943359
1210 32.91847229003906
1220 34.51172637939453
1230 22.9185791015625
1240 15.99569988250732
1250 23.46261978149414
1260 15.55218696594238
1270 21.39839172363281
1280 13.45772171020508
1290 27.90743637084961
1300 23.28219032287598
1310 14.60915660858154
1320 11.99322891235352
1330 9.304792404174805
1340 25.66839218139648
1350 27.73299789428711
1360 13.08866024017334
1370 10.08278751373291
1380 12.21868515014648
1390 13.04648876190186
1400 14.73000907897949
1410 21.60860633850098
1420 24.76874160766602
1430 20.07600402832031
1440 29.48115921020508
1450 19.92133712768555
1460 25.79873275756836
1470 29.36157608032227
1480 21.39855766296387
1490 14.05547523498535
1500 18.55120468139648
1510 8.827437400817871
1520 15.70131492614746
1530 19.32043647766113
1540 17.3809871673584
1550 19.056884765625
1560 10.61261177062988
1570 15.03098297119141
1580 16.25932312011719
1590 13.82341957092285
1600 17.19901657104492
1610 21.06588554382324
1620 7.351629257202148
1630 9.180661201477051
1640 13.01097583770752
1650 11.65473365783691
1660 23.89513397216797
1670 21.69143295288086
1680 18.43307876586914
1690 10.34423446655273
1700 14.89291572570801
1710 13.29146194458008
1720 19.44585037231445
1730 16.2002124786377
1740 13.38363552093506
1750 25.06891250610352
1760 25.32486724853516
1770 16.22414398193359
1780 7.029263496398926
1790 13.2117977142334
1800 15.603440284729
1810 13.77574157714844
1820 8.112268447875977
1830 15.31341361999512
1840 24.36194610595703
1850 11.87157249450684
1860 16.3719310760498
1870 20.98556900024414
1880 11.46783351898193
1890 19.12887573242188
1900 13.68025398254395
1910 10.98728370666504
1920 20.05008316040039
1930 16.16127967834473
1940 18.07263565063477
1950 16.90857696533203
1960 22.88278579711914
1970 12.62926483154297
1980 11.25638103485107
1990 13.32294654846191
2000 40.78390121459961
2010 30.45542144775391
2020 15.96085834503174
2030 14.5818510055542
2040 20.38483428955078
2050 16.73230171203613
2060 12.24912166595459
2070 14.03897094726562
2080 14.32160568237305
2090 13.26759147644043
2100 18.08282470703125
2110 11.08193302154541
2120 12.6538028717041
2130 4.737320899963379
2140 7.64228343963623
2150 12.03854942321777
2160 19.97141265869141
2170 16.95609855651855
2180 33.23685455322266
2190 19.52755355834961
2200 18.61707305908203
2210 16.62409210205078
2220 15.39651489257812
2230 17.43574523925781
2240 13.18283557891846
2250 14.44412231445312
2260 10.92145156860352
2270 12.36914443969727
2280 15.78424549102783
2290 12.32698154449463
2300 7.23949670791626
2310 12.06845664978027
2320 12.54959106445312
2330 16.1805362701416
2340 18.77573394775391
2350 12.75644207000732
2360 10.52746391296387
2370 13.96557426452637
2380 15.42610931396484
2390 9.09295654296875
2400 11.32682418823242
2410 10.85608863830566
2420 11.2464542388916
2430 8.152713775634766
2440 8.570426940917969
2450 8.757420539855957
2460 12.4868221282959
2470 18.57146453857422
2480 14.46266841888428
2490 11.01580429077148
2500 11.29534530639648
2510 8.329263687133789
2520 21.16213798522949
2530 15.07369232177734
2540 13.63669013977051
2550 19.25201034545898
2560 15.12911033630371
2570 11.60613250732422
2580 12.8154296875
2590 20.75419998168945
2600 17.94962692260742
2610 12.59204387664795
2620 15.86125755310059
2630 16.91020584106445
2640 16.96296119689941
2650 13.20413208007812
2660 17.61050033569336
2670 15.19633293151855
2680 7.580742835998535
2690 8.204555511474609
2700 10.76334190368652
2710 11.71785640716553
2720 9.011066436767578
2730 24.15853118896484
2740 21.60763931274414
2750 22.18645095825195
2760 14.89167594909668
2770 19.36506271362305
2780 13.02964305877686
2790 12.69688701629639
2800 14.25994682312012
2810 16.34892654418945
2820 19.06418609619141
2830 10.43871116638184
2840 20.83152389526367
2850 20.17364120483398
2860 19.66294479370117
2870 16.9015998840332
2880 13.71385192871094
2890 11.18307685852051
2900 9.737005233764648
2910 8.630437850952148
2920 4.672656059265137
2930 13.9450740814209
2940 16.9366283416748
2950 18.1718635559082
2960 21.4531307220459
2970 28.90215301513672
2980 29.00848388671875
2990 16.7889289855957
3000 39.91410064697266
3010 14.57849884033203
3020 20.54452705383301
3030 14.73465156555176
3040 11.45766830444336
3050 13.48100662231445
3060 10.03087902069092
3070 9.280025482177734
3080 14.96313953399658
3090 18.13426208496094
3100 8.683282852172852
3110 11.59820365905762
3120 16.30093383789062
3130 17.16547203063965
3140 12.82899284362793
3150 14.21683120727539
3160 22.92411422729492
3170 19.39430618286133
3180 13.2802906036377
3190 11.83484268188477
3200 8.786703109741211
3210 24.66024398803711
3220 17.98679733276367
3230 16.4711742401123
3240 29.44644927978516
3250 17.78910827636719
3260 16.51444244384766
3270 12.90243339538574
3280 7.206636905670166
3290 14.50220203399658
3300 23.02612495422363
3310 18.1291389465332
3320 15.63065719604492
3330 17.57646942138672
3340 12.44437789916992
3350 18.48301315307617
3360 13.74287796020508
3370 12.54296875
3380 17.01811218261719
3390 32.3835563659668
3400 21.35139465332031
3410 17.13650512695312
3420 8.779036521911621
3430 18.74545669555664
3440 9.920764923095703
3450 11.60533332824707
3460 16.85311889648438
3470 9.109920501708984
3480 10.78817558288574
3490 8.221170425415039
3500 18.98811721801758
3510 13.6883602142334
3520 23.23916244506836
3530 12.02147674560547
3540 14.31879425048828
3550 12.65318870544434
3560 9.857397079467773
3570 15.65957546234131
3580 15.45309352874756
3590 11.8779239654541
3600 13.74453830718994
3610 17.60237884521484
3620 22.02180480957031
3630 12.99290657043457
3640 11.57335948944092
3650 8.860385894775391
3660 16.72226142883301
3670 8.245976448059082
3680 9.322163581848145
3690 16.69536209106445
3700 10.1197395324707
3710 12.34074020385742
3720 13.30112457275391
3730 24.70182609558105
3740 20.79258346557617
3750 35.9442138671875
3760 27.87938690185547
3770 25.37878799438477
3780 20.3568229675293
3790 21.37240982055664
3800 15.65147399902344
3810 17.64819717407227
3820 23.59875297546387
3830 17.77147674560547
3840 11.97014045715332
3850 11.29205513000488
3860 19.36919021606445
3870 10.96406555175781
3880 20.78611183166504
3890 15.32832622528076
3900 13.69856452941895
3910 12.12598609924316
3920 11.21798706054688
3930 19.7232780456543
3940 20.08626556396484
3950 12.90260601043701
3960 10.05817031860352
3970 25.02298355102539
3980 27.06301307678223
3990 18.15003967285156
4000 18.83076858520508
4010 9.434675216674805
4020 9.166471481323242
4030 19.56292724609375
4040 28.21176147460938
4050 16.57261657714844
4060 6.073678016662598
4070 10.53779602050781
4080 12.75031757354736
4090 18.06208038330078
4100 18.37374877929688
4110 22.02531623840332
4120 15.30558300018311
4130 17.86381530761719
4140 27.40050888061523
4150 27.78251266479492
4160 20.9467945098877
4170 17.72907638549805
4180 17.34915351867676
4190 33.77062225341797
4200 36.71528625488281
4210 22.66290473937988
4220 18.82123756408691
4230 20.00891876220703
4240 15.45804405212402
4250 13.05352401733398
4260 16.98867034912109
4270 13.00894737243652
4280 8.683740615844727
4290 20.9193172454834
4300 10.73316287994385
4310 11.2006721496582
4320 14.55827808380127
4330 12.03448295593262
4340 9.059843063354492
4350 24.05535507202148
4360 17.94192123413086
4370 9.370939254760742
4380 19.41947555541992
4390 22.96493339538574
4400 19.73188400268555
4410 15.69384956359863
4420 20.12009811401367
4430 16.55867767333984
4440 11.73881340026855
4450 9.360626220703125
4460 6.921500205993652
4470 8.905357360839844
4480 7.507935047149658
4490 9.967561721801758
4500 9.864884376525879
4510 6.409663677215576
4520 9.181554794311523
4530 33.9378662109375
4540 36.41036987304688
4550 35.52850723266602
4560 22.04656219482422
4570 25.83554458618164
4580 15.00254249572754
4590 11.15324115753174
4600 12.07963275909424
4610 17.76739692687988
4620 21.32093048095703
4630 14.63167190551758
4640 15.77655506134033
4650 12.1829080581665
4660 8.498787879943848
4670 9.099922180175781
4680 13.48880958557129
4690 17.51020431518555
4700 13.95986080169678
4710 10.99179935455322
4720 8.553451538085938
4730 11.73687934875488
4740 10.73540878295898
4750 12.13488578796387
4760 11.01639747619629
4770 11.66284084320068
4780 6.566064357757568
4790 7.198321342468262
4800 5.17548131942749
4810 9.65764045715332
4820 10.9033727645874
4830 5.777467727661133
4840 10.39865970611572
4850 14.63531303405762
4860 14.62814712524414
4870 14.48498916625977
4880 5.006537437438965
4890 10.27078437805176
4900 10.00123023986816
4910 14.34920501708984
4920 30.15832901000977
4930 32.13545989990234
4940 18.24141693115234
4950 22.82657623291016
4960 34.61853790283203
4970 23.11616134643555
4980 36.44248962402344
4990 15.75824928283691
5000 19.93449783325195
5010 18.43618392944336
5020 20.28760147094727
5030 11.43769454956055
5040 16.99823760986328
5050 15.69934177398682
5060 20.06616973876953
5070 26.81302642822266
5080 19.8209228515625
5090 17.67218971252441
5100 15.20289516448975
5110 24.26717376708984
5120 13.31780338287354
5130 22.36034774780273
5140 21.87722778320312
5150 6.516302585601807
5160 8.197912216186523
5170 6.608348369598389
5180 10.59299373626709
5190 12.74501419067383
5200 13.10954856872559
5210 8.097061157226562
5220 13.11038208007812
5230 8.904648780822754
5240 7.987174034118652
5250 7.966228485107422
5260 9.552915573120117
5270 22.34059143066406
5280 21.56346130371094
5290 14.4459114074707
5300 8.786382675170898
5310 7.852922439575195
5320 10.5191593170166
5330 26.40134429931641
5340 37.32658767700195
5350 26.34217071533203
5360 19.91998100280762
5370 12.61869049072266
5380 19.00834655761719
5390 21.89031982421875
5400 12.68062210083008
5410 14.82233047485352
5420 20.93961715698242
5430 14.65463829040527
5440 11.13040828704834
5450 11.63966369628906
5460 8.595317840576172
5470 7.281037330627441
5480 15.64225959777832
5490 16.48237228393555
5500 18.54950904846191
5510 10.13553810119629
5520 13.1504020690918
5530 19.43546104431152
5540 10.4663553237915
5550 13.23862171173096
5560 16.33927536010742
5570 12.29100799560547
5580 11.91311645507812
5590 13.13467502593994
5600 28.09004402160645
5610 9.131912231445312
5620 14.09747314453125
5630 14.04725646972656
5640 20.38118171691895
5650 13.73078346252441
5660 16.35375213623047
5670 13.00538349151611
5680 10.02245712280273
5690 19.84284591674805
5700 32.27188873291016
5710 26.40261650085449
5720 23.00422286987305
5730 45.98990631103516
5740 26.9544792175293
5750 39.59407806396484
5760 31.38302803039551
5770 31.09159851074219
5780 20.80606079101562
5790 16.20985221862793
5800 20.89473724365234
5810 15.94854545593262
5820 15.6937952041626
5830 16.44431114196777
5840 17.29177474975586
5850 18.60968780517578
5860 19.03320503234863
5870 10.62394332885742
5880 17.90612411499023
5890 34.70219421386719
5900 18.37212753295898
5910 20.87931442260742
5920 10.48927879333496
5930 10.65802192687988
5940 9.674549102783203
5950 11.88464736938477
5960 9.201635360717773
5970 10.77104568481445
5980 9.715157508850098
5990 10.61933517456055
6000 10.83847045898438
6010 7.308258056640625
6020 9.506547927856445
6030 11.18260192871094
6040 16.60296249389648
6050 14.25923633575439
6060 15.31942081451416
6070 13.30867099761963
6080 18.26986694335938
6090 12.97998332977295
6100 13.21344566345215
6110 24.10557174682617
6120 22.16426086425781
6130 37.26396179199219
6140 49.39761352539062
6150 40.21402740478516
6160 34.36694717407227
6170 18.96322250366211
6180 21.09926223754883
6190 14.11842346191406
6200 23.19861793518066
6210 13.09109115600586
6220 12.95390796661377
6230 23.43399810791016
6240 15.45521545410156
6250 14.1971321105957
6260 15.63363647460938
6270 23.79616165161133
6280 13.3134822845459
6290 12.86849880218506
6300 11.99316692352295
6310 19.57922744750977
6320 10.64763927459717
6330 12.97929859161377
6340 8.981622695922852
6350 11.81546592712402
6360 8.633065223693848
6370 10.39072322845459
6380 11.71476364135742
6390 17.73281478881836
6400 13.54878807067871
6410 11.33194732666016
6420 16.54217910766602
6430 17.21076393127441
6440 7.071739673614502
6450 6.819315910339355
6460 12.86399459838867
6470 19.46129417419434
6480 10.07561874389648
6490 11.53454399108887
6500 10.10152721405029
6510 6.436680793762207
6520 18.95024108886719
6530 38.67872619628906
6540 25.64013862609863
6550 22.0627326965332
6560 29.32557106018066
6570 13.75058555603027
6580 21.06865882873535
6590 20.82836151123047
6600 16.22064208984375
6610 11.75107097625732
6620 17.4206428527832
6630 13.43192100524902
6640 15.64340400695801
6650 18.47178649902344
6660 22.95623397827148
6670 11.43869209289551
6680 10.58487796783447
6690 9.435746192932129
6700 7.56202507019043
6710 13.68370628356934
6720 14.24833583831787
6730 17.7410888671875
6740 14.31511211395264
6750 13.01760959625244
6760 21.64637565612793
6770 13.48456382751465
6780 13.64756393432617
6790 13.60526466369629
6800 21.08454132080078
6810 18.50178718566895
6820 13.96868419647217
6830 16.49966812133789
6840 10.26192092895508
6850 12.56948661804199
6860 12.88388919830322
6870 9.801853179931641
6880 7.746318817138672
6890 9.888671875
6900 5.289514541625977
6910 9.569538116455078
6920 12.31510353088379
6930 38.80195236206055
6940 23.85918998718262
6950 18.2180233001709
6960 18.74708938598633
6970 28.26892280578613
6980 15.99897003173828
6990 20.44966888427734
7000 27.80035018920898
7020 15.11718940734863
7030 25.91254043579102
7040 27.29561424255371
7050 21.64742279052734
7060 27.03352928161621
7070 12.22549629211426
7080 10.83317184448242
7090 11.67195510864258
7100 11.50174331665039
7110 12.5017147064209
7120 11.61097526550293
7130 15.64606666564941
7140 13.75736427307129
7150 13.98954296112061
7160 14.36379623413086
7170 16.20913887023926
7180 21.08837127685547
7190 17.44547080993652
7200 8.715999603271484
