"Time Step" "point-vel-a"
21210 0.5258051156997681
21220 0.5271344184875488
21230 0.5284311771392822
21240 0.5295397043228149
21250 0.5303819179534912
21260 0.5309297442436218
21270 0.5311359763145447
21280 0.5310432910919189
21290 0.5307202339172363
21300 0.5302029252052307
21310 0.5295363664627075
21320 0.5288275480270386
21330 0.5281549096107483
21340 0.5275821685791016
21350 0.5271474123001099
21360 0.5269511938095093
21370 0.5270617604255676
21380 0.527426540851593
21390 0.5279960036277771
21400 0.5287911295890808
21410 0.5297182202339172
21420 0.5307108163833618
21430 0.5317255258560181
21440 0.5327277779579163
21450 0.5337377786636353
21460 0.5347579121589661
21470 0.5358594655990601
21480 0.5369738340377808
21490 0.538057267665863
21500 0.5390822887420654
21510 0.5399777889251709
21520 0.5407410264015198
21530 0.5414093136787415
21540 0.5419589281082153
21550 0.5423811674118042
21560 0.5427470803260803
21570 0.5429795384407043
21580 0.5430169701576233
21590 0.5428228974342346
21600 0.5422877669334412
21610 0.5414758920669556
21620 0.5403448343276978
21630 0.538999080657959
21640 0.5374970436096191
21650 0.5359026193618774
21660 0.5342621803283691
21670 0.532646656036377
21680 0.5310624837875366
21690 0.5295155644416809
21700 0.5279550552368164
21710 0.5264002680778503
21720 0.5248767733573914
21730 0.5233916640281677
21740 0.5219717025756836
21750 0.52073734998703
21760 0.5197529196739197
21770 0.5190681219100952
21780 0.5185747742652893
21790 0.5182335376739502
21800 0.5178673267364502
21810 0.5174602866172791
21820 0.5169620513916016
21830 0.5163098573684692
21840 0.5154783129692078
21850 0.5144972801208496
21860 0.5135344862937927
21870 0.5126935839653015
21880 0.5118626952171326
21890 0.5109885931015015
21900 0.5100811719894409
21910 0.5090668201446533
21920 0.5079078078269958
21930 0.5066124200820923
21940 0.5052077174186707
21950 0.5040069818496704
21960 0.5032055377960205
21970 0.5029229521751404
21980 0.5030292272567749
21990 0.5033930540084839
22000 0.5038466453552246
22010 0.5043854713439941
22020 0.504969596862793
22030 0.5056018829345703
22040 0.5063073039054871
22050 0.5071545243263245
22060 0.5081856846809387
22070 0.5094361305236816
22080 0.5109571814537048
22090 0.5126770734786987
22100 0.5145548582077026
22110 0.5166379809379578
22120 0.5189977884292603
22130 0.5215211510658264
22140 0.5240786075592041
22150 0.5265883207321167
22160 0.5288994908332825
22170 0.5309416055679321
22180 0.5327407121658325
22190 0.5343778133392334
22200 0.535955011844635
22210 0.5374740958213806
22220 0.5389116406440735
22230 0.5402630567550659
22240 0.5415483713150024
22250 0.5427260994911194
22260 0.5438312888145447
22270 0.5448185205459595
22280 0.5455899834632874
22290 0.5460819602012634
22300 0.5463253259658813
22310 0.546418309211731
22320 0.5465094447135925
22330 0.5466227531433105
22340 0.5465821623802185
22350 0.5464075207710266
22360 0.5461040735244751
22370 0.5456535816192627
22380 0.5450969934463501
22390 0.5445458292961121
22400 0.5440706014633179
22410 0.5437026023864746
22420 0.5434210896492004
22430 0.5431584715843201
22440 0.5428315401077271
22450 0.5424396991729736
22460 0.5420207381248474
22470 0.5415728092193604
22480 0.5410653352737427
22490 0.5404239296913147
22500 0.5395836234092712
22510 0.5386064052581787
22520 0.5375334620475769
22530 0.5363601446151733
22540 0.53507399559021
22550 0.5336211323738098
22560 0.532098114490509
22570 0.5307310223579407
22580 0.5295296311378479
22590 0.5284703373908997
22600 0.527617335319519
22610 0.5269880294799805
22620 0.5265434384346008
22630 0.5261749029159546
22640 0.5258285403251648
22650 0.5255351066589355
22660 0.525229275226593
22670 0.524885356426239
22680 0.5245015621185303
22690 0.5240491628646851
22700 0.5234779119491577
22710 0.5228169560432434
22720 0.5220953822135925
22730 0.5213196277618408
22740 0.5205402970314026
22750 0.5198885202407837
22760 0.5195121765136719
22770 0.5194941163063049
22780 0.5198832154273987
22790 0.5204815268516541
22800 0.5211617350578308
22810 0.5218936800956726
22820 0.5226482152938843
22830 0.5234027504920959
22840 0.5240303874015808
22850 0.5244739651679993
22860 0.5246632099151611
22870 0.5245627760887146
22880 0.5242096781730652
22890 0.5236413478851318
22900 0.5228825807571411
22910 0.5220063924789429
22920 0.5210837125778198
22930 0.5202096104621887
22940 0.5194492340087891
22950 0.5188730359077454
22960 0.518608033657074
22970 0.5186713933944702
22980 0.5189623236656189
22990 0.5194448828697205
23000 0.5201445817947388
23010 0.5209959149360657
23020 0.5219046473503113
23030 0.5228233337402344
23040 0.5237342119216919
23050 0.5246439576148987
23060 0.5255474448204041
23070 0.5265023708343506
23080 0.5274732708930969
23090 0.5284134745597839
23100 0.5292996764183044
23110 0.5300524234771729
23120 0.5306659340858459
23130 0.5312204360961914
23140 0.5317308902740479
23150 0.5321712493896484
23160 0.5325403809547424
23170 0.5327571630477905
23180 0.5327730178833008
23190 0.5325877666473389
23200 0.5321566462516785
23210 0.5315003395080566
23220 0.5305622816085815
23230 0.5294818878173828
23240 0.5283373594284058
23250 0.5271754860877991
23260 0.525999128818512
23270 0.5248092412948608
23280 0.5236592888832092
23290 0.5225812196731567
23300 0.5215218067169189
23310 0.5205367207527161
23320 0.5196585059165955
23330 0.5189002752304077
23340 0.5182690620422363
23350 0.5177733302116394
23360 0.5174497365951538
23370 0.5173749327659607
23380 0.5174922943115234
23390 0.5177147388458252
23400 0.5179652571678162
23410 0.5182201266288757
23420 0.5184422135353088
23430 0.5185632705688477
23440 0.5185651183128357
23450 0.5184485912322998
23460 0.5183039307594299
23470 0.5181833505630493
23480 0.5179941058158875
23490 0.5176651477813721
23500 0.5171940326690674
23510 0.516502857208252
23520 0.5156100392341614
23530 0.5145353674888611
23540 0.5133310556411743
23550 0.5122834444046021
23560 0.5116561055183411
23570 0.5115566849708557
23580 0.5118597149848938
23590 0.5124424695968628
23600 0.5131275653839111
23610 0.5138746500015259
23620 0.5146548748016357
23630 0.5154439806938171
23640 0.5162674784660339
23650 0.5171911716461182
23660 0.5182173252105713
23670 0.519347608089447
23680 0.5206148028373718
23690 0.5219646096229553
23700 0.5233861207962036
23710 0.5249539613723755
23720 0.5267821550369263
23730 0.5287806987762451
23740 0.5308336019515991
23750 0.5328540205955505
23760 0.5347063541412354
23770 0.5362852215766907
23780 0.5376589894294739
23790 0.5388556122779846
23800 0.539977490901947
23810 0.541111171245575
23820 0.5421488285064697
23830 0.5430743098258972
23840 0.5439707040786743
23850 0.5447970032691956
23860 0.5455701947212219
23870 0.5463008284568787
23880 0.5468822121620178
23890 0.5472179055213928
23900 0.5473437309265137
23910 0.5473299026489258
23920 0.5472939014434814
23930 0.5472491383552551
23940 0.5470020174980164
23950 0.5465775728225708
23960 0.5459964275360107
23970 0.5452563166618347
23980 0.5444105863571167
23990 0.5435423851013184
24000 0.5427379608154297
15410 0.5031455755233765
15420 0.503222644329071
15430 0.5032609701156616
15440 0.5032774209976196
15450 0.5032535791397095
15460 0.5031817555427551
15470 0.5031060576438904
15480 0.502983570098877
15490 0.5027523040771484
15500 0.5023258328437805
15510 0.5016613602638245
15520 0.5007591843605042
15530 0.4996631741523743
15540 0.4984317123889923
15550 0.4972107410430908
15560 0.4961618185043335
15570 0.4954339265823364
15580 0.495002269744873
15590 0.4948086738586426
15600 0.4947532117366791
15610 0.4947138726711273
15620 0.4946616291999817
15630 0.4946706593036652
15640 0.4947957098484039
15650 0.4950854778289795
15660 0.4955051839351654
15670 0.4960291385650635
15680 0.4967060983181
15690 0.4974629878997803
15700 0.4982791244983673
15710 0.4991788566112518
15720 0.5001340508460999
15730 0.5012261271476746
15740 0.5026215314865112
15750 0.5043860077857971
15760 0.5063936710357666
15770 0.5084871053695679
15780 0.5104763507843018
15790 0.5123393535614014
15800 0.5140633583068848
15810 0.5157039165496826
15820 0.5172913074493408
15830 0.5186551809310913
15840 0.5198752284049988
15850 0.5209856629371643
15860 0.5220858454704285
15870 0.5233484506607056
15880 0.5246919989585876
15890 0.526069700717926
15900 0.5274091362953186
15910 0.5287207961082458
15920 0.5301975011825562
15930 0.5319409966468811
15940 0.5337710380554199
15950 0.5356521606445312
15960 0.5374883413314819
15970 0.5391814708709717
15980 0.5407059192657471
15990 0.5420297980308533
16000 0.5432277321815491
16010 0.5442925691604614
16020 0.5451658964157104
16030 0.5458037853240967
16040 0.5462188124656677
16050 0.546445906162262
16060 0.5465006828308105
16070 0.5463095903396606
16080 0.5458436608314514
16090 0.5451778769493103
16100 0.544306755065918
16110 0.5432121157646179
16120 0.5418334007263184
16130 0.5401936769485474
16140 0.538332462310791
16150 0.5362671613693237
16160 0.5340859889984131
16170 0.5318267941474915
16180 0.5295706987380981
16190 0.5273945331573486
16200 0.5254599452018738
16210 0.5238538384437561
16220 0.5225436687469482
16230 0.5214702486991882
16240 0.5206058025360107
16250 0.5199457406997681
16260 0.5194305181503296
16270 0.5190334916114807
16280 0.5187799334526062
16290 0.5186818242073059
16300 0.5187591910362244
16310 0.5189539790153503
16320 0.5190747380256653
16330 0.5189892053604126
16340 0.5187776684761047
16350 0.5185189843177795
16360 0.5182248950004578
16370 0.5179827213287354
16380 0.5179612636566162
16390 0.51795494556427
16400 0.517809271812439
16410 0.5176419615745544
16420 0.5175374150276184
16430 0.5175291895866394
16440 0.517558217048645
16450 0.5175528526306152
16460 0.5174432992935181
16470 0.5171577334403992
16480 0.516746461391449
16490 0.5162448287010193
16500 0.5157363414764404
16510 0.5153051614761353
16520 0.5149551033973694
16530 0.5146340131759644
16540 0.5143544673919678
16550 0.5141755342483521
16560 0.514228880405426
16570 0.514555037021637
16580 0.514986515045166
16590 0.5155234336853027
16600 0.5161861181259155
16610 0.5169761180877686
16620 0.5178828239440918
16630 0.5188865065574646
16640 0.5199058651924133
16650 0.5208637118339539
16660 0.5218935608863831
16670 0.5230198502540588
16680 0.5240942239761353
16690 0.5250489115715027
16700 0.5258675217628479
16710 0.5265241265296936
16720 0.5270209908485413
16730 0.5274218916893005
16740 0.5276767015457153
16750 0.5277989506721497
16760 0.5278333425521851
16770 0.5277447700500488
16780 0.527510404586792
16790 0.5272316932678223
16800 0.5268968343734741
16810 0.5264174342155457
16820 0.5256333947181702
16830 0.5246415138244629
16840 0.5235359072685242
16850 0.5223714113235474
16860 0.5211678743362427
16870 0.5199015736579895
16880 0.5185926556587219
16890 0.5173457860946655
16900 0.5161689519882202
16910 0.5151914358139038
16920 0.514420211315155
16930 0.5138612985610962
16940 0.5135040283203125
16950 0.5132771730422974
16960 0.5131577253341675
16970 0.5132526755332947
16980 0.5134993195533752
16990 0.513823390007019
17000 0.514202892780304
17010 0.5145823955535889
17020 0.5149787068367004
17030 0.5153955221176147
17040 0.5158374905586243
17050 0.5162894725799561
17060 0.516755223274231
17070 0.5171965956687927
17080 0.5175333023071289
17090 0.5177111029624939
17100 0.517677366733551
17110 0.5173887014389038
17120 0.5169558525085449
17130 0.516488790512085
17140 0.515988290309906
17150 0.5155998468399048
17160 0.5153848528862
17170 0.5153798460960388
17180 0.5155977606773376
17190 0.5160080790519714
17200 0.5165179967880249
17210 0.5170683860778809
17220 0.5175409317016602
17230 0.5179792046546936
17240 0.5184497237205505
17250 0.5189819931983948
17260 0.5195317268371582
17270 0.5200635194778442
17280 0.52068030834198
17290 0.5213859677314758
17300 0.5221962928771973
17310 0.5230933427810669
17320 0.5241077542304993
17330 0.5252808928489685
17340 0.5267820358276367
17350 0.5286415219306946
17360 0.5305856466293335
17370 0.5323999524116516
17380 0.5339027047157288
17390 0.5351836681365967
17400 0.536312460899353
17410 0.5372753739356995
17420 0.538091778755188
17430 0.5388973355293274
17440 0.5396650433540344
17450 0.5404931306838989
17460 0.5414283275604248
17470 0.5424977540969849
17480 0.5436028838157654
17490 0.5446789860725403
17500 0.545589804649353
17510 0.5463598370552063
17520 0.5471240282058716
17530 0.5479865670204163
17540 0.5488144159317017
17550 0.5496277809143066
17560 0.550446093082428
17570 0.5511792302131653
17580 0.5517101287841797
17590 0.5520066022872925
17600 0.552075982093811
17610 0.5519894957542419
17620 0.5517653822898865
17630 0.5513506531715393
17640 0.5507712960243225
17650 0.5500422120094299
17660 0.549144983291626
17670 0.5480668544769287
17680 0.5468571782112122
17690 0.5456298589706421
17700 0.5443674325942993
17710 0.5430163145065308
17720 0.5415685772895813
17730 0.5400236845016479
17740 0.5383566617965698
17750 0.5365219116210938
17760 0.5345948338508606
17770 0.5326458215713501
17780 0.5307934284210205
17790 0.5291599631309509
17800 0.5278362631797791
17810 0.5268771648406982
17820 0.5262926816940308
17830 0.5260138511657715
17840 0.5259273052215576
17850 0.5260872840881348
17860 0.5264221429824829
17870 0.5269303917884827
17880 0.5275892615318298
17890 0.5283735394477844
17900 0.5291768312454224
17910 0.5299456715583801
17920 0.5305551290512085
17930 0.5309520959854126
17940 0.5311760902404785
17950 0.5312864780426025
17960 0.5314101576805115
17970 0.5316275954246521
17980 0.5320481061935425
17990 0.5324794054031372
18000 0.53281569480896
18010 0.5331472158432007
18020 0.5334941744804382
18030 0.5338716506958008
18040 0.5341947674751282
18050 0.5344197750091553
18060 0.5345062613487244
18070 0.5344899892807007
18080 0.5343688726425171
18090 0.534123420715332
18100 0.5337775945663452
18110 0.5334500670433044
18120 0.5331327319145203
18130 0.5328433513641357
18140 0.5326052308082581
18150 0.5324404239654541
18160 0.5324497222900391
18170 0.5326680541038513
18180 0.5330221056938171
18190 0.5335213541984558
18200 0.5341811180114746
18210 0.5349521636962891
18220 0.5357645153999329
18230 0.5365432500839233
18240 0.5372264981269836
18250 0.5377869606018066
18260 0.5382500290870667
18270 0.5387135744094849
18280 0.5391489863395691
18290 0.5395216345787048
18300 0.539802610874176
18310 0.5399508476257324
18320 0.5400316119194031
18330 0.5401178598403931
18340 0.5401973724365234
18350 0.5401954650878906
18360 0.5401948690414429
18370 0.5401363372802734
18380 0.5399516820907593
18390 0.5395963191986084
18400 0.5389823913574219
18410 0.5381197333335876
18420 0.5368757247924805
18430 0.5354229807853699
18440 0.5338349342346191
18450 0.5321952700614929
18460 0.5304904580116272
18470 0.5287542343139648
18480 0.5270360112190247
18490 0.5253508687019348
18500 0.5236260890960693
18510 0.5218874216079712
18520 0.5201663970947266
18530 0.518552303314209
18540 0.5170962810516357
18550 0.515831470489502
18560 0.5148055553436279
18570 0.5140945315361023
18580 0.5136731266975403
18590 0.5134199857711792
18600 0.513294517993927
18610 0.5132895708084106
18620 0.5133408308029175
18630 0.513390839099884
18640 0.5134153962135315
18650 0.513398289680481
18660 0.5134395956993103
18670 0.5136094689369202
18680 0.5138089060783386
18690 0.5138830542564392
18700 0.5138154029846191
18710 0.5135272741317749
18720 0.5129966735839844
18730 0.5122267007827759
18740 0.5112709999084473
18750 0.5104539394378662
18760 0.5100072622299194
18770 0.5100327730178833
18780 0.5104531049728394
18790 0.5111815929412842
18800 0.5120360255241394
18810 0.5129528045654297
18820 0.5138798952102661
18830 0.5148168206214905
18840 0.5157598257064819
18850 0.5167912840843201
18860 0.5179433226585388
18870 0.5192657113075256
18880 0.5208123922348022
18890 0.5225180387496948
18900 0.5243953466415405
18910 0.5265182256698608
18920 0.5289592146873474
18930 0.5315737724304199
18940 0.5342249274253845
18950 0.5367998480796814
18960 0.5391776561737061
18970 0.5412182807922363
18980 0.5429525375366211
18990 0.5444780588150024
19000 0.5458799600601196
19010 0.5473566651344299
19020 0.5487624406814575
19030 0.5499898195266724
19040 0.5511631369590759
19050 0.5522556304931641
19060 0.5532622337341309
19070 0.5541863441467285
19080 0.5549068450927734
19090 0.5553247928619385
19100 0.5554909110069275
19110 0.5554820895195007
19120 0.5553992390632629
19130 0.5552777051925659
19140 0.5549700260162354
19150 0.5545096397399902
19160 0.5539088845252991
19170 0.5531855821609497
19180 0.552385687828064
19190 0.5516108870506287
19200 0.5509170293807983
19210 0.550353467464447
19220 0.549930214881897
19230 0.5495712757110596
19240 0.5491692423820496
19250 0.5487010478973389
19260 0.5481569170951843
19270 0.5475513935089111
19280 0.5468447804450989
19290 0.546015202999115
19300 0.5450358986854553
19310 0.5439551472663879
19320 0.5427917242050171
19330 0.5415537357330322
19340 0.5402113795280457
19350 0.5387325882911682
19360 0.5372490286827087
19370 0.5359873175621033
19380 0.5349287390708923
19390 0.5340291261672974
19400 0.5333447456359863
19410 0.5328690409660339
19420 0.532530665397644
19430 0.53228360414505
19440 0.5320559740066528
19450 0.5318781733512878
19460 0.5316684246063232
19470 0.5314400196075439
19480 0.5311824679374695
19490 0.5308319330215454
19500 0.5303286910057068
19510 0.5296948552131653
19520 0.5290088653564453
19530 0.5282919406890869
19540 0.5276157855987549
19550 0.5270825028419495
19560 0.5267703533172607
19570 0.5267617106437683
19580 0.5270712375640869
19590 0.5275055170059204
19600 0.5280025005340576
19610 0.5285640954971313
19620 0.5291445255279541
19630 0.5296978950500488
19640 0.5301217436790466
19650 0.5302989482879639
19660 0.5301966667175293
19670 0.5297768115997314
19680 0.5290926098823547
19690 0.5282054543495178
19700 0.5271762609481812
19710 0.526084303855896
19720 0.5249869227409363
19730 0.5239635109901428
19740 0.523057222366333
19750 0.522330641746521
19760 0.52191162109375
19770 0.5218077898025513
19780 0.5219213962554932
19790 0.5222347378730774
19800 0.5227596163749695
19810 0.5234718322753906
19820 0.5242844223976135
19830 0.5251405835151672
19840 0.5260365605354309
19850 0.5269461870193481
19860 0.5278538465499878
19870 0.5288279056549072
19880 0.5298286080360413
19890 0.5308007001876831
19900 0.5317321419715881
19910 0.5325627326965332
19920 0.5332766175270081
19930 0.5339350700378418
19940 0.5345787405967712
19950 0.535208523273468
19960 0.5358583927154541
19970 0.5363854169845581
19980 0.5367183089256287
19990 0.5368109345436096
20000 0.5365927815437317
20010 0.5360960364341736
20020 0.5352494716644287
20030 0.5341449975967407
20040 0.5328936576843262
20050 0.5315773487091064
20060 0.5302080512046814
20070 0.5288635492324829
20080 0.5275941491127014
20090 0.526394248008728
20100 0.5251834988594055
20110 0.523978054523468
20120 0.5228070616722107
20130 0.521712064743042
20140 0.5207088589668274
20150 0.519878625869751
20160 0.5193005800247192
20170 0.5189903974533081
20180 0.5189042091369629
20190 0.5189447999000549
20200 0.5189875364303589
20210 0.519041121006012
20220 0.5190536379814148
20230 0.5189348459243774
20240 0.5186697840690613
20250 0.5182602405548096
20260 0.5178502798080444
20270 0.5175568461418152
20280 0.5172858238220215
20290 0.5169618129730225
20300 0.5165727734565735
20310 0.5160356163978577
20320 0.5153383612632751
20330 0.5145028233528137
20340 0.5135819911956787
20350 0.5128297209739685
20360 0.5124028325080872
20370 0.5123970508575439
20380 0.5127424597740173
20390 0.5133607983589172
20400 0.5140997171401978
20410 0.514899730682373
20420 0.5157250165939331
20430 0.5165762901306152
20440 0.517488420009613
20450 0.5185340046882629
20460 0.5197346806526184
20470 0.5211065411567688
20480 0.5226974487304688
20490 0.5244192481040955
20500 0.5262574553489685
20510 0.5282362103462219
20520 0.5303637981414795
20530 0.5325067043304443
20540 0.534570574760437
20550 0.536471426486969
20560 0.5380925536155701
20570 0.5394324064254761
20580 0.5406009554862976
20590 0.5416471362113953
20600 0.5426449179649353
20610 0.543487012386322
20620 0.5442564487457275
20630 0.5449397563934326
20640 0.5455540418624878
20650 0.5460535287857056
20660 0.5463798046112061
20670 0.5465396046638489
20680 0.5464815497398376
20690 0.5462015867233276
20700 0.5457849502563477
20710 0.5452758073806763
20720 0.544715404510498
20730 0.5441533923149109
20740 0.5434631109237671
20750 0.5427317023277283
20760 0.5418995022773743
20770 0.540982186794281
20780 0.5400925874710083
20790 0.5393048524856567
20800 0.5386213660240173
20810 0.5381219387054443
20820 0.537761390209198
20830 0.5374402403831482
20840 0.5370326042175293
20850 0.5365311503410339
20860 0.5359554290771484
20870 0.5353094339370728
20880 0.534569263458252
20890 0.5336905717849731
20900 0.5326532125473022
20910 0.5315355658531189
20920 0.5303900837898254
20930 0.5291817784309387
20940 0.5278946161270142
20950 0.5264847874641418
20960 0.5250441431999207
20970 0.5237804651260376
20980 0.5227111577987671
20990 0.521840512752533
21000 0.5212507247924805
21010 0.5209227204322815
21020 0.5207626223564148
21030 0.5206999778747559
21040 0.5206922888755798
21050 0.5207606554031372
21060 0.5208186507225037
21070 0.5208467841148376
21080 0.5208486318588257
21090 0.5208067297935486
21100 0.5206844806671143
21110 0.5204824209213257
21120 0.5202417969703674
21130 0.5200065970420837
21140 0.5198572278022766
21150 0.51988285779953
21160 0.5202334523200989
21170 0.5209527015686035
21180 0.5220389366149902
21190 0.5232442617416382
21200 0.5245009660720825
21250 0.5303818583488464
21300 0.5302028656005859
21310 0.5295363068580627
21360 0.5269512534141541
21380 0.5274266004562378
14610 0.5127121210098267
14620 0.5124267339706421
14630 0.5124126672744751
14640 0.5126689076423645
14650 0.5131759643554688
14660 0.513881504535675
14670 0.5147705674171448
14680 0.515819251537323
14690 0.5170066356658936
14700 0.5182143449783325
14710 0.5193408131599426
14720 0.5202885270118713
14730 0.5209336280822754
14740 0.5213200449943542
14750 0.521544873714447
14760 0.5217403173446655
14770 0.5219911336898804
14780 0.5224279761314392
14790 0.5228419303894043
14800 0.5230698585510254
14810 0.5232196450233459
14820 0.5233216285705566
14830 0.5233790278434753
14840 0.5233116745948792
14850 0.5230650901794434
14860 0.5226582288742065
14870 0.5221452713012695
14880 0.521522045135498
14890 0.5207938551902771
14900 0.5199979543685913
14910 0.519238293170929
14920 0.5185883045196533
14930 0.518028199672699
14940 0.5175740122795105
14950 0.5172099471092224
14960 0.5170694589614868
14970 0.5171891450881958
14980 0.5174645185470581
14990 0.5179160237312317
15000 0.5185624361038208
15010 0.5193713903427124
15020 0.5202667713165283
15030 0.521186351776123
15040 0.5220386981964111
15050 0.5227136611938477
15060 0.5233005285263062
15070 0.5239216089248657
15080 0.524509072303772
15090 0.5250003933906555
15100 0.5254268050193787
15110 0.5257743000984192
15120 0.5260617733001709
15130 0.5263132452964783
15140 0.5265029072761536
15150 0.5265712738037109
15160 0.5265737175941467
15170 0.5264572501182556
15180 0.5261346697807312
15190 0.5255471467971802
15200 0.5247219204902649
15210 0.5238074660301208
15220 0.5227237939834595
15230 0.521546483039856
15240 0.5202886462211609
15250 0.5189209580421448
15260 0.5174610018730164
15270 0.515921950340271
15280 0.5142709612846375
15290 0.5125598311424255
15300 0.5108396410942078
15310 0.5092399120330811
15320 0.5078243613243103
15330 0.5065765380859375
15340 0.5054866671562195
15350 0.5045617818832397
15360 0.5038084983825684
15370 0.5033523440361023
15380 0.5031257271766663
15390 0.5030466914176941
15400 0.5030748248100281
7210 0.4218809306621552
7220 0.421360194683075
7230 0.4208527207374573
7240 0.420280396938324
7250 0.4196232259273529
7260 0.4188835322856903
7270 0.4180957973003387
7280 0.417331874370575
7290 0.4165494740009308
7300 0.4157413244247437
7310 0.4149802625179291
7320 0.4142767786979675
7330 0.4136500954627991
7340 0.4130557179450989
7350 0.4124900996685028
7360 0.4120094776153564
7370 0.4115973711013794
7380 0.4112496376037598
7390 0.4109517335891724
7400 0.4106968641281128
7410 0.4104875028133392
7420 0.410296618938446
7430 0.4101102650165558
7440 0.4098863005638123
7450 0.4096331894397736
7460 0.4093703329563141
7470 0.4091365039348602
7480 0.4089391827583313
7490 0.4088081419467926
7500 0.4087904393672943
7510 0.4087919294834137
7520 0.4087300598621368
7530 0.4086302220821381
7540 0.4084727466106415
7550 0.4084118902683258
7560 0.4084135293960571
7570 0.40843465924263
7580 0.4085482060909271
7590 0.408815860748291
7600 0.4092681705951691
7610 0.4099122881889343
7620 0.4107197225093842
7630 0.4116553664207458
7640 0.4126266539096832
7650 0.4135918021202087
7660 0.4145562052726746
7670 0.4155446887016296
7680 0.4165797531604767
7690 0.4176304638385773
7700 0.4187580943107605
7710 0.4199564158916473
7720 0.4211828112602234
7730 0.4224630892276764
7740 0.4237947463989258
7750 0.425169050693512
7760 0.4265305995941162
7770 0.4277251660823822
7780 0.4286377131938934
7790 0.4292101860046387
7800 0.4294161796569824
7810 0.4292957484722137
7820 0.4289580285549164
7830 0.4284378886222839
7840 0.4278050065040588
7850 0.4271270930767059
7860 0.4264708459377289
7870 0.4258613884449005
7880 0.4252835512161255
7890 0.4246895313262939
7900 0.4239883720874786
7910 0.4231139123439789
7920 0.422115683555603
7930 0.4211632609367371
7940 0.4202704727649689
7950 0.4196041822433472
7960 0.4191267788410187
7970 0.4189119338989258
7980 0.4188856780529022
7990 0.4189810454845428
8000 0.4190910756587982
8010 0.4191637337207794
8020 0.4191798865795135
8030 0.4191084206104279
8040 0.418962150812149
8050 0.4187988042831421
8060 0.4186630249023438
8070 0.4185382723808289
8080 0.4184237420558929
8090 0.4182845652103424
8100 0.4181234240531921
8110 0.417958527803421
8120 0.4177690744400024
8130 0.4175503253936768
8140 0.4172981679439545
8150 0.417034924030304
8160 0.4167092144489288
8170 0.4163104593753815
8180 0.415783166885376
8190 0.4151315689086914
8200 0.4144042134284973
8210 0.4135603606700897
8220 0.4126333296298981
8230 0.4117271900177002
8240 0.4108863770961761
8250 0.4101405143737793
8260 0.4095012545585632
8270 0.4089739918708801
8280 0.4085395336151123
8290 0.4081907570362091
8300 0.4079004526138306
8310 0.4076590836048126
8320 0.4074647426605225
8330 0.4072597026824951
8340 0.4070390462875366
8350 0.406822681427002
8360 0.4066620767116547
8370 0.4066050052642822
8380 0.4066748917102814
8390 0.4067713618278503
8400 0.4069066345691681
8410 0.4071617722511292
8420 0.4075403213500977
8430 0.4080516993999481
8440 0.4086426496505737
8450 0.4093144237995148
8460 0.4100662767887115
8470 0.4108071327209473
8480 0.4115062355995178
8490 0.4121344387531281
8500 0.4126319289207458
8510 0.4130782783031464
8520 0.4134997725486755
8530 0.4139128625392914
8540 0.4143646061420441
8550 0.4148643314838409
8560 0.4154269695281982
8570 0.4160889387130737
8580 0.4168265163898468
8590 0.4176439940929413
8600 0.4186305403709412
8610 0.4197326302528381
8620 0.4209294319152832
8630 0.4221808612346649
8640 0.4234335422515869
8650 0.4246578812599182
8660 0.4258466958999634
8670 0.4269260764122009
8680 0.4278558194637299
8690 0.4286399781703949
8700 0.429231584072113
8710 0.4295476973056793
8720 0.429554283618927
8730 0.4293189346790314
8740 0.4288026988506317
8750 0.428081214427948
8760 0.427249014377594
8770 0.4263886511325836
8780 0.425542414188385
8790 0.4248087108135223
8800 0.42425337433815
8810 0.4237892627716064
8820 0.4233120083808899
8830 0.4228218197822571
8840 0.4222075939178467
8850 0.4214918911457062
8860 0.4206778407096863
8870 0.4198008477687836
8880 0.4189403057098389
8890 0.4180503785610199
8900 0.4171246886253357
8910 0.4162160456180573
8920 0.4153340458869934
8930 0.4145019054412842
8940 0.4136896431446075
8950 0.412897914648056
8960 0.4121915102005005
8970 0.4115455150604248
8980 0.4109671711921692
8990 0.4104603230953217
9000 0.4100164175033569
9010 0.4096459746360779
9020 0.4093343913555145
9030 0.4090591669082642
9040 0.4087804853916168
9050 0.4084901511669159
9060 0.4082092344760895
9070 0.4079879224300385
9080 0.4078252613544464
9090 0.4077542424201965
9100 0.4077610671520233
9110 0.4077776372432709
9120 0.4077197015285492
9130 0.4076187610626221
9140 0.4074605405330658
9150 0.4074015915393829
9160 0.4074108898639679
9170 0.4074288606643677
9180 0.4075311720371246
9190 0.4077936708927155
9200 0.4082403182983398
9210 0.4088739156723022
9220 0.4096775352954865
9230 0.4106162190437317
9240 0.4115875363349915
9250 0.4125488698482513
9260 0.4135165214538574
9270 0.4145399034023285
9280 0.415617823600769
9290 0.4167206287384033
9300 0.4179080724716187
9310 0.4191800355911255
9320 0.4204842746257782
9330 0.4218351244926453
9340 0.423257976770401
9350 0.4247487783432007
9360 0.4262512922286987
9370 0.427549809217453
9380 0.4284761250019073
9390 0.4290525615215302
9400 0.4292796850204468
9410 0.4292006492614746
9420 0.4289183616638184
9430 0.4284719526767731
9440 0.42793208360672
9450 0.4273646175861359
9460 0.4268263280391693
9470 0.4263505339622498
9480 0.4259233474731445
9490 0.4254688620567322
9500 0.4248895049095154
9510 0.4241158962249756
9520 0.4232200086116791
9530 0.4223478734493256
9540 0.4215103387832642
9550 0.4208952486515045
9560 0.4204654395580292
9570 0.4203040897846222
9580 0.4203381240367889
9590 0.4205089211463928
9600 0.4207092821598053
9610 0.4208862483501434
9620 0.421019583940506
9630 0.4210742712020874
9640 0.4210543930530548
9650 0.4210150241851807
9660 0.4209900796413422
9670 0.420992374420166
9680 0.4209909439086914
9690 0.42093625664711
9700 0.420836478471756
9710 0.4207087457180023
9720 0.4205331206321716
9730 0.4203023910522461
9740 0.42000612616539
9750 0.4196733236312866
9760 0.4192530810832977
9770 0.4187532365322113
9780 0.4181445837020874
9790 0.4174157977104187
9800 0.4166163504123688
9810 0.4157501459121704
9820 0.4147939383983612
9830 0.4138433635234833
9840 0.4129590392112732
9850 0.412169873714447
9860 0.4114670157432556
9870 0.4108512401580811
9880 0.4103085398674011
9890 0.409818023443222
9900 0.4093510508537292
9910 0.408927321434021
9920 0.4085490703582764
9930 0.4081648886203766
9940 0.4077841639518738
9950 0.4074151217937469
9960 0.4071097671985626
9970 0.4069042801856995
9980 0.406821221113205
9990 0.4067870378494263
10000 0.4068195223808289
10010 0.406983882188797
10020 0.4072812795639038
10030 0.4077099859714508
10040 0.4082130491733551
10050 0.4088062942028046
10060 0.4094531238079071
10070 0.4100824892520905
10080 0.4106663465499878
10090 0.411174088716507
10100 0.4115620255470276
10110 0.4118970930576324
10120 0.4122073650360107
10130 0.4125275611877441
10140 0.4128912091255188
10150 0.4132975339889526
10160 0.4137605726718903
10170 0.4142913520336151
10180 0.4148921966552734
10190 0.4155645072460175
10200 0.4163773953914642
10210 0.4172859191894531
10220 0.4182778000831604
10230 0.4193241596221924
10240 0.4203988909721375
10250 0.42146235704422
10260 0.4225098788738251
10270 0.4234755635261536
10280 0.4243150949478149
10290 0.4250099360942841
10300 0.4255094826221466
10310 0.4257396757602692
10320 0.4256535470485687
10330 0.4253055453300476
10340 0.4246739149093628
10350 0.4238530993461609
10360 0.4229499697685242
10370 0.4220042824745178
10380 0.4210602045059204
10390 0.4202256202697754
10400 0.4195694029331207
10410 0.4190337657928467
10420 0.4185082912445068
10430 0.4180068671703339
10440 0.4174951910972595
10450 0.4169325530529022
10460 0.4163005352020264
10470 0.415628969669342
10480 0.4149774610996246
10490 0.4143145680427551
10500 0.4136396050453186
10510 0.4129980802536011
10520 0.41240593791008
10530 0.4118999838829041
10540 0.4114060997962952
10550 0.4108990728855133
10560 0.4104860126972198
10570 0.41012042760849
10580 0.4098305702209473
10590 0.4096056818962097
10600 0.4094250202178955
10610 0.4093025326728821
10620 0.4092099070549011
10630 0.4090784192085266
10640 0.4088701009750366
10650 0.4086064696311951
10660 0.408308207988739
10670 0.4080459177494049
10680 0.4078534841537476
10690 0.4077184200286865
10700 0.4076915979385376
10710 0.4077595174312592
10720 0.4077537953853607
10730 0.4076839089393616
10740 0.4075205624103546
10750 0.4074170887470245
10760 0.4072743058204651
10770 0.4071403741836548
10780 0.4070374667644501
10790 0.4070627391338348
10800 0.4073234796524048
10810 0.4079063236713409
10820 0.4087517857551575
10830 0.409777969121933
10840 0.4108715355396271
10850 0.4119496643543243
10860 0.4129858016967773
10870 0.4140603542327881
10880 0.4152586460113525
10890 0.4165407121181488
10900 0.417916864156723
10910 0.4193587899208069
10920 0.4207621216773987
10930 0.4221619367599487
10940 0.4236410856246948
10950 0.4252135157585144
10960 0.426877498626709
10970 0.4283997714519501
10980 0.4296520352363586
10990 0.4306850433349609
11000 0.4315302968025208
11010 0.432217001914978
11020 0.4327841699123383
11030 0.4332543015480042
11040 0.4336619675159454
11050 0.4339909553527832
11060 0.4342820942401886
11070 0.4345700740814209
11080 0.4348645508289337
11090 0.4351055026054382
11100 0.4351866543292999
11110 0.4350703358650208
11120 0.434810608625412
11130 0.4345790147781372
11140 0.4343197047710419
11150 0.4343210160732269
11160 0.434628963470459
11170 0.435286670923233
11180 0.4363076984882355
11190 0.4376505315303802
11200 0.4392080307006836
11210 0.4409276843070984
11220 0.4427716732025146
11230 0.4446113705635071
11240 0.4464104771614075
11250 0.4480959475040436
11260 0.4496255218982697
11270 0.4509824216365814
11280 0.4521345496177673
11290 0.4531172811985016
11300 0.4539619386196136
11310 0.4547325670719147
11320 0.4554420113563538
11330 0.4561053514480591
11340 0.4567395746707916
11350 0.4572781324386597
11360 0.4577040076255798
11370 0.458112895488739
11380 0.4584401845932007
11390 0.4586239457130432
11400 0.4586956202983856
11410 0.4586990177631378
11420 0.4586611092090607
11430 0.4586880505084991
11440 0.4587512612342834
11450 0.4588160216808319
11460 0.458905816078186
11470 0.4590939283370972
11480 0.4593934118747711
11490 0.4597775042057037
11500 0.4601674675941467
11510 0.460507333278656
11520 0.460786759853363
11530 0.460972011089325
11540 0.4611251950263977
11550 0.4613410234451294
11560 0.4616524279117584
11570 0.4620700180530548
11580 0.4626000821590424
11590 0.4631273448467255
11600 0.4636306762695312
11610 0.4641599655151367
11620 0.4647127687931061
11630 0.4652315378189087
11640 0.4655758142471313
11650 0.465671181678772
11660 0.4656045734882355
11670 0.4654460847377777
11680 0.465291291475296
11690 0.4652495682239532
11700 0.4652178585529327
11710 0.4651809930801392
11720 0.4652445614337921
11730 0.4653934240341187
11740 0.4655889570713043
11750 0.4658714234828949
11760 0.466234564781189
11770 0.4666303992271423
11780 0.4670815765857697
11790 0.4675534069538116
11800 0.4681069552898407
11810 0.4686931967735291
11820 0.4693170487880707
11830 0.4699433147907257
11840 0.4705551862716675
11850 0.4711554050445557
11860 0.4717925786972046
11870 0.4724164605140686
11880 0.4729568958282471
11890 0.4733953177928925
11900 0.4737311005592346
11910 0.4739323556423187
11920 0.4739978909492493
11930 0.4739761054515839
11940 0.4738470315933228
11950 0.473591685295105
11960 0.4731947481632233
11970 0.4727114140987396
11980 0.4721967279911041
11990 0.4717364907264709
12000 0.4712886214256287
12010 0.4708156585693359
12020 0.470008909702301
12030 0.4689288437366486
12040 0.4676977396011353
12050 0.4663849771022797
12060 0.465089738368988
12070 0.4638393521308899
12080 0.4626516997814178
12090 0.4615169763565063
12100 0.4604473412036896
12110 0.4595271050930023
12120 0.4587912559509277
12130 0.4583309292793274
12140 0.4581708014011383
12150 0.4583773612976074
12160 0.4589629173278809
12170 0.459927499294281
12180 0.4611493349075317
12190 0.4623143672943115
12200 0.4633098244667053
12210 0.4641846120357513
12220 0.4649678468704224
12230 0.4656374156475067
12240 0.4662697315216064
12250 0.4669950008392334
12260 0.4678926169872284
12270 0.4688579440116882
12280 0.4697827994823456
12290 0.4707002341747284
12300 0.471594363451004
12310 0.4723644852638245
12320 0.4729549288749695
12330 0.4733089208602905
12340 0.4734264612197876
12350 0.4736956357955933
12360 0.4742126166820526
12370 0.4749924838542938
12380 0.4760093092918396
12390 0.4771988093852997
12400 0.4784501791000366
12410 0.4797118604183197
12420 0.4809820055961609
12430 0.4823125004768372
12440 0.4837379157543182
12450 0.4853053689002991
12460 0.487034946680069
12470 0.4889405369758606
12480 0.4910323023796082
12490 0.4931727647781372
12500 0.4953301846981049
12510 0.4974595904350281
12520 0.4994869232177734
12530 0.5013477802276611
12540 0.5030715465545654
12550 0.5046842098236084
12560 0.5062194466590881
12570 0.5076127648353577
12580 0.5088940262794495
12590 0.5100564360618591
12600 0.5110228061676025
12610 0.5117810368537903
12620 0.5123394131660461
12630 0.5126063823699951
12640 0.5125166177749634
12650 0.5121070742607117
12660 0.511431097984314
12670 0.5105620622634888
12680 0.5095096826553345
12690 0.5082719326019287
12700 0.5068917870521545
12710 0.5054055452346802
12720 0.5039443969726562
12730 0.5025714635848999
12740 0.5011431574821472
12750 0.4997887015342712
12760 0.4985305070877075
12770 0.4974245429039001
12780 0.49652960896492
12790 0.4957350492477417
12800 0.4949507117271423
12810 0.4942220449447632
12820 0.4935549199581146
12830 0.4928840398788452
12840 0.4921699464321136
12850 0.4914371371269226
12860 0.4906265735626221
12870 0.4896968007087708
12880 0.4886352121829987
12890 0.4874406158924103
12900 0.4861610233783722
12910 0.4848444759845734
12920 0.4834757745265961
12930 0.482094943523407
12940 0.480693519115448
12950 0.4792585968971252
12960 0.4778448641300201
12970 0.4764977395534515
12980 0.4752776920795441
12990 0.4742032289505005
13000 0.4732494652271271
13010 0.4724933207035065
13020 0.4720460772514343
13030 0.4718779921531677
13040 0.4719496369361877
13050 0.47230464220047
13060 0.4729103147983551
13070 0.4737145006656647
13080 0.4746246039867401
13090 0.4755904674530029
13100 0.476543128490448
13110 0.4773962199687958
13120 0.4781456589698792
13130 0.478787362575531
13140 0.4793787002563477
13150 0.4799792170524597
13160 0.4806801974773407
13170 0.4815095663070679
13180 0.4825828969478607
13190 0.4838214516639709
13200 0.4851776659488678
13210 0.4866737723350525
13220 0.4882769286632538
13230 0.4899053871631622
13240 0.4914425313472748
13250 0.4928335547447205
13260 0.4940778911113739
13270 0.4951505661010742
13280 0.4959922730922699
13290 0.496637225151062
13300 0.4971629977226257
13310 0.4976974427700043
13320 0.4983319342136383
13330 0.4990796744823456
13340 0.4999140799045563
13350 0.5009079575538635
13360 0.5021637678146362
13370 0.5037047863006592
13380 0.505410373210907
13390 0.5072337985038757
13400 0.5091108679771423
13410 0.5109363198280334
13420 0.512671172618866
13430 0.5142394304275513
13440 0.5156266689300537
13450 0.5168187618255615
13460 0.5178839564323425
13470 0.5189221501350403
13480 0.5198919177055359
13490 0.5207485556602478
13500 0.5214506387710571
13510 0.5219601392745972
13520 0.5223031640052795
13530 0.5225423574447632
13540 0.522699236869812
13550 0.5227170586585999
13560 0.5227144956588745
13570 0.5226408243179321
13580 0.5224028825759888
13590 0.521946132183075
13600 0.5211353302001953
13610 0.5199764966964722
13620 0.5183861255645752
13630 0.5165924429893494
13640 0.5146907567977905
13650 0.5127518773078918
13660 0.5107916593551636
13670 0.5088067650794983
13680 0.5068514347076416
13690 0.5049433708190918
13700 0.5030202269554138
13710 0.5011045932769775
13720 0.4992674291133881
13730 0.4975574016571045
13740 0.4960246682167053
13750 0.4947693645954132
13760 0.4937834441661835
13770 0.4931312203407288
13780 0.4927611351013184
13790 0.4925220310688019
13800 0.4923223257064819
13810 0.4921453595161438
13820 0.4919424653053284
13830 0.4916706681251526
13840 0.4913467466831207
13850 0.4910017251968384
13860 0.4907184243202209
13870 0.4905080795288086
13880 0.4902711510658264
13890 0.4899409413337708
13900 0.4894825220108032
13910 0.4888611733913422
13920 0.4880680739879608
13930 0.4870978593826294
13940 0.4859642684459686
13950 0.4849353432655334
13960 0.4842724204063416
13970 0.4841417670249939
13980 0.4844104647636414
13990 0.4849287271499634
14000 0.485541820526123
14010 0.4861581027507782
14020 0.4867147505283356
14030 0.4872463941574097
14040 0.4877543449401855
14050 0.4883135557174683
14060 0.4889498353004456
14070 0.4897071123123169
14080 0.4906093180179596
14090 0.491645872592926
14100 0.4928264021873474
14110 0.4941192269325256
14120 0.4955962300300598
14130 0.4973187446594238
14140 0.4993312656879425
14150 0.5014867782592773
14160 0.5036389231681824
14170 0.5056057572364807
14180 0.5073411464691162
14190 0.5088949203491211
14200 0.5102893114089966
14210 0.5115730762481689
14220 0.5127823352813721
14230 0.5139090418815613
14240 0.514930248260498
14250 0.5158078670501709
14260 0.5166707634925842
14270 0.5176109671592712
14280 0.5185836553573608
14290 0.5195217132568359
14300 0.5203329920768738
14310 0.5210381746292114
14320 0.5216813087463379
14330 0.5224391222000122
14340 0.5232295989990234
14350 0.5240294337272644
14360 0.5248328447341919
14370 0.5255916714668274
14380 0.5261952877044678
14390 0.5265743136405945
14400 0.5267829895019531
14410 0.5268442630767822
14420 0.5267817974090576
14430 0.5265675187110901
14440 0.5262378454208374
14450 0.5258364677429199
14460 0.5253713130950928
14470 0.5248299837112427
14480 0.524268627166748
14490 0.5237262845039368
14500 0.5231494307518005
14510 0.5224852561950684
14520 0.521706759929657
14530 0.5208407044410706
14540 0.5198616981506348
14550 0.5187625885009766
14560 0.5175761580467224
14570 0.5163438320159912
14580 0.5151788592338562
14590 0.5141273736953735
14600 0.5132696628570557
7010 0.4198007881641388
7020 0.4208312034606934
7030 0.4219295978546143
7040 0.4230470061302185
7050 0.424146980047226
7060 0.4252248406410217
7070 0.4262106716632843
7080 0.4270566403865814
7090 0.4277549386024475
7100 0.4282643795013428
7110 0.4285061061382294
7120 0.428433746099472
7130 0.4281072616577148
7140 0.427493542432785
7150 0.426675409078598
7160 0.4257498383522034
7170 0.4247935712337494
7180 0.4238602221012115
7190 0.4230347871780396
7200 0.4224013686180115
7240 0.4202803671360016
7250 0.4196232557296753
7260 0.4188835024833679
7270 0.4180958271026611
7320 0.4142768681049347
0 0.418824702501297
10 0.415576696395874
20 0.4154258668422699
30 0.4153106212615967
40 0.415405809879303
50 0.4155962467193604
60 0.4158519506454468
70 0.4161559343338013
80 0.4164862334728241
90 0.4168448448181152
100 0.4172605574131012
110 0.4177295863628387
120 0.4181792438030243
130 0.4185508489608765
140 0.4188193678855896
150 0.4189590811729431
160 0.4189678728580475
170 0.41887167096138
180 0.4186182618141174
190 0.4181765615940094
200 0.4175550639629364
210 0.4168099462985992
220 0.4158025681972504
230 0.4145778119564056
240 0.4132469296455383
250 0.4118946492671967
260 0.4105737805366516
270 0.4093503355979919
280 0.4082630276679993
290 0.4072786569595337
300 0.4063547551631927
310 0.4055019021034241
320 0.4047122001647949
330 0.4039568901062012
340 0.4032090902328491
350 0.4024566411972046
360 0.401787281036377
370 0.4012657999992371
380 0.4009706377983093
390 0.4008489847183228
400 0.4008094966411591
410 0.4008686542510986
420 0.4009824991226196
430 0.4011408388614655
440 0.401317298412323
450 0.4015142023563385
460 0.4017497301101685
470 0.4019829630851746
480 0.4021978974342346
490 0.4023585915565491
500 0.4024136960506439
510 0.4024864137172699
520 0.4026695787906647
530 0.4029531180858612
540 0.4033269584178925
550 0.4037773609161377
560 0.404312938451767
570 0.4049649834632874
580 0.4057154953479767
590 0.4066333174705505
600 0.4077438116073608
610 0.4090137481689453
620 0.4103956520557404
630 0.411844938993454
640 0.4133166372776031
650 0.4147571921348572
660 0.4161652624607086
670 0.417490690946579
680 0.4186863601207733
690 0.4197224676609039
700 0.4205620884895325
710 0.4211198389530182
720 0.4213527739048004
730 0.421318918466568
740 0.4209864437580109
750 0.4204483926296234
760 0.4198143184185028
770 0.4191078543663025
780 0.4184055924415588
790 0.4177740216255188
800 0.4172773063182831
810 0.4168846011161804
820 0.4165032207965851
830 0.41620934009552
840 0.4158963263034821
850 0.4155009686946869
860 0.4150326251983643
870 0.4145323634147644
880 0.4140708744525909
890 0.4136101305484772
900 0.4131366014480591
910 0.4126799404621124
920 0.4122567176818848
930 0.4119178354740143
940 0.4115667939186096
950 0.4112323522567749
960 0.4109980762004852
970 0.4108285009860992
980 0.4107433557510376
990 0.4107247889041901
1000 0.4107424020767212
1010 0.41080641746521
1020 0.4108851552009583
1030 0.4109079837799072
1040 0.4108542799949646
1050 0.4107367396354675
1060 0.410567581653595
1070 0.4103982150554657
1080 0.4102450013160706
1090 0.4101224541664124
1100 0.410107284784317
1110 0.4102065563201904
1120 0.410258024930954
1130 0.4102556109428406
1140 0.4101881086826324
1150 0.4101932048797607
1160 0.4101735651493073
1170 0.4101938307285309
1180 0.4103167951107025
1190 0.4105983376502991
1200 0.4110970497131348
1210 0.4117906987667084
1220 0.4126513302326202
1230 0.4136266708374023
1240 0.4146336615085602
1250 0.4156593680381775
1260 0.4166919589042664
1270 0.4176996350288391
1280 0.4187311828136444
1290 0.4197602272033691
1300 0.4208399653434753
1310 0.421957790851593
1320 0.423084169626236
1330 0.4242491722106934
1340 0.4254574775695801
1350 0.4266960620880127
1360 0.4279118180274963
1370 0.428946316242218
1380 0.4296590983867645
1390 0.4300804436206818
1400 0.4301044642925262
1410 0.4297729432582855
1420 0.4291943311691284
1430 0.4284090399742126
1440 0.427471935749054
1450 0.4264743030071259
1460 0.4255252480506897
1470 0.4246223866939545
1480 0.4237427711486816
1490 0.4228487908840179
1500 0.4218677282333374
1510 0.420723021030426
1520 0.4194298684597015
1530 0.4181707203388214
1540 0.4170162975788116
1550 0.4161109030246735
1560 0.4153731465339661
1570 0.4148668348789215
1580 0.414545089006424
1590 0.4143673181533813
1600 0.4142600297927856
1610 0.4141549468040466
1620 0.4140250384807587
1630 0.4138512015342712
1640 0.4136502742767334
1650 0.4134721755981445
1660 0.4133288264274597
1670 0.4132324159145355
1680 0.4131827354431152
1690 0.4131309390068054
1700 0.4130795300006866
1710 0.4130553901195526
1720 0.4130301475524902
1730 0.4130046367645264
1740 0.4129840731620789
1750 0.4129954874515533
1760 0.4129480421543121
1770 0.4128133654594421
1780 0.4125390946865082
1790 0.4121319651603699
1800 0.4115464389324188
1810 0.4108408689498901
1820 0.4100509285926819
1830 0.409255176782608
1840 0.4085061252117157
1850 0.4078111350536346
1860 0.4072092175483704
1870 0.4067446291446686
1880 0.4064012765884399
1890 0.4061608016490936
1900 0.4059888422489166
1910 0.4058630168437958
1920 0.4057807922363281
1930 0.4056694805622101
1940 0.4055438339710236
1950 0.4054164588451385
1960 0.4053167402744293
1970 0.4052976667881012
1980 0.4054006040096283
1990 0.40556401014328
2000 0.4057790637016296
2010 0.4061422049999237
2020 0.4066627025604248
2030 0.4073328673839569
2040 0.408110499382019
2050 0.408988893032074
2060 0.4098677337169647
2070 0.4107024371623993
2080 0.4114564061164856
2090 0.4121294319629669
2100 0.4126696884632111
2110 0.4131167531013489
2120 0.4135055840015411
2130 0.4138749241828918
2140 0.4142918884754181
2150 0.4147803485393524
2160 0.4153793156147003
2170 0.4161276519298553
2180 0.4169932007789612
2190 0.4179677367210388
2200 0.4191201329231262
2210 0.4204086065292358
2220 0.421790212392807
2230 0.4232353270053864
2240 0.4246817231178284
2250 0.4260991811752319
2260 0.427482008934021
2270 0.4287613034248352
2280 0.4298726320266724
2290 0.4308149814605713
2300 0.4315573871135712
2310 0.4320209324359894
2320 0.4321636855602264
2330 0.4320336282253265
2340 0.431589812040329
2350 0.4309020638465881
2360 0.4300574362277985
2370 0.4291763305664062
2380 0.4283111691474915
2390 0.427553653717041
2400 0.4269730150699615
2410 0.4264677166938782
2420 0.425940215587616
2430 0.4253914356231689
2440 0.4246941804885864
2450 0.423848956823349
2460 0.4229064285755157
2470 0.4218944609165192
2480 0.4208947718143463
2490 0.4198882877826691
2500 0.418876051902771
2510 0.4179253280162811
2520 0.4170477986335754
2530 0.4162315726280212
2540 0.4154725968837738
2550 0.4147671163082123
2560 0.4141876995563507
2570 0.4137041866779327
2580 0.4133128225803375
2590 0.4129940867424011
2600 0.4127362668514252
2610 0.4125564992427826
2620 0.4124148190021515
2630 0.4122068881988525
2640 0.4119376242160797
2650 0.4116432666778564
2660 0.4113310277462006
2670 0.4110490083694458
2680 0.410796731710434
2690 0.4106022417545319
2700 0.4105351269245148
2710 0.4105857014656067
2720 0.4105997979640961
2730 0.4105678200721741
2740 0.4104719161987305
2750 0.4104614853858948
2760 0.4104216694831848
2770 0.4104395508766174
2780 0.4105699360370636
2790 0.4108406007289886
2800 0.4113253057003021
2810 0.412006139755249
2820 0.4128476977348328
2830 0.4138050079345703
2840 0.4148024916648865
2850 0.4158146679401398
2860 0.4168446063995361
2870 0.4178705811500549
2880 0.4189330339431763
2890 0.4199962615966797
2900 0.4211166203022003
2910 0.4222837686538696
2920 0.4234522581100464
2930 0.4246553480625153
2940 0.425912618637085
2950 0.4272333085536957
2960 0.4285854697227478
2970 0.4297810196876526
2980 0.4306417405605316
2990 0.4311512410640717
3000 0.4313003718852997
3010 0.4311374425888062
3020 0.4307492673397064
3030 0.43018639087677
3040 0.4295096695423126
3050 0.4287957549095154
3060 0.4281083643436432
3070 0.4274571239948273
3080 0.4268294274806976
3090 0.4261830747127533
3100 0.4254413545131683
3110 0.4245352149009705
3120 0.4235134422779083
3130 0.4225426912307739
3140 0.4216285645961761
3150 0.42093625664711
3160 0.420430988073349
3170 0.4201782941818237
3180 0.4201037883758545
3190 0.4201414287090302
3200 0.4201878905296326
3210 0.420190304517746
3220 0.4201312661170959
3230 0.4199891984462738
3240 0.4197796881198883
3250 0.4195534586906433
3260 0.4193480610847473
3270 0.4191557466983795
3280 0.4189620614051819
3290 0.4187239706516266
3300 0.4184495806694031
3310 0.4181596636772156
3320 0.417838454246521
3330 0.4174843430519104
3340 0.4170924723148346
3350 0.4167028665542603
3360 0.4162806570529938
3370 0.4158133566379547
3380 0.4152267575263977
3390 0.4145049750804901
3400 0.4137099981307983
3410 0.4127998352050781
3420 0.4117937386035919
3430 0.4107794761657715
3440 0.4098157584667206
3450 0.4089295566082001
3460 0.4081438183784485
3470 0.4074559807777405
3480 0.4068487882614136
3490 0.406316727399826
3500 0.4058528542518616
3510 0.4054528474807739
3520 0.40511354804039
3530 0.4047824442386627
3540 0.4044581651687622
3550 0.4041543900966644
3560 0.4039115905761719
3570 0.403756320476532
3580 0.4037327766418457
3590 0.4037681221961975
3600 0.4038851857185364
3610 0.4041594862937927
3620 0.404604434967041
3630 0.405214935541153
3640 0.4059228301048279
3650 0.4066301286220551
3660 0.4073124825954437
3670 0.4079376459121704
3680 0.4085078239440918
3690 0.4089919626712799
3700 0.4093255698680878
3710 0.4096094071865082
3720 0.4099055826663971
3730 0.4102284610271454
3740 0.4106034934520721
3750 0.4110180735588074
3760 0.411494255065918
3770 0.412063330411911
3780 0.4127286970615387
3790 0.4134994745254517
3800 0.4144470989704132
3810 0.41552734375
3820 0.4167091548442841
3830 0.4179574549198151
3840 0.4192310273647308
3850 0.4204837679862976
3860 0.4217108190059662
3870 0.4228412508964539
3880 0.4238206148147583
3890 0.4246579706668854
3900 0.4252979755401611
3910 0.4256457090377808
3920 0.4256642758846283
3930 0.4254090189933777
3940 0.4248365461826324
3950 0.4240397214889526
3960 0.4231444001197815
3970 0.422199547290802
3980 0.4212665259838104
3990 0.4204131364822388
4000 0.4197335541248322
4010 0.4191662073135376
4020 0.4186018109321594
4030 0.4180601239204407
4040 0.417506605386734
4050 0.4168827831745148
4060 0.4161862730979919
4070 0.4154524207115173
4080 0.4147491753101349
4090 0.4140464663505554
4100 0.4133442640304565
4110 0.4126941859722137
4120 0.4121017754077911
4130 0.4116057753562927
4140 0.4111243784427643
4150 0.4106606841087341
4160 0.410308837890625
4170 0.4100376665592194
4180 0.4098644256591797
4190 0.4097720682621002
4200 0.4097374975681305
4210 0.4097789227962494
4220 0.4098477959632874
4230 0.409826785326004
4240 0.409732848405838
4250 0.409585177898407
4260 0.4094021618366241
4270 0.4092267453670502
4280 0.4090941548347473
4290 0.4090364277362823
4300 0.4091112911701202
4310 0.409306138753891
4320 0.4094582200050354
4330 0.4095631241798401
4340 0.4096100032329559
4350 0.4097397327423096
4360 0.4098820984363556
4370 0.4100791811943054
4380 0.4104225933551788
4390 0.4109557867050171
4400 0.4116675555706024
4410 0.4125600755214691
4420 0.4135825335979462
4430 0.4146875441074371
4440 0.4157978892326355
4450 0.4169178903102875
4460 0.4180475473403931
4470 0.4191630184650421
4480 0.4203135669231415
4490 0.4214883744716644
4500 0.4227113425731659
4510 0.423940122127533
4520 0.4250576198101044
4530 0.4261420667171478
4540 0.4272531270980835
4550 0.4284766316413879
4560 0.42978635430336
4570 0.4309276640415192
4580 0.4317297637462616
4590 0.4322217702865601
4600 0.4324025809764862
4610 0.432303249835968
4620 0.4319843947887421
4630 0.4314818382263184
4640 0.4308644533157349
4650 0.4301970601081848
4660 0.429548978805542
4670 0.4289366900920868
4680 0.4283407032489777
4690 0.427706778049469
4700 0.4269618690013885
4710 0.4260465800762177
4720 0.4250158071517944
4730 0.4240369498729706
4740 0.4231193959712982
4750 0.4224205613136292
4760 0.4219061434268951
4770 0.4216479063034058
4780 0.4215730130672455
4790 0.421600878238678
4800 0.4216269254684448
4810 0.4216016829013824
4820 0.4215022027492523
4830 0.4213038682937622
4840 0.4210226833820343
4850 0.4207012951374054
4860 0.4203861355781555
4870 0.4200861155986786
4880 0.4197686612606049
4890 0.4193952083587646
4900 0.4189785420894623
4910 0.4185464978218079
4920 0.418093740940094
4930 0.4176177978515625
4940 0.4171260893344879
4950 0.416641503572464
4960 0.4161315858364105
4970 0.4155691862106323
4980 0.4148835837841034
4990 0.4140572845935822
5000 0.4131528735160828
5010 0.4121666848659515
5020 0.4110513627529144
5030 0.4099093973636627
5040 0.4088120460510254
5050 0.407800167798996
5060 0.4068644344806671
5070 0.4060332775115967
5080 0.4053011834621429
5090 0.404657393693924
5100 0.404083251953125
5110 0.4035843312740326
5120 0.4031463861465454
5130 0.4027153551578522
5140 0.4023128747940063
5150 0.4019451141357422
5160 0.4016757011413574
5170 0.4015268981456757
5180 0.4015439748764038
5190 0.4016589224338531
5200 0.4018696546554565
5210 0.4022378623485565
5220 0.4027726054191589
5230 0.4034591019153595
5240 0.4042439758777618
5250 0.4050326645374298
5260 0.4058063328266144
5270 0.406527042388916
5280 0.4071905910968781
5290 0.4077664911746979
5300 0.4082038700580597
5310 0.4085842072963715
5320 0.4089700877666473
5330 0.4093694388866425
5340 0.4098171889781952
5350 0.4103232622146606
5360 0.4109062254428864
5370 0.4115900695323944
5380 0.4123710095882416
5390 0.4132480621337891
5400 0.4142961204051971
5410 0.4154779314994812
5420 0.4167640805244446
5430 0.4181170463562012
5440 0.4194815456867218
5450 0.4208235442638397
5460 0.4221309125423431
5470 0.4233336746692657
5480 0.4243829548358917
5490 0.4252812266349792
5500 0.4259864687919617
5510 0.4264070689678192
5520 0.4264992773532867
5530 0.4263152480125427
5540 0.4258170425891876
5550 0.425091564655304
5560 0.4242480993270874
5570 0.4233576357364655
5580 0.4224706888198853
5590 0.4216735363006592
5600 0.42105832695961
5610 0.4205511212348938
5620 0.4200401902198792
5630 0.4195443093776703
5640 0.4190151393413544
5650 0.4184122085571289
5660 0.4177321791648865
5670 0.4170004725456238
5680 0.4162827134132385
5690 0.4155448973178864
5700 0.4147930145263672
5710 0.4140894412994385
5720 0.4134397506713867
5730 0.4128784835338593
5740 0.4123403429985046
5750 0.4118156433105469
5760 0.4113988876342773
5770 0.4110613167285919
5780 0.4108176827430725
5790 0.4106509983539581
5800 0.4105328023433685
5810 0.4104769229888916
5820 0.4104508757591248
5830 0.4103811979293823
5840 0.4102394282817841
5850 0.4100414216518402
5860 0.4098103940486908
5870 0.409594714641571
5880 0.4094097018241882
5890 0.4092901349067688
5900 0.4093092083930969
5910 0.4093828499317169
5920 0.4093969762325287
5930 0.4093664884567261
5940 0.4092701375484467
5950 0.4092557430267334
5960 0.4092801213264465
5970 0.4093070924282074
5980 0.4094122350215912
5990 0.409668892621994
6000 0.4101051688194275
6010 0.4107350707054138
6020 0.4115306735038757
6030 0.4124536216259003
6040 0.4134131968021393
6050 0.4143838584423065
6060 0.4153510332107544
6070 0.416318267583847
6080 0.4173370599746704
6090 0.4183835387229919
6100 0.4195095002651215
6110 0.420702189207077
6120 0.421919196844101
6130 0.4231895804405212
6140 0.4245154559612274
6150 0.4258816540241241
6160 0.4272580444812775
6170 0.4284844994544983
6180 0.4294027388095856
6190 0.4299659729003906
6200 0.4301527738571167
6210 0.4300113320350647
6220 0.4296455085277557
6230 0.4290965795516968
6240 0.4284300804138184
6250 0.4277172386646271
6260 0.4270203113555908
6270 0.4263562262058258
6280 0.425715833902359
6290 0.4250493049621582
6300 0.4242756366729736
6310 0.4233264327049255
6320 0.4222573637962341
6330 0.4212380647659302
6340 0.4202690720558167
6350 0.4195309579372406
6360 0.4189801514148712
6370 0.4186833798885345
6380 0.4185777604579926
6390 0.4186056852340698
6400 0.4186626374721527
6410 0.4186931550502777
6420 0.4186766743659973
6430 0.4185822010040283
6440 0.4184285700321198
6450 0.4182761907577515
6460 0.4181654751300812
6470 0.4180762767791748
6480 0.4180103838443756
6490 0.4179109334945679
6500 0.4177815020084381
6510 0.4176486730575562
6520 0.4174933731555939
6530 0.4173096418380737
6540 0.4170866906642914
6550 0.4168458580970764
6560 0.4165312945842743
6570 0.4161628186702728
6580 0.4156866669654846
6590 0.4150851368904114
6600 0.4144144058227539
6610 0.4136574864387512
6620 0.4128194451332092
6630 0.4120122194290161
6640 0.4112878441810608
6650 0.4106673896312714
6660 0.4101437330245972
6670 0.4097025394439697
6680 0.4093257188796997
6690 0.4089995622634888
6700 0.4087018966674805
6710 0.4084523022174835
6720 0.4082555174827576
6730 0.4080538153648376
6740 0.4078459143638611
6750 0.4076474606990814
6760 0.407518595457077
6770 0.4074994027614594
6780 0.4075950384140015
6790 0.4077221155166626
6800 0.4078944325447083
6810 0.4081740379333496
6820 0.4085468053817749
6830 0.4090215861797333
6840 0.4095448851585388
6850 0.4101212918758392
6860 0.4108091294765472
6870 0.4115560054779053
6880 0.4122525751590729
6890 0.4128740131855011
6900 0.4133702218532562
6910 0.4138150811195374
6920 0.414228767156601
6930 0.4146310389041901
6940 0.4150639176368713
6950 0.4155412316322327
6960 0.4160645604133606
6970 0.4166585803031921
6980 0.4173093140125275
6990 0.4180114269256592
7000 0.4188576638698578
7010 0.4198005795478821
7020 0.4208310842514038
7030 0.4219294786453247
7040 0.4230469763278961
7050 0.4241468012332916
7060 0.4252248108386993
7070 0.4262105822563171
7080 0.4270565211772919
7100 0.4282642602920532
7110 0.4285060167312622
7120 0.4284335970878601
7130 0.4281070828437805
7140 0.4274934828281403
7150 0.4266751706600189
7160 0.4257497191429138
7170 0.4247932732105255
7180 0.4238601326942444
7190 0.4230346977710724
7200 0.4224013090133667
