"Time Step" "point-ho-b"
21210 0.05550031736493111
21220 0.04782223701477051
21230 0.03159176558256149
21240 0.03184225037693977
21250 0.03938070684671402
21260 0.03440403193235397
21270 0.03580003976821899
21280 0.04015523567795753
21290 0.0376201756298542
21300 0.04617535695433617
21310 0.04687777906656265
21320 0.0515051931142807
21330 0.04969193041324615
21340 0.05437488481402397
21350 0.05235730111598969
21360 0.05350432544946671
21370 0.05805609747767448
21380 0.05597398057579994
21390 0.04986803606152534
21400 0.0638498067855835
21410 0.05891717597842216
21420 0.05779704079031944
21430 0.05527660623192787
21440 0.05758471786975861
21450 0.05996310710906982
21460 0.06551343202590942
21470 0.0741163045167923
21480 0.07361111789941788
21490 0.07500080764293671
21500 0.06811727583408356
21510 0.05930773168802261
21520 0.05644675716757774
21530 0.05276358500123024
21540 0.05764974281191826
21550 0.05928119644522667
21560 0.04842875152826309
21570 0.03624799847602844
21580 0.02313564904034138
21590 0.02038316242396832
21600 0.06167633458971977
21610 0.07099224627017975
21620 0.04797472059726715
21630 0.04007698222994804
21640 0.03490035235881805
21650 0.05536989122629166
21660 0.03682214766740799
21670 0.0429997555911541
21680 0.04200199618935585
21690 0.04075886309146881
21700 0.03659926354885101
21710 0.05161331593990326
21720 0.06279445439577103
21730 0.06666664034128189
21740 0.07117706537246704
21750 0.07876035571098328
21760 0.08019246160984039
21770 0.07541757822036743
21780 0.05470874905586243
21790 0.0565035343170166
21800 0.06167476996779442
21810 0.06356190890073776
21820 0.07067989557981491
21830 0.06388304382562637
21840 0.05014504864811897
21850 0.06438677757978439
21860 0.06949193030595779
21870 0.07091498374938965
21880 0.07371573150157928
21890 0.06578588485717773
21900 0.06386018544435501
21910 0.06571456789970398
21920 0.04105668887495995
21930 0.040299903601408
21940 0.05054828152060509
21950 0.05736702680587769
21960 0.05629688873887062
21970 0.04544688761234283
21980 0.02521920390427113
21990 0.007066019345074892
22000 0.04204502329230309
22010 0.02112106047570705
22020 0.008835299871861935
22030 0.02755890972912312
22040 0.03531686589121819
22050 0.03703029081225395
22060 0.0432005375623703
22070 0.03104438073933125
22080 0.04449121281504631
22090 0.05692118778824806
22100 0.04245838522911072
22110 0.06451672315597534
22120 0.05411902815103531
22130 0.06073722615838051
22140 0.05748242512345314
22150 0.05845325812697411
22160 0.06053519621491432
22170 0.05479251593351364
22180 0.0531030111014843
22190 0.05929079279303551
22200 0.06306065618991852
22210 0.06419992446899414
22220 0.06687086820602417
22230 0.06406001001596451
22240 0.06633702665567398
22250 0.07279589027166367
22260 0.07363871484994888
22270 0.06571143120527267
22280 0.05657867714762688
22290 0.06519197672605515
22300 0.06655111908912659
22310 0.06395476311445236
22320 0.05497697368264198
22330 0.04729236662387848
22340 0.03804508969187737
22350 0.02153388969600201
22360 0.03280933573842049
22370 0.0288250558078289
22380 0.02951750159263611
22390 0.01721097528934479
22400 0.05261048674583435
22410 0.0482909269630909
22420 0.04824860394001007
22430 0.04024330154061317
22440 0.03781349956989288
22450 0.039987463504076
22460 0.03092297539114952
22470 0.03251625224947929
22480 0.02784380689263344
22490 0.03931355476379395
22500 0.0532035119831562
22510 0.05187288671731949
22520 0.06091208010911942
22530 0.06703520566225052
22540 0.05551363155245781
22550 0.05282211303710938
22560 0.06419048458337784
22570 0.06335671991109848
22580 0.05521600693464279
22590 0.0560830682516098
22600 0.05796049535274506
22610 0.05960182845592499
22620 0.06470420956611633
22630 0.06544532626867294
22640 0.06756259500980377
22650 0.07084188610315323
22660 0.05147681385278702
22670 0.05120959132909775
22680 0.04636937007308006
22690 0.04638706520199776
22700 0.06322727352380753
22710 0.05433451011776924
22720 0.04276848956942558
22730 0.04053116589784622
22740 0.04674333706498146
22750 0.0415494330227375
22760 0.05340088903903961
22770 0.05141011252999306
22780 0.03449694812297821
22790 0.01491505838930607
22800 0.03386244177818298
22810 0.04843552783131599
22820 0.03521624207496643
22830 0.03936024010181427
22840 0.03469709679484367
22850 0.0278956200927496
22860 0.03207268565893173
22870 0.05325780808925629
22880 0.04414359107613564
22890 0.04532438516616821
22900 0.05590713769197464
22910 0.04623843729496002
22920 0.04530451446771622
22930 0.04547949507832527
22940 0.04837384074926376
22950 0.06208159402012825
22960 0.06783926486968994
22970 0.06204236298799515
22980 0.0595426931977272
22990 0.0689317062497139
23000 0.07268740981817245
23010 0.06912060081958771
23020 0.06354831159114838
23030 0.06125011295080185
23040 0.06728161871433258
23050 0.06494108587503433
23060 0.05855261534452438
23070 0.06162631884217262
23080 0.06037280708551407
23090 0.05421344563364983
23100 0.05885310098528862
23110 0.05896077305078506
23120 0.0634278729557991
23130 0.06219359114766121
23140 0.06083616986870766
23150 0.06406797468662262
23160 0.04903284460306168
23170 0.06538075953722
23180 0.05350090935826302
23190 0.01512015983462334
23200 0.02671990171074867
23210 0.04067645221948624
23220 0.03969123214483261
23230 0.03580107539892197
23240 0.03586697205901146
23250 0.02970512211322784
23260 0.03260834887623787
23270 0.04072592034935951
23280 0.04399379342794418
23290 0.04087044298648834
23300 0.04641461744904518
23310 0.04356719925999641
23320 0.03585878014564514
23330 0.04485240206122398
23340 0.04057902470231056
23350 0.04354102164506912
23360 0.0546298660337925
23370 0.05994924530386925
23380 0.06403835117816925
23390 0.06099655479192734
23400 0.06871414184570312
23410 0.07606259733438492
23420 0.07063402235507965
23430 0.06677482277154922
23440 0.06325057148933411
23450 0.06707342714071274
23460 0.07762722671031952
23470 0.07241035997867584
23480 0.06862042844295502
23490 0.05938755348324776
23500 0.03871183469891548
23510 0.03102125972509384
23520 0.05573059991002083
23530 0.05677281320095062
23540 0.0556023083627224
23550 0.06301798671483994
23560 0.06174329668283463
23570 0.06057639792561531
23580 0.05511919036507607
23590 0.02042078599333763
23600 0.01906875520944595
23610 0.04906794428825378
23620 0.04778666421771049
23630 0.04461650177836418
23640 0.04334595799446106
23650 0.03817706927657127
23660 0.03714829683303833
23670 0.03733134269714355
23680 0.04709842801094055
23690 0.05290251970291138
23700 0.03360934183001518
23710 0.03254933655261993
23720 0.05801265314221382
23730 0.057256780564785
23740 0.05636165291070938
23750 0.05505378916859627
23760 0.05524440854787827
23770 0.05170353129506111
23780 0.05176481604576111
23790 0.05967622622847557
23800 0.05094577372074127
23810 0.05835231021046638
23820 0.05994492024183273
23830 0.06558322161436081
23840 0.06634920835494995
23850 0.05528724193572998
23860 0.06516560167074203
23870 0.06690825521945953
23880 0.05667639896273613
23890 0.06131381168961525
23900 0.0682469978928566
23910 0.0705886110663414
23920 0.07415793836116791
23930 0.07170700281858444
23940 0.07110044360160828
23950 0.05700753629207611
23960 0.04718043282628059
23970 0.03316735476255417
23980 0.01454536337405443
23990 0.01395257003605366
24000 0.04040942341089249
15410 0.07184398919343948
15420 0.06359012424945831
15430 0.06657357513904572
15440 0.06502615660429001
15450 0.05687573552131653
15460 0.04796616360545158
15470 0.05615036189556122
15480 0.06334839016199112
15490 0.03408189862966537
15500 0.03971262276172638
15510 0.04861069843173027
15520 0.05247751623392105
15530 0.05215494334697723
15540 0.04628302901983261
15550 0.0494486391544342
15560 0.06313720345497131
15570 0.05498023331165314
15580 0.01500870008021593
15590 0.02029516361653805
15600 0.03565153852105141
15610 0.04716444760560989
15620 0.04655763879418373
15630 0.05031391605734825
15640 0.05156057327985764
15650 0.0361703522503376
15660 0.041495181620121
15670 0.0385909304022789
15680 0.04210617765784264
15690 0.04728144779801369
15700 0.03113210946321487
15710 0.03954016044735909
15720 0.05855637416243553
15730 0.07409064471721649
15740 0.07847055792808533
15750 0.07121286541223526
15760 0.05586715042591095
15770 0.05569744482636452
15780 0.05597268417477608
15790 0.06722626835107803
15800 0.06692295521497726
15810 0.06512147933244705
15820 0.06635419279336929
15830 0.06764750927686691
15840 0.06315844506025314
15850 0.0619942881166935
15860 0.06158655136823654
15870 0.05125106871128082
15880 0.05702187120914459
15890 0.06796227395534515
15900 0.06697173416614532
15910 0.06676564365625381
15920 0.06818070262670517
15930 0.05321583151817322
15940 0.06295892596244812
15950 0.06258667260408401
15960 0.06331092119216919
15970 0.03726461157202721
15980 0.02301428094506264
15990 0.02133975178003311
16000 0.04819902405142784
16010 0.06686629354953766
16020 0.05351610481739044
16030 0.04292526096105576
16040 0.0462009385228157
16050 0.05003926157951355
16060 0.04497130215167999
16070 0.04666274040937424
16080 0.04547435417771339
16090 0.04871878400444984
16100 0.05588710680603981
16110 0.04630123823881149
16120 0.06015782803297043
16130 0.05284900218248367
16140 0.05818533524870872
16150 0.04829265549778938
16160 0.0577864833176136
16170 0.05965501815080643
16180 0.05371697247028351
16190 0.05719074234366417
16200 0.06711249798536301
16210 0.06601601094007492
16220 0.06581297516822815
16230 0.06455549597740173
16240 0.05986946076154709
16250 0.06345042586326599
16260 0.06883051991462708
16270 0.07535623759031296
16280 0.07273676991462708
16290 0.06767074763774872
16300 0.06821068376302719
16310 0.05909737944602966
16320 0.05163609609007835
16330 0.06429423391819
16340 0.06023118644952774
16350 0.042342659085989
16360 0.06527690589427948
16370 0.04514703899621964
16380 0.04859938099980354
16390 0.0481223538517952
16400 0.02696886658668518
16410 0.04757554456591606
16420 0.0411478765308857
16430 0.03569523245096207
16440 0.04066113382577896
16450 0.05151750519871712
16460 0.04384582862257957
16470 0.05021394789218903
16480 0.05556140840053558
16490 0.05727175250649452
16500 0.06448803842067719
16510 0.07031551003456116
16520 0.07674456387758255
16530 0.07361536473035812
16540 0.061842892318964
16550 0.06440398097038269
16560 0.05654981732368469
16570 0.05289162695407867
16580 0.06718748062849045
16590 0.06811459362506866
16600 0.05405089259147644
16610 0.06036920472979546
16620 0.05231532827019691
16630 0.06181366741657257
16640 0.07808884978294373
16650 0.06224170699715614
16660 0.04787320643663406
16670 0.05223248153924942
16680 0.05515850335359573
16690 0.06081453710794449
16700 0.06837625801563263
16710 0.06460721790790558
16720 0.05256928130984306
16730 0.05598065257072449
16740 0.05119863897562027
16750 0.04147439450025558
16760 0.04164773598313332
16770 0.02799132838845253
16780 0.02957869693636894
16790 0.02458525449037552
16800 0.01759904809296131
16810 0.04088794812560081
16820 0.03613918274641037
16830 0.03761418536305428
16840 0.03272906690835953
16850 0.0350692942738533
16860 0.04303725808858871
16870 0.03914555907249451
16880 0.08024810254573822
16890 0.07071487605571747
16900 0.04795743152499199
16910 0.04228523373603821
16920 0.05612911656498909
16930 0.0540618784725666
16940 0.04491576552391052
16950 0.05435593798756599
16960 0.05937414616346359
16970 0.06149255484342575
16980 0.06218162551522255
16990 0.06062013655900955
17000 0.06466507911682129
17010 0.06821372359991074
17020 0.06537096202373505
17030 0.06238562986254692
17040 0.06182720139622688
17050 0.06341341882944107
17060 0.07012414932250977
17070 0.07343695312738419
17080 0.04757995158433914
17090 0.05167775228619576
17100 0.07566650211811066
17110 0.06827162206172943
17120 0.05422289296984673
17130 0.0554753839969635
17140 0.05198352038860321
17150 0.0440334714949131
17160 0.05292981117963791
17170 0.06816688179969788
17180 0.03853494673967361
17190 0.01699615456163883
17200 0.05410746484994888
17210 0.03227882832288742
17220 0.0456070676445961
17230 0.03640865162014961
17240 0.02719721011817455
17250 0.02726956643164158
17260 0.03783711791038513
17270 0.03527665510773659
17280 0.04320583119988441
17290 0.0451495572924614
17300 0.04533276334404945
17310 0.04467977210879326
17320 0.04510722309350967
17330 0.04836254194378853
17340 0.04186258465051651
17350 0.04770050942897797
17360 0.06315927952528
17370 0.0638381615281105
17380 0.06563524156808853
17390 0.06006685644388199
17400 0.06383362412452698
17410 0.06293296813964844
17420 0.06762577593326569
17430 0.0739239826798439
17440 0.06322380900382996
17450 0.05968304350972176
17460 0.06247461587190628
17470 0.06857729703187943
17480 0.06156706809997559
17490 0.0683424100279808
17500 0.0699240043759346
17510 0.07247037440538406
17520 0.03542445972561836
17530 0.04222802072763443
17540 0.04352991655468941
17550 0.0504135899245739
17560 0.04692788422107697
17570 0.03480243682861328
17580 0.04038624465465546
17590 0.03972022607922554
17600 0.02780801430344582
17610 0.04561736434698105
17620 0.0461750440299511
17630 0.04738926142454147
17640 0.04516799747943878
17650 0.0431269109249115
17660 0.04364113509654999
17670 0.03554056957364082
17680 0.03301649540662766
17690 0.05028945952653885
17700 0.05766195058822632
17710 0.05559631064534187
17720 0.0530533641576767
17730 0.05375758185982704
17740 0.05511821806430817
17750 0.05521383881568909
17760 0.05530837178230286
17770 0.05997729673981667
17780 0.07258041203022003
17790 0.08156141638755798
17800 0.07729572802782059
17810 0.06666181981563568
17820 0.06229269877076149
17830 0.061049934476614
17840 0.06029557809233665
17850 0.06221119314432144
17860 0.07054136693477631
17870 0.06177353486418724
17880 0.06952566653490067
17890 0.07121437788009644
17900 0.06535563617944717
17910 0.07106248289346695
17920 0.07473643869161606
17930 0.06441834568977356
17940 0.06223300099372864
17950 0.06666945666074753
17960 0.06768540292978287
17970 0.03104160726070404
17980 0.01349986344575882
17990 0.01738709956407547
18000 0.04797061532735825
18010 0.04298073798418045
18020 0.04318276047706604
18030 0.0408531166613102
18040 0.04901616647839546
18050 0.0402388721704483
18060 0.04867910593748093
18070 0.0500810444355011
18080 0.04326264932751656
18090 0.05128122866153717
18100 0.0457199439406395
18110 0.0264304094016552
18120 0.06514210999011993
18130 0.0516049861907959
18140 0.05611426010727882
18150 0.05964763462543488
18160 0.06191666424274445
18170 0.07546670734882355
18180 0.07292944937944412
18190 0.06478822976350784
18200 0.06216086074709892
18210 0.07044368237257004
18220 0.07309439778327942
18230 0.07484092563390732
18240 0.07225784659385681
18250 0.07333338260650635
18260 0.07539357990026474
18270 0.07317060977220535
18280 0.06796182692050934
18290 0.06602739542722702
18300 0.06559038162231445
18310 0.05629580095410347
18320 0.05137507244944572
18330 0.05185882374644279
18340 0.06136682257056236
18350 0.06642334908246994
18360 0.03681410849094391
18370 0.05226451531052589
18380 0.06104594469070435
18390 0.04344355687499046
18400 0.04004386439919472
18410 0.03931156545877457
18420 0.03905225917696953
18430 0.03543796390295029
18440 0.03837740421295166
18450 0.02838811092078686
18460 0.03121110424399376
18470 0.02526453137397766
18480 0.02119521051645279
18490 0.020485894754529
18500 0.04301149770617485
18510 0.03904059901833534
18520 0.04251674190163612
18530 0.03343236073851585
18540 0.04170485213398933
18550 0.04717644676566124
18560 0.06242603436112404
18570 0.06641650944948196
18580 0.06836263090372086
18590 0.07490485161542892
18600 0.07262524962425232
18610 0.07659933716058731
18620 0.07847782224416733
18630 0.07127568870782852
18640 0.06627675145864487
18650 0.05205685645341873
18660 0.06284452974796295
18670 0.06917048245668411
18680 0.0643090233206749
18690 0.06131523102521896
18700 0.06478410214185715
18710 0.06466251611709595
18720 0.06284093856811523
18730 0.05018303170800209
18740 0.04963800683617592
18750 0.04397425800561905
18760 0.05155820026993752
18770 0.06157476082444191
18780 0.06172632426023483
18790 0.01615782827138901
18800 0.03093372285366058
18810 0.05576394498348236
18820 0.03834280371665955
18830 0.051591407507658
18840 0.0457320362329483
18850 0.04231499135494232
18860 0.04111543297767639
18870 0.04089626669883728
18880 0.04031406342983246
18890 0.03985036164522171
18900 0.05918236449360847
18910 0.06164198741316795
18920 0.07388737052679062
18930 0.05709882453083992
18940 0.04399698227643967
18950 0.05186402425169945
18960 0.06495445221662521
18970 0.06156836077570915
18980 0.0683743879199028
18990 0.06486052274703979
19000 0.06016429141163826
19010 0.0680295005440712
19020 0.06723147630691528
19030 0.06902123987674713
19040 0.06976679712533951
19050 0.07975789159536362
19060 0.07335147261619568
19070 0.06850646436214447
19080 0.05670016631484032
19090 0.06696972995996475
19100 0.07278379797935486
19110 0.07119440287351608
19120 0.06798533350229263
19130 0.06357999891042709
19140 0.06218380108475685
19150 0.06277488172054291
19160 0.07168193906545639
19170 0.05568868666887283
19180 0.02772333100438118
19190 0.01908847503364086
19200 0.0478503480553627
19210 0.05986806750297546
19220 0.05177219584584236
19230 0.04902371019124985
19240 0.04506407305598259
19250 0.05661182850599289
19260 0.040139339864254
19270 0.04151290655136108
19280 0.05196605622768402
19290 0.05068027228116989
19300 0.04349245503544807
19310 0.04727516323328018
19320 0.04422064498066902
19330 0.07388130575418472
19340 0.07769928872585297
19350 0.06534702330827713
19360 0.06115521863102913
19370 0.05952557548880577
19380 0.0456717237830162
19390 0.04142448678612709
19400 0.06326214969158173
19410 0.07286149263381958
19420 0.07584279775619507
19430 0.064508356153965
19440 0.07566508650779724
19450 0.06969808787107468
19460 0.04977907985448837
19470 0.05627943947911263
19480 0.05696450173854828
19490 0.0547882579267025
19500 0.05330635979771614
19510 0.05801206454634666
19520 0.06299445778131485
19530 0.05678121745586395
19540 0.0659438893198967
19550 0.06372122466564178
19560 0.07190841436386108
19570 0.05014350265264511
19580 0.01799606159329414
19590 0.01448587793856859
19600 0.01863769814372063
19610 0.03930742293596268
19620 0.03348370641469955
19630 0.03816549107432365
19640 0.04132985696196556
19650 0.05305308476090431
19660 0.05314061418175697
19670 0.04418116062879562
19680 0.03454509004950523
19690 0.04077212512493134
19700 0.05014697089791298
19710 0.03253006190061569
19720 0.03544075414538383
19730 0.06258982419967651
19740 0.05893445760011673
19750 0.06324683129787445
19760 0.06299865990877151
19770 0.06553560495376587
19780 0.0625288337469101
19790 0.04526697471737862
19800 0.05572834238409996
19810 0.0626922994852066
19820 0.0627078115940094
19830 0.06518375873565674
19840 0.06752561777830124
19850 0.07070585340261459
19860 0.07082512229681015
19870 0.06436733901500702
19880 0.05966353416442871
19890 0.06402911990880966
19900 0.06570893526077271
19910 0.05713744461536407
19920 0.04348354786634445
19930 0.04462768882513046
19940 0.05664343014359474
19950 0.03335971757769585
19960 0.03520537912845612
19970 0.0260055772960186
19980 0.02274096384644508
19990 0.01625523157417774
20000 0.01988326013088226
20010 0.04996280744671822
20020 0.04332296550273895
20030 0.04226422682404518
20040 0.03536271676421165
20050 0.03326179087162018
20060 0.03447753563523293
20070 0.04228591173887253
20080 0.04211088269948959
20090 0.04605429619550705
20100 0.04510108754038811
20110 0.04025864973664284
20120 0.04951907694339752
20130 0.0476001612842083
20140 0.04607963189482689
20150 0.05654844641685486
20160 0.07062665373086929
20170 0.06693587452173233
20180 0.06415629386901855
20190 0.05686041340231895
20200 0.06273100525140762
20210 0.06981509923934937
20220 0.06830443441867828
20230 0.06694209575653076
20240 0.07048679143190384
20250 0.07088478654623032
20260 0.07295578718185425
20270 0.05588362738490105
20280 0.04194102808833122
20290 0.05896598100662231
20300 0.07403908669948578
20310 0.07156924903392792
20320 0.06231945380568504
20330 0.06182464584708214
20340 0.04018348455429077
20350 0.04388869553804398
20360 0.03948473930358887
20370 0.04028071835637093
20380 0.01515608374029398
20390 0.01726081408560276
20400 0.04581999778747559
20410 0.05358674749732018
20420 0.03317301720380783
20430 0.02601571008563042
20440 0.04568358883261681
20450 0.03731269761919975
20460 0.03863350301980972
20470 0.03410007059574127
20480 0.0420798696577549
20490 0.03969750180840492
20500 0.03399594500660896
20510 0.06103820726275444
20520 0.07386426627635956
20530 0.06873378902673721
20540 0.07295451313257217
20550 0.0557459332048893
20560 0.05548698455095291
20570 0.05289765447378159
20580 0.06479556113481522
20590 0.07294327765703201
20600 0.05942108482122421
20610 0.06399717181921005
20620 0.06445355713367462
20630 0.06001409143209457
20640 0.06877535581588745
20650 0.0765104815363884
20660 0.0719456747174263
20670 0.0651860237121582
20680 0.06446544080972672
20690 0.05293615162372589
20700 0.04390537738800049
20710 0.06331492215394974
20720 0.0676238015294075
20730 0.06730230897665024
20740 0.06607875972986221
20750 0.05210338160395622
20760 0.0562443695962429
20770 0.05239410325884819
20780 0.01438452303409576
20790 0.0192545410245657
20800 0.02899100072681904
20810 0.05764806643128395
20820 0.03919484093785286
20830 0.04010678827762604
20840 0.03066520765423775
20850 0.03802526369690895
20860 0.03495817258954048
20870 0.04129644110798836
20880 0.04101937264204025
20890 0.04485340043902397
20900 0.05675432458519936
20910 0.05463761836290359
20920 0.04993793368339539
20930 0.05937964469194412
20940 0.05620627850294113
20950 0.04883039370179176
20960 0.05511921271681786
20970 0.06033840030431747
20980 0.06205999851226807
20990 0.0647861585021019
21000 0.06326675415039062
21010 0.06161577627062798
21020 0.05775497108697891
21030 0.06326581537723541
21040 0.07428046315908432
21050 0.07521460205316544
21060 0.05959603562951088
21070 0.04415920376777649
21080 0.05537819862365723
21090 0.04763403162360191
21100 0.04242827743291855
21110 0.0462825708091259
21120 0.04734978824853897
21130 0.04768921062350273
21140 0.03088410571217537
21150 0.0341462641954422
21160 0.05922466143965721
21170 0.05588233470916748
21180 0.04697123914957047
21190 0.02068515494465828
21200 0.02596606314182281
21320 0.0515051856637001
21340 0.05437488108873367
21350 0.05235730484127998
21370 0.0580560714006424
21380 0.05597401410341263
14610 0.05842430889606476
14620 0.07167159020900726
14630 0.07551512867212296
14640 0.06476857513189316
14650 0.06565644592046738
14660 0.06873960047960281
14670 0.04648426920175552
14680 0.05260245874524117
14690 0.06914957612752914
14700 0.06069699302315712
14710 0.06310417503118515
14720 0.06694502383470535
14730 0.06485868245363235
14740 0.05241483077406883
14750 0.0554497130215168
14760 0.0539814829826355
14770 0.0287710465490818
14780 0.04856205731630325
14790 0.02100486122071743
14800 0.03702777251601219
14810 0.04938865453004837
14820 0.0424775741994381
14830 0.03215869888663292
14840 0.04246777668595314
14850 0.03888257220387459
14860 0.03888664394617081
14870 0.0380234606564045
14880 0.02704757452011108
14890 0.02796353213489056
14900 0.0383586548268795
14910 0.04308899492025375
14920 0.04209895804524422
14930 0.04766709730029106
14940 0.04736264422535896
14950 0.04532137513160706
14960 0.06195558607578278
14970 0.0610027015209198
14980 0.06200633198022842
14990 0.07227230817079544
15000 0.06313852965831757
15010 0.06605618447065353
15020 0.0633213222026825
15030 0.07766915857791901
15040 0.07810179889202118
15050 0.07539799809455872
15060 0.06511996686458588
15070 0.06323221325874329
15080 0.06129710748791695
15090 0.05602240562438965
15100 0.05526099354028702
15110 0.06235265359282494
15120 0.06990104168653488
15130 0.05717555806040764
15140 0.05144564062356949
15150 0.05629601329565048
15160 0.04730435833334923
15170 0.01630965247750282
15180 0.01649670116603374
15190 0.02194941788911819
15200 0.03152189403772354
15210 0.04533090069890022
15220 0.05040393024682999
15230 0.04081350564956665
15240 0.04142444580793381
15250 0.0434720367193222
15260 0.04859039187431335
15270 0.04198503866791725
15280 0.0410979725420475
15290 0.04346352443099022
15300 0.06141364946961403
15310 0.06003964692354202
15320 0.05594828724861145
15330 0.05413950607180595
15340 0.05592867359519005
15350 0.05608296394348145
15360 0.0682673454284668
15370 0.07436586916446686
15380 0.0665210634469986
15390 0.05574595555663109
15400 0.06915395706892014
7210 0.05208506807684898
7220 0.04508005455136299
7230 0.03156390786170959
7240 0.03563391044735909
7250 0.03979489952325821
7260 0.03824476897716522
7270 0.03627936542034149
7280 0.02977411448955536
7290 0.03158270940184593
7300 0.06540783494710922
7310 0.03573747351765633
7320 0.03927883505821228
7330 0.04504357278347015
7340 0.0394795723259449
7350 0.03341697156429291
7360 0.04994544014334679
7370 0.05517413467168808
7380 0.0678352490067482
7390 0.06434377282857895
7400 0.06177065148949623
7410 0.06787051260471344
7420 0.0805436298251152
7430 0.08097252994775772
7440 0.07820753753185272
7450 0.07869581133127213
7460 0.06891173124313354
7470 0.0623955987393856
7480 0.07154108583927155
7490 0.07371425628662109
7500 0.07213529944419861
7510 0.0716913640499115
7520 0.06345354020595551
7530 0.05448956415057182
7540 0.05967468023300171
7550 0.040755495429039
7560 0.05934209749102592
7570 0.06330426037311554
7580 0.02631558477878571
7590 0.01542745810002089
7600 0.02982687950134277
7610 0.05508868768811226
7620 0.0493481233716011
7630 0.03813774138689041
7640 0.04446327686309814
7650 0.04494714736938477
7660 0.0399710088968277
7670 0.02597312070429325
7680 0.03700879961252213
7690 0.05762427672743797
7700 0.06568711996078491
7710 0.08658728748559952
7720 0.06869981437921524
7730 0.02502512000501156
7740 0.02004059031605721
7750 0.04124812036752701
7760 0.04825165122747421
7770 0.05727678909897804
7780 0.05784159526228905
7790 0.0603095106780529
7800 0.06354661285877228
7810 0.06421436369419098
7820 0.06335417181253433
7830 0.06478311121463776
7840 0.06871875375509262
7850 0.07429280877113342
7860 0.07784882932901382
7870 0.07968398183584213
7880 0.07023519277572632
7890 0.0551716722548008
7900 0.05978131294250488
7910 0.06914228945970535
7920 0.06515563279390335
7930 0.04954902455210686
7940 0.02858301624655724
7950 0.02354020811617374
7960 0.03076953999698162
7970 0.03330101817846298
7980 0.01926532201468945
7990 0.02090231887996197
8000 0.06983087211847305
8010 0.06725400686264038
8020 0.04238815978169441
8030 0.04142610356211662
8040 0.04618063941597939
8050 0.04946089908480644
8060 0.04062613099813461
8070 0.04495678842067719
8080 0.03513896092772484
8090 0.05054910108447075
8100 0.05715511366724968
8110 0.06191325187683105
8120 0.0549437627196312
8130 0.05880669131875038
8140 0.05335904657840729
8150 0.06258209049701691
8160 0.06501985341310501
8170 0.07564748823642731
8180 0.06804840266704559
8190 0.06540405005216599
8200 0.05521256476640701
8210 0.05438059195876122
8220 0.07027341425418854
8230 0.0741620808839798
8240 0.07401305437088013
8250 0.07198967784643173
8260 0.06714913994073868
8270 0.06875505298376083
8280 0.07427351921796799
8290 0.08001415431499481
8300 0.08051475882530212
8310 0.07759556174278259
8320 0.06638071686029434
8330 0.04850572347640991
8340 0.07353339344263077
8350 0.06196274235844612
8360 0.06076566502451897
8370 0.05878299847245216
8380 0.06241408735513687
8390 0.042076725512743
8400 0.05765418335795403
8410 0.05900496616959572
8420 0.04157337918877602
8430 0.0406419038772583
8440 0.04511413350701332
8450 0.03814465180039406
8460 0.03281431272625923
8470 0.02894247695803642
8480 0.02871860191226006
8490 0.03942396491765976
8500 0.03152758628129959
8510 0.06183605268597603
8520 0.05271510034799576
8530 0.05422673374414444
8540 0.05915402248501778
8550 0.05851337313652039
8560 0.05955818295478821
8570 0.05968803912401199
8580 0.06460648775100708
8590 0.07311495393514633
8600 0.06804466247558594
8610 0.06575299799442291
8620 0.0643213763833046
8630 0.06248946115374565
8640 0.06501518189907074
8650 0.06756699830293655
8660 0.07123773545026779
8670 0.07346906512975693
8680 0.07374455034732819
8690 0.07629390060901642
8700 0.07656023651361465
8710 0.07544402033090591
8720 0.07820146530866623
8730 0.07913435250520706
8740 0.0583980455994606
8750 0.05279687792062759
8760 0.05726328119635582
8770 0.05762844160199165
8780 0.04192310571670532
8790 0.02355604246258736
8800 0.01924594864249229
8810 0.04268575087189674
8820 0.05682656168937683
8830 0.03526892513036728
8840 0.03745595365762711
8850 0.04544586315751076
8860 0.04459381476044655
8870 0.04432531446218491
8880 0.04283252358436584
8890 0.04000523313879967
8900 0.03470873087644577
8910 0.03644945845007896
8920 0.03288711607456207
8930 0.03588148579001427
8940 0.06102800741791725
8950 0.07051817327737808
8960 0.05700922012329102
8970 0.05718740448355675
8980 0.07169525325298309
8990 0.05751878395676613
9000 0.06060178205370903
9010 0.07045140117406845
9020 0.07251124083995819
9030 0.08078368008136749
9040 0.08211774379014969
9050 0.0769825354218483
9060 0.07475696504116058
9070 0.07502187043428421
9080 0.08141131699085236
9090 0.07208956032991409
9100 0.06466130912303925
9110 0.06840807199478149
9120 0.07303047180175781
9130 0.04516167938709259
9140 0.05186815187335014
9150 0.06376726925373077
9160 0.04821304604411125
9170 0.05444101989269257
9180 0.03122373670339584
9190 0.03704788535833359
9200 0.02961370907723904
9210 0.03060152381658554
9220 0.03747871145606041
9230 0.04538038000464439
9240 0.04034031182527542
9250 0.04756799340248108
9260 0.0374596044421196
9270 0.02636016346514225
9280 0.03310152143239975
9290 0.04444325715303421
9300 0.04216887429356575
9310 0.05404224619269371
9320 0.04001270234584808
9330 0.05543947219848633
9340 0.04981574416160583
9350 0.05292735993862152
9360 0.06361287087202072
9370 0.07814637571573257
9380 0.07096540927886963
9390 0.05682676658034325
9400 0.06476173549890518
9410 0.07297549396753311
9420 0.06875173002481461
9430 0.06650937348604202
9440 0.06248688325285912
9450 0.04409343004226685
9460 0.04570557922124863
9470 0.0497278980910778
9480 0.03951194137334824
9490 0.04545417800545692
9500 0.05836131051182747
9510 0.05183571577072144
9520 0.05762374028563499
9530 0.04809218272566795
9540 0.05386588722467422
9550 0.05122041702270508
9560 0.04309698194265366
9570 0.03289209306240082
9580 0.03866847231984138
9590 0.02395273186266422
9600 0.04983460158109665
9610 0.05827176943421364
9620 0.04685241356492043
9630 0.02813207730650902
9640 0.03634943440556526
9650 0.0458214096724987
9660 0.05124827846884727
9670 0.04249469563364983
9680 0.03834459185600281
9690 0.04828717559576035
9700 0.05145520716905594
9710 0.06016810610890388
9720 0.06406132131814957
9730 0.07203318923711777
9740 0.08474940806627274
9750 0.07503112405538559
9760 0.05712669715285301
9770 0.05739852786064148
9780 0.05939222872257233
9790 0.06006207689642906
9800 0.06488783657550812
9810 0.06193783134222031
9820 0.06649447977542877
9830 0.07457722723484039
9840 0.07298333197832108
9850 0.06141478568315506
9860 0.06149658560752869
9870 0.06613920629024506
9880 0.05351591110229492
9890 0.05201268196105957
9900 0.05797013267874718
9910 0.06386144459247589
9920 0.06777492165565491
9930 0.06286465376615524
9940 0.05366262421011925
9950 0.04338224977254868
9960 0.03451557457447052
9970 0.03915568441152573
9980 0.0291559211909771
9990 0.01903228089213371
10000 0.07033926248550415
10010 0.05330222845077515
10020 0.0364297591149807
10030 0.03897243738174438
10040 0.02910766005516052
10050 0.03066415153443813
10060 0.04111755639314651
10070 0.03859834000468254
10080 0.03920413553714752
10090 0.04165149852633476
10100 0.05331894382834435
10110 0.05656110867857933
10120 0.05616683140397072
10130 0.06078434363007545
10140 0.06727287173271179
10150 0.05814549326896667
10160 0.05931685864925385
10170 0.06226133555173874
10180 0.0616779588162899
10190 0.06070700287818909
10200 0.05713414773344994
10210 0.0617176853120327
10220 0.07173552364110947
10230 0.06869623064994812
10240 0.0550050213932991
10250 0.04802709817886353
10260 0.06342308968305588
10270 0.06414611637592316
10280 0.06395901739597321
10290 0.06398653239011765
10300 0.0580255351960659
10310 0.05509013682603836
10320 0.05975284427404404
10330 0.07231596857309341
10340 0.06413815915584564
10350 0.06030890345573425
10360 0.04210912436246872
10370 0.06321720033884048
10380 0.04352563247084618
10390 0.01323046907782555
10400 0.03001336194574833
10410 0.05988306179642677
10420 0.04635015875101089
10430 0.04134473204612732
10440 0.037136510014534
10450 0.03826797381043434
10460 0.03745068982243538
10470 0.04574429243803024
10480 0.04614264518022537
10490 0.05281049385666847
10500 0.03717575594782829
10510 0.02710546180605888
10520 0.0580390989780426
10530 0.07176785916090012
10540 0.08247508108615875
10550 0.08198463916778564
10560 0.06477897614240646
10570 0.0643046572804451
10580 0.07790955901145935
10590 0.07752571254968643
10600 0.07415513694286346
10610 0.07476698607206345
10620 0.05978867784142494
10630 0.07055894285440445
10640 0.07332149893045425
10650 0.07300404459238052
10660 0.0678291916847229
10670 0.06037266179919243
10680 0.0615425705909729
10690 0.06573224812746048
10700 0.06719061732292175
10710 0.06667603552341461
10720 0.06582505255937576
10730 0.06341219693422318
10740 0.06123984232544899
10750 0.05147898197174072
10760 0.03330467641353607
10770 0.0335954949259758
10780 0.05884259939193726
10790 0.04477250948548317
10800 0.04863366857171059
10810 0.04680582135915756
10820 0.04109245911240578
10830 0.04447617009282112
10840 0.03772934898734093
10850 0.03504474833607674
10860 0.04023915901780128
10870 0.05280211567878723
10880 0.03449281305074692
10890 0.0375763438642025
10900 0.04859798029065132
10910 0.06152672320604324
10920 0.06115805730223656
10930 0.04867423698306084
10940 0.05451233312487602
10950 0.054564468562603
10960 0.05756935104727745
10970 0.07471878081560135
10980 0.07499562948942184
10990 0.07235442847013474
11000 0.072921022772789
11010 0.07502724230289459
11020 0.07554267346858978
11030 0.0757356584072113
11040 0.06870840489864349
11050 0.05602221563458443
11060 0.05236104130744934
11070 0.05455214902758598
11080 0.05809976533055305
11090 0.06572159379720688
11100 0.04675645381212234
11110 0.05432810634374619
11120 0.0559806227684021
11130 0.04336380213499069
11140 0.06491011381149292
11150 0.06548288464546204
11160 0.04150404781103134
11170 0.01997126080095768
11180 0.01657615788280964
11190 0.01442035287618637
11200 0.0498291403055191
11210 0.04178586602210999
11220 0.0287073440849781
11230 0.03182682394981384
11240 0.04016062617301941
11250 0.03689404204487801
11260 0.03721540048718452
11270 0.04745876416563988
11280 0.05610081180930138
11290 0.05605219304561615
11300 0.0668918639421463
11310 0.06157216057181358
11320 0.04856684803962708
11330 0.04789593070745468
11340 0.04740522056818008
11350 0.07040261477231979
11360 0.07864397764205933
11370 0.07352393120527267
11380 0.05418799445033073
11390 0.05698220431804657
11400 0.06181297823786736
11410 0.06232479587197304
11420 0.06455419212579727
11430 0.05810990557074547
11440 0.05734377726912498
11450 0.06990040838718414
11460 0.07386385649442673
11470 0.07391107827425003
11480 0.07394520938396454
11490 0.06114721670746803
11500 0.07185676693916321
11510 0.06734871119260788
11520 0.0531160980463028
11530 0.05696031078696251
11540 0.05736829340457916
11550 0.06598278880119324
11560 0.06396655738353729
11570 0.06684112548828125
11580 0.04259412735700607
11590 0.01645288243889809
11600 0.02947577275335789
11610 0.07792460173368454
11620 0.04887489229440689
11630 0.03506205603480339
11640 0.04896730557084084
11650 0.04502202942967415
11660 0.03945823386311531
11670 0.04310890287160873
11680 0.04724008589982986
11690 0.04641083627939224
11700 0.0489366203546524
11710 0.058282770216465
11720 0.06038207560777664
11730 0.06555575877428055
11740 0.06902215629816055
11750 0.07216499745845795
11760 0.07690573483705521
11770 0.06743469089269638
11780 0.05357946082949638
11790 0.05327446013689041
11800 0.05838888883590698
11810 0.06717122346162796
11820 0.07286924123764038
11830 0.0660824254155159
11840 0.07483714073896408
11850 0.07449502497911453
11860 0.07702422142028809
11870 0.06209248304367065
11880 0.06420812010765076
11890 0.06478123366832733
11900 0.07068812102079391
11910 0.0597032867372036
11920 0.06443630903959274
11930 0.0670199990272522
11940 0.02682990208268166
11950 0.02813106216490269
11960 0.04456187784671783
11970 0.02944511547684669
11980 0.01955521106719971
11990 0.01504055317491293
12000 0.01400664821267128
12010 0.04652674123644829
12020 0.05397427082061768
12030 0.04309450089931488
12040 0.03385409340262413
12050 0.04812449589371681
12060 0.03606878221035004
12070 0.03939060494303703
12080 0.05035500600934029
12090 0.04720323532819748
12100 0.03905720636248589
12110 0.03827459365129471
12120 0.05249455943703651
12130 0.06061295419931412
12140 0.05602060258388519
12150 0.06224430352449417
12160 0.06352321803569794
12170 0.06520143151283264
12180 0.07088863104581833
12190 0.0724971815943718
12200 0.04724122583866119
12210 0.07772200554609299
12220 0.07736561447381973
12230 0.07982264459133148
12240 0.06889510899782181
12250 0.05852025747299194
12260 0.05859489366412163
12270 0.04993845149874687
12280 0.04822444915771484
12290 0.04948822781443596
12300 0.0528758279979229
12310 0.05916889384388924
12320 0.0577211044728756
12330 0.05790905654430389
12340 0.0576586052775383
12350 0.05647949129343033
12360 0.03917866945266724
12370 0.06165472790598869
12380 0.02172625623643398
12390 0.00818963535130024
12400 0.03912553563714027
12410 0.05328832939267159
12420 0.05742627009749413
12430 0.04044784232974052
12440 0.03511006012558937
12450 0.03081181459128857
12460 0.02440058253705502
12470 0.02624431811273098
12480 0.04135029762983322
12490 0.05046761035919189
12500 0.05279278382658958
12510 0.06230804324150085
12520 0.06259690225124359
12530 0.07243605703115463
12540 0.0686185359954834
12550 0.06230595707893372
12560 0.06570227444171906
12570 0.06441445648670197
12580 0.05206040292978287
12590 0.06259278208017349
12600 0.06570477783679962
12610 0.05537014082074165
12620 0.05118494480848312
12630 0.07949253916740417
12640 0.07764984667301178
12650 0.06642612814903259
12660 0.06408708542585373
12670 0.06094403564929962
12680 0.05951518937945366
12690 0.05920776352286339
12700 0.04537255316972733
12710 0.04864057525992393
12720 0.04274716600775719
12730 0.06220611557364464
12740 0.05555513873696327
12750 0.04385692626237869
12760 0.02808058448135853
12770 0.02172010764479637
12780 0.01431251876056194
12790 0.01524484064429998
12800 0.04750954732298851
12810 0.05623078718781471
12820 0.05627265572547913
12830 0.04376585781574249
12840 0.04553558304905891
12850 0.05755134671926498
12860 0.04786812141537666
12870 0.05358061939477921
12880 0.07360049337148666
12890 0.05983913317322731
12900 0.04664767906069756
12910 0.05271968618035316
12920 0.06323426216840744
12930 0.06763658672571182
12940 0.07297045737504959
12950 0.06660597771406174
12960 0.06159498542547226
12970 0.0607173927128315
12980 0.0597362257540226
12990 0.05757926777005196
13000 0.06232775375247002
13010 0.07725648581981659
13020 0.07007548213005066
13030 0.07152775675058365
13040 0.07704710960388184
13050 0.06445916742086411
13060 0.06431996077299118
13070 0.06754598021507263
13080 0.06467922776937485
13090 0.06901133805513382
13100 0.06839960813522339
13110 0.06825206428766251
13120 0.06972511112689972
13130 0.06829675287008286
13140 0.04964454099535942
13150 0.04651171341538429
13160 0.04989110305905342
13170 0.05261832475662231
13180 0.01963125169277191
13190 0.01439530868083239
13200 0.0205532256513834
13210 0.06076814234256744
13220 0.04831328243017197
13230 0.03664176911115646
13240 0.04522744566202164
13250 0.03655675053596497
13260 0.03424475342035294
13270 0.03966791927814484
13280 0.04427725449204445
13290 0.03689897805452347
13300 0.04182077199220657
13310 0.04854536429047585
13320 0.05312026664614677
13330 0.05588481575250626
13340 0.05042228847742081
13350 0.04951336234807968
13360 0.06843955814838409
13370 0.08163855224847794
13380 0.05529067292809486
13390 0.04227938875555992
13400 0.05550637468695641
13410 0.05883421748876572
13420 0.04904205724596977
13430 0.04691182076931
13440 0.06892116367816925
13450 0.04372050985693932
13460 0.05103309452533722
13470 0.05974023789167404
13480 0.0718822106719017
13490 0.05922069028019905
13500 0.0665149912238121
13510 0.07319129258394241
13520 0.0661182776093483
13530 0.06604544073343277
13540 0.04873646050691605
13550 0.06401973962783813
13560 0.02907505631446838
13570 0.039774339646101
13580 0.05042120441794395
13590 0.02828196994960308
13600 0.02507221512496471
13610 0.03540588915348053
13620 0.03593239188194275
13630 0.03377117216587067
13640 0.03774135187268257
13650 0.04776931181550026
13660 0.04254774749279022
13670 0.04119445383548737
13680 0.04665988683700562
13690 0.05296207219362259
13700 0.05216066166758537
13710 0.04969581216573715
13720 0.05435456708073616
13730 0.06868843734264374
13740 0.05769546329975128
13750 0.05148471519351006
13760 0.05970439687371254
13770 0.07755273580551147
13780 0.06615868955850601
13790 0.07211356610059738
13800 0.07535554468631744
13810 0.08367235213518143
13820 0.08509244024753571
13830 0.08223502337932587
13840 0.07991046458482742
13850 0.0793110653758049
13860 0.07539364695549011
13870 0.06772630661725998
13880 0.0653267502784729
13890 0.06676792353391647
13900 0.06226594746112823
13910 0.06636678427457809
13920 0.0679156482219696
13930 0.07233836501836777
13940 0.06581553071737289
13950 0.05591945722699165
13960 0.05690352618694305
13970 0.03489061072468758
13980 0.01694674417376518
13990 0.01456367690116167
14000 0.04103171452879906
14010 0.03753737360239029
14020 0.03811677172780037
14030 0.04237691685557365
14040 0.03921922668814659
14050 0.03000628761947155
14060 0.02215553447604179
14070 0.02994557656347752
14080 0.03625823557376862
14090 0.04550500959157944
14100 0.05849752575159073
14110 0.06000980734825134
14120 0.0558089092373848
14130 0.0596250593662262
14140 0.05985225364565849
14150 0.06075865775346756
14160 0.06640414893627167
14170 0.06276410073041916
14180 0.05962931737303734
14190 0.06707087904214859
14200 0.07435651868581772
14210 0.07342664152383804
14220 0.07231960445642471
14230 0.07825187593698502
14240 0.07677416503429413
14250 0.07217153161764145
14260 0.06608372181653976
14270 0.06526511907577515
14280 0.04938759282231331
14290 0.05845491215586662
14300 0.05973362550139427
14310 0.03690218180418015
14320 0.0360926128923893
14330 0.04162121191620827
14340 0.04314657673239708
14350 0.04190399870276451
14360 0.06117752194404602
14370 0.06650210916996002
14380 0.02516981028020382
14390 0.01607211865484715
14400 0.04118406400084496
14410 0.04470783472061157
14420 0.03571483865380287
14430 0.02291969209909439
14440 0.02600578777492046
14450 0.02882639691233635
14460 0.04014705121517181
14470 0.04072627797722816
14480 0.03354429826140404
14490 0.04536324739456177
14500 0.05760207772254944
14510 0.06349637359380722
14520 0.05888443440198898
14530 0.05199966952204704
14540 0.0601474866271019
14550 0.06743738055229187
14560 0.06045310571789742
14570 0.05759504437446594
14580 0.06444377452135086
14590 0.05981068685650826
14600 0.06204939633607864
7010 0.05772489681839943
7020 0.05885736644268036
7030 0.05949211865663528
7040 0.06099902465939522
7050 0.06934738904237747
7060 0.0746622309088707
7070 0.06460435688495636
7080 0.07085871696472168
7090 0.0596858374774456
7100 0.07269900292158127
7110 0.07464870065450668
7120 0.07309046387672424
7130 0.07229000329971313
7140 0.05317571759223938
7150 0.04830782860517502
7160 0.04697802290320396
7170 0.06111987307667732
7180 0.06220903992652893
7190 0.02909612655639648
7200 0.02687265910208225
0 0.07985451817512512
10 0.07986798137426376
20 0.07983365654945374
30 0.0798589214682579
40 0.08001895993947983
50 0.07993592321872711
60 0.07866612076759338
70 0.07617482542991638
80 0.07438207417726517
90 0.07301190495491028
100 0.07181654125452042
110 0.07273498177528381
120 0.07767981290817261
130 0.08281878381967545
140 0.08006083965301514
150 0.07882006466388702
160 0.07837908715009689
170 0.07946599274873734
180 0.07998624444007874
190 0.07522905617952347
200 0.07297497242689133
210 0.07496887445449829
220 0.0769176185131073
230 0.07892904430627823
240 0.08073569089174271
250 0.08123432099819183
260 0.08012043684720993
270 0.07959091663360596
280 0.07996147125959396
290 0.07979759573936462
300 0.07840544730424881
310 0.07652153819799423
320 0.07532890886068344
330 0.07627426832914352
340 0.07993379980325699
350 0.08393561840057373
360 0.08652526885271072
370 0.0877644345164299
380 0.08736990392208099
390 0.08536553382873535
400 0.0836932584643364
410 0.08467754721641541
420 0.08806387335062027
430 0.08930860459804535
440 0.08741538971662521
450 0.08567189425230026
460 0.08289402723312378
470 0.08448563516139984
480 0.08801977336406708
490 0.1018709316849709
500 0.08236884325742722
510 0.06707156449556351
520 0.05593636259436607
530 0.06422572582960129
540 0.06931187957525253
550 0.05508077144622803
560 0.06456288695335388
570 0.06840485334396362
580 0.06976572424173355
590 0.08968209475278854
600 0.08747114241123199
610 0.08215733617544174
620 0.06901852786540985
630 0.07140858471393585
640 0.07107506692409515
650 0.07087728381156921
660 0.06330270320177078
670 0.06548486649990082
680 0.06892357766628265
690 0.07279164344072342
700 0.07440803945064545
710 0.07615083456039429
720 0.07794409245252609
730 0.07413259148597717
740 0.07389262318611145
750 0.07264429330825806
760 0.07392891496419907
770 0.06524741649627686
780 0.0621357299387455
790 0.05530620738863945
800 0.03214481100440025
810 0.03029023855924606
820 0.02901858650147915
830 0.03211217001080513
840 0.0362190455198288
850 0.02981970459222794
860 0.02738772891461849
870 0.02744196355342865
880 0.04057715088129044
890 0.03895782306790352
900 0.03297027572989464
910 0.03263144195079803
920 0.03792896494269371
930 0.03062661737203598
940 0.0329376719892025
950 0.03582577407360077
960 0.03609331324696541
970 0.03336868062615395
980 0.05403315648436546
990 0.07527737319469452
1000 0.05931075662374496
1010 0.03917575627565384
1020 0.03611966967582703
1030 0.03516355901956558
1040 0.04735422879457474
1050 0.05894653499126434
1060 0.06915011256933212
1070 0.05737451463937759
1080 0.0469023622572422
1090 0.03498832508921623
1100 0.05783295258879662
1110 0.07003118842840195
1120 0.05912331119179726
1130 0.03675742819905281
1140 0.02035695128142834
1150 0.03538189828395844
1160 0.04517756402492523
1170 0.03976770490407944
1180 0.04285137355327606
1190 0.00835117045789957
1200 0.03439079970121384
1210 0.05902784690260887
1220 0.05096095055341721
1230 0.04096106812357903
1240 0.03300246596336365
1250 0.04774394631385803
1260 0.03963654115796089
1270 0.03433295711874962
1280 0.03018557280302048
1290 0.04460394009947777
1300 0.0606493353843689
1310 0.05554036051034927
1320 0.05307828262448311
1330 0.06616203486919403
1340 0.04699044674634933
1350 0.05242416262626648
1360 0.06217869743704796
1370 0.05717024952173233
1380 0.05754385888576508
1390 0.07375548034906387
1400 0.06918779760599136
1410 0.07114243507385254
1420 0.07296889275312424
1430 0.07485143095254898
1440 0.07425615936517715
1450 0.07258164882659912
1460 0.07396850734949112
1470 0.06374765932559967
1480 0.04949469119310379
1490 0.05101960152387619
1500 0.05449070036411285
1510 0.05600471049547195
1520 0.07216353714466095
1530 0.06687845289707184
1540 0.05841011554002762
1550 0.06233298033475876
1560 0.06691009551286697
1570 0.05809450149536133
1580 0.04680805280804634
1590 0.05167592689394951
1600 0.03931456059217453
1610 0.02251873910427094
1620 0.04480444639921188
1630 0.03386110067367554
1640 0.02573767863214016
1650 0.01305294688791037
1660 0.03531504049897194
1670 0.04984993860125542
1680 0.04041206836700439
1690 0.0391407236456871
1700 0.03374971821904182
1710 0.05354157090187073
1720 0.04799121990799904
1730 0.05168011412024498
1740 0.05246136710047722
1750 0.05188732221722603
1760 0.05658626183867455
1770 0.06400433927774429
1780 0.06032198294997215
1790 0.07541129738092422
1800 0.08300150185823441
1810 0.08147837221622467
1820 0.08168398588895798
1830 0.07111076265573502
1840 0.06205560266971588
1850 0.07010593265295029
1860 0.06842701882123947
1870 0.06774414330720901
1880 0.07386991381645203
1890 0.07022169232368469
1900 0.06648693978786469
1910 0.07045459747314453
1920 0.06725077331066132
1930 0.06938014924526215
1940 0.07050569355487823
1950 0.07639384269714355
1960 0.08174431324005127
1970 0.07958150655031204
1980 0.04259799793362617
1990 0.06183334439992905
2000 0.06411910802125931
2010 0.07137569785118103
2020 0.06285354495048523
2030 0.05780883505940437
2040 0.05794908106327057
2050 0.05877264589071274
2060 0.05737286061048508
2070 0.05129162222146988
2080 0.05224385857582092
2090 0.05918434634804726
2100 0.07806782424449921
2110 0.05442874506115913
2120 0.06178661435842514
2130 0.06592009961605072
2140 0.05754611641168594
2150 0.06282790005207062
2160 0.06609941273927689
2170 0.06836190819740295
2180 0.07003618031740189
2190 0.06394496560096741
2200 0.0865098237991333
2210 0.0868978276848793
2220 0.07981559634208679
2230 0.07966248691082001
2240 0.07730723917484283
2250 0.07621883600950241
2260 0.07095610350370407
2270 0.07575348764657974
2280 0.06745098531246185
2290 0.0721387043595314
2300 0.06069914251565933
2310 0.06020080298185349
2320 0.07397046685218811
2330 0.06444574892520905
2340 0.07695522159337997
2350 0.05219384282827377
2360 0.05110245570540428
2370 0.02838747017085552
2380 0.04480333998799324
2390 0.02320392429828644
2400 0.01562252268195152
2410 0.03527744486927986
2420 0.03361964970827103
2430 0.03818375244736671
2440 0.0315021425485611
2450 0.03638046234846115
2460 0.04419460520148277
2470 0.03738014400005341
2480 0.03422839194536209
2490 0.05525057390332222
2500 0.05095890536904335
2510 0.05250436440110207
2520 0.08796603232622147
2530 0.06568482518196106
2540 0.06910619139671326
2550 0.08324652910232544
2560 0.08160262554883957
2570 0.06171340122818947
2580 0.06682490557432175
2590 0.06871683895587921
2600 0.08337119966745377
2610 0.07510880380868912
2620 0.06787197291851044
2630 0.06829895824193954
2640 0.0752587765455246
2650 0.0743805393576622
2660 0.0809568390250206
2670 0.08522072434425354
2680 0.08752698451280594
2690 0.08864913135766983
2700 0.08632867783308029
2710 0.08367450535297394
2720 0.06757781654596329
2730 0.07800738513469696
2740 0.06695464998483658
2750 0.0575256384909153
2760 0.07600725442171097
2770 0.06826116889715195
2780 0.0220433697104454
2790 0.007093637716025114
2800 0.008588101714849472
2810 0.05427654832601547
2820 0.04334041103720665
2830 0.02259148471057415
2840 0.03684059903025627
2850 0.03732243925333023
2860 0.03080912493169308
2870 0.02979431115090847
2880 0.03536504507064819
2890 0.03046444803476334
2900 0.0225109551101923
2910 0.05295197293162346
2920 0.05737001448869705
2930 0.05480854585766792
2940 0.05239299684762955
2950 0.05395528301596642
2960 0.05420160666108131
2970 0.04910460859537125
2980 0.05398659035563469
2990 0.05520026758313179
3000 0.07802904397249222
3010 0.06552610546350479
3020 0.04249605163931847
3030 0.05300172418355942
3040 0.06193451210856438
3050 0.06366900354623795
3060 0.07681127637624741
3070 0.08932773768901825
3080 0.09196049720048904
3090 0.08654052019119263
3100 0.07586490362882614
3110 0.07572497427463531
3120 0.04791943728923798
3130 0.04762474820017815
3140 0.06163435056805611
3150 0.05136828124523163
3160 0.05302580446004868
3170 0.0549021027982235
3180 0.05739561095833778
3190 0.04798101261258125
3200 0.03225408494472504
3210 0.03965439647436142
3220 0.04544566571712494
3230 0.0484970360994339
3240 0.04537980630993843
3250 0.05415564402937889
3260 0.0437660738825798
3270 0.04103749617934227
3280 0.0355144739151001
3290 0.04485005885362625
3300 0.06625325977802277
3310 0.05819166451692581
3320 0.05527003109455109
3330 0.05209249258041382
3340 0.04671966284513474
3350 0.06208973750472069
3360 0.04174236580729485
3370 0.04650655761361122
3380 0.08348263055086136
3390 0.080921471118927
3400 0.07998453080654144
3410 0.08232659846544266
3420 0.08587197959423065
3430 0.08637326955795288
3440 0.08336833864450455
3450 0.07901744544506073
3460 0.08515311777591705
3470 0.08642426133155823
3480 0.0881112739443779
3490 0.07943277806043625
3500 0.08449108898639679
3510 0.08078785985708237
3520 0.05668678507208824
3530 0.06338945776224136
3540 0.04913873597979546
3550 0.06629656255245209
3560 0.04551302641630173
3570 0.03510605916380882
3580 0.03059122152626514
3590 0.02125121466815472
3600 0.03711500763893127
3610 0.05878765881061554
3620 0.05184276401996613
3630 0.03705786541104317
3640 0.03904145956039429
3650 0.03975167125463486
3660 0.04350458085536957
3670 0.04637726023793221
3680 0.04939183220267296
3690 0.05806972831487656
3700 0.06021261587738991
3710 0.05925915390253067
3720 0.05707221478223801
3730 0.0591685064136982
3740 0.05552342906594276
3750 0.05967821925878525
3760 0.07695821672677994
3770 0.06808680295944214
3780 0.0657331570982933
3790 0.06153195723891258
3800 0.06088192388415337
3810 0.06642325967550278
3820 0.07741785794496536
3830 0.08179174363613129
3840 0.07855769991874695
3850 0.06702521443367004
3860 0.06311479955911636
3870 0.06747003644704819
3880 0.07302829623222351
3890 0.07201649993658066
3900 0.0658835768699646
3910 0.06345342844724655
3920 0.06471780687570572
3930 0.06207626685500145
3940 0.0631716325879097
3950 0.05552179366350174
3960 0.04763919115066528
3970 0.03567236289381981
3980 0.03749756142497063
3990 0.02611000835895538
4000 0.02405946888029575
4010 0.06294989585876465
4020 0.05335642769932747
4030 0.04096858948469162
4040 0.0498172864317894
4050 0.05074294656515121
4060 0.04804376512765884
4070 0.04678458720445633
4080 0.05031060799956322
4090 0.04972986131906509
4100 0.0395907387137413
4110 0.05322710424661636
4120 0.05672447755932808
4130 0.06192773953080177
4140 0.06567192077636719
4150 0.06396042555570602
4160 0.06111351773142815
4170 0.06269852817058563
4180 0.06316301971673965
4190 0.05999384447932243
4200 0.0592501312494278
4210 0.06258596479892731
4220 0.06798240542411804
4230 0.07386869192123413
4240 0.07345984876155853
4250 0.06955168396234512
4260 0.06160212680697441
4270 0.05595777928829193
4280 0.06774433702230453
4290 0.05794389173388481
4300 0.07041218131780624
4310 0.07511334121227264
4320 0.07359298318624496
4330 0.08280618488788605
4340 0.0786510556936264
4350 0.07537208497524261
4360 0.05879319086670876
4370 0.02870633453130722
4380 0.0435883104801178
4390 0.02224311232566833
4400 0.01989607326686382
4410 0.04847647249698639
4420 0.04785389825701714
4430 0.04094198346138
4440 0.04954745247960091
4450 0.06299670785665512
4460 0.04146308079361916
4470 0.04836153611540794
4480 0.04600726440548897
4490 0.05018975213170052
4500 0.0437617190182209
4510 0.04706961661577225
4520 0.0660327821969986
4530 0.06757535040378571
4540 0.06844498217105865
4550 0.06574733555316925
4560 0.0666811540722847
4570 0.06508981436491013
4580 0.06799337267875671
4590 0.06948073953390121
4600 0.06922471523284912
4610 0.07175856083631516
4620 0.07681216299533844
4630 0.08101312816143036
4640 0.06426755338907242
4650 0.07203900068998337
4660 0.0639222115278244
4670 0.05889666080474854
4680 0.05565875768661499
4690 0.06438611447811127
4700 0.06968046724796295
4710 0.0551212877035141
4720 0.05120950937271118
4730 0.06094572693109512
4740 0.05380459874868393
4750 0.04809891432523727
4760 0.05221879482269287
4770 0.05291762948036194
4780 0.0497090183198452
4790 0.02398586086928844
4800 0.04893707111477852
4810 0.05565210431814194
4820 0.04803933575749397
4830 0.0588473305106163
4840 0.04920411109924316
4850 0.04682625457644463
4860 0.04245974123477936
4870 0.04245612025260925
4880 0.04215897619724274
4890 0.03750800713896751
4900 0.04032755643129349
4910 0.05942985787987709
4920 0.05690520629286766
4930 0.0568016916513443
4940 0.06310122460126877
4950 0.06765883415937424
4960 0.07146101444959641
4970 0.0808514803647995
4980 0.06515017151832581
4990 0.06111038103699684
5000 0.07041571289300919
5010 0.0738857313990593
5020 0.0757974311709404
5030 0.07525837421417236
5040 0.07112672924995422
5050 0.08207295835018158
5060 0.07226310670375824
5070 0.06034654751420021
5080 0.05458621680736542
5090 0.06152181699872017
5100 0.08208946138620377
5110 0.07001038640737534
5120 0.06505788862705231
5130 0.06075400114059448
5140 0.04744031652808189
5150 0.05866209417581558
5160 0.04944270104169846
5170 0.01153642777353525
5180 0.01598402671515942
5190 0.0148282190784812
5200 0.06494837254285812
5210 0.05222474038600922
5220 0.03899505361914635
5230 0.03179908916354179
5240 0.04312366247177124
5250 0.0408608540892601
5260 0.04549751430749893
5270 0.04513175040483475
5280 0.05228647589683533
5290 0.06004282459616661
5300 0.06188784912228584
5310 0.06445961445569992
5320 0.06688748300075531
5330 0.06374283879995346
5340 0.06960280984640121
5350 0.07780082523822784
5360 0.06452017277479172
5370 0.06365197151899338
5380 0.07310353219509125
5390 0.06469973176717758
5400 0.06448762863874435
5410 0.06364735215902328
5420 0.06442101299762726
5430 0.06678969413042068
5440 0.06610490381717682
5450 0.07110323756933212
5460 0.07590340822935104
5470 0.06509975343942642
5480 0.05648362264037132
5490 0.03283943235874176
5500 0.02947776205837727
5510 0.03694907203316689
5520 0.05201317742466927
5530 0.04881491139531136
5540 0.06586826592683792
5550 0.06344284117221832
5560 0.05846567079424858
5570 0.05510235950350761
5580 0.04259404167532921
5590 0.04494954645633698
5600 0.05656039714813232
5610 0.04775142669677734
5620 0.05523907765746117
5630 0.03916910290718079
5640 0.04399878159165382
5650 0.03591341897845268
5660 0.03900374472141266
5670 0.06862255930900574
5680 0.0543537400662899
5690 0.07618811726570129
5700 0.05649374052882195
5710 0.04660867899656296
5720 0.04949501156806946
5730 0.05303697288036346
5740 0.05132248997688293
5750 0.05700317025184631
5760 0.06456480175256729
5770 0.06070028617978096
5780 0.06438340246677399
5790 0.06387718021869659
5800 0.0640719011425972
5810 0.07941193878650665
5820 0.07671531289815903
5830 0.06755933910608292
5840 0.0705607607960701
5850 0.07126421481370926
5860 0.0719657689332962
5870 0.07568888366222382
5880 0.09240806102752686
5890 0.09329592436552048
5900 0.08641771972179413
5910 0.07915219664573669
5920 0.08432389795780182
5930 0.08479274809360504
5940 0.03354005515575409
5950 0.02318823710083961
5960 0.04646255448460579
5970 0.03311914578080177
5980 0.02647066116333008
5990 0.02299848012626171
6000 0.0275685079395771
6010 0.05347182601690292
6020 0.04057671502232552
6030 0.04038405418395996
6040 0.03830918669700623
6050 0.03505067527294159
6060 0.0372585840523243
6070 0.04321693256497383
6080 0.04242686927318573
6090 0.057851891964674
6100 0.03859063982963562
6110 0.04830265417695045
6120 0.06061800196766853
6130 0.07395581156015396
6140 0.0762130543589592
6150 0.08539975434541702
6160 0.08147905021905899
6170 0.07270348072052002
6180 0.07798802107572556
6190 0.06623173505067825
6200 0.07315902411937714
6210 0.08488471060991287
6220 0.08436319231987
6230 0.08207286894321442
6240 0.08249305188655853
6250 0.0680222287774086
6260 0.05256753042340279
6270 0.05460642650723457
6280 0.05717802420258522
6290 0.03229181468486786
6300 0.04996973276138306
6310 0.06451963633298874
6320 0.06210971623659134
6330 0.05954296886920929
6340 0.04461999237537384
6350 0.0355934202671051
6360 0.04609990492463112
6370 0.04639042168855667
6380 0.04927264899015427
6390 0.01668805629014969
6400 0.066790372133255
6410 0.06892749667167664
6420 0.06526216864585876
6430 0.04062670096755028
6440 0.03625281527638435
6450 0.04950956255197525
6460 0.04137346148490906
6470 0.06189817935228348
6480 0.07120096683502197
6490 0.06341907382011414
6500 0.05109302327036858
6510 0.04221890494227409
6520 0.03900423273444176
6530 0.06154904142022133
6540 0.06549238413572311
6550 0.06307374686002731
6560 0.07138906419277191
6570 0.0669952929019928
6580 0.0639285072684288
6590 0.06175655499100685
6600 0.0632711723446846
6610 0.07423581928014755
6620 0.07497350126504898
6630 0.07887689024209976
6640 0.07822371274232864
6650 0.07441473752260208
6660 0.04764321073889732
6670 0.04210521280765533
6680 0.04897304996848106
6690 0.05017682909965515
6700 0.04807158932089806
6710 0.05495917424559593
6720 0.05440245568752289
6730 0.06387156993150711
6740 0.04791151359677315
6750 0.04476483166217804
6760 0.05798914656043053
6770 0.04821754992008209
6780 0.02974447980523109
6790 0.01372255571186543
6800 0.01240840367972851
6810 0.06277032941579819
6820 0.03473404049873352
6830 0.04616033658385277
6840 0.05833643302321434
6850 0.05684849247336388
6860 0.05553273484110832
6870 0.04398090019822121
6880 0.02842592261731625
6890 0.05897960439324379
6900 0.06982145458459854
6910 0.06010116264224052
6920 0.05478990077972412
6930 0.07660841196775436
6940 0.07364610582590103
6950 0.07355362176895142
6960 0.07813765108585358
6970 0.07611975073814392
6980 0.07531014084815979
6990 0.08066336810588837
7000 0.06536589562892914
7010 0.05772490054368973
7020 0.05885737389326096
7030 0.05949212238192558
7040 0.06099901348352432
7050 0.06934737414121628
7060 0.0746622160077095
7070 0.06460436433553696
7080 0.07085872441530228
7090 0.0596858412027359
7100 0.07269899547100067
7110 0.07464869320392609
7120 0.07309048622846603
7140 0.0531756803393364
7150 0.0483078807592392
7160 0.04697805643081665
7170 0.06111985445022583
7180 0.06220851093530655
7190 0.0290959719568491
7200 0.02687042020261288
