"Time Step" "point-pressure-c"
21210 526.2694091796875
21220 1078.37548828125
21230 -124.8299865722656
21240 -418.4417114257812
21250 372.0095825195312
21260 715.004150390625
21270 708.7387084960938
21280 920.251953125
21290 683.4583740234375
21300 885.26806640625
21310 1275.297973632812
21320 1991.578125
21330 2967.7109375
21340 2738.06787109375
21350 2681.99951171875
21360 2270.418701171875
21370 1669.1279296875
21380 1267.698974609375
21390 1443.071166992188
21400 1282.18408203125
21410 923.032958984375
21420 192.3519287109375
21430 -461.1257019042969
21440 -675.459716796875
21450 26.64225387573242
21460 995.0487060546875
21470 1281.671264648438
21480 960.4303588867188
21490 879.1722412109375
21500 834.2239990234375
21510 338.2577819824219
21520 68.18341064453125
21530 584.7362060546875
21540 711.3314819335938
21550 457.3017578125
21560 -42.77548217773438
21570 -135.337646484375
21580 -142.8226318359375
21590 246.4387512207031
21600 726.6077880859375
21610 1412.983642578125
21620 315.1327209472656
21630 2224.122314453125
21640 1268.668701171875
21650 1512.696533203125
21660 1784.496337890625
21670 1892.410888671875
21680 3114.988525390625
21690 4005.5556640625
21700 5197.654296875
21710 5924.318359375
21720 5425.8466796875
21730 5178.18359375
21740 4465.97802734375
21750 3426.41796875
21760 2773.16650390625
21770 2058.21923828125
21780 1528.398681640625
21790 1439.667724609375
21800 1256.50830078125
21810 1654.714721679688
21820 1729.25244140625
21830 1843.466552734375
21840 2158.0791015625
21850 2346.033935546875
21860 2345.054931640625
21870 2051.53125
21880 1267.3251953125
21890 750.1030883789062
21900 589.0296020507812
21910 555.8945922851562
21920 302.1694946289062
21930 5.833727836608887
21940 -1.218744277954102
21950 302.320068359375
21960 206.5139617919922
21970 69.42576599121094
21980 -49.27000427246094
21990 -656.5791625976562
22000 -1063.166015625
22010 -895.0491943359375
22020 -600.4613647460938
22030 28.39904022216797
22040 -37.30397033691406
22050 536.4354248046875
22060 1644.26806640625
22070 2575.848388671875
22080 1947.149169921875
22090 1927.367797851562
22100 2427.208984375
22110 3815.82666015625
22120 5005.51416015625
22130 5939.2080078125
22140 6347.91015625
22150 5863.115234375
22160 5271.8388671875
22170 4354.11767578125
22180 3410.78173828125
22190 2721.460205078125
22200 3130.97314453125
22210 3212.08251953125
22220 2840.037109375
22230 2193.20556640625
22240 1376.9267578125
22250 274.502685546875
22260 -496.1864013671875
22270 -119.8164978027344
22280 172.1105499267578
22290 -41.4443244934082
22300 77.68869018554688
22310 46.64328384399414
22320 572.39111328125
22330 711.91015625
22340 1001.038452148438
22350 1420.42724609375
22360 1404.083984375
22370 1036.814697265625
22380 427.8868408203125
22390 56.29126358032227
22400 -501.0894775390625
22410 184.4669189453125
22420 378.2029724121094
22430 -423.0617370605469
22440 528.2950439453125
22450 429.1636352539062
22460 1001.298522949219
22470 1922.65625
22480 2919.875244140625
22490 3722.7431640625
22500 4041.438232421875
22510 4324.1455078125
22520 4851.2373046875
22530 4972.15234375
22540 4485.29248046875
22550 4167.97412109375
22560 3950.36767578125
22570 3399.919921875
22580 3016.75439453125
22590 2602.827880859375
22600 2648.896728515625
22610 2543.127197265625
22620 2558.12548828125
22630 2479.2509765625
22640 2427.64013671875
22650 1735.1884765625
22660 1122.781372070312
22670 1041.842529296875
22680 1964.495971679688
22690 2006.966186523438
22700 1493.666625976562
22710 1293.322875976562
22720 1138.904174804688
22730 487.9354248046875
22740 172.3014373779297
22750 19.595703125
22760 -278.2175598144531
22770 -295.4667358398438
22780 -791.657470703125
22790 -1900.9775390625
22800 -1720.171875
22810 -970.446044921875
22820 -1840.827270507812
22830 -490.9764099121094
22840 -333.1209106445312
22850 -453.9150695800781
22860 -1151.094604492188
22870 -749.4059448242188
22880 1133.507446289062
22890 2069.438232421875
22900 2139.10791015625
22910 3126.502685546875
22920 4275.61376953125
22930 4326.30615234375
22940 4309.52880859375
22950 4233.2734375
22960 3571.223876953125
22970 1925.230590820312
22980 786.6124877929688
22990 1152.8544921875
23000 1131.684692382812
23010 1419.078735351562
23020 1757.876708984375
23030 2040.75634765625
23040 954.0360107421875
23050 1.257785797119141
23060 -442.4032287597656
23070 -467.4072875976562
23080 -547.9317626953125
23090 -588.5682983398438
23100 -803.029541015625
23110 -654.1873779296875
23120 -230.2210845947266
23130 -188.2283935546875
23140 257.3450927734375
23150 255.7353515625
23160 655.99609375
23170 1113.321166992188
23180 1001.795715332031
23190 766.78857421875
23200 976.5093383789062
23210 1672.0771484375
23220 2215.38671875
23230 1010.622436523438
23240 578.2828979492188
23250 1248.170166015625
23260 1493.292724609375
23270 1692.326293945312
23280 2282.1357421875
23290 3565.88720703125
23300 4756.64208984375
23310 5552.2333984375
23320 6165.60693359375
23330 6817.51416015625
23340 7062.35888671875
23350 6444.525390625
23360 5280.04931640625
23370 4554.21728515625
23380 3862.697998046875
23390 2772.486328125
23400 2137.18994140625
23410 1962.586547851562
23420 1335.188354492188
23430 321.1152038574219
23440 123.4706268310547
23450 97.17206573486328
23460 -352.9250183105469
23470 -392.8240356445312
23480 -442.311767578125
23490 -495.1030883789062
23500 -99.522216796875
23510 247.6250305175781
23520 531.4432983398438
23530 629.50048828125
23540 1004.74609375
23550 960.548583984375
23560 843.6666259765625
23570 648.837890625
23580 -84.07431793212891
23590 -385.6825256347656
23600 59.6544189453125
23610 -2068.6904296875
23620 677.1348876953125
23630 427.8672180175781
23640 174.3870697021484
23650 -172.2668609619141
23660 -382.7324829101562
23670 103.6803512573242
23680 1000.721923828125
23690 1059.933715820312
23700 2371.660888671875
23710 3182.64306640625
23720 3856.00732421875
23730 4332.9658203125
23740 4144.4326171875
23750 3938.99365234375
23760 2720.274658203125
23770 1232.7734375
23780 129.9318084716797
23790 270.9287109375
23800 445.5505065917969
23810 987.62109375
23820 1029.16162109375
23830 1057.58251953125
23840 400.6824645996094
23850 844.2427978515625
23860 870.5283813476562
23870 869.2569580078125
23880 1065.195678710938
23890 698.25146484375
23900 -97.74191284179688
23910 -1023.062377929688
23920 -888.6027221679688
23930 -520.3218994140625
23940 -780.955810546875
23950 -1106.134399414062
23960 -1337.855834960938
23970 -1497.717529296875
23980 -832.74462890625
23990 -475.1898193359375
24000 -397.845458984375
15410 1802.857666015625
15420 2097.218994140625
15430 1224.031860351562
15440 370.7190551757812
15450 -450.0152587890625
15460 -636.7940063476562
15470 466.2941589355469
15480 602.714599609375
15490 287.9913330078125
15500 475.562744140625
15510 881.5850830078125
15520 1451.515502929688
15530 1216.607421875
15540 1012.115661621094
15550 1546.74658203125
15560 1713.217895507812
15570 1565.395141601562
15580 645.9572143554688
15590 605.1200561523438
15600 901.5389404296875
15610 1323.990478515625
15620 851.4852294921875
15630 208.4314117431641
15640 402.4605102539062
15650 1364.87841796875
15660 2711.29052734375
15670 3750.42919921875
15680 4767.5966796875
15690 4746.59814453125
15700 5576.783203125
15710 5383.228515625
15720 6679.76611328125
15730 6117.97802734375
15740 5791.82763671875
15750 5376.8291015625
15760 4428.35546875
15770 4040.588623046875
15780 2999.4306640625
15790 2827.7080078125
15800 2187.333984375
15810 1695.998901367188
15820 1155.166625976562
15830 479.6402282714844
15840 -293.9158935546875
15850 -1030.448852539062
15860 -472.95849609375
15870 -139.6307220458984
15880 36.87728881835938
15890 64.45571899414062
15900 -150.9019470214844
15910 -730.9256591796875
15920 -1495.605834960938
15930 -1629.70556640625
15940 -1619.75927734375
15950 -1601.942504882812
15960 -1311.304809570312
15970 -1589.721435546875
15980 -1886.137329101562
15990 -2115.744873046875
16000 -1866.8076171875
16010 -1383.03125
16020 -933.2268676757812
16030 -2053.3505859375
16040 -2869.111083984375
16050 -2346.65771484375
16060 -759.7906494140625
16070 -385.0368041992188
16080 -630.412841796875
16090 -27.61357116699219
16100 1054.228393554688
16110 2878.461669921875
16120 4113.29296875
16130 4600.2421875
16140 4946.5126953125
16150 4350.67822265625
16160 2608.2861328125
16170 1246.549560546875
16180 621.2727661132812
16190 437.870849609375
16200 667.1995849609375
16210 801.0533447265625
16220 604.9026489257812
16230 230.9314422607422
16240 -140.8880615234375
16250 -34.98873519897461
16260 211.6612854003906
16270 -211.1912841796875
16280 -230.6556091308594
16290 -582.8587646484375
16300 -1092.537841796875
16310 -1633.483154296875
16320 -1920.537353515625
16330 -1657.127197265625
16340 -1087.07958984375
16350 -108.009521484375
16360 980.78564453125
16370 888.4695434570312
16380 264.9708251953125
16390 -29.92094230651855
16400 -141.1485595703125
16410 -1014.577758789062
16420 397.4439697265625
16430 -190.4106750488281
16440 -49.66764068603516
16450 159.0871276855469
16460 1777.30859375
16470 2377.372314453125
16480 1592.49755859375
16490 3606.1845703125
16500 5031.74853515625
16510 6503.55810546875
16520 6851.19482421875
16530 5715.37646484375
16540 5002.9267578125
16550 4074.08642578125
16560 3195.436767578125
16570 2159.79443359375
16580 1992.061645507812
16590 1701.57080078125
16600 939.4091796875
16610 1175.824462890625
16620 2119.48974609375
16630 2027.708374023438
16640 1192.593872070312
16650 815.2830810546875
16660 561.6797485351562
16670 177.7501983642578
16680 367.1483154296875
16690 516.8534545898438
16700 580.2972412109375
16710 339.3257446289062
16720 -178.0485687255859
16730 -911.9849853515625
16740 -1235.940185546875
16750 -492.7243347167969
16760 14.87416839599609
16770 418.6535949707031
16780 228.9133148193359
16790 -676.1722412109375
16800 -1270.87744140625
16810 -349.815673828125
16820 -531.972900390625
16830 -1183.31689453125
16840 -625.760009765625
16850 -804.6358642578125
16860 -1291.419189453125
16870 -1641.844360351562
16880 -274.6354064941406
16890 255.8908386230469
16900 1474.333374023438
16910 2098.7197265625
16920 2686.283447265625
16930 3442.20458984375
16940 4304.93359375
16950 4154.24951171875
16960 3925.92626953125
16970 3077.888671875
16980 1476.825439453125
16990 1124.137817382812
17000 715.171875
17010 860.4119873046875
17020 258.5177307128906
17030 787.2953491210938
17040 480.6132507324219
17050 28.41496658325195
17060 164.9858093261719
17070 -17.95888900756836
17080 179.1924133300781
17090 136.1018524169922
17100 -85.72177124023438
17110 -175.9414825439453
17120 -518.8850708007812
17130 -1078.13623046875
17140 -1582.41796875
17150 -2175.452880859375
17160 -2416.538330078125
17170 -2016.978515625
17180 -1982.486572265625
17190 -1588.000610351562
17200 -1343.099853515625
17210 -690.2127075195312
17220 -72.86544799804688
17230 122.9823760986328
17240 -984.7719116210938
17250 -283.7772216796875
17260 -588.2181396484375
17270 545.237548828125
17280 601.3497314453125
17290 982.3223876953125
17300 1409.968017578125
17310 2351.524658203125
17320 2528.927001953125
17330 2951.956298828125
17340 3169.933349609375
17350 3033.13525390625
17360 2204.625
17370 1072.799560546875
17380 835.41064453125
17390 983.042724609375
17400 510.9937133789062
17410 -208.4009399414062
17420 -1585.49462890625
17430 -2511.03759765625
17440 -2339.732666015625
17450 -2292.2177734375
17460 -2016.509399414062
17470 -1472.64794921875
17480 -750.1363525390625
17490 25.30338287353516
17500 397.8544616699219
17510 256.2289733886719
17520 93.13932800292969
17530 -242.1211547851562
17540 -330.3988647460938
17550 -634.84423828125
17560 -761.729736328125
17570 -379.345703125
17580 -329.07666015625
17590 -1258.168212890625
17600 -1059.255249023438
17610 -413.3280639648438
17620 1227.791259765625
17630 200.4746856689453
17640 -78.64413452148438
17650 781.0224609375
17660 1342.61279296875
17670 1508.60400390625
17680 2064.719482421875
17690 2569.5634765625
17700 3774.96728515625
17710 4457.6884765625
17720 4786.58251953125
17730 4778.5322265625
17740 4652.52197265625
17750 4097.35888671875
17760 3696.482177734375
17770 3378.365234375
17780 3108.888427734375
17790 2968.03857421875
17800 2557.493408203125
17810 2122.36474609375
17820 1526.256591796875
17830 288.1769104003906
17840 501.2255554199219
17850 848.62158203125
17860 200.5747222900391
17870 -135.2886352539062
17880 -225.7643432617188
17890 -277.3464050292969
17900 -652.6464233398438
17910 -1344.166381835938
17920 -1937.640747070312
17930 -2049.6376953125
17940 -1669.70068359375
17950 -940.243896484375
17960 -1016.522583007812
17970 -1015.136047363281
17980 -995.6123046875
17990 -644.5657958984375
18000 -195.3788757324219
18010 301.9189758300781
18020 -1102.2880859375
18030 -462.8619384765625
18040 -1062.094360351562
18050 -1386.242919921875
18060 -545.43994140625
18070 -16.13604545593262
18080 564.3001708984375
18090 1557.627685546875
18100 2109.155029296875
18110 3008.50048828125
18120 3736.23388671875
18130 4464.0908203125
18140 4857.39794921875
18150 4400.12109375
18160 3541.88818359375
18170 2014.778686523438
18180 876.27880859375
18190 492.5145263671875
18200 992.345703125
18210 1139.729614257812
18220 383.162109375
18230 -258.0714111328125
18240 -211.7969055175781
18250 834.7344970703125
18260 391.3105163574219
18270 215.661865234375
18280 -359.8851318359375
18290 -880.01123046875
18300 -1109.265258789062
18310 -1263.7626953125
18320 -1181.633178710938
18330 -558.9859008789062
18340 -255.8358154296875
18350 -328.1218872070312
18360 -616.285888671875
18370 -1026.525146484375
18380 -834.2803955078125
18390 -1220.647705078125
18400 -673.0087280273438
18410 -299.0280456542969
18420 -1092.716796875
18430 -125.9525451660156
18440 316.0473022460938
18450 728.7420654296875
18460 1113.773803710938
18470 1423.550048828125
18480 1989.502807617188
18490 2922.225341796875
18500 4412.64453125
18510 5310.03857421875
18520 5456.8857421875
18530 4796.1298828125
18540 4138.05224609375
18550 3854.66259765625
18560 3659.16845703125
18570 1800.054565429688
18580 1186.508666992188
18590 1640.263916015625
18600 1988.960327148438
18610 2051.064453125
18620 1260.59716796875
18630 91.99842834472656
18640 -475.4793701171875
18650 -620.7000732421875
18660 -451.4536743164062
18670 42.5726203918457
18680 297.0963439941406
18690 146.5072021484375
18700 -818.997314453125
18710 -1167.616088867188
18720 -1123.50244140625
18730 -1586.553955078125
18740 -1785.788330078125
18750 -1657.83203125
18760 -1703.28564453125
18770 -1839.900390625
18780 -2447.20947265625
18790 -2794.591796875
18800 -2518.33935546875
18810 -2510.785888671875
18820 -3259.57958984375
18830 -3083.255615234375
18840 -2945.33251953125
18850 -2025.0078125
18860 -1182.222534179688
18870 -1250.859375
18880 -412.9741821289062
18890 783.2994995117188
18900 1387.484497070312
18910 2734.826171875
18920 3687.112060546875
18930 3393.8310546875
18940 3179.043701171875
18950 2933.451904296875
18960 2579.588134765625
18970 2113.77685546875
18980 1520.5029296875
18990 1505.35693359375
19000 1643.298828125
19010 1132.918090820312
19020 805.4788818359375
19030 784.9844360351562
19040 1423.487548828125
19050 1771.8515625
19060 1170.4755859375
19070 1625.463623046875
19080 2680.437744140625
19090 3117.6025390625
19100 2958.099853515625
19110 2348.62939453125
19120 1308.578369140625
19130 554.765869140625
19140 -372.4949645996094
19150 -1150.832153320312
19160 -1077.935546875
19170 -1187.962036132812
19180 -1713.208740234375
19190 -2503.7216796875
19200 -2422.1416015625
19210 -1882.143310546875
19220 -2063.0400390625
19230 -958.3203125
19240 -1000.518310546875
19250 85.98396301269531
19260 1274.462036132812
19270 1476.079711914062
19280 1626.05810546875
19290 2279.86376953125
19300 2775.99609375
19310 3379.155029296875
19320 4005.332275390625
19330 3983.02294921875
19340 4039.34033203125
19350 3460.336669921875
19360 2951.867919921875
19370 1981.661743164062
19380 1609.7978515625
19390 711.4505004882812
19400 650.8355712890625
19410 2313.61767578125
19420 2478.1318359375
19430 2201.31103515625
19440 2362.21630859375
19450 2415.921142578125
19460 2236.938720703125
19470 2387.007568359375
19480 1746.38525390625
19490 446.5490112304688
19500 862.4168090820312
19510 1555.92578125
19520 1005.013244628906
19530 696.5616455078125
19540 801.0034790039062
19550 1221.613037109375
19560 1381.014526367188
19570 1071.377563476562
19580 485.6282043457031
19590 -318.4288330078125
19600 49.67155075073242
19610 928.6959228515625
19620 862.047607421875
19630 -701.0330810546875
19640 -1126.032470703125
19650 -1012.469177246094
19660 -462.236572265625
19670 625.8695068359375
19680 1447.896484375
19690 1541.925537109375
19700 2175.26416015625
19710 3758.05029296875
19720 5108.90380859375
19730 5500.037109375
19740 4873.3212890625
19750 3847.503662109375
19760 2932.24169921875
19770 1914.923583984375
19780 782.5158081054688
19790 445.8473510742188
19800 783.7593383789062
19810 -47.48954010009766
19820 -134.1059722900391
19830 -44.45078659057617
19840 -66.44911193847656
19850 105.4834060668945
19860 130.3075103759766
19870 -153.953857421875
19880 -89.14234924316406
19890 -179.3029327392578
19900 -2.196414947509766
19910 201.0474090576172
19920 249.6121978759766
19930 -259.9338073730469
19940 -301.0272827148438
19950 -254.8252868652344
19960 42.34770202636719
19970 317.2508239746094
19980 291.0557250976562
19990 -109.5837249755859
20000 -49.29648590087891
20010 -1000.993896484375
20020 263.5264587402344
20030 106.1512756347656
20040 520.3342895507812
20050 1024.1005859375
20060 1851.042724609375
20070 1733.513671875
20080 2527.219482421875
20090 3281.06201171875
20100 3196.18701171875
20110 4193.966796875
20120 4953.84765625
20130 4918.14990234375
20140 5417.119140625
20150 6151.37255859375
20160 5525.23193359375
20170 3707.130859375
20180 3160.49609375
20190 3319.44921875
20200 3190.37353515625
20210 2549.15771484375
20220 2931.353515625
20230 3376.2470703125
20240 3185.28076171875
20250 3056.237060546875
20260 2400.89501953125
20270 2134.707763671875
20280 2003.761840820312
20290 1696.06005859375
20300 1345.778564453125
20310 638.9618530273438
20320 353.9505920410156
20330 544.2568969726562
20340 219.5215606689453
20350 225.2418365478516
20360 55.94157409667969
20370 -41.07898712158203
20380 -313.4522399902344
20390 -954.6824340820312
20400 -969.9849243164062
20410 -487.3172302246094
20420 -260.7112121582031
20430 -338.4504699707031
20440 -327.2554626464844
20450 -13.32551670074463
20460 -257.7457275390625
20470 916.9097900390625
20480 2032.51611328125
20490 2530.279296875
20500 3641.3564453125
20510 4546.84716796875
20520 5535.0859375
20530 5206.1083984375
20540 4163.2431640625
20550 3631.69091796875
20560 3734.314453125
20570 2887.8603515625
20580 2078.258056640625
20590 1596.95556640625
20600 719.3673095703125
20610 343.0919189453125
20620 556.6263427734375
20630 317.1396179199219
20640 -44.86033248901367
20650 -184.5744323730469
20660 124.7996444702148
20670 -412.7478637695312
20680 -614.6754150390625
20690 -520.9171142578125
20700 66.36206817626953
20710 178.6556549072266
20720 463.40087890625
20730 726.876708984375
20740 778.027099609375
20750 850.68994140625
20760 1063.102416992188
20770 738.673095703125
20780 -68.36454010009766
20790 -403.8102416992188
20800 209.6643524169922
20810 -110.8156585693359
20820 -93.69622802734375
20830 439.6795043945312
20840 1111.50634765625
20850 1349.660278320312
20860 1539.474487304688
20870 1431.157104492188
20880 1671.414184570312
20890 2739.462890625
20900 3821.2958984375
20910 4451.1357421875
20920 5427.19970703125
20930 5611.111328125
20940 4964.275390625
20950 3853.66259765625
20960 2696.71728515625
20970 2619.46240234375
20980 2224.3486328125
20990 2344.6533203125
21000 2811.845703125
21010 3080.28369140625
21020 3185.741943359375
21030 2890.046875
21040 2534.341796875
21050 2374.2783203125
21060 1806.223510742188
21070 1265.755126953125
21080 903.4238891601562
21090 604.9091186523438
21100 277.4002380371094
21110 -284.2128601074219
21120 -803.3648681640625
21130 -742.2477416992188
21140 -392.7079162597656
21150 -311.2783813476562
21160 -395.3837280273438
21170 111.0828323364258
21180 631.7041015625
21190 1.723011016845703
21200 86.79544830322266
21240 -418.2262573242188
21250 376.6023559570312
21260 734.8948974609375
21270 716.5787353515625
21280 912.3609008789062
21290 683.5556030273438
21300 880.412353515625
21310 1272.64208984375
21320 1977.087158203125
21330 2988.22900390625
21340 2751.15625
21350 2680.760986328125
21360 2260.656982421875
21370 1681.949584960938
21380 1260.932861328125
14610 2482.43115234375
14620 2263.583984375
14630 1704.0244140625
14640 1599.888427734375
14650 1897.63232421875
14660 2215.27392578125
14670 2222.37890625
14680 1842.725341796875
14690 1714.600463867188
14700 1035.010620117188
14710 681.7260131835938
14720 896.985595703125
14730 650.9271240234375
14740 101.5630416870117
14750 -126.7762908935547
14760 109.3530883789062
14770 318.2633056640625
14780 -279.2875366210938
14790 -506.2160949707031
14800 -105.05859375
14810 -1261.437744140625
14820 -1334.5498046875
14830 -1749.3310546875
14840 -1459.028564453125
14850 -1880.370361328125
14860 -1134.91796875
14870 45.62364959716797
14880 1070.101196289062
14890 1748.362548828125
14900 1942.404907226562
14910 2910.615234375
14920 3639.848388671875
14930 3417.535400390625
14940 3009.2275390625
14950 3379.810302734375
14960 2819.402099609375
14970 2286.64794921875
14980 266.5812072753906
14990 -142.9172058105469
15000 -235.6029968261719
15010 313.760498046875
15020 604.2947998046875
15030 243.4952850341797
15040 22.63723945617676
15050 -177.4296722412109
15060 -184.1449584960938
15070 -221.4238739013672
15080 508.8863525390625
15090 663.8038940429688
15100 689.1394653320312
15110 1015.303955078125
15120 1212.209106445312
15130 1543.989990234375
15140 1706.585205078125
15150 1430.337646484375
15160 1294.52001953125
15170 601.099365234375
15180 283.226806640625
15190 -237.1089172363281
15200 -798.2952270507812
15210 -1419.924438476562
15220 -319.9181823730469
15230 138.2776794433594
15240 348.4923706054688
15250 435.4830627441406
15260 -19.62398910522461
15270 699.667236328125
15280 1074.079223632812
15290 3057.04150390625
15300 4043.298828125
15310 4871.4677734375
15320 5662.017578125
15330 5676.88525390625
15340 4671.421875
15350 4212.7470703125
15360 4692.29052734375
15370 4712.5810546875
15380 4123.83935546875
15390 3380.1171875
15400 1874.228271484375
7210 -1541.5107421875
7220 -1626.94775390625
7230 -971.3726196289062
7240 -668.0352783203125
7250 -231.0045318603516
7260 209.3682861328125
7270 28.28720855712891
7280 205.8405914306641
7290 641.6064453125
7300 2875.96337890625
7310 3637.539306640625
7320 4254.16943359375
7330 4879.2021484375
7340 5156.3671875
7350 4714.1181640625
7360 3866.43017578125
7370 2500.4208984375
7380 1641.42041015625
7390 2192.717041015625
7400 2299.895263671875
7410 3035.7861328125
7420 3375.907958984375
7430 2456.4560546875
7440 1686.6162109375
7450 1684.502807617188
7460 1338.366455078125
7470 1069.543090820312
7480 976.9818115234375
7490 1120.423095703125
7500 737.2941284179688
7510 642.5702514648438
7520 835.4265747070312
7530 1033.652954101562
7540 668.243896484375
7550 86.80146026611328
7560 -657.322509765625
7570 -1044.249755859375
7580 -1841.72216796875
7590 -2706.568603515625
7600 -3116.172119140625
7610 -2465.7021484375
7620 -1476.2978515625
7630 -982.8531494140625
7640 16.49648094177246
7650 973.088623046875
7660 998.686767578125
7670 443.0891418457031
7680 434.3503723144531
7690 1127.422607421875
7700 2424.45166015625
7710 3480.873291015625
7720 3737.164306640625
7730 3592.452392578125
7740 3702.17578125
7750 3115.18505859375
7760 2075.200927734375
7770 1078.4140625
7780 315.78955078125
7790 487.4056396484375
7800 1288.461669921875
7810 1882.20263671875
7820 1382.41650390625
7830 1290.322021484375
7840 1004.2900390625
7850 864.9617309570312
7860 178.0761108398438
7870 126.8699798583984
7880 -83.23868560791016
7890 210.7503967285156
7900 670.2755126953125
7910 532.641357421875
7920 264.4926452636719
7930 -44.8749885559082
7940 -53.99370193481445
7950 -13.27744960784912
7960 -136.1221771240234
7970 -441.1394348144531
7980 -1014.983032226562
7990 -1463.30712890625
8000 -1010.374267578125
8010 90.85877227783203
8020 460.970947265625
8030 162.8687744140625
8040 -759.2241821289062
8050 -2034.8544921875
8060 -1830.211669921875
8070 -1126.880981445312
8080 139.7568817138672
8090 866.4523315429688
8100 1528.455444335938
8110 2239.205810546875
8120 3213.05908203125
8130 3624.617431640625
8140 3729.797607421875
8150 4135.8046875
8160 3380.37255859375
8170 1730.481689453125
8180 2101.485107421875
8190 1955.546997070312
8200 2534.88671875
8210 1929.127685546875
8220 1134.568115234375
8230 761.2227783203125
8240 722.8828735351562
8250 -53.92383575439453
8260 598.8147583007812
8270 1091.178588867188
8280 776.909912109375
8290 855.64501953125
8300 1030.528076171875
8310 1041.746948242188
8320 476.6298828125
8330 205.2502899169922
8340 161.0235443115234
8350 88.54041290283203
8360 -439.4093017578125
8370 -735.2775268554688
8380 -1247.479248046875
8390 -1744.254150390625
8400 -1839.925170898438
8410 -1086.209106445312
8420 -1531.9443359375
8430 -1530.632934570312
8440 -1753.7314453125
8450 -605.3790283203125
8460 -232.4006195068359
8470 -59.88612365722656
8480 -5.462532043457031
8490 2107.91943359375
8500 2946.4228515625
8510 4411.04833984375
8520 5913.791015625
8530 6263.36181640625
8540 6034.57568359375
8550 5528.6875
8560 3873.527587890625
8570 1596.07958984375
8580 483.05322265625
8590 228.6387329101562
8600 175.7626647949219
8610 911.4560546875
8620 1248.152099609375
8630 897.6036376953125
8640 319.6670837402344
8650 148.0937194824219
8660 -362.0366821289062
8670 784.9908447265625
8680 753.336669921875
8690 -77.87948608398438
8700 441.6798095703125
8710 779.3536376953125
8720 151.2144012451172
8730 -720.8729248046875
8740 -758.2164916992188
8750 -1260.095458984375
8760 -1948.405151367188
8770 -1938.805419921875
8780 -1830.1953125
8790 -2752.96435546875
8800 -2980.7314453125
8810 -2390.186767578125
8820 -1952.90576171875
8830 -1260.830078125
8840 -668.4844970703125
8850 -40.54695510864258
8860 76.92683410644531
8870 700.6897583007812
8880 1312.2685546875
8890 1932.429931640625
8900 2725.87744140625
8910 2936.09033203125
8920 2961.6845703125
8930 2531.164306640625
8940 1368.441650390625
8950 1162.801513671875
8960 2019.263061523438
8970 2150.81103515625
8980 2075.9443359375
8990 2359.114990234375
9000 1948.075561523438
9010 2056.126953125
9020 2449.4423828125
9030 1792.027099609375
9040 753.142333984375
9050 452.2909545898438
9060 460.6776428222656
9070 814.4456787109375
9080 757.3049926757812
9090 336.3716430664062
9100 113.7484283447266
9110 -23.37990188598633
9120 -425.9000244140625
9130 28.91368675231934
9140 89.06999206542969
9150 -225.5437622070312
9160 -733.881103515625
9170 -408.4692077636719
9180 -430.1712646484375
9190 -1039.01416015625
9200 -585.4375
9210 -141.0219421386719
9220 -1217.603271484375
9230 -1924.800415039062
9240 -964.509521484375
9250 -1159.609375
9260 -1173.663818359375
9270 -939.40185546875
9280 -920.355712890625
9290 -688.033935546875
9300 699.0438232421875
9310 1318.984008789062
9320 2878.51025390625
9330 4292.8876953125
9340 4222.708984375
9350 3634.71337890625
9360 2912.73046875
9370 2344.50634765625
9380 1035.916259765625
9390 373.1757202148438
9400 665.530517578125
9410 874.5938110351562
9420 245.5468597412109
9430 302.5861206054688
9440 1053.25634765625
9450 1266.498901367188
9460 1504.447021484375
9470 1405.6220703125
9480 916.4257202148438
9490 456.0095520019531
9500 550.1414794921875
9510 1634.18310546875
9520 2274.842529296875
9530 1892.01708984375
9540 1612.076049804688
9550 928.931884765625
9560 590.0968017578125
9570 41.26923370361328
9580 -331.3354797363281
9590 -756.95556640625
9600 -813.566650390625
9610 -497.4331359863281
9620 -695.7052001953125
9630 -72.14739990234375
9640 278.1722412109375
9650 867.7739868164062
9660 1839.917358398438
9670 1668.796020507812
9680 1280.87890625
9690 1833.670166015625
9700 3096.104248046875
9710 3248.783203125
9720 4221.22265625
9730 5056.9453125
9740 4604.61962890625
9750 3703.212890625
9760 3009.616943359375
9770 2525.23583984375
9780 2004.672729492188
9790 2466.614013671875
9800 2468.067626953125
9810 2322.829833984375
9820 1669.295532226562
9830 1488.26025390625
9840 1768.068481445312
9850 1137.578857421875
9860 446.8910827636719
9870 850.4393310546875
9880 771.0360107421875
9890 708.771240234375
9900 964.8497924804688
9910 1196.191772460938
9920 1284.232421875
9930 1199.531494140625
9940 860.0441284179688
9950 162.1832122802734
9960 -301.9369506835938
9970 -200.7660217285156
9980 110.6359176635742
9990 -159.906005859375
10000 -127.4534225463867
10010 222.232666015625
10020 597.3019409179688
10030 -201.3299865722656
10040 220.9136657714844
10050 204.1158142089844
10060 743.5641479492188
10070 565.8329467773438
10080 554.6453247070312
10090 1198.855102539062
10100 1528.228149414062
10110 2568.423095703125
10120 4569.162109375
10130 4752.5517578125
10140 4816.9306640625
10150 4915.044921875
10160 4534.02783203125
10170 2970.93798828125
10180 2693.1962890625
10190 3072.3837890625
10200 2604.21435546875
10210 1933.186645507812
10220 2147.912109375
10230 2641.935302734375
10240 2753.503662109375
10250 1543.599243164062
10260 198.0042114257812
10270 222.1556549072266
10280 399.6170959472656
10290 253.8844299316406
10300 770.9727783203125
10310 954.900146484375
10320 373.7626953125
10330 -440.8794555664062
10340 -675.8787841796875
10350 -875.2158813476562
10360 -958.330322265625
10370 -348.2276916503906
10380 -612.6390380859375
10390 -1404.244140625
10400 -950.0375366210938
10410 -583.3106689453125
10420 -574.0443725585938
10430 316.1471862792969
10440 -9.490184783935547
10450 251.2821502685547
10460 -929.9949340820312
10470 -1971.66455078125
10480 -523.5470581054688
10490 33.36317443847656
10500 677.6932983398438
10510 1247.18017578125
10520 1641.511352539062
10530 2613.458984375
10540 3408.3916015625
10550 3311.945068359375
10560 2793.3642578125
10570 1559.925537109375
10580 1184.29541015625
10590 1417.502563476562
10600 1575.689208984375
10610 1255.30517578125
10620 600.2728271484375
10630 -46.87387466430664
10640 -703.3617553710938
10650 -784.4461669921875
10660 -346.4702758789062
10670 -323.0347290039062
10680 -442.1889038085938
10690 -729.6558837890625
10700 -613.9636840820312
10710 -666.5421142578125
10720 -700.5441284179688
10730 -736.6671142578125
10740 -1166.635986328125
10750 -1704.065795898438
10760 -1263.5849609375
10770 -860.5973510742188
10780 -353.3490600585938
10790 -791.044677734375
10800 -1099.739013671875
10810 -556.4332885742188
10820 -16.68685722351074
10830 -836.9553833007812
10840 -300.8407592773438
10850 462.496337890625
10860 1042.67724609375
10870 257.4242553710938
10880 -394.4969177246094
10890 598.4517822265625
10900 1907.37890625
10910 3096.86181640625
10920 4131.609375
10930 4228.380859375
10940 4405.0126953125
10950 3255.506591796875
10960 2159.253662109375
10970 1187.574340820312
10980 934.88916015625
10990 188.1102294921875
11000 90.38445281982422
11010 -26.79213714599609
11020 291.1371459960938
11030 -150.2173156738281
11040 184.6343536376953
11050 1064.80615234375
11060 1243.01806640625
11070 1146.764892578125
11080 789.43994140625
11090 650.8689575195312
11100 790.2845458984375
11110 671.2153930664062
11120 639.2494506835938
11130 628.3667602539062
11140 954.646728515625
11150 1155.618774414062
11160 706.9280395507812
11170 726.1680908203125
11180 1160.716186523438
11190 1084.933349609375
11200 812.0039672851562
11210 1265.733764648438
11220 1663.3603515625
11230 760.4076538085938
11240 427.65966796875
11250 1372.921508789062
11260 1294.551147460938
11270 1365.450073242188
11280 1605.481201171875
11290 2634.134765625
11300 2684.869140625
11310 2577.135009765625
11320 3294.697998046875
11330 3989.88818359375
11340 3619.23876953125
11350 2903.175048828125
11360 2930.56201171875
11370 3289.34619140625
11380 2615.399169921875
11390 1565.4453125
11400 1687.990966796875
11410 1105.784790039062
11420 739.5369873046875
11430 686.739013671875
11440 939.7943115234375
11450 206.7629089355469
11460 -604.7781982421875
11470 -1133.424072265625
11480 -728.2725830078125
11490 -748.5704956054688
11500 -417.3615112304688
11510 -129.1009674072266
11520 155.9747161865234
11530 701.7374877929688
11540 686.57861328125
11550 403.2994384765625
11560 -178.1188812255859
11570 -427.303955078125
11580 -1018.67529296875
11590 -1685.13037109375
11600 -1555.876098632812
11610 -978.8646240234375
11620 -41.09144592285156
11630 -1172.624633789062
11640 -287.242431640625
11650 -840.8602294921875
11660 -886.7301025390625
11670 -185.5885620117188
11680 -89.85610198974609
11690 1222.889892578125
11700 2343.121337890625
11710 2824.51171875
11720 3979.67919921875
11730 4355.4248046875
11740 4335.4228515625
11750 4363.853515625
11760 3744.02001953125
11770 2247.3349609375
11780 657.33740234375
11790 257.4607543945312
11800 595.371826171875
11810 850.69775390625
11820 975.45458984375
11830 950.8002319335938
11840 253.9973297119141
11850 75.51726531982422
11860 -80.64845275878906
11870 -589.7410888671875
11880 -1259.461547851562
11890 -1465.650634765625
11900 -1261.624145507812
11910 -1053.603759765625
11920 -1000.948669433594
11930 -758.40380859375
11940 -904.6279907226562
11950 -905.8416748046875
11960 -1057.746704101562
11970 -1030.6533203125
11980 -1323.69921875
11990 -1577.110961914062
12000 -563.9623413085938
12010 -1696.9248046875
12020 -1092.804565429688
12030 167.1320953369141
12040 -18.59856033325195
12050 -135.0940399169922
12060 -840.3115844726562
12070 -292.6485900878906
12080 416.30810546875
12090 1403.011474609375
12100 2687.066162109375
12110 3884.635498046875
12120 4472.28466796875
12130 4972.99365234375
12140 4887.7275390625
12150 4242.31640625
12160 2878.9833984375
12170 1761.472534179688
12180 865.463134765625
12190 1332.352294921875
12200 1878.039672851562
12210 2891.5751953125
12220 3650.90478515625
12230 3311.242431640625
12240 3279.359619140625
12250 3378.585693359375
12260 2731.574462890625
12270 1906.058837890625
12280 1001.388061523438
12290 379.0709228515625
12300 116.3758087158203
12310 -68.90269470214844
12320 -232.0073547363281
12330 -206.4391479492188
12340 -79.78658294677734
12350 242.9339447021484
12360 -149.0189819335938
12370 -606.95166015625
12380 -291.1099853515625
12390 -3.368782043457031
12400 135.51904296875
12410 329.5504455566406
12420 847.9075927734375
12430 752.9600830078125
12440 1258.302978515625
12450 1061.829833984375
12460 672.1273193359375
12470 659.340087890625
12480 2031.60595703125
12490 2700.904296875
12500 3758.27294921875
12510 4382.7138671875
12520 4774.3994140625
12530 4396.375
12540 3994.27734375
12550 3805.34375
12560 3566.91357421875
12570 3475.86181640625
12580 2910.3056640625
12590 1699.02978515625
12600 1271.646728515625
12610 1700.213623046875
12620 1592.33544921875
12630 1637.53515625
12640 1677.7783203125
12650 1561.122802734375
12660 1645.891357421875
12670 1678.433715820312
12680 1516.904663085938
12690 1439.43994140625
12700 1463.261962890625
12710 1124.045166015625
12720 602.8897705078125
12730 118.2076187133789
12740 192.4491424560547
12750 532.5753173828125
12760 466.0502319335938
12770 221.8948211669922
12780 -76.66485595703125
12790 -274.90625
12800 -650.6822509765625
12810 -58.4253044128418
12820 674.7704467773438
12830 -115.4007263183594
12840 513.017333984375
12850 887.168212890625
12860 1328.930297851562
12870 1638.312744140625
12880 1880.755493164062
12890 1900.177001953125
12900 2713.817626953125
12910 3387.632080078125
12920 4167.78125
12930 4260.044921875
12940 5181.3076171875
12950 5772.78466796875
12960 4955.78857421875
12970 4095.442626953125
12980 2512.444091796875
12990 2006.236083984375
13000 1993.488037109375
13010 1993.469848632812
13020 2432.83544921875
13030 2186.998779296875
13040 2176.12841796875
13050 2034.94921875
13060 2239.341064453125
13070 1869.619018554688
13080 1842.148559570312
13090 1437.56884765625
13100 1133.728149414062
13110 1597.09521484375
13120 1332.883178710938
13130 1297.750854492188
13140 979.4164428710938
13150 617.7005004882812
13160 545.1839599609375
13170 647.33203125
13180 743.0422973632812
13190 450.3692321777344
13200 229.3536682128906
13210 788.3912963867188
13220 -235.5717010498047
13230 22.01597023010254
13240 512.0796508789062
13250 742.8325805664062
13260 844.40576171875
13270 685.3421630859375
13280 1999.427734375
13290 2642.71728515625
13300 3487.3515625
13310 4414.7099609375
13320 5472.1259765625
13330 5401.3916015625
13340 5732.0927734375
13350 5776.71923828125
13360 5020.525390625
13370 3529.912353515625
13380 2429.72509765625
13390 2248.580810546875
13400 2067.139892578125
13410 2609.392822265625
13420 2095.730224609375
13430 1288.636474609375
13440 851.1761474609375
13450 369.9180908203125
13460 7.122854232788086
13470 211.2444458007812
13480 482.0592346191406
13490 521.3450927734375
13500 436.9336853027344
13510 192.8799591064453
13520 -591.6989135742188
13530 -753.77880859375
13540 3.551723480224609
13550 154.9772796630859
13560 363.5998840332031
13570 840.30908203125
13580 983.2802734375
13590 808.3424072265625
13600 1050.026977539062
13610 349.2174987792969
13620 1785.407470703125
13630 1331.63671875
13640 897.0639038085938
13650 720.3313598632812
13660 1090.580322265625
13670 417.1483154296875
13680 604.9694213867188
13690 487.9662475585938
13700 878.0106811523438
13710 1750.483642578125
13720 3454.602783203125
13730 4016.501708984375
13740 4092.19384765625
13750 3752.275390625
13760 3756.4794921875
13770 3083.290283203125
13780 1745.934814453125
13790 1664.318725585938
13800 1763.740478515625
13810 1688.057250976562
13820 1835.835693359375
13830 933.955810546875
13840 723.1895751953125
13850 232.3687286376953
13860 178.8534698486328
13870 739.4598388671875
13880 768.8800048828125
13890 522.282958984375
13900 704.9873657226562
13910 1224.367431640625
13920 1450.0537109375
13930 1330.721313476562
13940 926.8953247070312
13950 730.8924560546875
13960 794.264892578125
13970 682.8626708984375
13980 -80.92301177978516
13990 -441.5906982421875
14000 -863.8623046875
14010 130.9674682617188
14020 286.2536010742188
14030 -175.1264343261719
14040 152.2471771240234
14050 364.5375366210938
14060 1507.718017578125
14070 1893.586791992188
14080 2337.2802734375
14090 3481.17529296875
14100 3423.555908203125
14110 5017.62451171875
14120 5055.02392578125
14130 4724.05908203125
14140 3888.882080078125
14150 2695.13671875
14160 1855.50830078125
14170 1319.380737304688
14180 541.1959228515625
14190 269.8573303222656
14200 68.97080993652344
14210 -45.87394714355469
14220 852.008544921875
14230 1033.56982421875
14240 1537.285034179688
14250 1458.143798828125
14260 1181.125854492188
14270 1845.807250976562
14280 2434.771728515625
14290 2338.302001953125
14300 2359.37646484375
14310 2033.211303710938
14320 2008.522705078125
14330 1887.935791015625
14340 1951.406494140625
14350 2030.561767578125
14360 1912.766235351562
14370 1607.427978515625
14380 1160.581420898438
14390 98.72152709960938
14400 -507.166748046875
14410 -352.4865417480469
14420 135.419189453125
14430 42.2007942199707
14440 -374.5669250488281
14450 -444.2525024414062
14460 -92.28828430175781
14470 601.4030151367188
14480 951.1695556640625
14490 1594.697265625
14500 2069.330322265625
14510 2856.68603515625
14520 3823.84765625
14530 4173.07861328125
14540 3781.3828125
14550 3105.735595703125
14560 2435.348388671875
14570 1954.52197265625
14580 1653.732421875
14590 1543.458129882812
14600 1961.48974609375
7010 3835.9833984375
7020 3073.79541015625
7030 2468.2900390625
7040 1932.50537109375
7050 1952.056640625
7060 1959.60791015625
7070 2062.33740234375
7080 2041.041015625
7090 1648.045043945312
7100 1144.118041992188
7110 939.3760986328125
7120 375.0468139648438
7130 388.5287475585938
7140 306.8107604980469
7150 212.5667724609375
7160 585.1658935546875
7170 646.0436401367188
7180 390.0213623046875
7190 -312.4948120117188
7200 -627.6244506835938
7220 -1626.953857421875
7230 -971.3306274414062
7240 -665.7845458984375
7250 -235.5531921386719
7260 207.0709686279297
7270 25.47592163085938
7280 192.5561676025391
7290 638.7531127929688
7300 2880.5908203125
7310 3636.142578125
7320 4256.88671875
7330 4879.14794921875
7340 5157.14111328125
7350 4711.04541015625
0 6651.9453125
10 -542.7215576171875
20 195.0507354736328
30 523.3193359375
40 395.5347595214844
50 1140.06982421875
60 2408.7119140625
70 3538.19873046875
80 5113.07080078125
90 7146.50146484375
100 9012.42578125
110 11123.4677734375
120 13387.654296875
130 15070.8955078125
140 16135.1669921875
150 16896.3984375
160 16593.556640625
170 13536.111328125
180 12181.06640625
190 12560.794921875
200 12506.412109375
210 11768.5087890625
220 10872.07421875
230 10920.2998046875
240 10680.341796875
250 9932.76171875
260 9580.5322265625
270 9467.0712890625
280 8999.0341796875
290 8619.5751953125
300 8265.10546875
310 7990.11572265625
320 7502.68212890625
330 7009.2646484375
340 6346.9853515625
350 5716.5087890625
360 5194.36279296875
370 4608.64599609375
380 3895.49072265625
390 2906.240234375
400 2422.34423828125
410 2168.903076171875
420 1489.098510742188
430 1452.8037109375
440 246.9850463867188
450 -611.9210815429688
460 -1379.609497070312
470 -969.7239379882812
480 -810.4054565429688
490 401.5406799316406
500 887.3709106445312
510 1689.27880859375
520 3421.732177734375
530 3963.8583984375
540 4408.31103515625
550 5094.99609375
560 5996.5390625
570 5953.513671875
580 4097.20703125
590 3841.9169921875
600 3728.85302734375
610 3366.65185546875
620 2194.2861328125
630 2056.8251953125
640 1893.121459960938
650 1316.456420898438
660 716.8640747070312
670 1117.306274414062
680 1827.8125
690 2269.45458984375
700 2346.10888671875
710 2126.826171875
720 1399.726928710938
730 -293.8471374511719
740 -897.793212890625
750 -326.9606628417969
760 571.5309448242188
770 1052.405151367188
780 1105.251708984375
790 1865.401977539062
800 3116.1298828125
810 3482.20263671875
820 3254.866455078125
830 1908.0703125
840 1207.774169921875
850 412.8126525878906
860 1009.228393554688
870 2772.5986328125
880 2950.884765625
890 3629.19677734375
900 4218.19287109375
910 4899.2080078125
920 6235.1123046875
930 7220.2470703125
940 7417.84521484375
950 7044.43701171875
960 6526.46044921875
970 5955.86865234375
980 4229.1279296875
990 3240.752197265625
1000 3443.944580078125
1010 3624.8291015625
1020 2679.11572265625
1030 1659.543701171875
1040 845.6785278320312
1050 -372.4668579101562
1060 -660.9697265625
1070 -327.9144592285156
1080 547.5418701171875
1090 790.779296875
1100 518.82763671875
1110 404.6166381835938
1120 378.1852111816406
1130 133.6830444335938
1140 277.3665466308594
1150 541.4713745117188
1160 679.8414916992188
1170 228.1972198486328
1180 -788.6947631835938
1190 -1321.505004882812
1200 -877.3870239257812
1210 -999.1626586914062
1220 -1538.9677734375
1230 790.6393432617188
1240 -176.1102447509766
1250 916.3937377929688
1260 1145.725341796875
1270 507.6262817382812
1280 390.3479309082031
1290 470.4842529296875
1300 1484.759521484375
1310 2519.613525390625
1320 3178.57568359375
1330 4755.2119140625
1340 6052.8564453125
1350 6179.8935546875
1360 5251.62255859375
1370 4050.474609375
1380 3782.54052734375
1390 4059.222900390625
1400 3857.884765625
1410 4312.771484375
1420 4852.33251953125
1430 5246.01171875
1440 5635.0576171875
1450 5207.24267578125
1460 4209.49169921875
1470 3153.73876953125
1480 2855.145751953125
1490 2249.23486328125
1500 1884.392211914062
1510 1539.388671875
1520 631.14306640625
1530 -180.8605804443359
1540 -224.4563293457031
1550 -163.7322387695312
1560 -570.7621459960938
1570 -1203.236450195312
1580 -1231.41357421875
1590 -1456.45703125
1600 -993.5772705078125
1610 -762.8773803710938
1620 -2153.48828125
1630 -2556.08642578125
1640 -2195.776123046875
1650 -2492.97021484375
1660 -2489.39013671875
1670 -2178.862548828125
1680 -1202.435668945312
1690 -495.6877746582031
1700 -5.577110290527344
1710 1484.05078125
1720 2776.1171875
1730 3929.238525390625
1740 4202.8115234375
1750 4156.7509765625
1760 4011.6240234375
1770 2377.338623046875
1780 1833.841552734375
1790 2091.39697265625
1800 1454.021240234375
1810 1855.411865234375
1820 1508.026000976562
1830 520.6446533203125
1840 1259.598266601562
1850 1437.68505859375
1860 745.6547241210938
1870 893.1434326171875
1880 723.6546020507812
1890 -289.4522705078125
1900 -485.150634765625
1910 59.99948883056641
1920 -62.24433135986328
1930 768.5559692382812
1940 1551.27880859375
1950 1421.482177734375
1960 1187.5361328125
1970 805.3428344726562
1980 -93.32672119140625
1990 -929.5013427734375
2000 -1432.946044921875
2010 -833.4323120117188
2020 -1195.226318359375
2030 -628.2061767578125
2040 -155.9897308349609
2050 102.2375717163086
2060 -414.91259765625
2070 -768.0096435546875
2080 662.6098022460938
2090 2463.37158203125
2100 4162.30078125
2110 4925.779296875
2120 6642.70458984375
2130 7831.0244140625
2140 7530.0380859375
2150 6732.8515625
2160 5460.71923828125
2170 3990.7421875
2180 2552.7236328125
2190 1536.525634765625
2200 2560.402587890625
2210 2528.944580078125
2220 2464.75830078125
2230 2754.15771484375
2240 2457.839599609375
2250 2212.1865234375
2260 1434.270629882812
2270 389.7713317871094
2280 -230.4174194335938
2290 -85.23141479492188
2300 378.674072265625
2310 336.2307739257812
2320 372.0796203613281
2330 524.279052734375
2340 648.9347534179688
2350 391.1027221679688
2360 4.356344223022461
2370 -403.64599609375
2380 -717.4208984375
2390 -1719.119018554688
2400 -1722.0615234375
2410 -606.0045776367188
2420 -459.7175598144531
2430 -1160.47265625
2440 -1107.512939453125
2450 -1055.986694335938
2460 -860.9343872070312
2470 78.07190704345703
2480 439.5135192871094
2490 268.7438659667969
2500 911.9076538085938
2510 1564.70703125
2520 3543.88037109375
2530 4874.65283203125
2540 4978.6220703125
2550 5121.8251953125
2560 5104.02490234375
2570 3248.02392578125
2580 1631.547729492188
2590 2587.70458984375
2600 3479.095458984375
2610 2827.19091796875
2620 2791.583251953125
2630 2183.33642578125
2640 1662.977294921875
2650 1244.058349609375
2660 761.04052734375
2670 505.9039001464844
2680 707.1615600585938
2690 593.6134033203125
2700 263.9414367675781
2710 -137.8794250488281
2720 -208.34765625
2730 781.9742431640625
2740 1404.79833984375
2750 1327.519165039062
2760 1165.364501953125
2770 818.6073608398438
2780 1050.745849609375
2790 1105.697387695312
2800 1072.568115234375
2810 1528.14794921875
2820 756.8627319335938
2830 298.9199523925781
2840 1493.24072265625
2850 1951.685424804688
2860 1808.31298828125
2870 2000.888916015625
2880 2022.686279296875
2890 2821.87939453125
2900 3590.100830078125
2910 4709.65625
2920 5724.900390625
2930 6564.6787109375
2940 5987.18505859375
2950 4923.5478515625
2960 3466.683349609375
2970 1845.715698242188
2980 604.3551635742188
2990 1079.048217773438
3000 1231.429321289062
3010 1165.005249023438
3020 289.5220642089844
3030 -918.9262084960938
3040 -915.3402709960938
3050 -593.9048461914062
3060 -470.9591369628906
3070 -555.7350463867188
3080 -1293.258178710938
3090 -1981.15283203125
3100 -1724.918823242188
3110 -1216.369140625
3120 -844.2901000976562
3130 -1049.821044921875
3140 -557.955810546875
3150 24.75778579711914
3160 38.60239028930664
3170 -696.9573364257812
3180 -1521.568481445312
3190 -1401.526000976562
3200 -664.3097534179688
3210 224.0304412841797
3220 768.0350952148438
3230 1055.104125976562
3240 -139.3875885009766
3250 -178.09521484375
3260 357.7220153808594
3270 175.4527893066406
3280 31.99145317077637
3290 1736.959716796875
3300 3006.535888671875
3310 4181.02587890625
3320 5623.013671875
3330 6204.21826171875
3340 6155.46240234375
3350 4947.37451171875
3360 4858.3681640625
3370 3665.618896484375
3380 1977.432006835938
3390 1298.62646484375
3400 1362.974853515625
3410 1439.12353515625
3420 2172.2509765625
3430 2169.207763671875
3440 1472.188110351562
3450 526.5703735351562
3460 18.55461502075195
3470 -189.1808624267578
3480 153.9209136962891
3490 24.75213432312012
3500 -613.9664916992188
3510 -813.8509521484375
3520 -954.8197021484375
3530 -995.5571899414062
3540 -1052.349365234375
3550 -1019.296569824219
3560 -1003.09521484375
3570 -1356.71875
3580 -1443.36865234375
3590 -1582.004028320312
3600 -1486.745727539062
3610 -2850.293212890625
3620 -1265.411010742188
3630 -727.0581665039062
3640 10.44311141967773
3650 422.9728698730469
3660 1508.000610351562
3670 2029.997924804688
3680 3028.01513671875
3690 3691.369140625
3700 4657.03271484375
3710 5416.86328125
3720 5055.48095703125
3730 5045.115234375
3740 4403.947265625
3750 3554.970458984375
3760 2768.6640625
3770 2718.171875
3780 1788.239624023438
3790 807.9910888671875
3800 657.2216796875
3810 705.5099487304688
3820 802.38232421875
3830 728.0735473632812
3840 -135.7698059082031
3850 -126.1972961425781
3860 -161.6151733398438
3870 535.4739990234375
3880 983.4283447265625
3890 1071.51708984375
3900 1122.446044921875
3910 333.8375854492188
3920 1034.241455078125
3930 1172.162841796875
3940 620.7661743164062
3950 86.54598999023438
3960 -301.2830200195312
3970 -719.2607421875
3980 -1256.115234375
3990 -1593.736572265625
4000 -1536.100952148438
4010 -1535.08642578125
4020 -1664.366943359375
4030 -1076.703125
4040 -1824.4453125
4050 -1803.723876953125
4060 -1363.201171875
4070 -58.52639007568359
4080 1009.694091796875
4090 1834.02197265625
4100 2871.494140625
4110 2892.02783203125
4120 3268.650146484375
4130 3370.15771484375
4140 3675.498291015625
4150 3570.23779296875
4160 3182.23046875
4170 2891.67529296875
4180 1963.97900390625
4190 1366.748168945312
4200 1086.1533203125
4210 1425.521728515625
4220 2120.78857421875
4230 2068.87158203125
4240 1011.484619140625
4250 1032.332641601562
4260 1014.683715820312
4270 1347.921630859375
4280 941.4632568359375
4290 576.1505737304688
4300 -684.755615234375
4310 -1153.54736328125
4320 -1114.811401367188
4330 -1395.648559570312
4340 -1497.172119140625
4350 -1033.082275390625
4360 -1216.004516601562
4370 -1752.011962890625
4380 -2207.416015625
4390 -2212.416015625
4400 -2166.9697265625
4410 -1503.502563476562
4420 -1740.334716796875
4430 -1444.788330078125
4440 -1411.453002929688
4450 -818.2714233398438
4460 -386.9728393554688
4470 -675.4918823242188
4480 -179.8000030517578
4490 901.137939453125
4500 2535.177490234375
4510 4107.76318359375
4520 4499.1220703125
4530 4575.4814453125
4540 4392.91162109375
4550 4347.5537109375
4560 3933.72216796875
4570 3228.60888671875
4580 2265.41259765625
4590 2169.953857421875
4600 2646.47021484375
4610 3153.505859375
4620 3399.35205078125
4630 3198.626220703125
4640 2687.315185546875
4650 2307.68115234375
4660 1865.757690429688
4670 1676.611083984375
4680 1965.413452148438
4690 1542.656005859375
4700 1146.488525390625
4710 1272.262939453125
4720 1278.50390625
4730 1233.8330078125
4740 1467.002075195312
4750 1977.659301757812
4760 1627.933349609375
4770 1115.085327148438
4780 582.0870361328125
4790 223.6393890380859
4800 -398.9412841796875
4810 708.2646484375
4820 1368.8955078125
4830 861.6561889648438
4840 128.7772979736328
4850 49.32742691040039
4860 633.18798828125
4870 -47.94776153564453
4880 1551.602416992188
4890 2581.4462890625
4900 3120.38134765625
4910 3120.8564453125
4920 4235.001953125
4930 5107.798828125
4940 5172.10888671875
4950 5079.794921875
4960 4509.43994140625
4970 3114.46826171875
4980 2074.671142578125
4990 1694.521606445312
5000 1841.627807617188
5010 1568.053100585938
5020 1157.05322265625
5030 741.46728515625
5040 409.0313720703125
5050 305.4807739257812
5060 824.0806884765625
5070 689.1735229492188
5080 193.4341735839844
5090 432.5188598632812
5100 752.0343017578125
5110 1386.124755859375
5120 1817.343017578125
5130 1680.624755859375
5140 1618.428100585938
5150 1962.950805664062
5160 1977.3974609375
5170 1486.118408203125
5180 1035.678588867188
5190 439.7158203125
5200 409.6529235839844
5210 1258.297729492188
5220 1655.341918945312
5230 42.21230697631836
5240 854.4755249023438
5250 1341.719482421875
5260 1696.614990234375
5270 1940.460571289062
5280 2304.658447265625
5290 3336.483154296875
5300 4091.314453125
5310 4925.60107421875
5320 5463.67333984375
5330 6176.33544921875
5340 6097.1611328125
5350 5716.50048828125
5360 5774.068359375
5370 4492.18310546875
5380 4355.32958984375
5390 3938.515380859375
5400 3386.1669921875
5410 2791.54736328125
5420 2689.93359375
5430 2528.8046875
5440 2775.187255859375
5450 2509.405517578125
5460 2347.77001953125
5470 1724.14453125
5480 1173.725341796875
5490 672.9839477539062
5500 270.8429565429688
5510 -712.8504028320312
5520 -1234.849731445312
5530 -1422.871337890625
5540 -912.3162231445312
5550 -306.271484375
5560 87.58021545410156
5570 -34.14119338989258
5580 -350.892578125
5590 -1086.796875
5600 -1259.454345703125
5610 -1030.670166015625
5620 -1564.040649414062
5630 -971.1544189453125
5640 -1126.62939453125
5650 -1481.154296875
5660 -1557.670654296875
5670 -1090.868774414062
5680 -13.63995742797852
5690 151.2387847900391
5700 1009.081420898438
5710 1378.306762695312
5720 2358.537841796875
5730 3745.56591796875
5740 4299.9140625
5750 3875.239990234375
5760 2939.328125
5770 1981.453979492188
5780 1095.70068359375
5790 1003.167358398438
5800 691.6835327148438
5810 628.4386596679688
5820 583.3640747070312
5830 425.7489929199219
5840 -253.1453247070312
5850 -485.9503173828125
5860 -282.6796875
5870 -162.9808807373047
5880 -701.0178833007812
5890 -879.2513427734375
5900 -92.56883239746094
5910 -56.75662231445312
5920 279.5972900390625
5930 421.42041015625
5940 71.34889984130859
5950 -673.9588623046875
5960 -1377.862670898438
5970 -1446.59912109375
5980 -1729.55712890625
5990 -2139.27734375
6000 -2031.878051757812
6010 -1764.754028320312
6020 -1622.10302734375
6030 -1678.205932617188
6040 -1785.46044921875
6050 -1208.5419921875
6060 -1272.8984375
6070 -469.8769836425781
6080 197.2786712646484
6090 1023.313720703125
6100 1729.361450195312
6110 2317.4375
6120 3858.083984375
6130 4426.447265625
6140 3099.89013671875
6150 2985.330078125
6160 2584.26953125
6170 1939.781616210938
6180 445.4756774902344
6190 219.4910125732422
6200 754.8817749023438
6210 -2.465123176574707
6220 -482.9226379394531
6230 -731.7164306640625
6240 -855.1738891601562
6250 -196.9023895263672
6260 281.0069580078125
6270 342.1413269042969
6280 716.6582641601562
6290 236.4358215332031
6300 -158.6557159423828
6310 -142.4300842285156
6320 -113.5776519775391
6330 132.1553039550781
6340 594.0234985351562
6350 585.40576171875
6360 329.4852294921875
6370 261.7602844238281
6380 -55.45397186279297
6390 -519.6675415039062
6400 -867.6306762695312
6410 -1354.608032226562
6420 -3.025783538818359
6430 465.7461853027344
6440 745.0535278320312
6450 195.8563995361328
6460 322.3238525390625
6470 836.9810791015625
6480 1223.5712890625
6490 1333.644653320312
6500 2847.712646484375
6510 3609.1416015625
6520 4504.75732421875
6530 5423.5263671875
6540 4920.7939453125
6550 4443.34716796875
6560 3688.97509765625
6570 2929.472900390625
6580 2899.702880859375
6590 3324.20849609375
6600 2513.048828125
6610 2910.08251953125
6620 3149.8447265625
6630 2818.390625
6640 3102.6435546875
6650 3246.775390625
6660 2464.56396484375
6670 1975.900756835938
6680 1324.4365234375
6690 1172.820190429688
6700 746.44873046875
6710 558.8474731445312
6720 1033.944213867188
6730 1396.507690429688
6740 1674.217529296875
6750 1932.002319335938
6760 2445.55908203125
6770 1763.455322265625
6780 759.7215576171875
6790 -304.3448181152344
6800 -782.2057495117188
6810 -1187.967651367188
6820 -950.6287841796875
6830 257.1531372070312
6840 167.2250823974609
6850 297.6872863769531
6860 706.5565185546875
6870 986.1793212890625
6880 2038.177856445312
6890 1744.140014648438
6900 3415.92431640625
6910 4064.4189453125
6920 4905.49462890625
6930 5428.52392578125
6940 5328.66015625
6950 4472.51171875
6960 4348.86474609375
6970 3934.4072265625
6980 3620.46728515625
6990 4394.55419921875
7000 4314.3876953125
7010 3835.482177734375
7020 3090.295654296875
7030 2470.2705078125
7040 1955.296630859375
7050 1944.3984375
7060 1964.529663085938
7070 2060.1572265625
7080 2050.186279296875
7090 1652.972412109375
7100 1146.264404296875
7110 955.9840087890625
7120 341.1603698730469
7130 364.5645751953125
7140 304.2210388183594
7150 203.3888854980469
7160 586.912841796875
7170 594.6762084960938
7180 431.0566101074219
7190 -299.4241943359375
7200 -640.6243896484375
