"Time Step" "point-tau_vm-e"
21210 31.41790962219238
21220 18.96480369567871
21230 22.49893760681152
21240 24.21368789672852
21250 24.51072311401367
21260 31.59929275512695
21270 27.81510543823242
21280 27.27753829956055
21290 54.43681335449219
21300 38.43074798583984
21310 50.95294189453125
21320 24.76932334899902
21330 19.93692779541016
21340 41.51968383789062
21350 44.21274185180664
21360 26.76372718811035
21370 13.33573627471924
21380 24.96283340454102
21390 81.46857452392578
21400 62.78266143798828
21410 38.41207122802734
21420 46.24883270263672
21430 15.63985157012939
21440 40.26422119140625
21450 43.64797592163086
21460 35.4534797668457
21470 25.10845375061035
21480 52.98696517944336
21490 40.04834365844727
21500 47.41454315185547
21510 66.47536468505859
21520 41.80412673950195
21530 49.43450546264648
21540 26.87049102783203
21550 32.07662582397461
21560 26.03776550292969
21570 27.46075820922852
21580 52.5805778503418
21590 44.92701721191406
21600 40.98119735717773
21610 26.8130054473877
21620 37.19565200805664
21630 43.05359649658203
21640 35.37051010131836
21650 27.13870239257812
21660 31.31296348571777
21670 34.85838317871094
21680 61.44143676757812
21690 47.82495880126953
21700 47.28607177734375
21710 15.80655288696289
21720 15.1644287109375
21730 31.93160629272461
21740 60.28522872924805
21750 76.652587890625
21760 76.24732971191406
21770 96.78330993652344
21780 50.82359313964844
21790 53.81198883056641
21800 43.62581634521484
21810 22.35708999633789
21820 48.76082992553711
21830 35.16143798828125
21840 47.0870361328125
21850 37.80684280395508
21860 60.65821838378906
21870 88.849609375
21880 80.90022277832031
21890 67.87039184570312
21900 49.83879852294922
21910 52.53582000732422
21920 67.17308044433594
21930 54.99140930175781
21940 39.92512893676758
21950 53.45028305053711
21960 43.52908325195312
21970 46.1573371887207
21980 28.376953125
21990 30.12807464599609
22000 75.587158203125
22010 71.35310363769531
22020 22.68036270141602
22030 21.56198501586914
22040 15.91867065429688
22050 31.72519111633301
22060 48.84736633300781
22070 54.33029937744141
22080 37.9904899597168
22090 60.76584243774414
22100 28.15317153930664
22110 25.67062759399414
22120 23.73330879211426
22130 23.58674430847168
22140 38.82139587402344
22150 45.45649337768555
22160 57.5169677734375
22170 47.61001968383789
22180 53.74888610839844
22190 29.02010154724121
22200 18.00131416320801
22210 27.95671463012695
22220 44.84740829467773
22230 49.0449333190918
22240 37.21102523803711
22250 58.07268142700195
22260 64.16727447509766
22270 67.26991271972656
22280 26.90146636962891
22290 31.20129013061523
22300 64.20048522949219
22310 40.9460563659668
22320 73.30861663818359
22330 71.85901641845703
22340 73.41424560546875
22350 30.13607788085938
22360 22.60923767089844
22370 32.67686462402344
22380 18.13188743591309
22390 18.17243194580078
22400 42.09233856201172
22410 37.2766227722168
22420 23.85542869567871
22430 15.03753757476807
22440 12.98505973815918
22450 9.194223403930664
22460 21.23956108093262
22470 64.19790649414062
22480 49.73759460449219
22490 39.86842346191406
22500 22.76420974731445
22510 28.89800643920898
22520 36.62955093383789
22530 49.91220092773438
22540 44.96273422241211
22550 61.31178283691406
22560 26.19225311279297
22570 39.52541351318359
22580 46.81412124633789
22590 68.582275390625
22600 21.89199829101562
22610 36.71865844726562
22620 38.07262420654297
22630 26.46097373962402
22640 50.99332427978516
22650 41.77454376220703
22660 64.10034942626953
22670 57.14292144775391
22680 100.8392715454102
22690 45.7385139465332
22700 68.35257720947266
22710 58.35176849365234
22720 47.97393035888672
22730 26.97785949707031
22740 39.80842590332031
22750 41.0073356628418
22760 38.81235504150391
22770 27.20800018310547
22780 37.26987838745117
22790 88.43827819824219
22800 73.58851623535156
22810 33.28662490844727
22820 22.3929500579834
22830 14.64032077789307
22840 24.93146705627441
22850 25.84177780151367
22860 28.31221389770508
22870 21.69034194946289
22880 18.00829124450684
22890 30.92691040039062
22900 31.74650001525879
22910 34.42910385131836
22920 46.99297714233398
22930 33.98466873168945
22940 51.44520950317383
22950 25.38418197631836
22960 20.25081253051758
22970 15.06781196594238
22980 21.74916458129883
22990 38.0971565246582
23000 56.47925186157227
23010 89.76258850097656
23020 54.01951217651367
23030 29.2191333770752
23040 39.28768920898438
23050 61.12738800048828
23060 31.18321800231934
23070 40.20393753051758
23080 65.85734558105469
23090 72.02908325195312
23100 28.15622901916504
23110 14.63755798339844
23120 19.0753116607666
23130 35.33073043823242
23140 39.71334457397461
23150 22.07845306396484
23160 34.1380615234375
23170 16.60430908203125
23180 9.77466869354248
23190 14.54537582397461
23200 20.11005783081055
23210 25.93502426147461
23220 20.21506500244141
23230 33.12064743041992
23240 23.34821891784668
23250 24.90671920776367
23260 11.28032493591309
23270 24.05620956420898
23280 40.71459197998047
23290 50.15897750854492
23300 39.31465911865234
23310 55.94589233398438
23320 25.86443710327148
23330 23.83621025085449
23340 35.80857849121094
23350 32.53245544433594
23360 39.46476364135742
23370 53.47020721435547
23380 41.10666275024414
23390 62.39314270019531
23400 42.89919662475586
23410 19.60948371887207
23420 36.59010696411133
23430 24.50924110412598
23440 39.16406631469727
23450 31.40867805480957
23460 28.73829650878906
23470 43.01970291137695
23480 46.39519500732422
23490 35.39801406860352
23500 96.44736480712891
23510 48.5084114074707
23520 32.60653686523438
23530 20.81193542480469
23540 24.86019325256348
23550 16.75527954101562
23560 22.29118728637695
23570 47.79914093017578
23580 59.94070816040039
23590 65.99063873291016
23600 54.8287239074707
23610 43.45848846435547
23620 25.61220741271973
23630 31.51395797729492
23640 43.55841445922852
23650 63.55966949462891
23660 36.16272735595703
23670 24.5812931060791
23680 40.28273773193359
23690 31.22649002075195
23700 22.43588256835938
23710 20.29520988464355
23720 50.08216857910156
23730 42.86314392089844
23740 28.7877025604248
23750 22.43381118774414
23760 39.90485763549805
23770 26.77482795715332
23780 27.89455223083496
23790 16.78844833374023
23800 36.23493194580078
23810 35.50503158569336
23820 42.2281494140625
23830 37.25537490844727
23840 45.9160270690918
23850 25.79681205749512
23860 54.76138305664062
23870 29.8072395324707
23880 28.24150466918945
23890 16.96833419799805
23900 24.48093223571777
23910 19.85130882263184
23920 49.37189865112305
23930 43.36397933959961
23940 39.55657577514648
23950 55.08817291259766
23960 53.94817733764648
23970 46.70037460327148
23980 14.86373519897461
23990 35.45360946655273
24000 26.35428237915039
15410 72.41536712646484
15420 56.41176605224609
15430 75.12225341796875
15440 70.83373260498047
15450 30.13271331787109
15460 44.07566070556641
15470 36.27208709716797
15480 65.97989654541016
15490 38.25687026977539
15500 78.11071014404297
15510 38.38864898681641
15520 14.25630474090576
15530 23.19711875915527
15540 27.79413986206055
15550 19.24707412719727
15560 17.25504302978516
15570 24.07745170593262
15580 25.00625419616699
15590 21.6046199798584
15600 30.70687484741211
15610 24.68130874633789
15620 32.556396484375
15630 23.13178443908691
15640 42.06046676635742
15650 26.6689624786377
15660 14.7952184677124
15670 26.04447746276855
15680 43.35006713867188
15690 26.46525955200195
15700 15.00374984741211
15710 19.03934478759766
15720 49.33803558349609
15730 42.39424514770508
15740 64.49418640136719
15750 22.51063919067383
15760 28.5610179901123
15770 38.4654541015625
15780 33.71952819824219
15790 43.46891403198242
15800 22.18355941772461
15810 49.88979721069336
15820 32.68041610717773
15830 18.77730560302734
15840 44.15507125854492
15850 106.1410522460938
15860 20.61271095275879
15870 20.40195465087891
15880 21.02118492126465
15890 27.2998046875
15900 47.44921875
15910 52.14917755126953
15920 72.12458801269531
15930 62.55903625488281
15940 50.09174728393555
15950 56.56288528442383
15960 58.58447265625
15970 33.2385139465332
15980 20.71906089782715
15990 36.22537612915039
16000 41.28033065795898
16010 31.16629791259766
16020 44.53723907470703
16030 52.61996078491211
16040 28.03875732421875
16050 23.86545562744141
16060 48.53157043457031
16070 51.51076507568359
16080 51.10490036010742
16090 64.77694702148438
16100 54.12042617797852
16110 9.173894882202148
16120 34.750244140625
16130 51.23058700561523
16140 30.38729476928711
16150 21.90319633483887
16160 23.55816650390625
16170 43.98664855957031
16180 20.81428909301758
16190 53.3679313659668
16200 44.96082305908203
16210 20.59208679199219
16220 20.50297546386719
16230 38.57300567626953
16240 69.48696136474609
16250 69.48750305175781
16260 69.7764892578125
16270 50.33976745605469
16280 26.88604927062988
16290 23.15712738037109
16300 17.66097831726074
16310 16.4096565246582
16320 48.16584777832031
16330 64.31983947753906
16340 26.17436599731445
16350 32.86256408691406
16360 32.669189453125
16370 19.62940406799316
16380 38.6619758605957
16390 70.99985504150391
16400 77.98584747314453
16410 26.86151123046875
16420 43.72332763671875
16430 14.48586750030518
16440 10.87339782714844
16450 21.32531356811523
16460 32.32273101806641
16470 74.80311584472656
16480 46.13111877441406
16490 13.74026298522949
16500 43.04120635986328
16510 31.10201454162598
16520 25.59091377258301
16530 35.51131057739258
16540 28.50430297851562
16550 19.88860702514648
16560 42.76776885986328
16570 69.36158752441406
16580 62.17004013061523
16590 49.38929748535156
16600 23.70846748352051
16610 37.21296691894531
16620 67.03489685058594
16630 63.45857238769531
16640 72.73018646240234
16650 36.66107177734375
16660 47.23086166381836
16670 27.26516723632812
16680 62.57095336914062
16690 72.80713653564453
16700 27.34526824951172
16710 42.64862442016602
16720 29.38190650939941
16730 17.95893287658691
16740 32.55465316772461
16750 74.34119415283203
16760 66.36275482177734
16770 63.93696975708008
16780 23.47208404541016
16790 25.44484901428223
16800 13.81057739257812
16810 33.34726715087891
16820 72.291748046875
16830 73.42042541503906
16840 32.26000595092773
16850 17.79726219177246
16860 9.804937362670898
16870 23.1150951385498
16880 44.27936553955078
16890 42.53238677978516
16900 19.77936363220215
16910 49.22235870361328
16920 25.23942184448242
16930 34.44274520874023
16940 39.91743850708008
16950 44.55220031738281
16960 29.78801727294922
16970 76.09825897216797
16980 43.70445251464844
16990 23.7701530456543
17000 16.27311897277832
17010 16.91598510742188
17020 18.79649353027344
17030 18.76825714111328
17040 14.71459579467773
17050 12.39182567596436
17060 33.84478759765625
17070 55.22187423706055
17080 58.54121398925781
17090 38.06487655639648
17100 48.47617340087891
17110 79.38443756103516
17120 73.25142669677734
17130 48.60922622680664
17140 65.49968719482422
17150 46.76277542114258
17160 41.15615081787109
17170 19.29128646850586
17180 28.36536598205566
17190 33.54430770874023
17200 51.74656295776367
17210 43.85562133789062
17220 58.49806213378906
17230 47.45087814331055
17240 31.94530868530273
17250 20.17795562744141
17260 37.71052169799805
17270 60.58492660522461
17280 42.35892105102539
17290 16.80753707885742
17300 17.8498420715332
17310 36.72086715698242
17320 38.8076286315918
17330 19.58817863464355
17340 23.73851203918457
17350 41.07965850830078
17360 44.03439331054688
17370 41.56193542480469
17380 27.33777236938477
17390 29.47466659545898
17400 33.2345085144043
17410 37.07223510742188
17420 44.70334243774414
17430 33.36544036865234
17440 49.67510986328125
17450 51.67447662353516
17460 58.49684524536133
17470 53.93936157226562
17480 71.15036773681641
17490 61.40258407592773
17500 53.34630966186523
17510 25.42409324645996
17520 13.74407863616943
17530 24.35552024841309
17540 50.20458602905273
17550 32.57126617431641
17560 24.11952209472656
17570 25.97549438476562
17580 40.07523727416992
17590 39.14260482788086
17600 25.91772079467773
17610 15.87467575073242
17620 25.35256767272949
17630 57.60129928588867
17640 17.2001838684082
17650 15.06363105773926
17660 25.70198059082031
17670 60.16314315795898
17680 50.95562744140625
17690 26.60118103027344
17700 58.26203155517578
17710 27.29352378845215
17720 22.36341285705566
17730 31.69377136230469
17740 57.78030014038086
17750 25.69638824462891
17760 46.1824951171875
17770 50.16680908203125
17780 28.48151969909668
17790 43.04336166381836
17800 31.61244201660156
17810 35.19358444213867
17820 45.74334335327148
17830 69.32733154296875
17840 32.45558166503906
17850 34.96786499023438
17860 30.38992691040039
17870 77.737060546875
17880 61.81983947753906
17890 41.00881576538086
17900 19.8938045501709
17910 59.61833190917969
17920 31.42767143249512
17930 36.44093704223633
17940 20.63967514038086
17950 16.52354431152344
17960 16.37389755249023
17970 39.00906372070312
17980 41.78357315063477
17990 39.06338119506836
18000 49.64113616943359
18010 36.51647567749023
18020 17.45529556274414
18030 37.05521774291992
18040 44.4981575012207
18050 46.65993881225586
18060 41.61203002929688
18070 49.04245758056641
18080 24.80243301391602
18090 30.74664306640625
18100 59.20757675170898
18110 44.78268432617188
18120 34.69662094116211
18130 29.63182067871094
18140 26.15979385375977
18150 30.56282615661621
18160 49.15029525756836
18170 30.27741241455078
18180 52.56761169433594
18190 30.69587516784668
18200 41.51515579223633
18210 26.11542129516602
18220 26.61019134521484
18230 27.55397415161133
18240 47.67869186401367
18250 25.41794586181641
18260 40.98117065429688
18270 46.28187561035156
18280 22.97954940795898
18290 63.87377548217773
18300 55.43289947509766
18310 28.28960990905762
18320 14.52999973297119
18330 25.18994903564453
18340 45.50695037841797
18350 62.87248992919922
18360 58.8294792175293
18370 17.62429618835449
18380 30.40363502502441
18390 51.9665412902832
18400 42.95814514160156
18410 40.14290237426758
18420 79.2198486328125
18430 36.28792190551758
18440 50.86484527587891
18450 36.79391098022461
18460 51.55518341064453
18470 37.88214111328125
18480 38.78797149658203
18490 50.30315780639648
18500 67.02419281005859
18510 63.22489166259766
18520 70.59824371337891
18530 37.87881469726562
18540 33.74089431762695
18550 43.15480041503906
18560 23.9847240447998
18570 40.37985610961914
18580 76.76212310791016
18590 39.25300598144531
18600 32.95652008056641
18610 17.40689086914062
18620 19.57095527648926
18630 19.23296546936035
18640 49.20384979248047
18650 119.873046875
18660 44.43420791625977
18670 24.3575611114502
18680 45.32894134521484
18690 45.64240646362305
18700 47.88800048828125
18710 50.03691864013672
18720 91.31794738769531
18730 52.983642578125
18740 27.39210319519043
18750 32.86125946044922
18760 16.63066101074219
18770 15.50267696380615
18780 19.0795841217041
18790 29.54224014282227
18800 52.84440994262695
18810 55.31668090820312
18820 40.4454345703125
18830 43.48080444335938
18840 29.84420585632324
18850 25.12186050415039
18860 28.74212455749512
18870 18.87033653259277
18880 30.19925880432129
18890 24.25432395935059
18900 33.90154266357422
18910 30.35046768188477
18920 55.12303161621094
18930 67.32403564453125
18940 110.2959136962891
18950 34.91325759887695
18960 20.4185733795166
18970 36.15906524658203
18980 72.01857757568359
18990 49.56443405151367
19000 22.12273216247559
19010 51.12327194213867
19020 25.04579925537109
19030 22.88602447509766
19040 34.85322189331055
19050 44.20195770263672
19060 55.02198791503906
19070 56.09599685668945
19080 39.94132614135742
19090 38.93407440185547
19100 60.30428695678711
19110 46.7030143737793
19120 44.88732147216797
19130 54.43706512451172
19140 59.21639633178711
19150 20.68620872497559
19160 14.3671236038208
19170 53.03496932983398
19180 56.91368865966797
19190 98.30085754394531
19200 50.66132736206055
19210 46.58120727539062
19220 28.14834976196289
19230 40.59614181518555
19240 40.1854362487793
19250 26.70552635192871
19260 27.87592887878418
19270 63.7305793762207
19280 33.39705276489258
19290 21.05045318603516
19300 24.64992713928223
19310 39.54625701904297
19320 28.10320854187012
19330 38.19638061523438
19340 45.60282135009766
19350 20.59791564941406
19360 14.34071826934814
19370 34.36853408813477
19380 28.42076301574707
19390 42.31709671020508
19400 38.24942779541016
19410 29.45355033874512
19420 28.74610900878906
19430 51.75154876708984
19440 55.65299224853516
19450 51.57052230834961
19460 29.68186950683594
19470 37.90387725830078
19480 64.17092132568359
19490 39.10813903808594
19500 40.71403121948242
19510 55.6143684387207
19520 22.87408828735352
19530 26.30933952331543
19540 26.35306549072266
19550 29.50287818908691
19560 54.90806579589844
19570 53.84276962280273
19580 40.09622192382812
19590 40.65062713623047
19600 17.62206840515137
19610 25.42530632019043
19620 33.57580947875977
19630 73.94921112060547
19640 40.96797943115234
19650 27.00002098083496
19660 25.76501274108887
19670 21.40322685241699
19680 57.514404296875
19690 28.48765754699707
19700 15.67248916625977
19710 24.03353500366211
19720 62.37258911132812
19730 38.47883605957031
19740 38.81711196899414
19750 34.19845962524414
19760 31.81523323059082
19770 32.84119415283203
19780 40.60655212402344
19790 54.49171447753906
19800 36.8012580871582
19810 25.37141799926758
19820 22.76275253295898
19830 17.87824058532715
19840 42.74534225463867
19850 46.85463333129883
19860 30.47583389282227
19870 31.32156753540039
19880 29.90666198730469
19890 44.85105895996094
19900 61.17299270629883
19910 41.03838348388672
19920 27.60889434814453
19930 37.14585113525391
19940 43.90699005126953
19950 33.55564880371094
19960 36.70363616943359
19970 32.6546630859375
19980 39.32190704345703
19990 44.39775466918945
20000 65.44828796386719
20010 34.89761352539062
20020 25.36366081237793
20030 14.47928142547607
20040 33.89440536499023
20050 42.62602233886719
20060 34.9267692565918
20070 50.11811065673828
20080 52.81653213500977
20090 50.72995758056641
20100 37.08160400390625
20110 52.68392944335938
20120 39.47856521606445
20130 36.67582702636719
20140 33.44604873657227
20150 37.03949356079102
20160 32.31061172485352
20170 45.69255828857422
20180 47.53838729858398
20190 39.01720428466797
20200 20.11325836181641
20210 46.17181396484375
20220 43.5948371887207
20230 49.98823547363281
20240 60.80644989013672
20250 37.94620132446289
20260 40.54059219360352
20270 27.00669097900391
20280 33.18691253662109
20290 40.17863464355469
20300 32.57395172119141
20310 62.85518264770508
20320 42.65785598754883
20330 79.653564453125
20340 38.92467498779297
20350 24.80050849914551
20360 27.98241806030273
20370 53.32746887207031
20380 51.49935150146484
20390 36.47055053710938
20400 17.4783935546875
20410 15.11861133575439
20420 20.7155590057373
20430 20.33746147155762
20440 68.68885040283203
20450 37.82144927978516
20460 27.31625366210938
20470 37.96103668212891
20480 37.37851333618164
20490 45.09510040283203
20500 61.03995132446289
20510 45.71014404296875
20520 34.67727279663086
20530 46.56986999511719
20540 34.1953010559082
20550 13.51247215270996
20560 17.44166374206543
20570 30.81422233581543
20580 37.78197860717773
20590 45.162109375
20600 34.92727279663086
20610 69.69934844970703
20620 69.71440887451172
20630 43.63516235351562
20640 60.02827835083008
20650 44.4152946472168
20660 56.35348892211914
20670 61.84756851196289
20680 31.59860229492188
20690 22.42496871948242
20700 26.02580261230469
20710 29.02459526062012
20720 29.29034805297852
20730 37.52155685424805
20740 49.23273468017578
20750 38.87289047241211
20760 63.92697906494141
20770 42.49506759643555
20780 23.48966598510742
20790 38.52407455444336
20800 25.24721717834473
20810 12.54180240631104
20820 21.07210159301758
20830 36.45857238769531
20840 19.95718193054199
20850 27.15357780456543
20860 49.10624313354492
20870 22.89874267578125
20880 20.55552673339844
20890 27.01339340209961
20900 20.05623626708984
20910 33.7928581237793
20920 41.67757034301758
20930 38.95638275146484
20940 19.54919624328613
20950 42.54871368408203
20960 69.69964599609375
20970 55.20998001098633
20980 47.75314712524414
20990 34.81216049194336
21000 45.67733764648438
21010 43.95597457885742
21020 20.33990097045898
21030 61.78166961669922
21040 27.94932746887207
21050 26.40703582763672
21060 140.3961181640625
21070 98.02412414550781
21080 69.28477478027344
21090 69.86670684814453
21100 54.36205291748047
21110 41.38383865356445
21120 27.41688346862793
21130 63.45764541625977
21140 41.78737640380859
21150 52.50326919555664
21160 33.04677200317383
21170 19.30823707580566
21180 14.53933525085449
21190 18.70842552185059
21200 28.02738571166992
21250 24.51072120666504
21260 31.59927368164062
21270 27.81509780883789
21280 27.27754211425781
21290 54.43680191040039
21300 38.43068695068359
21310 50.95293807983398
21320 24.76560020446777
21330 19.9304256439209
21340 41.52675628662109
21350 44.19961166381836
21360 26.76237869262695
21370 13.33199405670166
21380 24.96447944641113
14610 55.50077438354492
14620 44.14181137084961
14630 52.60154724121094
14640 29.09933853149414
14650 42.97032928466797
14660 79.49051666259766
14670 60.24773406982422
14680 55.52489471435547
14690 58.79149627685547
14700 53.24216079711914
14710 29.26143646240234
14720 42.58758163452148
14730 53.98240280151367
14740 31.9919490814209
14750 51.52669906616211
14760 52.00640869140625
14770 43.30708312988281
14780 22.00396156311035
14790 19.43875885009766
14800 31.55642318725586
14810 53.60522079467773
14820 40.12012100219727
14830 28.25239372253418
14840 37.54302597045898
14850 35.86581420898438
14860 52.14992523193359
14870 29.71433258056641
14880 17.01677894592285
14890 24.12542724609375
14900 79.67366027832031
14910 51.64030456542969
14920 66.69132995605469
14930 17.44057083129883
14940 50.08274078369141
14950 66.39414978027344
14960 42.87009048461914
14970 13.43523406982422
14980 18.75485610961914
14990 19.88008689880371
15000 39.96018218994141
15010 90.52817535400391
15020 33.47864532470703
15030 31.64061164855957
15040 29.84156227111816
15050 38.83340454101562
15060 57.81130218505859
15070 46.23615264892578
15080 46.41299438476562
15090 53.64360046386719
15100 75.44270324707031
15110 40.13479232788086
15120 23.04605865478516
15130 35.14655303955078
15140 27.95199584960938
15150 35.01506805419922
15160 45.69105529785156
15170 43.26931381225586
15180 35.36212921142578
15190 39.32569122314453
15200 41.25921630859375
15210 28.95052719116211
15220 24.46151733398438
15230 35.23023223876953
15240 32.75049591064453
15250 69.50416564941406
15260 68.76343536376953
15270 43.03114700317383
15280 24.78127861022949
15290 24.41804885864258
15300 20.60705757141113
15310 23.05873489379883
15320 19.62443351745605
15330 18.08121299743652
15340 20.78380584716797
15350 42.74790191650391
15360 74.19659423828125
15370 74.21842956542969
15380 27.4834041595459
15390 32.32040405273438
15400 28.55623435974121
7210 21.21501731872559
7220 17.77155494689941
7230 48.79848861694336
7240 34.91901397705078
7250 28.42743110656738
7260 43.98691940307617
7270 33.8850212097168
7280 55.32081985473633
7290 70.47541809082031
7300 18.37671661376953
7310 24.55622291564941
7320 40.31107330322266
7330 42.13169479370117
7340 33.32574462890625
7350 32.17118835449219
7360 62.8280029296875
7370 52.13756942749023
7380 42.29136657714844
7390 47.79376983642578
7400 27.71826553344727
7410 35.85300445556641
7420 56.27872467041016
7430 59.4469108581543
7440 21.8697681427002
7450 43.63802719116211
7460 68.33637237548828
7470 53.38643646240234
7480 65.33269500732422
7490 36.65407562255859
7500 25.76491546630859
7510 14.60225772857666
7520 23.49454307556152
7530 10.79372596740723
7540 17.05809020996094
7550 16.79099655151367
7560 33.04214477539062
7570 18.9804515838623
7580 11.92602825164795
7590 35.50849914550781
7600 27.16559219360352
7610 62.35166549682617
7620 43.94844055175781
7630 53.89045333862305
7640 28.15346717834473
7650 19.58697128295898
7660 20.70065689086914
7670 25.37914848327637
7680 15.20379161834717
7690 16.03956031799316
7700 25.54921722412109
7710 43.34345626831055
7720 22.8133659362793
7730 43.93796539306641
7740 40.61330032348633
7750 29.89624214172363
7760 22.08888053894043
7770 39.22785186767578
7780 33.49411392211914
7790 44.5294189453125
7800 26.47685813903809
7810 40.64787292480469
7820 26.64737701416016
7830 21.8800048828125
7840 56.84869766235352
7850 58.60170745849609
7860 86.59907531738281
7870 85.744384765625
7880 36.05629348754883
7890 48.88978576660156
7900 29.33910369873047
7910 44.20929336547852
7920 16.16679000854492
7930 22.2671070098877
7940 17.89522361755371
7950 36.58865356445312
7960 27.05515098571777
7970 28.99457550048828
7980 36.98828506469727
7990 48.44508361816406
8000 43.63428497314453
8010 34.94308471679688
8020 26.60333633422852
8030 54.21341705322266
8040 36.98844528198242
8050 31.2283763885498
8060 24.54007911682129
8070 43.1715087890625
8080 49.21962356567383
8090 31.66605377197266
8100 29.98345184326172
8110 27.59568786621094
8120 34.82345199584961
8130 80.03421020507812
8140 71.47883605957031
8150 32.19676208496094
8160 16.26695442199707
8170 58.81407928466797
8180 48.79113006591797
8190 39.19770812988281
8200 53.41043472290039
8210 56.28473663330078
8220 38.54132843017578
8230 43.71430969238281
8240 26.07323265075684
8250 50.79449462890625
8260 74.87778472900391
8270 71.11703491210938
8280 64.66744232177734
8290 74.96150970458984
8300 19.02301597595215
8310 28.34120941162109
8320 37.75748443603516
8330 35.65405654907227
8340 36.72706985473633
8350 21.84969711303711
8360 20.28495788574219
8370 22.51638221740723
8380 73.80186462402344
8390 90.23446655273438
8400 23.59564590454102
8410 29.38038063049316
8420 65.19443511962891
8430 39.72051620483398
8440 22.26899528503418
8450 37.95851135253906
8460 33.60171890258789
8470 21.16557693481445
8480 30.76763343811035
8490 33.80400085449219
8500 31.0171947479248
8510 28.87056541442871
8520 27.13553619384766
8530 36.53433609008789
8540 20.52097511291504
8550 32.38485717773438
8560 26.38202476501465
8570 18.21598815917969
8580 30.22395324707031
8590 47.58395385742188
8600 54.44264984130859
8610 25.63618087768555
8620 23.40881729125977
8630 37.77914428710938
8640 29.23060607910156
8650 29.84362030029297
8660 36.99055480957031
8670 48.91436386108398
8680 60.59961700439453
8690 39.03599548339844
8700 49.48094177246094
8710 35.15124893188477
8720 42.46264266967773
8730 22.3881950378418
8740 37.53332901000977
8750 73.00424957275391
8760 31.19414710998535
8770 57.81102752685547
8780 35.21121597290039
8790 44.30438995361328
8800 60.43465423583984
8810 21.32980155944824
8820 13.62687110900879
8830 32.87465667724609
8840 46.54313659667969
8850 20.57999420166016
8860 33.73539352416992
8870 52.05245208740234
8880 28.71006393432617
8890 16.00680923461914
8900 39.92692947387695
8910 70.71627807617188
8920 56.44522857666016
8930 31.3011474609375
8940 19.21113777160645
8950 33.9851188659668
8960 38.19981384277344
8970 72.44967651367188
8980 20.42411804199219
8990 26.70142555236816
9000 31.92792701721191
9010 31.64022827148438
9020 31.53882217407227
9030 56.61061477661133
9040 21.39729309082031
9050 60.15402221679688
9060 58.87615966796875
9070 49.42938995361328
9080 47.52992248535156
9090 40.25446319580078
9100 58.53778839111328
9110 22.93768501281738
9120 38.35862350463867
9130 17.44748306274414
9140 23.47042274475098
9150 34.88970947265625
9160 30.53970909118652
9170 54.37873077392578
9180 52.45531845092773
9190 36.74493408203125
9200 25.94932174682617
9210 53.33840942382812
9220 50.12374877929688
9230 44.47161102294922
9240 53.04267120361328
9250 40.37187194824219
9260 28.47612762451172
9270 35.70654678344727
9280 25.81356620788574
9290 20.46059799194336
9300 47.26359176635742
9310 85.96061706542969
9320 59.42813491821289
9330 45.01669311523438
9340 46.72612762451172
9350 28.27123832702637
9360 23.84587669372559
9370 16.52558898925781
9380 17.93440437316895
9390 57.2553825378418
9400 51.75656509399414
9410 37.4532356262207
9420 27.18902015686035
9430 39.02482223510742
9440 42.89349365234375
9450 45.57199859619141
9460 46.87477874755859
9470 41.16270446777344
9480 29.72608757019043
9490 83.23288726806641
9500 48.34106063842773
9510 44.09926986694336
9520 28.70859146118164
9530 27.77170562744141
9540 50.22880554199219
9550 62.98342514038086
9560 42.13790893554688
9570 41.41640472412109
9580 26.46385955810547
9590 62.42765426635742
9600 78.59379577636719
9610 56.99626922607422
9620 39.26166534423828
9630 27.19286727905273
9640 16.67693138122559
9650 19.19245338439941
9660 11.55726146697998
9670 14.3416633605957
9680 34.67226409912109
9690 61.47116470336914
9700 31.33609771728516
9710 24.15333557128906
9720 16.61008453369141
9730 29.93927001953125
9740 24.5102653503418
9750 32.4664192199707
9760 61.70195388793945
9770 37.47901153564453
9780 43.04127883911133
9790 17.54737854003906
9800 34.88052368164062
9810 39.20818710327148
9820 39.29268646240234
9830 52.45344924926758
9840 29.03515434265137
9850 39.25646591186523
9860 41.27111434936523
9870 55.08873748779297
9880 27.18461608886719
9890 42.2880744934082
9900 63.66654968261719
9910 91.12725067138672
9920 25.90078544616699
9930 36.61299133300781
9940 61.05948638916016
9950 46.08931350708008
9960 27.22133827209473
9970 30.90401458740234
9980 44.63277435302734
9990 32.64608001708984
10000 20.98813629150391
10010 34.58940887451172
10020 62.45246124267578
10030 29.44090461730957
10040 44.09336853027344
10050 24.13337516784668
10060 13.28025054931641
10070 19.95817375183105
10080 15.81719303131104
10090 11.7729024887085
10100 29.81315040588379
10110 59.79559707641602
10120 68.04196929931641
10130 68.63461303710938
10140 42.26081848144531
10150 35.56007385253906
10160 16.35436248779297
10170 23.27597999572754
10180 36.94900512695312
10190 44.12601852416992
10200 29.22546768188477
10210 23.05601692199707
10220 33.91768264770508
10230 37.90301132202148
10240 47.96272659301758
10250 65.92960357666016
10260 48.98255157470703
10270 52.40946197509766
10280 42.60047912597656
10290 33.20882797241211
10300 23.02580833435059
10310 77.79954528808594
10320 55.75680160522461
10330 67.13809204101562
10340 10.86119556427002
10350 29.17456245422363
10360 29.41963958740234
10370 48.03471374511719
10380 32.54293060302734
10390 21.26394844055176
10400 33.59775924682617
10410 13.30517578125
10420 15.2501220703125
10430 28.11473655700684
10440 66.87068176269531
10450 22.46540641784668
10460 40.87447738647461
10470 24.76735687255859
10480 29.17722702026367
10490 17.22503471374512
10500 17.40721130371094
10510 20.12518882751465
10520 37.79268646240234
10530 57.32524871826172
10540 25.84295654296875
10550 46.66490936279297
10560 12.3163595199585
10570 38.70178604125977
10580 52.34862899780273
10590 56.18815231323242
10600 20.90796279907227
10610 20.07240867614746
10620 39.64489364624023
10630 77.30805206298828
10640 26.08988380432129
10650 36.33214569091797
10660 56.25167846679688
10670 36.05047225952148
10680 36.23843383789062
10690 39.81250762939453
10700 39.01847457885742
10710 15.40643882751465
10720 40.99018478393555
10730 82.85031127929688
10740 51.56637573242188
10750 45.62233352661133
10760 42.43112182617188
10770 25.14187049865723
10780 32.09408569335938
10790 23.31104278564453
10800 20.20513153076172
10810 32.00643539428711
10820 27.61778831481934
10830 27.47113609313965
10840 11.03210258483887
10850 18.72646713256836
10860 28.66155433654785
10870 27.15334320068359
10880 35.47576522827148
10890 55.92585754394531
10900 41.4756965637207
10910 71.76226806640625
10920 38.99197387695312
10930 38.94890975952148
10940 13.00720024108887
10950 18.97139358520508
10960 14.50563049316406
10970 24.43016815185547
10980 51.52134704589844
10990 49.12320709228516
11000 53.6577262878418
11010 25.60580062866211
11020 51.26191711425781
11030 75.05003356933594
11040 38.33894348144531
11050 43.88266754150391
11060 17.11224174499512
11070 38.43756484985352
11080 65.67119598388672
11090 57.05107116699219
11100 50.10265731811523
11110 38.81283950805664
11120 46.18822860717773
11130 21.98062705993652
11140 26.37201499938965
11150 36.84537506103516
11160 38.38782119750977
11170 49.43940734863281
11180 36.11080169677734
11190 68.38120269775391
11200 25.47707748413086
11210 47.86450576782227
11220 60.20264434814453
11230 42.47266387939453
11240 18.78510475158691
11250 21.22853851318359
11260 21.44779777526855
11270 29.21245765686035
11280 27.54434394836426
11290 42.53192138671875
11300 34.81838989257812
11310 62.67514038085938
11320 31.32735443115234
11330 17.80161094665527
11340 30.98244094848633
11350 76.98428344726562
11360 42.70420837402344
11370 62.94518661499023
11380 40.88829040527344
11390 41.4510498046875
11400 51.57169342041016
11410 35.42498397827148
11420 32.92978668212891
11430 45.74488067626953
11440 45.73456954956055
11450 43.45172119140625
11460 36.08047103881836
11470 44.24600219726562
11480 42.04911422729492
11490 52.12596893310547
11500 59.36103820800781
11510 64.92873382568359
11520 22.48598480224609
11530 59.67344665527344
11540 19.55496406555176
11550 27.25058174133301
11560 38.39384460449219
11570 55.99288940429688
11580 45.15128326416016
11590 62.61465454101562
11600 33.552734375
11610 38.98618698120117
11620 45.64306640625
11630 29.45048522949219
11640 51.00839614868164
11650 60.01991271972656
11660 30.23977661132812
11670 26.00894737243652
11680 35.35515213012695
11690 21.11622428894043
11700 27.24446868896484
11710 27.72251129150391
11720 20.7441520690918
11730 25.30825233459473
11740 32.79083251953125
11750 25.23808288574219
11760 17.85216522216797
11770 24.68076515197754
11780 24.16830635070801
11790 51.56238174438477
11800 63.67629623413086
11810 79.34648132324219
11820 24.09880065917969
11830 45.72104644775391
11840 65.10055541992188
11850 60.34429550170898
11860 26.10806274414062
11870 31.90274810791016
11880 22.35160446166992
11890 44.10107421875
11900 27.34016036987305
11910 39.48502349853516
11920 36.12320709228516
11930 25.84477615356445
11940 72.40350341796875
11950 70.04676055908203
11960 58.48743057250977
11970 74.17814636230469
11980 52.15238952636719
11990 34.00476455688477
12000 25.87484359741211
12010 34.09201049804688
12020 38.93454360961914
12030 48.05074310302734
12040 24.45792388916016
12050 25.80024909973145
12060 42.72770690917969
12070 27.1224308013916
12080 23.57528114318848
12090 33.03845977783203
12100 30.51580619812012
12110 37.66484069824219
12120 22.24728775024414
12130 51.19159698486328
12140 59.44428634643555
12150 74.33338165283203
12160 48.9604377746582
12170 36.61516952514648
12180 35.77000045776367
12190 28.11015129089355
12200 70.23392486572266
12210 65.08238983154297
12220 31.78654479980469
12230 51.81111145019531
12240 58.39934921264648
12250 48.73974990844727
12260 58.54291534423828
12270 44.02127456665039
12280 49.55764389038086
12290 44.67322158813477
12300 28.12985038757324
12310 20.53388977050781
12320 31.81146240234375
12330 37.56856536865234
12340 36.65401077270508
12350 31.40043640136719
12360 28.78322219848633
12370 32.87138366699219
12380 28.70400238037109
12390 31.55751800537109
12400 29.58388519287109
12410 37.09942245483398
12420 37.2177734375
12430 13.99621391296387
12440 23.45302963256836
12450 25.68562126159668
12460 30.33699607849121
12470 41.48695373535156
12480 44.79173278808594
12490 36.84579467773438
12500 20.57887268066406
12510 26.6405029296875
12520 20.58259201049805
12530 55.58518218994141
12540 65.77084350585938
12550 30.49734497070312
12560 37.41230773925781
12570 40.1190185546875
12580 40.2518196105957
12590 43.22506332397461
12600 50.61125183105469
12610 31.45789337158203
12620 30.58934783935547
12630 59.52549743652344
12640 51.49602508544922
12650 42.99100112915039
12660 62.55884170532227
12670 35.92742156982422
12680 21.56465721130371
12690 36.11458587646484
12700 25.58554840087891
12710 39.83974456787109
12720 73.09063720703125
12730 36.89720916748047
12740 40.91783905029297
12750 25.72360229492188
12760 36.20878601074219
12770 25.53021049499512
12780 18.23335647583008
12790 17.25873947143555
12800 34.50830841064453
12810 47.48066329956055
12820 56.11088180541992
12830 42.24173736572266
12840 29.32157516479492
12850 21.42117691040039
12860 64.76984405517578
12870 50.04283905029297
12880 57.85786437988281
12890 29.02955055236816
12900 14.01410388946533
12910 36.42229461669922
12920 58.20728302001953
12930 83.44062042236328
12940 40.60739135742188
12950 41.57114410400391
12960 45.95424652099609
12970 38.02159881591797
12980 43.84196853637695
12990 47.09572601318359
13000 65.22203063964844
13010 48.25786209106445
13020 25.63728332519531
13030 26.15868377685547
13040 53.67867279052734
13050 55.71585845947266
13060 65.39836120605469
13070 64.53473663330078
13080 42.73571395874023
13090 28.46406555175781
13100 16.60795783996582
13110 38.19466400146484
13120 43.94004058837891
13130 22.91787719726562
13140 19.27593040466309
13150 33.17620086669922
13160 35.49102783203125
13170 18.48663711547852
13180 27.23672676086426
13190 32.53379821777344
13200 51.87158966064453
13210 26.40851593017578
13220 46.67916870117188
13230 20.79096412658691
13240 40.53887939453125
13250 27.83053970336914
13260 15.20613765716553
13270 39.06381225585938
13280 34.39796447753906
13290 29.2598762512207
13300 21.85556030273438
13310 31.24076843261719
13320 16.61306190490723
13330 15.24462223052979
13340 24.95684623718262
13350 38.61269760131836
13360 27.6145076751709
13370 25.93652534484863
13380 30.41498184204102
13390 23.96539115905762
13400 22.08620834350586
13410 36.6750373840332
13420 42.63560104370117
13430 21.03119277954102
13440 18.63793182373047
13450 34.23673248291016
13460 75.36305999755859
13470 54.41410064697266
13480 55.86234664916992
13490 45.57297515869141
13500 45.82071685791016
13510 38.48268127441406
13520 32.77056503295898
13530 23.68973541259766
13540 12.75793266296387
13550 29.19893455505371
13560 41.70716857910156
13570 55.97535705566406
13580 25.34778785705566
13590 15.92810440063477
13600 24.61897659301758
13610 35.30361938476562
13620 22.55354499816895
13630 23.96992874145508
13640 37.90786743164062
13650 34.26970291137695
13660 31.28834533691406
13670 18.01089477539062
13680 28.49013519287109
13690 42.23046875
13700 37.76449584960938
13710 37.71276092529297
13720 26.29381561279297
13730 26.43348121643066
13740 20.81685256958008
13750 21.19167518615723
13760 23.61930847167969
13770 46.05645370483398
13780 59.6651611328125
13790 34.40086364746094
13800 19.15162658691406
13810 35.79199600219727
13820 59.1064567565918
13830 34.45938873291016
13840 36.30884552001953
13850 28.67837142944336
13860 51.86116790771484
13870 49.60491180419922
13880 48.84456634521484
13890 67.60120391845703
13900 40.87168502807617
13910 18.33589744567871
13920 24.12517738342285
13930 28.00845336914062
13940 52.69239044189453
13950 64.28349304199219
13960 41.81317901611328
13970 22.11136054992676
13980 26.85984039306641
13990 20.2646427154541
14000 19.10219192504883
14010 18.82221984863281
14020 22.76372909545898
14030 13.6761531829834
14040 14.59704875946045
14050 43.55099105834961
14060 46.92181777954102
14070 27.09750175476074
14080 20.81512451171875
14090 32.89844512939453
14100 38.72626113891602
14110 34.06690979003906
14120 28.18256759643555
14130 22.8701229095459
14140 61.19866943359375
14150 88.56078338623047
14160 50.52588272094727
14170 31.14111328125
14180 30.05887985229492
14190 76.30532073974609
14200 24.27468490600586
14210 35.14274597167969
14220 75.20181274414062
14230 38.70829010009766
14240 33.91677474975586
14250 74.14268493652344
14260 44.28386306762695
14270 17.79794120788574
14280 35.77423858642578
14290 44.33319854736328
14300 50.97059631347656
14310 30.57651329040527
14320 24.55562973022461
14330 19.83615875244141
14340 12.5487232208252
14350 29.70351028442383
14360 28.17435455322266
14370 33.38931274414062
14380 64.07006072998047
14390 71.10716247558594
14400 50.02707672119141
14410 55.31416702270508
14420 66.19224548339844
14430 40.74786758422852
14440 44.49242401123047
14450 35.73988342285156
14460 21.68375015258789
14470 26.38502311706543
14480 24.01007080078125
14490 18.8753604888916
14500 36.97614669799805
14510 21.58076286315918
14520 17.00727081298828
14530 25.13966751098633
14540 38.07025146484375
14550 46.81485748291016
14560 35.08075714111328
14570 13.42024040222168
14580 36.41050338745117
14590 40.35397338867188
14600 29.10006523132324
7010 49.36556243896484
7020 67.86277008056641
7030 53.96964263916016
7040 46.81509017944336
7050 60.68001556396484
7060 46.26022338867188
7070 19.15650177001953
7080 34.56273651123047
7090 43.63436508178711
7100 49.32717895507812
7110 55.23442459106445
7120 51.99259185791016
7130 69.14530181884766
7140 62.30551147460938
7150 48.96365356445312
7160 41.49159240722656
7170 11.09591007232666
7180 26.82335662841797
7190 29.12345504760742
7200 52.34893417358398
7230 48.79848480224609
7240 34.91901779174805
7250 28.42743873596191
7260 43.98691558837891
7270 33.88501739501953
7290 70.47540283203125
7300 18.37672233581543
7320 40.31105804443359
7330 42.13169860839844
7340 33.3257942199707
7350 32.1714973449707
0 18.62345695495605
10 16.93000793457031
20 12.94832324981689
30 10.44658279418945
40 8.881453514099121
50 7.805060386657715
60 7.041289806365967
70 6.623210430145264
80 6.512611865997314
90 6.49333667755127
100 6.359515190124512
110 5.860696792602539
120 4.6749267578125
130 2.869051694869995
140 5.229680061340332
150 10.21538066864014
160 11.89469623565674
170 10.0653247833252
180 7.897573471069336
190 6.430579662322998
200 7.095192909240723
210 10.25746631622314
220 12.87932300567627
230 12.75664710998535
240 11.99981212615967
250 11.12614822387695
260 11.63974666595459
270 14.1957540512085
280 22.95930671691895
290 40.999755859375
300 43.63371276855469
310 41.34314346313477
320 53.70104217529297
330 36.47985458374023
340 30.81867218017578
350 69.78656005859375
360 67.43858337402344
370 48.81912612915039
380 61.07808303833008
390 47.47696304321289
400 84.22271728515625
410 67.2186279296875
420 33.17690277099609
430 30.09117889404297
440 41.24363327026367
450 39.73538970947266
460 56.21803283691406
470 108.6280822753906
480 91.14760589599609
490 52.41794586181641
500 76.08336639404297
510 81.04953002929688
520 96.18006134033203
530 113.3942413330078
540 85.09540557861328
550 95.16561126708984
560 56.51405334472656
570 66.4879150390625
580 26.18277168273926
590 25.28447151184082
600 43.0916748046875
610 67.16287994384766
620 70.12793731689453
630 83.59085845947266
640 80.54574584960938
650 87.38092041015625
660 74.60333251953125
670 64.97976684570312
680 71.64142608642578
690 64.51932525634766
700 69.49032592773438
710 97.26396179199219
720 82.8009033203125
730 39.71473693847656
740 50.79369354248047
750 98.05817413330078
760 59.93281936645508
770 31.07435035705566
780 45.55171585083008
790 95.30833435058594
800 80.35009765625
810 49.10660552978516
820 38.09993743896484
830 63.51107788085938
840 51.47082901000977
850 47.34655380249023
860 37.84602737426758
870 106.0219879150391
880 67.51710510253906
890 50.79913711547852
900 51.47015380859375
910 102.7649841308594
920 101.1565933227539
930 61.51081848144531
940 91.80723571777344
950 85.01003265380859
960 85.52617645263672
970 79.60031127929688
980 61.27885437011719
990 64.47930908203125
1000 59.32923889160156
1010 67.36397552490234
1020 60.04711151123047
1030 107.6498794555664
1040 105.932243347168
1050 74.72513580322266
1060 49.16082763671875
1070 84.59881591796875
1080 85.34000396728516
1090 46.24663925170898
1100 40.95027923583984
1110 43.32414627075195
1120 64.69429779052734
1130 56.71771240234375
1140 57.64204025268555
1150 63.08384704589844
1160 26.1441707611084
1170 27.56327629089355
1180 49.47092056274414
1190 82.23876953125
1200 55.60546112060547
1210 58.15149688720703
1220 50.35776138305664
1230 55.82382583618164
1240 85.43251037597656
1250 47.50951385498047
1260 37.73599243164062
1270 78.62310791015625
1280 65.50709533691406
1290 84.79744720458984
1300 91.26528167724609
1310 48.29314804077148
1320 107.5045013427734
1330 104.4472885131836
1340 47.80242919921875
1350 67.18730926513672
1360 60.25643157958984
1370 100.6317749023438
1380 102.2825698852539
1390 108.1699371337891
1400 117.6846008300781
1410 86.06370544433594
1420 65.27093505859375
1430 51.1685676574707
1440 60.46833801269531
1450 64.3255615234375
1460 55.27274322509766
1470 44.29246139526367
1480 40.64789199829102
1490 22.10688781738281
1500 38.73120880126953
1510 37.78499603271484
1520 58.03993606567383
1530 29.68349075317383
1540 37.30348587036133
1550 35.36971282958984
1560 59.32037353515625
1570 50.57206726074219
1580 94.41380310058594
1590 71.92625427246094
1600 49.19006729125977
1610 48.00817489624023
1620 44.10890960693359
1630 54.58359527587891
1640 99.32557678222656
1650 27.30104446411133
1660 34.30916213989258
1670 45.13167953491211
1680 36.90351104736328
1690 79.83210754394531
1700 51.32975387573242
1710 38.62542343139648
1720 48.53556442260742
1730 55.69733428955078
1740 50.24363708496094
1750 98.40106964111328
1760 39.47241592407227
1770 33.34915542602539
1780 48.26277923583984
1790 87.03903961181641
1800 33.12818908691406
1810 30.46378898620605
1820 44.98665618896484
1830 47.69135284423828
1840 48.36474609375
1850 65.97311401367188
1860 67.42441558837891
1870 38.48014831542969
1880 76.88230133056641
1890 88.59815979003906
1900 54.4519157409668
1910 74.11818695068359
1920 45.23030090332031
1930 20.17291259765625
1940 29.10230255126953
1950 29.88314056396484
1960 36.87158966064453
1970 47.41255950927734
1980 31.68111991882324
1990 33.13880157470703
2000 52.595703125
2010 61.76620864868164
2020 38.35494232177734
2030 45.3682975769043
2040 34.54366302490234
2050 42.01607894897461
2060 38.65567398071289
2070 69.34461975097656
2080 51.07048416137695
2090 48.62110137939453
2100 29.10657691955566
2110 19.17925643920898
2120 17.67114067077637
2130 17.8176097869873
2140 21.16779327392578
2150 24.24454879760742
2160 29.90857696533203
2170 57.20696258544922
2180 33.40935134887695
2190 46.91035461425781
2200 50.61353302001953
2210 41.2675666809082
2220 29.82501602172852
2230 52.95176696777344
2240 35.15602874755859
2250 39.90966033935547
2260 76.54011535644531
2270 115.8162307739258
2280 93.97864532470703
2290 77.21970367431641
2300 56.58676147460938
2310 23.74811935424805
2320 47.34418106079102
2330 23.11389350891113
2340 42.36064529418945
2350 38.23035430908203
2360 17.35035514831543
2370 25.75110626220703
2380 25.0023193359375
2390 61.26387023925781
2400 55.81030654907227
2410 77.34808349609375
2420 33.10629272460938
2430 32.99999237060547
2440 33.40660858154297
2450 40.4118766784668
2460 77.26890563964844
2470 49.68551635742188
2480 65.0699462890625
2490 56.03623962402344
2500 71.67926025390625
2510 49.43412780761719
2520 37.91094970703125
2530 48.9548225402832
2540 80.14401245117188
2550 26.77900505065918
2560 40.43474578857422
2570 62.01404190063477
2580 22.21802520751953
2590 28.26209449768066
2600 51.6324577331543
2610 53.25564956665039
2620 44.98983001708984
2630 35.53231811523438
2640 46.62098693847656
2650 69.23445892333984
2660 67.16178894042969
2670 44.4793701171875
2680 39.34852600097656
2690 42.83071899414062
2700 30.87539100646973
2710 31.99208450317383
2720 37.65502166748047
2730 44.5230712890625
2740 40.55955505371094
2750 59.50138473510742
2760 22.45858764648438
2770 56.03872299194336
2780 33.40124130249023
2790 44.63088226318359
2800 45.68650436401367
2810 49.96971893310547
2820 29.92374229431152
2830 34.13274383544922
2840 48.77239227294922
2850 80.4117431640625
2860 79.05050659179688
2870 76.54164123535156
2880 44.03017044067383
2890 38.65310668945312
2900 22.47971343994141
2910 28.00904083251953
2920 28.82225608825684
2930 35.78346252441406
2940 62.37270736694336
2950 34.9640007019043
2960 22.37190818786621
2970 42.06898880004883
2980 32.72319412231445
2990 42.87480163574219
3000 48.4283561706543
3010 33.70123291015625
3020 26.33156776428223
3030 48.93620300292969
3040 70.39208984375
3050 24.47157859802246
3060 25.63481330871582
3070 22.94963836669922
3080 19.70044326782227
3090 23.96302032470703
3100 16.19380760192871
3110 33.23099899291992
3120 39.98874664306641
3130 25.68870735168457
3140 16.67623519897461
3150 15.10440635681152
3160 23.04557228088379
3170 46.72592163085938
3180 45.82892227172852
3190 16.18676567077637
3200 30.74761772155762
3210 32.59596252441406
3220 59.16778182983398
3230 17.40568923950195
3240 26.15944480895996
3250 35.76593399047852
3260 25.32301902770996
3270 38.49288177490234
3280 23.05315399169922
3290 57.95072555541992
3300 40.53898239135742
3310 39.09896087646484
3320 31.2646484375
3330 19.13692665100098
3340 48.28927230834961
3350 50.95948028564453
3360 78.03079986572266
3370 42.51605224609375
3380 87.63926696777344
3390 18.62690734863281
3400 17.28899002075195
3410 52.89836502075195
3420 48.52341842651367
3430 57.76234436035156
3440 47.9063720703125
3450 59.30357360839844
3460 25.67891693115234
3470 38.21376800537109
3480 27.73239517211914
3490 34.69747543334961
3500 50.72433853149414
3510 85.20013427734375
3520 127.1516418457031
3530 48.5339469909668
3540 42.19222640991211
3550 26.46179962158203
3560 48.99087905883789
3570 74.60630798339844
3580 27.02309417724609
3590 61.22641754150391
3600 28.70884704589844
3610 62.87105941772461
3620 53.38703918457031
3630 19.92830085754395
3640 27.52840232849121
3650 25.35112762451172
3660 23.44302177429199
3670 38.73461151123047
3680 35.7733268737793
3690 25.04410171508789
3700 17.79459190368652
3710 19.62302207946777
3720 59.91102600097656
3730 32.99431610107422
3740 54.05120086669922
3750 56.70584106445312
3760 26.44401741027832
3770 20.1352653503418
3780 39.18909072875977
3790 38.28629302978516
3800 53.84775543212891
3810 30.05496597290039
3820 74.13187408447266
3830 84.06048583984375
3840 76.84918212890625
3850 41.47857284545898
3860 104.0225677490234
3870 52.68259429931641
3880 45.29606246948242
3890 40.34860229492188
3900 47.94612121582031
3910 24.78835868835449
3920 33.34659957885742
3930 46.19294357299805
3940 29.98974609375
3950 21.88362693786621
3960 21.53740310668945
3970 27.31793975830078
3980 22.94173049926758
3990 28.67857933044434
4000 39.50166320800781
4010 56.99020004272461
4020 37.26358413696289
4030 45.44490814208984
4040 51.44828796386719
4050 15.44066524505615
4060 13.81512069702148
4070 38.39779281616211
4080 28.84890174865723
4090 39.54976654052734
4100 33.71837997436523
4110 22.88526153564453
4120 31.54428100585938
4130 39.65361785888672
4140 43.11142349243164
4150 31.22158050537109
4160 39.40274810791016
4170 36.9292106628418
4180 41.23815155029297
4190 30.20006561279297
4200 67.3133544921875
4210 61.67131805419922
4220 36.4560661315918
4230 32.70287704467773
4240 39.11115646362305
4250 43.21551895141602
4260 39.05567932128906
4270 31.95739364624023
4280 26.90929222106934
4290 39.80771255493164
4300 20.52092933654785
4310 20.67640686035156
4320 32.08070373535156
4330 35.79541778564453
4340 36.66447067260742
4350 64.84271240234375
4360 24.92847633361816
4370 29.74164772033691
4380 22.04300689697266
4390 47.61550903320312
4400 57.97276306152344
4410 23.51767349243164
4420 13.77909469604492
4430 23.58445739746094
4440 55.80017852783203
4450 39.96076965332031
4460 22.62610816955566
4470 58.22690582275391
4480 74.56132507324219
4490 63.82383728027344
4500 55.45407104492188
4510 55.17826461791992
4520 26.53095626831055
4530 32.6490364074707
4540 19.57999420166016
4550 27.75321197509766
4560 55.94337463378906
4570 51.23396301269531
4580 39.65367126464844
4590 40.43937683105469
4600 61.80121231079102
4610 21.73610305786133
4620 45.69769287109375
4630 43.24723815917969
4640 64.45595550537109
4650 56.93159484863281
4660 60.34479904174805
4670 14.17271518707275
4680 21.76128005981445
4690 17.85933303833008
4700 67.36736297607422
4710 56.01301956176758
4720 39.74365234375
4730 70.36103820800781
4740 51.56789779663086
4750 78.89596557617188
4760 42.82148361206055
4770 22.31827545166016
4780 26.56410598754883
4790 16.50214958190918
4800 14.0075159072876
4810 15.28381633758545
4820 11.90152454376221
4830 16.74690246582031
4840 17.55435562133789
4850 62.40290069580078
4860 52.26555252075195
4870 35.58180618286133
4880 36.57580947875977
4890 71.64889526367188
4900 62.00698089599609
4910 30.89855575561523
4920 64.750732421875
4930 46.26625061035156
4940 66.59461975097656
4950 34.27032089233398
4960 39.67427825927734
4970 25.91149139404297
4980 34.15102767944336
4990 47.81210708618164
5000 67.68868255615234
5010 51.38321685791016
5020 66.34516906738281
5030 40.45526885986328
5040 57.63740921020508
5050 64.40375518798828
5060 41.22535705566406
5070 86.92376708984375
5080 44.84880065917969
5090 36.28363800048828
5100 51.4943733215332
5110 31.16985702514648
5120 23.79169082641602
5130 35.37861633300781
5140 36.08391571044922
5150 48.85202026367188
5160 46.99182510375977
5170 28.80321884155273
5180 29.91318511962891
5190 44.6484375
5200 50.12587738037109
5210 62.92573547363281
5220 45.13659286499023
5230 56.61133575439453
5240 33.86246490478516
5250 34.64916610717773
5260 36.22272109985352
5270 14.29744911193848
5280 17.08790016174316
5290 18.27894401550293
5300 27.56231307983398
5310 46.20713424682617
5320 43.35946273803711
5330 26.31650543212891
5340 24.83589744567871
5350 46.05231475830078
5360 54.32275390625
5370 32.58132934570312
5380 34.58547592163086
5390 48.98335647583008
5400 107.603630065918
5410 81.8912353515625
5420 67.57881927490234
5430 70.35769653320312
5440 45.03445816040039
5450 28.32867431640625
5460 63.3672981262207
5470 66.91891479492188
5480 70.80529022216797
5490 56.80436706542969
5500 42.85153961181641
5510 58.16764068603516
5520 47.73712921142578
5530 49.14046859741211
5540 40.04204177856445
5550 38.50949096679688
5560 28.93800163269043
5570 13.64053916931152
5580 13.32372760772705
5590 32.77285385131836
5600 45.71743392944336
5610 72.39515686035156
5620 23.06614875793457
5630 23.91873168945312
5640 45.35011672973633
5650 50.33672714233398
5660 67.40735626220703
5670 86.18682861328125
5680 45.50157928466797
5690 36.8297119140625
5700 20.67414855957031
5710 22.76051712036133
5720 49.10887908935547
5730 46.97040557861328
5740 54.60859680175781
5750 36.7251091003418
5760 49.30416488647461
5770 35.47594833374023
5780 57.3475456237793
5790 34.73687744140625
5800 38.482666015625
5810 48.30074310302734
5820 40.11580657958984
5830 51.24510955810547
5840 80.81623077392578
5850 42.43000411987305
5860 40.48966217041016
5870 88.15064239501953
5880 24.48652648925781
5890 24.3416576385498
5900 26.86221313476562
5910 15.79372882843018
5920 41.60734558105469
5930 28.37245941162109
5940 31.45669555664062
5950 22.2999382019043
5960 36.06319046020508
5970 20.20340156555176
5980 67.85749816894531
5990 28.84168243408203
6000 15.7926197052002
6010 28.77937126159668
6020 37.7425651550293
6030 36.0602912902832
6040 21.44018363952637
6050 42.63861846923828
6060 36.09883117675781
6070 37.09556198120117
6080 26.06723213195801
6090 44.09574127197266
6100 65.19081115722656
6110 24.97052574157715
6120 17.86763572692871
6130 20.42519378662109
6140 32.66656875610352
6150 42.38278198242188
6160 37.19399642944336
6170 29.97890090942383
6180 48.30098724365234
6190 63.47025299072266
6200 74.88115692138672
6210 35.34307098388672
6220 31.92064666748047
6230 26.77995109558105
6240 47.26677703857422
6250 41.35968780517578
6260 57.79734039306641
6270 48.03366851806641
6280 34.73374176025391
6290 44.88368988037109
6300 46.07631683349609
6310 46.58974456787109
6320 66.47947692871094
6330 47.41183471679688
6340 62.31465148925781
6350 37.15927505493164
6360 24.64501953125
6370 19.21682739257812
6380 44.65803909301758
6390 32.44458389282227
6400 60.70981597900391
6410 34.89588165283203
6420 47.13327407836914
6430 57.34891510009766
6440 64.03707885742188
6450 31.01876831054688
6460 32.80951309204102
6470 39.70250701904297
6480 33.67754364013672
6490 50.14453125
6500 29.72364234924316
6510 21.6541919708252
6520 47.42159271240234
6530 55.52824401855469
6540 32.614501953125
6550 48.76180648803711
6560 40.8559455871582
6570 38.70540237426758
6580 32.43793487548828
6590 28.82597160339355
6600 25.34802627563477
6610 24.90962219238281
6620 34.53847503662109
6630 58.54350280761719
6640 83.10840606689453
6650 38.57771682739258
6660 58.18438720703125
6670 55.00481414794922
6680 47.25548553466797
6690 63.03791046142578
6700 42.04191589355469
6710 62.71162414550781
6720 64.84862518310547
6730 70.50380706787109
6740 36.97337341308594
6750 38.4013557434082
6760 28.33857917785645
6770 15.41553497314453
6780 17.51467323303223
6790 26.74848175048828
6800 53.23886871337891
6810 55.42121887207031
6820 46.36745452880859
6830 51.26566696166992
6840 39.71023559570312
6850 63.44470596313477
6860 32.24190521240234
6870 25.32144355773926
6880 12.2726993560791
6890 21.08126640319824
6900 25.42525672912598
6910 22.79405784606934
6920 50.48792266845703
6930 47.05743026733398
6940 17.07888031005859
6950 35.84646224975586
6960 32.17277145385742
6970 51.72563171386719
6980 37.36534118652344
6990 44.9556999206543
7000 58.50525665283203
7010 49.36558532714844
7020 67.86265563964844
7030 53.9696159362793
7040 46.81518173217773
7050 60.68074798583984
7060 46.25860977172852
7070 19.15636444091797
7080 34.56275939941406
7090 43.63497924804688
7100 49.32658386230469
7110 55.23485565185547
7120 51.9906005859375
7130 69.16331481933594
7140 62.31525421142578
7150 48.96467971801758
7160 41.51745986938477
7170 11.09194850921631
7180 26.82788467407227
7190 29.15468215942383
7200 52.44540786743164
