"Time Step" "point-shear-c"
21210 1583.28125
21220 6604.05712890625
21230 2293.661376953125
21240 3589.8505859375
21250 5415.6796875
21260 4309.751953125
21270 2046.98681640625
21280 2656.89794921875
21290 2882.466552734375
21300 3379.36865234375
21310 3551.5595703125
21320 2219.28515625
21330 3753.61865234375
21340 5316.8876953125
21350 4648.28955078125
21360 4289.52392578125
21370 3163.40087890625
21380 4512.75048828125
21390 2779.75341796875
21400 1245.966064453125
21410 1550.833740234375
21420 1681.187622070312
21430 1412.142944335938
21440 2573.874267578125
21450 3068.460205078125
21460 2396.95947265625
21470 2522.20166015625
21480 3399.658203125
21490 3805.663818359375
21500 2333.0986328125
21510 1156.825927734375
21520 1544.4111328125
21530 1105.550537109375
21540 1206.474853515625
21550 2009.69677734375
21560 1324.33056640625
21570 2108.911376953125
21580 1161.046142578125
21590 1921.605224609375
21600 2081.933349609375
21610 4482.28271484375
21620 5813.4599609375
21630 9849.759765625
21640 4447.81201171875
21650 3682.825927734375
21660 3995.4228515625
21670 4109.02392578125
21680 3812.93798828125
21690 4492.91064453125
21700 1847.046630859375
21710 5953.01611328125
21720 3063.876953125
21730 2657.6279296875
21740 2136.96484375
21750 3094.4736328125
21760 4207.39990234375
21770 3884.962158203125
21780 2297.88720703125
21790 2070.90771484375
21800 1716.709716796875
21810 3328.6025390625
21820 1142.888671875
21830 1719.237548828125
21840 1581.779663085938
21850 1180.83056640625
21860 2428.226806640625
21870 2246.353515625
21880 2103.688720703125
21890 2788.18896484375
21900 4718.27294921875
21910 2675.13037109375
21920 1680.50390625
21930 2487.908203125
21940 1518.302368164062
21950 1343.602416992188
21960 1534.195434570312
21970 1081.455688476562
21980 1464.66943359375
21990 2858.75537109375
22000 2441.280517578125
22010 2660.083984375
22020 3818.8544921875
22030 3765.580322265625
22040 3474.8427734375
22050 2104.54443359375
22060 2697.98193359375
22070 4351.34423828125
22080 3371.75048828125
22090 4659.6103515625
22100 1839.394287109375
22110 2116.638916015625
22120 1982.44091796875
22130 2270.05126953125
22140 3073.02001953125
22150 5972.31396484375
22160 2738.755126953125
22170 2321.52685546875
22180 1900.748046875
22190 1635.5439453125
22200 1623.407104492188
22210 2300.767578125
22220 2431.243408203125
22230 1766.444091796875
22240 1331.777221679688
22250 2037.522705078125
22260 2187.93994140625
22270 2389.18212890625
22280 1767.531860351562
22290 2065.905517578125
22300 2600.528076171875
22310 1694.115966796875
22320 1592.0537109375
22330 1500.772216796875
22340 1969.042724609375
22350 3332.61865234375
22360 2862.4892578125
22370 3085.5029296875
22380 1924.732177734375
22390 4027.490234375
22400 3392.839599609375
22410 3952.52294921875
22420 4584.5615234375
22430 3807.7314453125
22440 4270.22802734375
22450 3056.80810546875
22460 3109.54052734375
22470 3802.3701171875
22480 3479.181640625
22490 3653.0302734375
22500 2324.769775390625
22510 1773.63134765625
22520 2190.9052734375
22530 1357.523071289062
22540 1657.671264648438
22550 1818.834228515625
22560 1956.559936523438
22570 2209.908447265625
22580 2448.93115234375
22590 2087.3876953125
22600 2273.26953125
22610 2396.619384765625
22620 3047.265869140625
22630 2224.436279296875
22640 4493.48486328125
22650 3556.2392578125
22660 1488.097412109375
22670 1055.802490234375
22680 2056.6474609375
22690 1414.076904296875
22700 1196.88720703125
22710 1391.10107421875
22720 980.3934936523438
22730 1177.136474609375
22740 2655.91796875
22750 1986.676025390625
22760 1712.435180664062
22770 1623.234375
22780 1634.42724609375
22790 2217.1318359375
22800 1649.667358398438
22810 3497.319091796875
22820 4839.09619140625
22830 4353.0703125
22840 2641.458740234375
22850 3967.466552734375
22860 3814.17138671875
22870 3723.920654296875
22880 3338.314697265625
22890 2141.628662109375
22900 3384.85205078125
22910 2962.8095703125
22920 2060.638916015625
22930 2332.555908203125
22940 2067.9599609375
22950 5083.27490234375
22960 2621.98486328125
22970 5577.52001953125
22980 1743.6025390625
22990 2304.072265625
23000 1150.687377929688
23010 1292.874633789062
23020 1571.64111328125
23030 1366.5234375
23040 1620.489990234375
23050 2129.948974609375
23060 1620.921264648438
23070 1949.040283203125
23080 1275.964233398438
23090 2078.10791015625
23100 1626.269165039062
23110 2329.15380859375
23120 2794.76806640625
23130 1708.80810546875
23140 1539.867553710938
23150 1220.55517578125
23160 1744.275390625
23170 987.83056640625
23180 2798.298828125
23190 1607.830200195312
23200 1692.928344726562
23210 1428.15625
23220 3176.7041015625
23230 3338.9384765625
23240 5655.939453125
23250 5825.6376953125
23260 5442.3056640625
23270 3122.52978515625
23280 4407.89306640625
23290 3036.802734375
23300 2210.664306640625
23310 2045.592041015625
23320 2797.7216796875
23330 1899.208740234375
23340 3377.788818359375
23350 6818.189453125
23360 4669.79638671875
23370 2333.90869140625
23380 3789.696533203125
23390 3761.815673828125
23400 2280.06494140625
23410 1462.999755859375
23420 2089.01904296875
23430 3350.081787109375
23440 2049.365234375
23450 3910.081787109375
23460 1833.802978515625
23470 3322.10205078125
23480 1859.516479492188
23490 2446.189453125
23500 2109.073486328125
23510 1389.305297851562
23520 1215.973266601562
23530 1597.92919921875
23540 2582.39404296875
23550 1350.058715820312
23560 989.5330810546875
23570 1187.889892578125
23580 2694.28515625
23590 3178.379638671875
23600 4175.40576171875
23610 9687.6474609375
23620 7121.19287109375
23630 2644.7861328125
23640 2556.23681640625
23650 4058.995361328125
23660 1918.566162109375
23670 2268.977294921875
23680 2973.224365234375
23690 2694.513671875
23700 2073.572509765625
23710 1667.81494140625
23720 3424.722900390625
23730 3200.00439453125
23740 2471.8310546875
23750 2031.07080078125
23760 2446.665771484375
23770 3487.14599609375
23780 2216.201904296875
23790 3085.7412109375
23800 1940.752197265625
23810 4090.213134765625
23820 3265.578369140625
23830 4228.99658203125
23840 2788.9111328125
23850 1630.468505859375
23860 1742.755126953125
23870 3001.92529296875
23880 1944.664428710938
23890 2415.5576171875
23900 2213.69677734375
23910 2671.0517578125
23920 3303.1689453125
23930 2587.54052734375
23940 2223.723388671875
23950 2037.692016601562
23960 2151.802490234375
23970 1235.33154296875
23980 3062.01513671875
23990 2279.862548828125
24000 5280.1708984375
15410 1774.959716796875
15420 1450.187255859375
15430 2002.419677734375
15440 3967.98681640625
15450 1229.687377929688
15460 2152.624755859375
15470 2967.2919921875
15480 3423.2333984375
15490 1844.89990234375
15500 1897.928955078125
15510 1622.0947265625
15520 1392.4345703125
15530 1961.038208007812
15540 1740.819091796875
15550 1116.673706054688
15560 941.9617919921875
15570 935.167236328125
15580 1818.59033203125
15590 1892.45068359375
15600 2586.93701171875
15610 3602.487060546875
15620 4501.1904296875
15630 4680.55419921875
15640 4728.96875
15650 2986.48291015625
15660 3849.07470703125
15670 3666.70654296875
15680 6086.208984375
15690 2183.436279296875
15700 4009.79345703125
15710 4846.66796875
15720 4081.0029296875
15730 3090.24169921875
15740 2448.47802734375
15750 2380.207275390625
15760 2852.24658203125
15770 2869.61328125
15780 2280.707763671875
15790 5085.771484375
15800 4412.04345703125
15810 3807.7431640625
15820 2806.608154296875
15830 4121.77734375
15840 6522.8544921875
15850 6288.68310546875
15860 5328.65771484375
15870 1314.704345703125
15880 1709.689453125
15890 1157.567016601562
15900 1827.4013671875
15910 4194.34619140625
15920 2072.01904296875
15930 1362.606079101562
15940 3109.56591796875
15950 2555.3427734375
15960 3256.010986328125
15970 1690.323364257812
15980 1752.52001953125
15990 2621.278564453125
16000 4293.14892578125
16010 3016.20703125
16020 4287.8974609375
16030 2039.547119140625
16040 3240.309326171875
16050 3417.51708984375
16060 3463.1767578125
16070 3589.317138671875
16080 2894.333984375
16090 4061.56787109375
16100 4984.45166015625
16110 3689.11083984375
16120 3946.436767578125
16130 986.5343017578125
16140 3507.91748046875
16150 2381.0810546875
16160 2129.5810546875
16170 3284.892333984375
16180 972.7383422851562
16190 1565.819702148438
16200 2390.068115234375
16210 3534.276611328125
16220 2684.093017578125
16230 2245.638427734375
16240 2375.120361328125
16250 2193.81640625
16260 2130.945556640625
16270 1146.1884765625
16280 1670.0009765625
16290 1069.133056640625
16300 1269.819091796875
16310 1848.302124023438
16320 2631.697021484375
16330 2262.71923828125
16340 2418.93017578125
16350 2105.9375
16360 2225.2548828125
16370 1050.337890625
16380 810.8676147460938
16390 1726.2333984375
16400 4952.265625
16410 3009.54931640625
16420 4464.0009765625
16430 3130.83740234375
16440 3334.153564453125
16450 3069.69287109375
16460 4946.39404296875
16470 6986.4775390625
16480 5171.58203125
16490 2530.83837890625
16500 1681.37744140625
16510 3339.06005859375
16520 2735.9677734375
16530 2775.778564453125
16540 4208.91845703125
16550 2141.19677734375
16560 1628.607177734375
16570 1698.544555664062
16580 1960.517456054688
16590 2048.95361328125
16600 2517.08447265625
16610 2235.65087890625
16620 1980.18701171875
16630 1660.5712890625
16640 1850.11865234375
16650 3765.8427734375
16660 2439.13720703125
16670 1740.49609375
16680 2194.4833984375
16690 1646.455810546875
16700 3490.703369140625
16710 1410.55029296875
16720 1489.087158203125
16730 1546.919677734375
16740 1373.812866210938
16750 2048.191650390625
16760 2122.23291015625
16770 1813.788818359375
16780 2509.7177734375
16790 2859.64306640625
16800 2212.6728515625
16810 5489.63623046875
16820 5225.9384765625
16830 4284.400390625
16840 3006.13134765625
16850 2399.974609375
16860 2934.509765625
16870 4690.150390625
16880 6860.31640625
16890 3416.671875
16900 2233.674560546875
16910 1444.95751953125
16920 2209.939697265625
16930 2713.37158203125
16940 3267.1875
16950 2229.380126953125
16960 1849.574462890625
16970 3456.2548828125
16980 3831.55517578125
16990 3619.5546875
17000 2608.650390625
17010 3665.150146484375
17020 2319.561279296875
17030 3147.2890625
17040 2158.07373046875
17050 1036.99951171875
17060 1492.068725585938
17070 3773.79150390625
17080 3095.6337890625
17090 2252.24609375
17100 1532.957763671875
17110 2418.65185546875
17120 2624.941162109375
17130 1529.437866210938
17140 2074.940185546875
17150 1180.15380859375
17160 3848.56396484375
17170 2862.991943359375
17180 1982.877197265625
17190 3966.230224609375
17200 4049.073486328125
17210 4258.9306640625
17220 3711.54736328125
17230 3400.08837890625
17240 2636.41748046875
17250 5332.185546875
17260 5349.42578125
17270 3514.83740234375
17280 3009.328125
17290 1203.83251953125
17300 4391.013671875
17310 4147.45068359375
17320 3538.028076171875
17330 1466.46337890625
17340 1212.67431640625
17350 1782.60595703125
17360 2391.2890625
17370 1526.352294921875
17380 2641.2021484375
17390 1867.388916015625
17400 2012.890625
17410 3383.13037109375
17420 2515.564208984375
17430 2009.29345703125
17440 3397.15576171875
17450 3362.7958984375
17460 2999.244384765625
17470 2804.169921875
17480 1050.6396484375
17490 1068.625366210938
17500 2064.134033203125
17510 2949.765625
17520 2219.21435546875
17530 1768.5517578125
17540 2046.3115234375
17550 2260.7197265625
17560 2092.74853515625
17570 3525.552734375
17580 4428.8837890625
17590 2909.1005859375
17600 5554.23193359375
17610 4811.7841796875
17620 4524.97607421875
17630 4775.51904296875
17640 3278.114013671875
17650 6781.6904296875
17660 2276.536376953125
17670 3099.67724609375
17680 4222.29296875
17690 3938.46240234375
17700 3379.1005859375
17710 4098.8984375
17720 2610.220458984375
17730 2315.42138671875
17740 3522.90234375
17750 5052.19677734375
17760 3625.571533203125
17770 1182.76025390625
17780 3048.228515625
17790 2282.86572265625
17800 2061.0537109375
17810 1594.449951171875
17820 2584.321044921875
17830 2072.615234375
17840 1840.608154296875
17850 1380.35009765625
17860 1875.998168945312
17870 2908.3154296875
17880 1418.38134765625
17890 1203.267333984375
17900 2046.834594726562
17910 1939.894287109375
17920 1477.642822265625
17930 1547.431884765625
17940 2983.92724609375
17950 1724.85498046875
17960 2896.97509765625
17970 3524.97607421875
17980 2064.58984375
17990 1709.443359375
18000 1017.790710449219
18010 4948.0146484375
18020 5991.72119140625
18030 3543.99658203125
18040 4563.50244140625
18050 3218.63330078125
18060 4296.5908203125
18070 3292.3720703125
18080 3521.63134765625
18090 3788.875732421875
18100 2350.390625
18110 3519.630859375
18120 2391.485107421875
18130 1795.88427734375
18140 3959.875
18150 3913.9619140625
18160 1818.834106445312
18170 5079.98974609375
18180 2292.05615234375
18190 880.6557006835938
18200 2208.751708984375
18210 2302.58056640625
18220 3379.45849609375
18230 3054.236328125
18240 1975.411376953125
18250 4045.964111328125
18260 1185.228759765625
18270 1853.55078125
18280 1374.587524414062
18290 872.7977294921875
18300 1887.403442382812
18310 2350.20458984375
18320 1698.054931640625
18330 2493.5302734375
18340 2542.73583984375
18350 2127.539794921875
18360 3159.697265625
18370 2734.58837890625
18380 3335.128662109375
18390 2019.810791015625
18400 2236.81201171875
18410 3575.37109375
18420 3655.636962890625
18430 4794.5205078125
18440 5206.28564453125
18450 4548.9130859375
18460 4483.24658203125
18470 3111.135009765625
18480 3086.101318359375
18490 2106.4912109375
18500 3120.22900390625
18510 3289.74560546875
18520 2830.902099609375
18530 3290.6640625
18540 2661.02294921875
18550 3769.44384765625
18560 2189.621826171875
18570 1465.106689453125
18580 2636.2587890625
18590 2099.504638671875
18600 2576.614990234375
18610 3443.522216796875
18620 2272.177001953125
18630 2946.58056640625
18640 2578.141845703125
18650 2557.809814453125
18660 1588.124755859375
18670 1701.624267578125
18680 2484.9287109375
18690 1370.626220703125
18700 1917.347534179688
18710 3676.764404296875
18720 1991.711669921875
18730 2087.791015625
18740 3537.041015625
18750 4744.6494140625
18760 3099.3291015625
18770 2479.9755859375
18780 1638.813720703125
18790 1551.39013671875
18800 2152.25244140625
18810 5948.771484375
18820 3938.3369140625
18830 3033.93505859375
18840 1607.778076171875
18850 2097.60498046875
18860 4418.36328125
18870 2957.236328125
18880 4441.90576171875
18890 2805.15673828125
18900 2631.10107421875
18910 5220.47021484375
18920 5916.5029296875
18930 2640.34716796875
18940 3671.31298828125
18950 1886.80615234375
18960 3419.14501953125
18970 2119.675048828125
18980 1581.34326171875
18990 2619.191650390625
19000 2530.521240234375
19010 1882.16015625
19020 2733.0556640625
19030 2096.494384765625
19040 3863.784423828125
19050 2471.739013671875
19060 2239.633544921875
19070 3421.6435546875
19080 1930.637329101562
19090 2731.914794921875
19100 2066.852783203125
19110 3972.7548828125
19120 5440.50830078125
19130 2901.247314453125
19140 1217.729736328125
19150 2594.08203125
19160 3296.534423828125
19170 1795.75830078125
19180 2013.928588867188
19190 2163.447265625
19200 3225.5458984375
19210 4368.2021484375
19220 4100.0302734375
19230 2848.03125
19240 1382.061157226562
19250 3825.116943359375
19260 4849.84521484375
19270 6152.90576171875
19280 5031.68212890625
19290 4056.091796875
19300 3846.998046875
19310 3027.685791015625
19320 2390.79541015625
19330 2872.27294921875
19340 2881.66455078125
19350 2674.60009765625
19360 3145.832763671875
19370 4618.89306640625
19380 4532.6962890625
19390 2887.072509765625
19400 1755.010864257812
19410 2305.124755859375
19420 2529.39794921875
19430 2590.892578125
19440 3927.0107421875
19450 6055.2607421875
19460 3375.043701171875
19470 2411.13818359375
19480 3299.84716796875
19490 3055.654541015625
19500 4090.074462890625
19510 4639.2265625
19520 1873.127563476562
19530 1809.108642578125
19540 2563.017333984375
19550 2163.6376953125
19560 2307.173583984375
19570 940.571533203125
19580 1447.329467773438
19590 1358.439453125
19600 2526.38671875
19610 2815.131591796875
19620 4312.01171875
19630 4114.7099609375
19640 1386.060791015625
19650 2155.5341796875
19660 3582.4248046875
19670 4302.71044921875
19680 2196.25244140625
19690 1782.68701171875
19700 2502.592041015625
19710 1610.491455078125
19720 2549.038330078125
19730 1533.268798828125
19740 1036.287475585938
19750 1627.5771484375
19760 1601.8056640625
19770 2001.656616210938
19780 1620.318115234375
19790 1488.118408203125
19800 4460.3271484375
19810 2503.70703125
19820 2249.695068359375
19830 1820.572387695312
19840 1325.208374023438
19850 1406.923095703125
19860 2422.54345703125
19870 1313.408447265625
19880 2335.978271484375
19890 2663.85498046875
19900 2472.850341796875
19910 1562.317504882812
19920 1551.138427734375
19930 2905.679443359375
19940 2298.237060546875
19950 1405.901489257812
19960 1767.966064453125
19970 1272.13623046875
19980 2884.1220703125
19990 1883.764770507812
20000 6706.07421875
20010 4804.7080078125
20020 4790.11181640625
20030 2841.849365234375
20040 2057.85400390625
20050 1892.646728515625
20060 5834.02001953125
20070 5834.77978515625
20080 4576.7216796875
20090 5994.56982421875
20100 2639.229736328125
20110 2820.02734375
20120 2662.65185546875
20130 2536.9873046875
20140 4751.9814453125
20150 4729.505859375
20160 1900.534912109375
20170 1819.095703125
20180 3141.443359375
20190 2376.0419921875
20200 1444.476806640625
20210 1494.350463867188
20220 2786.880615234375
20230 1301.651489257812
20240 780.6807861328125
20250 2279.12841796875
20260 2710.633544921875
20270 1455.032958984375
20280 1797.91064453125
20290 1758.28076171875
20300 1787.086669921875
20310 1911.98291015625
20320 1675.235961914062
20330 3427.1435546875
20340 2543.800537109375
20350 2841.384765625
20360 2894.445068359375
20370 1656.250732421875
20380 1308.75537109375
20390 3208.974609375
20400 3577.75537109375
20410 3776.709716796875
20420 2100.70458984375
20430 4009.762451171875
20440 2803.56591796875
20450 4047.0869140625
20460 2514.298095703125
20470 2180.934326171875
20480 3875.629150390625
20490 1630.3916015625
20500 3947.938720703125
20510 4959.9140625
20520 5573.40576171875
20530 4587.30810546875
20540 2648.017822265625
20550 2540.9296875
20560 5030.0634765625
20570 2784.959228515625
20580 1986.529418945312
20590 2876.868896484375
20600 1834.349609375
20610 2497.27197265625
20620 1908.12939453125
20630 1329.22265625
20640 2382.315673828125
20650 3027.002685546875
20660 3787.60302734375
20670 3691.5751953125
20680 2722.643310546875
20690 1586.435546875
20700 1466.955078125
20710 2460.23876953125
20720 2002.394287109375
20730 3713.7724609375
20740 1560.167236328125
20750 1734.164184570312
20760 2384.417236328125
20770 2397.18994140625
20780 2774.47705078125
20790 4226.37939453125
20800 3499.300048828125
20810 4770.8037109375
20820 5109.0498046875
20830 5643.818359375
20840 4336.2001953125
20850 2765.91259765625
20860 2177.89599609375
20870 3751.2041015625
20880 3234.3798828125
20890 1892.697631835938
20900 2084.3427734375
20910 3275.925537109375
20920 3610.27001953125
20930 3089.9619140625
20940 2925.485107421875
20950 2823.56201171875
20960 2537.0498046875
20970 1680.883666992188
20980 3405.7265625
20990 3747.808349609375
21000 1543.760009765625
21010 1596.753784179688
21020 2222.37451171875
21030 2863.093994140625
21040 1643.015014648438
21050 2738.448486328125
21060 2091.03125
21070 2006.497802734375
21080 1969.73583984375
21090 2583.5107421875
21100 3289.043701171875
21110 3356.3515625
21120 2466.740234375
21130 1487.5947265625
21140 1818.71240234375
21150 1221.82958984375
21160 1697.7919921875
21170 1872.601806640625
21180 3335.348388671875
21190 3152.97900390625
21200 3667.44970703125
21260 4309.75244140625
21310 3551.55908203125
21320 2219.370849609375
21330 3753.59326171875
21340 5316.91015625
21350 4648.283203125
21360 4289.45458984375
21370 3163.36865234375
21380 4512.71240234375
14610 2985.984375
14620 1450.784790039062
14630 1855.1171875
14640 2757.84765625
14650 1607.065063476562
14660 2538.242431640625
14670 1569.47607421875
14680 2935.292236328125
14690 5388.23486328125
14700 4414.4970703125
14710 2165.2724609375
14720 3116.637451171875
14730 2015.3037109375
14740 2726.259033203125
14750 1641.290649414062
14760 2491.697265625
14770 1752.104858398438
14780 1478.815551757812
14790 1654.677368164062
14800 4745.27197265625
14810 4847.2236328125
14820 4121.8935546875
14830 4477.87353515625
14840 4241.67578125
14850 2438.134765625
14860 1671.396362304688
14870 2759.99951171875
14880 4015.58837890625
14890 3548.622314453125
14900 4038.453857421875
14910 2732.029541015625
14920 2610.7490234375
14930 4027.7373046875
14940 3076.8984375
14950 2743.23583984375
14960 2413.79345703125
14970 2957.13671875
14980 3466.6689453125
14990 2594.82666015625
15000 1325.026489257812
15010 1537.172973632812
15020 1407.561157226562
15030 776.0343627929688
15040 2099.87109375
15050 1373.511596679688
15060 2409.438720703125
15070 2128.351806640625
15080 2974.97021484375
15090 4263.32666015625
15100 3692.87548828125
15110 3528.7919921875
15120 2996.17138671875
15130 2772.20703125
15140 1679.096313476562
15150 3094.8271484375
15160 4351.990234375
15170 4231.3876953125
15180 2132.77392578125
15190 1794.68115234375
15200 2754.65869140625
15210 2863.449462890625
15220 1938.089965820312
15230 2774.213623046875
15240 5968.46875
15250 5912.27294921875
15260 3821.86328125
15270 3686.91015625
15280 3632.531494140625
15290 4294.85888671875
15300 2761.161376953125
15310 2144.1533203125
15320 3129.9423828125
15330 4288.388671875
15340 4222.4697265625
15350 2862.57666015625
15360 2429.20751953125
15370 2102.1953125
15380 1583.53515625
15390 1297.415771484375
15400 2159.88916015625
7210 5974.0283203125
7220 5379.45458984375
7230 9195.3857421875
7240 4448.51953125
7250 3701.38623046875
7260 4515.392578125
7270 5828.29296875
7280 4039.3818359375
7290 3978.23828125
7300 4062.40185546875
7310 2337.14892578125
7320 4475.7529296875
7330 4399.36083984375
7340 7021.86181640625
7350 4610.5302734375
7360 4014.388916015625
7370 2072.171875
7380 3893.743896484375
7390 1560.212524414062
7400 2444.762939453125
7410 8385.208984375
7420 4009.700439453125
7430 4233.1025390625
7440 4174.4765625
7450 4171.43994140625
7460 2773.0400390625
7470 3319.080078125
7480 2738.9970703125
7490 2553.29052734375
7500 2519.45263671875
7510 2291.845703125
7520 2148.87158203125
7530 2211.37451171875
7540 1218.242431640625
7550 2073.184326171875
7560 1564.884521484375
7570 1964.4990234375
7580 1147.243896484375
7590 1881.609375
7600 3222.04052734375
7610 2305.462158203125
7620 4034.55419921875
7630 2233.68359375
7640 2865.89208984375
7650 4006.904296875
7660 2964.99755859375
7670 2363.097900390625
7680 3645.818359375
7690 3387.826171875
7700 3370.643310546875
7710 4872.20849609375
7720 4242.703125
7730 6608.3056640625
7740 3209.98974609375
7750 2380.48046875
7760 2472.347412109375
7770 1836.314453125
7780 2392.15234375
7790 2486.632568359375
7800 2803.385986328125
7810 2985.681884765625
7820 2181.0556640625
7830 2556.8798828125
7840 2859.705322265625
7850 1365.808349609375
7860 1125.202880859375
7870 3337.437255859375
7880 1780.294189453125
7890 1399.6337890625
7900 2208.399658203125
7910 957.7977294921875
7920 1781.243408203125
7930 2471.5556640625
7940 2752.17333984375
7950 1577.917114257812
7960 842.4749755859375
7970 1537.2119140625
7980 2352.314453125
7990 3322.46728515625
8000 1551.138427734375
8010 1748.85595703125
8020 2006.69482421875
8030 3829.4091796875
8040 4792.9794921875
8050 2835.19775390625
8060 1774.74462890625
8070 3233.400634765625
8080 2380.791015625
8090 3646.48681640625
8100 2801.98974609375
8110 2493.568359375
8120 3890.6123046875
8130 1868.83935546875
8140 2078.759765625
8150 2530.879150390625
8160 3261.62646484375
8170 3659.77099609375
8180 3316.107666015625
8190 3230.1748046875
8200 2512.35595703125
8210 2110.4912109375
8220 3623.741455078125
8230 4325.974609375
8240 1980.580688476562
8250 1374.275024414062
8260 1925.768432617188
8270 2384.08203125
8280 1345.89990234375
8290 1658.974243164062
8300 1667.149047851562
8310 1160.420166015625
8320 1728.963012695312
8330 1493.581176757812
8340 1582.44775390625
8350 2652.85791015625
8360 2243.471923828125
8370 1965.689208984375
8380 3019.572998046875
8390 1251.337280273438
8400 1383.38134765625
8410 2387.355712890625
8420 3126.38671875
8430 6507.298828125
8440 2933.330078125
8450 5790.2890625
8460 4096.9736328125
8470 5825.0205078125
8480 3127.054443359375
8490 4934.2939453125
8500 2134.7880859375
8510 2109.205078125
8520 2316.976318359375
8530 1923.054931640625
8540 1258.638427734375
8550 1379.822509765625
8560 1602.932861328125
8570 1413.526977539062
8580 1843.831298828125
8590 5059.7763671875
8600 1358.684814453125
8610 2343.837158203125
8620 2931.3388671875
8630 2298.002197265625
8640 1848.196533203125
8650 1917.127075195312
8660 3387.84033203125
8670 3329.330078125
8680 1538.529296875
8690 1382.6328125
8700 2878.781005859375
8710 2879.7294921875
8720 3041.41845703125
8730 1828.312377929688
8740 2179.777099609375
8750 2425.362548828125
8760 1483.269653320312
8770 2105.7783203125
8780 1398.621459960938
8790 1390.481201171875
8800 1667.718994140625
8810 2002.048950195312
8820 1412.948608398438
8830 4738.0009765625
8840 3441.636962890625
8850 3747.52783203125
8860 2881.716796875
8870 3525.07470703125
8880 3640.5
8890 1613.854736328125
8900 3363.876953125
8910 2044.184204101562
8920 3169.885498046875
8930 4811.080078125
8940 3366.718505859375
8950 2977.599365234375
8960 2067.81689453125
8970 3962.067138671875
8980 3880.7255859375
8990 2822.297607421875
9000 1879.3291015625
9010 1661.905029296875
9020 1950.875
9030 2943.80517578125
9040 2844.660888671875
9050 3244.62255859375
9060 1308.0966796875
9070 802.4566040039062
9080 1900.3984375
9090 1502.742309570312
9100 2293.662109375
9110 1339.749267578125
9120 4243.07177734375
9130 2453.948974609375
9140 2004.911010742188
9150 2220.60546875
9160 2111.741455078125
9170 2609.239501953125
9180 2049.694091796875
9190 2170.265380859375
9200 1652.88232421875
9210 5837.4443359375
9220 4770.658203125
9230 5171.6748046875
9240 6502.11474609375
9250 4504.76513671875
9260 2823.27001953125
9270 2150.9716796875
9280 2819.946533203125
9290 3509.246826171875
9300 3495.956298828125
9310 3026.339599609375
9320 3883.133056640625
9330 3163.738525390625
9340 3205.83203125
9350 4721.8486328125
9360 4128.5791015625
9370 4241.5166015625
9380 3417.27197265625
9390 1597.756713867188
9400 1011.303344726562
9410 2078.4775390625
9420 1469.75537109375
9430 2147.2421875
9440 1352.366943359375
9450 1266.172241210938
9460 1413.109497070312
9470 1339.850830078125
9480 1638.3798828125
9490 1605.232543945312
9500 1678.179565429688
9510 1944.432861328125
9520 3100.008544921875
9530 1774.26416015625
9540 1590.643920898438
9550 1202.318725585938
9560 1615.275146484375
9570 3567.540771484375
9580 4462.283203125
9590 4357.3173828125
9600 4552.0146484375
9610 5814.49462890625
9620 4733.2958984375
9630 4468.890625
9640 3945.27734375
9650 1587.811767578125
9660 2620.385009765625
9670 3227.3427734375
9680 2593.962646484375
9690 1796.427001953125
9700 3960.162841796875
9710 3112.9521484375
9720 3386.1298828125
9730 2649.733642578125
9740 2079.302734375
9750 2335.89013671875
9760 2387.072265625
9770 2153.44140625
9780 1633.9033203125
9790 3374.488037109375
9800 3450.11962890625
9810 3338.941650390625
9820 3325.57373046875
9830 3487.9833984375
9840 2274.93994140625
9850 3372.138671875
9860 3407.66357421875
9870 2323.7763671875
9880 2118.45068359375
9890 4386.20654296875
9900 3322.1142578125
9910 3119.66357421875
9920 3134.43994140625
9930 2782.62158203125
9940 2076.5908203125
9950 1451.916748046875
9960 2741.4541015625
9970 2680.376953125
9980 2240.802001953125
9990 2006.68701171875
10000 1562.913330078125
10010 2180.9794921875
10020 2539.38671875
10030 2182.72802734375
10040 1216.20166015625
10050 2726.565185546875
10060 3190.357421875
10070 2910.222900390625
10080 2288.8740234375
10090 3414.6474609375
10100 5491.1376953125
10110 5833.265625
10120 3766.29248046875
10130 2867.821533203125
10140 2727.49755859375
10150 3567.665283203125
10160 4718.59228515625
10170 2950.4404296875
10180 3420.9111328125
10190 2691.8408203125
10200 2472.504150390625
10210 2386.861572265625
10220 1316.513916015625
10230 2043.82275390625
10240 2334.387451171875
10250 2830.46533203125
10260 2581.582275390625
10270 1626.621704101562
10280 1054.624389648438
10290 1047.58544921875
10300 952.0657958984375
10310 1231.633056640625
10320 2683.142333984375
10330 1178.375610351562
10340 955.3612060546875
10350 1132.03564453125
10360 1755.841552734375
10370 2378.36279296875
10380 2037.08740234375
10390 2774.65771484375
10400 6812.7392578125
10410 8843.365234375
10420 3549.152099609375
10430 3220.51025390625
10440 2959.24169921875
10450 5621.912109375
10460 5816.5703125
10470 6814.431640625
10480 5047.5654296875
10490 4505.62890625
10500 2434.0791015625
10510 1680.747314453125
10520 1808.534790039062
10530 3782.217041015625
10540 2955.791015625
10550 3449.89404296875
10560 2458.5849609375
10570 2886.857666015625
10580 1687.240966796875
10590 1676.204223632812
10600 2259.8779296875
10610 1831.980224609375
10620 2568.26904296875
10630 1815.41943359375
10640 2313.914794921875
10650 2319.165283203125
10660 3155.4609375
10670 2166.651611328125
10680 1543.8515625
10690 4016.2666015625
10700 2702.2822265625
10710 2133.9619140625
10720 3247.724609375
10730 3218.5263671875
10740 2979.28271484375
10750 2842.12451171875
10760 5378.0869140625
10770 2437.989990234375
10780 3057.548828125
10790 3536.26123046875
10800 2607.442626953125
10810 1978.228149414062
10820 4827.99609375
10830 4725.48583984375
10840 4476.6494140625
10850 6143.8330078125
10860 6152.92236328125
10870 4319.00048828125
10880 3805.54150390625
10890 2850.435546875
10900 2441.4970703125
10910 2435.9169921875
10920 2361.47802734375
10930 2229.34814453125
10940 2860.94873046875
10950 3858.078369140625
10960 5307.67138671875
10970 3017.640380859375
10980 2372.4345703125
10990 2498.85595703125
11000 4215.34814453125
11010 3395.052734375
11020 2407.3349609375
11030 1320.553344726562
11040 1273.410522460938
11050 945.0172729492188
11060 1296.002807617188
11070 2350.022705078125
11080 2203.815673828125
11090 1555.428344726562
11100 2381.95654296875
11110 2431.54736328125
11120 1716.783203125
11130 1334.64013671875
11140 1153.434692382812
11150 2296.54296875
11160 1167.105590820312
11170 2030.537109375
11180 2962.578857421875
11190 4419.015625
11200 2402.634521484375
11210 1586.693481445312
11220 2904.9716796875
11230 4635.982421875
11240 5134.2431640625
11250 2283.675537109375
11260 4566.28173828125
11270 3656.53564453125
11280 2577.4853515625
11290 4428.02294921875
11300 5727.24560546875
11310 4679.86962890625
11320 2732.15234375
11330 3224.791015625
11340 3400.51318359375
11350 2901.0263671875
11360 2334.754150390625
11370 3148.4052734375
11380 2840.11181640625
11390 2509.71826171875
11400 1224.781372070312
11410 1989.38134765625
11420 1869.519287109375
11430 1334.4580078125
11440 1888.556762695312
11450 1845.835693359375
11460 1576.87646484375
11470 2110.799560546875
11480 2301.990234375
11490 1736.836059570312
11500 2470.787109375
11510 1333.945556640625
11520 1520.521728515625
11530 1515.16455078125
11540 2293.45068359375
11550 2234.7666015625
11560 4075.74365234375
11570 3782.3408203125
11580 1045.1416015625
11590 1452.048095703125
11600 2739.82177734375
11610 3276.56201171875
11620 6559.4892578125
11630 4498.20263671875
11640 3328.928955078125
11650 3355.08447265625
11660 2993.535400390625
11670 2100.13525390625
11680 3096.9814453125
11690 5118.640625
11700 4479.859375
11710 3375.08154296875
11720 3576.976806640625
11730 2494.828125
11740 2497.83935546875
11750 2741.16162109375
11760 2735.240966796875
11770 1973.513671875
11780 1820.482666015625
11790 1665.209106445312
11800 3585.35693359375
11810 3145.929443359375
11820 2378.28369140625
11830 2309.885498046875
11840 1679.396606445312
11850 2528.524658203125
11860 2375.73046875
11870 2117.789306640625
11880 2388.88818359375
11890 2390.447265625
11900 1723.306274414062
11910 577.8800659179688
11920 888.4871826171875
11930 1567.849609375
11940 2836.224853515625
11950 3214.322998046875
11960 1290.6748046875
11970 907.460205078125
11980 1637.28759765625
11990 1149.4951171875
12000 2819.484375
12010 6281.75244140625
12020 6144.4501953125
12030 6487.87890625
12040 2142.322265625
12050 1993.0751953125
12060 4338.82373046875
12070 2767.51416015625
12080 4153.13427734375
12090 4146.42529296875
12100 2948.173828125
12110 4164.46484375
12120 2765.1416015625
12130 2757.82177734375
12140 1962.993896484375
12150 2453.1298828125
12160 2152.6240234375
12170 4387.69091796875
12180 5188.39599609375
12190 2871.592529296875
12200 3523.53173828125
12210 2419.424560546875
12220 2031.285034179688
12230 1243.900146484375
12240 2731.16650390625
12250 3266.501220703125
12260 2434.57177734375
12270 2179.11376953125
12280 2135.308349609375
12290 2055.163330078125
12300 1813.065185546875
12310 1383.2998046875
12320 1374.704223632812
12330 1971.78857421875
12340 1578.683959960938
12350 2224.63720703125
12360 3271.716064453125
12370 3160.44287109375
12380 1516.015502929688
12390 2340.08740234375
12400 2929.852783203125
12410 2264.483642578125
12420 2946.888671875
12430 5094.32763671875
12440 2485.38671875
12450 3676.6875
12460 2547.87548828125
12470 2734.177490234375
12480 4657.30126953125
12490 3015.795166015625
12500 5147.7265625
12510 4285.44677734375
12520 2267.804931640625
12530 2267.4814453125
12540 2474.2705078125
12550 2203.42919921875
12560 2161.433837890625
12570 1377.034301757812
12580 2847.26171875
12590 5300.1533203125
12600 3806.14111328125
12610 2351.119140625
12620 3107.201904296875
12630 2003.449584960938
12640 1078.970703125
12650 2471.031005859375
12660 2192.431396484375
12670 2052.059326171875
12680 2118.508056640625
12690 1686.56640625
12700 2504.705078125
12710 800.2509765625
12720 1250.5048828125
12730 2783.956298828125
12740 1936.734375
12750 2294.7197265625
12760 1492.805908203125
12770 1252.728271484375
12780 1061.349853515625
12790 1912.191528320312
12800 2865.00048828125
12810 3309.04150390625
12820 2673.013671875
12830 5096.37841796875
12840 4773.53955078125
12850 4884.064453125
12860 4613.9716796875
12870 2163.403564453125
12880 4485.728515625
12890 4726.701171875
12900 3728.573974609375
12910 2105.666748046875
12920 2509.3271484375
12930 2321.6533203125
12940 5416.669921875
12950 3679.837646484375
12960 2609.86328125
12970 4507.1728515625
12980 4752.97998046875
12990 2825.522216796875
13000 2416.411376953125
13010 1457.333251953125
13020 955.2262573242188
13030 1476.506103515625
13040 2608.356689453125
13050 1829.832397460938
13060 1680.554565429688
13070 2377.66552734375
13080 3252.341796875
13090 2611.2763671875
13100 1802.2177734375
13110 2179.9287109375
13120 3353.3876953125
13130 3664.01611328125
13140 3456.904052734375
13150 2648.71728515625
13160 2049.872802734375
13170 2266.261962890625
13180 2830.03662109375
13190 2871.95068359375
13200 2735.2353515625
13210 6936.814453125
13220 6905.0556640625
13230 5619.1181640625
13240 4666.28466796875
13250 2926.470947265625
13260 6380.85400390625
13270 4016.3701171875
13280 3422.861328125
13290 3940.303466796875
13300 3409.072998046875
13310 3794.42333984375
13320 5189.7275390625
13330 2031.931396484375
13340 3877.4208984375
13350 2981.7158203125
13360 3644.111572265625
13370 3139.642578125
13380 2817.056884765625
13390 2039.7548828125
13400 1296.92138671875
13410 2362.21923828125
13420 2941.98388671875
13430 2448.48486328125
13440 2607.244384765625
13450 2717.238037109375
13460 2753.673828125
13470 2463.302490234375
13480 2361.7314453125
13490 772.4102783203125
13500 2033.634521484375
13510 752.6673583984375
13520 1984.309936523438
13530 2537.47900390625
13540 2647.1787109375
13550 1770.517700195312
13560 2269.88818359375
13570 4057.04052734375
13580 4141.4560546875
13590 4564.69677734375
13600 4458.23046875
13610 6145.19384765625
13620 6017.18212890625
13630 3261.24853515625
13640 3543.453125
13650 2703.48779296875
13660 7178.005859375
13670 3423.932861328125
13680 3967.356201171875
13690 4254.82080078125
13700 5715.26806640625
13710 2845.42138671875
13720 3492.9111328125
13730 1618.627685546875
13740 2151.804931640625
13750 1607.6728515625
13760 2876.200927734375
13770 3280.47607421875
13780 2789.56396484375
13790 3881.847412109375
13800 1334.0302734375
13810 2186.598876953125
13820 2226.739501953125
13830 3427.15625
13840 3326.605224609375
13850 2399.481201171875
13860 2747.61376953125
13870 4427.5166015625
13880 3464.6220703125
13890 3908.84521484375
13900 1964.297973632812
13910 1489.76123046875
13920 1415.621704101562
13930 2479.423095703125
13940 1618.6318359375
13950 742.5150146484375
13960 1758.116455078125
13970 1749.413818359375
13980 1945.963745117188
13990 2217.175537109375
14000 5287.84375
14010 5869.26953125
14020 2787.67578125
14030 4876.59375
14040 2453.93994140625
14050 2986.41455078125
14060 7789.60986328125
14070 3839.08203125
14080 2989.064453125
14090 5405.0703125
14100 2105.7138671875
14110 4734.8408203125
14120 2982.44873046875
14130 4687.21826171875
14140 2850.462890625
14150 4714.2763671875
14160 1189.715087890625
14170 2042.423950195312
14180 2387.786376953125
14190 1914.94482421875
14200 1663.003295898438
14210 2289.005615234375
14220 3406.78564453125
14230 1943.196411132812
14240 2810.8662109375
14250 3897.244140625
14260 5976.61962890625
14270 3394.9970703125
14280 3560.82177734375
14290 2135.317626953125
14300 3320.80224609375
14310 4199.7646484375
14320 3950.20947265625
14330 4034.583984375
14340 3013.26318359375
14350 947.88623046875
14360 1226.298950195312
14370 1361.459716796875
14380 2508.15966796875
14390 1441.714477539062
14400 2000.452270507812
14410 5316.52001953125
14420 5847.52880859375
14430 5059.279296875
14440 2668.8369140625
14450 1992.21923828125
14460 2616.809326171875
14470 2372.46484375
14480 3678.279296875
14490 3217.999755859375
14500 2082.413818359375
14510 1956.995239257812
14520 2528.379150390625
14530 1368.318359375
14540 1868.593017578125
14550 2014.999389648438
14560 1809.99951171875
14570 2834.51708984375
14580 3318.903076171875
14590 1746.246826171875
14600 2804.783447265625
7010 1505.250244140625
7020 1944.876953125
7030 4034.45947265625
7040 5031.794921875
7050 2968.7001953125
7060 2435.354248046875
7070 2506.799560546875
7080 1179.809692382812
7090 1387.132690429688
7100 2280.83544921875
7110 2510.731689453125
7120 1895.966186523438
7130 1982.1123046875
7140 2999.53173828125
7150 2623.996337890625
7160 1056.195068359375
7170 1027.079467773438
7180 2151.368408203125
7190 1725.48876953125
7200 4268.0244140625
7250 3701.385986328125
7270 5828.29248046875
7280 4039.38232421875
7300 4062.401611328125
7310 2337.1494140625
7350 4610.52978515625
0 2904.6787109375
10 3000.686279296875
20 3427.367431640625
30 3383.875
40 2545.6650390625
50 2161.96728515625
60 2931.26513671875
70 1792.158203125
80 1018.296875
90 3135.94921875
100 1863.616821289062
110 1863.696533203125
120 3238.47607421875
130 3512.359619140625
140 2369.015869140625
150 819.5213623046875
160 552.1159057617188
170 500.8832702636719
180 423.43994140625
190 498.8362121582031
200 631.6211547851562
210 703.8558349609375
220 781.027099609375
230 912.1033935546875
240 865.0257568359375
250 718.3903198242188
260 776.4818725585938
270 1285.689086914062
280 2093.185791015625
290 1553.218505859375
300 1688.966430664062
310 1690.99609375
320 1559.063598632812
330 1620.968627929688
340 1710.590576171875
350 2294.0244140625
360 1819.32373046875
370 1445.956298828125
380 902.4326171875
390 995.1868896484375
400 1001.189147949219
410 11654.9169921875
420 9876.49609375
430 2964.58984375
440 4716.47705078125
450 4001.537109375
460 5543.08447265625
470 5943.0556640625
480 3838.641357421875
490 5950.29296875
500 3145.5986328125
510 3646.81787109375
520 3065.452880859375
530 3779.27734375
540 4202.99609375
550 2207.329833984375
560 3052.8818359375
570 5247.7275390625
580 2727.93115234375
590 4680.36083984375
600 3868.96826171875
610 6060.06494140625
620 3298.604736328125
630 4814.22900390625
640 2614.558349609375
650 2587.029052734375
660 4230.89111328125
670 5752.6376953125
680 5932.4033203125
690 4177.26171875
700 3293.96435546875
710 1937.54296875
720 1685.706298828125
730 1503.458618164062
740 1881.607788085938
750 1337.52587890625
760 1376.171630859375
770 1080.530517578125
780 1537.369750976562
790 1062.685546875
800 753.05419921875
810 1247.643310546875
820 3512.7880859375
830 2024.60791015625
840 2647.471435546875
850 4247.3232421875
860 4128.1064453125
870 3197.09521484375
880 2337.068115234375
890 3138.67138671875
900 2591.155517578125
910 2173.801025390625
920 3861.630859375
930 1402.724975585938
940 1253.87060546875
950 2816.27685546875
960 1701.878295898438
970 2538.061279296875
980 2065.24267578125
990 2580.028564453125
1000 1906.0634765625
1010 1539.106689453125
1020 1710.870361328125
1030 2594.43798828125
1040 2183.59716796875
1050 2388.379150390625
1060 3772.033447265625
1070 1872.44873046875
1080 2324.062255859375
1090 3506.49853515625
1100 1661.02978515625
1110 3188.32373046875
1120 3809.77490234375
1130 2629.884033203125
1140 1988.052978515625
1150 3071.86572265625
1160 2862.806884765625
1170 2476.711181640625
1180 1141.654541015625
1190 2365.95458984375
1200 4058.42138671875
1210 6670.18701171875
1220 4716.0166015625
1230 7781.96875
1240 4201.44140625
1250 2168.186767578125
1260 2750.183349609375
1270 2583.142822265625
1280 3148.6865234375
1290 5230.40283203125
1300 7939.00341796875
1310 4663.0126953125
1320 11266.9052734375
1330 8072.6416015625
1340 4214.78515625
1350 3552.397705078125
1360 1882.834716796875
1370 1957.806762695312
1380 2548.503662109375
1390 7451.7177734375
1400 4608.52490234375
1410 4362.5703125
1420 1184.492797851562
1430 2476.821044921875
1440 1911.51025390625
1450 1525.400024414062
1460 2055.419921875
1470 1504.836669921875
1480 2233.22119140625
1490 1528.669677734375
1500 1659.901000976562
1510 1610.64453125
1520 1453.822387695312
1530 3199.2666015625
1540 2344.45068359375
1550 1262.9140625
1560 2409.12939453125
1570 1877.045043945312
1580 1740.50390625
1590 2772.857666015625
1600 3702.34912109375
1610 4225.68505859375
1620 4534.31884765625
1630 5417.1474609375
1640 9367.9921875
1650 4668.28173828125
1660 3282.18115234375
1670 1492.293701171875
1680 2293.38134765625
1690 3033.64404296875
1700 5098.9697265625
1710 4980.5517578125
1720 2209.677734375
1730 3124.56201171875
1740 3128.134521484375
1750 2186.51318359375
1760 1489.912353515625
1770 1623.051025390625
1780 2356.93994140625
1790 2227.97314453125
1800 1187.25341796875
1810 2122.631103515625
1820 2741.50244140625
1830 2372.4697265625
1840 1230.460815429688
1850 4014.935546875
1860 2928.486572265625
1870 2727.835205078125
1880 1954.056640625
1890 1501.587280273438
1900 1992.7041015625
1910 1227.603271484375
1920 3664.826416015625
1930 7138.048828125
1940 4313.93701171875
1950 2280.58740234375
1960 1608.430541992188
1970 2068.16552734375
1980 2216.8193359375
1990 1185.7509765625
2000 1318.065063476562
2010 5239.0029296875
2020 3634.366455078125
2030 4264.7119140625
2040 3130.09912109375
2050 3845.22216796875
2060 4607.0498046875
2070 4073.768798828125
2080 4828.1044921875
2090 5100.2890625
2100 4163.19873046875
2110 5491.4189453125
2120 6953.8388671875
2130 7074.89697265625
2140 2573.38720703125
2150 2523.350830078125
2160 2375.12158203125
2170 2423.244140625
2180 2293.539306640625
2190 3710.1279296875
2200 2757.082275390625
2210 3273.6826171875
2220 2920.7080078125
2230 3949.19189453125
2240 2973.59033203125
2250 3478.25146484375
2260 1682.845092773438
2270 866.887451171875
2280 1161.056274414062
2290 613.8527221679688
2300 2441.53466796875
2310 2427.686279296875
2320 1872.224609375
2330 3019.55419921875
2340 4678.67529296875
2350 3734.4814453125
2360 2423.927490234375
2370 2991.685791015625
2380 3879.92138671875
2390 5915.4208984375
2400 2479.954345703125
2410 3573.280517578125
2420 2760.684326171875
2430 3597.5498046875
2440 1766.696655273438
2450 2697.85107421875
2460 2558.332275390625
2470 1996.777587890625
2480 2377.938232421875
2490 4113.25244140625
2500 2279.986328125
2510 2090.67431640625
2520 3010.30908203125
2530 3075.325927734375
2540 2257.458740234375
2550 3167.970458984375
2560 1694.430786132812
2570 1578.0478515625
2580 3749.96533203125
2590 2435.422607421875
2600 2448.80859375
2610 1589.951782226562
2620 2015.77783203125
2630 1028.83984375
2640 2174.09375
2650 1630.334594726562
2660 1866.588623046875
2670 2508.87255859375
2680 3799.035400390625
2690 4525.591796875
2700 2199.1279296875
2710 3090.970947265625
2720 2015.054809570312
2730 3366.455078125
2740 1323.194091796875
2750 1020.014282226562
2760 2460.15771484375
2770 3490.085205078125
2780 2033.270263671875
2790 2415.701171875
2800 2951.386474609375
2810 2155.02392578125
2820 3716.121826171875
2830 3964.691650390625
2840 4629.703125
2850 5220.69677734375
2860 3796.344482421875
2870 4320.7548828125
2880 3044.643310546875
2890 3001.006103515625
2900 3784.759765625
2910 2870.192138671875
2920 2661.41845703125
2930 3664.104248046875
2940 1892.375244140625
2950 1228.411987304688
2960 1824.568237304688
2970 1415.088989257812
2980 3241.87109375
2990 3067.92529296875
3000 4903.8037109375
3010 3218.460693359375
3020 3641.265625
3030 2569.455810546875
3040 2644.165283203125
3050 2051.693603515625
3060 3017.035888671875
3070 1315.054321289062
3080 1700.369995117188
3090 1979.4384765625
3100 2687.603271484375
3110 2318.77001953125
3120 1618.897583007812
3130 1670.492797851562
3140 4248.228515625
3150 3037.097900390625
3160 3687.16796875
3170 2300.7177734375
3180 2527.85595703125
3190 3277.7998046875
3200 1624.574584960938
3210 4615.30029296875
3220 4037.08984375
3230 5531.3564453125
3240 5183.62890625
3250 8053.41064453125
3260 3339.291748046875
3270 3456.6884765625
3280 2147.857421875
3290 3059.82861328125
3300 2616.27001953125
3310 3047.458251953125
3320 2470.4287109375
3330 2338.305419921875
3340 3011.865234375
3350 5470.43408203125
3360 3971.01123046875
3370 2047.158203125
3380 1198.731201171875
3390 2774.862548828125
3400 3299.87744140625
3410 3511.50048828125
3420 4859.51806640625
3430 2428.934326171875
3440 3252.294921875
3450 2417.7763671875
3460 3727.632080078125
3470 3151.4990234375
3480 3150.53955078125
3490 1481.91259765625
3500 2997.34521484375
3510 4860.59521484375
3520 2749.08251953125
3530 1099.8037109375
3540 2053.1552734375
3550 2354.718994140625
3560 3115.169189453125
3570 1309.87841796875
3580 2359.294921875
3590 2558.050537109375
3600 6442.96142578125
3610 5194.5078125
3620 4349.67041015625
3630 3167.3212890625
3640 5561.10888671875
3650 5392.8740234375
3660 3305.58154296875
3670 3315.54541015625
3680 3171.302001953125
3690 3390.452880859375
3700 3152.04736328125
3710 4007.103515625
3720 2915.546875
3730 3647.146484375
3740 3189.75244140625
3750 4671.6689453125
3760 2889.9130859375
3770 4505.29248046875
3780 3058.4267578125
3790 2524.682861328125
3800 3366.482421875
3810 1816.419799804688
3820 3821.27197265625
3830 4657.77294921875
3840 1622.739501953125
3850 3918.5498046875
3860 3060.324951171875
3870 2776.0419921875
3880 2607.0439453125
3890 3398.65673828125
3900 3496.148681640625
3910 2374.35791015625
3920 2404.02783203125
3930 2439.17724609375
3940 1247.468139648438
3950 925.1705932617188
3960 1875.435791015625
3970 2298.071044921875
3980 3031.7734375
3990 1547.019775390625
4000 2502.609619140625
4010 5562.3818359375
4020 3954.2939453125
4030 6801.6357421875
4040 4839.10498046875
4050 5483.1630859375
4060 3663.609130859375
4070 2832.716552734375
4080 6859.388671875
4090 5455.4091796875
4100 4572.275390625
4110 3128.253173828125
4120 3762.3017578125
4130 3268.525146484375
4140 2741.57568359375
4150 2654.36669921875
4160 1909.381713867188
4170 2307.708251953125
4180 2018.786010742188
4190 2999.0771484375
4200 1714.368041992188
4210 3677.799560546875
4220 2157.9033203125
4230 4218.9013671875
4240 1899.522216796875
4250 2649.3076171875
4260 1536.641967773438
4270 2375.119140625
4280 1656.292114257812
4290 2207.447021484375
4300 1740.662475585938
4310 1570.956298828125
4320 1271.337280273438
4330 2396.71044921875
4340 2720.0751953125
4350 2843.277099609375
4360 2320.983154296875
4370 1270.974243164062
4380 2117.0732421875
4390 3275.00927734375
4400 4680.4560546875
4410 7094.71044921875
4420 4859.75341796875
4430 5961.44287109375
4440 4333.169921875
4450 3398.79638671875
4460 2518.267578125
4470 5313.23779296875
4480 3277.76953125
4490 4266.599609375
4500 2982.713134765625
4510 2317.001220703125
4520 1741.8603515625
4530 2356.88623046875
4540 3930.13427734375
4550 3288.3076171875
4560 3237.5693359375
4570 2015.575439453125
4580 3312.60009765625
4590 1885.070678710938
4600 2193.8203125
4610 3059.845703125
4620 2262.1650390625
4630 1881.75390625
4640 2237.109130859375
4650 2690.35986328125
4660 1713.254150390625
4670 1489.325927734375
4680 1807.3720703125
4690 3268.53759765625
4700 1394.901489257812
4710 1167.302978515625
4720 1468.386962890625
4730 1527.906127929688
4740 1610.392944335938
4750 2006.506958007812
4760 1991.233154296875
4770 3092.30517578125
4780 2870.93505859375
4790 2067.625
4800 10015.017578125
4810 5173.087890625
4820 2377.07177734375
4830 4605.64990234375
4840 5721.0810546875
4850 4279.7587890625
4860 6823.484375
4870 2055.13134765625
4880 4504.62158203125
4890 4690.7392578125
4900 2696.81103515625
4910 1526.514404296875
4920 1797.6591796875
4930 4358.4013671875
4940 4561.80810546875
4950 1743.711547851562
4960 2216.843017578125
4970 2253.2978515625
4980 4843.50634765625
4990 2152.59912109375
5000 2320.242431640625
5010 2363.8359375
5020 3258.742431640625
5030 2170.880859375
5040 2075.1474609375
5050 2291.95361328125
5060 4173.55859375
5070 3018.09033203125
5080 2397.9794921875
5090 2148.050048828125
5100 3356.553466796875
5110 1754.610229492188
5120 1815.827758789062
5130 1084.101684570312
5140 2354.485595703125
5150 4420.544921875
5160 4503.869140625
5170 1863.991455078125
5180 2006.717163085938
5190 1948.48974609375
5200 2199.923583984375
5210 2992.759033203125
5220 4156.57861328125
5230 5965.3291015625
5240 2835.8759765625
5250 3070.09375
5260 3318.29833984375
5270 3675.33544921875
5280 3849.52685546875
5290 4330.48046875
5300 2808.70654296875
5310 3472.243408203125
5320 3468.221435546875
5330 4847.86572265625
5340 3531.599609375
5350 2718.93798828125
5360 3211.560302734375
5370 5092.970703125
5380 6358.736328125
5390 4606.234375
5400 2073.41552734375
5410 2333.492431640625
5420 2723.807373046875
5430 1229.402465820312
5440 1604.771728515625
5450 2160.3994140625
5460 2231.152587890625
5470 1769.009033203125
5480 3060.96240234375
5490 1145.114379882812
5500 1651.5908203125
5510 1658.038452148438
5520 2903.52197265625
5530 1455.636962890625
5540 2492.9228515625
5550 1552.356079101562
5560 1358.623291015625
5570 2087.150146484375
5580 1520.09716796875
5590 2201.7939453125
5600 2619.74072265625
5610 7772.8203125
5620 6508.6650390625
5630 5740.0830078125
5640 6000.03662109375
5650 4108.66162109375
5660 5126.75732421875
5670 2760.312744140625
5680 4506.47705078125
5690 2466.849853515625
5700 3746.86669921875
5710 3305.098388671875
5720 5230.60546875
5730 3250.009033203125
5740 6164.1484375
5750 9695.58203125
5760 3983.69287109375
5770 3060.19921875
5780 1436.85205078125
5790 4311.27587890625
5800 2166.055419921875
5810 2508.635498046875
5820 3854.378173828125
5830 2043.981201171875
5840 2954.285888671875
5850 1699.454223632812
5860 2663.610595703125
5870 1978.362060546875
5880 2201.3115234375
5890 1537.783813476562
5900 802.463134765625
5910 840.2435302734375
5920 1593.468505859375
5930 1367.487915039062
5940 1380.96533203125
5950 2977.8515625
5960 1922.964111328125
5970 3324.38134765625
5980 3345.28857421875
5990 1582.377685546875
6000 4398.62158203125
6010 4339.51220703125
6020 2958.1416015625
6030 5202.3486328125
6040 6302.20166015625
6050 4096.8642578125
6060 3680.2890625
6070 3469.935546875
6080 3109.7236328125
6090 1883.0380859375
6100 1974.757568359375
6110 2114.283447265625
6120 2138.32275390625
6130 4527.03564453125
6140 2591.4951171875
6150 2704.556640625
6160 3833.1318359375
6170 2623.083984375
6180 3612.05078125
6190 3417.9140625
6200 2373.29833984375
6210 2319.6904296875
6220 2847.811767578125
6230 1341.582153320312
6240 1329.784301757812
6250 1847.31884765625
6260 1390.228515625
6270 1617.624389648438
6280 1553.294677734375
6290 899.759521484375
6300 1347.002807617188
6310 2126.75634765625
6320 2205.482421875
6330 1673.333984375
6340 1232.789794921875
6350 1435.705322265625
6360 1157.05029296875
6370 1035.094116210938
6380 1487.75341796875
6390 2459.874267578125
6400 3509.911865234375
6410 4120.74169921875
6420 3957.210205078125
6430 4687.49560546875
6440 2556.1318359375
6450 3640.1533203125
6460 3975.64697265625
6470 1876.902099609375
6480 3746.172607421875
6490 2631.88525390625
6500 1909.363891601562
6510 2791.25048828125
6520 2535.867431640625
6530 3253.3642578125
6540 4227.64208984375
6550 3133.769775390625
6560 2301.141845703125
6570 2269.4462890625
6580 1658.755493164062
6590 2767.6650390625
6600 1453.0771484375
6610 2143.1376953125
6620 2449.481201171875
6630 3506.25439453125
6640 2374.07861328125
6650 3337.875
6660 2359.834228515625
6670 1661.502563476562
6680 1431.651000976562
6690 2792.74169921875
6700 1777.125732421875
6710 2118.56005859375
6720 3132.4912109375
6730 2054.736083984375
6740 1987.365234375
6750 2022.08984375
6760 1464.1337890625
6770 1585.856567382812
6780 2975.117431640625
6790 3354.2275390625
6800 2951.0634765625
6810 6156.71630859375
6820 4586.59521484375
6830 2220.471435546875
6840 1922.498046875
6850 1876.38623046875
6860 2412.35791015625
6870 2325.93798828125
6880 5359.3876953125
6890 6624.83935546875
6900 5167.86328125
6910 3196.0205078125
6920 4024.404052734375
6930 3561.51025390625
6940 2487.58740234375
6950 1694.228271484375
6960 2056.628662109375
6970 3524.9443359375
6980 2688.06884765625
6990 3400.277587890625
7000 2376.385009765625
7010 1505.249877929688
7020 1944.875122070312
7030 4034.461669921875
7040 5031.7958984375
7050 2968.699462890625
7060 2435.350341796875
7070 2506.798583984375
7080 1179.808349609375
7090 1387.13232421875
7100 2280.8369140625
7110 2510.73291015625
7120 1895.972534179688
7130 1982.113159179688
7140 2999.529052734375
7150 2623.999267578125
7160 1056.19677734375
7170 1027.080810546875
7180 2151.38671875
7190 1725.8203125
7200 4269.1494140625
