"Time Step" "point-ho-d"
21210 0.05689013749361038
21220 0.05628026276826859
21230 0.05468159168958664
21240 0.05328905582427979
21250 0.05411940068006516
21260 0.05494629964232445
21270 0.05465054884552956
21280 0.0548304095864296
21290 0.05572880804538727
21300 0.05499056726694107
21310 0.06356702744960785
21320 0.06203526258468628
21330 0.06229643151164055
21340 0.05563035607337952
21350 0.05938190594315529
21360 0.05346120148897171
21370 0.05378874391317368
21380 0.05679811909794807
21390 0.04797747358679771
21400 0.05260717123746872
21410 0.06071212887763977
21420 0.04975728318095207
21430 0.05010805279016495
21440 0.05181746929883957
21450 0.06448490172624588
21460 0.06707356870174408
21470 0.06433788686990738
21480 0.05592859908938408
21490 0.05952447280287743
21500 0.06661137938499451
21510 0.07073879241943359
21520 0.06474067270755768
21530 0.05492200702428818
21540 0.0529162622988224
21550 0.04837615042924881
21560 0.05082698166370392
21570 0.04428223520517349
21580 0.04619139432907104
21590 0.05226058512926102
21600 0.05511865019798279
21610 0.05335795506834984
21620 0.05483135581016541
21630 0.0542658343911171
21640 0.05158285796642303
21650 0.05250430107116699
21660 0.05448878556489944
21670 0.05519336462020874
21680 0.05409134924411774
21690 0.05192039161920547
21700 0.05398479849100113
21710 0.04797668009996414
21720 0.04560207575559616
21730 0.05460023880004883
21740 0.05523798614740372
21750 0.04444148391485214
21760 0.05344393104314804
21770 0.04982999339699745
21780 0.04799890145659447
21790 0.05273129791021347
21800 0.06244944408535957
21810 0.0621836930513382
21820 0.06422145664691925
21830 0.06133852526545525
21840 0.0545477569103241
21850 0.04846822470426559
21860 0.05430185049772263
21870 0.05475001037120819
21880 0.04885682463645935
21890 0.04802349209785461
21900 0.04589598998427391
21910 0.04622803628444672
21920 0.05150697752833366
21930 0.06206212192773819
21940 0.0653451532125473
21950 0.04815416783094406
21960 0.05504435300827026
21970 0.0563267208635807
21980 0.04769382625818253
21990 0.0472257100045681
22000 0.05387389287352562
22010 0.05403085798025131
22020 0.05429018288850784
22030 0.05313136428594589
22040 0.05545788258314133
22050 0.05725537985563278
22060 0.0563943088054657
22070 0.05738018825650215
22080 0.05860304832458496
22090 0.05837559327483177
22100 0.0614306814968586
22110 0.03811722248792648
22120 0.03046954050660133
22130 0.05004259198904037
22140 0.04796915128827095
22150 0.05408189445734024
22160 0.05941025912761688
22170 0.04869741201400757
22180 0.04994407668709755
22190 0.05805022269487381
22200 0.05707868188619614
22210 0.05385798960924149
22220 0.05949044972658157
22230 0.05896646901965141
22240 0.05849528685212135
22250 0.06111100316047668
22260 0.05491090193390846
22270 0.04412046819925308
22280 0.04885666072368622
22290 0.05593117326498032
22300 0.05598318576812744
22310 0.05618135258555412
22320 0.05489429458975792
22330 0.05353972315788269
22340 0.05327363312244415
22350 0.04678907245397568
22360 0.0524611696600914
22370 0.04704216867685318
22380 0.04751700907945633
22390 0.05032717436552048
22400 0.05062872171401978
22410 0.04992492496967316
22420 0.05287742614746094
22430 0.05644601583480835
22440 0.0534074641764164
22450 0.05578307807445526
22460 0.05464711040258408
22470 0.06064308062195778
22480 0.05597709491848946
22490 0.05560828745365143
22500 0.05964809656143188
22510 0.06443820148706436
22520 0.05322112143039703
22530 0.05448032170534134
22540 0.05246659368276596
22550 0.05160520970821381
22560 0.05029608309268951
22570 0.06056024134159088
22580 0.06099210679531097
22590 0.05892325192689896
22600 0.05304545909166336
22610 0.05071240663528442
22620 0.04953247308731079
22630 0.05023621767759323
22640 0.06394483149051666
22650 0.06421419978141785
22660 0.05970470607280731
22670 0.05984842777252197
22680 0.05951247364282608
22690 0.05055969953536987
22700 0.04236594215035439
22710 0.05201487988233566
22720 0.05376676097512245
22730 0.04874219745397568
22740 0.05047537758946419
22750 0.05357100069522858
22760 0.056904386729002
22770 0.05395437031984329
22780 0.05078334361314774
22790 0.06012193113565445
22800 0.05230139940977097
22810 0.05567862093448639
22820 0.05085320398211479
22830 0.0517529770731926
22840 0.04981638118624687
22850 0.04886781796813011
22860 0.04721853882074356
22870 0.0605047270655632
22880 0.07276207208633423
22890 0.05064211785793304
22900 0.04951683431863785
22910 0.04538384824991226
22920 0.05722097307443619
22930 0.05655037611722946
22940 0.05066968500614166
22950 0.0526546984910965
22960 0.05068376660346985
22970 0.0520394966006279
22980 0.05345921963453293
22990 0.05387928336858749
23000 0.05290555208921432
23010 0.05859418958425522
23020 0.06178957596421242
23030 0.06159213185310364
23040 0.05293891206383705
23050 0.05746424198150635
23060 0.05334026366472244
23070 0.0509055107831955
23080 0.06124673038721085
23090 0.05362225696444511
23100 0.0531795471906662
23110 0.05156803131103516
23120 0.05019755661487579
23130 0.05519258230924606
23140 0.0558818131685257
23150 0.0577518492937088
23160 0.05427779629826546
23170 0.05457207560539246
23180 0.05575213953852654
23190 0.06070239841938019
23200 0.05886904150247574
23210 0.05455070734024048
23220 0.05583289265632629
23230 0.05870199948549271
23240 0.06487857550382614
23250 0.06882734596729279
23260 0.05618728697299957
23270 0.06177471950650215
23280 0.066704161465168
23290 0.07113650441169739
23300 0.05427888780832291
23310 0.05376513302326202
23320 0.05126523599028587
23330 0.05521829426288605
23340 0.05392743647098541
23350 0.05827144160866737
23360 0.060899518430233
23370 0.05442895740270615
23380 0.05350995808839798
23390 0.0588325709104538
23400 0.05941879004240036
23410 0.05817282199859619
23420 0.06281842291355133
23430 0.05753465369343758
23440 0.0560113750398159
23450 0.05495797842741013
23460 0.05355671793222427
23470 0.06333857774734497
23480 0.06662571430206299
23490 0.05193255841732025
23500 0.05703678727149963
23510 0.07443360984325409
23520 0.06672119349241257
23530 0.05664940923452377
23540 0.05649595707654953
23550 0.05073484405875206
23560 0.04252516850829124
23570 0.04725222289562225
23580 0.0429043248295784
23590 0.06440231204032898
23600 0.06119678542017937
23610 0.05994150787591934
23620 0.057285375893116
23630 0.04894570261240005
23640 0.05021191388368607
23650 0.05168170481920242
23660 0.05216347426176071
23670 0.05582468956708908
23680 0.05624588578939438
23690 0.05645991861820221
23700 0.05716018378734589
23710 0.05557078123092651
23720 0.0578104667365551
23730 0.05799347534775734
23740 0.05476336926221848
23750 0.05911674723029137
23760 0.05550069361925125
23770 0.05651583895087242
23780 0.06114679574966431
23790 0.06214601919054985
23800 0.05717677995562553
23810 0.05173309892416
23820 0.05540793389081955
23830 0.06144122779369354
23840 0.0718141570687294
23850 0.0692179799079895
23860 0.06542424857616425
23870 0.04831263422966003
23880 0.0484301745891571
23890 0.04773286357522011
23900 0.05157876759767532
23910 0.06561441719532013
23920 0.05926018580794334
23930 0.05293792113661766
23940 0.05518888682126999
23950 0.05513689666986465
23960 0.05602752417325974
23970 0.04830266907811165
23980 0.04618479311466217
23990 0.04632168263196945
24000 0.05680881440639496
15410 0.05851650983095169
15420 0.0554230660200119
15430 0.0547143742442131
15440 0.05615811794996262
15450 0.05662073940038681
15460 0.05329092592000961
15470 0.05484947562217712
15480 0.0632912740111351
15490 0.05530061572790146
15500 0.05215150862932205
15510 0.06671261787414551
15520 0.06229361146688461
15530 0.0597354993224144
15540 0.0518563836812973
15550 0.05702101439237595
15560 0.06408426910638809
15570 0.05457741394639015
15580 0.05788220092654228
15590 0.07005245983600616
15600 0.05821920931339264
15610 0.05842069536447525
15620 0.06440958380699158
15630 0.06469880789518356
15640 0.06168751046061516
15650 0.0608304850757122
15660 0.05957463383674622
15670 0.05791164934635162
15680 0.06048110127449036
15690 0.05583500117063522
15700 0.05218001082539558
15710 0.05522192642092705
15720 0.05365930497646332
15730 0.05474387854337692
15740 0.05704672634601593
15750 0.0566670298576355
15760 0.06243006139993668
15770 0.06017209589481354
15780 0.05537861958146095
15790 0.05514556914567947
15800 0.0563269704580307
15810 0.0648016631603241
15820 0.06320471316576004
15830 0.0494624562561512
15840 0.04962507635354996
15850 0.05501211434602737
15860 0.06553806364536285
15870 0.06750646978616714
15880 0.05639702826738358
15890 0.04462193697690964
15900 0.04555229097604752
15910 0.05030461400747299
15920 0.04983758926391602
15930 0.05219201743602753
15940 0.06091912090778351
15950 0.06684105098247528
15960 0.06560419499874115
15970 0.0598781481385231
15980 0.06299547106027603
15990 0.06566362082958221
16000 0.07586811482906342
16010 0.06256772577762604
16020 0.05741176381707191
16030 0.06116333231329918
16040 0.05401387438178062
16050 0.05421403050422668
16060 0.05916623026132584
16070 0.05982381105422974
16080 0.05948003381490707
16090 0.06106489524245262
16100 0.06323898583650589
16110 0.06402426958084106
16120 0.061158187687397
16130 0.06220271438360214
16140 0.05887801200151443
16150 0.04556048288941383
16160 0.04438624158501625
16170 0.05339606106281281
16180 0.05409715697169304
16190 0.05660012364387512
16200 0.05682144686579704
16210 0.06461852788925171
16220 0.05465216189622879
16230 0.04151853173971176
16240 0.0418378934264183
16250 0.03848817199468613
16260 0.04853346943855286
16270 0.04819153249263763
16280 0.04982360452413559
16290 0.05220235884189606
16300 0.05108949542045593
16310 0.05089015513658524
16320 0.0618981346487999
16330 0.0687100887298584
16340 0.06988026946783066
16350 0.0676308274269104
16360 0.06383661925792694
16370 0.05087151378393173
16380 0.0522419661283493
16390 0.05495627596974373
16400 0.0541461668908596
16410 0.05394876003265381
16420 0.05305222049355507
16430 0.053605817258358
16440 0.05661635845899582
16450 0.05715256184339523
16460 0.05784070491790771
16470 0.05801727622747421
16480 0.05753902345895767
16490 0.05844195559620857
16500 0.06044481694698334
16510 0.06014674156904221
16520 0.05588304251432419
16530 0.04606502503156662
16540 0.04953182488679886
16550 0.05117220431566238
16560 0.05391193553805351
16570 0.05955902487039566
16580 0.05843178927898407
16590 0.06454505026340485
16600 0.05803414434194565
16610 0.06173813343048096
16620 0.06388019025325775
16630 0.05552800744771957
16640 0.06077836453914642
16650 0.06725455820560455
16660 0.06979513168334961
16670 0.06802059710025787
16680 0.05930287390947342
16690 0.05101124942302704
16700 0.04803085327148438
16710 0.04436167702078819
16720 0.04907704889774323
16730 0.05191459506750107
16740 0.06483121961355209
16750 0.06073503568768501
16760 0.05350319668650627
16770 0.04713191837072372
16780 0.04758022725582123
16790 0.04935237765312195
16800 0.05828418582677841
16810 0.0679612010717392
16820 0.05052360519766808
16830 0.04973460733890533
16840 0.05237188935279846
16850 0.05749734118580818
16860 0.05692721903324127
16870 0.0545765683054924
16880 0.05907479301095009
16890 0.05817654728889465
16900 0.0575450211763382
16910 0.05792631208896637
16920 0.04044871777296066
16930 0.04331700503826141
16940 0.05925789475440979
16950 0.05836188420653343
16960 0.0555114820599556
16970 0.05957529321312904
16980 0.05523829162120819
16990 0.05356255546212196
17000 0.05656030774116516
17010 0.05906068906188011
17020 0.05007056519389153
17030 0.05112074315547943
17040 0.06288126111030579
17050 0.06041249632835388
17060 0.05274927616119385
17070 0.05214165896177292
17080 0.05857959389686584
17090 0.05597922950983047
17100 0.05843876302242279
17110 0.05534463375806808
17120 0.05944884568452835
17130 0.06167788058519363
17140 0.05499395728111267
17150 0.05579755455255508
17160 0.0572780966758728
17170 0.06257081031799316
17180 0.0546821728348732
17190 0.05802983790636063
17200 0.0588948056101799
17210 0.05827320367097855
17220 0.06112631410360336
17230 0.05727741122245789
17240 0.05640584975481033
17250 0.05782881379127502
17260 0.06056547164916992
17270 0.06146968528628349
17280 0.05659842491149902
17290 0.05849249660968781
17300 0.04906195029616356
17310 0.03428127616643906
17320 0.0349082350730896
17330 0.05321450531482697
17340 0.05519910529255867
17350 0.05445156618952751
17360 0.06030581891536713
17370 0.06350419670343399
17380 0.06120283901691437
17390 0.0521978996694088
17400 0.05409825593233109
17410 0.04474915564060211
17420 0.04947571456432343
17430 0.05518217384815216
17440 0.05556406080722809
17450 0.05265786871314049
17460 0.06127570942044258
17470 0.06261696666479111
17480 0.06578212231397629
17490 0.06431178748607635
17500 0.06661155074834824
17510 0.07067526876926422
17520 0.06787760555744171
17530 0.05493513122200966
17540 0.05133826658129692
17550 0.0509994775056839
17560 0.04993143677711487
17570 0.04521904140710831
17580 0.04766286909580231
17590 0.04838036000728607
17600 0.04971510171890259
17610 0.05031399056315422
17620 0.06372588872909546
17630 0.07063224911689758
17640 0.06950995326042175
17650 0.06314903497695923
17660 0.05545521527528763
17670 0.05361645668745041
17680 0.05478294193744659
17690 0.05357304960489273
17700 0.05302900448441505
17710 0.05251306295394897
17720 0.05494564771652222
17730 0.0541364923119545
17740 0.05121393501758575
17750 0.05598831176757812
17760 0.05431985855102539
17770 0.0656852051615715
17780 0.06933823227882385
17790 0.06097164750099182
17800 0.06499326974153519
17810 0.06669831275939941
17820 0.06373642385005951
17830 0.05675649642944336
17840 0.0617455430328846
17850 0.0647505521774292
17860 0.06117534264922142
17870 0.05409570783376694
17880 0.05473178252577782
17890 0.05456268787384033
17900 0.05343674868345261
17910 0.05438248813152313
17920 0.05584543198347092
17930 0.04670346528291702
17940 0.04642409458756447
17950 0.05543474107980728
17960 0.05559768155217171
17970 0.06129543855786324
17980 0.06205533072352409
17990 0.05665569379925728
18000 0.06203394383192062
18010 0.0645257979631424
18020 0.06213389337062836
18030 0.05913539230823517
18040 0.05831292644143105
18050 0.05698531121015549
18060 0.05259951204061508
18070 0.05995379388332367
18080 0.05593995004892349
18090 0.06142784655094147
18100 0.05534669756889343
18110 0.03985341638326645
18120 0.03050192445516586
18130 0.02479616180062294
18140 0.05440257117152214
18150 0.05338183790445328
18160 0.0566411167383194
18170 0.05748628079891205
18180 0.06578096002340317
18190 0.06640021502971649
18200 0.06209128350019455
18210 0.06282910704612732
18220 0.06277907639741898
18230 0.06181204319000244
18240 0.0585339367389679
18250 0.05833372473716736
18260 0.05832041054964066
18270 0.06268230080604553
18280 0.06269481778144836
18290 0.05063012987375259
18300 0.05295645073056221
18310 0.07027199864387512
18320 0.06662969291210175
18330 0.06837771832942963
18340 0.05370840430259705
18350 0.04572391510009766
18360 0.04904572665691376
18370 0.05489406734704971
18380 0.06055933237075806
18390 0.05769059434533119
18400 0.06474597752094269
18410 0.06696321070194244
18420 0.0568792000412941
18430 0.05974835157394409
18440 0.06009224057197571
18450 0.05312593281269073
18460 0.0552874356508255
18470 0.06018471717834473
18480 0.05748956650495529
18490 0.06011465936899185
18500 0.05823798477649689
18510 0.03586746752262115
18520 0.0337972417473793
18530 0.05532620847225189
18540 0.05472796037793159
18550 0.05722933262586594
18560 0.05842936784029007
18570 0.05246575176715851
18580 0.05376208573579788
18590 0.05565503984689713
18600 0.06259860098361969
18610 0.06172701716423035
18620 0.05987235903739929
18630 0.05860958993434906
18640 0.05861159786581993
18650 0.06244248151779175
18660 0.06513324379920959
18670 0.0617658868432045
18680 0.05959527939558029
18690 0.04804818332195282
18700 0.05144764855504036
18710 0.05345556885004044
18720 0.04971456900238991
18730 0.05863399431109428
18740 0.05083007737994194
18750 0.04217851161956787
18760 0.04463681578636169
18770 0.05386320501565933
18780 0.05426393076777458
18790 0.05603205785155296
18800 0.05748651549220085
18810 0.05492721870541573
18820 0.0506751760840416
18830 0.06460791826248169
18840 0.06081709638237953
18850 0.0585445836186409
18860 0.05673060938715935
18870 0.05715152621269226
18880 0.05979694426059723
18890 0.05848773568868637
18900 0.05557817965745926
18910 0.05448169261217117
18920 0.0545031875371933
18930 0.05335786193609238
18940 0.05642399191856384
18950 0.05257939547300339
18960 0.05136803165078163
18970 0.05327702313661575
18980 0.05469205230474472
18990 0.05614710599184036
19000 0.0568164736032486
19010 0.05586794018745422
19020 0.06650951504707336
19030 0.05316599458456039
19040 0.0388810820877552
19050 0.04477641731500626
19060 0.05593805015087128
19070 0.05408355593681335
19080 0.04708681255578995
19090 0.04553864151239395
19100 0.05286171287298203
19110 0.05325740575790405
19120 0.05385646224021912
19130 0.05448554828763008
19140 0.05496543645858765
19150 0.05270259454846382
19160 0.05257739499211311
19170 0.05347385257482529
19180 0.05201496556401253
19190 0.05260904878377914
19200 0.0572841465473175
19210 0.06228800863027573
19220 0.05592307448387146
19230 0.05231828242540359
19240 0.05694305524230003
19250 0.05989177525043488
19260 0.05926243588328362
19270 0.06137239933013916
19280 0.05992760509252548
19290 0.06084492802619934
19300 0.06467126309871674
19310 0.06619312614202499
19320 0.06715907156467438
19330 0.06883054971694946
19340 0.0509532056748867
19350 0.05355288088321686
19360 0.05408136546611786
19370 0.05352237820625305
19380 0.05877861380577087
19390 0.06297366321086884
19400 0.06407845020294189
19410 0.06086587160825729
19420 0.0624639131128788
19430 0.06323858350515366
19440 0.06294454634189606
19450 0.06094278395175934
19460 0.05121283605694771
19470 0.05210962891578674
19480 0.06386324763298035
19490 0.06119142472743988
19500 0.05416532605886459
19510 0.05939313396811485
19520 0.05852184072136879
19530 0.05970563739538193
19540 0.06254716962575912
19550 0.06677138805389404
19560 0.06356458365917206
19570 0.06573781371116638
19580 0.06706871092319489
19590 0.06353631615638733
19600 0.04479030147194862
19610 0.04276899248361588
19620 0.04729149490594864
19630 0.04985221847891808
19640 0.04506286233663559
19650 0.05481110140681267
19660 0.05417307466268539
19670 0.05130765959620476
19680 0.05656788498163223
19690 0.05518823117017746
19700 0.05475759506225586
19710 0.06049110740423203
19720 0.06266131997108459
19730 0.05781655013561249
19740 0.06641560792922974
19750 0.05044884979724884
19760 0.05031163990497589
19770 0.05657078325748444
19780 0.06124923378229141
19790 0.06487453728914261
19800 0.06173454597592354
19810 0.05819652229547501
19820 0.06035323813557625
19830 0.03691676259040833
19840 0.03735075518488884
19850 0.04341232031583786
19860 0.04560687392950058
19870 0.04736309498548508
19880 0.05267048627138138
19890 0.06332084536552429
19900 0.04987306892871857
19910 0.04620625078678131
19920 0.04351272433996201
19930 0.04417604207992554
19940 0.04474999010562897
19950 0.04604564607143402
19960 0.04947970807552338
19970 0.05246925354003906
19980 0.04937977343797684
19990 0.05351376906037331
20000 0.05198067426681519
20010 0.05160032212734222
20020 0.06177053228020668
20030 0.05201458185911179
20040 0.05214818567037582
20050 0.05409609153866768
20060 0.05351186543703079
20070 0.05723485350608826
20080 0.05787955597043037
20090 0.0579763725399971
20100 0.05418403819203377
20110 0.04484979808330536
20120 0.03044112026691437
20130 0.04669220745563507
20140 0.0553976371884346
20150 0.0572328194975853
20160 0.07027073204517365
20170 0.05416306853294373
20180 0.04972012713551521
20190 0.06338112056255341
20200 0.06283192336559296
20210 0.05780258774757385
20220 0.05749654397368431
20230 0.05939459800720215
20240 0.05900230631232262
20250 0.05591755360364914
20260 0.05482751503586769
20270 0.0552995465695858
20280 0.05635113269090652
20290 0.05833419412374496
20300 0.05269064381718636
20310 0.05602656304836273
20320 0.06100694462656975
20330 0.05946189537644386
20340 0.04545539617538452
20350 0.05805196613073349
20360 0.05586071312427521
20370 0.06487856060266495
20380 0.05463964864611626
20390 0.05125507339835167
20400 0.04941730201244354
20410 0.05073336511850357
20420 0.05447563529014587
20430 0.05807856470346451
20440 0.05933601036667824
20450 0.05847169458866119
20460 0.06689818203449249
20470 0.06693297624588013
20480 0.05831600353121758
20490 0.05686066672205925
20500 0.05828841775655746
20510 0.05624396353960037
20520 0.06004341691732407
20530 0.04896902292966843
20540 0.05844295397400856
20550 0.06081295013427734
20560 0.05877705663442612
20570 0.06307385861873627
20580 0.06645268201828003
20590 0.07066172361373901
20600 0.06903287768363953
20610 0.05125769227743149
20620 0.05023622512817383
20630 0.05552978813648224
20640 0.0577324703335762
20650 0.0470307320356369
20660 0.04736815020442009
20670 0.0476430170238018
20680 0.05506352335214615
20690 0.05816365778446198
20700 0.05537103489041328
20710 0.05020393431186676
20720 0.05279611796140671
20730 0.03555591404438019
20740 0.03368997946381569
20750 0.04921223968267441
20760 0.04871014878153801
20770 0.04255404323339462
20780 0.04821167886257172
20790 0.04605625569820404
20800 0.04774575680494308
20810 0.05114796012639999
20820 0.05126466602087021
20830 0.04962093383073807
20840 0.05271801352500916
20850 0.04996735602617264
20860 0.05479596555233002
20870 0.05353749915957451
20880 0.05446137487888336
20890 0.05420871078968048
20900 0.05469336360692978
20910 0.05395559966564178
20920 0.05195706337690353
20930 0.05205067992210388
20940 0.05011432617902756
20950 0.04699109494686127
20960 0.04452534392476082
20970 0.05230589583516121
20980 0.05469895899295807
20990 0.05932602286338806
21000 0.07213211059570312
21010 0.0647193044424057
21020 0.06156814843416214
21030 0.06075704470276833
21040 0.05846094340085983
21050 0.05796953663229942
21060 0.05948494002223015
21070 0.05068185552954674
21080 0.05425096303224564
21090 0.05361843481659889
21100 0.0503152534365654
21110 0.04674267023801804
21120 0.05765669047832489
21130 0.05878584831953049
21140 0.06389679759740829
21150 0.07057017087936401
21160 0.06766970455646515
21170 0.0602339580655098
21180 0.05475015193223953
21190 0.0550655722618103
21200 0.05987396836280823
21320 0.06203528493642807
21330 0.0622965395450592
21340 0.05563034862279892
21350 0.05938190221786499
21360 0.0534607395529747
21370 0.05378907173871994
21380 0.05679809302091599
14610 0.06115052103996277
14620 0.07099374383687973
14630 0.05803600698709488
14640 0.05858895182609558
14650 0.06652574241161346
14660 0.06067299097776413
14670 0.06123127788305283
14680 0.05897792056202888
14690 0.06284038722515106
14700 0.05608522146940231
14710 0.05746419727802277
14720 0.04414153099060059
14730 0.05719372630119324
14740 0.06888839602470398
14750 0.0533185601234436
14760 0.0524347722530365
14770 0.06640549749135971
14780 0.06177162751555443
14790 0.05025453492999077
14800 0.05278114974498749
14810 0.05726314336061478
14820 0.05963956564664841
14830 0.06238114088773727
14840 0.05821534246206284
14850 0.05690669268369675
14860 0.05508757382631302
14870 0.05702859163284302
14880 0.05672566592693329
14890 0.06180895119905472
14900 0.06964460015296936
14910 0.06908563524484634
14920 0.06648648530244827
14930 0.053192138671875
14940 0.05858418717980385
14950 0.06024283170700073
14960 0.05591163039207458
14970 0.05724802613258362
14980 0.05340564250946045
14990 0.06472821533679962
15000 0.0701105147600174
15010 0.05670931190252304
15020 0.0520809069275856
15030 0.05393077433109283
15040 0.0560603067278862
15050 0.05000718683004379
15060 0.07117495685815811
15070 0.06441876292228699
15080 0.05249235779047012
15090 0.05232884734869003
15100 0.06700430065393448
15110 0.0528225339949131
15120 0.0624893456697464
15130 0.06749822944402695
15140 0.06556165218353271
15150 0.06716224551200867
15160 0.05774006247520447
15170 0.0695459246635437
15180 0.04950859397649765
15190 0.03874949738383293
15200 0.05105926096439362
15210 0.06414414197206497
15220 0.06213339418172836
15230 0.05824971571564674
15240 0.05860982835292816
15250 0.05098265036940575
15260 0.05906607210636139
15270 0.05688364058732986
15280 0.05760953575372696
15290 0.06016206741333008
15300 0.06319071352481842
15310 0.05916824191808701
15320 0.05587413161993027
15330 0.05655155703425407
15340 0.05975775048136711
15350 0.05888257548213005
15360 0.05794012919068336
15370 0.06083327531814575
15380 0.05651403591036797
15390 0.05814553052186966
15400 0.06361738592386246
7210 0.05849001929163933
7220 0.05644748359918594
7230 0.05757945775985718
7240 0.06193368881940842
7250 0.06209302321076393
7260 0.06037843972444534
7270 0.05871603637933731
7280 0.05776829272508621
7290 0.05699256435036659
7300 0.05895353481173515
7310 0.05847543105483055
7320 0.05578327551484108
7330 0.0549115315079689
7340 0.05594869703054428
7350 0.04921841248869896
7360 0.0595860630273819
7370 0.06039105728268623
7380 0.05639738962054253
7390 0.05352752283215523
7400 0.06140692532062531
7410 0.06447848677635193
7420 0.06383131444454193
7430 0.06207875534892082
7440 0.05737299472093582
7450 0.06469160318374634
7460 0.06502994149923325
7470 0.06926189363002777
7480 0.07032906264066696
7490 0.06884588301181793
7500 0.05704608932137489
7510 0.05255865305662155
7520 0.06006921082735062
7530 0.05688531696796417
7540 0.05197352916002274
7550 0.05514277890324593
7560 0.06730154156684875
7570 0.05271966382861137
7580 0.05847051739692688
7590 0.051424540579319
7600 0.06724946200847626
7610 0.06522051990032196
7620 0.06470441818237305
7630 0.05862195044755936
7640 0.05474375933408737
7650 0.05879658088088036
7660 0.0609654113650322
7670 0.06138576567173004
7680 0.06146974116563797
7690 0.06180986762046814
7700 0.06005256995558739
7710 0.06315819919109344
7720 0.06261331588029861
7730 0.06923121213912964
7740 0.05776078626513481
7750 0.06170525774359703
7760 0.06132812425494194
7770 0.05339602008461952
7780 0.05836863443255424
7790 0.05462248623371124
7800 0.05543926730751991
7810 0.06864286959171295
7820 0.06589809060096741
7830 0.06988605856895447
7840 0.04724974557757378
7850 0.04966416582465172
7860 0.0509558729827404
7870 0.05441439524292946
7880 0.05107242614030838
7890 0.04708346351981163
7900 0.05282042920589447
7910 0.0549219474196434
7920 0.05198284238576889
7930 0.0436147078871727
7940 0.05119035765528679
7950 0.05494558811187744
7960 0.05094713345170021
7970 0.04646429419517517
7980 0.04558008164167404
7990 0.05241924896836281
8000 0.052979975938797
8010 0.05056564137339592
8020 0.05410048365592957
8030 0.05369012802839279
8040 0.05549108609557152
8050 0.05624706670641899
8060 0.05894716456532478
8070 0.06270448118448257
8080 0.06527568399906158
8090 0.06382314115762711
8100 0.05536128580570221
8110 0.02131203934550285
8120 0.02924962900578976
8130 0.06378366053104401
8140 0.06570081412792206
8150 0.0609900951385498
8160 0.05485770478844643
8170 0.05254428088665009
8180 0.05470240116119385
8190 0.05917711555957794
8200 0.05776135995984077
8210 0.06066490709781647
8220 0.06673622131347656
8230 0.06202380359172821
8240 0.06732988357543945
8250 0.06792694330215454
8260 0.06798572093248367
8270 0.05455599725246429
8280 0.05937331169843674
8290 0.06608438491821289
8300 0.06643413007259369
8310 0.06841360032558441
8320 0.0550013929605484
8330 0.0704709067940712
8340 0.06100950390100479
8350 0.04454677551984787
8360 0.04973557591438293
8370 0.0527503490447998
8380 0.05392544716596603
8390 0.05229208618402481
8400 0.049031101167202
8410 0.05149411410093307
8420 0.05070915073156357
8430 0.05244029313325882
8440 0.05486051738262177
8450 0.05275522172451019
8460 0.05185319483280182
8470 0.05176554620265961
8480 0.05349016934633255
8490 0.05475608259439468
8500 0.05931627750396729
8510 0.05901899188756943
8520 0.05371333286166191
8530 0.04632914811372757
8540 0.05730997771024704
8550 0.05513873696327209
8560 0.06159632280468941
8570 0.06751104444265366
8580 0.0591466873884201
8590 0.06155171990394592
8600 0.05749908834695816
8610 0.06144244223833084
8620 0.06265656650066376
8630 0.06644067168235779
8640 0.06578154861927032
8650 0.06557716429233551
8660 0.06366004049777985
8670 0.06398682296276093
8680 0.06755603849887848
8690 0.0681675598025322
8700 0.05122391879558563
8710 0.05616500973701477
8720 0.05117296054959297
8730 0.05343174189329147
8740 0.05903983861207962
8750 0.06095553562045097
8760 0.05430741608142853
8770 0.05174578726291656
8780 0.05979170277714729
8790 0.0624530203640461
8800 0.05549356713891029
8810 0.06164354830980301
8820 0.06854364275932312
8830 0.05325813218951225
8840 0.05328419059514999
8850 0.05962132662534714
8860 0.05540803819894791
8870 0.05348100513219833
8880 0.06348161399364471
8890 0.0644526481628418
8900 0.05776951462030411
8910 0.05910421162843704
8920 0.06474018096923828
8930 0.05140449851751328
8940 0.05885568261146545
8950 0.06518948078155518
8960 0.06356953084468842
8970 0.06798128038644791
8980 0.07083473354578018
8990 0.06700977683067322
9000 0.06543436646461487
9010 0.07014008611440659
9020 0.06389141082763672
9030 0.06077021360397339
9040 0.065494604408741
9050 0.06717865169048309
9060 0.04943124204874039
9070 0.05917548388242722
9080 0.07443572580814362
9090 0.07273775339126587
9100 0.04977214336395264
9110 0.05513150990009308
9120 0.05708898231387138
9130 0.05705738812685013
9140 0.06820580363273621
9150 0.05709679424762726
9160 0.0517130047082901
9170 0.0503169558942318
9180 0.05249134078621864
9190 0.05220793187618256
9200 0.05089183896780014
9210 0.05950118601322174
9220 0.06257754564285278
9230 0.05837840586900711
9240 0.05714010447263718
9250 0.06384817510843277
9260 0.07084135711193085
9270 0.06969320774078369
9280 0.06716294586658478
9290 0.0689663365483284
9300 0.07025043666362762
9310 0.06497152894735336
9320 0.0624416321516037
9330 0.05728450417518616
9340 0.05491489917039871
9350 0.06709735095500946
9360 0.06695391237735748
9370 0.048885278403759
9380 0.05219468474388123
9390 0.05251941829919815
9400 0.06400783360004425
9410 0.05849704146385193
9420 0.05684607475996017
9430 0.05656401067972183
9440 0.056414894759655
9450 0.06769417226314545
9460 0.05542213842272758
9470 0.0542929396033287
9480 0.06015047430992126
9490 0.06493419408798218
9500 0.06500367075204849
9510 0.06618960201740265
9520 0.06299808621406555
9530 0.05942496657371521
9540 0.05923092365264893
9550 0.04469520598649979
9560 0.04126255959272385
9570 0.03860366344451904
9580 0.039166159927845
9590 0.04258061572909355
9600 0.05546632409095764
9610 0.05521785840392113
9620 0.05377121269702911
9630 0.053673155605793
9640 0.05749853700399399
9650 0.05464622378349304
9660 0.05523761361837387
9670 0.06112321466207504
9680 0.06907546520233154
9690 0.06520411372184753
9700 0.06092384457588196
9710 0.06263589859008789
9720 0.06194593757390976
9730 0.06023339927196503
9740 0.06293077766895294
9750 0.06424130499362946
9760 0.06775698065757751
9770 0.05460074916481972
9780 0.0563991405069828
9790 0.06014063209295273
9800 0.05985822528600693
9810 0.05947061628103256
9820 0.05947325378656387
9830 0.05815772712230682
9840 0.05404045805335045
9850 0.06570094078779221
9860 0.07201530039310455
9870 0.07074546813964844
9880 0.05558668822050095
9890 0.05551077425479889
9900 0.05410875752568245
9910 0.05160979181528091
9920 0.06244246289134026
9930 0.0674327164888382
9940 0.07017499953508377
9950 0.0738149881362915
9960 0.08022487163543701
9970 0.07715602219104767
9980 0.06244130432605743
9990 0.05493026599287987
10000 0.05552145093679428
10010 0.05538821220397949
10020 0.05565538257360458
10030 0.0561397448182106
10040 0.0559706911444664
10050 0.05715108662843704
10060 0.05808719992637634
10070 0.05863120779395103
10080 0.06330811977386475
10090 0.0675106942653656
10100 0.06898990273475647
10110 0.05565597862005234
10120 0.04436483979225159
10130 0.04935581237077713
10140 0.05570029467344284
10150 0.05555952340364456
10160 0.05861043930053711
10170 0.0668121874332428
10180 0.06763918697834015
10190 0.0694906935095787
10200 0.07178034633398056
10210 0.06687342375516891
10220 0.06417705118656158
10230 0.06172601878643036
10240 0.05504872649908066
10250 0.05537662282586098
10260 0.05497594177722931
10270 0.06554931402206421
10280 0.06859229505062103
10290 0.04993927478790283
10300 0.05267073959112167
10310 0.05604748427867889
10320 0.0562911219894886
10330 0.05715445056557655
10340 0.06412201374769211
10350 0.07440663129091263
10360 0.06123544275760651
10370 0.06654302775859833
10380 0.0701109766960144
10390 0.06882094591856003
10400 0.0607810914516449
10410 0.05882934480905533
10420 0.06057547777891159
10430 0.05826783180236816
10440 0.05926738679409027
10450 0.05968040972948074
10460 0.05760158598423004
10470 0.05527458712458611
10480 0.05405974388122559
10490 0.05672592669725418
10500 0.0595635399222374
10510 0.03992284089326859
10520 0.04857619106769562
10530 0.0579834058880806
10540 0.05420289188623428
10550 0.0657983273267746
10560 0.06356246769428253
10570 0.05882789939641953
10580 0.05776147916913033
10590 0.06410999596118927
10600 0.05901347100734711
10610 0.0604025200009346
10620 0.0640132874250412
10630 0.0634211003780365
10640 0.07569417357444763
10650 0.069886215031147
10660 0.06958819925785065
10670 0.0735674574971199
10680 0.0605289563536644
10690 0.06484004855155945
10700 0.06360959261655807
10710 0.04830704629421234
10720 0.06064242869615555
10730 0.06193399429321289
10740 0.0545000433921814
10750 0.04956911504268646
10760 0.04412030801177025
10770 0.05081234872341156
10780 0.05216162651777267
10790 0.05762528255581856
10800 0.06040329486131668
10810 0.05562906712293625
10820 0.05648012459278107
10830 0.06709454953670502
10840 0.06882771849632263
10850 0.06288899481296539
10860 0.0621982142329216
10870 0.05591251328587532
10880 0.05311816930770874
10890 0.05841857567429543
10900 0.06188002973794937
10910 0.06323765963315964
10920 0.06387493014335632
10930 0.06824173778295517
10940 0.05639547109603882
10950 0.05736228078603745
10960 0.05988875031471252
10970 0.07058009505271912
10980 0.06751073896884918
10990 0.05893180891871452
11000 0.04771088808774948
11010 0.04955746605992317
11020 0.05839997529983521
11030 0.06162488460540771
11040 0.0526706837117672
11050 0.05109759792685509
11060 0.04645215347409248
11070 0.04898839071393013
11080 0.0568881630897522
11090 0.04241858795285225
11100 0.0513828918337822
11110 0.04109712317585945
11120 0.0665663406252861
11130 0.06979009509086609
11140 0.05070851743221283
11150 0.04495491832494736
11160 0.07388550043106079
11170 0.07260678708553314
11180 0.06647369265556335
11190 0.07477324455976486
11200 0.05904341116547585
11210 0.05175039917230606
11220 0.06344281136989594
11230 0.05960086733102798
11240 0.05439337342977524
11250 0.0547366701066494
11260 0.0593024455010891
11270 0.06491643190383911
11280 0.05984308570623398
11290 0.05770234391093254
11300 0.05398798733949661
11310 0.05844643339514732
11320 0.05717607587575912
11330 0.05842270702123642
11340 0.0685684010386467
11350 0.07677574455738068
11360 0.05995094776153564
11370 0.05796454846858978
11380 0.0588662326335907
11390 0.06186236068606377
11400 0.06769491732120514
11410 0.06857772916555405
11420 0.06378240138292313
11430 0.06695128977298737
11440 0.05310104042291641
11450 0.04395127296447754
11460 0.05924078822135925
11470 0.04975567013025284
11480 0.0476984940469265
11490 0.04760036244988441
11500 0.06341597437858582
11510 0.06427443027496338
11520 0.04955371469259262
11530 0.04581157118082047
11540 0.04822952300310135
11550 0.0449732169508934
11560 0.04352955520153046
11570 0.04889374971389771
11580 0.0519123375415802
11590 0.05642132088541985
11600 0.05073155462741852
11610 0.05513758212327957
11620 0.05349238589406013
11630 0.05141256749629974
11640 0.053214430809021
11650 0.05469603091478348
11660 0.05680423974990845
11670 0.05908774957060814
11680 0.05889683216810226
11690 0.05833891034126282
11700 0.05731533840298653
11710 0.06042404472827911
11720 0.05954769998788834
11730 0.0541624128818512
11740 0.0577307716012001
11750 0.05612532794475555
11760 0.05825033411383629
11770 0.05879069492220879
11780 0.05784898996353149
11790 0.05796150118112564
11800 0.06077176332473755
11810 0.06279867142438889
11820 0.06169281154870987
11830 0.06153886765241623
11840 0.06117056310176849
11850 0.05175429955124855
11860 0.04400509595870972
11870 0.04871906340122223
11880 0.06045106798410416
11890 0.05508976429700851
11900 0.0524563305079937
11910 0.04550360888242722
11920 0.04354749619960785
11930 0.05309711396694183
11940 0.04990673065185547
11950 0.05155696719884872
11960 0.05571321398019791
11970 0.05695267766714096
11980 0.05426131933927536
11990 0.05388963967561722
12000 0.05042929947376251
12010 0.05863033607602119
12020 0.06035363674163818
12030 0.06403686851263046
12040 0.05483176186680794
12050 0.05378983914852142
12060 0.05888663232326508
12070 0.06118476763367653
12080 0.05587215349078178
12090 0.05717014148831367
12100 0.05250553041696548
12110 0.05448097735643387
12120 0.055286705493927
12130 0.06086964905261993
12140 0.06313775479793549
12150 0.06491467356681824
12160 0.06069553643465042
12170 0.0567084401845932
12180 0.05924778431653976
12190 0.05186326801776886
12200 0.06197785586118698
12210 0.06980134546756744
12220 0.06792353838682175
12230 0.06566543877124786
12240 0.06590287387371063
12250 0.0522286668419838
12260 0.05996169149875641
12270 0.06360848248004913
12280 0.05796904116868973
12290 0.05382416397333145
12300 0.04580816626548767
12310 0.04900643974542618
12320 0.06890548765659332
12330 0.06423065811395645
12340 0.06050925329327583
12350 0.05427325516939163
12360 0.05322421342134476
12370 0.05692119151353836
12380 0.06036889553070068
12390 0.05531953275203705
12400 0.06837046891450882
12410 0.07156869024038315
12420 0.05652844905853271
12430 0.05781543999910355
12440 0.05822640657424927
12450 0.05682061612606049
12460 0.05571739375591278
12470 0.05733059346675873
12480 0.06052974611520767
12490 0.06128092110157013
12500 0.06545037031173706
12510 0.06584692001342773
12520 0.06900405883789062
12530 0.07264357805252075
12540 0.06214017421007156
12550 0.06093641743063927
12560 0.06322698295116425
12570 0.05043647438287735
12580 0.05704373866319656
12590 0.05358481779694557
12600 0.06153919547796249
12610 0.06474624574184418
12620 0.05855726450681686
12630 0.05530209466814995
12640 0.05570302158594131
12650 0.05749152600765228
12660 0.06102331727743149
12670 0.06584696471691132
12680 0.061381995677948
12690 0.06027450039982796
12700 0.05297364294528961
12710 0.04855927079916
12720 0.05149966105818748
12730 0.06185201182961464
12740 0.05315788090229034
12750 0.04828538000583649
12760 0.04894846305251122
12770 0.04957367852330208
12780 0.04416493326425552
12790 0.04506774991750717
12800 0.04978514462709427
12810 0.05076759308576584
12820 0.05340399965643883
12830 0.05506914108991623
12840 0.05480869486927986
12850 0.05497962608933449
12860 0.06102088838815689
12870 0.06099555641412735
12880 0.06357382237911224
12890 0.05122807621955872
12900 0.05152487754821777
12910 0.0555633008480072
12920 0.031419288367033
12930 0.04336690157651901
12940 0.04327207058668137
12950 0.04234489798545837
12960 0.04793133959174156
12970 0.05506616458296776
12980 0.05893039703369141
12990 0.06152530759572983
13000 0.05346968024969101
13010 0.05743429809808731
13020 0.05421812832355499
13030 0.06093606725335121
13040 0.0445905439555645
13050 0.03962551802396774
13060 0.0548187755048275
13070 0.04915158078074455
13080 0.05044249445199966
13090 0.04830427467823029
13100 0.05213471129536629
13110 0.05386760830879211
13120 0.05484961718320847
13130 0.05342945456504822
13140 0.04946856200695038
13150 0.05050460249185562
13160 0.05956776440143585
13170 0.07222933322191238
13180 0.06793442368507385
13190 0.0643824115395546
13200 0.07184696942567825
13210 0.06648948043584824
13220 0.05574208498001099
13230 0.05732860788702965
13240 0.0548911839723587
13250 0.05572130531072617
13260 0.05587934330105782
13270 0.06237022951245308
13280 0.06359042972326279
13290 0.0598541796207428
13300 0.06223753094673157
13310 0.06352598965167999
13320 0.06352350860834122
13330 0.05858893692493439
13340 0.05629164725542068
13350 0.0588688962161541
13360 0.05853131040930748
13370 0.0547977089881897
13380 0.05510328710079193
13390 0.06932106614112854
13400 0.06327679753303528
13410 0.07009793817996979
13420 0.06706073880195618
13430 0.05435143411159515
13440 0.05589368939399719
13450 0.05229873955249786
13460 0.05344574153423309
13470 0.04935698956251144
13480 0.05502928793430328
13490 0.0593058280646801
13500 0.05198845267295837
13510 0.04865917563438416
13520 0.05041510611772537
13530 0.06314964592456818
13540 0.0598011240363121
13550 0.05718303099274635
13560 0.059471495449543
13570 0.05760670453310013
13580 0.06142701208591461
13590 0.0567060112953186
13600 0.06005606800317764
13610 0.06175615638494492
13620 0.06146703287959099
13630 0.06452301144599915
13640 0.0594467893242836
13650 0.05180379003286362
13660 0.05504726618528366
13670 0.05617021396756172
13680 0.05789155140519142
13690 0.05852153152227402
13700 0.06166432797908783
13710 0.06131145730614662
13720 0.04361143708229065
13730 0.05750983208417892
13740 0.05753732472658157
13750 0.05823323875665665
13760 0.05409666895866394
13770 0.05841387435793877
13780 0.06236600130796432
13790 0.0630042552947998
13800 0.06459984183311462
13810 0.05215881764888763
13820 0.05336309969425201
13830 0.06106272339820862
13840 0.04889896512031555
13850 0.05104503408074379
13860 0.05844812095165253
13870 0.06530340015888214
13880 0.07086603343486786
13890 0.06914202868938446
13900 0.0612088069319725
13910 0.04789667576551437
13920 0.05405882745981216
13930 0.06266021728515625
13940 0.0561985969543457
13950 0.04745680093765259
13960 0.04412791132926941
13970 0.04778565093874931
13980 0.04866621643304825
13990 0.06059949472546577
14000 0.05035607516765594
14010 0.04989582672715187
14020 0.05256174504756927
14030 0.04932225495576859
14040 0.05244487896561623
14050 0.06933712214231491
14060 0.0616464726626873
14070 0.05442710965871811
14080 0.04557506740093231
14090 0.05311159789562225
14100 0.06658823788166046
14110 0.06654250621795654
14120 0.06286564469337463
14130 0.05323629081249237
14140 0.04500905424356461
14150 0.04907582327723503
14160 0.05184511840343475
14170 0.05613537132740021
14180 0.05755621939897537
14190 0.06024788320064545
14200 0.05585633218288422
14210 0.05656172335147858
14220 0.05475254356861115
14230 0.05837780237197876
14240 0.06194353848695755
14250 0.06079180911183357
14260 0.06038644909858704
14270 0.05820295959711075
14280 0.06178638339042664
14290 0.05888049304485321
14300 0.0505182147026062
14310 0.05560687184333801
14320 0.06205283105373383
14330 0.05622868612408638
14340 0.05387841165065765
14350 0.0497586652636528
14360 0.05220328271389008
14370 0.05334585905075073
14380 0.05297493189573288
14390 0.05612683296203613
14400 0.0569426566362381
14410 0.05626152455806732
14420 0.05537716299295425
14430 0.05617488175630569
14440 0.05689767003059387
14450 0.06161181628704071
14460 0.05642323195934296
14470 0.05866788327693939
14480 0.05593051761388779
14490 0.05566567927598953
14500 0.05646677687764168
14510 0.05946126580238342
14520 0.05541525781154633
14530 0.06460260599851608
14540 0.06678049266338348
14550 0.06056031584739685
14560 0.05127103626728058
14570 0.06354581564664841
14580 0.06145967915654182
14590 0.06271451711654663
14600 0.05756473913788795
7010 0.06664343923330307
7020 0.07089617848396301
7030 0.07050114870071411
7040 0.0727851390838623
7050 0.07090917229652405
7060 0.06446936726570129
7070 0.06024033948779106
7080 0.07247056066989899
7090 0.07106448709964752
7100 0.06763789057731628
7110 0.05581856518983841
7120 0.05656304210424423
7130 0.05204428359866142
7140 0.05776167288422585
7150 0.05547334998846054
7160 0.05151247978210449
7170 0.05390965938568115
7180 0.05660392343997955
7190 0.05543205142021179
7200 0.05563598126173019
7320 0.05578327924013138
7330 0.0549115389585495
7340 0.05594868585467339
0 0.07451435923576355
10 0.07444535195827484
20 0.0743333101272583
30 0.07436133921146393
40 0.07387533783912659
50 0.07230372726917267
60 0.0679873451590538
70 0.05812688171863556
80 0.05292296409606934
90 0.07975944131612778
100 0.01763715222477913
110 0.0114204166457057
120 0.02581973560154438
130 0.01816712319850922
140 0.01935291662812233
150 0.05556907132267952
160 0.09098381549119949
170 0.07712116837501526
180 0.08726860582828522
190 0.0746801495552063
200 0.04066198319196701
210 0.08184269070625305
220 0.07646494358778
230 0.04559004306793213
240 0.05640090629458427
250 0.05773112922906876
260 0.05755361542105675
270 0.05686233565211296
280 0.05612021312117577
290 0.05419251322746277
300 0.049558125436306
310 0.04547397792339325
320 0.04363307356834412
330 0.04064960777759552
340 0.05118349194526672
350 0.05808126181364059
360 0.05961291864514351
370 0.06418699026107788
380 0.06662857532501221
390 0.06337318569421768
400 0.05826256424188614
410 0.05043761432170868
420 0.04106698930263519
430 0.03233351185917854
440 0.04750000312924385
450 0.05724364891648293
460 0.05485660582780838
470 0.0585724413394928
480 0.05642401427030563
490 0.05997741222381592
500 0.02775278128683567
510 0.01591454818844795
520 0.01487265154719353
530 0.02116959355771542
540 0.02314919605851173
550 0.02567341178655624
560 0.02717507258057594
570 0.04803947359323502
580 0.04250513017177582
590 0.03689529746770859
600 0.03675009682774544
610 0.04681858047842979
620 0.03925058990716934
630 0.02919534593820572
640 0.03977250307798386
650 0.03311847150325775
660 0.03990910947322845
670 0.03790929913520813
680 0.03257165476679802
690 0.03042280301451683
700 0.04324737191200256
710 0.04356161877512932
720 0.03819911181926727
730 0.04663193225860596
740 0.04261349886655807
750 0.04919159784913063
760 0.05463068187236786
770 0.04971197247505188
780 0.04546499252319336
790 0.04201019555330276
800 0.03556159883737564
810 0.04437859356403351
820 0.04630302637815475
830 0.05652309209108353
840 0.05619383230805397
850 0.06013783812522888
860 0.0580255500972271
870 0.064705491065979
880 0.05300480127334595
890 0.05004492402076721
900 0.05076731741428375
910 0.04512394964694977
920 0.05092054605484009
930 0.05743786692619324
940 0.06214865297079086
950 0.06634319573640823
960 0.03613479807972908
970 0.02440454624593258
980 0.02872329764068127
990 0.02531297504901886
1000 0.04314488172531128
1010 0.04066739976406097
1020 0.0395694300532341
1030 0.03872973099350929
1040 0.04848700016736984
1050 0.0547451451420784
1060 0.05680101737380028
1070 0.06017003580927849
1080 0.06474128365516663
1090 0.06862457096576691
1100 0.0593995526432991
1110 0.04561308026313782
1120 0.06024139374494553
1130 0.05963154882192612
1140 0.05952924489974976
1150 0.0579526424407959
1160 0.06230374425649643
1170 0.06346673518419266
1180 0.06208167225122452
1190 0.06063093245029449
1200 0.06192272901535034
1210 0.06392768770456314
1220 0.06381843239068985
1230 0.06475725769996643
1240 0.06303692609071732
1250 0.06505405902862549
1260 0.0605013482272625
1270 0.06027743965387344
1280 0.06214015185832977
1290 0.06770266592502594
1300 0.06505093723535538
1310 0.0622469037771225
1320 0.06669764220714569
1330 0.06623648107051849
1340 0.05774768441915512
1350 0.06162235513329506
1360 0.0691949799656868
1370 0.08040100336074829
1380 0.07075779139995575
1390 0.06858083605766296
1400 0.06547576189041138
1410 0.06379894912242889
1420 0.07689186930656433
1430 0.07359117269515991
1440 0.06681133806705475
1450 0.06647221744060516
1460 0.06561694294214249
1470 0.06545823812484741
1480 0.06541526317596436
1490 0.07027369737625122
1500 0.07049676775932312
1510 0.06477570533752441
1520 0.0661187618970871
1530 0.06574223935604095
1540 0.06551527231931686
1550 0.06793385744094849
1560 0.07132324576377869
1570 0.07398638129234314
1580 0.07169519364833832
1590 0.07146957516670227
1600 0.0749434232711792
1610 0.07207269966602325
1620 0.07562928646802902
1630 0.07285390049219131
1640 0.07165825366973877
1650 0.07521343231201172
1660 0.06821367144584656
1670 0.07603602111339569
1680 0.07442084699869156
1690 0.06848464906215668
1700 0.0542246550321579
1710 0.04848255217075348
1720 0.05392388254404068
1730 0.07100340723991394
1740 0.07665474712848663
1750 0.07863719016313553
1760 0.07947351038455963
1770 0.07481709867715836
1780 0.07688602805137634
1790 0.0744234099984169
1800 0.07274347543716431
1810 0.07384084165096283
1820 0.07414340972900391
1830 0.08060896396636963
1840 0.08655150234699249
1850 0.07262257486581802
1860 0.07449185848236084
1870 0.08005724847316742
1880 0.07829698920249939
1890 0.07378369569778442
1900 0.07534071803092957
1910 0.07742983102798462
1920 0.08383753895759583
1930 0.08340646326541901
1940 0.082154281437397
1950 0.08540479838848114
1960 0.06857262551784515
1970 0.05228852108120918
1980 0.06590266525745392
1990 0.07781299948692322
2000 0.06811513006687164
2010 0.06842350214719772
2020 0.07132045924663544
2030 0.0640130490064621
2040 0.05510750040411949
2050 0.06378577649593353
2060 0.0767223984003067
2070 0.07372813671827316
2080 0.05985791981220245
2090 0.07397601008415222
2100 0.07035668194293976
2110 0.06471267342567444
2120 0.06427419185638428
2130 0.07218195497989655
2140 0.07589197158813477
2150 0.07813897728919983
2160 0.07248571515083313
2170 0.07304436713457108
2180 0.06467849016189575
2190 0.06727609783411026
2200 0.07170921564102173
2210 0.06958416104316711
2220 0.06686004251241684
2230 0.07038332521915436
2240 0.07114094495773315
2250 0.06550616770982742
2260 0.07050950825214386
2270 0.07258689403533936
2280 0.074965700507164
2290 0.07321369647979736
2300 0.07301248610019684
2310 0.06923233717679977
2320 0.07222637534141541
2330 0.0802977979183197
2340 0.08009670674800873
2350 0.06001480668783188
2360 0.05629194900393486
2370 0.06325529515743256
2380 0.07314340770244598
2390 0.07964076101779938
2400 0.05488383024930954
2410 0.05180037766695023
2420 0.04622118920087814
2430 0.04900957271456718
2440 0.05550789833068848
2450 0.05706315487623215
2460 0.05701087415218353
2470 0.05257059633731842
2480 0.04817407205700874
2490 0.03839075565338135
2500 0.04560830444097519
2510 0.04605109244585037
2520 0.05082441866397858
2530 0.05522670224308968
2540 0.04056365042924881
2550 0.05346593633294106
2560 0.05749403685331345
2570 0.05844039842486382
2580 0.05876544862985611
2590 0.06390573084354401
2600 0.05623394250869751
2610 0.07178585231304169
2620 0.06134959310293198
2630 0.0611330047249794
2640 0.06151631474494934
2650 0.06169728189706802
2660 0.05990562215447426
2670 0.06314191967248917
2680 0.06136611476540565
2690 0.06346629559993744
2700 0.06250207871198654
2710 0.05742731690406799
2720 0.06603069603443146
2730 0.05386319011449814
2740 0.04398514702916145
2750 0.03953702747821808
2760 0.04533034563064575
2770 0.0669933557510376
2780 0.06670975685119629
2790 0.06615345180034637
2800 0.06721937656402588
2810 0.06920471787452698
2820 0.07623246312141418
2830 0.07447704672813416
2840 0.06583241373300552
2850 0.0595812015235424
2860 0.05714742094278336
2870 0.05449919402599335
2880 0.05500666052103043
2890 0.05736872553825378
2900 0.06021711602807045
2910 0.05827249586582184
2920 0.05211490392684937
2930 0.05978275835514069
2940 0.04743398725986481
2950 0.06280357390642166
2960 0.07525195181369781
2970 0.07741831243038177
2980 0.0656135156750679
2990 0.06521385163068771
3000 0.06516952067613602
3010 0.08116936683654785
3020 0.0813627615571022
3030 0.08019109070301056
3040 0.08235391229391098
3050 0.07837730646133423
3060 0.06935086101293564
3070 0.06846079230308533
3080 0.0714876651763916
3090 0.04597831517457962
3100 0.04221241921186447
3110 0.04979688674211502
3120 0.06247982382774353
3130 0.06488155573606491
3140 0.08236536383628845
3150 0.05429748073220253
3160 0.0517595037817955
3170 0.04893602803349495
3180 0.052997887134552
3190 0.05432549491524696
3200 0.05848056077957153
3210 0.06515192240476608
3220 0.05171023309230804
3230 0.04888257384300232
3240 0.0511293038725853
3250 0.05408986657857895
3260 0.05748964846134186
3270 0.0608380138874054
3280 0.05380668863654137
3290 0.05139060318470001
3300 0.05263515934348106
3310 0.05347825214266777
3320 0.0529790036380291
3330 0.05328059941530228
3340 0.0550636425614357
3350 0.06252782046794891
3360 0.06239261850714684
3370 0.05493214353919029
3380 0.05969332158565521
3390 0.05780305713415146
3400 0.06234573945403099
3410 0.06930795311927795
3420 0.07396135479211807
3430 0.0609157383441925
3440 0.06054039299488068
3450 0.06630216538906097
3460 0.06131598725914955
3470 0.06070744246244431
3480 0.06235988438129425
3490 0.0667852908372879
3500 0.05097216740250587
3510 0.05010452121496201
3520 0.05458363145589828
3530 0.0478769913315773
3540 0.0464969091117382
3550 0.05100428685545921
3560 0.05600163340568542
3570 0.05918503925204277
3580 0.07062602043151855
3590 0.06178221851587296
3600 0.05733612179756165
3610 0.07195714116096497
3620 0.06424473226070404
3630 0.05806732177734375
3640 0.06999482214450836
3650 0.063460573554039
3660 0.05866517126560211
3670 0.06029506772756577
3680 0.06155020371079445
3690 0.0595179870724678
3700 0.05962727591395378
3710 0.06220522522926331
3720 0.06060582771897316
3730 0.06378218531608582
3740 0.05864625424146652
3750 0.05889607220888138
3760 0.06142563745379448
3770 0.06722883880138397
3780 0.07152076810598373
3790 0.07345430552959442
3800 0.06490021944046021
3810 0.07152218371629715
3820 0.07207418978214264
3830 0.07019446790218353
3840 0.07265898585319519
3850 0.0678020641207695
3860 0.05722195655107498
3870 0.0605403296649456
3880 0.06651544570922852
3890 0.07221744954586029
3900 0.07076933979988098
3910 0.06840419769287109
3920 0.06890807300806046
3930 0.0637127086520195
3940 0.05929626151919365
3950 0.05659660696983337
3960 0.05725951492786407
3970 0.05586733296513557
3980 0.05893462896347046
3990 0.06435857713222504
4000 0.06354285776615143
4010 0.06035837158560753
4020 0.06136257201433182
4030 0.06244206428527832
4040 0.06495626270771027
4050 0.06628557294607162
4060 0.06637561321258545
4070 0.06835237145423889
4080 0.06971343606710434
4090 0.06409269571304321
4100 0.05961822718381882
4110 0.06500039994716644
4120 0.0722658783197403
4130 0.07148584723472595
4140 0.06646323204040527
4150 0.0677553191781044
4160 0.06576603651046753
4170 0.06379848718643188
4180 0.06348675489425659
4190 0.06349442154169083
4200 0.06136491522192955
4210 0.06096644699573517
4220 0.05422180518507957
4230 0.05240878462791443
4240 0.06389355659484863
4250 0.07089106738567352
4260 0.06664788722991943
4270 0.06330052018165588
4280 0.06826017796993256
4290 0.06681538373231888
4300 0.05958708003163338
4310 0.05475185811519623
4320 0.05272036790847778
4330 0.05178117007017136
4340 0.0565580353140831
4350 0.05707873404026031
4360 0.05554244294762611
4370 0.04475439339876175
4380 0.05267300456762314
4390 0.06113001704216003
4400 0.06239927560091019
4410 0.06702931225299835
4420 0.06428699195384979
4430 0.05898652225732803
4440 0.05565258860588074
4450 0.05859696492552757
4460 0.06281068176031113
4470 0.05838163197040558
4480 0.05521625652909279
4490 0.05811886861920357
4500 0.05600770190358162
4510 0.05309036374092102
4520 0.05228029191493988
4530 0.06794413179159164
4540 0.06982502341270447
4550 0.06588548421859741
4560 0.0640743300318718
4570 0.07507680356502533
4580 0.07546535134315491
4590 0.08113113045692444
4600 0.06266000866889954
4610 0.05561167001724243
4620 0.0598689541220665
4630 0.08418960869312286
4640 0.07394634932279587
4650 0.05980109423398972
4660 0.06237250566482544
4670 0.06850007176399231
4680 0.07186582684516907
4690 0.06824752688407898
4700 0.05128857493400574
4710 0.05204027146100998
4720 0.05474071949720383
4730 0.06032183021306992
4740 0.06032377481460571
4750 0.05797360092401505
4760 0.05824612826108932
4770 0.0547969713807106
4780 0.06702818721532822
4790 0.07636789977550507
4800 0.0615670420229435
4810 0.06446199864149094
4820 0.07074972987174988
4830 0.06907671689987183
4840 0.06073535978794098
4850 0.05923453718423843
4860 0.05952221155166626
4870 0.06001292541623116
4880 0.06081226468086243
4890 0.06306221336126328
4900 0.06630545854568481
4910 0.06454024463891983
4920 0.06624922156333923
4930 0.05824963003396988
4940 0.05871079117059708
4950 0.06582453101873398
4960 0.05886895954608917
4970 0.05809321999549866
4980 0.05989241600036621
4990 0.06198818236589432
5000 0.05862873047590256
5010 0.07252825796604156
5020 0.07146153599023819
5030 0.06336779892444611
5040 0.0598582923412323
5050 0.05801886320114136
5060 0.05979721248149872
5070 0.06753300130367279
5080 0.06951594352722168
5090 0.07238265126943588
5100 0.05219441279768944
5110 0.06357014924287796
5120 0.06412334740161896
5130 0.06102626770734787
5140 0.06536053121089935
5150 0.06591318547725677
5160 0.05299045145511627
5170 0.05661610513925552
5180 0.05736852437257767
5190 0.05461735650897026
5200 0.05453186482191086
5210 0.05256805568933487
5220 0.05516564846038818
5230 0.05834841728210449
5240 0.05781529098749161
5250 0.05723018199205399
5260 0.06149031221866608
5270 0.06040643900632858
5280 0.06130065023899078
5290 0.06175834313035011
5300 0.06122609972953796
5310 0.06163515150547028
5320 0.06617546081542969
5330 0.0651075541973114
5340 0.06043649464845657
5350 0.0602840781211853
5360 0.06219188868999481
5370 0.06318408250808716
5380 0.06061150133609772
5390 0.05807367712259293
5400 0.06183261424303055
5410 0.07509272545576096
5420 0.07800474762916565
5430 0.07861824333667755
5440 0.07738113403320312
5450 0.07463210821151733
5460 0.05309475213289261
5470 0.05876597017049789
5480 0.06247237324714661
5490 0.06046414002776146
5500 0.05957750231027603
5510 0.05936748161911964
5520 0.06248357146978378
5530 0.07173389941453934
5540 0.0708598792552948
5550 0.07248894870281219
5560 0.06935404986143112
5570 0.05789387971162796
5580 0.06053858995437622
5590 0.06301131099462509
5600 0.06574590504169464
5610 0.06288544833660126
5620 0.0651324987411499
5630 0.05775899067521095
5640 0.06439420580863953
5650 0.06755676120519638
5660 0.06658783555030823
5670 0.06692369282245636
5680 0.06210940703749657
5690 0.06882988661527634
5700 0.07279939949512482
5710 0.0704079270362854
5720 0.06387099623680115
5730 0.05633983761072159
5740 0.05506857857108116
5750 0.05254791676998138
5760 0.06181037425994873
5770 0.06621002405881882
5780 0.06877336651086807
5790 0.06753905117511749
5800 0.06663449108600616
5810 0.07140205800533295
5820 0.06240291893482208
5830 0.05032353848218918
5840 0.0463729128241539
5850 0.03880004584789276
5860 0.03584818542003632
5870 0.0422368198633194
5880 0.05236205458641052
5890 0.05797741562128067
5900 0.05847381800413132
5910 0.06087984144687653
5920 0.06160158663988113
5930 0.06060151010751724
5940 0.05584076792001724
5950 0.05465735122561455
5960 0.06308750808238983
5970 0.07668338716030121
5980 0.06203892081975937
5990 0.06362941116094589
6000 0.06001978740096092
6010 0.04808035492897034
6020 0.04630208760499954
6030 0.05251277238130569
6040 0.05760792270302773
6050 0.05731072649359703
6060 0.06011561304330826
6070 0.06553991883993149
6080 0.07280296087265015
6090 0.0757523775100708
6100 0.0656798779964447
6110 0.05818697437644005
6120 0.06791333854198456
6130 0.06022081524133682
6140 0.06125734746456146
6150 0.05860519409179688
6160 0.05907833576202393
6170 0.06256285309791565
6180 0.05884015560150146
6190 0.05206906050443649
6200 0.05967035889625549
6210 0.06478777527809143
6220 0.06361936032772064
6230 0.06217526271939278
6240 0.0608641728758812
6250 0.06209030747413635
6260 0.0656585693359375
6270 0.05669911950826645
6280 0.05659973248839378
6290 0.05062591284513474
6300 0.04980579018592834
6310 0.072187140583992
6320 0.06512685865163803
6330 0.04715076461434364
6340 0.05905909091234207
6350 0.07539717108011246
6360 0.05858034268021584
6370 0.05336824059486389
6380 0.05353524163365364
6390 0.05205440893769264
6400 0.05205050110816956
6410 0.05452115088701248
6420 0.06438800692558289
6430 0.06104987114667892
6440 0.05163020640611649
6450 0.05251501500606537
6460 0.05686976760625839
6470 0.05654824152588844
6480 0.05767234042286873
6490 0.05950115621089935
6500 0.05665788426995277
6510 0.04708579182624817
6520 0.05353142321109772
6530 0.04784155637025833
6540 0.05387398600578308
6550 0.0498025193810463
6560 0.04613336175680161
6570 0.05540497601032257
6580 0.06356985867023468
6590 0.06454890221357346
6600 0.06376376003026962
6610 0.05880993604660034
6620 0.0578620508313179
6630 0.06127811968326569
6640 0.07660879194736481
6650 0.07797439396381378
6660 0.07644879817962646
6670 0.07360903173685074
6680 0.05386100709438324
6690 0.05307041108608246
6700 0.06741097569465637
6710 0.06975935399532318
6720 0.06452769786119461
6730 0.07315957546234131
6740 0.06134108826518059
6750 0.06873524188995361
6760 0.07200039178133011
6770 0.07125726342201233
6780 0.05907701700925827
6790 0.05259590595960617
6800 0.05959780141711235
6810 0.06149507686495781
6820 0.06471677124500275
6830 0.05640193074941635
6840 0.06362208724021912
6850 0.0598766878247261
6860 0.06059036403894424
6870 0.06419467926025391
6880 0.05969449877738953
6890 0.0558989942073822
6900 0.05607611685991287
6910 0.03085194900631905
6920 0.02545199915766716
6930 0.03837767243385315
6940 0.06220899522304535
6950 0.07811229676008224
6960 0.0691949874162674
6970 0.05745141953229904
6980 0.05265322327613831
6990 0.05254672467708588
7000 0.06093499064445496
7010 0.06664344668388367
7020 0.07089618593454361
7040 0.0727851539850235
7050 0.07090917974710464
7060 0.0644693598151207
7070 0.06024035066366196
7080 0.07247059047222137
7090 0.07106447219848633
7100 0.06763786822557449
7110 0.05581854656338692
7130 0.05204428732395172
7140 0.05776170268654823
7150 0.05547336488962173
7160 0.05151243507862091
7170 0.05390967801213264
7180 0.05660393834114075
7190 0.0554320327937603
7200 0.05563601106405258
