"Time Step" "point-tau_vm-b"
21210 45.47505187988281
21220 74.35036468505859
21230 47.54826354980469
21240 44.05398178100586
21250 30.11216163635254
21260 11.41709804534912
21270 30.15297698974609
21280 29.07369041442871
21290 27.74885559082031
21300 20.63520050048828
21310 12.310866355896
21320 20.08805084228516
21330 31.12059783935547
21340 17.32307052612305
21350 10.901123046875
21360 13.81337738037109
21370 12.07990741729736
21380 14.32741928100586
21390 14.30400085449219
21400 18.78203392028809
21410 15.61106300354004
21420 17.12967681884766
21430 14.16046905517578
21440 10.28199768066406
21450 14.33495330810547
21460 10.86478710174561
21470 3.660374641418457
21480 7.304962158203125
21490 7.698084354400635
21500 7.312520027160645
21510 5.489912509918213
21520 6.568904399871826
21530 9.170912742614746
21540 18.5887336730957
21550 18.96428108215332
21560 6.8643798828125
21570 4.848085403442383
21580 6.951307773590088
21590 19.65991401672363
21600 55.10566711425781
21610 34.82707214355469
21620 70.37345886230469
21630 25.11813163757324
21640 18.7947883605957
21650 19.56832122802734
21660 33.96311950683594
21670 31.38493347167969
21680 25.09238624572754
21690 20.88343620300293
21700 14.9983377456665
21710 8.83482837677002
21720 12.73926162719727
21730 11.55429744720459
21740 8.12920093536377
21750 8.028167724609375
21760 10.38954544067383
21770 14.75008010864258
21780 15.9103832244873
21790 15.81172561645508
21800 14.38687705993652
21810 7.767342567443848
21820 15.22314262390137
21830 11.11007499694824
21840 15.97593593597412
21850 10.54235363006592
21860 10.63230133056641
21870 7.586456298828125
21880 7.383440494537354
21890 14.22947120666504
21900 11.47395896911621
21910 11.03439140319824
21920 12.53066730499268
21930 6.173779010772705
21940 4.920612812042236
21950 6.133035659790039
21960 9.383624076843262
21970 9.753500938415527
21980 11.79627418518066
21990 36.64640045166016
22000 63.72131729125977
22010 43.79197692871094
22020 27.80702209472656
22030 49.29535293579102
22040 12.64199924468994
22050 22.16319274902344
22060 28.9273567199707
22070 17.99092292785645
22080 20.17469787597656
22090 31.61624145507812
22100 21.11774635314941
22110 16.27713012695312
22120 15.87805366516113
22130 17.32693481445312
22140 21.16326141357422
22150 28.11975479125977
22160 17.22358322143555
22170 11.8303108215332
22180 6.978569984436035
22190 5.160568714141846
22200 15.77985000610352
22210 17.15444374084473
22220 11.95011806488037
22230 7.530745029449463
22240 7.874148845672607
22250 4.647326469421387
22260 11.67447566986084
22270 17.72438621520996
22280 10.56320571899414
22290 12.45760059356689
22300 12.37029457092285
22310 15.66778564453125
22320 9.01921272277832
22330 7.135483264923096
22340 12.51717662811279
22350 10.03241443634033
22360 12.0646505355835
22370 8.56647777557373
22380 10.2409086227417
22390 22.98588371276855
22400 64.79308319091797
22410 62.90724182128906
22420 59.71798706054688
22430 36.90134048461914
22440 30.09732627868652
22450 28.10999870300293
22460 27.66433906555176
22470 27.03834342956543
22480 32.30259704589844
22490 29.79658126831055
22500 28.175048828125
22510 17.00267028808594
22520 24.56866264343262
22530 18.98336410522461
22540 19.75589179992676
22550 17.34961891174316
22560 21.81002044677734
22570 10.9286994934082
22580 8.045916557312012
22590 16.92440414428711
22600 28.72649765014648
22610 9.505946159362793
22620 10.75742530822754
22630 9.510143280029297
22640 10.4725980758667
22650 18.80947303771973
22660 12.65322494506836
22670 9.137229919433594
22680 6.959810733795166
22690 9.547123908996582
22700 12.81820106506348
22710 24.55075073242188
22720 7.890246868133545
22730 11.162034034729
22740 13.32629776000977
22750 12.97896862030029
22760 11.04164409637451
22770 6.530302047729492
22780 10.49406337738037
22790 13.86056900024414
22800 48.46245193481445
22810 72.25668334960938
22820 46.74375152587891
22830 49.08819198608398
22840 35.58210754394531
22850 24.36131858825684
22860 24.74775123596191
22870 32.42831802368164
22880 25.387939453125
22890 16.71554565429688
22900 25.71211242675781
22910 38.72428894042969
22920 32.85721969604492
22930 28.56924057006836
22940 10.35882759094238
22950 8.566267013549805
22960 8.612417221069336
22970 17.47089004516602
22980 12.56975173950195
22990 14.42393493652344
23000 14.27774524688721
23010 10.83308601379395
23020 10.83956146240234
23030 9.740982055664062
23040 11.10130023956299
23050 17.16972160339355
23060 22.98737335205078
23070 13.99004745483398
23080 5.997913837432861
23090 20.70267677307129
23100 10.56788730621338
23110 15.85637378692627
23120 18.95593070983887
23130 18.14296340942383
23140 38.73353576660156
23150 23.53225135803223
23160 14.42671585083008
23170 9.962096214294434
23180 20.21773529052734
23190 14.46320343017578
23200 75.274169921875
23210 43.06919479370117
23220 61.50536346435547
23230 59.76907730102539
23240 38.33994293212891
23250 35.91905212402344
23260 35.76939392089844
23270 30.73969841003418
23280 41.49255752563477
23290 23.72450828552246
23300 24.63585090637207
23310 21.092041015625
23320 37.34019088745117
23330 26.7473087310791
23340 19.49142265319824
23350 11.41014862060547
23360 8.553829193115234
23370 16.96160888671875
23380 10.55241966247559
23390 24.84852600097656
23400 22.08124732971191
23410 12.21005725860596
23420 17.50192832946777
23430 20.79655075073242
23440 9.317106246948242
23450 9.506333351135254
23460 17.98921775817871
23470 9.468953132629395
23480 13.89228343963623
23490 14.850661277771
23500 9.650111198425293
23510 6.675140857696533
23520 7.209105491638184
23530 16.85712242126465
23540 19.86906623840332
23550 9.267054557800293
23560 9.178139686584473
23570 5.967325687408447
23580 14.90750885009766
23590 20.75938606262207
23600 26.95949363708496
23610 76.42484283447266
23620 65.61436462402344
23630 48.16702651977539
23640 25.87458610534668
23650 33.63295745849609
23660 44.32979583740234
23670 36.55393600463867
23680 27.86877250671387
23690 17.6260929107666
23700 10.21341323852539
23710 15.4118127822876
23720 24.74456977844238
23730 26.17837142944336
23740 22.76104736328125
23750 30.06827354431152
23760 16.01329040527344
23770 9.776958465576172
23780 14.36895847320557
23790 15.60191822052002
23800 14.62007427215576
23810 13.07215690612793
23820 13.01504230499268
23830 14.34841918945312
23840 11.54151248931885
23850 11.83153438568115
23860 15.57007026672363
23870 10.30314636230469
23880 13.4376220703125
23890 19.95394897460938
23900 10.7219820022583
23910 11.24893569946289
23920 17.14739608764648
23930 11.05611991882324
23940 12.57530689239502
23950 7.996952056884766
23960 12.32230663299561
23970 13.5510139465332
23980 10.8384952545166
23990 52.76735687255859
24000 74.12686157226562
15410 13.97311592102051
15420 17.86275863647461
15430 15.62446689605713
15440 12.31282997131348
15450 13.17846965789795
15460 6.367522239685059
15470 14.41162776947021
15480 9.517681121826172
15490 9.075347900390625
15500 8.461513519287109
15510 10.30887031555176
15520 15.93032169342041
15530 13.20782089233398
15540 10.07993793487549
15550 10.05071544647217
15560 10.89351558685303
15570 13.20395183563232
15580 17.56339645385742
15590 33.6710205078125
15600 25.02118873596191
15610 41.71914291381836
15620 65.89638519287109
15630 33.09894180297852
15640 40.04719161987305
15650 16.68293380737305
15660 20.67038917541504
15670 19.40864944458008
15680 18.55190277099609
15690 19.30467796325684
15700 24.18828010559082
15710 20.06822967529297
15720 7.668593883514404
15730 11.74940967559814
15740 16.10189628601074
15750 27.17905807495117
15760 27.00092124938965
15770 21.75399780273438
15780 21.41611862182617
15790 16.90935134887695
15800 9.201384544372559
15810 13.62304973602295
15820 14.27391242980957
15830 18.64152526855469
15840 12.07554244995117
15850 9.563138961791992
15860 18.6320686340332
15870 10.77869129180908
15880 9.32292366027832
15890 8.208202362060547
15900 18.16655731201172
15910 10.8889741897583
15920 8.963994026184082
15930 13.72078132629395
15940 22.88508987426758
15950 11.5472936630249
15960 32.36539077758789
15970 18.25575637817383
15980 8.362546920776367
15990 16.35132598876953
16000 56.80144882202148
16010 51.25326156616211
16020 36.91825103759766
16030 29.12661933898926
16040 17.37921714782715
16050 29.78171157836914
16060 15.6930513381958
16070 32.1759147644043
16080 35.30050659179688
16090 15.27950572967529
16100 28.52528762817383
16110 24.53730583190918
16120 33.60713577270508
16130 14.83169269561768
16140 15.71874141693115
16150 17.53847312927246
16160 14.96850872039795
16170 10.41993522644043
16180 11.17849636077881
16190 11.06486129760742
16200 13.53490829467773
16210 15.86947250366211
16220 14.37796401977539
16230 18.21562576293945
16240 17.51917457580566
16250 12.11766242980957
16260 7.020802021026611
16270 12.20881271362305
16280 12.69527339935303
16290 11.88016033172607
16300 7.832485198974609
16310 13.95654201507568
16320 5.37497615814209
16330 10.21847724914551
16340 17.8022575378418
16350 7.585480690002441
16360 15.99445915222168
16370 9.244422912597656
16380 13.02783298492432
16390 17.51993179321289
16400 15.56384181976318
16410 71.22421264648438
16420 83.01985931396484
16430 45.39896774291992
16440 26.52329635620117
16450 31.53263282775879
16460 33.46113586425781
16470 28.84386444091797
16480 52.54834747314453
16490 60.35638427734375
16500 27.85377502441406
16510 11.23316097259521
16520 11.9957857131958
16530 17.96974182128906
16540 19.00214004516602
16550 14.88851737976074
16560 26.91358947753906
16570 15.54686641693115
16580 8.668971061706543
16590 11.65867233276367
16600 10.82076072692871
16610 6.807957649230957
16620 4.754400730133057
16630 19.50260734558105
16640 19.03048324584961
16650 19.46955871582031
16660 10.24508571624756
16670 8.331706047058105
16680 15.70823383331299
16690 14.82743740081787
16700 19.72880935668945
16710 11.97638702392578
16720 15.90714931488037
16730 11.15235805511475
16740 7.349399566650391
16750 13.43722248077393
16760 9.760809898376465
16770 5.732489109039307
16780 17.70302581787109
16790 38.52147674560547
16800 32.20817947387695
16810 57.39807510375977
16820 41.83737182617188
16830 30.35309600830078
16840 26.68987846374512
16850 63.77590560913086
16860 23.53410911560059
16870 16.33423614501953
16880 22.81900787353516
16890 18.72414970397949
16900 31.72729682922363
16910 33.17327117919922
16920 20.39273071289062
16930 16.70239067077637
16940 11.05295181274414
16950 11.58053588867188
16960 11.25989723205566
16970 12.12008953094482
16980 16.65389442443848
16990 16.93721771240234
17000 22.36563873291016
17010 8.41832447052002
17020 10.29366207122803
17030 10.10520362854004
17040 9.05906867980957
17050 9.210681915283203
17060 12.79010391235352
17070 16.90096282958984
17080 12.77386951446533
17090 23.52840614318848
17100 13.14393711090088
17110 7.323410987854004
17120 12.44782447814941
17130 13.38570976257324
17140 12.15675926208496
17150 9.491576194763184
17160 11.54124641418457
17170 20.96980094909668
17180 12.03134632110596
17190 14.03161716461182
17200 61.46432876586914
17210 68.62332916259766
17220 57.27360534667969
17230 48.57548522949219
17240 54.05643463134766
17250 22.96097755432129
17260 25.78946876525879
17270 31.39369773864746
17280 26.83584976196289
17290 24.39371681213379
17300 17.31922149658203
17310 11.73468971252441
17320 29.34639549255371
17330 24.57894706726074
17340 28.78108787536621
17350 22.92001533508301
17360 18.25156593322754
17370 7.733346462249756
17380 7.572821617126465
17390 7.762186527252197
17400 9.921938896179199
17410 13.26326370239258
17420 7.746350765228271
17430 13.39860153198242
17440 8.459887504577637
17450 7.681216716766357
17460 10.48881435394287
17470 6.276080131530762
17480 11.77640056610107
17490 8.439738273620605
17500 11.82517623901367
17510 8.663081169128418
17520 6.416656017303467
17530 12.81083106994629
17540 13.7794017791748
17550 11.74929428100586
17560 14.47149181365967
17570 7.182547092437744
17580 9.139490127563477
17590 14.84037494659424
17600 20.66417503356934
17610 45.7816276550293
17620 32.44284820556641
17630 30.42024803161621
17640 27.33633995056152
17650 24.10852432250977
17660 37.36417388916016
17670 22.89999961853027
17680 14.25897312164307
17690 33.6538200378418
17700 20.3361988067627
17710 34.06758499145508
17720 17.35619926452637
17730 18.76114273071289
17740 23.70742416381836
17750 13.0055103302002
17760 15.03384208679199
17770 18.16635322570801
17780 18.40780258178711
17790 17.85683822631836
17800 12.7293643951416
17810 26.54838180541992
17820 12.9089412689209
17830 16.86358833312988
17840 16.19796371459961
17850 10.81317234039307
17860 8.629196166992188
17870 9.616803169250488
17880 8.985021591186523
17890 5.101791381835938
17900 11.55833053588867
17910 18.43272590637207
17920 10.36366748809814
17930 7.675098896026611
17940 14.92592811584473
17950 17.25900268554688
17960 12.62076282501221
17970 7.403510093688965
17980 11.95518684387207
17990 19.40340232849121
18000 112.0219650268555
18010 80.91999816894531
18020 27.57881736755371
18030 26.66983222961426
18040 28.1846752166748
18050 35.06981658935547
18060 40.97465133666992
18070 17.92143249511719
18080 39.92326354980469
18090 41.83286285400391
18100 38.96348190307617
18110 28.65302085876465
18120 14.56242847442627
18130 16.34958839416504
18140 18.56766700744629
18150 33.70524215698242
18160 24.18230438232422
18170 20.80807113647461
18180 12.99927616119385
18190 25.10116004943848
18200 13.77456951141357
18210 12.03199005126953
18220 15.65916633605957
18230 9.428387641906738
18240 19.09282112121582
18250 11.38685607910156
18260 7.124021053314209
18270 12.16842079162598
18280 5.476938724517822
18290 8.332738876342773
18300 11.43447685241699
18310 15.36477661132812
18320 19.92081260681152
18330 11.45133399963379
18340 10.71117305755615
18350 9.48858642578125
18360 17.96136283874512
18370 13.45066738128662
18380 15.51858901977539
18390 21.00692749023438
18400 66.97109985351562
18410 74.50662994384766
18420 15.47784996032715
18430 29.85211372375488
18440 64.54966735839844
18450 47.70807647705078
18460 62.14207077026367
18470 37.82592010498047
18480 19.6575756072998
18490 13.27712440490723
18500 10.05547046661377
18510 30.55846977233887
18520 13.29034233093262
18530 14.82906818389893
18540 35.01826477050781
18550 26.1680908203125
18560 25.32254600524902
18570 8.830844879150391
18580 14.74076747894287
18590 18.68904113769531
18600 8.819706916809082
18610 7.553462982177734
18620 9.161370277404785
18630 9.167882919311523
18640 16.43766975402832
18650 12.09985160827637
18660 6.363153457641602
18670 12.07653903961182
18680 25.45170402526855
18690 16.33495140075684
18700 15.55212783813477
18710 26.8554859161377
18720 20.68605804443359
18730 7.309754371643066
18740 11.18271064758301
18750 7.497985363006592
18760 7.657699584960938
18770 14.34879207611084
18780 18.17543792724609
18790 18.56989288330078
18800 46.41629028320312
18810 58.7961311340332
18820 38.95614242553711
18830 33.82064437866211
18840 56.88335800170898
18850 24.79730606079102
18860 23.24284553527832
18870 27.81651496887207
18880 19.6898193359375
18890 29.17800712585449
18900 20.55887985229492
18910 19.11610794067383
18920 12.0991096496582
18930 13.13740825653076
18940 10.70131969451904
18950 9.696842193603516
18960 6.644027709960938
18970 17.99262237548828
18980 11.91228485107422
18990 10.27292251586914
19000 14.78062343597412
19010 9.573002815246582
19020 8.78662109375
19030 10.44452476501465
19040 11.35943794250488
19050 6.269154071807861
19060 7.427060127258301
19070 13.02089023590088
19080 10.46265029907227
19090 18.08142852783203
19100 16.30728912353516
19110 14.61724281311035
19120 10.59862995147705
19130 13.9926176071167
19140 10.54446887969971
19150 15.4421443939209
19160 17.11635780334473
19170 18.5631275177002
19180 11.55284214019775
19190 15.66381645202637
19200 68.39938354492188
19210 61.48100280761719
19220 43.17373657226562
19230 18.0389232635498
19240 24.49403381347656
19250 44.78787231445312
19260 43.03686904907227
19270 33.28513336181641
19280 27.4078426361084
19290 26.78151893615723
19300 18.77309799194336
19310 15.94132041931152
19320 10.88775062561035
19330 9.201882362365723
19340 4.393238544464111
19350 6.678654193878174
19360 5.956750869750977
19370 12.18999671936035
19380 12.55946922302246
19390 10.43273735046387
19400 13.31400871276855
19410 27.00168800354004
19420 17.64657592773438
19430 13.45857048034668
19440 15.47285747528076
19450 18.72146987915039
19460 21.14643478393555
19470 11.49941635131836
19480 22.42913055419922
19490 10.01964950561523
19500 17.96716499328613
19510 18.73093605041504
19520 17.57475662231445
19530 13.99294376373291
19540 13.1831521987915
19550 17.69580841064453
19560 15.83139896392822
19570 8.709349632263184
19580 9.700595855712891
19590 21.13135528564453
19600 28.67910194396973
19610 68.50697326660156
19620 25.6485710144043
19630 27.32143592834473
19640 46.46104049682617
19650 39.47359466552734
19660 47.96599197387695
19670 29.66196441650391
19680 36.27890396118164
19690 27.69635391235352
19700 24.09610366821289
19710 15.13144207000732
19720 8.46463680267334
19730 21.55251502990723
19740 23.01621246337891
19750 23.08279609680176
19760 9.538382530212402
19770 12.55433368682861
19780 15.31369495391846
19790 10.09123229980469
19800 10.33889865875244
19810 19.65848159790039
19820 18.7010498046875
19830 11.12603855133057
19840 15.20953464508057
19850 17.5020809173584
19860 14.22551822662354
19870 16.73463249206543
19880 14.45180034637451
19890 11.54373264312744
19900 7.486496925354004
19910 9.770759582519531
19920 19.94991302490234
19930 16.82543754577637
19940 16.48390769958496
19950 14.37900638580322
19960 16.35061073303223
19970 11.93347930908203
19980 8.766415596008301
19990 14.77707481384277
20000 34.82983016967773
20010 70.70018768310547
20020 57.66635513305664
20030 29.58011627197266
20040 37.80652236938477
20050 26.02273368835449
20060 57.82985305786133
20070 52.24448013305664
20080 29.25857162475586
20090 19.70527267456055
20100 20.32413673400879
20110 15.4980583190918
20120 15.69395923614502
20130 32.48800277709961
20140 36.25385665893555
20150 21.76033020019531
20160 17.03133201599121
20170 20.43955612182617
20180 19.06477928161621
20190 12.77359294891357
20200 10.96320915222168
20210 4.574536800384521
20220 11.53172397613525
20230 14.87617015838623
20240 20.39093208312988
20250 15.87168312072754
20260 11.04285430908203
20270 7.584506988525391
20280 8.18985652923584
20290 12.34358406066895
20300 13.38031101226807
20310 10.60955238342285
20320 16.26988792419434
20330 17.87292289733887
20340 19.65970420837402
20350 17.93837928771973
20360 8.883135795593262
20370 8.591121673583984
20380 10.13545703887939
20390 21.11882209777832
20400 84.67600250244141
20410 87.11255645751953
20420 30.10455703735352
20430 20.9145565032959
20440 31.40554046630859
20450 32.38404083251953
20460 17.5538272857666
20470 24.95425033569336
20480 51.85065078735352
20490 47.11048126220703
20500 26.34693336486816
20510 16.78473281860352
20520 13.5067663192749
20530 5.496829986572266
20540 13.46644401550293
20550 23.29819107055664
20560 13.17010498046875
20570 14.32747554779053
20580 17.10713768005371
20590 15.97543621063232
20600 9.035833358764648
20610 8.312820434570312
20620 16.08849143981934
20630 13.41021156311035
20640 19.36164093017578
20650 19.28547096252441
20660 9.006575584411621
20670 19.94778442382812
20680 18.45066452026367
20690 15.31453037261963
20700 8.686363220214844
20710 22.71428871154785
20720 23.14880180358887
20730 9.511774063110352
20740 9.876375198364258
20750 7.570257663726807
20760 9.492749214172363
20770 13.38978481292725
20780 7.734850883483887
20790 16.87890815734863
20800 55.10670852661133
20810 37.04779434204102
20820 30.15858268737793
20830 45.48797988891602
20840 27.59467887878418
20850 49.55759048461914
20860 21.67967987060547
20870 50.41831207275391
20880 27.46151924133301
20890 19.56925582885742
20900 37.86313247680664
20910 22.21491241455078
20920 11.70218467712402
20930 18.67790031433105
20940 30.94540023803711
20950 13.6772346496582
20960 36.1966438293457
20970 22.28566360473633
20980 21.1011962890625
20990 9.71320915222168
21000 26.9864330291748
21010 15.13937091827393
21020 6.798851013183594
21030 23.56551742553711
21040 25.30385780334473
21050 22.65061569213867
21060 18.06560134887695
21070 12.90379047393799
21080 9.271596908569336
21090 8.388440132141113
21100 5.948390960693359
21110 6.183281421661377
21120 8.378047943115234
21130 9.893473625183105
21140 9.931301116943359
21150 5.4574294090271
21160 9.016164779663086
21170 7.386919021606445
21180 11.51331806182861
21190 13.05379676818848
21200 29.13406181335449
21260 11.41709899902344
21270 30.15297889709473
21280 29.07369232177734
21310 12.31086540222168
21320 20.08797645568848
21330 31.12061500549316
21340 17.32308769226074
21350 10.9011812210083
21360 13.81324291229248
21370 12.07992267608643
21380 14.32754421234131
14610 6.732592582702637
14620 6.812502861022949
14630 6.799535274505615
14640 13.54625034332275
14650 16.41351890563965
14660 21.434814453125
14670 9.372385025024414
14680 13.16785144805908
14690 13.05444526672363
14700 16.04775810241699
14710 10.23519420623779
14720 8.27813720703125
14730 11.62713050842285
14740 13.95803356170654
14750 14.97098731994629
14760 19.49403953552246
14770 19.66544914245605
14780 16.27464294433594
14790 22.83884811401367
14800 56.77004241943359
14810 66.69608306884766
14820 30.11167526245117
14830 23.03880310058594
14840 26.83876800537109
14850 74.37173461914062
14860 46.75136184692383
14870 27.19184684753418
14880 18.45351982116699
14890 27.04310989379883
14900 38.36363983154297
14910 37.06668090820312
14920 24.20203971862793
14930 10.7303295135498
14940 13.57818031311035
14950 12.97731399536133
14960 24.25818252563477
14970 7.77681827545166
14980 13.98576736450195
14990 7.203625202178955
15000 16.97810173034668
15010 14.57922744750977
15020 17.89367866516113
15030 19.8050422668457
15040 15.31014633178711
15050 16.19797515869141
15060 10.39213180541992
15070 6.335319042205811
15080 5.513611316680908
15090 16.12248420715332
15100 17.29692840576172
15110 10.66194725036621
15120 9.53709602355957
15130 15.5713357925415
15140 8.43342399597168
15150 10.99480247497559
15160 5.989506721496582
15170 6.895218849182129
15180 8.150003433227539
15190 17.6827335357666
15200 51.75186920166016
15210 60.61752319335938
15220 42.56892013549805
15230 43.83176803588867
15240 42.15490341186523
15250 33.7950553894043
15260 22.06224822998047
15270 15.43703937530518
15280 23.28806304931641
15290 10.79987525939941
15300 23.74677085876465
15310 19.79925918579102
15320 12.5392599105835
15330 26.35208511352539
15340 17.15188217163086
15350 22.44721031188965
15360 14.2063045501709
15370 15.49583625793457
15380 9.685041427612305
15390 9.480158805847168
15400 14.86155033111572
7210 59.27972793579102
7220 41.95209884643555
7230 44.10158920288086
7240 37.92489242553711
7250 49.25920867919922
7260 59.4349479675293
7270 47.98493957519531
7280 17.00652694702148
7290 14.00339031219482
7300 40.57572174072266
7310 27.47279357910156
7320 17.33853721618652
7330 20.11910057067871
7340 27.97471809387207
7350 17.60989570617676
7360 16.01149559020996
7370 11.44210052490234
7380 19.46822547912598
7390 10.82756805419922
7400 8.006593704223633
7410 10.9404935836792
7420 12.80390357971191
7430 17.01606559753418
7440 18.92354011535645
7450 11.87290859222412
7460 10.38002014160156
7470 23.43947601318359
7480 8.546900749206543
7490 11.55518341064453
7500 11.77676296234131
7510 19.8695182800293
7520 15.20559501647949
7530 17.95992088317871
7540 11.35106372833252
7550 18.56652069091797
7560 21.60253524780273
7570 11.26326370239258
7580 7.342103004455566
7590 29.73829078674316
7600 71.52007293701172
7610 27.62188529968262
7620 65.20804595947266
7630 42.20249176025391
7640 54.93317794799805
7650 42.61295700073242
7660 35.10298538208008
7670 15.61303615570068
7680 24.48704528808594
7690 24.73589515686035
7700 37.84078979492188
7710 21.47747611999512
7720 10.41894054412842
7730 5.282421588897705
7740 5.722655773162842
7750 4.920719623565674
7760 5.226332187652588
7770 12.0412425994873
7780 6.742878437042236
7790 8.935811042785645
7800 11.21485900878906
7810 13.1726245880127
7820 13.16581058502197
7830 13.29862117767334
7840 10.22260475158691
7850 21.58933448791504
7860 10.07930088043213
7870 9.793682098388672
7880 13.30481338500977
7890 10.73335266113281
7900 9.840907096862793
7910 5.55075740814209
7920 15.72013568878174
7930 13.73044967651367
7940 5.037321090698242
7950 7.690957069396973
7960 6.307509422302246
7970 7.247810363769531
7980 11.4826021194458
7990 13.79885482788086
8000 74.33634185791016
8010 62.48360824584961
8020 53.30739593505859
8030 51.48704147338867
8040 30.08100318908691
8050 23.4188175201416
8060 22.60575485229492
8070 33.76801300048828
8080 34.68674468994141
8090 19.73670196533203
8100 24.07671928405762
8110 31.52375984191895
8120 38.16516494750977
8130 7.510919094085693
8140 11.33091354370117
8150 8.536118507385254
8160 7.79975414276123
8170 18.91403388977051
8180 18.9293270111084
8190 14.74372100830078
8200 20.78791999816895
8210 11.04497909545898
8220 10.29800319671631
8230 8.540387153625488
8240 8.392419815063477
8250 13.90898895263672
8260 21.2243824005127
8270 16.02047348022461
8280 19.58846855163574
8290 24.37855529785156
8300 14.77020168304443
8310 16.12937545776367
8320 18.01051139831543
8330 6.853229999542236
8340 14.98683166503906
8350 5.393537998199463
8360 8.344843864440918
8370 6.402903079986572
8380 15.44662189483643
8390 13.87449645996094
8400 85.60601043701172
8410 35.98719787597656
8420 28.70445251464844
8430 47.00225448608398
8440 52.61602401733398
8450 22.84874725341797
8460 18.58310508728027
8470 13.43482112884521
8480 15.04278182983398
8490 23.75540351867676
8500 17.83489418029785
8510 15.05728626251221
8520 22.42776489257812
8530 20.70611953735352
8540 26.01717185974121
8550 20.09705924987793
8560 20.71753883361816
8570 23.02528190612793
8580 17.22593688964844
8590 10.31806755065918
8600 30.62480926513672
8610 36.01969528198242
8620 25.46200752258301
8630 8.041279792785645
8640 25.28095436096191
8650 12.59420013427734
8660 8.892930030822754
8670 7.486804485321045
8680 13.82782745361328
8690 7.890486240386963
8700 13.78949451446533
8710 20.79314804077148
8720 15.73854541778564
8730 15.12538814544678
8740 24.7982120513916
8750 13.78685665130615
8760 10.79157066345215
8770 11.97868824005127
8780 12.89011383056641
8790 20.22504043579102
8800 30.21090888977051
8810 74.39801788330078
8820 31.32221603393555
8830 34.46353530883789
8840 25.79536247253418
8850 52.45335006713867
8860 56.91835784912109
8870 40.50422286987305
8880 48.96252059936523
8890 13.89912986755371
8900 25.36062431335449
8910 33.50571060180664
8920 38.11279296875
8930 21.7786865234375
8940 13.5044641494751
8950 21.3223991394043
8960 21.59377479553223
8970 11.36187839508057
8980 14.52615070343018
8990 7.913094043731689
9000 9.649646759033203
9010 12.27621841430664
9020 10.4304895401001
9030 9.419041633605957
9040 11.24200820922852
9050 15.18002700805664
9060 14.32401275634766
9070 13.55456161499023
9080 7.257174968719482
9090 8.072309494018555
9100 9.407255172729492
9110 9.498845100402832
9120 8.819177627563477
9130 11.30647277832031
9140 11.18658924102783
9150 8.570056915283203
9160 23.49762535095215
9170 17.32147216796875
9180 11.05662727355957
9190 19.30934906005859
9200 23.79621124267578
9210 12.74622344970703
9220 24.49166679382324
9230 35.30553436279297
9240 29.99426460266113
9250 38.23081970214844
9260 24.70635223388672
9270 8.860372543334961
9280 12.81014251708984
9290 26.03580474853516
9300 20.78806114196777
9310 33.07682418823242
9320 14.32230854034424
9330 12.24864101409912
9340 17.99053192138672
9350 9.172314643859863
9360 10.02399158477783
9370 9.21685791015625
9380 14.16736125946045
9390 5.819770336151123
9400 17.9487419128418
9410 18.30479431152344
9420 11.36909866333008
9430 12.36526679992676
9440 11.86491203308105
9450 6.749500751495361
9460 6.325201988220215
9470 7.060688972473145
9480 15.43009471893311
9490 6.062719821929932
9500 13.25488185882568
9510 19.18600654602051
9520 21.65367317199707
9530 6.672976016998291
9540 7.854422092437744
9550 7.492286205291748
9560 5.942012786865234
9570 6.685501575469971
9580 6.815782070159912
9590 42.93276214599609
9600 116.3522033691406
9610 49.736083984375
9620 56.2548942565918
9630 54.8863639831543
9640 38.99277496337891
9650 45.07275390625
9660 16.12699317932129
9670 15.55793857574463
9680 14.45484828948975
9690 20.52035331726074
9700 20.63166618347168
9710 32.64339828491211
9720 37.8140983581543
9730 23.06346321105957
9740 14.69037246704102
9750 10.42696857452393
9760 27.65644454956055
9770 21.56463432312012
9780 19.64071273803711
9790 10.63653564453125
9800 11.39637184143066
9810 6.25395393371582
9820 13.58517456054688
9830 20.29165649414062
9840 19.06254005432129
9850 18.19495582580566
9860 23.38595771789551
9870 17.01730728149414
9880 19.28800010681152
9890 21.33563804626465
9900 12.89468479156494
9910 12.66319847106934
9920 16.72506141662598
9930 20.01102066040039
9940 17.92344665527344
9950 7.724391937255859
9960 6.054158687591553
9970 5.496665477752686
9980 10.10799598693848
9990 23.59256172180176
10000 71.65811157226562
10010 56.50939559936523
10020 64.95814514160156
10030 23.27285194396973
10040 51.35437774658203
10050 27.68306732177734
10060 24.82388877868652
10070 34.99071884155273
10080 37.20234298706055
10090 27.57597541809082
10100 27.28513336181641
10110 32.32755279541016
10120 17.50015068054199
10130 19.60457420349121
10140 13.62973976135254
10150 20.0457935333252
10160 16.33858299255371
10170 13.24352645874023
10180 12.70097064971924
10190 12.27010631561279
10200 23.26186370849609
10210 20.14291954040527
10220 10.08794403076172
10230 12.71835899353027
10240 10.79142761230469
10250 9.116769790649414
10260 8.588177680969238
10270 11.69834613800049
10280 10.02390670776367
10290 6.738080978393555
10300 8.241469383239746
10310 6.857065677642822
10320 4.802511692047119
10330 9.792283058166504
10340 9.405232429504395
10350 6.782541751861572
10360 9.838906288146973
10370 14.01268291473389
10380 18.48566627502441
10390 17.97653198242188
10400 63.41537094116211
10410 46.54214859008789
10420 53.35731506347656
10430 53.89353179931641
10440 40.04475402832031
10450 31.98148536682129
10460 16.8094425201416
10470 25.83088493347168
10480 39.91751861572266
10490 38.7844123840332
10500 34.87875366210938
10510 18.14728736877441
10520 15.52235507965088
10530 16.22598457336426
10540 12.285475730896
10550 8.888399124145508
10560 16.61323547363281
10570 16.49892807006836
10580 18.1472282409668
10590 12.29384994506836
10600 10.18226528167725
10610 9.425241470336914
10620 10.92117691040039
10630 8.874369621276855
10640 12.82127380371094
10650 10.89098644256592
10660 4.300115585327148
10670 5.993463039398193
10680 11.90933227539062
10690 18.62282371520996
10700 12.53723335266113
10710 9.292847633361816
10720 13.24654769897461
10730 31.19894981384277
10740 13.22768306732178
10750 11.60599422454834
10760 15.35303115844727
10770 23.99270439147949
10780 11.38761901855469
10790 15.11874389648438
10800 83.34147644042969
10810 71.64659118652344
10820 45.12458419799805
10830 31.66992950439453
10840 25.12102127075195
10850 45.48116683959961
10860 31.1014461517334
10870 41.73175811767578
10880 24.13355445861816
10890 20.13849067687988
10900 23.129638671875
10910 12.66219615936279
10920 12.45175647735596
10930 9.538578987121582
10940 27.2377815246582
10950 20.06936836242676
10960 16.03609848022461
10970 26.38359260559082
10980 23.41183662414551
10990 21.04032707214355
11000 27.49428558349609
11010 16.80846214294434
11020 11.27620697021484
11030 18.39054107666016
11040 33.91000366210938
11050 11.90847778320312
11060 16.74530601501465
11070 17.85740280151367
11080 25.01987457275391
11090 7.777568817138672
11100 8.226876258850098
11110 6.71902322769165
11120 11.03310871124268
11130 8.309285163879395
11140 7.60523796081543
11150 24.6835823059082
11160 13.75131416320801
11170 6.687400341033936
11180 9.216772079467773
11190 12.64943981170654
11200 37.48453140258789
11210 25.2007942199707
11220 72.438232421875
11230 49.53633880615234
11240 22.45340919494629
11250 41.38803100585938
11260 42.60810089111328
11270 30.04271507263184
11280 36.31648635864258
11290 20.59563827514648
11300 24.03808975219727
11310 14.17621231079102
11320 9.008458137512207
11330 16.30678367614746
11340 17.5607852935791
11350 11.87568187713623
11360 7.434879302978516
11370 12.84341812133789
11380 13.80317401885986
11390 9.114204406738281
11400 10.95074272155762
11410 8.833931922912598
11420 11.51365756988525
11430 17.99318313598633
11440 12.07588672637939
11450 6.818046569824219
11460 7.0006103515625
11470 11.69415187835693
11480 12.94474601745605
11490 21.96815872192383
11500 10.70022678375244
11510 10.4308614730835
11520 6.666405200958252
11530 5.253186702728271
11540 9.612613677978516
11550 6.487034797668457
11560 12.55728435516357
11570 20.31165313720703
11580 9.268712043762207
11590 21.80222511291504
11600 51.51180267333984
11610 54.50658798217773
11620 28.01676940917969
11630 20.60421943664551
11640 34.01040267944336
11650 19.67242813110352
11660 38.67746353149414
11670 35.17599105834961
11680 26.31083488464355
11690 26.55322265625
11700 22.37406539916992
11710 11.7826976776123
11720 28.41838836669922
11730 18.26806640625
11740 20.2764778137207
11750 7.036511421203613
11760 10.619948387146
11770 20.9914722442627
11780 6.420454502105713
11790 8.391750335693359
11800 6.438799858093262
11810 10.54510974884033
11820 13.5347843170166
11830 10.8979434967041
11840 8.884115219116211
11850 6.76359748840332
11860 15.17611122131348
11870 18.6462459564209
11880 9.331478118896484
11890 10.10907077789307
11900 10.92647743225098
11910 11.65185165405273
11920 8.047084808349609
11930 10.7485818862915
11940 6.344743728637695
11950 9.561110496520996
11960 5.568012714385986
11970 9.944818496704102
11980 12.55345249176025
11990 20.92061614990234
12000 34.58106231689453
12010 38.69977569580078
12020 46.99927520751953
12030 56.19433975219727
12040 37.8181037902832
12050 66.87051391601562
12060 43.92942428588867
12070 33.11419296264648
12080 13.48956108093262
12090 28.3187255859375
12100 26.79317283630371
12110 13.74370956420898
12120 20.43969535827637
12130 6.455760478973389
12140 5.3058762550354
12150 26.57538032531738
12160 20.82767295837402
12170 17.71064186096191
12180 32.57416534423828
12190 12.82872009277344
12200 15.15898704528809
12210 11.23495388031006
12220 13.24845314025879
12230 10.26937866210938
12240 10.32695198059082
12250 5.370175361633301
12260 7.340394973754883
12270 9.637784957885742
12280 5.122543334960938
12290 11.51900482177734
12300 8.672807693481445
12310 10.63809299468994
12320 20.79315376281738
12330 17.70309448242188
12340 27.95959663391113
12350 13.22223663330078
12360 12.35244083404541
12370 15.86787796020508
12380 13.37115955352783
12390 29.54384422302246
12400 118.6089019775391
12410 92.61006927490234
12420 71.42523193359375
12430 47.71588897705078
12440 70.69486236572266
12450 32.00803756713867
12460 36.71533584594727
12470 24.57864570617676
12480 25.02258491516113
12490 20.43802642822266
12500 22.7145824432373
12510 25.00008392333984
12520 18.02008247375488
12530 24.10038757324219
12540 26.79120826721191
12550 8.926994323730469
12560 11.20697593688965
12570 8.795867919921875
12580 25.02806663513184
12590 15.38736248016357
12600 6.874595165252686
12610 21.51793479919434
12620 9.017577171325684
12630 15.61190700531006
12640 18.21754455566406
12650 15.31766414642334
12660 17.64288902282715
12670 12.69859981536865
12680 13.1816873550415
12690 19.40743064880371
12700 15.29745006561279
12710 17.88936424255371
12720 11.57393550872803
12730 14.733717918396
12740 9.947854042053223
12750 8.041719436645508
12760 12.16851043701172
12770 10.37958812713623
12780 10.35545063018799
12790 17.95187568664551
12800 87.59523773193359
12810 51.25893402099609
12820 53.68126678466797
12830 33.16940307617188
12840 40.06118392944336
12850 58.2447395324707
12860 26.65537071228027
12870 24.7763614654541
12880 15.80841255187988
12890 12.79631614685059
12900 23.37787055969238
12910 22.3606014251709
12920 25.37690544128418
12930 15.62553596496582
12940 8.640162467956543
12950 10.10054969787598
12960 13.52285575866699
12970 15.82381057739258
12980 38.07541656494141
12990 16.03891944885254
13000 7.970130443572998
13010 15.47735786437988
13020 15.40052604675293
13030 12.84646415710449
13040 15.94846820831299
13050 14.97476005554199
13060 16.8592643737793
13070 8.561397552490234
13080 13.90971279144287
13090 8.320167541503906
13100 16.0033016204834
13110 19.3518238067627
13120 10.77331924438477
13130 16.96408843994141
13140 17.10688209533691
13150 8.982166290283203
13160 16.02170562744141
13170 7.956725597381592
13180 9.41436767578125
13190 19.08538055419922
13200 19.23368835449219
13210 54.04877853393555
13220 36.71197509765625
13230 41.36307907104492
13240 39.03540420532227
13250 32.50112152099609
13260 36.77792358398438
13270 36.67891693115234
13280 47.32334518432617
13290 24.42004776000977
13300 18.02293968200684
13310 26.14829254150391
13320 23.05365753173828
13330 30.35496711730957
13340 15.91752624511719
13350 14.19675827026367
13360 8.64686107635498
13370 13.23308277130127
13380 16.54745292663574
13390 16.50447463989258
13400 12.44648551940918
13410 13.38147449493408
13420 17.03641128540039
13430 10.79560661315918
13440 22.56423377990723
13450 28.11836624145508
13460 9.812985420227051
13470 13.17095756530762
13480 22.67290496826172
13490 8.265327453613281
13500 7.829170703887939
13510 8.843794822692871
13520 13.36045837402344
13530 24.48503684997559
13540 8.572535514831543
13550 14.29510879516602
13560 15.76023578643799
13570 12.34340000152588
13580 18.89385032653809
13590 23.04980087280273
13600 65.33663177490234
13610 68.16252899169922
13620 64.42411041259766
13630 25.72490882873535
13640 31.02854537963867
13650 30.84995460510254
13660 32.43353271484375
13670 61.98624801635742
13680 33.71569061279297
13690 34.65896987915039
13700 50.25567626953125
13710 37.36657333374023
13720 27.24660873413086
13730 20.00131225585938
13740 20.56526374816895
13750 13.4192533493042
13760 21.90891075134277
13770 31.11346626281738
13780 27.28366279602051
13790 27.00046157836914
13800 15.19424343109131
13810 19.80611991882324
13820 11.21996784210205
13830 16.49102401733398
13840 14.98824024200439
13850 11.88773727416992
13860 11.27528285980225
13870 12.67656135559082
13880 14.05544853210449
13890 13.72220706939697
13900 6.592136859893799
13910 8.916760444641113
13920 23.90361213684082
13930 13.53340435028076
13940 13.60709857940674
13950 8.856956481933594
13960 6.01537561416626
13970 4.266177654266357
13980 10.75135803222656
13990 18.89121246337891
14000 73.46110534667969
14010 59.05363464355469
14020 56.99037933349609
14030 13.85952472686768
14040 42.24503707885742
14050 44.09755706787109
14060 43.23572158813477
14070 24.92839622497559
14080 27.51632499694824
14090 28.8215446472168
14100 29.36981391906738
14110 20.26288795471191
14120 16.87468719482422
14130 16.14172744750977
14140 22.75870132446289
14150 16.69708442687988
14160 18.11810684204102
14170 17.82018280029297
14180 11.12390804290771
14190 11.7610912322998
14200 15.29281520843506
14210 22.30764389038086
14220 12.62497425079346
14230 8.628841400146484
14240 11.94605350494385
14250 10.77844524383545
14260 9.104955673217773
14270 13.47016525268555
14280 13.22372055053711
14290 10.2449369430542
14300 7.54586124420166
14310 14.13828754425049
14320 6.25123929977417
14330 9.353436470031738
14340 11.52837467193604
14350 9.571218490600586
14360 19.30903434753418
14370 18.8125114440918
14380 10.40482521057129
14390 14.91603374481201
14400 61.59442138671875
14410 65.53689575195312
14420 60.68582534790039
14430 54.3424186706543
14440 30.87286949157715
14450 30.79820442199707
14460 58.57201766967773
14470 42.87260055541992
14480 35.65595626831055
14490 40.47023391723633
14500 26.46553802490234
14510 33.46091079711914
14520 19.243896484375
14530 17.98457717895508
14540 22.03354454040527
14550 24.90139579772949
14560 22.63706016540527
14570 11.59688186645508
14580 13.51125621795654
14590 22.61599922180176
14600 7.425621032714844
7010 17.11458969116211
7020 16.1373176574707
7030 13.71832180023193
7040 16.53360557556152
7050 16.16036796569824
7060 9.211079597473145
7070 12.69719982147217
7080 18.54367828369141
7090 18.93266677856445
7100 19.16655731201172
7110 17.68020057678223
7120 6.906468868255615
7130 6.350282669067383
7140 12.41567230224609
7150 20.03475761413574
7160 12.73539543151855
7170 19.73237037658691
7180 18.04160690307617
7190 13.73626518249512
7200 25.29495048522949
7250 49.25920486450195
7270 47.98494338989258
7290 14.00338363647461
7310 27.47278213500977
7320 17.33854484558105
7330 20.11910438537598
7350 17.60989379882812
0 8.572030067443848
10 5.259307861328125
20 4.79093599319458
30 5.000168323516846
40 5.550165176391602
50 5.214412689208984
60 5.627324104309082
70 7.605234622955322
80 20.16407775878906
90 28.89355278015137
100 23.46114349365234
110 23.88540840148926
120 17.19417572021484
130 5.836997032165527
140 2.772969007492065
150 3.532842397689819
160 4.452217102050781
170 4.891120433807373
180 4.478071212768555
190 6.167594432830811
200 10.72444248199463
210 6.088922023773193
220 5.620655536651611
230 5.268958568572998
240 4.761243343353271
250 4.603647708892822
260 4.220252990722656
270 3.868419408798218
280 3.554000854492188
290 3.289231777191162
300 3.203087091445923
310 3.359294891357422
320 3.591735363006592
330 3.398241996765137
340 3.429979562759399
350 4.266629219055176
360 5.009517669677734
370 5.51241397857666
380 7.261167049407959
390 6.676205158233643
400 4.529083251953125
410 4.703930854797363
420 6.644139766693115
430 12.10380744934082
440 21.52937889099121
450 23.15885925292969
460 15.73962783813477
470 15.81803703308105
480 14.11892509460449
490 18.8410472869873
500 26.48782920837402
510 38.84918594360352
520 38.67649459838867
530 20.62204360961914
540 33.06870651245117
550 18.34657859802246
560 14.01753520965576
570 13.595458984375
580 32.19747543334961
590 19.98020362854004
600 20.66886138916016
610 33.25914764404297
620 35.73046112060547
630 32.06616973876953
640 33.80508804321289
650 18.93097877502441
660 22.57807540893555
670 24.39351654052734
680 27.96314430236816
690 19.00837326049805
700 19.59726715087891
710 12.3872127532959
720 7.813539981842041
730 9.108579635620117
740 8.998680114746094
750 12.10218048095703
760 13.98931789398193
770 16.22046279907227
780 15.92057609558105
790 17.35482215881348
800 32.79674530029297
810 43.70024871826172
820 60.8790397644043
830 58.49377822875977
840 30.73787689208984
850 16.96317863464355
860 18.59956741333008
870 9.308266639709473
880 17.98342132568359
890 11.89240646362305
900 27.5426025390625
910 34.48418426513672
920 27.05503463745117
930 15.18750476837158
940 15.64651107788086
950 14.18950653076172
960 12.64735317230225
970 19.88656997680664
980 13.9871997833252
990 17.33607482910156
1000 16.71635055541992
1010 30.28741645812988
1020 23.60071182250977
1030 12.22012042999268
1040 11.61088943481445
1050 17.95376396179199
1060 13.95499038696289
1070 30.84086608886719
1080 16.68959808349609
1090 11.98198318481445
1100 11.72540855407715
1110 14.63506698608398
1120 13.89621257781982
1130 29.37750244140625
1140 24.54106903076172
1150 9.089367866516113
1160 11.14690971374512
1170 12.397141456604
1180 20.78778266906738
1190 29.82278251647949
1200 105.9552764892578
1210 42.35758209228516
1220 73.71236419677734
1230 38.44676208496094
1240 27.81423187255859
1250 43.94338607788086
1260 11.91730880737305
1270 23.49856567382812
1280 33.69766235351562
1290 29.23153114318848
1300 20.71516227722168
1310 23.96713447570801
1320 28.97023963928223
1330 26.73018264770508
1340 32.71835327148438
1350 26.56124687194824
1360 26.04647636413574
1370 29.54403114318848
1380 19.38651847839355
1390 20.05754280090332
1400 27.64112854003906
1410 19.32119369506836
1420 21.62754058837891
1430 10.33655834197998
1440 9.987747192382812
1450 11.49598598480225
1460 26.34871292114258
1470 20.79026985168457
1480 18.32586860656738
1490 14.80233001708984
1500 14.22957706451416
1510 10.53814792633057
1520 6.497708797454834
1530 21.99061012268066
1540 27.89037132263184
1550 20.07467460632324
1560 18.98923110961914
1570 23.74851417541504
1580 10.16810989379883
1590 12.92507457733154
1600 44.95608520507812
1610 34.69980239868164
1620 60.14191055297852
1630 46.2431755065918
1640 85.46495819091797
1650 38.10161590576172
1660 15.11975765228271
1670 42.32198715209961
1680 37.14239883422852
1690 47.34354782104492
1700 20.12563896179199
1710 16.12635612487793
1720 19.56364440917969
1730 16.47082328796387
1740 17.49643135070801
1750 9.097912788391113
1760 12.68215465545654
1770 10.00857353210449
1780 6.605841159820557
1790 12.74716091156006
1800 13.56307315826416
1810 8.612434387207031
1820 13.13142013549805
1830 23.88746452331543
1840 30.26202964782715
1850 23.53145980834961
1860 17.54130172729492
1870 10.11002731323242
1880 14.55441761016846
1890 7.851660251617432
1900 4.187880992889404
1910 17.50327110290527
1920 8.305368423461914
1930 8.598840713500977
1940 10.87445259094238
1950 16.26914978027344
1960 8.86945915222168
1970 13.70177936553955
1980 21.41276741027832
1990 13.24152374267578
2000 14.37030506134033
2010 37.77696228027344
2020 47.20445251464844
2030 25.29818534851074
2040 52.23857879638672
2050 23.83177947998047
2060 25.57851028442383
2070 30.60171699523926
2080 20.70058822631836
2090 30.25977516174316
2100 19.49750518798828
2110 19.25752258300781
2120 14.9641809463501
2130 9.31612491607666
2140 11.12484550476074
2150 23.20394134521484
2160 13.14165687561035
2170 20.76760864257812
2180 15.21406173706055
2190 20.08545303344727
2200 22.30692863464355
2210 22.22386360168457
2220 33.68609237670898
2230 24.17026138305664
2240 21.53780555725098
2250 25.90372657775879
2260 16.94970893859863
2270 13.55522441864014
2280 12.50860786437988
2290 20.41309356689453
2300 14.04263496398926
2310 10.60159206390381
2320 12.8404712677002
2330 10.96363639831543
2340 26.933349609375
2350 8.861522674560547
2360 10.0630054473877
2370 13.48271942138672
2380 11.02527523040771
2390 24.9719123840332
2400 21.45925712585449
2410 67.53237152099609
2420 44.75632095336914
2430 48.45648193359375
2440 24.99211502075195
2450 27.36941719055176
2460 35.06128692626953
2470 39.07106781005859
2480 55.66132354736328
2490 39.75739288330078
2500 22.5818977355957
2510 12.83266544342041
2520 14.66054248809814
2530 15.50488471984863
2540 19.69722366333008
2550 14.98743534088135
2560 8.785323143005371
2570 8.434419631958008
2580 7.537995338439941
2590 9.554206848144531
2600 15.16868686676025
2610 22.91083145141602
2620 17.36795043945312
2630 16.06453895568848
2640 9.785229682922363
2650 15.64374732971191
2660 31.60695648193359
2670 23.17658042907715
2680 22.93933296203613
2690 24.79966926574707
2700 21.2347526550293
2710 10.09905433654785
2720 12.49528026580811
2730 11.41527462005615
2740 10.9470157623291
2750 18.6264820098877
2760 8.755094528198242
2770 25.76137542724609
2780 19.34860038757324
2790 18.4118766784668
2800 32.84004211425781
2810 62.84930419921875
2820 38.28926086425781
2830 40.60099792480469
2840 40.35480117797852
2850 25.62592124938965
2860 25.01010894775391
2870 40.73039627075195
2880 40.48300933837891
2890 34.97192001342773
2900 16.51513671875
2910 27.85646820068359
2920 17.22731781005859
2930 30.54576683044434
2940 25.6401195526123
2950 21.99029541015625
2960 29.81610298156738
2970 12.62060070037842
2980 8.323826789855957
2990 8.496217727661133
3000 17.40274810791016
3010 14.44686317443848
3020 6.965901851654053
3030 7.263344287872314
3040 18.84204483032227
3050 10.41819286346436
3060 8.896965026855469
3070 24.67252540588379
3080 14.47719383239746
3090 16.09133338928223
3100 18.09239959716797
3110 17.66607093811035
3120 8.897026062011719
3130 18.64493751525879
3140 17.60980224609375
3150 14.79274845123291
3160 15.6323356628418
3170 24.07906723022461
3180 11.02817058563232
3190 28.83025932312012
3200 93.12686157226562
3210 98.82012939453125
3220 62.20398330688477
3230 30.31593322753906
3240 46.64536666870117
3250 42.10879135131836
3260 30.80923080444336
3270 45.08004379272461
3280 13.34623241424561
3290 36.64879608154297
3300 25.29814147949219
3310 20.19963264465332
3320 22.24250793457031
3330 18.87523651123047
3340 20.83233070373535
3350 32.91211700439453
3360 21.29278564453125
3370 15.94444179534912
3380 8.873872756958008
3390 11.58839416503906
3400 16.14524841308594
3410 16.4814395904541
3420 7.788615226745605
3430 10.89630794525146
3440 8.217166900634766
3450 6.228832244873047
3460 8.415434837341309
3470 15.25436592102051
3480 15.18651866912842
3490 20.19104766845703
3500 13.82667636871338
3510 9.01708984375
3520 12.41849422454834
3530 8.24351978302002
3540 8.91624641418457
3550 20.39778518676758
3560 11.18266105651855
3570 8.60256290435791
3580 10.59310626983643
3590 19.31824684143066
3600 65.91525268554688
3610 61.46152496337891
3620 41.15457534790039
3630 45.61632919311523
3640 36.98609161376953
3650 48.24354553222656
3660 46.56859970092773
3670 29.86573219299316
3680 37.92455673217773
3690 28.7905101776123
3700 18.38295936584473
3710 12.94074440002441
3720 10.93721771240234
3730 13.09053421020508
3740 9.805033683776855
3750 8.711386680603027
3760 14.72030067443848
3770 23.03944206237793
3780 16.4212760925293
3790 11.31563472747803
3800 14.97568702697754
3810 24.94965553283691
3820 35.85298156738281
3830 14.47237682342529
3840 8.033712387084961
3850 15.3553466796875
3860 18.90796089172363
3870 10.31299781799316
3880 16.02892684936523
3890 19.88009834289551
3900 23.68547439575195
3910 12.08491516113281
3920 11.25511169433594
3930 11.19641876220703
3940 4.778831481933594
3950 6.709412097930908
3960 10.0192813873291
3970 10.82114887237549
3980 11.96376800537109
3990 29.55597496032715
4000 37.64677047729492
4010 60.31523513793945
4020 74.34640502929688
4030 28.7419319152832
4040 37.55724716186523
4050 35.6396598815918
4060 31.91241073608398
4070 48.96956253051758
4080 47.89161682128906
4090 28.27502632141113
4100 16.16735649108887
4110 23.0919189453125
4120 12.08301067352295
4130 23.25435256958008
4140 22.38678359985352
4150 18.00166893005371
4160 14.29117298126221
4170 11.3648567199707
4180 15.71465873718262
4190 12.32017230987549
4200 8.167303085327148
4210 6.949306011199951
4220 9.125492095947266
4230 8.246716499328613
4240 10.68656921386719
4250 14.69419288635254
4260 11.06449604034424
4270 7.018515110015869
4280 8.714449882507324
4290 9.037567138671875
4300 8.654013633728027
4310 7.606637954711914
4320 17.68632507324219
4330 16.56557083129883
4340 14.62454223632812
4350 29.83988571166992
4360 18.27724456787109
4370 17.30863189697266
4380 16.34944343566895
4390 17.38882064819336
4400 13.92420959472656
4410 58.94898223876953
4420 78.60846710205078
4430 14.64018058776855
4440 29.17946434020996
4450 48.71221542358398
4460 54.32367706298828
4470 33.48186111450195
4480 19.74504280090332
4490 39.06848907470703
4500 31.81610870361328
4510 38.92123031616211
4520 25.38702392578125
4530 21.07962799072266
4540 19.19107246398926
4550 24.21806144714355
4560 36.20050811767578
4570 17.40135192871094
4580 11.73561859130859
4590 14.88583183288574
4600 23.7372932434082
4610 12.53409385681152
4620 22.89416694641113
4630 10.46889019012451
4640 11.13500881195068
4650 17.70181274414062
4660 9.22980785369873
4670 9.065003395080566
4680 12.4744701385498
4690 10.2461404800415
4700 14.63853549957275
4710 9.468369483947754
4720 8.906547546386719
4730 13.4553394317627
4740 5.915626049041748
4750 9.017763137817383
4760 6.167267799377441
4770 3.99390721321106
4780 10.78147888183594
4790 14.01841735839844
4800 71.29882049560547
4810 52.01111602783203
4820 55.35631942749023
4830 42.71881484985352
4840 53.86759948730469
4850 55.3949089050293
4860 51.78643417358398
4870 40.97432708740234
4880 45.21102905273438
4890 22.3996410369873
4900 23.6927604675293
4910 15.2109432220459
4920 27.1362476348877
4930 26.42173004150391
4940 13.00481605529785
4950 15.90607070922852
4960 26.60018539428711
4970 23.74967765808105
4980 17.06599235534668
4990 15.01056861877441
5000 13.42745685577393
5010 8.424355506896973
5020 12.24193954467773
5030 13.26070785522461
5040 10.98896884918213
5050 14.81486797332764
5060 12.60552787780762
5070 15.2249813079834
5080 19.06071090698242
5090 15.72398281097412
5100 9.794700622558594
5110 17.57366180419922
5120 15.02315902709961
5130 8.051057815551758
5140 4.473064422607422
5150 12.80511856079102
5160 13.12376499176025
5170 7.045440196990967
5180 11.48648834228516
5190 21.82695007324219
5200 93.46425628662109
5210 61.36653137207031
5220 41.31412887573242
5230 34.96237564086914
5240 51.56833648681641
5250 51.76937866210938
5260 38.1046142578125
5270 34.0399169921875
5280 36.7961540222168
5290 15.77358055114746
5300 11.39745616912842
5310 26.8920841217041
5320 35.65814208984375
5330 24.3064136505127
5340 28.78293228149414
5350 13.99494457244873
5360 14.69351291656494
5370 24.91901969909668
5380 20.09163665771484
5390 13.02823543548584
5400 18.54139137268066
5410 15.20029830932617
5420 13.82277870178223
5430 9.023723602294922
5440 16.58940696716309
5450 6.822036743164062
5460 10.51522350311279
5470 22.8370475769043
5480 11.51617527008057
5490 8.794259071350098
5500 4.913867950439453
5510 6.472356796264648
5520 7.467367649078369
5530 7.77194356918335
5540 8.300600051879883
5550 22.0920295715332
5560 12.11573505401611
5570 5.30336856842041
5580 11.35000896453857
5590 15.72750949859619
5600 64.07916259765625
5610 52.15337753295898
5620 53.02756500244141
5630 31.08047103881836
5640 26.61771774291992
5650 53.34709930419922
5660 37.2513542175293
5670 28.10795021057129
5680 43.56718826293945
5690 13.2799711227417
5700 13.79983329772949
5710 20.98940658569336
5720 21.10379219055176
5730 22.18293762207031
5740 16.41213417053223
5750 24.03446006774902
5760 18.82279396057129
5770 11.05782985687256
5780 21.07741737365723
5790 17.53202819824219
5800 16.7673511505127
5810 11.44715213775635
5820 9.185440063476562
5830 6.726916790008545
5840 18.83896255493164
5850 18.05877494812012
5860 8.170299530029297
5870 4.119329452514648
5880 6.301247119903564
5890 5.064342975616455
5900 9.248497009277344
5910 8.508119583129883
5920 9.318874359130859
5930 9.961569786071777
5940 9.625746726989746
5950 7.777750015258789
5960 8.165079116821289
5970 13.22909069061279
5980 10.78067874908447
5990 23.15642356872559
6000 42.39679718017578
6010 55.17737197875977
6020 49.69013214111328
6030 62.75004959106445
6040 25.96868896484375
6050 40.67666244506836
6060 41.96561050415039
6070 23.35400009155273
6080 32.92250061035156
6090 31.54308319091797
6100 27.41117095947266
6110 17.9863109588623
6120 20.99297332763672
6130 15.35033321380615
6140 12.19478511810303
6150 11.41997146606445
6160 7.509230136871338
6170 6.92859935760498
6180 10.261643409729
6190 15.58395481109619
6200 8.903962135314941
6210 7.010075092315674
6220 12.74989891052246
6230 7.459712028503418
6240 10.42269229888916
6250 19.33803939819336
6260 18.29877281188965
6270 13.06297874450684
6280 15.19661808013916
6290 10.12086868286133
6300 8.606871604919434
6310 12.47283840179443
6320 7.628785610198975
6330 10.00300025939941
6340 3.919672250747681
6350 6.020259380340576
6360 9.45999813079834
6370 14.83886337280273
6380 16.87111473083496
6390 31.26461219787598
6400 75.23597717285156
6410 73.27643585205078
6420 60.85691070556641
6430 34.42430114746094
6440 17.52290344238281
6450 28.83595275878906
6460 21.69271469116211
6470 38.08950042724609
6480 18.16766929626465
6490 23.27877998352051
6500 27.3420295715332
6510 14.29097843170166
6520 17.43234443664551
6530 16.62521362304688
6540 23.15932083129883
6550 23.99293899536133
6560 20.32928276062012
6570 19.51535034179688
6580 19.88112258911133
6590 11.66558074951172
6600 25.66268539428711
6610 19.41371154785156
6620 13.19016551971436
6630 9.896605491638184
6640 12.1069221496582
6650 7.118635654449463
6660 8.38448429107666
6670 8.202779769897461
6680 8.126734733581543
6690 5.458569049835205
6700 5.59787130355835
6710 11.30857086181641
6720 7.371447086334229
6730 9.895784378051758
6740 5.481520175933838
6750 7.741227626800537
6760 10.71285152435303
6770 6.168346405029297
6780 8.994271278381348
6790 34.98614501953125
6800 35.71576309204102
6810 40.47971725463867
6820 32.52101516723633
6830 42.88260650634766
6840 43.69860076904297
6850 22.77492523193359
6860 28.20364761352539
6870 19.82175254821777
6880 18.04379844665527
6890 10.52413368225098
6900 19.84716606140137
6910 9.519166946411133
6920 14.04703807830811
6930 11.66977882385254
6940 21.16003036499023
6950 7.431241989135742
6960 13.65532112121582
6970 12.69793701171875
6980 11.57754421234131
6990 12.86116409301758
7000 20.3646297454834
7020 16.13732528686523
7030 13.7183198928833
7040 16.53359603881836
7050 16.16036224365234
7060 9.211089134216309
7070 12.69718837738037
7080 18.54366683959961
7090 18.93265533447266
7100 19.16656684875488
7110 17.68013954162598
7120 6.906461715698242
7130 6.350296974182129
7140 12.41569900512695
7150 20.0347785949707
7160 12.73541069030762
7170 19.73222351074219
7180 18.0411319732666
7190 13.74122047424316
7200 25.26822280883789
