"Time Step" "point-ho-a"
21210 5.145443356013857e-05
21220 5.11397811351344e-05
21230 5.082979259896092e-05
21240 5.054187931818888e-05
21250 5.029254680266604e-05
21260 5.009034066461027e-05
21270 4.994132905267179e-05
21280 4.983647522749379e-05
21290 4.975831325282343e-05
21300 4.969120345776901e-05
21310 4.961951344739646e-05
21320 4.95482818223536e-05
21330 4.950475704390556e-05
21340 4.950271249981597e-05
21350 4.954022006131709e-05
21360 4.960759906680323e-05
21370 4.968249777448364e-05
21380 4.974417606717907e-05
21390 4.977631033398211e-05
21400 4.977128264727071e-05
21410 4.973284012521617e-05
21420 4.96568827657029e-05
21430 4.9542126362212e-05
21440 4.940732469549403e-05
21450 4.925276516587473e-05
21460 4.907086622552015e-05
21470 4.885710950475186e-05
21480 4.861475099460222e-05
21490 4.835022264160216e-05
21500 4.807600635103881e-05
21510 4.781064126291312e-05
21520 4.757248461828567e-05
21530 4.73699728900101e-05
21540 4.719738353742287e-05
21550 4.705067112809047e-05
21560 4.693497976404615e-05
21570 4.686103056883439e-05
21580 4.683429870055988e-05
21590 4.685368912760168e-05
21600 4.691396316047758e-05
21610 4.700921999756247e-05
21620 4.712141890195198e-05
21630 4.723742677015252e-05
21640 4.734181493404321e-05
21650 4.742426972370595e-05
21660 4.748383071273565e-05
21670 4.752051245304756e-05
21680 4.756050111609511e-05
21690 4.764755794894882e-05
21700 4.777504000230692e-05
21710 4.790612365468405e-05
21720 4.801814429811202e-05
21730 4.809869278687984e-05
21740 4.814755084225908e-05
21750 4.817235821974464e-05
21760 4.817992157768458e-05
21770 4.817754961550236e-05
21780 4.817643639398739e-05
21790 4.818888191948645e-05
21800 4.822116170544177e-05
21810 4.827244265470654e-05
21820 4.834016726817936e-05
21830 4.842491034651175e-05
21840 4.852780330111273e-05
21850 4.865110531682149e-05
21860 4.880089181824587e-05
21870 4.89828635181766e-05
21880 4.919961429550312e-05
21890 4.945624095853418e-05
21900 4.974760668119416e-05
21910 5.006543506169692e-05
21920 5.04034869663883e-05
21930 5.073636202723719e-05
21940 5.104252340970561e-05
21950 5.129638157086447e-05
21960 5.147534466232173e-05
21970 5.157118721399456e-05
21980 5.158147541806102e-05
21990 5.151868026587181e-05
22000 5.140910798218101e-05
22010 5.128425982547924e-05
22020 5.116995453136042e-05
22030 5.108311597723514e-05
22040 5.104314550408162e-05
22050 5.106415119371377e-05
22060 5.115405292599462e-05
22070 5.130960198584944e-05
22080 5.151034565642476e-05
22090 5.172534292796627e-05
22100 5.194304321776144e-05
22110 5.216590943746269e-05
22120 5.239059828454629e-05
22130 5.260745456325822e-05
22140 5.280378900351934e-05
22150 5.297184543451294e-05
22160 5.310404594638385e-05
22170 5.320620039128698e-05
22180 5.329466148396023e-05
22190 5.339672134141438e-05
22200 5.351667277864181e-05
22210 5.365114338928834e-05
22220 5.37890664418228e-05
22230 5.392414459493011e-05
22240 5.406600394053385e-05
22250 5.421675450634211e-05
22260 5.436191349872388e-05
22270 5.448863885249011e-05
22280 5.459093881654553e-05
22290 5.467668597702868e-05
22300 5.475115176523104e-05
22310 5.479854007717222e-05
22320 5.480432082549669e-05
22330 5.476887599797919e-05
22340 5.469405732583255e-05
22350 5.458408486447297e-05
22360 5.442693145596422e-05
22370 5.423052789410576e-05
22380 5.401323141995817e-05
22390 5.379091089707799e-05
22400 5.356708061299287e-05
22410 5.334940215107054e-05
22420 5.315825546858832e-05
22430 5.300976408761926e-05
22440 5.289851105771959e-05
22450 5.282045458443463e-05
22460 5.276622687233612e-05
22470 5.273653368931264e-05
22480 5.273598799249157e-05
22490 5.276346564642154e-05
22500 5.282482015900314e-05
22510 5.292211062624119e-05
22520 5.304364458424971e-05
22530 5.316968963597901e-05
22540 5.327771577867679e-05
22550 5.33501006430015e-05
22560 5.337820039130747e-05
22570 5.335966125130653e-05
22580 5.329800114850514e-05
22590 5.31832774868235e-05
22600 5.303118814481422e-05
22610 5.286080340738408e-05
22620 5.268223321763799e-05
22630 5.25054638274014e-05
22640 5.234042328083888e-05
22650 5.219934610067867e-05
22660 5.20877874805592e-05
22670 5.200901432544924e-05
22680 5.195549601921812e-05
22690 5.191723539610393e-05
22700 5.190627416595817e-05
22710 5.192362004891038e-05
22720 5.196532583795488e-05
22730 5.202660395298153e-05
22740 5.209588562138379e-05
22750 5.215618875809014e-05
22760 5.219406739342958e-05
22770 5.220102320890874e-05
22780 5.219237937126309e-05
22790 5.218028309172951e-05
22800 5.216248246142641e-05
22810 5.213452459429391e-05
22820 5.209869777900167e-05
22830 5.206939749768935e-05
22840 5.20653702551499e-05
22850 5.210466042626649e-05
22860 5.219548984314315e-05
22870 5.234216587268747e-05
22880 5.253215203993022e-05
22890 5.274696013657376e-05
22900 5.296658127917908e-05
22910 5.317215618561022e-05
22920 5.336253161658533e-05
22930 5.356546535040252e-05
22940 5.379609865485691e-05
22950 5.405708361649886e-05
22960 5.434008198790252e-05
22970 5.462364424602129e-05
22980 5.488849637913518e-05
22990 5.512306233868003e-05
23000 5.532816794584505e-05
23010 5.551231515710242e-05
23020 5.567322659771889e-05
23030 5.580991637543775e-05
23040 5.594212416326627e-05
23050 5.606805643765256e-05
23060 5.617769784294069e-05
23070 5.626138226944022e-05
23080 5.631643580272794e-05
23090 5.634465924231336e-05
23100 5.635336128761992e-05
23110 5.635672641801648e-05
23120 5.637119102175348e-05
23130 5.640507879434153e-05
23140 5.645378405461088e-05
23150 5.651620085700415e-05
23160 5.66010749025736e-05
23170 5.672348561347462e-05
23180 5.689189492841251e-05
23190 5.710994446417317e-05
23200 5.737836909247562e-05
23210 5.767984839621931e-05
23220 5.799990685773082e-05
23230 5.832269016536884e-05
23240 5.862293255631812e-05
23250 5.888710438739508e-05
23260 5.911225161980838e-05
23270 5.929961480433121e-05
23280 5.947060708422214e-05
23290 5.966379467281513e-05
23300 5.986988253425807e-05
23310 6.004525130265392e-05
23320 6.016090992488898e-05
23330 6.019820648361929e-05
23340 6.015416511218064e-05
23350 6.003546150168404e-05
23360 5.985119787510484e-05
23370 5.961578062851913e-05
23380 5.934896398684941e-05
23390 5.907200102228671e-05
23400 5.879793388885446e-05
23410 5.852977847098373e-05
23420 5.826826964039356e-05
23430 5.801799488835968e-05
23440 5.77835162403062e-05
23450 5.756952305091545e-05
23460 5.738655818277039e-05
23470 5.724717993871309e-05
23480 5.71626442251727e-05
23490 5.712751953979023e-05
23500 5.713614518754184e-05
23510 5.718740430893376e-05
23520 5.726076415157877e-05
23530 5.732661156798713e-05
23540 5.736669845646247e-05
23550 5.735323429689743e-05
23560 5.726066956412978e-05
23570 5.707757009076886e-05
23580 5.679896275978535e-05
23590 5.643901022267528e-05
23600 5.602767123491503e-05
23610 5.560194404097274e-05
23620 5.519434489542618e-05
23630 5.482673077494837e-05
23640 5.452235927805305e-05
23650 5.429841985460371e-05
23660 5.41657027497422e-05
23670 5.412429163698107e-05
23680 5.415616033133119e-05
23690 5.423201582743786e-05
23700 5.434417107608169e-05
23710 5.449823584058322e-05
23720 5.468765084515326e-05
23730 5.48972784599755e-05
23740 5.511415292858146e-05
23750 5.53174686501734e-05
23760 5.549724301090464e-05
23770 5.565528772422113e-05
23780 5.581715231528506e-05
23790 5.599940413958393e-05
23800 5.620315641863272e-05
23810 5.64300462428946e-05
23820 5.666957440553233e-05
23830 5.691315163858235e-05
23840 5.716973100788891e-05
23850 5.743711153627373e-05
23860 5.769596100435592e-05
23870 5.792914453195408e-05
23880 5.812818199046887e-05
23890 5.83020482736174e-05
23900 5.845828854944557e-05
23910 5.858445729245432e-05
23920 5.867161962669343e-05
23930 5.872391193406656e-05
23940 5.874530324945226e-05
23950 5.874210910405964e-05
23960 5.870635141036473e-05
23970 5.864608829142526e-05
23980 5.858061922481284e-05
23990 5.852516551385634e-05
24000 5.848028013133444e-05
15410 0.0001522625971119851
15420 0.0001527721324237064
15430 0.0001534766342956573
15440 0.0001543848193250597
15450 0.0001555013295728713
15460 0.0001568279985804111
15470 0.0001583812263561413
15480 0.000160141076776199
15490 0.0001620861294213682
15500 0.0001642029819777235
15510 0.0001664534793235362
15520 0.0001687897893134505
15530 0.0001711533550405875
15540 0.0001734795514494181
15550 0.0001757180434651673
15560 0.0001778314326656982
15570 0.0001797883451217785
15580 0.0001815701107261702
15590 0.0001831740519264713
15600 0.0001846214290708303
15610 0.0001859508774941787
15620 0.0001872039429144934
15630 0.0001884187950054184
15640 0.0001896298927022144
15650 0.0001908710401039571
15660 0.0001921873772516847
15670 0.0001936148182721809
15680 0.00019515460007824
15690 0.0001967751741176471
15700 0.0001984322007047012
15710 0.0002000897511607036
15720 0.0002017038204940036
15730 0.0002032216434599832
15740 0.0002045980072580278
15750 0.0002058021200355142
15760 0.0002068322210106999
15770 0.0002077313838526607
15780 0.0002085257292492315
15790 0.0002092221984639764
15800 0.0002098516852129251
15810 0.0002104347076965496
15820 0.0002109703054884449
15830 0.0002114298258675262
15840 0.0002117831318173558
15850 0.0002120016724802554
15860 0.0002120559220202267
15870 0.0002119381533702835
15880 0.0002116669493261725
15890 0.0002112743386533111
15900 0.000210797370527871
15910 0.0002102668804582208
15920 0.0002096942625939846
15930 0.0002090757043333724
15940 0.000208394558285363
15950 0.0002076321397908032
15960 0.000206760989385657
15970 0.0002057500096270815
15980 0.000204575655516237
15990 0.0002032287011388689
16000 0.0002017250080825761
16010 0.0002000877575483173
16020 0.0001983411639230326
16030 0.0001965175470104441
16040 0.0001946759439306334
16050 0.0001928773999679834
16060 0.0001911709841806442
16070 0.0001895994791993871
16080 0.0001881963980849832
16090 0.0001869807601906359
16100 0.0001859621988842264
16110 0.0001851292327046394
16120 0.0001844410580815747
16130 0.0001838326279539615
16140 0.0001832280977396294
16150 0.0001825617364374921
16160 0.000181787516339682
16170 0.0001808860979508609
16180 0.0001798662706278265
16190 0.0001787512301234528
16200 0.0001775728596840054
16210 0.000176354922587052
16220 0.0001751265372149646
16230 0.0001739268773235381
16240 0.0001728010975057259
16250 0.0001717851118883118
16260 0.0001709153002593666
16270 0.0001702225563349202
16280 0.0001697164989309385
16290 0.000169394799740985
16300 0.0001692703372100368
16310 0.0001693124504527077
16320 0.0001694863894954324
16330 0.0001697604020591825
16340 0.0001700955908745527
16350 0.0001704520254861563
16360 0.0001707893679849803
16370 0.0001710710785118863
16380 0.0001712810189928859
16390 0.0001714255049591884
16400 0.0001715110411169007
16410 0.0001715549879008904
16420 0.0001715996477287263
16430 0.0001717029663268477
16440 0.0001719236897770315
16450 0.0001723197783576325
16460 0.0001729235664242879
16470 0.0001737305574351922
16480 0.0001747164060361683
16490 0.0001758404832798988
16500 0.0001770478702383116
16510 0.0001782772742444649
16520 0.000179480470251292
16530 0.0001806249929359183
16540 0.0001816767471609637
16550 0.000182625706656836
16560 0.0001834716240409762
16570 0.000184213015018031
16580 0.0001848578394856304
16590 0.0001854321453720331
16600 0.0001859500189311802
16610 0.0001864152727648616
16620 0.0001868364633992314
16630 0.0001872269785962999
16640 0.0001875876914709806
16650 0.0001879010233096778
16660 0.0001881362695712596
16670 0.0001882420328911394
16680 0.0001881814969237894
16690 0.0001879429328255355
16700 0.0001875445304904133
16710 0.0001870337582658976
16720 0.0001864790683612227
16730 0.0001859383482951671
16740 0.0001854532602010295
16750 0.0001850304834078997
16760 0.0001846554514486343
16770 0.0001843022473622113
16780 0.0001839492324506864
16790 0.000183583892066963
16800 0.0001832078996812925
16810 0.000182829171535559
16820 0.0001824774371925741
16830 0.0001821556070353836
16840 0.0001818478631321341
16850 0.0001815428258851171
16860 0.000181245370185934
16870 0.00018097429710906
16880 0.000180753311724402
16890 0.0001805872307159007
16900 0.0001804576168069616
16910 0.0001803298364393413
16920 0.0001801693579182029
16930 0.0001799350866349414
16940 0.0001795862917788327
16950 0.0001790913665900007
16960 0.00017843276145868
16970 0.0001776160061126575
16980 0.000176680347067304
16990 0.0001756945566739887
17000 0.0001747289497870952
17010 0.0001738360879244283
17020 0.0001730569929350168
17030 0.0001724195026326925
17040 0.0001719383435556665
17050 0.0001716188562568277
17060 0.0001714615063974634
17070 0.0001714659156277776
17080 0.0001716324622975662
17090 0.0001719298015814275
17100 0.0001723256864352152
17110 0.0001727833150653169
17120 0.0001732544478727505
17130 0.0001736860431265086
17140 0.0001740180887281895
17150 0.000174199216417037
17160 0.0001741902524372563
17170 0.0001739598519634455
17180 0.0001734877732815221
17190 0.0001727804046822712
17200 0.0001718796993372962
17210 0.0001708448689896613
17220 0.00016973857418634
17230 0.0001686226605670527
17240 0.0001675615931162611
17250 0.0001666183961788192
17260 0.0001658543478697538
17270 0.0001653150975471362
17280 0.000165001314599067
17290 0.0001648694160394371
17300 0.0001648620382184163
17310 0.0001649234181968495
17320 0.0001649974728934467
17330 0.0001650380145292729
17340 0.0001650068006711081
17350 0.0001648809120524675
17360 0.000164667668286711
17370 0.0001644015719648451
17380 0.0001641359704080969
17390 0.0001638931425986812
17400 0.0001636972447158769
17410 0.0001635539956623688
17420 0.0001634457876207307
17430 0.0001633329811738804
17440 0.0001631847844691947
17450 0.0001629772450542077
17460 0.0001626855955692008
17470 0.0001623038842808455
17480 0.0001618475507711992
17490 0.0001613517815712839
17500 0.0001608569582458586
17510 0.0001603933633305132
17520 0.0001599754177732393
17530 0.0001596029906067997
17540 0.0001592626649653539
17550 0.0001589369494467974
17560 0.0001585989521117881
17570 0.0001582240365678445
17580 0.0001577898656250909
17590 0.0001572690525790676
17600 0.0001566383289173245
17610 0.0001559066004119813
17620 0.0001550793240312487
17630 0.0001541624369565398
17640 0.0001531816524220631
17650 0.0001521780213806778
17660 0.0001511777227278799
17670 0.0001502026425441727
17680 0.0001492733572376892
17690 0.0001484031527070329
17700 0.0001475997414672747
17710 0.000146853577462025
17720 0.000146127786138095
17730 0.0001453669101465493
17740 0.0001445160305593163
17750 0.0001435393642168492
17760 0.0001424231886630878
17770 0.0001411733828717843
17780 0.0001398099993821234
17790 0.0001383527851430699
17800 0.0001368261582683772
17810 0.0001352444523945451
17820 0.0001336211571469903
17830 0.0001319776783930138
17840 0.0001303444587392733
17850 0.0001287529885303229
17860 0.0001272358349524438
17870 0.0001258234406122938
17880 0.0001245366147486493
17890 0.0001233868533745408
17900 0.0001223947620019317
17910 0.0001215545926243067
17920 0.0001208317917189561
17930 0.000120185490231961
17940 0.000119570795504842
17950 0.0001189403556054458
17960 0.0001182483320008032
17970 0.0001174528297269717
17980 0.0001165383582701907
17990 0.0001155098216258921
18000 0.0001143729605246335
18010 0.0001131413082475774
18020 0.0001118447908083908
18030 0.0001105249903048389
18040 0.000109223801700864
18050 0.0001079759167623706
18060 0.0001067976190824993
18070 0.0001056877372320741
18080 0.0001046362740453333
18090 0.0001036294779623859
18100 0.0001026534228003584
18110 0.0001016907408484258
18120 0.0001007465398288332
18130 9.985097858589143e-05
18140 9.902602323563769e-05
18150 9.827518806559965e-05
18160 9.75978618953377e-05
18170 9.69646280282177e-05
18180 9.634956950321794e-05
18190 9.574290743330494e-05
18200 9.514242992736399e-05
18210 9.455342660658062e-05
18220 9.398082329425961e-05
18230 9.342550038127229e-05
18240 9.289290755987167e-05
18250 9.237309859599918e-05
18260 9.184270311379805e-05
18270 9.126913209911436e-05
18280 9.063089964911342e-05
18290 8.992069342639297e-05
18300 8.914775389712304e-05
18310 8.833983156364411e-05
18320 8.753642759984359e-05
18330 8.677082951180637e-05
18340 8.606562914792448e-05
18350 8.543269359506667e-05
18360 8.488309686072171e-05
18370 8.44342284835875e-05
18380 8.409892325289547e-05
18390 8.387555863009766e-05
18400 8.376236655749381e-05
18410 8.375218749279156e-05
18420 8.382394298678264e-05
18430 8.395334589295089e-05
18440 8.410571899730712e-05
18450 8.426171552855521e-05
18460 8.441510726697743e-05
18470 8.456510113319382e-05
18480 8.472743502352387e-05
18490 8.493221685057506e-05
18500 8.517038804711774e-05
18510 8.540517592336982e-05
18520 8.561000868212432e-05
18530 8.576307300245389e-05
18540 8.58530038385652e-05
18550 8.587533375248313e-05
18560 8.582430018577725e-05
18570 8.56997212395072e-05
18580 8.551464270567521e-05
18590 8.529063052264974e-05
18600 8.504163997713476e-05
18610 8.477035589748994e-05
18620 8.447648724541068e-05
18630 8.41610599309206e-05
18640 8.382873784285039e-05
18650 8.348884148290381e-05
18660 8.315628656418994e-05
18670 8.284865907626227e-05
18680 8.258174057118595e-05
18690 8.236619760282338e-05
18700 8.219383016694337e-05
18710 8.206659549614415e-05
18720 8.196782437153161e-05
18730 8.186116610886529e-05
18740 8.171286026481539e-05
18750 8.148486085701734e-05
18760 8.114849333651364e-05
18770 8.068630268098786e-05
18780 8.00892012193799e-05
18790 7.936664769658819e-05
18800 7.854883006075397e-05
18810 7.767591887386516e-05
18820 7.678573456360027e-05
18830 7.590838504256681e-05
18840 7.50773906474933e-05
18850 7.432152779074386e-05
18860 7.366252975771204e-05
18870 7.310583168873563e-05
18880 7.263337465701625e-05
18890 7.22098775440827e-05
18900 7.181926048360765e-05
18910 7.145689596654847e-05
18920 7.111209561116993e-05
18930 7.077358895912766e-05
18940 7.043084042379633e-05
18950 7.008368265815079e-05
18960 6.973359995754436e-05
18970 6.938935985090211e-05
18980 6.907541683176532e-05
18990 6.882133311592042e-05
19000 6.862691952846944e-05
19010 6.848057091701776e-05
19020 6.836338434368372e-05
19030 6.825604214100167e-05
19040 6.815672531956807e-05
19050 6.805804878240451e-05
19060 6.793715147068724e-05
19070 6.777719681849703e-05
19080 6.757332448614761e-05
19090 6.733932968927547e-05
19100 6.708925502607599e-05
19110 6.681870581815019e-05
19120 6.652190495515242e-05
19130 6.620246858801693e-05
19140 6.586099334526807e-05
19150 6.550000398419797e-05
19160 6.510911043733358e-05
19170 6.469485379057005e-05
19180 6.427208427339792e-05
19190 6.384828884620219e-05
19200 6.342221604427323e-05
19210 6.299217784544453e-05
19220 6.257162749534473e-05
19230 6.217484042281285e-05
19240 6.180570198921487e-05
19250 6.146358646219596e-05
19260 6.114506686571985e-05
19270 6.084878259571269e-05
19280 6.058016151655465e-05
19290 6.033824320184067e-05
19300 6.012943049427122e-05
19310 5.996058462187648e-05
19320 5.982206857879646e-05
19330 5.969482663203962e-05
19340 5.955792585154995e-05
19350 5.939588299952447e-05
19360 5.920082548982464e-05
19370 5.89703195146285e-05
19380 5.870789027540013e-05
19390 5.840692756464705e-05
19400 5.808098285342567e-05
19410 5.774315286544152e-05
19420 5.739866901421919e-05
19430 5.705483999918215e-05
19440 5.671773396898061e-05
19450 5.639399387291633e-05
19460 5.609534491668455e-05
19470 5.582629455602728e-05
19480 5.558565317187458e-05
19490 5.536225944524631e-05
19500 5.515559678315185e-05
19510 5.497899110196158e-05
19520 5.482638152898289e-05
19530 5.46818228031043e-05
19540 5.453604535432532e-05
19550 5.437839354272e-05
19560 5.419724038802087e-05
19570 5.398625216912478e-05
19580 5.376084300223738e-05
19590 5.353507003746927e-05
19600 5.330828935257159e-05
19610 5.30789366166573e-05
19620 5.28527089045383e-05
19630 5.264750143396668e-05
19640 5.248383604339324e-05
19650 5.237779259914532e-05
19660 5.233615229371935e-05
19670 5.236155993770808e-05
19680 5.244181738817133e-05
19690 5.255550058791414e-05
19700 5.26834737684112e-05
19710 5.281323683448136e-05
19720 5.29498138348572e-05
19730 5.311895802151412e-05
19740 5.333739682100713e-05
19750 5.359571150620468e-05
19760 5.388286081142724e-05
19770 5.41763765795622e-05
19780 5.445642455015332e-05
19790 5.471149052027613e-05
19800 5.493028220371343e-05
19810 5.511373092303984e-05
19820 5.525310552911833e-05
19830 5.534125011763535e-05
19840 5.539386256714351e-05
19850 5.541149221244268e-05
19860 5.538621917366982e-05
19870 5.531164060812443e-05
19880 5.519071783055551e-05
19890 5.503233842318878e-05
19900 5.485131987370551e-05
19910 5.466856964631006e-05
19920 5.450425305753015e-05
19930 5.436769060906954e-05
19940 5.425419294624589e-05
19950 5.41604204045143e-05
19960 5.409061486716382e-05
19970 5.405840056482702e-05
19980 5.407178832683712e-05
19990 5.412965765572153e-05
20000 5.422704634838738e-05
20010 5.436087667476386e-05
20020 5.452309051179327e-05
20030 5.469130701385438e-05
20040 5.485460496856831e-05
20050 5.499662074726075e-05
20060 5.511152994586155e-05
20070 5.518829129869118e-05
20080 5.524187145056203e-05
20090 5.531963324756362e-05
20100 5.541635982808657e-05
20110 5.5492502724519e-05
20120 5.552164657274261e-05
20130 5.548803528654389e-05
20140 5.539085032069124e-05
20150 5.523771687876433e-05
20160 5.503730062628165e-05
20170 5.48001225979533e-05
20180 5.45395196240861e-05
20190 5.427143696579151e-05
20200 5.400615191319957e-05
20210 5.374702595872805e-05
20220 5.349688217393123e-05
20230 5.325938400346786e-05
20240 5.303898069541901e-05
20250 5.284020517137833e-05
20260 5.266970765660517e-05
20270 5.253131166682579e-05
20280 5.242447878117673e-05
20290 5.235376011114568e-05
20300 5.231476097833365e-05
20310 5.229823364061303e-05
20320 5.229838279774413e-05
20330 5.229318048804998e-05
20340 5.22616901434958e-05
20350 5.217809666646644e-05
20360 5.202217289479449e-05
20370 5.178713036002591e-05
20380 5.1471379265422e-05
20390 5.10855061293114e-05
20400 5.065482764621265e-05
20410 5.020897879148833e-05
20420 4.977203570888378e-05
20430 4.936026380164549e-05
20440 4.899305713479407e-05
20450 4.86856370116584e-05
20460 4.844774957746267e-05
20470 4.827931115869433e-05
20480 4.816399450646713e-05
20490 4.807539880857803e-05
20500 4.800800888915546e-05
20510 4.796553548658267e-05
20520 4.794543929165229e-05
20530 4.793818152393214e-05
20540 4.793343396158889e-05
20550 4.79248737974558e-05
20560 4.790539969690144e-05
20570 4.788216028828174e-05
20580 4.786705176229589e-05
20590 4.788645310327411e-05
20600 4.794950655195862e-05
20610 4.804657510248944e-05
20620 4.81642855447717e-05
20630 4.829407771467231e-05
20640 4.844210343435407e-05
20650 4.860982517129742e-05
20660 4.878641266259365e-05
20670 4.896225800621323e-05
20680 4.913470547762699e-05
20690 4.931559669785202e-05
20700 4.951272057951428e-05
20710 4.971374437445775e-05
20720 4.990513843949884e-05
20730 5.008601146982983e-05
20740 5.025605059927329e-05
20750 5.041669646743685e-05
20760 5.055441943113692e-05
20770 5.067146412329748e-05
20780 5.077946843812242e-05
20790 5.088483158033341e-05
20800 5.098474503029138e-05
20810 5.107522883918136e-05
20820 5.116875036037527e-05
20830 5.12782353325747e-05
20840 5.140952271176502e-05
20850 5.155498001840897e-05
20860 5.171111843083054e-05
20870 5.187727583688684e-05
20880 5.205934576224536e-05
20890 5.225636778050102e-05
20900 5.247426088317297e-05
20910 5.271931149763986e-05
20920 5.298255564412102e-05
20930 5.32464764546603e-05
20940 5.349119237507693e-05
20950 5.370204962673597e-05
20960 5.387180863181129e-05
20970 5.399859946919605e-05
20980 5.408546712715179e-05
20990 5.412513201008551e-05
21000 5.413135659182444e-05
21010 5.411799065768719e-05
21020 5.408994911704212e-05
21030 5.405151750892401e-05
21040 5.400557711254805e-05
21050 5.395706830313429e-05
21060 5.39088505320251e-05
21070 5.386085103964433e-05
21080 5.380680522648618e-05
21090 5.37341802555602e-05
21100 5.364913886296563e-05
21110 5.356343535822816e-05
21120 5.347065962268971e-05
21130 5.3362877224572e-05
21140 5.323308505467139e-05
21150 5.306967068463564e-05
21160 5.286430678097531e-05
21170 5.261443584458902e-05
21180 5.233924093772657e-05
21190 5.205432898947038e-05
21200 5.17601401952561e-05
21300 4.969121073372662e-05
21310 4.961951708537526e-05
14610 0.0001666756870690733
14620 0.0001641337876208127
14630 0.0001614862121641636
14640 0.0001587867736816406
14650 0.0001560850359965116
14660 0.0001534321636427194
14670 0.0001508759596617892
14680 0.00014845299301669
14690 0.0001462073560105637
14700 0.0001441684289602563
14710 0.0001423356443410739
14720 0.0001407051749993116
14730 0.0001392626290908083
14740 0.0001379742607241496
14750 0.000136798873427324
14760 0.0001356919819954783
14770 0.0001346099888905883
14780 0.0001335341366939247
14790 0.000132465356728062
14800 0.0001314060064032674
14810 0.000130367698147893
14820 0.0001293795212404802
14830 0.000128484025481157
14840 0.0001277250121347606
14850 0.0001271434593945742
14860 0.0001267591142095625
14870 0.0001265667815459892
14880 0.0001265544851776212
14890 0.0001266964245587587
14900 0.0001269595813937485
14910 0.0001273116795346141
14920 0.0001277423725696281
14930 0.0001282596058445051
14940 0.0001288706989726052
14950 0.0001295806578127667
14960 0.0001303855533478782
14970 0.0001312507665716112
14980 0.0001321655872743577
14990 0.0001331435341853648
15000 0.000134194822749123
15010 0.000135323905851692
15020 0.0001365350181004032
15030 0.0001378257002215832
15040 0.0001391829864587635
15050 0.0001405715302098542
15060 0.0001419454492861405
15070 0.0001432408753316849
15080 0.0001444029185222462
15090 0.0001453980075893924
15100 0.000146215534186922
15110 0.0001468698756070808
15120 0.000147398779517971
15130 0.0001478402846259996
15140 0.0001482264488004148
15150 0.000148568840813823
15160 0.000148872728459537
15170 0.0001491386210545897
15180 0.0001493685122113675
15190 0.0001495691103627905
15200 0.0001497376797487959
15210 0.0001498888886999339
15220 0.0001500383077654988
15230 0.0001501782971899956
15240 0.0001502925588283688
15250 0.0001503778912592679
15260 0.0001504475949332118
15270 0.0001505138061475009
15280 0.0001505953841842711
15290 0.0001507122360635549
15300 0.0001508617424406111
15310 0.0001510265865363181
15320 0.0001511956215836108
15330 0.0001513537863502279
15340 0.0001514853211119771
15350 0.0001515776966698468
15360 0.000151626139995642
15370 0.0001516420452389866
15380 0.0001516621705377474
15390 0.0001517405908089131
15400 0.0001519284123787656
7210 0.0001040261413436383
7220 0.0001040650386130437
7230 0.000104137092421297
7240 0.0001042421790771186
7250 0.0001043849333655089
7260 0.000104571008705534
7270 0.0001047977348207496
7280 0.0001050680148182437
7290 0.0001054114472935908
7300 0.000105824823549483
7310 0.0001062720621121116
7320 0.000106722247437574
7330 0.0001071485312422737
7340 0.0001075378386303782
7350 0.0001078854111256078
7360 0.000108188993181102
7370 0.0001084464747691527
7380 0.0001086590709746815
7390 0.0001088316348614171
7400 0.0001089651123038493
7410 0.0001090567457140423
7420 0.0001091056255972944
7430 0.0001091123485821299
7440 0.0001090729783754796
7450 0.0001089861834771
7460 0.0001088591016014107
7470 0.0001087005730369128
7480 0.0001085115582100116
7490 0.000108302898297552
7500 0.0001080840811482631
7510 0.000107875071989838
7520 0.0001076841726899147
7530 0.0001075063046300784
7540 0.0001073445673682727
7550 0.0001071907754521817
7560 0.0001070322396117263
7570 0.0001068619530997239
7580 0.0001066712065949105
7590 0.0001064582174876705
7600 0.0001062278970493935
7610 0.0001059904243447818
7620 0.0001057540575857274
7630 0.0001055211323546246
7640 0.0001052989246090874
7650 0.0001050960272550583
7660 0.0001049216953106225
7670 0.0001047807454597205
7680 0.0001046640900312923
7690 0.0001045605022227392
7700 0.0001044750242726877
7710 0.0001044175733113661
7720 0.0001043883894453757
7730 0.0001043825031956658
7740 0.0001043877637130208
7750 0.0001044008604367264
7760 0.0001044102173182182
7770 0.0001044164964696392
7780 0.0001044405580614693
7790 0.0001044924574671313
7800 0.0001045730168698356
7810 0.0001046777542796917
7820 0.0001047931436914951
7830 0.0001049086495186202
7840 0.0001050270584528334
7850 0.0001051446524797939
7860 0.0001052518928190693
7870 0.0001053438827511854
7880 0.000105424114735797
7890 0.0001055057437042706
7900 0.0001055970351444557
7910 0.0001056850014720112
7920 0.0001057479894370772
7930 0.0001057673362083733
7940 0.0001057214685715735
7950 0.0001056032051565126
7960 0.0001054044478223659
7970 0.0001051365252351388
7980 0.0001048286576406099
7990 0.0001045083336066455
8000 0.0001041978684952483
8010 0.0001039173876051791
8020 0.0001036812391248532
8030 0.0001034954839269631
8040 0.0001033648295560852
8050 0.0001032908039633185
8060 0.000103269521787297
8070 0.0001032962609315291
8080 0.0001033729276969098
8090 0.0001034996676025912
8100 0.0001036794274114072
8110 0.0001039158596540801
8120 0.0001042023141053505
8130 0.0001045244644046761
8140 0.0001048609992722049
8150 0.0001051904037012719
8160 0.0001054927852237597
8170 0.0001057493354892358
8180 0.000105944782262668
8190 0.0001060559225152247
8200 0.0001060813228832558
8210 0.0001060243812389672
8220 0.0001058915877365507
8230 0.000105700921267271
8240 0.0001054702006513253
8250 0.0001052149236784317
8260 0.0001049521160894074
8270 0.0001046928809955716
8280 0.0001044345335685648
8290 0.0001041638970491476
8300 0.0001038839254761115
8310 0.0001035940294968896
8320 0.0001032889194902964
8330 0.0001029724080581218
8340 0.0001026498357532546
8350 0.0001023222721414641
8360 0.0001019911287585273
8370 0.0001016576352412812
8380 0.0001013343135127798
8390 0.00010102623491548
8400 0.0001007243627100252
8410 0.0001004179284791462
8420 0.0001000989432213828
8430 9.977117588277906e-05
8440 9.944719931809232e-05
8450 9.914222755469382e-05
8460 9.887269698083401e-05
8470 9.866004984360188e-05
8480 9.85153965302743e-05
8490 9.84405996860005e-05
8500 9.84302896540612e-05
8510 9.847201727097854e-05
8520 9.856493852566928e-05
8530 9.872304508462548e-05
8540 9.894483810057864e-05
8550 9.921305172611028e-05
8560 9.950123785529286e-05
8570 9.977599984267727e-05
8580 0.0001000221309368499
8590 0.0001002294011414051
8600 0.0001003941288217902
8610 0.0001005171798169613
8620 0.0001005917729344219
8630 0.0001006139573291875
8640 0.0001006027887342498
8650 0.0001005680242087692
8660 0.0001005142839858308
8670 0.0001004430378088728
8680 0.0001003621000563726
8690 0.0001002785065793432
8700 0.0001001965574687347
8710 0.0001001207347144373
8720 0.0001000541597022675
8730 9.998952009482309e-05
8740 9.99059557216242e-05
8750 9.978778689401224e-05
8760 9.963266347767785e-05
8770 9.945073543349281e-05
8780 9.925744961947203e-05
8790 9.906302875606343e-05
8800 9.887564374366775e-05
8810 9.870664507616311e-05
8820 9.85706938081421e-05
8830 9.846780449151993e-05
8840 9.839905396802351e-05
8850 9.837033576332033e-05
8860 9.838762343861163e-05
8870 9.84483995125629e-05
8880 9.855717507889494e-05
8890 9.874594252323732e-05
8900 9.901373414322734e-05
8910 9.932574903359637e-05
8920 9.965353820007294e-05
8930 9.997376764658839e-05
8940 0.0001002763092401437
8950 0.0001005587037070654
8960 0.000100820921943523
8970 0.0001010623891488649
8980 0.0001012845095829107
8990 0.0001014909576042555
9000 0.0001016802270896733
9010 0.0001018467446556315
9020 0.0001019867122522555
9030 0.0001020973868435249
9040 0.0001021716889226809
9050 0.0001022079013637267
9060 0.0001022141441353597
9070 0.0001021992065943778
9080 0.0001021635325741954
9090 0.0001021158604999073
9100 0.0001020635390887037
9110 0.0001020257259369828
9120 0.0001020087074721232
9130 0.000102005222288426
9140 0.0001020167546812445
9150 0.0001020338168018498
9160 0.0001020422205328941
9170 0.000102034886367619
9180 0.0001020041017909534
9190 0.0001019492046907544
9200 0.0001018756884150207
9210 0.0001017939939629287
9220 0.0001017119648167863
9230 0.0001016310270642862
9240 0.0001015573943732306
9250 0.000101498604635708
9260 0.000101462152088061
9270 0.0001014510417007841
9280 0.0001014553563436493
9290 0.0001014640511129983
9300 0.0001014820591080934
9310 0.0001015191010083072
9320 0.0001015748566715047
9330 0.0001016439928207546
9340 0.0001017131507978775
9350 0.0001017768299789168
9360 0.0001018217080854811
9370 0.0001018490438582376
9380 0.0001018795010168105
9390 0.0001019211340462789
9400 0.000101975558209233
9410 0.0001020405397866853
9420 0.0001021051939460449
9430 0.0001021608914015815
9440 0.0001022132128127851
9450 0.0001022607539198361
9460 0.0001022954020299949
9470 0.0001023127406369895
9480 0.0001023156582959928
9490 0.0001023166551021859
9500 0.0001023238437483087
9510 0.0001023246513796039
9520 0.0001022987416945398
9530 0.0001022294309223071
9540 0.0001020982381305657
9550 0.0001018997209030204
9560 0.000101626239484176
9570 0.0001012884094961919
9580 0.0001009146362775937
9590 0.0001005310987238772
9600 0.0001001579876174219
9610 9.981354378396645e-05
9620 9.951132233254611e-05
9630 9.925704944180325e-05
9640 9.905557817546651e-05
9650 9.890741057461128e-05
9660 9.880776633508503e-05
9670 9.875190153252333e-05
9680 9.874165698420256e-05
9690 9.877601405605674e-05
9700 9.885655163088813e-05
9710 9.898714779410511e-05
9720 9.916222916217521e-05
9730 9.936816059052944e-05
9740 9.958471491700038e-05
9750 9.97918177745305e-05
9760 9.997098823077977e-05
9770 0.0001001068085315637
9780 0.0001001875498332083
9790 0.0001001927448669448
9800 0.0001001226919470355
9810 9.998278983402997e-05
9820 9.97809911496006e-05
9830 9.953508561011404e-05
9840 9.926441998686641e-05
9850 9.898582356981933e-05
9860 9.871905785985291e-05
9870 9.847643377725035e-05
9880 9.825603774515912e-05
9890 9.804365981835872e-05
9900 9.784175927052274e-05
9910 9.764914284460247e-05
9920 9.745739225763828e-05
9930 9.726623102324083e-05
9940 9.707985009299591e-05
9950 9.689892613096163e-05
9960 9.672355372458696e-05
9970 9.655399480834603e-05
9980 9.640302596380934e-05
9990 9.627630061004311e-05
10000 9.616540774004534e-05
10010 9.605997911421582e-05
10020 9.595245501259342e-05
10030 9.58468226599507e-05
10040 9.575509466230869e-05
10050 9.569155372446403e-05
10060 9.567184315528721e-05
10070 9.571584814693779e-05
10080 9.583310747984797e-05
10090 9.602561476640403e-05
10100 9.629148553358391e-05
10110 9.661812509875745e-05
10120 9.700441296445206e-05
10130 9.746828436618671e-05
10140 9.800989937502891e-05
10150 9.861103171715513e-05
10160 9.925037011271343e-05
10170 9.989531099563465e-05
10180 0.0001005274680210277
10190 0.0001011383283184841
10200 0.0001017223039525561
10210 0.0001022756259771995
10220 0.0001027878024615347
10230 0.0001032514846883714
10240 0.0001036843459587544
10250 0.0001040942879626527
10260 0.0001044844175339676
10270 0.000104856735561043
10280 0.0001052194784278981
10290 0.0001055814209394157
10300 0.0001059492205968127
10310 0.0001063293020706624
10320 0.0001067262273863889
10330 0.000107132458651904
10340 0.0001075249674613588
10350 0.0001078855857485905
10360 0.0001082098242477514
10370 0.0001085065596271306
10380 0.0001087918935809284
10390 0.0001090761652449146
10400 0.0001093672181013972
10410 0.0001096772466553375
10420 0.000110019842395559
10430 0.0001103964241337962
10440 0.000110806358861737
10450 0.000111254645162262
10460 0.000111747947812546
10470 0.0001122835965361446
10480 0.000112867601274047
10490 0.000113526068162173
10500 0.0001142563705798239
10510 0.0001150236275861971
10520 0.0001157970109488815
10530 0.0001165499343187548
10540 0.0001172698830487207
10550 0.0001179534301627427
10560 0.0001185995060950518
10570 0.0001192066556541249
10580 0.0001197775491164066
10590 0.0001203206775244325
10600 0.0001208424509968609
10610 0.0001213453797390684
10620 0.0001218325851368718
10630 0.0001223075378220528
10640 0.0001227684115292504
10650 0.0001232164649991319
10660 0.0001236588868778199
10670 0.0001241031422978267
10680 0.0001245460734935477
10690 0.0001249975903192535
10700 0.0001254666422028095
10710 0.0001259698183275759
10720 0.0001265246100956574
10730 0.0001271248329430819
10740 0.0001277703122468665
10750 0.0001284534955630079
10760 0.0001291645021410659
10770 0.0001298943388974294
10780 0.0001306292688241228
10790 0.0001313613902311772
10800 0.00013209437020123
10810 0.0001328396174358204
10820 0.0001336077693849802
10830 0.0001344008778687567
10840 0.0001352267572656274
10850 0.0001360968744847924
10860 0.0001370251557091251
10870 0.0001380178000545129
10880 0.0001390635152347386
10890 0.0001401381887262687
10900 0.0001412312849424779
10910 0.0001423364738002419
10920 0.0001434355945093557
10930 0.0001445083471480757
10940 0.0001455369201721624
10950 0.0001465126260882244
10960 0.0001474232267355546
10970 0.0001482692023273557
10980 0.000149069499457255
10990 0.0001498486526543275
11000 0.0001506092812633142
11010 0.0001513406168669462
11020 0.0001520216319477186
11030 0.0001526237465441227
11040 0.0001531318994238973
11050 0.0001535271439934149
11060 0.0001537812786409631
11070 0.0001538702344987541
11080 0.0001537744246888906
11090 0.0001534783950773999
11100 0.0001529666187707335
11110 0.0001522066013421863
11120 0.0001511559094069526
11130 0.0001497711200499907
11140 0.0001480041682953015
11150 0.0001458227197872475
11160 0.0001432049612049013
11170 0.000140153817483224
11180 0.0001366909564239904
11190 0.0001328503421973437
11200 0.0001286768383579329
11210 0.0001242307480424643
11220 0.0001195730001199991
11230 0.0001147776129073463
11240 0.0001099204018828459
11250 0.0001050733480951749
11260 0.0001002901335596107
11270 9.561658225720748e-05
11280 9.110013343160972e-05
11290 8.677717414684594e-05
11300 8.267810335382819e-05
11310 7.882979116402566e-05
11320 7.524535612901673e-05
11330 7.192267366917804e-05
11340 6.88492291374132e-05
11350 6.600748747587204e-05
11360 6.337672675726935e-05
11370 6.093841147958301e-05
11380 5.867414074600674e-05
11390 5.655818313243799e-05
11400 5.457381848827936e-05
11410 5.271087502478622e-05
11420 5.096029781270772e-05
11430 4.931680450681597e-05
11440 4.777768481289968e-05
11450 4.634126162272878e-05
11460 4.500645809457637e-05
11470 4.377075674710795e-05
11480 4.262421134626493e-05
11490 4.155424176133238e-05
11500 4.055208410136402e-05
11510 3.961252514272928e-05
11520 3.873191235470586e-05
11530 3.790875780396163e-05
11540 3.714967169798911e-05
11550 3.645663309725933e-05
11560 3.583023863029666e-05
11570 3.527055741869844e-05
11580 3.477892460068688e-05
11590 3.435154212638736e-05
11600 3.398204717086628e-05
11610 3.36626180796884e-05
11620 3.338514943607152e-05
11630 3.314590503578074e-05
11640 3.294690759503283e-05
11650 3.279218071838841e-05
11660 3.268794171162881e-05
11670 3.264599581598304e-05
11680 3.267560896347277e-05
11690 3.278368603787385e-05
11700 3.297760122222826e-05
11710 3.32614581566304e-05
11720 3.364131043781526e-05
11730 3.413030208321288e-05
11740 3.473944889265113e-05
11750 3.547508458723314e-05
11760 3.634349923231639e-05
11770 3.734806523425505e-05
11780 3.848701817332767e-05
11790 3.975693107349798e-05
11800 4.115040792385116e-05
11810 4.266072937753052e-05
11820 4.427394742378965e-05
11830 4.597404767991975e-05
11840 4.775286288349889e-05
11850 4.959928992320783e-05
11860 5.149624485056847e-05
11870 5.342191434465349e-05
11880 5.536085518542677e-05
11890 5.730104021495208e-05
11900 5.923587013967335e-05
11910 6.116482109064236e-05
11920 6.308947922661901e-05
11930 6.50074944132939e-05
11940 6.690884765703231e-05
11950 6.8782435846515e-05
11960 7.062032091198489e-05
11970 7.241660932777449e-05
11980 7.416596781695262e-05
11990 7.586389256175607e-05
12000 7.751246448606253e-05
12010 7.912117143860087e-05
12020 8.069658360909671e-05
12030 8.223398617701605e-05
12040 8.372063166461885e-05
12050 8.514732326148078e-05
12060 8.650956442579627e-05
12070 8.780942152952775e-05
12080 8.905853610485792e-05
12090 9.027365740621462e-05
12100 9.14574193302542e-05
12110 9.260206570615992e-05
12120 9.370790212415159e-05
12130 9.477601997787133e-05
12140 9.58075761445798e-05
12150 9.680384391685948e-05
12160 9.776608931133524e-05
12170 9.869963832898065e-05
12180 9.962025796994567e-05
12190 0.0001005485319183208
12200 0.0001014953522826545
12210 0.0001024623707053252
12220 0.0001034490269375965
12230 0.0001044516029651277
12240 0.0001054561726050451
12250 0.0001064403622876853
12260 0.0001073799721780233
12270 0.0001082598391803913
12280 0.0001090523364837281
12290 0.0001097215645131655
12300 0.0001102359674405307
12310 0.0001105534538510256
12320 0.0001106353156501427
12330 0.0001104386319639161
12340 0.0001099215442081913
12350 0.0001090455334633589
12360 0.0001077779161278158
12370 0.0001060942304320633
12380 0.0001039857161231339
12390 0.0001014702866086736
12400 9.859367128228769e-05
12410 9.542116458760574e-05
12420 9.202182991430163e-05
12430 8.845717820804566e-05
12440 8.478881500195712e-05
12450 8.107324538286775e-05
12460 7.736068801023066e-05
12470 7.369440572801977e-05
12480 7.010911213001236e-05
12490 6.664014654234052e-05
12500 6.333732744678855e-05
12510 6.025365655659698e-05
12520 5.742670327890664e-05
12530 5.487779344548471e-05
12540 5.261885235086083e-05
12550 5.065089135314338e-05
12560 4.896143946098164e-05
12570 4.753490793518722e-05
12580 4.635448567569256e-05
12590 4.539399378700182e-05
12600 4.463218283490278e-05
12610 4.405192885315046e-05
12620 4.363367770565674e-05
12630 4.336304846219718e-05
12640 4.324058681959286e-05
12650 4.326329872128554e-05
12660 4.342039028415456e-05
12670 4.370429087430239e-05
12680 4.411326881381683e-05
12690 4.465853999136016e-05
12700 4.534994513960555e-05
12710 4.618127422872931e-05
12720 4.714774695457891e-05
12730 4.826117947231978e-05
12740 4.954478208674118e-05
12750 5.102691648062319e-05
12760 5.272211637930013e-05
12770 5.465523281600326e-05
12780 5.685437281499617e-05
12790 5.932965723332018e-05
12800 6.20743740000762e-05
12810 6.507409852929413e-05
12820 6.83117687003687e-05
12830 7.177013321779668e-05
12840 7.53963176975958e-05
12850 7.913203444331884e-05
12860 8.294647705042735e-05
12870 8.681490726303309e-05
12880 9.072383545571938e-05
12890 9.466236224398017e-05
12900 9.862585284281522e-05
12910 0.000102604717540089
12920 0.0001065782853402197
12930 0.0001105149422073737
12940 0.0001143756744568236
12950 0.000118126736197155
12960 0.0001217406606883742
12970 0.0001252009533345699
12980 0.0001285027828998864
12990 0.0001316403213422745
13000 0.0001346177887171507
13010 0.0001374368730466813
13020 0.0001400990731781349
13030 0.0001426134695066139
13040 0.0001449900737497956
13050 0.0001472290459787473
13060 0.0001493210438638926
13070 0.0001512513117631897
13080 0.0001530061126686633
13090 0.0001545659179100767
13100 0.0001559099764563143
13110 0.0001570320018799976
13120 0.0001579373783897609
13130 0.000158633352839388
13140 0.000159124712808989
13150 0.0001594160421518609
13160 0.000159505259944126
13170 0.0001593843044247478
13180 0.0001590525207575411
13190 0.0001585209247423336
13200 0.0001577979710418731
13210 0.0001568953739479184
13220 0.0001558386866236106
13230 0.0001546632993267849
13240 0.0001534046605229378
13250 0.0001520943333161995
13260 0.0001507397391833365
13270 0.0001493194722570479
13280 0.0001477945916121826
13290 0.0001461151405237615
13300 0.0001442369975848123
13310 0.0001421249617123976
13320 0.0001397804153384641
13330 0.0001372449769405648
13340 0.0001345686905551702
13350 0.0001317973510595039
13360 0.0001289693027501926
13370 0.0001261167344637215
13380 0.0001232756912941113
13390 0.0001204853688250296
13400 0.0001177789745270275
13410 0.0001151902906713076
13420 0.000112745190563146
13430 0.0001104616530938074
13440 0.0001083596362150274
13450 0.0001064336829585955
13460 0.0001046639154083095
13470 0.0001030228813760914
13480 0.0001014950248645619
13490 0.000100078439572826
13500 9.878736454993486e-05
13510 9.765368304215372e-05
13520 9.671725274529308e-05
13530 9.600672638043761e-05
13540 9.55370778683573e-05
13550 9.531128307571635e-05
13560 9.532448893878609e-05
13570 9.556660370435566e-05
13580 9.603042417438701e-05
13590 9.669218707131222e-05
13600 9.752174810273573e-05
13610 9.849634807324037e-05
13620 9.958910231944174e-05
13630 0.0001007476603263058
13640 0.0001019260744214989
13650 0.0001031034698826261
13660 0.0001042752919602208
13670 0.0001054326276062056
13680 0.0001065797187038697
13690 0.0001077429842553101
13700 0.0001089186844183132
13710 0.0001100818335544318
13720 0.0001112170284613967
13730 0.0001123074325732887
13740 0.000113337257062085
13750 0.0001142954570241272
13760 0.0001151726610260084
13770 0.0001159705279860646
13780 0.0001167102818726562
13790 0.0001174263961729594
13800 0.0001181459447252564
13810 0.0001188863388961181
13820 0.000119661599455867
13830 0.0001204835789394565
13840 0.0001213569630635902
13850 0.0001222842838615179
13860 0.0001232662179972976
13870 0.0001243126462213695
13880 0.000125411301269196
13890 0.0001265363389393315
13900 0.0001276762195629999
13910 0.0001287992636207491
13920 0.0001298728748224676
13930 0.0001308639184571803
13940 0.0001317392889177427
13950 0.0001324707991443574
13960 0.0001330419909209013
13970 0.0001334468252025545
13980 0.000133694353280589
13990 0.0001338134461548179
14000 0.0001338544534519315
14010 0.0001338792790193111
14020 0.0001339477312285453
14030 0.0001341091119684279
14040 0.000134411922772415
14050 0.000134899077238515
14060 0.0001356058346573263
14070 0.0001365502830594778
14080 0.0001377181470161304
14090 0.0001390679099131376
14100 0.00014056361396797
14110 0.0001421726628905162
14120 0.0001438625040464103
14130 0.0001456026511732489
14140 0.0001473667216487229
14150 0.0001491325383540243
14160 0.0001508892455603927
14170 0.0001526438718428835
14180 0.0001544354745419696
14190 0.0001562767283758149
14200 0.0001581680844537914
14210 0.000160109470016323
14220 0.00016208209854085
14230 0.0001640510745346546
14240 0.0001659890986047685
14250 0.0001678665430517867
14260 0.0001696427789283916
14270 0.0001712900993879884
14280 0.0001727992348605767
14290 0.0001741809392115101
14300 0.0001754547702148557
14310 0.0001766468776622787
14320 0.0001777781872078776
14330 0.0001788531517377123
14340 0.0001798593293642625
14350 0.0001807831577025354
14360 0.0001816074654925615
14370 0.0001823143538786098
14380 0.0001828837848734111
14390 0.0001833032438298687
14400 0.0001835765579016879
14410 0.0001837075396906585
14420 0.0001836879673646763
14430 0.0001835238508647308
14440 0.000183246418600902
14450 0.0001828894164646044
14460 0.0001824842765927315
14470 0.0001820550533011556
14480 0.0001816228614188731
14490 0.0001811959955375642
14500 0.0001807767257560045
14510 0.0001803533232305199
14520 0.0001798916491679847
14530 0.000179332317202352
14540 0.0001786084321793169
14550 0.0001776640419848263
14560 0.0001764615590218455
14570 0.0001749851508066058
14580 0.0001732450764393434
14590 0.000171260122442618
14600 0.0001690615463303402
7010 0.0001030500861816108
7020 0.0001032062064041384
7030 0.0001033235530485399
7040 0.0001034186861943454
7050 0.0001034990636981092
7060 0.0001035671011777595
7070 0.0001036215253407136
7080 0.0001036679022945464
7090 0.0001037131078192033
7100 0.0001037629845086485
7110 0.0001038228801917285
7120 0.000103897436929401
7130 0.0001039802737068385
7140 0.0001040505521814339
7150 0.0001040914212353528
7160 0.0001040991337504238
7170 0.0001040832576109096
7180 0.0001040585848386399
7190 0.0001040348797687329
7200 0.00010402067709947
7320 0.0001067222401616164
0 8.801669901004061e-05
10 8.800577052170411e-05
20 8.802873344393447e-05
30 8.808410348137841e-05
40 8.817635534796864e-05
50 8.830954902805388e-05
60 8.848304423736408e-05
70 8.870047167874873e-05
80 8.89699294930324e-05
90 8.929548494052142e-05
100 8.968234760686755e-05
110 9.014009265229106e-05
120 9.067324572242796e-05
130 9.127847442869097e-05
140 9.19439917197451e-05
150 9.26553548197262e-05
160 9.339926327811554e-05
170 9.41645193961449e-05
180 9.49376990320161e-05
190 9.569506801199168e-05
200 9.643170778872445e-05
210 9.714270709082484e-05
220 9.782319102669135e-05
230 9.847850014921278e-05
240 9.911947563523427e-05
250 9.975627472158521e-05
260 0.0001004040095722303
270 0.00010108039714396
280 0.0001017897739075124
290 0.0001025206584017724
300 0.000103275197034236
310 0.0001040612696669996
320 0.0001048769045155495
330 0.0001057225235854276
340 0.000106601306470111
350 0.0001075126419891603
360 0.0001084494433598593
370 0.0001094010294764303
380 0.0001103667236748151
390 0.0001113385587814264
400 0.0001122922112699598
410 0.000113201342173852
420 0.0001140457825385965
430 0.0001148214214481413
440 0.0001155384161393158
450 0.0001162153785116971
460 0.0001168746675830334
470 0.0001175449215224944
480 0.0001182485357276164
490 0.0001190012553706765
500 0.0001198128520627506
510 0.000120683922432363
520 0.0001216215605381876
530 0.0001226486638188362
540 0.0001237694232258946
550 0.0001249648776138201
560 0.0001262063888134435
570 0.0001274536189157516
580 0.0001286814076593146
590 0.000129870924865827
600 0.0001310034713242203
610 0.0001320622977800667
620 0.0001330290106125176
630 0.0001338919682893902
640 0.0001346699136774987
650 0.0001353778934571892
660 0.0001360268943244591
670 0.0001366179640172049
680 0.0001371587859466672
690 0.000137659750180319
700 0.0001381290494464338
710 0.0001385696523357183
720 0.0001389812532579526
730 0.0001393518614349887
740 0.0001396539009874687
750 0.0001398586027789861
760 0.0001399514731019735
770 0.0001399353495799005
780 0.0001398199092363939
790 0.0001396160951117054
800 0.0001393384736729786
810 0.0001390043180435896
820 0.0001386353251291439
830 0.0001382431946694851
840 0.0001378393353661522
850 0.000137437746161595
860 0.0001370575482724234
870 0.0001367073564324528
880 0.0001363980118185282
890 0.0001361680624540895
900 0.0001360152091365308
910 0.000135904410853982
920 0.0001358025183435529
930 0.0001356796419713646
940 0.0001355206331936643
950 0.0001353186089545488
960 0.0001350676611764356
970 0.0001347652869299054
980 0.0001344159682048485
990 0.0001340312010142952
1000 0.0001336187997367233
1010 0.0001331831444986165
1020 0.0001327284844592214
1030 0.0001322575699305162
1040 0.0001317666028626263
1050 0.0001312511012656614
1060 0.0001307118800468743
1070 0.000130149710457772
1080 0.0001295650145038962
1090 0.0001289573556277901
1100 0.0001283363380935043
1110 0.0001277114060940221
1120 0.000127086037537083
1130 0.0001264619058929384
1140 0.0001258445117855445
1150 0.0001252294168807566
1160 0.0001246091705979779
1170 0.0001239743869518861
1180 0.0001233156508533284
1190 0.0001226303138537332
1200 0.0001219250698341057
1210 0.0001212140341522172
1220 0.0001205104854307137
1230 0.0001198205427499488
1240 0.0001191552291857079
1250 0.0001185266810352914
1260 0.0001179465180030093
1270 0.0001174199060187675
1280 0.0001169378083432093
1290 0.0001164864370366558
1300 0.0001160687461378984
1310 0.0001156937942141667
1320 0.0001153634439106099
1330 0.0001150716416304931
1340 0.000114812319225166
1350 0.0001145812566392124
1360 0.0001143691115430556
1370 0.0001141891116276383
1380 0.0001140652893809602
1390 0.0001140018866863102
1400 0.0001140044332714751
1410 0.0001140710592153482
1420 0.0001141896573244594
1430 0.000114350208605174
1440 0.000114552240120247
1450 0.0001147885704995133
1460 0.0001150471216533333
1470 0.0001153228440671228
1480 0.0001156186335720122
1490 0.0001159464736701921
1500 0.0001163148408522829
1510 0.0001167104273918085
1520 0.0001171128824353218
1530 0.0001175014331238344
1540 0.0001178520251414739
1550 0.0001181554107461125
1560 0.0001184023712994531
1570 0.0001186031804536469
1580 0.0001187830348499119
1590 0.0001189655013149604
1600 0.0001191696574096568
1610 0.0001194103315356188
1620 0.0001196959856315516
1630 0.0001200296901515685
1640 0.0001204167856485583
1650 0.0001208583707921207
1660 0.0001213487921631895
1670 0.000121884309919551
1680 0.0001224677980644628
1690 0.0001231004425790161
1700 0.0001237859687535092
1710 0.0001245288440259174
1720 0.0001253236114280298
1730 0.0001261554134543985
1740 0.0001270003849640489
1750 0.0001278331619687378
1760 0.0001286268816329539
1770 0.0001293560490012169
1780 0.0001299997820751742
1790 0.0001305318874074146
1800 0.0001309504586970434
1810 0.0001312573731411248
1820 0.0001314573892159387
1830 0.0001315662375418469
1840 0.0001316016423515975
1850 0.0001315831177635118
1860 0.0001315280824201182
1870 0.0001314473920501769
1880 0.0001313387037953362
1890 0.0001311970263486728
1900 0.0001310226507484913
1910 0.0001308127248194069
1920 0.0001305688638240099
1930 0.0001302988384850323
1940 0.0001300088915741071
1950 0.0001297041308134794
1960 0.0001293885870836675
1970 0.0001290643267566338
1980 0.0001287441409658641
1990 0.0001284323952859268
2000 0.0001281165168620646
2010 0.0001277815172215924
2020 0.0001274170354008675
2030 0.0001270269858650863
2040 0.0001266244798898697
2050 0.0001262283913092688
2060 0.0001258595002582297
2070 0.0001255424285773188
2080 0.0001252907240996137
2090 0.000125103528262116
2100 0.0001249728520633653
2110 0.0001248843618668616
2120 0.0001248302141902968
2130 0.0001248180487891659
2140 0.0001248406042577699
2150 0.0001248812477570027
2160 0.0001249040506081656
2170 0.0001248826738446951
2180 0.0001248020853381604
2190 0.0001246548490598798
2200 0.0001244395680259913
2210 0.0001241571153514087
2220 0.0001238057302543893
2230 0.0001233854127349332
2240 0.0001229218323715031
2250 0.0001224318839376792
2260 0.0001219221812789328
2270 0.0001213923096656799
2280 0.0001208480316563509
2290 0.0001202964340336621
2300 0.0001197445089928806
2310 0.0001191996998386458
2320 0.0001186713925562799
2330 0.0001181601619464345
2340 0.0001176524092443287
2350 0.0001171357216662727
2360 0.0001166094007203355
2370 0.0001160824103862979
2380 0.0001155651771114208
2390 0.0001150670213974081
2400 0.0001145951464422978
2410 0.0001141577740781941
2420 0.0001137647413997911
2430 0.0001134166304836981
2440 0.0001131147146224976
2450 0.000112863359390758
2460 0.0001126740535255522
2470 0.000112543857540004
2480 0.0001124760892707855
2490 0.0001125068665714934
2500 0.0001126300485339016
2510 0.000112807443656493
2520 0.0001130068776546977
2530 0.0001132012257585302
2540 0.0001133763944380917
2550 0.00011352555884514
2560 0.0001136425998993218
2570 0.0001137238723458722
2580 0.0001137698855018243
2590 0.0001137856597779319
2600 0.000113772475742735
2610 0.0001137286235461943
2620 0.0001136531500378624
2630 0.0001135451748268679
2640 0.0001134007179643959
2650 0.0001132170073105954
2660 0.0001129989104811102
2670 0.0001127517316490412
2680 0.0001124819973483682
2690 0.0001121899695135653
2700 0.0001118883155868389
2710 0.0001115884224418551
2720 0.0001112928875954822
2730 0.0001110035373130813
2740 0.0001107262214645743
2750 0.0001104567636502907
2760 0.0001101890229620039
2770 0.0001099154105759226
2780 0.0001096281775971875
2790 0.0001093251994461752
2800 0.0001090123259928077
2810 0.0001087002019630745
2820 0.0001083973402273841
2830 0.0001081048103515059
2840 0.000107828775071539
2850 0.0001075778127415106
2860 0.000107360516267363
2870 0.0001071804363164119
2880 0.0001070268408511765
2890 0.0001068873680196702
2900 0.0001067663470166735
2910 0.0001066734912456013
2920 0.0001066108816303313
2930 0.0001065748074324802
2940 0.0001065599717549048
2950 0.000106558291008696
2960 0.0001065600154106505
2970 0.0001065732649294659
2980 0.0001066165859811008
2990 0.0001066894765244797
3000 0.0001067938574124128
3010 0.0001069260615622625
3020 0.0001070732978405431
3030 0.0001072258601197973
3040 0.000107383901195135
3050 0.0001075435502571054
3060 0.0001076960325008258
3070 0.0001078380519174971
3080 0.0001079739740816876
3090 0.0001081165537470952
3100 0.0001082741073332727
3110 0.0001084328832803294
3120 0.00010857231245609
3130 0.0001086718621081673
3140 0.0001087097261915915
3150 0.0001086800839402713
3160 0.0001085764306480996
3170 0.0001084113027900457
3180 0.0001082121816580184
3190 0.0001080063884728588
3200 0.0001078170753316954
3210 0.0001076630942407064
3220 0.0001075565523933619
3230 0.0001075031177606434
3240 0.000107506915810518
3250 0.0001075663312803954
3260 0.0001076726766768843
3270 0.0001078200220945291
3280 0.0001080103538697585
3290 0.0001082441085600294
3300 0.0001085238181985915
3310 0.0001088549033738673
3320 0.0001092342645279132
3330 0.0001096505657187663
3340 0.0001100851950468495
3350 0.0001105195915442891
3360 0.0001109349832404405
3370 0.0001113134931074455
3380 0.0001116407293011434
3390 0.0001118947111535817
3400 0.0001120748856919818
3410 0.0001121844252338633
3420 0.000112228823127225
3430 0.0001122253597714007
3440 0.0001121922177844681
3450 0.0001121452660299838
3460 0.000112101603008341
3470 0.0001120728047681041
3480 0.0001120545784942806
3490 0.0001120373635785654
3500 0.0001120210436056368
3510 0.0001119999287766404
3520 0.0001119680964620784
3530 0.0001119280568673275
3540 0.0001118825020967051
3550 0.0001118314248742536
3560 0.0001117761639761738
3570 0.000111717548861634
3580 0.0001116678977268748
3590 0.0001116327839554287
3600 0.0001116025377996266
3610 0.0001115651466534473
3620 0.0001115125633077696
3630 0.0001114497135858983
3640 0.0001113907710532658
3650 0.000111352841486223
3660 0.000111354238470085
3670 0.0001114172700908966
3680 0.0001115544437197968
3690 0.0001117680221796036
3700 0.00011205262853764
3710 0.0001123953770729713
3720 0.0001127946525230072
3730 0.0001132614124799147
3740 0.0001137904400820844
3750 0.0001143650952144526
3760 0.0001149512827396393
3770 0.0001155143690994009
3780 0.000116037976113148
3790 0.0001165105131804012
3800 0.0001169256938737817
3810 0.0001172802658402361
3820 0.0001175687575596385
3830 0.0001177886588266119
3840 0.0001179623359348625
3850 0.0001181048501166515
3860 0.0001182244668598287
3870 0.0001183223575935699
3880 0.0001184069187729619
3890 0.0001184882494271733
3900 0.0001185743458336219
3910 0.0001186715307994746
3920 0.000118786163511686
3930 0.0001189139948110096
3940 0.0001190351831610315
3950 0.0001191313203889877
3960 0.0001191960618598387
3970 0.000119236639875453
3980 0.0001192633790196851
3990 0.000119285483378917
4000 0.0001193127973238006
4010 0.0001193547795992345
4020 0.000119421660201624
4030 0.0001195135046145879
4040 0.0001196314478875138
4050 0.0001197798119392246
4060 0.0001199702019221149
4070 0.000120202916150447
4080 0.0001204822619911283
4090 0.0001208435278385878
4100 0.0001212808783748187
4110 0.0001217560638906434
4120 0.0001222352439071983
4130 0.0001226881140610203
4140 0.0001230983034474775
4150 0.000123457532026805
4160 0.0001237587421201169
4170 0.0001239973353222013
4180 0.0001241749268956482
4190 0.0001242997823283076
4200 0.0001243761362275109
4210 0.0001244043960468844
4220 0.0001243850711034611
4230 0.0001243177975993603
4240 0.0001241973659489304
4250 0.000124020065413788
4260 0.000123789010103792
4270 0.0001235083909705281
4280 0.0001231828064192086
4290 0.000122814642963931
4300 0.0001224152802024037
4310 0.0001219955520355143
4320 0.0001215591400978155
4330 0.0001211087219417095
4340 0.0001206512170028873
4350 0.0001201836566906422
4360 0.0001197000965476036
4370 0.0001191926348838024
4380 0.0001186526424135081
4390 0.0001180780454888009
4400 0.000117475152364932
4410 0.0001168564558611251
4420 0.0001162330081569962
4430 0.0001156092621386051
4440 0.000114994720206596
4450 0.0001144001435022801
4460 0.0001138350125984289
4470 0.0001133042751462199
4480 0.0001127989598899148
4490 0.0001123059846577235
4500 0.0001118279324145988
4510 0.0001113728358177468
4520 0.0001109412332880311
4530 0.0001105255068978295
4540 0.00011011947208317
4550 0.0001097179192584008
4560 0.0001093120154109783
4570 0.0001089149882318452
4580 0.0001085499970940873
4590 0.0001082200469681993
4600 0.0001079290814232081
4610 0.0001076757034752518
4620 0.0001074489555321634
4630 0.0001072413651854731
4640 0.0001070550497388467
4650 0.0001068845231202431
4660 0.0001067184930434451
4670 0.0001065534161170945
4680 0.0001063935560523532
4690 0.0001062509982148185
4700 0.0001061334914993495
4710 0.0001060271533788182
4720 0.0001059115675161593
4730 0.000105767190689221
4740 0.000105573381006252
4750 0.0001053242449415848
4760 0.0001050126375048421
4770 0.0001046504403348081
4780 0.0001042657313519157
4790 0.0001038860136759467
4800 0.0001035339009831659
4810 0.0001032275031320751
4820 0.0001029793202178553
4830 0.0001027934267767705
4840 0.0001026726458803751
4850 0.0001026147874654271
4860 0.000102611244074069
4870 0.0001026558456942439
4880 0.0001027502657962032
4890 0.0001028951155603863
4900 0.0001030936255119741
4910 0.0001033508742693812
4920 0.0001036639223457314
4930 0.0001040223360178061
4940 0.0001044091623043641
4950 0.0001048070262186229
4960 0.0001051984581863508
4970 0.0001055665488820523
4980 0.0001058978450600989
4990 0.0001061703951563686
5000 0.0001063827949110419
5010 0.0001065377000486478
5020 0.0001066395343514159
5030 0.0001067021803464741
5040 0.0001067419070750475
5050 0.0001067736811819486
5060 0.0001068150813807733
5070 0.0001068765559466556
5080 0.0001069530771928839
5090 0.0001070311409421265
5100 0.0001071102451533079
5110 0.000107186300738249
5120 0.0001072535669663921
5130 0.0001073140156222507
5140 0.0001073717430699617
5150 0.0001074274696293287
5160 0.0001074813335435465
5170 0.0001075323234545067
5180 0.00010759083670564
5190 0.0001076609842129983
5200 0.0001077322522178292
5210 0.0001077930210158229
5220 0.0001078355999197811
5230 0.0001078650384442881
5240 0.0001078953719115816
5250 0.0001079426510841586
5260 0.0001080228830687702
5270 0.0001081560185411945
5280 0.0001083523384295404
5290 0.0001086136107915081
5300 0.0001089336656150408
5310 0.0001092981401598081
5320 0.0001097039275919087
5330 0.0001101635571103543
5340 0.0001106731360778213
5350 0.0001112148238462396
5360 0.0001117578576668166
5370 0.0001122664762078784
5380 0.0001127246214309707
5390 0.000113121532194782
5400 0.0001134520425694063
5410 0.0001137142317020334
5420 0.0001139020314440131
5430 0.000114012545964215
5440 0.0001140681561082602
5450 0.0001140841777669266
5460 0.0001140697713708505
5470 0.000114028065581806
5480 0.0001139688174589537
5490 0.0001139023661380634
5500 0.0001138372099376284
5510 0.000113780472020153
5520 0.0001137376020778902
5530 0.0001137037324951962
5540 0.0001136595819843933
5550 0.0001135884886025451
5560 0.0001134862031904049
5570 0.0001133621262852103
5580 0.0001132288307417184
5590 0.000113095979031641
5600 0.0001129734300775453
5610 0.000112871166493278
5620 0.0001128013536799699
5630 0.0001127639625337906
5640 0.0001127594368881546
5650 0.0001127919094869867
5660 0.0001128698349930346
5670 0.0001129925876739435
5680 0.0001131634198827669
5690 0.0001134170961449854
5700 0.0001137496437877417
5710 0.0001141240427386947
5720 0.0001145075948443264
5730 0.0001148715891758911
5740 0.0001152012555394322
5750 0.0001154905039584264
5760 0.000115734372229781
5770 0.0001159291496151127
5780 0.0001160760875791311
5790 0.0001161822438007221
5800 0.0001162508124252781
5810 0.0001162814660347067
5820 0.0001162746921181679
5830 0.0001162307889899239
5840 0.0001161452892119996
5850 0.0001160156461992301
5860 0.0001158468148787506
5870 0.0001156437429017387
5880 0.0001154096971731633
5890 0.0001151496107922867
5900 0.0001148737210314721
5910 0.0001145973656093702
5920 0.0001143238332588226
5930 0.000114052279968746
5940 0.0001137880826718174
5950 0.0001135251513915136
5960 0.0001132542674895376
5970 0.0001129684096667916
5980 0.0001126591087086126
5990 0.0001123244073824026
6000 0.0001119704829761758
6010 0.0001116091225412674
6020 0.0001112504687625915
6030 0.0001108985088649206
6040 0.000110561988549307
6050 0.0001102511305361986
6060 0.0001099761066143401
6070 0.000109742941276636
6080 0.0001095425031962804
6090 0.0001093621976906434
6100 0.0001092051606974564
6110 0.0001090797522920184
6120 0.0001089857032638974
6130 0.0001089166034944355
6140 0.0001088605204131454
6150 0.0001088125573005527
6160 0.0001087604541680776
6170 0.0001087087803171016
6180 0.0001086804550141096
6190 0.0001086813499568962
6200 0.0001087131386157125
6210 0.0001087728087441064
6220 0.0001088473363779485
6230 0.0001089262295863591
6240 0.0001090118676074781
6250 0.0001091004160116427
6260 0.0001091820086003281
6270 0.0001092539096134715
6280 0.0001093209284590557
6290 0.0001093971222871915
6300 0.0001094916733563878
6310 0.0001095916741178371
6320 0.0001096761188819073
6330 0.0001097256244975142
6340 0.0001097182830562815
6350 0.0001096470950869843
6360 0.0001095044135581702
6370 0.0001093008904717863
6380 0.0001090643563657068
6390 0.0001088207063730806
6400 0.0001085914627765305
6410 0.0001083943934645504
6420 0.0001082428861991502
6430 0.0001081415903172456
6440 0.0001080970032489859
6450 0.0001081097143469378
6460 0.0001081731752492487
6470 0.0001082811941159889
6480 0.0001084345785784535
6490 0.0001086326301447116
6500 0.0001088771969079971
6510 0.0001091710873879492
6520 0.0001095070183509961
6530 0.0001098693028325215
6540 0.000110235225292854
6550 0.0001105827541323379
6560 0.0001108911528717726
6570 0.0001111412129830569
6580 0.0001113176913349889
6590 0.0001113983162213117
6600 0.0001113825419452041
6610 0.0001112739410018548
6620 0.0001110794910346158
6630 0.0001108175638364628
6640 0.0001105079063563608
6650 0.0001101686575566418
6660 0.0001098198263207451
6670 0.000109474451164715
6680 0.0001091313242795877
6690 0.0001087799973902293
6700 0.0001084232499124482
6710 0.0001080582878785208
6720 0.0001076771732186899
6730 0.0001072804589057341
6740 0.0001068710043909959
6750 0.0001064501338987611
6760 0.0001060205613612197
6770 0.0001055850443663076
6780 0.0001051583094522357
6790 0.0001047471741912887
6800 0.0001043424854287878
6810 0.0001039328926708549
6820 0.0001035109889926389
6830 0.0001030821367749013
6840 0.0001026603422360495
6850 0.0001022613432724029
6860 0.0001019020055537112
6870 0.0001016040841932409
6880 0.000101378835097421
6890 0.0001012280699796975
6900 0.0001011465283227153
6910 0.0001011218337225728
6920 0.0001011524655041285
6930 0.0001012535431073047
6940 0.0001014240406220779
6950 0.0001016495516523719
6960 0.0001019078263198026
6970 0.0001021684001898393
6980 0.0001024186640279368
6990 0.0001026511818054132
7000 0.0001028623155434616
7020 0.000103206213680096
7040 0.000103418693470303
7060 0.0001035670939018019
7080 0.0001036678877426311
7090 0.0001037130932672881
7100 0.0001037629699567333
7110 0.0001038228656398132
7120 0.0001038974151015282
7130 0.000103980244603008
7140 0.0001040505376295187
7150 0.0001040914066834375
7160 0.0001040991264744662
7170 0.000104083250334952
7180 0.0001040585775626823
7200 0.0001040206843754277
