"Time Step" "point-vel-e"
21210 5.551553249359131
21220 5.895233154296875
21230 5.80756950378418
21240 5.670126438140869
21250 5.680018424987793
21260 5.661087512969971
21270 5.475584506988525
21280 5.306514263153076
21290 5.133330821990967
21300 5.025242328643799
21310 5.199711799621582
21320 5.48701000213623
21330 5.297451019287109
21340 5.221844673156738
21350 4.555760383605957
21360 6.002080917358398
21370 5.516744613647461
21380 6.054635524749756
21390 7.007928848266602
21400 6.066244125366211
21410 5.706085205078125
21420 5.757597923278809
21430 5.753572463989258
21440 5.61403751373291
21450 6.238370418548584
21460 5.701871871948242
21470 5.50653076171875
21480 5.390869617462158
21490 4.942805290222168
21500 5.135525703430176
21510 5.357316017150879
21520 5.376655578613281
21530 5.11715030670166
21540 4.7865309715271
21550 5.358150482177734
21560 5.623310089111328
21570 5.777330875396729
21580 5.714049816131592
21590 5.736701965332031
21600 5.708970069885254
21610 5.731683731079102
21620 5.750450134277344
21630 5.215048789978027
21640 5.220778942108154
21650 5.293048858642578
21660 5.529867172241211
21670 5.583908557891846
21680 5.515468597412109
21690 5.425198554992676
21700 5.487100601196289
21710 5.644436836242676
21720 5.423480033874512
21730 5.437362194061279
21740 5.707080841064453
21750 6.019502639770508
21760 7.33362865447998
21770 6.187495231628418
21780 6.194033622741699
21790 6.555896759033203
21800 6.211306095123291
21810 5.588216304779053
21820 5.429827690124512
21830 5.33997631072998
21840 5.626079082489014
21850 6.272415161132812
21860 6.255611419677734
21870 5.391158103942871
21880 5.517364501953125
21890 6.132532119750977
21900 5.818700790405273
21910 5.82620096206665
21920 6.187423706054688
21930 5.902530193328857
21940 5.471174240112305
21950 5.926495552062988
21960 6.153875350952148
21970 5.682626724243164
21980 5.611003875732422
21990 5.518247604370117
22000 5.409378051757812
22010 5.850440979003906
22020 5.986388206481934
22030 5.85896635055542
22040 5.586385726928711
22050 5.717596054077148
22060 5.696296215057373
22070 5.338502407073975
22080 5.312555313110352
22090 5.037013530731201
22100 5.111048698425293
22110 5.666935443878174
22120 5.490704536437988
22130 5.636747360229492
22140 5.468878746032715
22150 5.427735328674316
22160 5.826080322265625
22170 5.998712539672852
22180 6.289892673492432
22190 6.095293045043945
22200 5.512860774993896
22210 6.022289276123047
22220 5.946747779846191
22230 5.875580787658691
22240 5.695597648620605
22250 5.56648063659668
22260 5.901355743408203
22270 6.02116870880127
22280 6.176083564758301
22290 6.052448272705078
22300 5.783941268920898
22310 5.255230903625488
22320 5.22886848449707
22330 5.231552124023438
22340 5.270310878753662
22350 5.474327087402344
22360 6.30985689163208
22370 6.237373828887939
22380 6.128617286682129
22390 6.050622940063477
22400 6.021677494049072
22410 5.517772674560547
22420 5.25339412689209
22430 5.346349239349365
22440 5.778828620910645
22450 5.978160858154297
22460 5.851665496826172
22470 5.702860355377197
22480 5.624668121337891
22490 5.441273212432861
22500 5.359828472137451
22510 5.344467163085938
22520 6.140407562255859
22530 5.868760585784912
22540 6.359670639038086
22550 5.922615051269531
22560 5.968295574188232
22570 6.05607795715332
22580 6.176690578460693
22590 6.068921566009521
22600 6.113396644592285
22610 6.079018592834473
22620 5.942713737487793
22630 5.913355827331543
22640 5.578511714935303
22650 5.36958122253418
22660 5.353988647460938
22670 5.161654949188232
22680 5.133075714111328
22690 5.68680477142334
22700 5.649986267089844
22710 5.809348583221436
22720 6.027100563049316
22730 5.556183815002441
22740 6.049042701721191
22750 5.822593688964844
22760 5.724577903747559
22770 5.750345230102539
22780 5.680899620056152
22790 5.488152027130127
22800 5.832720756530762
22810 5.602406978607178
22820 5.640679359436035
22830 5.625200271606445
22840 5.841046810150146
22850 5.59396505355835
22860 5.487738609313965
22870 5.243584632873535
22880 5.488214492797852
22890 5.628866195678711
22900 5.341601371765137
22910 5.190642833709717
22920 5.05792236328125
22930 5.176031112670898
22940 6.632925987243652
22950 6.292403221130371
22960 5.860939502716064
22970 6.225271701812744
22980 5.653597831726074
22990 5.600858688354492
23000 6.300901412963867
23010 6.692708492279053
23020 5.737113475799561
23030 5.074118614196777
23040 5.331474304199219
23050 6.123809337615967
23060 6.323891639709473
23070 5.933371543884277
23080 6.659815788269043
23090 6.100045204162598
23100 6.277433395385742
23110 6.171119689941406
23120 5.666946411132812
23130 5.916271209716797
23140 6.315715789794922
23150 6.365971565246582
23160 6.114989757537842
23170 6.349745750427246
23180 6.002699851989746
23190 5.575318813323975
23200 5.407550811767578
23210 5.733807563781738
23220 5.771373271942139
23230 5.817356586456299
23240 5.709622859954834
23250 5.516491889953613
23260 5.553610801696777
23270 5.028114795684814
23280 5.297203540802002
23290 4.995866775512695
23300 5.153556823730469
23310 5.298406600952148
23320 5.363096237182617
23330 4.995627403259277
23340 5.148978233337402
23350 5.335264205932617
23360 5.228244781494141
23370 5.13360595703125
23380 5.261784076690674
23390 5.782458305358887
23400 5.705399513244629
23410 6.108692646026611
23420 5.900664329528809
23430 5.751328468322754
23440 6.000981330871582
23450 6.543488025665283
23460 6.636733531951904
23470 6.428914070129395
23480 5.750763893127441
23490 5.467024326324463
23500 5.544530868530273
23510 5.653536796569824
23520 5.801175594329834
23530 5.802102088928223
23540 5.723454475402832
23550 5.567220687866211
23560 5.677939414978027
23570 5.804258346557617
23580 5.344983577728271
23590 5.20390510559082
23600 5.635227680206299
23610 5.278268337249756
23620 5.435792922973633
23630 5.670231819152832
23640 5.888427734375
23650 5.777746200561523
23660 5.893196105957031
23670 5.641447067260742
23680 5.31658935546875
23690 5.191567420959473
23700 5.22173547744751
23710 5.300688743591309
23720 5.675723075866699
23730 5.37334156036377
23740 6.238398551940918
23750 6.118155479431152
23760 5.643374443054199
23770 6.213342666625977
23780 5.730374813079834
23790 5.168741226196289
23800 6.352335929870605
23810 6.304648399353027
23820 5.973231315612793
23830 5.591703414916992
23840 5.068615913391113
23850 5.01104736328125
23860 5.244881629943848
23870 6.017516613006592
23880 6.736312866210938
23890 6.780999183654785
23900 5.630653381347656
23910 6.30080509185791
23920 6.424184322357178
23930 5.800691604614258
23940 5.723455429077148
23950 6.115383148193359
23960 5.853610992431641
23970 6.006611824035645
23980 5.594893455505371
23990 5.597072601318359
24000 5.879080772399902
15410 6.907436847686768
15420 6.708439826965332
15430 6.772231578826904
15440 6.603274345397949
15450 6.580557823181152
15460 7.085441112518311
15470 5.962935447692871
15480 5.770271301269531
15490 5.809988021850586
15500 5.816839218139648
15510 5.930820465087891
15520 5.831103324890137
15530 5.342947483062744
15540 5.724575519561768
15550 5.866486549377441
15560 5.525578498840332
15570 5.647849559783936
15580 5.527926445007324
15590 5.273350715637207
15600 6.107528686523438
15610 6.191544532775879
15620 5.796557426452637
15630 6.002399444580078
15640 5.720007419586182
15650 5.569109916687012
15660 5.099213600158691
15670 4.99024486541748
15680 5.242581367492676
15690 4.785952568054199
15700 4.987031936645508
15710 5.061875343322754
15720 5.100106716156006
15730 5.502089023590088
15740 5.562644481658936
15750 5.693628311157227
15760 6.681037902832031
15770 6.311148643493652
15780 5.566085815429688
15790 6.725338459014893
15800 6.763641834259033
15810 5.686999797821045
15820 5.404071807861328
15830 5.651270389556885
15840 6.170250415802002
15850 5.986390113830566
15860 5.415061950683594
15870 5.44324779510498
15880 5.958819389343262
15890 6.359533786773682
15900 6.709512710571289
15910 6.073637962341309
15920 5.754251480102539
15930 5.887540817260742
15940 5.70080041885376
15950 5.313382148742676
15960 5.207084178924561
15970 5.167023658752441
15980 4.811804294586182
15990 5.013774394989014
16000 5.597314834594727
16010 5.516050338745117
16020 5.721346855163574
16030 6.403178215026855
16040 6.129222869873047
16050 5.541984558105469
16060 5.282230377197266
16070 5.761253356933594
16080 6.157365322113037
16090 5.628686428070068
16100 5.306061744689941
16110 4.68782901763916
16120 4.807849884033203
16130 4.733349800109863
16140 5.098366737365723
16150 6.668291568756104
16160 6.376574516296387
16170 6.259099960327148
16180 5.544065952301025
16190 6.248449325561523
16200 6.244920253753662
16210 6.16461181640625
16220 6.163749694824219
16230 6.170393943786621
16240 5.898300170898438
16250 5.660240650177002
16260 6.090635299682617
16270 5.96494722366333
16280 6.33384895324707
16290 6.035619735717773
16300 5.729091644287109
16310 5.666627883911133
16320 5.881887435913086
16330 5.311293601989746
16340 4.899445533752441
16350 4.941398620605469
16360 5.261240482330322
16370 5.793103218078613
16380 6.010531425476074
16390 5.767697334289551
16400 5.627954483032227
16410 5.676924705505371
16420 6.36136531829834
16430 6.180850982666016
16440 5.644454002380371
16450 5.522989273071289
16460 5.335578918457031
16470 5.035251617431641
16480 5.006584167480469
16490 5.522868156433105
16500 5.91710090637207
16510 5.584186553955078
16520 5.667126178741455
16530 6.554345607757568
16540 7.168900966644287
16550 6.316792488098145
16560 6.216403007507324
16570 6.063227653503418
16580 6.117865085601807
16590 5.151834964752197
16600 5.354162693023682
16610 5.379892349243164
16620 5.07561731338501
16630 5.197406768798828
16640 5.268769264221191
16650 5.198160171508789
16660 4.888943672180176
16670 4.742344856262207
16680 5.239139556884766
16690 5.617129325866699
16700 6.033328056335449
16710 5.804096221923828
16720 5.584660530090332
16730 5.400216102600098
16740 5.810157775878906
16750 5.603846549987793
16760 5.616848945617676
16770 5.878768920898438
16780 6.315467834472656
16790 6.161949157714844
16800 5.70729923248291
16810 5.165148735046387
16820 5.621685028076172
16830 5.924359321594238
16840 5.581604957580566
16850 5.782690048217773
16860 5.484269142150879
16870 5.164820671081543
16880 5.159444808959961
16890 4.934629917144775
16900 4.945674896240234
16910 5.719747543334961
16920 5.516616821289062
16930 4.963468551635742
16940 5.082818031311035
16950 5.04331636428833
16960 5.185503959655762
16970 5.506660461425781
16980 5.867438316345215
16990 6.18327808380127
17000 6.159683227539062
17010 6.67228889465332
17020 6.286550521850586
17030 5.968853950500488
17040 5.727107048034668
17050 5.667984008789062
17060 5.433862686157227
17070 5.86567497253418
17080 5.453220367431641
17090 5.989027976989746
17100 5.996518135070801
17110 5.814232349395752
17120 6.18416690826416
17130 5.818340301513672
17140 5.536445617675781
17150 5.766557693481445
17160 5.998649597167969
17170 5.871331214904785
17180 6.011999607086182
17190 5.567192077636719
17200 5.169903755187988
17210 5.160866737365723
17220 5.560827732086182
17230 6.023782730102539
17240 5.984814643859863
17250 5.840313911437988
17260 5.778018951416016
17270 5.650465965270996
17280 5.52599048614502
17290 5.528779983520508
17300 5.619607925415039
17310 5.444031715393066
17320 4.774519920349121
17330 5.074049472808838
17340 5.846244812011719
17350 6.965221405029297
17360 6.918290615081787
17370 5.772578239440918
17380 5.952315807342529
17390 6.721952438354492
17400 6.646044731140137
17410 6.50269603729248
17420 6.022836685180664
17430 5.52386999130249
17440 5.321004867553711
17450 5.445616245269775
17460 5.551180839538574
17470 5.035468101501465
17480 5.349659442901611
17490 5.477226257324219
17500 5.158195495605469
17510 5.439620494842529
17520 5.592677116394043
17530 5.295079231262207
17540 5.497845649719238
17550 5.762266159057617
17560 5.695639133453369
17570 5.901416301727295
17580 5.890629291534424
17590 5.975335121154785
17600 6.01787281036377
17610 5.947019577026367
17620 5.344164848327637
17630 5.231001853942871
17640 5.242565155029297
17650 5.300390243530273
17660 5.582816123962402
17670 5.397281646728516
17680 5.375903129577637
17690 5.478825569152832
17700 5.444111824035645
17710 5.328453063964844
17720 5.529565334320068
17730 5.314165115356445
17740 5.365405082702637
17750 5.435232639312744
17760 5.204168319702148
17770 5.024629592895508
17780 5.23105525970459
17790 5.308894634246826
17800 5.405727386474609
17810 5.465221405029297
17820 5.703784942626953
17830 5.928325653076172
17840 6.071611404418945
17850 6.995992660522461
17860 6.284632682800293
17870 6.438241958618164
17880 6.303323268890381
17890 6.096502304077148
17900 6.237275123596191
17910 5.752112865447998
17920 5.947738647460938
17930 6.188250064849854
17940 6.232478141784668
17950 5.976567268371582
17960 5.832971572875977
17970 5.786609649658203
17980 5.71140193939209
17990 5.569639682769775
18000 5.889700889587402
18010 6.152635097503662
18020 5.708456516265869
18030 5.578489303588867
18040 5.654858589172363
18050 5.829585075378418
18060 5.707352638244629
18070 5.761268615722656
18080 5.805004119873047
18090 5.814721584320068
18100 5.55683422088623
18110 5.148176193237305
18120 4.569579124450684
18130 5.328914642333984
18140 6.594378471374512
18150 6.518052101135254
18160 5.79579496383667
18170 6.373779296875
18180 6.432069301605225
18190 5.869671821594238
18200 5.652920246124268
18210 5.736335754394531
18220 5.673085689544678
18230 5.341888427734375
18240 4.885504722595215
18250 5.050609588623047
18260 5.407523155212402
18270 5.458284854888916
18280 5.559016227722168
18290 6.17609167098999
18300 5.981377601623535
18310 6.297256469726562
18320 5.64769458770752
18330 5.522697448730469
18340 5.743550300598145
18350 6.007343292236328
18360 6.025613784790039
18370 6.471992492675781
18380 5.539875984191895
18390 5.444816589355469
18400 5.426294803619385
18410 4.988129615783691
18420 5.235139846801758
18430 5.433964252471924
18440 5.379228591918945
18450 5.125039100646973
18460 5.059878349304199
18470 4.675183296203613
18480 4.67327880859375
18490 5.360361576080322
18500 5.875219821929932
18510 5.451114654541016
18520 5.131366729736328
18530 5.914823532104492
18540 5.620188236236572
18550 5.134425163269043
18560 5.171830177307129
18570 5.90095329284668
18580 6.17973804473877
18590 5.641766548156738
18600 5.70849609375
18610 5.396064281463623
18620 5.730279922485352
18630 5.199479103088379
18640 4.927157402038574
18650 5.126716613769531
18660 4.956404209136963
18670 4.977053165435791
18680 5.272285938262939
18690 5.40994930267334
18700 5.440526008605957
18710 6.070683002471924
18720 6.105640411376953
18730 6.219807147979736
18740 6.01082706451416
18750 6.181412220001221
18760 6.130558490753174
18770 6.037542343139648
18780 6.142898559570312
18790 5.8232102394104
18800 5.958902359008789
18810 5.702553272247314
18820 5.781081199645996
18830 6.255537986755371
18840 6.101746559143066
18850 5.664011001586914
18860 5.577377796173096
18870 5.332440376281738
18880 5.293186664581299
18890 5.466592311859131
18900 5.50555419921875
18910 4.926727294921875
18920 4.982958316802979
18930 5.635796546936035
18940 5.96212100982666
18950 6.38243579864502
18960 6.174342155456543
18970 6.395816802978516
18980 6.341036796569824
18990 6.202201843261719
19000 6.112776756286621
19010 6.605773448944092
19020 5.96097469329834
19030 5.772654056549072
19040 5.97794246673584
19050 6.124098777770996
19060 6.111773490905762
19070 5.807948112487793
19080 5.709693908691406
19090 5.31749439239502
19100 5.801977157592773
19110 5.93416690826416
19120 5.694537162780762
19130 5.705444812774658
19140 6.276546478271484
19150 6.208028793334961
19160 5.864673614501953
19170 5.745875835418701
19180 5.85538911819458
19190 5.839303970336914
19200 5.985744476318359
19210 5.891711235046387
19220 5.644412994384766
19230 5.597380638122559
19240 5.512038230895996
19250 5.18910551071167
19260 5.404104232788086
19270 5.408021926879883
19280 5.413936614990234
19290 5.490828514099121
19300 5.41016674041748
19310 5.242423057556152
19320 5.093974113464355
19330 5.842794418334961
19340 6.292364120483398
19350 6.796283721923828
19360 6.660470485687256
19370 5.680815696716309
19380 5.478122711181641
19390 5.548188209533691
19400 5.384271621704102
19410 5.396251678466797
19420 5.216617584228516
19430 5.640728950500488
19440 5.48469066619873
19450 5.32951545715332
19460 5.289636611938477
19470 5.587711811065674
19480 5.75841236114502
19490 6.008450508117676
19500 5.715995788574219
19510 5.453863143920898
19520 5.548183441162109
19530 5.069596767425537
19540 5.22154426574707
19550 5.71134090423584
19560 5.373618125915527
19570 5.260340690612793
19580 5.192595481872559
19590 5.396703720092773
19600 5.737757682800293
19610 6.088657379150391
19620 6.033501625061035
19630 5.826327800750732
19640 6.094738960266113
19650 6.017180442810059
19660 6.251697540283203
19670 5.919756889343262
19680 5.422855854034424
19690 4.993597030639648
19700 5.018317222595215
19710 4.836372375488281
19720 4.791791915893555
19730 5.076761245727539
19740 5.552452564239502
19750 5.87663745880127
19760 6.775940418243408
19770 6.290704250335693
19780 5.892919540405273
19790 5.953908920288086
19800 6.279419422149658
19810 5.740625381469727
19820 5.868808746337891
19830 6.000514984130859
19840 5.921069145202637
19850 5.948898315429688
19860 5.790157318115234
19870 5.863676071166992
19880 5.706257820129395
19890 5.402928352355957
19900 5.989831924438477
19910 5.726815700531006
19920 5.82221794128418
19930 5.816204071044922
19940 5.878660202026367
19950 5.899188995361328
19960 6.381245613098145
19970 5.975434303283691
19980 5.780296325683594
19990 5.854088306427002
20000 6.011157035827637
20010 5.641571044921875
20020 5.54065990447998
20030 5.548545837402344
20040 5.54149341583252
20050 5.58793306350708
20060 5.730886459350586
20070 5.90635871887207
20080 6.025117874145508
20090 5.887331485748291
20100 5.682663917541504
20110 5.406590461730957
20120 5.196994304656982
20130 5.165569305419922
20140 5.903554916381836
20150 7.014396667480469
20160 5.665351390838623
20170 5.542912483215332
20180 6.095114231109619
20190 6.092268943786621
20200 6.42554759979248
20210 5.301419258117676
20220 5.058009624481201
20230 5.531255722045898
20240 5.607719421386719
20250 5.779096603393555
20260 5.73301887512207
20270 5.474452018737793
20280 5.309072494506836
20290 5.275023460388184
20300 5.377005100250244
20310 5.793648719787598
20320 5.612457275390625
20330 5.386190414428711
20340 5.59739351272583
20350 5.992156028747559
20360 5.830972671508789
20370 5.659819602966309
20380 5.69291877746582
20390 5.891511917114258
20400 5.689225196838379
20410 5.609206199645996
20420 5.71616268157959
20430 5.49077320098877
20440 5.507291793823242
20450 6.095558643341064
20460 6.08708381652832
20470 6.109289169311523
20480 5.436538696289062
20490 5.208015918731689
20500 5.142971038818359
20510 5.691292762756348
20520 6.042531490325928
20530 5.633474349975586
20540 6.374029636383057
20550 6.272620677947998
20560 6.097112655639648
20570 5.829172134399414
20580 5.509669780731201
20590 5.298758029937744
20600 5.511674880981445
20610 5.800266742706299
20620 6.175792694091797
20630 6.110960006713867
20640 6.04261302947998
20650 5.824437141418457
20660 5.769084930419922
20670 6.605972290039062
20680 5.951470375061035
20690 5.694592475891113
20700 5.674545288085938
20710 5.591169834136963
20720 5.434911251068115
20730 5.61476993560791
20740 5.716646194458008
20750 5.978292942047119
20760 6.48969554901123
20770 5.953119277954102
20780 5.717755317687988
20790 5.674061298370361
20800 5.690483093261719
20810 4.910812854766846
20820 4.475594520568848
20830 5.109002590179443
20840 5.679225444793701
20850 5.767674446105957
20860 5.849513053894043
20870 5.981050491333008
20880 5.885025978088379
20890 5.209029197692871
20900 5.081159591674805
20910 5.047306060791016
20920 5.036928653717041
20930 6.577197074890137
20940 7.188475608825684
20950 6.416750907897949
20960 6.496747493743896
20970 6.174737453460693
20980 5.833166122436523
20990 5.529836654663086
21000 5.29558277130127
21010 5.459836006164551
21020 5.559506416320801
21030 5.819447040557861
21040 5.649172782897949
21050 5.488360404968262
21060 5.540750026702881
21070 5.6866135597229
21080 5.997550010681152
21090 6.044938564300537
21100 6.230959892272949
21110 6.383002758026123
21120 6.522974967956543
21130 5.78331995010376
21140 5.481908798217773
21150 5.584587574005127
21160 5.436514377593994
21170 5.329891204833984
21180 5.294475555419922
21190 5.23650074005127
21200 5.360096454620361
21240 5.670125961303711
21260 5.661087036132812
21270 5.4755859375
21280 5.306514739990234
21290 5.133331298828125
21300 5.025241851806641
21310 5.19971227645874
21320 5.486979007720947
21330 5.297445297241211
21340 5.221856594085693
21350 4.555756092071533
21360 6.002138614654541
21370 5.516753196716309
21380 6.054628372192383
14610 5.899049758911133
14620 5.972583770751953
14630 5.44472599029541
14640 4.995502948760986
14650 5.213339805603027
14660 5.440554618835449
14670 5.221649646759033
14680 5.652158737182617
14690 5.781625747680664
14700 5.818912982940674
14710 6.084729194641113
14720 5.787801742553711
14730 5.283698558807373
14740 5.312953948974609
14750 5.809823989868164
14760 5.864832878112793
14770 6.165050506591797
14780 5.620872497558594
14790 5.700168609619141
14800 5.726235389709473
14810 6.250531196594238
14820 6.217592239379883
14830 5.705211639404297
14840 5.194476127624512
14850 5.312612533569336
14860 5.389249801635742
14870 5.186440467834473
14880 5.237714767456055
14890 4.995517730712891
14900 4.581117630004883
14910 4.747602462768555
14920 5.397026538848877
14930 5.899364471435547
14940 6.979653358459473
14950 6.528160572052002
14960 6.817765235900879
14970 6.968146324157715
14980 6.486575126647949
14990 5.681984901428223
15000 5.518765449523926
15010 5.917323112487793
15020 6.055422782897949
15030 5.777426242828369
15040 6.300247192382812
15050 6.209092140197754
15060 5.863608360290527
15070 5.484735012054443
15080 5.418185234069824
15090 5.720674514770508
15100 5.702433586120605
15110 5.771075248718262
15120 5.535313606262207
15130 5.142786502838135
15140 5.559948444366455
15150 5.552835941314697
15160 6.131130218505859
15170 5.870242595672607
15180 6.138432502746582
15190 6.004805564880371
15200 6.158914089202881
15210 6.239567756652832
15220 6.119482040405273
15230 6.292507171630859
15240 5.420042991638184
15250 5.259547233581543
15260 5.19571590423584
15270 5.361398696899414
15280 5.395400524139404
15290 4.970098972320557
15300 4.574515342712402
15310 4.560233116149902
15320 4.658652305603027
15330 5.25812292098999
15340 5.275021553039551
15350 6.442421436309814
15360 6.085893630981445
15370 5.098381996154785
15380 5.716650009155273
15390 6.280287742614746
15400 5.783334732055664
7210 5.62346076965332
7220 5.663396835327148
7230 6.166655540466309
7240 6.470890045166016
7250 5.874691009521484
7260 5.581418037414551
7270 5.843080520629883
7280 5.556514263153076
7290 5.103462219238281
7300 4.935640335083008
7310 4.861401557922363
7320 5.697178363800049
7330 6.309979438781738
7340 5.836540222167969
7350 6.570096969604492
7360 5.97077465057373
7370 5.804216384887695
7380 5.473027229309082
7390 5.677758693695068
7400 5.368690490722656
7410 5.349252700805664
7420 5.09450626373291
7430 5.05875301361084
7440 5.17397403717041
7450 5.433796405792236
7460 5.394076347351074
7470 5.57886791229248
7480 5.703107833862305
7490 5.523509979248047
7500 5.388575553894043
7510 5.684053897857666
7520 6.237612724304199
7530 6.460826396942139
7540 6.573940753936768
7550 6.337839126586914
7560 5.829300880432129
7570 6.025050640106201
7580 6.355129241943359
7590 6.018990516662598
7600 5.711640357971191
7610 5.568673133850098
7620 5.596352100372314
7630 5.35671329498291
7640 5.414794445037842
7650 5.194878578186035
7660 5.348973751068115
7670 5.766591548919678
7680 5.358560085296631
7690 5.181231498718262
7700 4.797186374664307
7710 5.277236461639404
7720 5.240430355072021
7730 5.958046913146973
7740 6.318094730377197
7750 6.198623180389404
7760 6.64103364944458
7770 7.504158496856689
7780 6.333956241607666
7790 5.876200675964355
7800 5.987129211425781
7810 5.91934871673584
7820 5.374145984649658
7830 5.09382152557373
7840 5.786885738372803
7850 5.549863815307617
7860 5.858294486999512
7870 5.782626628875732
7880 5.99986457824707
7890 5.662585735321045
7900 5.963415145874023
7910 6.33652400970459
7920 6.590238571166992
7930 6.255622863769531
7940 6.101680755615234
7950 6.097027778625488
7960 5.992377758026123
7970 5.585629463195801
7980 5.610648155212402
7990 5.678515911102295
8000 5.753902435302734
8010 5.852553367614746
8020 5.961026191711426
8030 5.720909118652344
8040 5.719796657562256
8050 5.661428451538086
8060 5.546823501586914
8070 6.107500076293945
8080 6.001166343688965
8090 5.484954357147217
8100 5.831045627593994
8110 5.371095657348633
8120 5.558377265930176
8130 6.21867847442627
8140 5.577218055725098
8150 5.749387741088867
8160 5.377442359924316
8170 5.771785259246826
8180 5.440873622894287
8190 5.821985721588135
8200 6.559865474700928
8210 5.772391319274902
8220 5.247762203216553
8230 5.346718788146973
8240 5.610669136047363
8250 5.449899673461914
8260 5.288517951965332
8270 5.345573425292969
8280 5.487601280212402
8290 5.582419395446777
8300 5.359477043151855
8310 5.386236667633057
8320 5.49885082244873
8330 5.586554527282715
8340 6.180766105651855
8350 5.959228038787842
8360 6.430436611175537
8370 6.427371025085449
8380 6.495051383972168
8390 6.244215965270996
8400 6.273207187652588
8410 5.935781478881836
8420 5.671411514282227
8430 5.712893009185791
8440 5.674102783203125
8450 5.723486423492432
8460 5.619961738586426
8470 5.55046558380127
8480 5.316126823425293
8490 4.892679214477539
8500 4.921586036682129
8510 5.227529525756836
8520 4.745014667510986
8530 5.014474868774414
8540 5.58144474029541
8550 5.878910541534424
8560 6.135354042053223
8570 6.623690128326416
8580 7.203695297241211
8590 7.058371543884277
8600 6.579414367675781
8610 6.648701190948486
8620 6.427934646606445
8630 5.642837047576904
8640 5.464038848876953
8650 5.219739437103271
8660 4.944100379943848
8670 5.510313034057617
8680 5.608776569366455
8690 5.472905158996582
8700 6.080430507659912
8710 5.740176200866699
8720 6.25160026550293
8730 6.16153621673584
8740 6.203004837036133
8750 5.375540256500244
8760 5.754768371582031
8770 6.102791786193848
8780 6.08498477935791
8790 5.615086078643799
8800 5.796835422515869
8810 5.273660182952881
8820 4.889192581176758
8830 5.35718822479248
8840 6.233875274658203
8850 5.53778076171875
8860 5.385990142822266
8870 5.649919509887695
8880 5.77880859375
8890 5.560094833374023
8900 5.151173114776611
8910 5.084164619445801
8920 5.440285682678223
8930 6.787887096405029
8940 6.309146881103516
8950 6.848662376403809
8960 6.1055908203125
8970 5.108207702636719
8980 5.700432777404785
8990 6.219778060913086
9000 5.666152000427246
9010 5.608655452728271
9020 5.750857353210449
9030 5.788145065307617
9040 5.856321334838867
9050 6.216864585876465
9060 6.160188674926758
9070 6.487258911132812
9080 6.366264343261719
9090 5.561284065246582
9100 5.453125
9110 5.665129661560059
9120 5.682952404022217
9130 5.746515274047852
9140 5.819865703582764
9150 5.519932746887207
9160 5.279869556427002
9170 5.577877044677734
9180 5.515547275543213
9190 5.510794639587402
9200 5.750658988952637
9210 5.939233303070068
9220 5.670957565307617
9230 5.57416820526123
9240 6.324604988098145
9250 6.19531774520874
9260 5.719542503356934
9270 5.273035049438477
9280 5.304878234863281
9290 5.017298698425293
9300 4.874538421630859
9310 5.212654113769531
9320 5.494128227233887
9330 5.455440521240234
9340 5.547038078308105
9350 6.066049098968506
9360 5.488487243652344
9370 5.663609504699707
9380 5.659860610961914
9390 5.897007942199707
9400 5.872309684753418
9410 5.90606689453125
9420 5.65351390838623
9430 6.507189750671387
9440 6.176256656646729
9450 5.722734451293945
9460 6.028803825378418
9470 6.253862380981445
9480 6.214771270751953
9490 5.01290225982666
9500 4.70247745513916
9510 4.917957782745361
9520 4.832034111022949
9530 4.765444755554199
9540 5.413031578063965
9550 5.990148067474365
9560 5.925229072570801
9570 5.816061973571777
9580 5.718647480010986
9590 5.61751651763916
9600 5.588834285736084
9610 5.599447250366211
9620 5.629580497741699
9630 5.72452974319458
9640 5.84768009185791
9650 5.393539428710938
9660 5.188963890075684
9670 5.201552391052246
9680 5.22590446472168
9690 4.733189105987549
9700 4.891328811645508
9710 5.007390975952148
9720 5.228571891784668
9730 6.503251075744629
9740 5.582114219665527
9750 5.188950061798096
9760 5.257497787475586
9770 6.192595481872559
9780 6.258272171020508
9790 6.006628513336182
9800 5.581100463867188
9810 5.533113479614258
9820 5.115809440612793
9830 5.838774681091309
9840 5.916661739349365
9850 5.530980110168457
9860 5.345119953155518
9870 5.464974403381348
9880 5.775877952575684
9890 5.731531143188477
9900 5.780806541442871
9910 6.046031475067139
9920 6.043946266174316
9930 5.281564712524414
9940 5.253971099853516
9950 5.407908916473389
9960 5.221250534057617
9970 5.665850639343262
9980 5.824298858642578
9990 5.90227746963501
10000 6.006282806396484
10010 5.517761707305908
10020 5.730671882629395
10030 5.707045555114746
10040 6.213390827178955
10050 5.915474891662598
10060 5.821753978729248
10070 5.794648170471191
10080 5.784502506256104
10090 5.47634220123291
10100 5.420326709747314
10110 5.357888221740723
10120 4.713554382324219
10130 5.539999961853027
10140 5.585525989532471
10150 5.537180423736572
10160 5.752496719360352
10170 5.999960899353027
10180 5.739916801452637
10190 5.325446128845215
10200 4.919692993164062
10210 5.235548496246338
10220 5.257302761077881
10230 5.494712829589844
10240 6.282557964324951
10250 6.633042812347412
10260 5.95328426361084
10270 5.244513034820557
10280 5.553524017333984
10290 5.795464515686035
10300 6.012004852294922
10310 6.535468101501465
10320 6.737641334533691
10330 6.434588432312012
10340 5.815384387969971
10350 5.580372333526611
10360 5.934316635131836
10370 5.851492881774902
10380 5.950852394104004
10390 5.377754211425781
10400 5.171375751495361
10410 5.171781539916992
10420 5.43203067779541
10430 5.319844722747803
10440 5.274767398834229
10450 5.30507755279541
10460 5.463422775268555
10470 5.381431102752686
10480 5.293131828308105
10490 5.30068302154541
10500 5.330211162567139
10510 6.071267127990723
10520 5.84664249420166
10530 5.539847850799561
10540 6.419116973876953
10550 6.466992855072021
10560 5.686177253723145
10570 5.259735107421875
10580 5.779289722442627
10590 6.334604740142822
10600 6.312185287475586
10610 5.881715774536133
10620 5.761935234069824
10630 5.906542301177979
10640 5.392985343933105
10650 5.040570735931396
10660 5.006577491760254
10670 5.363018989562988
10680 5.419455528259277
10690 5.078006744384766
10700 5.31739616394043
10710 5.650516033172607
10720 6.099819183349609
10730 6.223398208618164
10740 6.303081512451172
10750 6.590072631835938
10760 5.998588562011719
10770 5.795738220214844
10780 5.630183219909668
10790 5.690060615539551
10800 5.546843528747559
10810 5.962424278259277
10820 5.807543754577637
10830 6.018318176269531
10840 6.121200084686279
10850 6.246251106262207
10860 6.201034069061279
10870 5.747947692871094
10880 5.581004619598389
10890 5.148665428161621
10900 5.056826591491699
10910 5.087064743041992
10920 5.410254955291748
10930 5.414196968078613
10940 5.660146713256836
10950 6.143632888793945
10960 6.552053451538086
10970 6.703921318054199
10980 6.202374458312988
10990 5.770190238952637
11000 6.126762390136719
11010 5.537369728088379
11020 6.054429531097412
11030 5.390599727630615
11040 5.409335613250732
11050 5.979491710662842
11060 6.380760669708252
11070 5.80039119720459
11080 5.682718276977539
11090 5.855300903320312
11100 5.619169235229492
11110 5.750419616699219
11120 5.711545944213867
11130 5.724386215209961
11140 6.004366397857666
11150 5.763696670532227
11160 5.14599084854126
11170 5.200337409973145
11180 4.974233627319336
11190 5.124638557434082
11200 5.440497875213623
11210 5.590437889099121
11220 5.667333126068115
11230 5.638659477233887
11240 5.674933433532715
11250 5.703816413879395
11260 5.545312881469727
11270 5.153411388397217
11280 5.017330646514893
11290 5.007122993469238
11300 5.06169605255127
11310 5.213728904724121
11320 5.756163597106934
11330 5.457821846008301
11340 5.365223407745361
11350 4.842586517333984
11360 5.173630714416504
11370 5.673437118530273
11380 6.293482780456543
11390 5.744391441345215
11400 5.483097076416016
11410 5.227693557739258
11420 5.185848236083984
11430 5.190430164337158
11440 5.523716926574707
11450 5.877883911132812
11460 5.651361465454102
11470 5.371103286743164
11480 5.087291717529297
11490 5.320184230804443
11500 6.249363899230957
11510 5.790787220001221
11520 5.641397953033447
11530 5.656222820281982
11540 5.725440979003906
11550 5.835232734680176
11560 6.243445873260498
11570 6.190493583679199
11580 6.00441837310791
11590 6.524816989898682
11600 6.092040061950684
11610 5.955275058746338
11620 5.516316413879395
11630 6.177587032318115
11640 6.218830108642578
11650 5.897552967071533
11660 5.498406410217285
11670 5.423906803131104
11680 5.549827575683594
11690 5.516613006591797
11700 5.411345481872559
11710 5.178315162658691
11720 5.088523387908936
11730 5.201545715332031
11740 5.760913848876953
11750 6.040708541870117
11760 5.530077934265137
11770 5.771430492401123
11780 5.567943096160889
11790 4.983726978302002
11800 5.159592151641846
11810 5.303903579711914
11820 5.049912929534912
11830 5.410268306732178
11840 5.783536434173584
11850 5.811047077178955
11860 6.43643856048584
11870 5.990980625152588
11880 5.690104484558105
11890 5.474267959594727
11900 5.909121036529541
11910 6.008759498596191
11920 5.722328662872314
11930 5.974474906921387
11940 6.329831600189209
11950 6.061203002929688
11960 5.939068794250488
11970 5.930587768554688
11980 5.799468040466309
11990 5.295581817626953
12000 5.476860523223877
12010 5.514327526092529
12020 5.134267807006836
12030 5.491170883178711
12040 5.554088115692139
12050 5.540526390075684
12060 5.648880004882812
12070 5.382787704467773
12080 5.350062370300293
12090 5.297654151916504
12100 5.031705856323242
12110 5.010656356811523
12120 5.063841819763184
12130 5.179965019226074
12140 5.565587997436523
12150 6.169298648834229
12160 6.407343864440918
12170 6.559120178222656
12180 6.163980484008789
12190 6.601533889770508
12200 6.123700141906738
12210 5.389229774475098
12220 5.278005599975586
12230 5.425311088562012
12240 5.620662689208984
12250 5.706951141357422
12260 5.768039226531982
12270 5.661067962646484
12280 5.482283115386963
12290 5.796361923217773
12300 6.061593055725098
12310 6.068122386932373
12320 5.774883270263672
12330 5.630390167236328
12340 5.812479019165039
12350 6.153566360473633
12360 5.912866592407227
12370 5.708218574523926
12380 5.864251613616943
12390 5.722334861755371
12400 5.663678169250488
12410 5.333595752716064
12420 5.617494583129883
12430 5.969117164611816
12440 5.866788387298584
12450 5.595827579498291
12460 5.106622695922852
12470 5.03325366973877
12480 5.543123245239258
12490 5.175959587097168
12500 5.203719139099121
12510 5.176421642303467
12520 5.134407997131348
12530 5.057545185089111
12540 5.376662254333496
12550 5.64881706237793
12560 5.518772125244141
12570 6.219400882720947
12580 6.259176731109619
12590 6.199683666229248
12600 5.45716381072998
12610 5.226286888122559
12620 6.205338954925537
12630 6.123562812805176
12640 5.883303642272949
12650 5.390960693359375
12660 5.039701461791992
12670 4.987598896026611
12680 4.857790470123291
12690 5.342305183410645
12700 5.668964385986328
12710 5.897313117980957
12720 6.265569686889648
12730 6.151102066040039
12740 6.020600318908691
12750 5.97747278213501
12760 6.086859703063965
12770 5.672425746917725
12780 5.43204402923584
12790 5.580049514770508
12800 5.386173248291016
12810 5.497070789337158
12820 5.418838024139404
12830 5.507319450378418
12840 5.659173011779785
12850 5.974884986877441
12860 5.72509765625
12870 5.22630786895752
12880 5.717939376831055
12890 5.270188331604004
12900 4.989097595214844
12910 4.719048500061035
12920 4.645801544189453
12930 5.32728385925293
12940 5.727075576782227
12950 5.775575637817383
12960 5.74446439743042
12970 6.019436836242676
12980 5.604681968688965
12990 5.200181007385254
13000 5.334418773651123
13010 5.999799728393555
13020 6.223465919494629
13030 5.967604160308838
13040 5.905150890350342
13050 5.6876220703125
13060 6.307158470153809
13070 6.370091438293457
13080 6.593768119812012
13090 6.265834808349609
13100 5.760184288024902
13110 6.104440212249756
13120 6.204166412353516
13130 6.092445850372314
13140 5.764317989349365
13150 5.925442695617676
13160 6.278215408325195
13170 5.454012870788574
13180 5.677022457122803
13190 5.464768886566162
13200 5.344423294067383
13210 5.484972476959229
13220 5.655359745025635
13230 5.756854057312012
13240 5.622601509094238
13250 5.806934356689453
13260 6.283876419067383
13270 6.266886234283447
13280 5.709872245788574
13290 5.037107944488525
13300 5.035476684570312
13310 4.848814010620117
13320 4.595919609069824
13330 5.842155933380127
13340 5.409198760986328
13350 5.68263053894043
13360 6.012050151824951
13370 5.942911148071289
13380 5.769669532775879
13390 5.352226257324219
13400 5.922875881195068
13410 5.952744483947754
13420 5.674643516540527
13430 6.232565402984619
13440 6.325311660766602
13450 6.056034564971924
13460 6.269110679626465
13470 6.251242637634277
13480 6.297245025634766
13490 5.868959426879883
13500 5.407778739929199
13510 5.893556594848633
13520 5.814624786376953
13530 5.57327938079834
13540 5.743289947509766
13550 5.722055435180664
13560 5.553139686584473
13570 5.869097709655762
13580 5.448952198028564
13590 5.18117618560791
13600 5.354183673858643
13610 5.299556255340576
13620 5.195263862609863
13630 5.273944854736328
13640 5.386569023132324
13650 5.605209350585938
13660 6.260801315307617
13670 5.980479717254639
13680 5.56087589263916
13690 5.691723346710205
13700 5.714757919311523
13710 5.356766700744629
13720 4.966195106506348
13730 5.356285572052002
13740 5.546165943145752
13750 6.386252403259277
13760 6.361217498779297
13770 5.564237117767334
13780 5.503468036651611
13790 5.360274314880371
13800 5.649351119995117
13810 6.66318416595459
13820 5.916658401489258
13830 5.338922500610352
13840 5.900343894958496
13850 6.025578498840332
13860 6.110979080200195
13870 5.58305835723877
13880 5.153278350830078
13890 5.368722915649414
13900 5.524188041687012
13910 5.918691635131836
13920 5.487162590026855
13930 5.204376220703125
13940 5.536013603210449
13950 5.906927108764648
13960 6.004257202148438
13970 5.961824417114258
13980 5.942735195159912
13990 5.975007057189941
14000 5.910484313964844
14010 5.666296005249023
14020 5.698240280151367
14030 6.000707626342773
14040 5.996687889099121
14050 5.813299179077148
14060 5.655856132507324
14070 5.260687351226807
14080 5.179495811462402
14090 5.147113800048828
14100 5.633866786956787
14110 5.305891990661621
14120 5.700517654418945
14130 6.780305862426758
14140 7.10310173034668
14150 6.61608362197876
14160 7.013735771179199
14170 6.791369438171387
14180 6.526558399200439
14190 6.26569938659668
14200 6.771403312683105
14210 6.177634239196777
14220 6.126362800598145
14230 6.067571640014648
14240 5.979522705078125
14250 5.82857608795166
14260 6.06512451171875
14270 5.863502025604248
14280 5.436322212219238
14290 5.285120487213135
14300 5.550809383392334
14310 6.328169822692871
14320 6.272241592407227
14330 5.625713348388672
14340 5.514749050140381
14350 5.983543395996094
14360 5.653817653656006
14370 5.396019458770752
14380 5.767566204071045
14390 6.239142417907715
14400 6.235007762908936
14410 5.838523864746094
14420 6.065032958984375
14430 6.066529750823975
14440 6.005463600158691
14450 5.496865272521973
14460 5.90346622467041
14470 5.904353141784668
14480 5.979517936706543
14490 5.438019752502441
14500 5.218066692352295
14510 5.28541088104248
14520 5.51490592956543
14530 5.584887504577637
14540 5.670544624328613
14550 5.496485710144043
14560 6.375214576721191
14570 6.349108695983887
14580 6.222997665405273
14590 5.289792060852051
14600 5.622085571289062
7010 5.817347526550293
7020 5.614587783813477
7030 6.438511848449707
7040 6.186036109924316
7050 5.526142120361328
7060 5.598345279693604
7070 5.521489143371582
7080 5.495270729064941
7090 6.011028289794922
7100 6.228425025939941
7110 6.120347023010254
7120 6.26344108581543
7130 6.327796936035156
7140 5.825013637542725
7150 5.719672203063965
7160 6.064556121826172
7170 6.026272296905518
7180 5.770350933074951
7190 5.239449501037598
7200 5.602902412414551
7240 6.470888614654541
7260 5.581418991088867
7280 5.556512832641602
7290 5.103461265563965
7300 4.935639381408691
7320 5.697177886962891
7330 6.309978485107422
0 6.354783058166504
10 6.241311073303223
20 6.10216236114502
30 6.000916481018066
40 5.864996910095215
50 5.666329383850098
60 5.34663200378418
70 4.866052627563477
80 4.54110050201416
90 4.657909393310547
100 5.235759735107422
110 4.982992172241211
120 4.641373157501221
130 4.754054069519043
140 5.055462837219238
150 4.596502304077148
160 4.208394527435303
170 4.969012260437012
180 5.404268741607666
190 5.489679336547852
200 5.419899940490723
210 5.227349281311035
220 5.449190139770508
230 5.512151718139648
240 5.385099411010742
250 5.300921440124512
260 5.225804328918457
270 5.175197601318359
280 5.200994491577148
290 5.434615612030029
300 5.582889080047607
310 5.564377784729004
320 5.570411205291748
330 5.664046287536621
340 5.572207927703857
350 5.47925329208374
360 5.204030513763428
370 5.267189025878906
380 5.312946319580078
390 5.193358898162842
400 5.020506381988525
410 5.018869400024414
420 5.155890464782715
430 5.403137683868408
440 5.999460220336914
450 6.015260219573975
460 5.777996063232422
470 6.063826084136963
480 5.991301536560059
490 5.553949356079102
500 5.373172760009766
510 5.172115802764893
520 5.113822937011719
530 5.95536994934082
540 7.114601135253906
550 6.766645431518555
560 5.440353870391846
570 4.88170051574707
580 5.548742771148682
590 5.485536098480225
600 5.351984024047852
610 5.659881591796875
620 6.363738536834717
630 5.321445465087891
640 5.109227180480957
650 5.556424617767334
660 6.704720020294189
670 6.05766487121582
680 5.92095947265625
690 5.907618999481201
700 6.210569381713867
710 6.042400360107422
720 6.026612758636475
730 5.675056934356689
740 5.666032791137695
750 5.36823034286499
760 5.263563632965088
770 5.539466857910156
780 5.199055671691895
790 5.024652481079102
800 5.204202651977539
810 5.357905387878418
820 5.367697715759277
830 5.210360050201416
840 5.896851539611816
850 5.687739849090576
860 5.67025089263916
870 5.73712158203125
880 5.461498260498047
890 5.445687294006348
900 5.851431846618652
910 5.775264739990234
920 5.275014400482178
930 5.393274784088135
940 5.062985420227051
950 5.294151306152344
960 5.608695507049561
970 5.352536201477051
980 5.668696403503418
990 5.709999084472656
1000 6.296314716339111
1010 6.000185012817383
1020 5.667263031005859
1030 5.623889923095703
1040 5.514621257781982
1050 4.951942443847656
1060 5.052055835723877
1070 5.424503326416016
1080 5.599197387695312
1090 5.402439594268799
1100 5.418279647827148
1110 5.917865753173828
1120 6.414724349975586
1130 6.61310863494873
1140 6.542654514312744
1150 6.03767204284668
1160 5.891806602478027
1170 5.674444198608398
1180 5.744441986083984
1190 5.919225692749023
1200 5.754287719726562
1210 5.606021881103516
1220 5.141472816467285
1230 5.215004920959473
1240 5.963318824768066
1250 5.400904178619385
1260 5.927095413208008
1270 5.564199924468994
1280 5.327685832977295
1290 4.947499752044678
1300 4.651615142822266
1310 4.554853439331055
1320 4.934494018554688
1330 4.694388389587402
1340 5.186038970947266
1350 5.527507781982422
1360 4.793407440185547
1370 4.830595016479492
1380 5.099952697753906
1390 5.827978134155273
1400 5.842626571655273
1410 5.949375152587891
1420 6.228183746337891
1430 5.467374801635742
1440 5.506807327270508
1450 4.55364990234375
1460 4.212568283081055
1470 4.682435989379883
1480 6.081765174865723
1490 5.891660690307617
1500 5.660183906555176
1510 6.015500545501709
1520 5.823105812072754
1530 6.215860366821289
1540 6.258918762207031
1550 5.724612236022949
1560 5.653940200805664
1570 5.557689666748047
1580 5.506679534912109
1590 6.140487670898438
1600 6.594273090362549
1610 6.489651203155518
1620 5.881039619445801
1630 5.724834442138672
1640 5.419940948486328
1650 5.40294075012207
1660 5.361715316772461
1670 5.056912422180176
1680 5.193890571594238
1690 5.281702995300293
1700 5.446849822998047
1710 5.033637523651123
1720 4.947887897491455
1730 5.542980670928955
1740 5.697696685791016
1750 6.359211444854736
1760 6.291171550750732
1770 5.622065544128418
1780 5.542319297790527
1790 5.699160575866699
1800 5.501802444458008
1810 5.787907600402832
1820 5.548248767852783
1830 5.981847763061523
1840 6.25902795791626
1850 6.212338924407959
1860 5.809462070465088
1870 5.718028545379639
1880 6.009921550750732
1890 5.609313488006592
1900 6.006558418273926
1910 5.821750164031982
1920 5.383734703063965
1930 4.926366806030273
1940 5.216522216796875
1950 5.479849815368652
1960 5.820719718933105
1970 5.971311092376709
1980 5.846397399902344
1990 5.86984920501709
2000 5.931669235229492
2010 5.525166511535645
2020 5.70354175567627
2030 6.291635513305664
2040 6.005059242248535
2050 5.504606246948242
2060 5.558182716369629
2070 5.673202514648438
2080 5.292562007904053
2090 5.162375926971436
2100 4.386322975158691
2110 4.1460280418396
2120 4.492922782897949
2130 4.773411750793457
2140 5.03912878036499
2150 4.873869895935059
2160 4.925998210906982
2170 5.500991821289062
2180 5.530482769012451
2190 4.956366539001465
2200 5.403581142425537
2210 6.072431564331055
2220 5.808957099914551
2230 5.838584899902344
2240 6.562113761901855
2250 6.3785400390625
2260 6.0477614402771
2270 5.903140544891357
2280 6.062262535095215
2290 5.638562202453613
2300 5.437794208526611
2310 5.803956985473633
2320 6.507153511047363
2330 5.70957088470459
2340 5.450360298156738
2350 5.89736270904541
2360 5.892065048217773
2370 5.798526763916016
2380 5.362628936767578
2390 5.299670219421387
2400 5.450052261352539
2410 5.649343490600586
2420 5.48546314239502
2430 5.494512557983398
2440 5.249902248382568
2450 5.263967514038086
2460 5.634438037872314
2470 5.752429962158203
2480 5.403168678283691
2490 5.126074314117432
2500 4.971554756164551
2510 5.362060546875
2520 5.210175037384033
2530 5.335426807403564
2540 5.536404609680176
2550 5.146102905273438
2560 4.997657775878906
2570 4.775167465209961
2580 5.20008659362793
2590 4.872203350067139
2600 4.769871711730957
2610 4.88469123840332
2620 5.163644790649414
2630 5.16008186340332
2640 5.054474830627441
2650 5.338719367980957
2660 5.797797203063965
2670 5.916698455810547
2680 5.817247867584229
2690 5.973310470581055
2700 6.013284683227539
2710 5.747544288635254
2720 6.112941741943359
2730 5.926405906677246
2740 5.680126190185547
2750 5.565936088562012
2760 5.263985157012939
2770 4.971621513366699
2780 4.938940048217773
2790 5.180553436279297
2800 5.226485252380371
2810 4.917862892150879
2820 5.004155158996582
2830 5.690025329589844
2840 5.37821102142334
2850 4.933642387390137
2860 5.053182601928711
2870 5.340470314025879
2880 4.964226245880127
2890 5.072862148284912
2900 5.076773643493652
2910 5.274085998535156
2920 5.211944103240967
2930 5.41035795211792
2940 5.802515983581543
2950 5.525331020355225
2960 5.725082397460938
2970 5.420620918273926
2980 6.067690849304199
2990 7.251846313476562
3000 5.851996898651123
3010 5.75531530380249
3020 5.202021598815918
3030 4.80049991607666
3040 4.685860633850098
3050 5.04080867767334
3060 5.02081823348999
3070 5.357911109924316
3080 5.718089580535889
3090 6.257404327392578
3100 6.124974250793457
3110 5.634453773498535
3120 5.412304878234863
3130 5.157815933227539
3140 5.541776657104492
3150 6.086990356445312
3160 5.983227729797363
3170 5.914496421813965
3180 5.554950714111328
3190 5.60523509979248
3200 5.709256172180176
3210 5.215560913085938
3220 5.381935119628906
3230 6.169706344604492
3240 5.840471267700195
3250 5.251314163208008
3260 4.77859354019165
3270 4.904680252075195
3280 5.341281890869141
3290 5.511930465698242
3300 4.997955799102783
3310 4.876763820648193
3320 5.261578559875488
3330 5.97411060333252
3340 5.91581392288208
3350 5.407632827758789
3360 5.703901290893555
3370 5.799267768859863
3380 6.353742599487305
3390 6.489186763763428
3400 5.524452209472656
3410 5.762683868408203
3420 5.741767883300781
3430 5.700645446777344
3440 6.028937339782715
3450 6.233119964599609
3460 6.21415901184082
3470 5.814695358276367
3480 5.796360015869141
3490 6.15983772277832
3500 6.172276973724365
3510 6.181982040405273
3520 6.322654724121094
3530 5.583032608032227
3540 5.971372127532959
3550 6.024784088134766
3560 5.789740562438965
3570 5.64601993560791
3580 5.283588409423828
3590 5.188107013702393
3600 5.639328956604004
3610 6.115768432617188
3620 5.928094863891602
3630 5.954687595367432
3640 5.596850395202637
3650 5.477822303771973
3660 5.610856056213379
3670 5.50971794128418
3680 5.409082412719727
3690 5.403378963470459
3700 5.333162307739258
3710 5.49227237701416
3720 5.809976100921631
3730 6.155835151672363
3740 6.830201148986816
3750 6.284793376922607
3760 6.538753986358643
3770 5.394012451171875
3780 6.068083763122559
3790 5.410170555114746
3800 5.144180297851562
3810 5.797175407409668
3820 5.890462875366211
3830 5.948877334594727
3840 6.277726173400879
3850 6.074519157409668
3860 6.333401679992676
3870 6.060382843017578
3880 5.922232627868652
3890 5.522304534912109
3900 5.648051261901855
3910 5.510641098022461
3920 5.604174613952637
3930 5.780075073242188
3940 6.204470634460449
3950 6.081142425537109
3960 6.19909143447876
3970 5.656195640563965
3980 5.88417911529541
3990 6.468209266662598
4000 5.407431125640869
4010 5.514122009277344
4020 5.187112808227539
4030 5.069655418395996
4040 5.092111587524414
4050 5.22788667678833
4060 5.653037071228027
4070 5.466201782226562
4080 5.622829914093018
4090 5.78505802154541
4100 5.557477951049805
4110 5.924516677856445
4120 5.496882438659668
4130 5.458810806274414
4140 5.734330654144287
4150 6.062216758728027
4160 6.440374374389648
4170 5.713434219360352
4180 5.416862010955811
4190 5.39027738571167
4200 5.647020816802979
4210 5.262150764465332
4220 5.179160118103027
4230 5.656213760375977
4240 5.926041603088379
4250 5.63394832611084
4260 5.081961631774902
4270 5.37772274017334
4280 5.096395015716553
4290 5.735246658325195
4300 6.147040843963623
4310 6.228923797607422
4320 6.366414070129395
4330 5.902621269226074
4340 6.074108123779297
4350 6.243078231811523
4360 5.94277811050415
4370 5.902218818664551
4380 6.079395294189453
4390 5.745849609375
4400 5.629880905151367
4410 5.353072166442871
4420 5.34734058380127
4430 5.062702178955078
4440 5.505373477935791
4450 5.598085403442383
4460 5.630688667297363
4470 5.529892921447754
4480 5.329678535461426
4490 5.418196201324463
4500 5.303221702575684
4510 5.595515251159668
4520 5.665833473205566
4530 6.156652450561523
4540 6.371414184570312
4550 5.104825019836426
4560 5.501634120941162
4570 5.664153099060059
4580 5.085208892822266
4590 5.144793510437012
4600 5.695831775665283
4610 5.450884819030762
4620 5.442858695983887
4630 5.530535697937012
4640 5.46747875213623
4650 5.422019004821777
4660 5.694005012512207
4670 5.436583995819092
4680 5.124223709106445
4690 5.645155906677246
4700 5.555813789367676
4710 5.498207569122314
4720 5.410809516906738
4730 5.645563125610352
4740 5.879726886749268
4750 6.230392456054688
4760 5.95323657989502
4770 5.640382766723633
4780 5.656749725341797
4790 5.39641284942627
4800 5.557026863098145
4810 5.405160903930664
4820 5.237417221069336
4830 5.300455570220947
4840 5.823573589324951
4850 5.87385368347168
4860 5.752765655517578
4870 5.522665977478027
4880 5.428330421447754
4890 5.620081901550293
4900 5.533496856689453
4910 5.456912994384766
4920 6.203207969665527
4930 5.857451438903809
4940 5.350383281707764
4950 5.496877670288086
4960 5.384524345397949
4970 5.443070888519287
4980 5.886319160461426
4990 4.872925758361816
5000 5.782558441162109
5010 5.869787216186523
5020 5.291042327880859
5030 5.662539005279541
5040 6.490772724151611
5050 6.783743381500244
5060 6.534830093383789
5070 5.49689769744873
5080 5.376431465148926
5090 5.313538551330566
5100 5.857544898986816
5110 5.196682929992676
5120 4.869780540466309
5130 5.48338794708252
5140 5.10595178604126
5150 4.993363380432129
5160 5.313292026519775
5170 5.574422836303711
5180 5.688540458679199
5190 5.772934913635254
5200 5.503567695617676
5210 5.409337043762207
5220 5.293227195739746
5230 5.608426094055176
5240 5.788059234619141
5250 5.693174362182617
5260 5.803615570068359
5270 5.60767650604248
5280 5.339564800262451
5290 5.924158096313477
5300 5.67863941192627
5310 5.393541812896729
5320 5.44211483001709
5330 6.309650421142578
5340 6.447103500366211
5350 5.519217491149902
5360 5.836541175842285
5370 5.762997150421143
5380 5.413107872009277
5390 5.440056324005127
5400 5.057162284851074
5410 6.112503051757812
5420 5.505841255187988
5430 5.04638147354126
5440 5.062099456787109
5450 5.287724494934082
5460 5.832504272460938
5470 5.966325759887695
5480 6.329936027526855
5490 6.570610046386719
5500 6.551898002624512
5510 6.220978736877441
5520 6.344412326812744
5530 5.584081649780273
5540 5.272739410400391
5550 5.135252952575684
5560 5.589587211608887
5570 5.898178100585938
5580 5.588690757751465
5590 6.113739967346191
5600 6.166407585144043
5610 6.03355598449707
5620 5.728326797485352
5630 5.978033065795898
5640 5.842718124389648
5650 5.354928970336914
5660 5.195300102233887
5670 5.430765628814697
5680 5.554337501525879
5690 5.308547973632812
5700 4.761747360229492
5710 4.481673240661621
5720 4.827224731445312
5730 5.836943626403809
5740 6.729527950286865
5750 6.146690368652344
5760 5.169930458068848
5770 5.204621315002441
5780 5.228487968444824
5790 5.126483917236328
5800 5.176657676696777
5810 5.609933853149414
5820 6.19229793548584
5830 6.715959072113037
5840 6.417198181152344
5850 6.62589168548584
5860 5.973360061645508
5870 5.804424285888672
5880 5.476409912109375
5890 4.96805477142334
5900 4.890448570251465
5910 5.038177490234375
5920 5.72039270401001
5930 5.534218788146973
5940 5.707004547119141
5950 5.579898834228516
5960 5.503395557403564
5970 5.482146263122559
5980 5.749967575073242
5990 5.937977313995361
6000 5.633454322814941
6010 5.436843872070312
6020 5.517146110534668
6030 5.474477767944336
6040 5.324007034301758
6050 5.330177307128906
6060 5.428228855133057
6070 6.131078720092773
6080 5.771742820739746
6090 5.413657188415527
6100 5.443509578704834
6110 5.349996566772461
6120 5.466448783874512
6130 6.927275657653809
6140 6.412062644958496
6150 6.078117370605469
6160 6.363199710845947
6170 6.654565334320068
6180 6.450963497161865
6190 6.964031219482422
6200 6.444805145263672
6210 6.032759666442871
6220 5.53032112121582
6230 5.323610305786133
6240 5.227073669433594
6250 5.186611652374268
6260 5.383708000183105
6270 5.971091270446777
6280 6.052397727966309
6290 6.111348152160645
6300 5.980406284332275
6310 5.420405387878418
6320 5.380669593811035
6330 5.944089889526367
6340 5.814400672912598
6350 5.473324775695801
6360 5.477383136749268
6370 5.621879577636719
6380 5.700689315795898
6390 5.93093204498291
6400 5.86011266708374
6410 5.84935474395752
6420 5.648430824279785
6430 5.321392059326172
6440 5.567367553710938
6450 5.510221481323242
6460 5.811994552612305
6470 5.446569442749023
6480 5.181172370910645
6490 5.336323738098145
6500 5.473227977752686
6510 5.675481796264648
6520 6.409364700317383
6530 6.086432456970215
6540 5.56644344329834
6550 5.585809230804443
6560 5.186387062072754
6570 5.401442527770996
6580 5.376982688903809
6590 5.46745491027832
6600 5.838948726654053
6610 5.837385654449463
6620 5.547493934631348
6630 5.892499446868896
6640 5.553000926971436
6650 5.451227188110352
6660 5.690922737121582
6670 5.473974704742432
6680 5.87480354309082
6690 5.93315601348877
6700 5.941162109375
6710 5.459885597229004
6720 5.212085723876953
6730 5.044977188110352
6740 5.26076602935791
6750 5.00985050201416
6760 5.093470573425293
6770 5.291627883911133
6780 6.047847747802734
6790 5.750170707702637
6800 6.066856861114502
6810 5.978917598724365
6820 5.300145149230957
6830 5.376103401184082
6840 5.826469898223877
6850 5.74332332611084
6860 5.740686416625977
6870 5.62568187713623
6880 5.733206748962402
6890 5.381416320800781
6900 5.250979423522949
6910 5.127594947814941
6920 4.504186153411865
6930 5.892013549804688
6940 6.675235748291016
6950 6.585570335388184
6960 6.23793363571167
6970 5.697284698486328
6980 5.604094505310059
6990 5.92365837097168
7000 6.14093017578125
7010 5.817346572875977
7020 5.614590644836426
7030 6.43851375579834
7040 6.186036586761475
7050 5.526144027709961
7060 5.598344326019287
7070 5.521491527557373
7080 5.495272636413574
7090 6.011032104492188
7100 6.228425979614258
7110 6.120345115661621
7120 6.263474464416504
7130 6.327779769897461
7140 5.825015068054199
7150 5.719693183898926
7160 6.064557075500488
7170 6.026274681091309
7180 5.770347595214844
7190 5.239460468292236
7200 5.602904319763184
