"Time Step" "ho-hemolysis"
22610 0.1973400766546093
22620 0.1973495266509037
22630 0.1973597226352149
22640 0.1973707123692578
22650 0.1973825370981266
22660 0.1973952238404871
22670 0.1974088103712788
22680 0.1974233238215932
22690 0.197438813291018
22700 0.1974553269324544
22710 0.1974728803282769
22720 0.1974914711272304
22730 0.1975111360375625
22740 0.1975319676391002
22750 0.19755401358976
22760 0.1975772495392474
22770 0.1976016068303711
22780 0.1976270429756218
22790 0.1976535084204811
22800 0.1976809457887955
22810 0.197709259858688
22820 0.1977383745156273
22830 0.197768203691334
22840 0.1977986624464209
22850 0.1978296582038206
22860 0.1978610736671755
22870 0.1978927833164714
22880 0.1979246801230057
22890 0.197956624853543
22900 0.1979884646947214
22910 0.1980200495059458
22920 0.1980512532808806
22930 0.1980819280319432
22940 0.1981119260612018
22950 0.1981411025783585
22960 0.1981693525669829
22970 0.1981965804840142
22980 0.198222696198713
22990 0.1982476553169651
23000 0.1982714874641987
23010 0.1982942490190042
23020 0.1983159353928601
23030 0.1983365604201761
23040 0.1983561761367414
23050 0.1983748441441485
23060 0.1983926163130573
23070 0.1984095264758212
23080 0.1984256049918886
23090 0.1984408827832188
23100 0.1984553961338973
23110 0.1984691856666623
23120 0.1984823003811005
23130 0.1984948078523482
23140 0.1985067827476749
23150 0.1985182796568852
23160 0.1985293641622546
23170 0.1985401160949855
23180 0.1985506488876969
23190 0.1985610339731045
23200 0.1985713120357889
23210 0.1985814895249634
23220 0.1985915943376339
23230 0.1986016484277579
23240 0.1986116699597909
23250 0.198621672248252
23260 0.1986316838400771
23270 0.1986417299983304
23280 0.1986518299589041
23290 0.1986619726816254
23300 0.1986721613226831
23310 0.1986824009924121
23320 0.1986926673388023
23330 0.1987029463414359
23340 0.1987132292281662
23350 0.1987235143458667
23360 0.1987338211875168
23370 0.1987441694621824
23380 0.1987545837169824
23390 0.1987650870111168
23400 0.1987756960459894
23410 0.1987864159515075
23420 0.19879724071344
23430 0.198808156516812
23440 0.1988191397167707
23450 0.1988301862102331
23460 0.198841298887654
23470 0.1988524999239347
23480 0.1988637845706258
23490 0.1988751627983663
23500 0.1988866349879921
23510 0.19889818063166
23520 0.1989097832116476
23530 0.1989214160664928
23540 0.1989330375544049
23550 0.1989446092152031
23560 0.1989561138801726
23570 0.1989675197340903
23580 0.1989788091091272
23590 0.1989899486212358
23600 0.1990009584212348
23610 0.1990118753912406
23620 0.1990226928466942
23630 0.1990333904216224
23640 0.1990439603211408
23650 0.1990544015477665
23660 0.1990647367497171
23670 0.1990749757613994
23680 0.1990851494150658
23690 0.1990952999383618
23700 0.1991054760707407
23710 0.1991157441019015
23720 0.1991261608689993
23730 0.199136764748274
23740 0.199147572945277
23750 0.1991586074834066
23760 0.1991698778190517
23770 0.1991813760389429
23780 0.1991930732444029
23790 0.1992049549715221
23800 0.1992169885035194
23810 0.199229148704297
23820 0.1992414345083228
23830 0.1992538480569912
23840 0.1992663802656317
23850 0.1992790267604899
23860 0.1992917964501094
23870 0.199304687215199
23880 0.1993176830244424
23890 0.1993307740257245
23900 0.1993439684974373
23910 0.1993572360997946
23920 0.1993705427738491
23930 0.1993838746700063
23940 0.1993971915318196
23950 0.1994104444056811
23960 0.1994236007709073
23970 0.1994366473466454
23980 0.1994495629999196
23990 0.1994623387419898
24000 0.1994749675505125
15010 0.1681039408194173
15020 0.1681543709833211
15030 0.168204622101415
15040 0.1682546539831508
15050 0.1683044215321678
15060 0.1683539153447351
15070 0.1684031306139241
15080 0.1684520831242954
15090 0.1685007555165571
15100 0.1685491616239416
15110 0.1685973121836229
15120 0.168645279210058
15130 0.1686931203168298
15140 0.1687408489263078
15150 0.1687885168171393
15160 0.1688361859967046
15170 0.1688839267227658
15180 0.1689318214630866
15190 0.1689799250156298
15200 0.1690283505733524
15210 0.1690772232618206
15220 0.1691266640134094
15230 0.169176778740046
15240 0.1692275594976601
15250 0.1692790375867588
15260 0.1693313412586161
15270 0.1693845759228675
15280 0.1694387623156648
15290 0.1694939497146465
15300 0.1695502513171914
15310 0.1696076735354869
15320 0.1696662194990738
15330 0.169725854232746
15340 0.16978652477864
15350 0.1698481520893572
15360 0.1699106202499089
15370 0.1699738448028449
15380 0.1700377398504769
15390 0.1701021875779457
15400 0.1701671163197105
15410 0.1702323793108112
15420 0.1702978688334937
15430 0.1703634470144584
15440 0.1704290050613012
15450 0.1704944765474445
15460 0.1705597869542955
15470 0.1706248794274378
15480 0.1706897218049064
15490 0.1707542408441366
15500 0.1708183949332625
15510 0.170882151270423
15520 0.1709454845390558
15530 0.1710083744978444
15540 0.1710708157999111
15550 0.1711328075774002
15560 0.1711943272327039
15570 0.1712553807809226
15580 0.1713159637246157
15590 0.1713760674772794
15600 0.171435704247196
15610 0.1714948701240666
15620 0.1715535610852431
15630 0.171611813559882
15640 0.1716696421296765
15650 0.17172706738883
15660 0.1717840785349857
15670 0.1718406944085655
15680 0.1718969065425926
15690 0.1719527037142242
15700 0.1720080906711392
15710 0.1720630640458734
15720 0.1721176339957659
15730 0.172171804888639
15740 0.1722255675556899
15750 0.172278889638092
15760 0.1723317584956855
15770 0.1723841755993749
15780 0.1724361311361131
15790 0.1724876100668964
15800 0.1725385831178655
15810 0.1725890256482268
15820 0.1726389365222229
15830 0.1726883271268977
15840 0.1727371916992687
15850 0.1727855363944153
15860 0.1728333574035885
15870 0.1728806494395922
15880 0.1729273934727712
15890 0.1729736018321625
15900 0.173019275999667
15910 0.1730644355309616
15920 0.1731090914830199
15930 0.1731532269340954
15940 0.1731968515926464
15950 0.173239965227354
15960 0.1732825643231838
15970 0.1733246358621588
15980 0.1733661773127928
15990 0.1734071824371949
16000 0.1734476426958545
16010 0.1734875860244172
16020 0.1735270152606487
16030 0.1735659295886035
16040 0.17360435603302
16050 0.1736422946682552
16060 0.17367975208812
16070 0.1737167462007672
16080 0.1737533019269275
16090 0.173789422315115
16100 0.1738251041312601
16110 0.1738603526585596
16120 0.1738951791537941
16130 0.1739295862975919
16140 0.173963581803729
16150 0.1739971894287854
16160 0.174030428688603
16170 0.174063318880921
16180 0.1740958678414854
16190 0.1741280907085472
16200 0.1741600047071753
16210 0.1741916403876477
16220 0.1742230221827086
16230 0.1742541724110841
16240 0.1742851009515719
16250 0.1743158230784111
16260 0.1743463582361966
16270 0.1743767422868493
16280 0.17440699772054
16290 0.1744371487889179
16300 0.174467222376211
16310 0.1744972391024054
16320 0.1745272326486316
16330 0.1745572277349366
16340 0.1745872559146753
16350 0.1746173422352467
16360 0.1746475058217834
16370 0.1746777686480067
16380 0.1747081460453173
16390 0.1747386592374431
16400 0.1747693453589847
16410 0.174800233067056
16420 0.1748313547507747
16430 0.1748627434311047
16440 0.1748944424114829
16450 0.174926500170476
16460 0.1749589719919198
16470 0.1749919241431951
16480 0.1750254282138397
16490 0.1750595289611834
16500 0.1750942939175388
16510 0.1751297895162299
16520 0.1751660580580245
16530 0.1752031598502958
16540 0.1752411429492334
16550 0.1752800503150843
16560 0.1753199174352149
16570 0.1753607634230854
16580 0.175402580842616
16590 0.1754453662805898
16600 0.1754890705494539
16610 0.1755336677685072
16620 0.1755791135414315
16630 0.1756253974291401
16640 0.1756724869919469
16650 0.1757203491051186
16660 0.1757689504197893
16670 0.175818223401908
16680 0.1758680815832341
16690 0.1759184403018644
16700 0.1759692209146612
16710 0.1760203274408496
16720 0.1760716635173367
16730 0.1761231775895719
16740 0.176174819477502
16750 0.176226531613531
16760 0.1762782728226694
16770 0.1763299959917779
16780 0.1763816469914175
16790 0.1764331866411823
16800 0.176484577709527
16810 0.1765357757213062
16820 0.1765867353802291
16830 0.1766374049857493
16840 0.176687748086471
16850 0.1767377198103927
16860 0.1767872743340294
16870 0.1768363546975747
16880 0.1768849248853517
16890 0.1769329456170811
16900 0.1769803982659003
16910 0.1770272456250751
16920 0.1770734556927175
16930 0.1771190252417565
16940 0.1771639381747042
16950 0.1772081808455739
16960 0.1772517463233053
16970 0.1772946227216791
16980 0.1773367945419278
16990 0.1773782611152215
17000 0.1774190021636717
17010 0.1774590237806073
17020 0.1774983471689568
17030 0.1775369687287707
17040 0.1775749072860613
17050 0.1776121765905635
17060 0.1776487961989516
17070 0.1776847913317691
17080 0.1777201606456675
17090 0.1777549466227432
17100 0.1777891929700038
17110 0.1778229134399105
17120 0.1778561372403356
17130 0.1778889085878565
17140 0.1779212900502511
17150 0.1779533375787956
17160 0.1779850855666943
17170 0.1780165865495862
17180 0.1780478832190904
17190 0.1780790179573974
17200 0.1781100165112142
17210 0.1781408928575212
17220 0.1781716570232507
17230 0.1782023429084927
17240 0.1782329620966382
17250 0.1782635166789422
17260 0.1782940157268013
17270 0.1783244591576094
17280 0.1783548518989546
17290 0.1783851865092412
17300 0.178415461615718
17310 0.1784456594893483
17320 0.1784757679296447
17330 0.1785057864483414
17340 0.1785357132825868
17350 0.1785655511365405
17360 0.178595294491416
17370 0.1786249389802982
17380 0.1786544862712666
17390 0.1786839253441868
17400 0.1787132348962882
17410 0.1787424066863509
17420 0.1787714308800455
17430 0.1788002995825882
17440 0.1788290217207399
17450 0.178857585264127
17460 0.1788859690130592
17470 0.1789141585814353
17480 0.178942139795936
17490 0.1789699202899801
17500 0.1789974901262449
17510 0.1790248467881497
17520 0.1790519671536388
17530 0.1790788329692417
17540 0.1791054189308328
17550 0.1791317224921878
17560 0.1791577236852944
17570 0.1791834114238571
17580 0.1792087659039026
17590 0.1792337820704187
17600 0.1792584380938789
17610 0.1792827264087398
17620 0.179306628709394
17630 0.1793301133463237
17640 0.1793531811029149
17650 0.1793758389891534
17660 0.1793980845937467
17670 0.1794199375460309
17680 0.1794414276421694
17690 0.1794625693588392
17700 0.1794833614572488
17710 0.1795038078619264
17720 0.1795239206531559
17730 0.1795437203521816
17740 0.1795632333225071
17750 0.179582492051047
17760 0.1796015234937652
17770 0.1796203507334325
17780 0.1796389896058341
17790 0.1796574495529173
17800 0.1796757261261185
17810 0.1796938398793946
17820 0.1797118705977561
17830 0.1797298453887905
17840 0.1797477702275657
17850 0.1797656242261862
17860 0.1797834002327271
17870 0.1798010762411924
17880 0.1798186483458608
17890 0.179836099337652
17900 0.1798534179493331
17910 0.1798705930803299
17920 0.1798876238157471
17930 0.1799044914942702
17940 0.1799211826961058
17950 0.1799376904863806
17960 0.1799540252845161
17970 0.1799702149618466
17980 0.1799863124336679
17990 0.1800023414517973
18000 0.1800183553793111
18010 0.1800344146842906
18020 0.1800506215324504
18030 0.1800670801663007
18040 0.1800838856123335
18050 0.1801011177007605
18060 0.1801189490659355
18070 0.1801374962446753
18080 0.180156933745126
18090 0.1801774423698221
18100 0.1801992088899698
18110 0.1802223414200152
18120 0.1802469653972046
18130 0.1802732199577368
18140 0.1803011954935549
18150 0.1803310075332529
18160 0.1803627638563627
18170 0.18039648521996
18180 0.1804322624601732
18190 0.1804702228577355
18200 0.180510487846592
18210 0.1805531220828333
18220 0.1805981283937992
18230 0.1806454932850673
18240 0.1806951450865657
18250 0.1807470201489366
18260 0.1808010265356452
18270 0.1808570572950264
18280 0.1809149731060078
18290 0.1809745527978145
18300 0.1810355516071493
18310 0.1810978458171988
18320 0.1811612296871808
18330 0.1812255137357912
18340 0.1812904774474582
18350 0.1813558838659205
18360 0.181421601356745
18370 0.1814875642326799
18380 0.1815537380037878
18390 0.1816200410639512
18400 0.1816863851565556
18410 0.1817526593749148
18420 0.1818187099052638
18430 0.1818843867496831
18440 0.1819495312956255
18450 0.182013950174777
18460 0.1820773940668284
18470 0.1821397267336108
18480 0.1822007968766609
18490 0.1822603640174596
18500 0.1823182059325302
18510 0.1823742511947231
18520 0.1824283128665072
18530 0.1824802221600649
18540 0.1825298196646209
18550 0.1825769352751674
18560 0.1826214153077394
18570 0.1826631107274939
18580 0.182701906452431
18590 0.1827377421956971
18600 0.1827706092873738
18610 0.1828005138059359
18620 0.1828276172024439
18630 0.1828520997456942
18640 0.1828742678682353
18650 0.1828943756242323
18660 0.1829126627661373
18670 0.1829293658997452
18680 0.1829447568137655
18690 0.18295913336316
18700 0.182972796258045
18710 0.1829860253841907
18720 0.1829991107603144
18730 0.1830122801207067
18740 0.1830257348329245
18750 0.1830396973375915
18760 0.1830543736790386
18770 0.1830699644836618
18780 0.183086651049281
18790 0.183104593584773
18800 0.1831239170333441
18810 0.1831447500197914
18820 0.1831671849543138
18830 0.183191281595534
18840 0.1832170732881019
18850 0.1832445626243674
18860 0.1832737253337305
18870 0.1833045277270845
18880 0.1833369109959025
18890 0.1833708535812342
18900 0.1834063298905973
18910 0.1834432892877
18920 0.1834816458172547
18930 0.183521320176093
18940 0.1835622133770332
18950 0.1836042168190772
18960 0.183647213477469
18970 0.1836911121853361
18980 0.183735828978829
18990 0.1837812658676399
19000 0.1838273267467264
19010 0.1838738923485101
19020 0.1839208494944669
19030 0.1839681144237515
19040 0.1840156289575035
19050 0.1840633257380792
19060 0.184111152025092
19070 0.1841590440428651
19080 0.1842069155977937
19090 0.1842546390256807
19100 0.1843020450270745
19110 0.1843490408719913
19120 0.1843955423294376
19130 0.1844414546790157
19140 0.1844867169045322
19150 0.1845312693489647
19160 0.18457505879769
19170 0.1846180390328193
19180 0.1846601629179644
19190 0.1847013092358004
19200 0.1847414168739785
19210 0.1847804448466853
19220 0.1848183532968912
19230 0.1848551425749392
19240 0.1848907885100463
19250 0.1849252437649821
19260 0.1849584470742873
19270 0.1849903257788428
19280 0.1850208361984172
19290 0.1850499593941822
19300 0.1850776711703968
19310 0.1851039285110059
19320 0.1851287107176279
19330 0.1851520080764532
19340 0.1851737852005191
19350 0.1851940765631989
19360 0.1852129469282983
19370 0.1852304691067567
19380 0.1852467306313145
19390 0.1852618158274888
19400 0.1852758289760857
19410 0.1852888804768515
19420 0.185301049313563
19430 0.1853124028295401
19440 0.1853230529083748
19450 0.1853331475774631
19460 0.1853427983416477
19470 0.1853521271600067
19480 0.18536134369109
19490 0.185370662076514
19500 0.1853803030134071
19510 0.1853904439399806
19520 0.185401224968641
19530 0.1854127217873151
19540 0.1854249933461429
19550 0.1854381149822805
19560 0.1854521145568997
19570 0.1854670453296444
19580 0.1854829698527996
19590 0.1854999702951857
19600 0.1855181339852051
19610 0.1855375773353338
19620 0.1855583183046099
19630 0.1855803978932233
19640 0.1856038185293946
19650 0.1856286478869678
19660 0.1856549653079909
19670 0.1856828548046651
19680 0.185712383587106
19690 0.185743627461667
19700 0.1857765807398281
19710 0.1858112228183847
19720 0.1858474987740808
19730 0.1858853495667551
19740 0.1859246891250216
19750 0.1859653191706225
19760 0.1860069858299915
19770 0.1860495987041466
19780 0.1860929938782203
19790 0.1861371620108521
19800 0.1861821746194164
19810 0.1862280920342839
19820 0.1862748527742969
19830 0.1863226230983121
19840 0.1863716637388
19850 0.1864222239035437
19860 0.1864744918681628
19870 0.1865286228930874
19880 0.1865846958125359
19890 0.1866429361885799
19900 0.186703778193467
19910 0.1867674763229527
19920 0.1868341797028665
19930 0.1869040508460366
19940 0.1869771947998101
19950 0.1870536320703905
19960 0.1871332565982618
19970 0.1872158681997041
19980 0.1873012388350274
19990 0.1873890740853333
20000 0.1874790161025806
20010 0.1875707166670083
20020 0.1876638443186843
20030 0.1877581275325459
20040 0.1878531552805165
20050 0.1879485385335293
20060 0.1880438779490134
20070 0.188138860332914
20080 0.1882331026587778
20090 0.1883263137930822
20100 0.1884183550606637
20110 0.1885091148142453
20120 0.188598537055806
20130 0.1886865969962135
20140 0.1887732492851354
20150 0.1888585620891383
20160 0.1889426085949095
20170 0.1890254635216404
20180 0.1891072088211297
20190 0.1891879539075006
20200 0.1892677915105659
20210 0.1893468142792082
20220 0.1894251102336971
20230 0.189502732825201
20240 0.1895796865628131
20250 0.1896560243204242
20260 0.1897318819165157
20270 0.1898073364602993
20280 0.1898824591978552
20290 0.1899573954573309
20300 0.1900322677481006
20310 0.1901071511651617
20320 0.1901820625135126
20330 0.1902569629483916
20340 0.1903318626787675
20350 0.1904067630395865
20360 0.1904815865953629
20370 0.1905560936407375
20380 0.1906303402345262
20390 0.1907044163731458
20400 0.1907783291678003
20410 0.190852030798556
20420 0.1909254780708983
20430 0.1909986375870606
20440 0.1910714184998717
20450 0.1911436776063004
20460 0.1912153201304073
20470 0.1912862055965258
20480 0.1913561980543622
20490 0.1914252016078135
20500 0.1914931671291446
20510 0.1915600912962109
20520 0.1916259709925766
20530 0.1916907373067936
20540 0.1917543172464182
20550 0.1918166923638886
20560 0.19187785529545
20570 0.1919378225193988
20580 0.1919965732312114
20590 0.1920540569396907
20600 0.192110269826708
20610 0.1921652586861161
20620 0.1922190202506162
20630 0.1922715244013711
20640 0.1923227825794412
20650 0.1923726997998798
20660 0.1924211943819114
20670 0.1924681962359928
20680 0.19251369527607
20690 0.1925577345646624
20700 0.1926003871225984
20710 0.1926416761687934
20720 0.1926815598598981
20730 0.1927199218069315
20740 0.1927566363427685
20750 0.1927916694799441
20760 0.192825037287407
20770 0.1928567252622836
20780 0.1928866644702932
20790 0.1929149140542352
20800 0.1929414605736416
20810 0.1929663227880016
20820 0.1929896910592297
20830 0.1930118014075587
20840 0.1930327472180289
20850 0.1930526740056275
20860 0.1930716918607901
20870 0.1930899591913614
20880 0.1931077085294431
20890 0.1931251727752791
20900 0.1931425969022717
20910 0.1931602015565245
20920 0.1931781271527369
20930 0.1931965350896968
20940 0.1932154197339238
20950 0.1932347470819305
20960 0.1932545739451159
20970 0.1932749113632946
20980 0.1932957552218786
20990 0.1933171070939786
21000 0.1933388313373044
21010 0.1933607433645528
21020 0.1933826867659821
21030 0.1934045293063098
21040 0.1934260490082641
21050 0.1934469411432516
21060 0.1934669470259874
21070 0.1934858112712048
21080 0.1935032046932214
21090 0.1935189035095534
21100 0.1935327202470988
21110 0.193544456983218
21120 0.1935539766178264
21130 0.193561218296979
21140 0.1935662559063294
21150 0.1935692339364221
21160 0.1935702631804357
21170 0.1935694179742057
21180 0.1935668870197362
21190 0.1935629375224536
21200 0.1935578472184859
21210 0.1935519418601566
21220 0.1935455808401187
21230 0.1935391315927497
21240 0.1935329632543491
21250 0.1935274769539607
21260 0.1935230900967435
21270 0.1935202375986133
21280 0.1935192686464248
21290 0.1935205421200821
21300 0.1935244313727393
21310 0.193531229280389
21320 0.1935412124766191
21330 0.1935546685223266
21340 0.1935718976027878
21350 0.1935931001615252
21360 0.1936184837196995
21370 0.1936482105946404
21380 0.1936823812399162
21390 0.1937210731807706
21400 0.1937642243352426
21410 0.1938117304574544
21420 0.1938635149346676
21430 0.1939194875179141
21440 0.1939794834810086
21450 0.1940432450351987
21460 0.1941104315918773
21470 0.1941805783388403
21480 0.1942531778082555
21490 0.1943277225276224
21500 0.19440371087928
21510 0.1944807388425943
21520 0.1945584001306578
21530 0.1946362272066393
21540 0.1947136955977992
21550 0.1947903509361617
21560 0.1948659236752133
21570 0.1949402731355028
21580 0.1950132692440595
21590 0.1950847509517251
21600 0.1951545501680318
21610 0.1952224331386264
21620 0.1952882042335213
21630 0.1953518728516276
21640 0.1954134920606924
21650 0.1954731249420661
21660 0.1955307483162739
21670 0.1955862969253301
21680 0.1956397562793044
21690 0.19569110256175
21700 0.195740342945859
21710 0.1957875366595745
21720 0.1958327598570377
21730 0.1958761158569099
21740 0.195917680673392
21750 0.1959575491053859
21760 0.1959957953444494
21770 0.1960325000936799
21780 0.1960677798134198
21790 0.1961017421094297
21800 0.1961344875051776
21810 0.1961661119049797
21820 0.196196699899943
21830 0.1962263536129738
21840 0.1962551225038298
21850 0.1962830334272736
21860 0.1963101326691417
21870 0.1963364029127397
21880 0.1963618178455325
21890 0.1963863441502149
21900 0.1964099437746968
21910 0.1964326067010241
21920 0.1964543662184156
21930 0.1964752715152091
21940 0.196495380834857
21950 0.1965147446975885
21960 0.1965334249116894
21970 0.1965514987454729
21980 0.1965690539698151
21990 0.1965862094030091
22000 0.1966030795126947
22010 0.1966197809953755
22020 0.1966364364970899
22030 0.1966531348287005
22040 0.1966699598308203
22050 0.1966869667919563
22060 0.1967042004281531
22070 0.1967216833195255
22080 0.196739454323933
22090 0.1967575445059271
22100 0.1967759720979983
22110 0.1967947435008776
22120 0.196813808521686
22130 0.1968331133261778
22140 0.1968525892226
22150 0.1968721429471787
22160 0.1968916917530056
22170 0.1969111481135379
22180 0.1969304270379477
22190 0.1969494750073561
22200 0.1969682106924926
22210 0.1969865661117053
22220 0.1970044635042051
22230 0.1970218795080437
22240 0.1970387879672554
22250 0.197055165941752
22260 0.1970709915495066
22270 0.197086221028943
22280 0.1971008048501501
22290 0.1971146969880773
22300 0.1971279144172342
22310 0.197140442620295
22320 0.1971522644394088
22330 0.1971633912895339
22340 0.1971738348265811
22350 0.1971836107121827
22360 0.1971927241748967
22370 0.1972011603707325
22380 0.1972089157516196
22390 0.1972160158074433
22400 0.1972224993341615
22410 0.197228426164059
22420 0.1972338702497338
22430 0.197238909471757
22440 0.1972436344016283
22450 0.1972481272568387
22460 0.1972524821029361
22470 0.1972567752274193
22480 0.197261066242409
22490 0.1972654268314675
22500 0.1972699380498711
22510 0.1972746456324441
22520 0.1972795764836602
22530 0.1972847336765123
22540 0.1972901514239967
22550 0.197295896204116
22560 0.1973020195391536
22570 0.1973085781345884
22580 0.1973156248154508
22590 0.1973231945078867
22600 0.197331324291257
14810 0.1671521386999865
14820 0.1671932325454872
14830 0.1672352840684862
14840 0.1672782510589899
14850 0.1673221050886639
14860 0.1673667975197894
14870 0.1674123132946417
14880 0.1674586245864826
14890 0.167505689343886
14900 0.167553436153308
14910 0.1676018054429444
14920 0.1676507443596917
14930 0.1677001827839652
14940 0.1677500404319716
14950 0.1678002342510606
14960 0.1678506720477711
14970 0.1679012787672551
14980 0.1679519837640418
14990 0.1680026913646396
15000 0.1680533540465234
8010 0.1613938860889673
8020 0.1613705575525824
8030 0.1613476170258279
8040 0.1613250578549185
8050 0.1613029524767422
8060 0.1612813588811981
8070 0.1612603407286955
8080 0.161239995993643
8090 0.1612203527886615
8100 0.161201400723177
8110 0.1611831313019211
8120 0.1611655465113455
8130 0.1611486583209756
8140 0.1611324832043819
8150 0.1611170727174511
8160 0.1611024505618389
8170 0.1610886514900542
8180 0.1610756983817057
8190 0.1610635782573918
8200 0.1610522773140357
8210 0.1610418095758427
8220 0.1610321600262085
8230 0.1610233151329808
8240 0.1610152637302082
8250 0.1610079713191697
8260 0.1610013996299519
8270 0.1609955258381407
8280 0.1609902857918706
8290 0.1609855726324217
8300 0.160981291645296
8310 0.1609773643197434
8320 0.1609736701148435
8330 0.1609701352725125
8340 0.1609666114096601
8350 0.1609629268740132
8360 0.16095887777201
8370 0.1609543081535341
8380 0.1609490980204799
8390 0.1609431268467503
8400 0.1609362931899517
8410 0.1609285076395373
8420 0.1609196238686686
8430 0.1609094822775349
8440 0.1608978918085879
8450 0.1608847383879062
8460 0.1608698757389767
8470 0.160853268403905
8480 0.1608347837476918
8490 0.1608142593248109
8500 0.1607916529984699
8510 0.1607669039215647
8520 0.1607398983440489
8530 0.1607105187000213
8540 0.1606786343641158
8550 0.1606442204594862
8560 0.1606070805744296
8570 0.1605671592410421
8580 0.1605245697625929
8590 0.1604794526904898
8600 0.1604320132419171
8610 0.1603823545919422
8620 0.1603304944930864
8630 0.1602764617634227
8640 0.1602203184587251
8650 0.1601621295859939
8660 0.1601017940995144
8670 0.160039205501882
8680 0.1599743236970118
8690 0.1599072701541246
8700 0.1598382104406109
8710 0.1597673043637101
8720 0.1596946772506448
8730 0.159620457053539
8740 0.159544730197064
8750 0.1594675762461678
8760 0.1593891139615745
8770 0.1593094425681398
8780 0.159228703446719
8790 0.1591469757583098
8800 0.1590644458732977
8810 0.1589812049187161
8820 0.1588974227575776
8830 0.158813252106664
8840 0.1587288714978695
8850 0.1586443509361723
8860 0.1585597572279206
8870 0.1584751464305818
8880 0.1583905870785309
8890 0.1583061693736036
8900 0.1582220168057248
8910 0.1581382928616627
8920 0.1580551127860303
8930 0.1579725776842085
8940 0.1578907973392154
8950 0.1578098134324764
8960 0.1577296915603124
8970 0.1576504931225054
8980 0.1575722561649881
8990 0.1574949877006762
9000 0.157418621273584
9010 0.1573431463487805
9020 0.1572685105007284
9030 0.1571947584543174
9040 0.1571219108776802
9050 0.1570500392722792
9060 0.1569792961692396
9070 0.1569098857146393
9080 0.1568420273325793
9090 0.1567758830403236
9100 0.1567116041705328
9110 0.1566493930580154
9120 0.1565893290630798
9130 0.1565315510610713
9140 0.1564761577928318
9150 0.1564232572651709
9160 0.1563729405557291
9170 0.156325263203416
9180 0.1562802292669762
9190 0.1562378021983792
9200 0.1561979055791968
9210 0.1561604040471403
9220 0.1561250828356356
9230 0.1560917414422761
9240 0.1560601537734008
9250 0.1560302118776067
9260 0.1560018932149662
9270 0.1559751763723274
9280 0.1559499078716042
9290 0.1559259061219521
9300 0.155903136673135
9310 0.1558816306483303
9320 0.155861501208178
9330 0.1558428653652621
9340 0.1558258543266927
9350 0.1558105465617538
9360 0.1557970472848055
9370 0.1557853298881449
9380 0.1557753038929511
9390 0.1557669150139237
9400 0.1557602596140006
9410 0.1557554327381575
9420 0.1557524380050083
9430 0.1557513126625756
9440 0.1557520836500515
9450 0.1557546635499912
9460 0.1557590587539921
9470 0.1557651480635427
9480 0.1557726495870859
9490 0.1557815524828281
9500 0.1557917912393874
9510 0.1558033711159932
9520 0.1558163315861101
9530 0.1558306577874851
9540 0.1558463518511478
9550 0.1558635214488059
9560 0.1558823595841277
9570 0.1559029819957104
9580 0.1559255354152171
9590 0.1559503106749741
9600 0.1559776171347091
9610 0.1560077295455891
9620 0.1560407991195017
9630 0.1560770161280391
9640 0.1561165233071191
9650 0.1561593706554165
9660 0.156205429437678
9670 0.1562546168578654
9680 0.1563069113029923
9690 0.1563623079433894
9700 0.1564208224539572
9710 0.1564825400561876
9720 0.1565472196204604
9730 0.1566148124923809
9740 0.1566853929408435
9750 0.1567589096297723
9760 0.1568352814996373
9770 0.1569143912245451
9780 0.1569960960919838
9790 0.1570801976404311
9800 0.1571664720636974
9810 0.157254736746629
9820 0.1573448499251275
9830 0.1574366657126162
9840 0.1575300909206964
9850 0.1576249677516426
9860 0.1577211218332389
9870 0.1578184554926071
9880 0.157916893302912
9890 0.1580161601490479
9900 0.1581159632294994
9910 0.1582160741089258
9920 0.1583163363135545
9930 0.1584165009932938
9940 0.1585163778493539
9950 0.1586156219879915
9960 0.1587139324301815
9970 0.1588112193425539
9980 0.1589074256177266
9990 0.1590025223647121
10000 0.1590965095395121
10010 0.1591893660423638
10020 0.1592809366694226
10030 0.1593711592418114
10040 0.1594599612603528
10050 0.1595473006140773
10060 0.1596330347546144
10070 0.1597170347890952
10080 0.1597990659424603
10090 0.1598788596628249
10100 0.1599561507123167
10110 0.1600306665762746
10120 0.1601022348427507
10130 0.160170666859396
10140 0.1602358046576788
10150 0.1602975202827788
10160 0.1603556366044888
10170 0.1604101490936175
10180 0.1604612122390817
10190 0.1605087207590002
10200 0.160552644842304
10210 0.1605929288190629
10220 0.160629578478154
10230 0.1606627363204136
10240 0.160692632171464
10250 0.1607194037985539
10260 0.1607432200744057
10270 0.1607642870440798
10280 0.1607827939491491
10290 0.1607989296867485
10300 0.1608129361761887
10310 0.1608249851192889
10320 0.1608353251554227
10330 0.1608442315917733
10340 0.1608520469561787
10350 0.1608591094709506
10360 0.1608656458232896
10370 0.1608717681091495
10380 0.1608776528854109
10390 0.1608834169091047
10400 0.1608891892072407
10410 0.1608949153935494
10420 0.1609006599526818
10430 0.1609064632815833
10440 0.1609123563274747
10450 0.1609182753520665
10460 0.160924110170879
10470 0.1609297146020416
10480 0.1609349079477345
10490 0.1609395767586942
10500 0.1609435081891999
10510 0.160946607974607
10520 0.1609488296973595
10530 0.1609501087557152
10540 0.1609503477271987
10550 0.1609495033399367
10560 0.1609474603086143
10570 0.1609440959914748
10580 0.1609393400643616
10590 0.1609330270925171
10600 0.1609250477848506
10610 0.1609153221496398
10620 0.160903829239975
10630 0.160890564093498
10640 0.1608755768098032
10650 0.1608589501518276
10660 0.1608407476756867
10670 0.1608210607977529
10680 0.1607999208132128
10690 0.1607774514433649
10700 0.1607537482641615
10710 0.1607289441660777
10720 0.1607031411678018
10730 0.1606764655783385
10740 0.1606490278899858
10750 0.1606209897474952
10760 0.1605924680614856
10770 0.1605636121111547
10780 0.1605345420409169
10790 0.1605053944771575
10800 0.1604762884396763
10810 0.1604473913022229
10820 0.1604187744649381
10830 0.1603905404781981
10840 0.1603627651553469
10850 0.1603355782174407
10860 0.1603090530680008
10870 0.1602832584774292
10880 0.1602582417037002
10890 0.1602340562802547
10900 0.1602107270438001
10910 0.1601883065804701
10920 0.1601668325363528
10930 0.1601463417089632
10940 0.1601268955964513
10950 0.1601085753781427
10960 0.1600914259300992
10970 0.1600754792676339
10980 0.1600608103793662
10990 0.1600474294707724
11000 0.1600353442192795
11010 0.1600245684476905
11020 0.16001509763411
11030 0.1600069608346252
11040 0.1600001849785218
11050 0.1599947889801487
11060 0.1599908224428244
11070 0.1599883275502872
11080 0.1599873278113672
11090 0.1599878230980266
11100 0.1599898305621448
11110 0.159993337587447
11120 0.1599982994300274
11130 0.1600046866140754
11140 0.1600123950252628
11150 0.160021336389109
11160 0.1600313546536513
11170 0.1600422849097153
11180 0.1600539743673617
11190 0.1600662618058619
11200 0.1600789499934054
11210 0.1600917553475407
11220 0.1601043863007196
11230 0.1601165343699704
11240 0.1601278636660242
11250 0.1601380717090483
11260 0.1601468818993929
11270 0.1601540149607291
11280 0.1601592386450817
11290 0.1601623837075122
11300 0.1601632382640779
11310 0.1601615825981302
11320 0.1601572117812698
11330 0.1601499853093642
11340 0.1601397607897867
11350 0.1601265473988086
11360 0.1601106096223307
11370 0.1600920628995522
11380 0.160070995522398
11390 0.1600475136059932
11400 0.1600217145952491
11410 0.1599937549261908
11420 0.1599640430568164
11430 0.1599330421567745
11440 0.1599010793113965
11450 0.15986849981512
11460 0.1598356174227606
11470 0.1598028018863856
11480 0.1597704241145979
11490 0.1597388175884012
11500 0.1597082904280154
11510 0.1596791148213809
11520 0.1596514836859276
11530 0.1596255922535305
11540 0.1596015915203853
11550 0.1595795797096262
11560 0.1595596271844228
11570 0.1595417923639556
11580 0.1595261136775559
11590 0.1595126587403423
11600 0.1595014797405752
11610 0.1594926265262036
11620 0.1594860619179327
11630 0.1594816722440623
11640 0.15947941279862
11650 0.1594792332987441
11660 0.1594810745384903
11670 0.1594849375568646
11680 0.1594908051411341
11690 0.1594986067063874
11700 0.1595083219092712
11710 0.1595199139776896
11720 0.15953339063865
11730 0.1595487358277787
11740 0.1595659088365299
11750 0.159584838236829
11760 0.1596055506600245
11770 0.1596280673010939
11780 0.1596524328459289
11790 0.1596785794859033
11800 0.1597063484762613
11810 0.1597357870552538
11820 0.1597668419655794
11830 0.1597994416721275
11840 0.1598334916394728
11850 0.1598689098264229
11860 0.1599055846476244
11870 0.1599434087350585
11880 0.1599823170904484
11890 0.1600221894353149
11900 0.1600629132944281
11910 0.160104473504068
11920 0.1601468138186324
11930 0.1601899087319789
11940 0.1602337035214021
11950 0.1602780958688144
11960 0.1603230451226378
11970 0.1603684740521686
11980 0.1604142500614638
11990 0.1604603104389122
12000 0.1605065839501193
12010 0.1605530456285194
12020 0.160599686897544
12030 0.1606464120690063
12040 0.1606932034781324
12050 0.160740104710621
12060 0.1607870905349966
12070 0.160834091289959
12080 0.1608809054735104
12090 0.1609274749624013
12100 0.1609737212504335
12110 0.1610195531890092
12120 0.1610649121964335
12130 0.1611096776397348
12140 0.161153701225745
12150 0.1611969227603358
12160 0.161239299203123
12170 0.1612807714142435
12180 0.1613213479232433
12190 0.1613610081607508
12200 0.1613997832294171
12210 0.1614376633744423
12220 0.1614746172123378
12230 0.1615106655880089
12240 0.1615457925243798
12250 0.1615800121910027
12260 0.1616133468050164
12270 0.1616457909080623
12280 0.1616774042386763
12290 0.1617081913115664
12300 0.1617382185379851
12310 0.1617675066591857
12320 0.1617960708343938
12330 0.1618239817288789
12340 0.1618513194082462
12350 0.1618780961457693
12360 0.1619043137169565
12370 0.1619300036156171
12380 0.1619552462647522
12390 0.1619801507412845
12400 0.1620048098258088
12410 0.1620292826441018
12420 0.1620537436759179
12430 0.1620782751227257
12440 0.1621030186769656
12450 0.1621281118069927
12460 0.1621536530012798
12470 0.1621797764251657
12480 0.1622065679708599
12490 0.1622340923045732
12500 0.1622623706999962
12510 0.1622914443884267
12520 0.1623214108313574
12530 0.1623523356889682
12540 0.1623841864589275
12550 0.1624170149513239
12560 0.162450894126876
12570 0.1624858998798435
12580 0.1625220044723369
12590 0.1625591219017957
12600 0.1625971714853055
12610 0.1626359873423153
12620 0.1626754954607913
12630 0.1627155555470085
12640 0.1627560428465053
12650 0.1627968296812366
12660 0.1628378051768198
12670 0.1628788412741252
12680 0.1629198105658752
12690 0.1629605587686674
12700 0.1630009869674913
12710 0.1630410349312693
12720 0.1630806018950535
12730 0.1631195890762865
12740 0.1631579472144366
12750 0.1631955921508208
12760 0.1632324992414471
12770 0.1632685936555354
12780 0.1633038702226531
12790 0.1633383777209669
12800 0.1633721188504909
12810 0.1634050733429683
12820 0.1634372135070468
12830 0.1634685060755846
12840 0.1634989525637366
12850 0.1635286135122806
12860 0.1635575539015832
12870 0.1635858217631764
12880 0.1636134852056947
12890 0.1636406236570609
12900 0.1636672855137993
12910 0.1636934840677897
12920 0.1637193002155673
12930 0.1637447608567934
12940 0.1637698899647786
12950 0.1637946977263111
12960 0.1638191850036861
12970 0.1638433887977754
12980 0.1638673123041612
12990 0.1638909609596143
13000 0.1639143364014608
13010 0.1639374475508179
13020 0.1639603089894571
13030 0.1639829675639104
13040 0.1640054490680525
13050 0.1640277464646487
13060 0.1640498236653872
13070 0.1640716563961134
13080 0.164093204587511
13090 0.1641144583149911
13100 0.1641354210100484
13110 0.1641560770890409
13120 0.1641764934380504
13130 0.1641967225098828
13140 0.1642167444394784
13150 0.164236521880808
13160 0.164256033491198
13170 0.1642752572103457
13180 0.1642941733401141
13190 0.1643128606048478
13200 0.1643313022486279
13210 0.1643494350986099
13220 0.1643672916937716
13230 0.1643848715468264
13240 0.164402196098309
13250 0.1644193031498372
13260 0.1644362349518558
13270 0.164452997431632
13280 0.1644696215767953
13290 0.1644860933780102
13300 0.164502434239865
13310 0.1645186656897331
13320 0.1645348059146546
13330 0.1645508992029003
13340 0.1645669457717287
13350 0.1645829854233707
13360 0.1645990175315503
13370 0.1646151069765871
13380 0.1646312689847284
13390 0.1646475503310378
13400 0.1646639557479827
13410 0.1646805297038033
13420 0.1646972839997663
13430 0.1647141899250355
13440 0.1647312172026118
13450 0.1647483608871451
13460 0.1647656058213723
13470 0.1647829500361895
13480 0.1648003787898834
13490 0.1648178008880506
13500 0.1648351611328797
13510 0.1648523994346081
13520 0.1648694373777672
13530 0.1648861989692629
13540 0.1649026035362127
13550 0.1649186496149785
13560 0.1649343561554684
13570 0.1649497517949003
13580 0.1649648217695129
13590 0.1649795170850594
13600 0.1649938528982255
13610 0.1650077798517153
13620 0.1650212751287935
13630 0.1650343337424688
13640 0.1650469455406387
13650 0.1650591092287586
13660 0.1650708127633759
13670 0.165082030596261
13680 0.1650928456183599
13690 0.1651031920300786
13700 0.1651130708716794
13710 0.1651225285720956
13720 0.1651315305062073
13730 0.165140059382675
13740 0.1651481137397271
13750 0.1651557770378884
13760 0.1651630980879464
13770 0.1651701005222502
13780 0.1651768131026423
13790 0.1651832706368051
13800 0.1651894777954294
13810 0.1651954674516883
13820 0.1652012357389202
13830 0.1652068436463299
13840 0.1652122902222919
13850 0.1652176483549492
13860 0.1652229390951174
13870 0.1652281774456914
13880 0.165233357942359
13890 0.1652384819849465
13900 0.1652435710566958
13910 0.1652486912348421
13920 0.1652538660311897
13930 0.1652591284659679
13940 0.1652645290641986
13950 0.1652701350077045
13960 0.1652760307664309
13970 0.1652822769428074
13980 0.1652889221101315
13990 0.1652960203059221
14000 0.1653036244328649
14010 0.1653117744602007
14020 0.1653204750762132
14030 0.1653297582481631
14040 0.1653396330074529
14050 0.165350090550163
14060 0.1653611196505924
14070 0.1653727253925273
14080 0.1653848524411175
14090 0.1653974716028922
14100 0.1654105197842151
14110 0.1654239917081579
14120 0.1654378637469704
14130 0.1654520962605212
14140 0.1654666760817826
14150 0.1654816031722341
14160 0.1654968471386597
14170 0.1655123910486996
14180 0.1655282520617768
14190 0.1655444376048591
14200 0.1655609540572969
14210 0.1655777978320219
14220 0.1655949932433085
14230 0.1656125650269604
14240 0.1656305319618655
14250 0.1656489219102661
14260 0.1656677391869238
14270 0.1656869955968327
14280 0.165706694230415
14290 0.1657268140006148
14300 0.1657473445268375
14310 0.1657683186096881
14320 0.1657897412835858
14330 0.1658116135721789
14340 0.1658338867420261
14350 0.1658565301531831
14360 0.1658795093550845
14370 0.1659027886684668
14380 0.1659263335191086
14390 0.1659501008311954
14400 0.1659740704194082
14410 0.1659981982836042
14420 0.1660224114221492
14430 0.1660467011719336
14440 0.166071055579789
14450 0.1660954775673404
14460 0.1661199429556256
14470 0.166144431690801
14480 0.1661689397271216
14490 0.1661934839619945
14500 0.166218118926365
14510 0.1662428435314454
14520 0.1662676291613777
14530 0.166292521150651
14540 0.1663175773155239
14550 0.1663428385508471
14560 0.1663683278865896
14570 0.166394047030551
14580 0.1664200335643397
14590 0.1664463163041766
14600 0.1664729357302858
14610 0.1664999034381914
14620 0.1665272236873577
14630 0.1665548886693374
14640 0.1665829615316618
14650 0.1666114510570993
14660 0.1666403754982103
14670 0.1666697509633672
14680 0.1666996220768129
14690 0.1667300476984
14700 0.1667610616322241
14710 0.1667926841099009
14720 0.1668249699796143
14730 0.1668579762187486
14740 0.1668917313407313
14750 0.1669262661777915
14760 0.1669615793368261
14770 0.1669977550333921
14780 0.1670348602792721
14790 0.1670729447660927
14800 0.1671120347059369
14810 0.1671521386982909
14820 0.1671932324913825
14830 0.1672352842606922
14840 0.1672782509032947
14850 0.1673221046387067
14860 0.1673667977621176
14870 0.1674123122793568
14880 0.1674586247524947
14890 0.167505687712641
14900 0.1675534373152932
14910 0.1676018060888499
14920 0.167650743754096
14930 0.1677001803930821
14940 0.1677500398900605
14950 0.1678002318713311
14960 0.1678506728828483
8410 0.1609285037070798
8420 0.1609196246900031
8430 0.1609094835586891
8440 0.1608978949913188
8450 0.1608847383622214
8460 0.1608698865241406
8470 0.1608532696086943
8480 0.160834779534716
8490 0.1608142594314435
8500 0.1607916528881871
8510 0.1607669054652615
8520 0.1607398997876882
8530 0.1607105183658311
8540 0.1606786351488111
8550 0.1606442186922987
8560 0.1606070788521039
8570 0.1605671537229801
8580 0.1605245718655849
8590 0.1604794498053681
8600 0.1604320027547993
0 0.16209353280117
10 0.1621156376301144
20 0.1621249075473762
30 0.1621297829050109
40 0.1621319923886226
50 0.1621324640909798
60 0.1621317441959846
70 0.1621301105393424
80 0.1621277658966931
90 0.1621248991667844
100 0.1621216656619502
110 0.1621181895291669
120 0.1621145525290612
130 0.1621108168076686
140 0.1621070756898901
150 0.1621033968804736
160 0.1620998243289506
170 0.1620963632562881
180 0.1620930461179269
190 0.1620898895092051
200 0.1620869330565414
210 0.1620841597112919
220 0.1620815653271357
230 0.1620791255115261
240 0.1620768497200128
250 0.162074748642004
260 0.1620727741838567
270 0.162070917170003
280 0.1620691825077886
290 0.1620675605753771
300 0.1620660241124595
310 0.1620645845802182
320 0.162063245269951
330 0.1620619921800194
340 0.1620608093666128
350 0.1620596588742123
360 0.1620585594262057
370 0.162057512869469
380 0.1620565074541647
390 0.1620555269473945
400 0.1620546006767264
410 0.1620537100927094
420 0.1620528675757799
430 0.1620520591702384
440 0.1620512750218603
450 0.1620505032995075
460 0.1620497272546205
470 0.1620489481966122
480 0.1620481907771515
490 0.1620474696171759
500 0.1620467648983149
510 0.1620460579266878
520 0.1620453778169172
530 0.162044724896805
540 0.1620440744706923
550 0.1620434300860563
560 0.1620427930079584
570 0.16204216909548
580 0.1620415660046913
590 0.162040985586907
600 0.1620404370540991
610 0.1620398835517529
620 0.1620393609320218
630 0.1620388520558085
640 0.1620383630071403
650 0.1620378958183331
660 0.1620374392294836
670 0.1620369765027811
680 0.16203650346513
690 0.1620360182535093
700 0.1620355317197096
710 0.1620350498003578
720 0.1620345724197613
730 0.1620340773227651
740 0.1620335538522193
750 0.1620330033164466
760 0.1620324296297522
770 0.1620318191440583
780 0.1620311908935203
790 0.1620305445261679
800 0.1620298887139083
810 0.1620292308962245
820 0.1620285619753169
830 0.1620278915359467
840 0.1620272026417058
850 0.1620264860160882
860 0.16202577518245
870 0.162025077159525
880 0.1620243977447997
890 0.162023737596702
900 0.1620231147598887
910 0.1620224890804016
920 0.1620218788173703
930 0.1620212649800095
940 0.1620206883580204
950 0.1620201176111112
960 0.1620195749711634
970 0.1620190458436617
980 0.1620185243701323
990 0.1620179968135756
1000 0.1620174874897549
1010 0.1620169861402146
1020 0.1620164964163498
1030 0.1620160097021952
1040 0.1620155022949397
1050 0.1620149995116157
1060 0.1620144905636257
1070 0.1620139773419246
1080 0.1620134775065986
1090 0.1620129731181666
1100 0.1620124720343249
1110 0.1620119467327151
1120 0.1620114231808714
1130 0.1620108750820315
1140 0.1620103204106153
1150 0.16200973814127
1160 0.162009146891393
1170 0.1620085458162555
1180 0.162007932305844
1190 0.1620073263397775
1200 0.1620067161229906
1210 0.162006082811025
1220 0.162005429000898
1230 0.1620047500686871
1240 0.1620040684368982
1250 0.1620033852738155
1260 0.16200270254722
1270 0.1620020103450446
1280 0.1620013045843607
1290 0.1620005901394829
1300 0.1619998800639913
1310 0.1619991622145917
1320 0.1619984465823584
1330 0.1619977191941324
1340 0.1619969887324978
1350 0.1619962621736938
1360 0.1619955284640588
1370 0.1619948017395709
1380 0.1619940800890896
1390 0.1619933497441772
1400 0.1619926053482137
1410 0.1619918584561803
1420 0.161991108850779
1430 0.1619903535623965
1440 0.1619895947695736
1450 0.1619888149639958
1460 0.1619880230322429
1470 0.1619872103316845
1480 0.1619863756363569
1490 0.1619855430782011
1500 0.1619846888086188
1510 0.1619838088226595
1520 0.1619829071708096
1530 0.1619819848120379
1540 0.1619810385656486
1550 0.1619800749669758
1560 0.1619791036926855
1570 0.1619781024036926
1580 0.1619770739465624
1590 0.161976025212412
1600 0.1619749449803921
1610 0.1619738476205587
1620 0.1619727321118939
1630 0.1619715949316753
1640 0.1619704214017749
1650 0.161969233336753
1660 0.1619680187361479
1670 0.1619667859957815
1680 0.1619655496999897
1690 0.1619642800367652
1700 0.1619629976860313
1710 0.1619617035962868
1720 0.1619603928112147
1730 0.1619590669308127
1740 0.1619577414492491
1750 0.1619563982839863
1760 0.161955041923402
1770 0.1619536801126491
1780 0.1619523111517399
1790 0.1619509305313001
1800 0.1619495525627562
1810 0.1619481715203756
1820 0.1619467855339706
1830 0.1619453954850655
1840 0.1619439978190724
1850 0.161942594540881
1860 0.1619411911112987
1870 0.1619397969769399
1880 0.1619383884907338
1890 0.1619369663994842
1900 0.1619355515034072
1910 0.1619341184858505
1920 0.1619326817951789
1930 0.1619312454470143
1940 0.1619298110838298
1950 0.1619283800000859
1960 0.1619269366718339
1970 0.1619254747433408
1980 0.1619240309977881
1990 0.1619225716061378
2000 0.1619211132728156
2010 0.1619196617582388
2020 0.1619182176585799
2030 0.1619167702025481
2040 0.1619153299272579
2050 0.1619138995411705
2060 0.1619124757955316
2070 0.1619110756418741
2080 0.1619096945788406
2090 0.1619083262935741
2100 0.1619069667360314
2110 0.1619056226918696
2120 0.161904293311581
2130 0.1619029760087014
2140 0.1619016769277624
2150 0.1619003922009631
2160 0.1618991232762418
2170 0.1618978667903548
2180 0.1618966239685337
2190 0.1618953920036762
2200 0.1618941640665873
2210 0.1618929352706442
2220 0.161891734404961
2230 0.1618905340238625
2240 0.1618893432732026
2250 0.1618881615602174
2260 0.1618869868314074
2270 0.1618858157692706
2280 0.1618846645604335
2290 0.1618835225152709
2300 0.161882392341089
2310 0.1618812720309881
2320 0.161880166037021
2330 0.1618790799900585
2340 0.1618780175444552
2350 0.1618769688227695
2360 0.1618759314370728
2370 0.1618749328483157
2380 0.1618739521294156
2390 0.1618730005466786
2400 0.1618720764020624
2410 0.1618711929697836
2420 0.1618703418146204
2430 0.1618695352965986
2440 0.1618687837915316
2450 0.1618680635768604
2460 0.1618674079872871
2470 0.1618668075549904
2480 0.1618662580947333
2490 0.1618657735999772
2500 0.1618653471507318
2510 0.1618649835828855
2520 0.1618646826154859
2530 0.1618644472857688
2540 0.1618642687852094
2550 0.1618641554514365
2560 0.161864111268288
2570 0.1618641418218297
2580 0.1618642498278252
2590 0.1618644380204572
2600 0.1618647042375103
2610 0.1618650459707789
2620 0.1618654728984023
2630 0.1618659683657141
2640 0.1618665578692551
2650 0.1618672243890042
2660 0.161867985860196
2670 0.1618688433203374
2680 0.1618697934836822
2690 0.1618708422468141
2700 0.1618719943799621
2710 0.1618732429204797
2720 0.1618746151781021
2730 0.1618760988992662
2740 0.1618777002921144
2750 0.1618794189120824
2760 0.1618812554917447
2770 0.1618832022158057
2780 0.1618852602083538
2790 0.1618874210177747
2800 0.1618896941310549
2810 0.1618920901845594
2820 0.1618945826964997
2830 0.1618971984939458
2840 0.1618999447079751
2850 0.1619028015208575
2860 0.1619057618013337
2870 0.1619088449163663
2880 0.1619120313959128
2890 0.1619153267809675
2900 0.1619187367416947
2910 0.161922269720488
2920 0.1619259057803984
2930 0.1619296517783269
2940 0.1619335026461249
2950 0.1619374727301095
2960 0.1619415601606551
2970 0.1619457683154502
2980 0.1619500961772679
2990 0.161954537063047
3000 0.1619590878741374
3010 0.1619637500899893
3020 0.1619685520566078
3030 0.1619734645879223
3040 0.1619784963574294
3050 0.1619836298370685
3060 0.1619888733367617
3070 0.1619942392308704
3080 0.1619997202615519
3090 0.162005313009868
3100 0.1620110311731024
3110 0.1620168609143728
3120 0.1620228190872336
3130 0.1620288877919175
3140 0.1620350714301207
3150 0.1620413711462128
3160 0.1620477868802865
3170 0.1620543270826591
3180 0.1620609945601006
3190 0.1620677727483026
3200 0.1620746570453179
3210 0.1620816414107796
3220 0.16208872099977
3230 0.1620959133454982
3240 0.1621032062399498
3250 0.1621106101043291
3260 0.1621180995999199
3270 0.1621256851813691
3280 0.1621333554653219
3290 0.1621411085484389
3300 0.1621489386388998
3310 0.1621568508358636
3320 0.1621648444333749
3330 0.1621729208893093
3340 0.1621810700196337
3350 0.1621892971703836
3360 0.1621976082771996
3370 0.1622060015401607
3380 0.1622144927714851
3390 0.1622230827323558
3400 0.162231773686835
3410 0.1622405542383953
3420 0.1622494163658157
3430 0.1622583553457288
3440 0.1622673702093622
3450 0.1622764681971023
3460 0.1622856677227715
3470 0.1622949504412781
3480 0.1623043065358677
3490 0.1623137458150952
3500 0.1623232489429539
3510 0.162332829396111
3520 0.1623424877778924
3530 0.1623522279309842
3540 0.1623620609979894
3550 0.1623719706644202
3560 0.1623819669120969
3570 0.1623920123431735
3580 0.1624020982342983
3590 0.1624122164156374
3600 0.1624223561072395
3610 0.1624325046560161
3620 0.162442670720906
3630 0.162452836859555
3640 0.1624629757047573
3650 0.1624730944253421
3660 0.1624831841834758
3670 0.1624932470292098
3680 0.1625032698589136
3690 0.1625132790035611
3700 0.1625232467780585
3710 0.1625331708266916
3720 0.1625430559683527
3730 0.1625528825778192
3740 0.1625626585803018
3750 0.162572392793831
3760 0.1625820819696778
3770 0.1625917328100905
3780 0.1626013751955821
3790 0.1626110030874331
3800 0.1626206121540675
3810 0.1626301834823839
3820 0.1626396967355113
3830 0.1626491989594016
3840 0.1626586943229728
3850 0.1626681776217215
3860 0.1626776387040971
3870 0.1626870798617389
3880 0.1626964759397379
3890 0.162705815951347
3900 0.1627150948742489
3910 0.1627243165517827
3920 0.162733464557035
3930 0.1627425477542974
3940 0.1627515561538591
3950 0.162760519270132
3960 0.1627694709085039
3970 0.1627783755058068
3980 0.1627872541193791
3990 0.1627960797209928
4000 0.1628047826984028
4010 0.162813321705801
4020 0.16282167912274
4030 0.1628298463813654
4040 0.1628378215001993
4050 0.1628456500735306
4060 0.1628533781119605
4070 0.1628609971073975
4080 0.1628684905825121
4090 0.1628758142818428
4100 0.1628829742305923
4110 0.1628899673134288
4120 0.1628967944310494
4130 0.1629034328683813
4140 0.1629098876216904
4150 0.162916165100385
4160 0.1629222470841263
4170 0.1629281122366598
4180 0.162933744563616
4190 0.1629391352182856
4200 0.1629442638556997
4210 0.1629491770596911
4220 0.1629538666406315
4230 0.1629583524975529
4240 0.16296264890137
4250 0.1629667544746701
4260 0.1629707222733281
4270 0.1629745402698226
4280 0.162978208590642
4290 0.1629817271149932
4300 0.162985052517593
4310 0.1629881696488577
4320 0.1629910882880578
4330 0.1629937688816064
4340 0.1629962188099804
4350 0.1629984370933367
4360 0.1630004385169081
4370 0.1630022405944585
4380 0.1630038517660874
4390 0.1630052539415168
4400 0.1630064532657844
4410 0.1630075163039067
4420 0.1630084608134731
4430 0.1630092315834228
4440 0.1630097592459521
4450 0.1630100301457498
4460 0.1630100027831224
4470 0.1630096126146079
4480 0.1630088087140195
4490 0.1630075280102006
4500 0.1630057584145299
4510 0.1630034952683423
4520 0.1630007576016348
4530 0.1629975479081852
4540 0.1629939215189598
4550 0.1629899509271567
4560 0.1629856872605641
4570 0.1629811736046316
4580 0.1629763804761556
4590 0.1629713707538353
4600 0.1629662059944156
4610 0.1629608919056179
4620 0.1629554533902512
4630 0.1629499184687103
4640 0.1629442961171432
4650 0.1629386160368265
4660 0.1629328384557086
4670 0.1629268882489424
4680 0.1629207403929359
4690 0.1629143987304752
4700 0.1629078789264419
4710 0.1629011996714545
4720 0.1628943858764268
4730 0.1628874220406107
4740 0.1628803384020665
4750 0.1628731026043117
4760 0.1628656493529466
4770 0.162857942599782
4780 0.162849934671238
4790 0.1628416028121396
4800 0.1628329971126397
4810 0.1628242097702537
4820 0.1628152017169762
4830 0.1628059867700138
4840 0.162796576023691
4850 0.1627869462241995
4860 0.1627771579234181
4870 0.1627672902349445
4880 0.1627574115605852
4890 0.1627475732307495
4900 0.1627377281742021
4910 0.1627278291128084
4920 0.1627177895074341
4930 0.1627075940874225
4940 0.1626972925326285
4950 0.1626869095486943
4960 0.1626764467993038
4970 0.162665941245195
4980 0.1626554919055222
4990 0.1626452174316702
5000 0.1626350897407905
5010 0.1626251321850424
5020 0.1626153785961049
5030 0.1626059154142205
5040 0.1625967190550088
5050 0.1625878013351227
5060 0.1625791293426234
5070 0.1625706968928661
5080 0.162562484753742
5090 0.1625544785670168
5100 0.1625467054569799
5110 0.1625392161618133
5120 0.1625320302116303
5130 0.1625251418818081
5140 0.1625185049764469
5150 0.1625121116663701
5160 0.1625059513565062
5170 0.1625000032451455
5180 0.1624942667720901
5190 0.162488733614218
5200 0.1624834524397091
5210 0.162478412491287
5220 0.1624736207632612
5230 0.1624690554481119
5240 0.1624647338326571
5250 0.1624606473308896
5260 0.1624567820262621
5270 0.1624531169191542
5280 0.1624496935541941
5290 0.1624465480865825
5300 0.162443695922989
5310 0.162441154489129
5320 0.1624389271758837
5330 0.1624370406133125
5340 0.1624354659500024
5350 0.1624342093825359
5360 0.1624332608184429
5370 0.1624326196612512
5380 0.1624322694213378
5390 0.1624321969016744
5400 0.1624323878100152
5410 0.1624328201969966
5420 0.1624334611539015
5430 0.162434295289419
5440 0.162435298322133
5450 0.1624364469096534
5460 0.1624377511999177
5470 0.1624391981021185
5480 0.1624407859491176
5490 0.1624424846339015
5500 0.1624442907321626
5510 0.162446212305389
5520 0.1624482909633963
5530 0.162450500262242
5540 0.1624528456371582
5550 0.1624553133671801
5560 0.1624579075067349
5570 0.1624606008609829
5580 0.1624634042655889
5590 0.1624662725667866
5600 0.1624692165621995
5610 0.1624722192976771
5620 0.162475270966812
5630 0.1624783837331547
5640 0.1624815366163583
5650 0.1624847048122737
5660 0.1624878810529799
5670 0.1624910658915199
5680 0.1624942413538346
5690 0.1624974060680051
5700 0.1625005320632767
5710 0.1625036068438382
5720 0.1625066084040931
5730 0.1625095130612021
5740 0.1625123130985038
5750 0.1625149866496731
5760 0.1625175031642167
5770 0.162519827842305
5780 0.1625219307310642
5790 0.162523783883791
5800 0.1625253798529487
5810 0.1625266978260368
5820 0.1625277112090515
5830 0.1625283975668694
5840 0.1625287637731432
5850 0.1625288066394477
5860 0.1625285349502573
5870 0.1625279137289048
5880 0.1625269540426596
5890 0.1625256556696826
5900 0.1625240266328691
5910 0.16252205076319
5920 0.1625197067265967
5930 0.1625169604337654
5940 0.1625138296260066
5950 0.1625103084006324
5960 0.16250638660811
5970 0.1625020532595784
5980 0.1624972848635298
5990 0.1624920810729525
6000 0.1624864306601219
6010 0.1624803380869669
6020 0.162473786140312
6030 0.1624667556094755
6040 0.1624592292527595
6050 0.1624511636720471
6060 0.162442551662788
6070 0.1624334056419602
6080 0.1624237168458269
6090 0.1624135321867049
6100 0.1624028917780702
6110 0.1623918620856134
6120 0.1623805252024331
6130 0.1623688808330879
6140 0.1623569267225881
6150 0.1623447019137981
6160 0.1623321750346268
6170 0.162319368553349
6180 0.1623063112237549
6190 0.1622930194832688
6200 0.1622795039433126
6210 0.1622657302489514
6220 0.1622516331541955
6230 0.1622372806480172
6240 0.162222767496282
6250 0.1622080948012031
6260 0.1621933633194429
6270 0.1621786302506587
6280 0.1621639156933923
6290 0.1621491449086147
6300 0.1621343283526303
6310 0.1621194698943535
6320 0.1621045119079433
6330 0.1620894718465135
6340 0.1620744455915678
6350 0.162059443462944
6360 0.1620446046920222
6370 0.1620300114381991
6380 0.1620157205799546
6390 0.1620018128008779
6400 0.1619883823395528
6410 0.1619754462065602
6420 0.161963007706728
6430 0.1619511569673155
6440 0.1619400238982377
6450 0.1619295639221806
6460 0.1619198209282418
6470 0.1619108482623105
6480 0.1619026384104542
6490 0.1618952034108141
6500 0.1618885842423661
6510 0.16188284713998
6520 0.161877985203331
6530 0.1618740479201134
6540 0.1618710637844803
6550 0.1618690636598938
6560 0.1618681306314635
6570 0.1618683764405748
6580 0.1618698806671657
6590 0.1618727394160648
6600 0.1618770401248484
6610 0.1618828203149342
6620 0.1618901013945405
6630 0.1618988714852921
6640 0.1619091177629386
6650 0.1619207825226593
6660 0.1619338343077738
6670 0.161948272686627
6680 0.1619641061823276
6690 0.1619813195244917
6700 0.1619998888850155
6710 0.1620197990642957
6720 0.1620410712553442
6730 0.1620637515582983
6740 0.1620878821232366
6750 0.1621134859579324
6760 0.1621405962826898
6770 0.1621691464452799
6780 0.1621990575918347
6790 0.1622303182595903
6800 0.1622628546416498
6810 0.1622965639695529
6820 0.162331398590187
6830 0.162367271470143
6840 0.1624041065725291
6850 0.1624418214209168
6860 0.1624803045707696
6870 0.1625195103835538
6880 0.1625593380401201
6890 0.1625997103697508
6900 0.1626404929858939
6910 0.1626815232902088
6920 0.1627226444073918
6930 0.1627637475708538
6940 0.162804705953398
6950 0.1628453533528214
6960 0.1628856041044272
6970 0.1629253886546213
6980 0.1629645843015374
6990 0.1630030818512835
7000 0.1630408023745654
7010 0.1630777290070665
7020 0.1631137935952794
7030 0.1631488852789737
7040 0.1631829196826326
7050 0.1632158782474476
7060 0.1632477398020175
7070 0.1632785171337801
7080 0.1633082174507422
7090 0.1633367652033283
7100 0.163364076298674
7110 0.163390079740968
7120 0.1634147676787449
7130 0.1634380909073062
7140 0.1634599424517838
7150 0.1634802416741583
7160 0.1634989564320067
7170 0.1635160778713964
7180 0.1635315986998101
7190 0.1635454808863959
7200 0.1635577480258864
7210 0.1635683812389488
7220 0.1635772942846551
7230 0.1635843988736526
7240 0.1635896590311543
7250 0.163593074395512
7260 0.1635946876738997
7270 0.1635945350828104
7280 0.1635925388017421
7290 0.1635886679837922
7300 0.1635829185990714
7310 0.1635753283135151
7320 0.1635659246593339
7330 0.1635547226628331
7340 0.1635417093979168
7350 0.1635268658705731
7360 0.1635101729634357
7370 0.1634916650661992
7380 0.1634713819912669
7390 0.1634493726998565
7400 0.1634256708698976
7410 0.1634003037009865
7420 0.1633733418998861
7430 0.1633448491117629
7440 0.1633148965828886
7450 0.1632835886714374
7460 0.1632510163984487
7470 0.1632173145045193
7480 0.1631826182569672
7490 0.1631470511580396
7500 0.1631107446415177
7510 0.1630737874531886
7520 0.1630363019387118
7530 0.1629983379232289
7540 0.1629599606285954
7550 0.1629212499066324
7560 0.1628822889037806
7570 0.1628431542736077
7580 0.1628038567375311
7590 0.162764362242574
7600 0.1627246813587628
7610 0.162684836572743
7620 0.1626448186472747
7630 0.1626046121798512
7640 0.1625642961590421
7650 0.1625241632000592
7660 0.1624842586001836
7670 0.1624445551727126
7680 0.1624050751005029
7690 0.1623659143220207
7700 0.1623271467170098
7710 0.1622888091216497
7720 0.1622509068280232
7730 0.1622135055112007
7740 0.1621766992602608
7750 0.1621404856183567
7760 0.1621048954868072
7770 0.1620699091613399
7780 0.1620355605779721
7790 0.1620018948919822
7800 0.1619689271172149
7810 0.1619366230124777
7820 0.1619049745007252
7830 0.1618739845178657
7840 0.1618435956206209
7850 0.1618137505076226
7860 0.1617844174683503
7870 0.1617555901422187
7880 0.161727242818892
7890 0.1616993728333357
7900 0.1616719586546336
7910 0.161644975862936
7920 0.161618392940152
7930 0.1615921957458925
7940 0.1615663300095115
7950 0.161540784181625
7960 0.161515523218951
7970 0.1614905738033768
7980 0.1614659186977298
7990 0.161441574257232
8000 0.1614175613058776
8010 0.1613938910752469
8020 0.1613705624798545
8030 0.1613476110595995
8040 0.1613250592647126
8050 0.1613029523588772
8060 0.1612813569405901
8070 0.161260342440236
8080 0.1612399984960552
8090 0.1612203532214925
8100 0.1612014032004713
8110 0.1611831343472554
8120 0.1611655502274326
8130 0.1611486597111851
8140 0.1611324857874619
8150 0.1611170733909781
8160 0.1611024532547725
8170 0.1610886538221145
8180 0.1610756965803734
8190 0.1610635773340501
8200 0.1610522791253217
8210 0.1610418110469081
8220 0.1610321631883698
8230 0.1610233149982465
8240 0.1610152651632641
8250 0.161007971226182
8260 0.1610013987639238
8270 0.1609955256577486
8280 0.1609902867091096
8290 0.1609855742629443
8300 0.1609812911922315
8310 0.1609773656164822
8320 0.1609736742544316
8330 0.1609701319898616
8340 0.1609666055613481
8350 0.1609629217625025
8360 0.1609588722367991
8370 0.1609543034792477
8380 0.1609490954553057
8390 0.1609431292577133
8400 0.1609362911658958
