"Time Step" "mass-flux"
22610 -1.479680962201968e-07
22620 -1.472545625713639e-07
22630 -1.282090072995956e-07
22640 -1.393503624019798e-07
22650 3.71079492827997e-08
22660 3.414127403011946e-08
22670 7.889388398130137e-08
22680 1.089738745629898e-07
22690 -8.836002907131046e-08
22700 -6.026302651340742e-09
22710 8.603425818987098e-08
22720 -1.609352019704691e-07
22730 5.472081421320496e-08
22740 -1.49852859843147e-08
22750 -1.417603502362752e-07
22760 -9.850327323257524e-08
22770 -1.804144055955748e-07
22780 1.055070888156262e-07
22790 1.509957534978623e-07
22800 6.700846039153774e-08
22810 -9.021053093416498e-08
22820 1.493602476976275e-07
22830 5.429171023862978e-08
22840 -1.174338349896331e-07
22850 1.995785803288186e-08
22860 -1.155958970766591e-07
22870 -1.960911294590639e-07
22880 1.042864789801978e-07
22890 8.716042695922077e-08
22900 1.685849423255226e-07
22910 1.832084467329187e-07
22920 1.893091099852695e-07
22930 7.878097266211803e-08
22940 1.611973089871155e-07
22950 -1.504197917195915e-07
22960 -2.264583812694454e-07
22970 -2.035737597938514e-07
22980 -2.493543988651981e-07
22990 -1.773647539671241e-07
23000 -9.743562452702026e-08
23010 -1.275882351436941e-07
23020 -8.86657561816051e-08
23030 -9.897661709667993e-08
23040 1.322968728734164e-07
23050 6.560359332163923e-08
23060 -1.48648076278568e-07
23070 -3.553184403648491e-08
23080 7.929070031109653e-08
23090 -1.156801364421423e-08
23100 -9.327458967700597e-08
23110 -1.479893964456691e-07
23120 1.374482905686092e-07
23130 -1.785467811932229e-07
23140 -1.513845138967351e-07
23150 -2.014773894665201e-07
23160 -1.513130146596486e-07
23170 -1.253575887677494e-07
23180 -3.053148882325996e-08
23190 1.32706295341567e-07
23200 -1.432932673905984e-08
23210 -7.7768256320776e-08
23220 7.005253471747963e-08
23230 5.088288881904823e-08
23240 -1.658722438291349e-07
23250 -1.755289790877912e-07
23260 -1.621764047360363e-07
23270 1.685665384915103e-07
23280 1.910763657436698e-07
23290 1.213861526572213e-07
23300 1.648204796395047e-07
23310 1.838051979091704e-07
23320 1.583053098191955e-07
23330 -4.610313103503572e-08
23340 -1.648970912454528e-07
23350 -1.272268566332446e-07
23360 -1.203540661853797e-07
23370 -1.305237993798336e-07
23380 -1.820159754861717e-07
23390 4.027041231036144e-08
23400 -7.933769546886182e-08
23410 1.2968319890172e-09
23420 -1.685058725470201e-07
23430 -1.111039676926495e-08
23440 -1.948264127804578e-07
23450 -1.402353638907394e-07
23460 -1.25014111881927e-07
23470 -1.433965833574913e-07
23480 -1.406047581004044e-07
23490 -1.552939455778946e-07
23500 3.876882614939348e-08
23510 -1.360097543062766e-07
23520 -1.0550295241607e-07
23530 9.476919694828556e-08
23540 4.43884252271376e-08
23550 7.280343219950858e-08
23560 1.686148794199926e-08
23570 -1.20345067966543e-07
23580 1.157707600202285e-07
23590 -1.705466582957449e-07
23600 -1.282849713263312e-07
23610 5.877205881688052e-08
23620 1.366469308955454e-07
23630 1.799696937310191e-08
23640 1.562208952893274e-07
23650 -2.127105576399391e-07
23660 1.203682282180374e-07
23670 8.731451689447667e-08
23680 3.08959544337295e-08
23690 2.217830987333302e-07
23700 1.003754465933593e-07
23710 1.156887073777702e-07
23720 1.824898984148504e-07
23730 1.980490066666452e-07
23740 -1.936474838815094e-07
23750 -1.765014398802389e-07
23760 -3.318112217071123e-07
23770 -2.433773788196314e-07
23780 -2.11637289665445e-07
23790 -1.782375786824053e-07
23800 4.356710874009462e-08
23810 1.125972683424514e-07
23820 -1.430530221918636e-07
23830 -1.730878753936071e-07
23840 1.425598298437913e-07
23850 2.014519981385909e-09
23860 1.327586192367836e-08
23870 1.093604930640923e-07
23880 6.279438601042298e-08
23890 -1.785138501048111e-07
23900 -1.873827907561409e-07
23910 -1.353059503050869e-07
23920 -6.435441345098436e-08
23930 1.166355697163057e-07
23940 7.168089208309247e-08
23950 1.152028102774372e-07
23960 3.458291442104411e-08
23970 -1.555497307348386e-08
23980 -7.951547405238291e-08
23990 -1.396013064869361e-07
24000 1.194372567236979e-07
14810 -1.957457453072298e-07
14820 -6.483375433741223e-08
14830 1.124517473721776e-07
14840 1.136665832152106e-07
14850 -1.345049993051184e-07
14860 -1.19380785118528e-08
14870 1.208210617387184e-07
14880 1.229244662587226e-07
14890 7.183093410356722e-08
14900 1.598798796409451e-07
14910 1.843632182058075e-07
14920 1.226476826210465e-07
14930 1.777335467689767e-08
14940 -1.706116221911191e-07
14950 -2.264495005954714e-07
14960 -1.104958237269082e-07
14970 1.140159767987203e-08
14980 -1.260755238680078e-07
14990 -1.740214579937227e-07
15000 1.164692095823039e-07
15010 -1.563746857974335e-07
15020 -1.548696721559439e-07
15030 -1.076744227251902e-07
15040 -1.624037297837111e-07
15050 -5.220742908818021e-08
15060 -1.065589866205974e-07
15070 1.584237471208283e-07
15080 1.983725852472418e-07
15090 1.311408908133416e-07
15100 -4.984865328849786e-08
15110 1.283090842185697e-07
15120 1.486917501625218e-07
15130 -6.861325148321828e-08
15140 1.698986067666386e-07
15150 -9.563178549054641e-08
15160 -1.885209951757449e-07
15170 9.460975439190555e-08
15180 -1.452087014935932e-07
15190 -1.881804195941195e-07
15200 1.967758815613063e-08
15210 4.677221526749875e-09
15220 -1.210892051906054e-08
15230 1.144382996837168e-07
15240 1.217797098995721e-07
15250 -1.81333487947466e-08
15260 1.274877404894292e-07
15270 1.349537835093617e-07
15280 1.342053711494984e-07
15290 1.811422107589333e-07
15300 1.493023013970918e-07
15310 3.363839602699148e-08
15320 -1.844028474362602e-07
15330 -1.660994804614235e-07
15340 -1.585333182646531e-07
15350 -1.049390630364355e-07
15360 -2.041805273467201e-08
15370 1.321239767593241e-07
15380 -2.89197740893643e-07
15390 -3.732630018959959e-08
15400 -1.25762905298088e-07
15410 1.115909895321732e-07
15420 -2.533978946117621e-08
15430 -1.284087684100266e-07
15440 -1.330193796500456e-07
15450 -1.881973123590841e-07
15460 -1.567435971572273e-07
15470 8.985036467623608e-08
15480 -1.323887570542359e-07
15490 -1.366367685523562e-07
15500 -1.034118705944831e-07
15510 -1.627832111467109e-07
15520 -1.247206634219511e-07
15530 -1.012168359820764e-07
15540 -4.175667438210962e-08
15550 -1.866970418679115e-07
15560 -2.388486783355681e-09
15570 4.079013893321104e-08
15580 -2.135702033279063e-08
15590 9.474918240270913e-08
15600 7.042549524105546e-08
15610 -8.396867717808121e-08
15620 1.701520449398641e-07
15630 1.857319935488766e-07
15640 1.432417875701919e-07
15650 -2.632113694639449e-07
15660 -1.775588565205988e-07
15670 -8.369646595229874e-08
15680 1.823060914729613e-08
15690 2.222416197739108e-07
15700 2.530925690136243e-07
15710 1.700519993014238e-07
15720 1.334127405910879e-07
15730 8.744363572121827e-08
15740 -1.369991097094347e-07
15750 -1.695400916740253e-07
15760 -1.101204800818545e-07
15770 -1.645029628905004e-07
15780 -8.910906054704348e-08
15790 -8.167972728734263e-09
15800 7.563835308088684e-08
15810 -5.654984133740548e-08
15820 -1.243783945420462e-07
15830 -1.932088070644156e-07
15840 -2.047310761199572e-07
15850 -1.184880819987688e-07
15860 1.296143807283379e-07
15870 5.870082413206301e-08
15880 1.751134540983745e-07
15890 -7.873358534582486e-09
15900 -5.96205304848052e-08
15910 1.887659209498516e-09
15920 -1.906677569163406e-07
15930 -1.493035724775549e-07
15940 -1.70042942879145e-07
15950 -1.011982188325877e-07
15960 -1.578171296839903e-07
15970 -1.049598078450842e-07
15980 7.279123667713883e-08
15990 3.919929933426936e-08
16000 1.227291552829968e-07
16010 -3.985659632887995e-08
16020 -1.550559026730625e-07
16030 1.241732266454854e-07
16040 1.417655734053946e-07
16050 2.090876313753931e-08
16060 1.137855671906607e-07
16070 1.661394585100728e-07
16080 8.993303217408322e-08
16090 1.161214275291478e-07
16100 1.80519940884416e-07
16110 1.712545729531945e-07
16120 2.63668003680495e-08
16130 -1.284366558107486e-07
16140 -1.49524644416088e-07
16150 -2.113799152658746e-07
16160 -2.520513665837942e-08
16170 -2.05957151375169e-07
16180 -1.678060536913772e-07
16190 -1.394751300703989e-07
16200 -7.250786157597666e-08
16210 -8.757847735907376e-08
16220 -9.058439885689662e-08
16230 -1.325845619126742e-07
16240 -1.221677953938682e-07
16250 -1.266420283918546e-07
16260 -1.957999057333737e-08
16270 -1.610421999503897e-07
16280 -1.804460902088412e-07
16290 -1.417766875011495e-07
16300 -9.765101416370214e-08
16310 3.004528030536857e-08
16320 -7.717145414365412e-08
16330 -8.934976600261102e-08
16340 7.313225564020698e-08
16350 1.621987375938216e-07
16360 9.128362031540771e-08
16370 1.031425265751729e-07
16380 1.072431082410619e-07
16390 7.7263675055117e-08
16400 1.464658169747501e-08
16410 -8.763855732785153e-08
16420 -1.639510912587738e-07
16430 -1.30465670142299e-07
16440 -1.610562235798696e-07
16450 -1.818150071192237e-07
16460 -8.167864570807204e-08
16470 6.559938743599947e-08
16480 -1.121042286361673e-07
16490 -6.428310780903779e-08
16500 1.158937034950736e-07
16510 6.6985828675592e-08
16520 -3.777159277018605e-08
16530 -1.381811638306862e-07
16540 -2.020871525121315e-07
16550 -1.617894809513576e-07
16560 -1.453309518839596e-07
16570 -1.040068396268579e-07
16580 -1.100291782685225e-07
16590 -1.326058249734308e-07
16600 1.136825645703388e-07
16610 -1.291563688499142e-07
16620 -4.70726146672984e-08
16630 1.118220259027636e-07
16640 -1.198121892115322e-07
16650 -1.078058177589325e-07
16660 -1.240503118282721e-07
16670 -9.94815357729939e-08
16680 -7.343758032241077e-08
16690 4.72411096352765e-08
16700 -3.697325792750839e-08
16710 -1.661602258562489e-08
16720 -9.899199869545239e-08
16730 -1.299081578975958e-07
16740 -1.159224774227585e-07
16750 -1.61244383595216e-07
16760 -1.742963761375282e-07
16770 -1.898595862331875e-07
16780 -1.297144797685057e-07
16790 1.551556449291835e-07
16800 1.837646061569886e-07
16810 7.040149276049679e-08
16820 -2.088683711681805e-07
16830 4.789140634064992e-08
16840 9.662066255411439e-08
16850 1.405510298563284e-07
16860 8.975691881407677e-08
16870 8.517816593722749e-08
16880 1.164668368136557e-07
16890 1.736670984658906e-07
16900 1.373665835385784e-07
16910 6.267145075122826e-08
16920 -9.049158922191936e-09
16930 -1.570812028922619e-07
16940 -1.796774237033949e-07
16950 -9.35899897858139e-09
16960 5.374556584503143e-08
16970 -2.463698067917131e-07
16980 -1.609558136078659e-07
16990 -2.316163720261777e-07
17000 -1.096347740092707e-07
17010 1.712423084304637e-07
17020 -1.704439534649937e-07
17030 -1.556677378944382e-07
17040 -1.433779646536903e-07
17050 -1.068859634412167e-07
17060 9.783672313967706e-08
17070 9.989220808859223e-08
17080 4.676471182518682e-09
17090 1.302657511165206e-07
17100 -1.47323790819498e-07
17110 -1.392163358204801e-08
17120 -1.542012499633483e-08
17130 4.069008771589999e-08
17140 5.424758239835903e-09
17150 -1.399828014336801e-07
17160 -1.016065191150606e-07
17170 -1.503401636515633e-07
17180 8.716448698931067e-08
17190 1.772359397994583e-07
17200 6.656388672199309e-08
17210 -1.577855311823972e-07
17220 -1.124856983530931e-07
17230 -1.389785495298224e-07
17240 -1.070981240774982e-07
17250 1.114570086085953e-07
17260 1.75399268609322e-07
17270 1.530462239579533e-07
17280 1.451265325136397e-07
17290 1.764337935611371e-07
17300 8.936575138229763e-08
17310 1.566037078071236e-07
17320 1.215542886900955e-07
17330 -6.099645252777286e-08
17340 -1.102465494312588e-07
17350 -1.613759878088539e-07
17360 -1.920366696078757e-07
17370 -7.981309042837115e-08
17380 -1.378548431379967e-07
17390 -1.550584958348589e-07
17400 -1.781308117537739e-07
17410 -1.352147859373654e-07
17420 -8.51362644549436e-08
17430 1.023688021017932e-07
17440 1.094775829851846e-07
17450 2.035017154788932e-08
17460 1.091571351918841e-07
17470 1.110975542395476e-07
17480 9.936509541563776e-08
17490 -1.366414052739184e-08
17500 2.779978423850249e-08
17510 -9.78248422406347e-08
17520 -4.967562612645526e-08
17530 -2.270657111641539e-07
17540 -6.70770019112199e-08
17550 -7.973849988629489e-08
17560 -3.731871234258222e-08
17570 -3.581440567723693e-08
17580 1.073402781937016e-07
17590 -3.893174931046683e-08
17600 1.175399555741752e-07
17610 8.960283355563536e-08
17620 1.433468298367435e-07
17630 9.905802897391958e-08
17640 7.97502803379091e-08
17650 -5.231323466081683e-08
17660 8.130286635599226e-08
17670 8.387707170487424e-08
17680 7.95777016504573e-08
17690 7.344274106924065e-08
17700 4.571572381761868e-08
17710 5.047653786616202e-08
17720 -7.285406587731469e-08
17730 -1.209818080993852e-07
17740 3.007598903259634e-08
17750 1.441072761398932e-07
17760 1.105328351208579e-07
17770 -1.412413940526935e-07
17780 -2.303614116405672e-07
17790 -1.148709641990431e-07
17800 -1.503587627599279e-07
17810 -3.642188284302961e-08
17820 -1.628964230726559e-07
17830 1.163851039015507e-07
17840 -1.24030226561489e-07
17850 -1.453146178664877e-07
17860 -1.593194704774259e-07
17870 -1.352399986997987e-07
17880 -1.671267711167435e-07
17890 4.346549520306553e-08
17900 1.493185639162009e-07
17910 1.073156369740813e-07
17920 1.358416262808859e-08
17930 1.632409452889672e-07
17940 -8.911126697652705e-09
17950 -1.287211099376684e-07
17960 -6.344127620461215e-08
17970 9.618653697140989e-08
17980 -1.784528025766674e-07
17990 -1.134039231409645e-07
18000 -1.086408319833643e-07
18010 1.202133735611621e-07
18020 1.13037404686489e-07
18030 -1.826241251556837e-07
18040 -1.730542326383588e-07
18050 7.018175857131936e-08
18060 -1.218142524211929e-07
18070 2.021274952968e-10
18080 1.209579446881381e-07
18090 2.807040024588314e-07
18100 1.356994433210357e-07
18110 1.323243433576371e-07
18120 -2.666881884771932e-08
18130 -1.710218694578325e-07
18140 -1.703810188075083e-07
18150 -1.252431164611156e-07
18160 -1.015312601909679e-07
18170 -1.2310527305881e-07
18180 -2.245306003900716e-07
18190 -1.307229382380148e-07
18200 -1.988270970920691e-07
18210 -1.921652169750709e-07
18220 -5.320810657349906e-08
18230 -2.071031209444074e-07
18240 -4.139794113067197e-08
18250 9.097599915075527e-08
18260 2.614692640179328e-08
18270 6.455441421693298e-08
18280 8.142406907052369e-08
18290 -1.202788055681969e-07
18300 -1.318096640445798e-07
18310 -1.556133653463077e-07
18320 -1.165577786232941e-07
18330 -1.159701243230726e-07
18340 -1.99928957250739e-07
18350 -1.545847395784117e-07
18360 -1.4128866905605e-07
18370 4.232867666098539e-08
18380 9.796493657954208e-08
18390 -1.080633057481961e-07
18400 -2.652193170638029e-08
18410 7.545560853916555e-08
18420 1.497324317728532e-07
18430 1.993124231908228e-07
18440 9.947032360291264e-08
18450 9.333200576278067e-08
18460 1.200236918741382e-07
18470 1.240104883920568e-07
18480 1.531565891471631e-07
18490 1.87531858528156e-07
18500 2.134411214577137e-07
18510 1.217791832652804e-07
18520 6.286502006458417e-08
18530 -1.173427604250765e-07
18540 -1.230594166568011e-07
18550 -1.445251512216528e-07
18560 -1.632212300317626e-07
18570 -2.42987472878764e-07
18580 -1.193570999952209e-07
18590 -1.514548903791546e-07
18600 -1.739465252253991e-07
18610 -1.642888377562102e-07
18620 -2.198401539976746e-08
18630 -6.245344236210926e-08
18640 1.062797633372137e-07
18650 9.70839640485055e-08
18660 -8.69151743354557e-08
18670 -1.404127115134379e-07
18680 -1.907607876383555e-07
18690 -8.639433550505782e-08
18700 -1.154868674857479e-07
18710 1.738736969542076e-07
18720 4.830209678063913e-08
18730 -7.54274251252296e-08
18740 5.346707851461296e-08
18750 2.819837542633596e-08
18760 4.530687697235081e-08
18770 -1.345608387770536e-07
18780 -1.707590513155832e-07
18790 -2.726494623683795e-07
18800 -7.56365397813763e-08
18810 1.058232839412643e-07
18820 1.056673650939866e-07
18830 1.564534178183363e-07
18840 1.666588646392908e-07
18850 9.874633676021372e-08
18860 2.137526461665207e-07
18870 -2.086091983877214e-07
18880 -5.606644556954699e-08
18890 1.524975599132006e-07
18900 3.212800988999787e-07
18910 1.51825161734398e-07
18920 1.249741820585903e-07
18930 1.554915465967754e-07
18940 7.629253644114709e-08
18950 -7.346408630037882e-08
18960 -2.008398655023447e-07
18970 -1.858542761912219e-07
18980 -1.712294497441258e-07
18990 -1.665548662044269e-07
19000 -1.477463988375227e-07
19010 2.08804272622265e-08
19020 -6.49888877435334e-08
19030 8.207346727240328e-08
19040 -1.079346868687603e-07
19050 -1.561661175930595e-07
19060 -1.526221144465545e-07
19070 -1.205546827504067e-07
19080 -1.344699125660487e-08
19090 7.370969602737976e-08
19100 6.64679193768114e-08
19110 8.552649290172187e-08
19120 1.246880920457993e-07
19130 -1.272895241571925e-07
19140 -3.428494940727056e-08
19150 -2.767137380343954e-08
19160 -1.355361666788291e-07
19170 -1.36698990169104e-07
19180 3.631448095009482e-08
19190 1.186395678226537e-07
19200 1.469869869846763e-07
19210 6.973576101299006e-08
19220 7.240677322994937e-08
19230 -1.011847601123383e-07
19240 -6.790377912735401e-08
19250 -7.94616780708246e-08
19260 -3.310572878334472e-08
19270 5.241921517684656e-08
19280 3.173735205197481e-08
19290 1.385956570759683e-07
19300 1.409806127117275e-07
19310 1.286380106879648e-07
19320 -1.352665810333553e-07
19330 -2.767556972482765e-08
19340 -5.967500515957624e-08
19350 -1.428083537119429e-07
19360 -1.98430437858832e-07
19370 -1.255278777589908e-07
19380 -1.572761563761738e-07
19390 -1.476191529431459e-07
19400 -9.539119324997181e-08
19410 -1.078549980854104e-07
19420 -4.12757813067488e-08
19430 -5.461282284735525e-08
19440 -1.01025835891333e-07
19450 1.064809020262514e-07
19460 -1.683713665989739e-07
19470 2.702830230461029e-08
19480 -7.771282890811637e-08
19490 -1.87132506490606e-07
19500 -1.452474603924614e-07
19510 -1.469277425003579e-07
19520 -7.493684253678801e-08
19530 -1.804530616461575e-07
19540 -1.431421839115377e-07
19550 -8.510142281148436e-08
19560 5.281127701817212e-09
19570 4.697160954636459e-08
19580 8.314670904563393e-08
19590 -2.433586380329311e-07
19600 -1.532028537365449e-07
19610 -1.696388975125362e-07
19620 -5.29391055437145e-08
19630 -5.338683782551978e-08
19640 1.12032370852555e-07
19650 6.618528712587501e-08
19660 7.752095833313266e-08
19670 1.133204946823785e-07
19680 1.145778468353287e-07
19690 1.562868105764448e-07
19700 5.703451867733467e-08
19710 1.701718834734578e-07
19720 1.926911294553024e-07
19730 -1.219847463179713e-07
19740 -1.765579390466954e-07
19750 -1.956353128107491e-07
19760 -2.08824672803809e-07
19770 -1.620864800710997e-07
19780 -2.259764378953477e-07
19790 -1.012332672967187e-07
19800 -1.873473985114504e-07
19810 -2.053256058787145e-07
19820 1.374781640056666e-07
19830 7.429216006271666e-08
19840 -1.374176948482075e-07
19850 -1.919425047514078e-07
19860 -1.283268627472189e-07
19870 1.374992846248091e-07
19880 1.098651585401678e-07
19890 1.368694129144643e-07
19900 1.61747541388424e-07
19910 1.414024399654101e-07
19920 -6.12082502321476e-08
19930 1.19548268326386e-07
19940 -2.520267676497934e-08
19950 -2.195986019692953e-07
19960 -1.546635326477031e-07
19970 -5.651133674899889e-08
19980 3.840660225962189e-08
19990 6.976144391324102e-08
20000 -1.145918246819866e-07
20010 -1.278745006966231e-07
20020 -1.500772691953589e-07
20030 -1.793625611506977e-07
20040 -1.66084240985076e-07
20050 1.165728144431055e-07
20060 1.737450657790518e-07
20070 1.943256729280973e-07
20080 -2.021009739977542e-07
20090 2.208129625119737e-07
20100 2.485961769493894e-07
20110 1.819712211054147e-07
20120 1.289420614308812e-07
20130 8.146101314332466e-08
20140 -1.929310190496025e-07
20150 -2.321932806442772e-07
20160 -1.320065141918736e-07
20170 -1.596584489199637e-07
20180 -1.643945844731487e-07
20190 -2.057010327488618e-07
20200 -6.307007312245094e-08
20210 1.183612815675028e-07
20220 -6.275737231276057e-08
20230 1.557731794665784e-07
20240 -1.247835535456154e-07
20250 -1.864871510826038e-07
20260 -1.629253329887836e-07
20270 -1.559185989902234e-07
20280 -2.005150719353033e-07
20290 -2.842286959958695e-08
20300 6.228923714324264e-08
20310 1.643364647696544e-07
20320 -1.411720924465731e-07
20330 -1.407557001786852e-07
20340 1.049056313068286e-07
20350 -9.308251808226586e-08
20360 -4.827391313078078e-08
20370 -1.416888600752619e-07
20380 -1.694137949370678e-07
20390 -1.749985729937453e-07
20400 1.458448177921179e-07
20410 1.15497590325031e-07
20420 7.469773931345625e-08
20430 -4.610354480127921e-08
20440 -5.505503566927139e-09
20450 5.146358444951815e-08
20460 1.074473527928888e-07
20470 3.855907086680599e-08
20480 1.001065100536547e-07
20490 1.410766310716571e-07
20500 2.015954834316824e-07
20510 7.465358994873661e-08
20520 -1.259121781838068e-07
20530 -2.307080843449993e-07
20540 -1.327744320045454e-07
20550 -2.053463161177937e-07
20560 -2.147387965223402e-07
20570 -1.684999302725698e-07
20580 -1.385322120073251e-07
20590 7.589599243518208e-08
20600 -1.595377546736998e-08
20610 -1.378590032824478e-07
20620 -1.50441801086143e-07
20630 -1.57011782089822e-07
20640 -7.859264432308333e-08
20650 -1.71356448919191e-07
20660 -1.570448336513097e-07
20670 -9.635739728341974e-08
20680 3.231720159535545e-08
20690 1.121495382672144e-07
20700 7.883448444045982e-08
20710 -6.557828372000252e-08
20720 -9.188727777276195e-08
20730 3.626663806766128e-08
20740 9.357516111974107e-08
20750 1.025398943532707e-08
20760 1.157142461849503e-07
20770 8.738518107731519e-08
20780 -1.00598711291755e-07
20790 1.061114124623064e-07
20800 1.81888205511016e-07
20810 5.098052396901309e-08
20820 -1.509512862762907e-07
20830 5.322848825595194e-08
20840 -1.975688524169517e-07
20850 -1.554319563612516e-07
20860 -1.134426894783269e-07
20870 -7.602039767129476e-08
20880 -1.327533035860862e-07
20890 -3.656341278357456e-08
20900 1.085878379297744e-07
20910 -4.368401332333072e-08
20920 -1.572113756814764e-07
20930 -1.553390471253913e-07
20940 -1.52146558476951e-07
20950 -2.987901864814901e-08
20960 -1.725697909293888e-07
20970 -1.546747635111645e-07
20980 -1.761937386823842e-07
20990 -1.253938831519141e-07
21000 -7.080671199366506e-08
21010 1.424109917769201e-07
21020 1.002924261556126e-07
21030 -1.75476287736509e-07
21040 -1.301317147511805e-07
21050 6.429250683226417e-08
21060 9.705013774563565e-08
21070 1.045306036590032e-07
21080 1.054484657786459e-07
21090 9.481650019294019e-08
21100 -8.20259657974276e-08
21110 -9.542919376936965e-08
21120 -1.445576329056619e-07
21130 -1.866473023498516e-07
21140 -1.241248632349867e-07
21150 1.049471279046532e-07
21160 8.146594970837029e-08
21170 -1.426828633160904e-07
21180 -2.156246746432e-08
21190 1.440406535713201e-07
21200 1.6804999332376e-07
21210 -1.412769788933232e-07
21220 -1.404127146636958e-07
21230 -1.159492079433333e-07
21240 -7.128846093995556e-08
21250 -2.128539373785765e-07
21260 -1.08011410926423e-08
21270 1.404256511350344e-07
21280 9.611364688855151e-08
21290 1.331797388204325e-07
21300 1.543593683012157e-07
21310 1.280655486796123e-07
21320 1.97357165498957e-07
21330 1.065489919904739e-07
21340 5.396312997840713e-08
21350 -1.255780421594022e-07
21360 -1.229282496906237e-07
21370 -2.005626439649522e-07
21380 -2.335948092457851e-07
21390 -1.967344712416885e-07
21400 -1.519322420373559e-07
21410 -1.539165313674262e-07
21420 -1.240366505478319e-07
21430 -8.260935333015418e-08
21440 -1.788862662721602e-07
21450 -1.048935546893448e-07
21460 -9.45716338018876e-08
21470 -3.660237764269159e-08
21480 -1.379203286994146e-07
21490 -6.163912158463347e-08
21500 -1.278870939286358e-07
21510 5.195575650263073e-08
21520 -8.54348194828658e-08
21530 -6.056267948251204e-08
21540 -6.362072933752128e-08
21550 -1.727442391352696e-07
21560 -1.773384054465366e-07
21570 -1.95311199796544e-07
21580 -1.753881105903687e-07
21590 -2.910563108582398e-08
21600 -1.664334752238261e-07
21610 1.19110794130628e-07
21620 -8.061718556606756e-09
21630 -2.382864619510094e-08
21640 1.680814659260621e-07
21650 -4.424952751436173e-08
21660 -1.732358399231249e-07
21670 1.113454752704746e-07
21680 2.203155909791255e-07
21690 1.53010441053536e-07
21700 1.753567682311052e-07
21710 1.260408908632105e-07
21720 1.105175474469533e-07
21730 1.054329487049088e-07
21740 -1.105458055372655e-07
21750 -1.498694780777132e-07
21760 -1.17650958364468e-07
21770 -2.169395421497411e-07
21780 -1.375737900544127e-07
21790 -1.059488275029219e-07
21800 -1.693743491015809e-07
21810 -6.500723091773519e-08
21820 -1.364093426686752e-07
21830 -2.456656984783923e-08
21840 1.415562618789501e-07
21850 2.668023570129296e-08
21860 -1.779677513968903e-07
21870 -1.6196562557802e-07
21880 -1.48183278050884e-07
21890 -1.615202477878164e-07
21900 -8.89889844313263e-08
21910 1.028262079788567e-07
21920 -1.296250010801581e-07
21930 -1.420205078678238e-07
21940 -7.45671054069863e-08
21950 -3.955827157509084e-08
21960 1.04161335431896e-07
21970 1.275493373004144e-07
21980 1.290391890979015e-07
21990 1.372174187608266e-07
22000 1.563526647041513e-07
22010 -2.524842768192315e-08
22020 -1.536885782527087e-08
22030 -7.923026826284207e-08
22040 -2.617291912365705e-08
22050 1.043694195235201e-07
22060 -9.244485732473606e-09
22070 6.533446346435046e-08
22080 1.492455307255947e-07
22090 1.674704401821714e-07
22100 -2.161298799652211e-08
22110 1.429916330203396e-07
22120 1.276283184137306e-07
22130 -1.51860230335199e-07
22140 -1.705938108415017e-07
22150 -2.106898678577718e-07
22160 -1.253310903254201e-07
22170 -1.328505359471377e-07
22180 -1.646889706691246e-07
22190 -1.454827744107323e-07
22200 -2.289169864083673e-07
22210 -1.267370296209602e-07
22220 -1.120071932009248e-07
22230 2.469258635062754e-08
22240 1.588336619590125e-07
22250 -1.233274476569735e-07
22260 -5.625085175431366e-09
22270 -9.858224692127493e-08
22280 -2.5481900770008e-08
22290 -8.754535262001095e-08
22300 7.745814982473842e-08
22310 -8.398927484054575e-08
22320 -3.742975757115019e-08
22330 1.398004674801889e-07
22340 8.15642589857557e-08
22350 4.254938365533256e-08
22360 8.664506345734679e-08
22370 1.023269382838254e-07
22380 -7.677569467678946e-08
22390 1.42863006993843e-07
22400 1.197601928043524e-07
22410 -1.201167919850921e-07
22420 -1.622377559518107e-07
22430 -1.696000297979339e-07
22440 -1.471217657839086e-07
22450 -1.59826108431238e-07
22460 -1.162841321983299e-07
22470 4.868978344119146e-08
22480 1.736482318076549e-07
22490 1.590972482368169e-07
22500 1.562666767651599e-07
22510 1.232288701497053e-07
22520 1.404900664553344e-07
22530 5.367277695900174e-08
22540 -1.490798857001208e-07
22550 -1.680768187684034e-07
22560 -1.527220385433292e-07
22570 -1.629657147700359e-07
22580 -1.74127936181101e-07
22590 -1.485583449867267e-07
22600 -1.104685688202434e-07
8010 -8.431877682180122e-08
8020 9.76299135146963e-08
8030 -1.100080752186594e-07
8040 1.013624275902902e-07
8050 9.31240203283501e-08
8060 4.280393713085306e-08
8070 1.597663571717423e-07
8080 1.201759368824051e-07
8090 1.016070218934351e-07
8100 1.456046009873369e-07
8110 1.803462958416269e-07
8120 1.921790425407632e-07
8130 -1.448454041291791e-07
8140 -1.023962383911448e-07
8150 -6.364340013331748e-09
8160 -6.018440373845024e-08
8170 -1.054076108897295e-07
8180 -1.35968613951265e-07
8190 -1.358289671155033e-07
8200 -6.353269044190313e-08
8210 -1.173338306931226e-07
8220 -5.245882059301543e-08
8230 1.091653869800258e-07
8240 1.063383926330763e-07
8250 -7.640726422397659e-08
8260 -1.602951074791692e-07
8270 -1.161012956052421e-07
8280 -4.00551354168277e-08
8290 -1.227814502569036e-07
8300 6.141560683625702e-08
8310 -7.257913753333511e-08
8320 9.241397275205898e-08
8330 -1.307726857496805e-07
8340 -1.150446699293983e-07
8350 5.007335827922343e-08
8360 5.001565672735353e-08
8370 -7.551935331251425e-08
8380 -1.403134725769251e-07
8390 1.340414267081425e-08
8400 1.400743982471475e-07
8410 1.048935091840786e-07
8420 1.012271541311893e-07
8430 -8.897176431710285e-08
8440 1.464614912544127e-07
8450 -1.549080475282683e-07
8460 1.85118817705443e-07
8470 1.403413583817015e-07
8480 -1.652388147282968e-07
8490 -1.545849003664612e-07
8500 1.513206333986217e-07
8510 1.63807245559533e-07
8520 1.269866733016878e-07
8530 -1.513232987387925e-07
8540 -1.144557759819032e-07
8550 -1.338127449540538e-07
8560 -1.306084146529551e-07
8570 -1.971114322041334e-07
8580 -3.795617448121291e-08
8590 -1.09344257440136e-07
8600 -2.250361086919561e-07
8610 -1.256391998910589e-07
8620 -7.975255417180804e-08
8630 -1.396529653030498e-08
8640 -2.158050302347725e-08
8650 8.362380660154045e-08
8660 9.341312290356285e-08
8670 -1.211059335731735e-07
8680 -1.149702688052479e-07
8690 -1.17807583341345e-07
8700 5.157299937108561e-08
8710 -1.204494732287564e-07
8720 -1.637385684122306e-07
8730 -1.054960629270907e-07
8740 -1.297702748870311e-07
8750 5.543336145663602e-08
8760 -2.852405972531002e-08
8770 9.429944686223379e-09
8780 -1.348099555736892e-07
8790 1.011364926806202e-07
8800 4.165962433355652e-08
8810 1.216352450289504e-07
8820 -1.000825766289681e-07
8830 -1.123808092279299e-07
8840 -1.474940053980411e-07
8850 9.674674865400856e-08
8860 1.120815890515159e-07
8870 1.464881700802279e-07
8880 1.471420690013492e-07
8890 6.401391788868338e-08
8900 1.522101674977794e-07
8910 1.3184668691546e-07
8920 7.522704567608507e-08
8930 -9.248725964250415e-08
8940 -1.646977660085813e-07
8950 -1.670988326180067e-07
8960 -1.337803004347604e-07
8970 -1.529232503127975e-07
8980 -2.209989505425058e-07
8990 -1.367343314961911e-07
9000 1.414170841124163e-07
9010 -1.335088015141928e-07
9020 -1.888111449827035e-07
9030 -1.907461848610348e-07
9040 -1.914360295562911e-07
9050 -1.601834528630608e-07
9060 -1.319211975908674e-07
9070 -1.512064568137683e-07
9080 1.410802272228118e-08
9090 7.4610512781903e-08
9100 9.837154993364017e-08
9110 1.251366677640364e-07
9120 1.425405646293676e-07
9130 5.902071667507336e-08
9140 2.780511185185297e-08
9150 -9.555533181382359e-08
9160 -3.617791925758507e-08
9170 9.198537448407151e-08
9180 1.347656274353071e-07
9190 5.260712503118992e-08
9200 5.616363928095947e-08
9210 -9.938877959525527e-08
9220 -2.603756284191849e-08
9230 -1.837384985964308e-07
9240 -1.54750382480584e-07
9250 -7.206310290164275e-08
9260 8.626415796963993e-08
9270 4.644588551261375e-08
9280 1.033040128994855e-07
9290 1.702310958723308e-07
9300 1.030939158069843e-07
9310 1.436154629524955e-07
9320 5.233311768659821e-08
9330 -1.460214053700115e-07
9340 -1.380363782721439e-07
9350 -1.399328554418933e-07
9360 -1.937641680160862e-07
9370 3.927532285508128e-09
9380 -1.598444216710515e-07
9390 -2.100554974127089e-07
9400 -8.247741600797553e-08
9410 -5.90409390544e-08
9420 -1.418097542588148e-07
9430 1.060705760724812e-07
9440 -1.152312478214235e-07
9450 3.39562504503288e-09
9460 -8.879779370141172e-08
9470 -9.958939233001285e-08
9480 4.840098222214095e-08
9490 -8.336035405009934e-08
9500 3.439164175667031e-08
9510 1.210231396348016e-07
9520 1.717717980354028e-08
9530 6.378838560139322e-08
9540 6.798615392877849e-09
9550 2.50568035764509e-09
9560 -5.135083380736205e-08
9570 -1.980443159743661e-07
9580 -1.7031219358421e-07
9590 2.541238278142011e-08
9600 -1.45485947275481e-07
9610 -1.403345043921034e-07
9620 1.059426646410344e-07
9630 7.051162605187233e-08
9640 7.071852868578699e-08
9650 -3.817012360352035e-08
9660 -5.940844172158677e-08
9670 8.268986494142094e-08
9680 1.192867181420976e-07
9690 1.428174549039651e-07
9700 1.676744261214225e-07
9710 1.032206622536558e-07
9720 4.085051902302794e-08
9730 -1.528956000834691e-07
9740 -1.646184519393801e-07
9750 -1.944206032972184e-07
9760 -2.635595004740754e-07
9770 -9.577870357935225e-09
9780 -1.775642141932376e-07
9790 -1.783674428434967e-07
9800 -1.431134467738682e-07
9810 -1.536058110290783e-07
9820 -1.259935916847477e-07
9830 1.078864430431592e-07
9840 8.102630737194527e-08
9850 -1.187071690250674e-07
9860 5.132058975010345e-08
9870 1.039854979900667e-07
9880 -1.583637211644007e-08
9890 -9.122695052155017e-08
9900 -1.279895937150721e-07
9910 -1.520257151971238e-07
9920 -1.387065916569341e-07
9930 4.694821403861127e-08
9940 1.070314119278049e-08
9950 -9.247584036031764e-08
9960 -8.356012862198448e-08
9970 -7.5626500728454e-08
9980 1.366937447955241e-08
9990 9.543124444844064e-08
10000 8.563879318190804e-08
10010 -1.343242729962002e-07
10020 -1.715737549812246e-07
10030 -1.857601973492828e-07
10040 -4.698551346604685e-08
10050 3.872236507829196e-08
10060 1.152604002796487e-07
10070 2.061597455527142e-07
10080 1.453639354442871e-07
10090 8.700890528900995e-08
10100 1.251957532227843e-07
10110 1.200655879024515e-07
10120 1.590371945248137e-09
10130 -7.469762031142579e-08
10140 -1.547048009975516e-07
10150 -2.698565685910204e-07
10160 -1.709449909820249e-07
10170 -1.251415330250083e-07
10180 -1.484345586166835e-07
10190 1.072301230725659e-07
10200 -2.435718571280887e-08
10210 -2.644240776894513e-07
10220 -2.58528442265149e-07
10230 1.7569204813217e-08
10240 -1.701140783794131e-07
10250 6.569703406289484e-08
10260 -1.274282329932763e-07
10270 -1.374562796085943e-07
10280 -1.243351369362156e-07
10290 -5.677408081161683e-08
10300 -1.216001670467648e-07
10310 8.195556028267603e-08
10320 6.000909259784581e-08
10330 4.028061073579892e-08
10340 -1.83535961553738e-07
10350 -1.835313084702639e-07
10360 -1.029430986981827e-07
10370 1.492237278882813e-07
10380 -5.4521711242983e-08
10390 1.251470861246551e-07
10400 5.86468784785632e-08
10410 1.339485706797205e-07
10420 8.558164611704999e-08
10430 -1.23889844882985e-07
10440 -1.637394278913851e-07
10450 -4.011056373154354e-08
10460 1.370814111112395e-07
10470 1.571078495354872e-07
10480 2.640818455024174e-07
10490 9.247401303036362e-08
10500 1.526896345194206e-07
10510 1.617410493176541e-07
10520 2.052894000764693e-07
10530 -1.412711865544924e-07
10540 -1.904091364995919e-07
10550 -1.665355432028948e-07
10560 -2.378862047902608e-07
10570 -1.845869232602881e-07
10580 -2.620550854925963e-07
10590 -1.634997873201094e-07
10600 -9.963150995884185e-08
10610 8.61018231435029e-08
10620 -1.073126996986584e-07
10630 -3.470637259528342e-08
10640 9.558392452535536e-08
10650 4.753141640001513e-08
10660 -5.49390039988884e-08
10670 -1.891474681187111e-07
10680 1.455154258200864e-07
10690 -1.138866729394339e-07
10700 6.233746421835384e-09
10710 -9.389613210564196e-08
10720 5.280251139105907e-09
10730 -3.84392020297275e-08
10740 2.855645975241572e-08
10750 -1.148550349133748e-07
10760 -1.229944791153459e-07
10770 -2.461277214121926e-07
10780 -1.650397269681303e-07
10790 -1.880597185893729e-07
10800 1.725227832261034e-07
10810 -9.615696966447373e-08
10820 1.611635842141412e-07
10830 1.473662502027295e-07
10840 1.484374017035606e-07
10850 -9.157761089728655e-08
10860 3.803016970782558e-08
10870 3.498417436298418e-08
10880 2.055221367674998e-07
10890 2.024417856266725e-07
10900 1.915033883970185e-07
10910 2.061274947534608e-07
10920 1.17196327531488e-07
10930 -1.615541991850655e-07
10940 -5.584192042107361e-08
10950 -1.616276158467045e-07
10960 -1.474134983386888e-07
10970 -1.511661398695407e-07
10980 -2.061137805153823e-07
10990 -1.557701838073022e-07
11000 4.262008260202954e-09
11010 -1.390343196266963e-07
11020 -1.34292406223091e-07
11030 -9.650417551188006e-08
11040 -1.871152568166945e-07
11050 -1.338929907640507e-07
11060 -9.047155268004925e-08
11070 -1.663943753615893e-07
11080 -2.176403988973785e-07
11090 -1.450617292397816e-07
11100 5.114844614517722e-08
11110 1.306133695366807e-07
11120 1.693764756782734e-07
11130 -3.533178576098361e-08
11140 1.068165171730362e-07
11150 1.503054833373874e-07
11160 2.272132428038365e-08
11170 -1.187936299468229e-07
11180 2.852229184779898e-08
11190 1.155803933255983e-07
11200 -1.277896780615961e-07
11210 -1.230676013180831e-07
11220 -1.430325888701622e-07
11230 -1.74676587916256e-07
11240 -1.974569289464601e-07
11250 3.728564137994717e-08
11260 8.334080069116734e-08
11270 9.692490207657833e-08
11280 5.127378602254318e-08
11290 9.438171341691337e-09
11300 2.860677958405056e-09
11310 1.104805663898478e-07
11320 1.533800565722832e-07
11330 -2.021715079097985e-07
11340 -1.639135987357987e-07
11350 -1.395403909087989e-07
11360 -8.350683571023421e-08
11370 -1.350808391670233e-07
11380 -1.554927808594675e-07
11390 -1.110585057528812e-07
11400 -9.286176970435545e-08
11410 -1.494175884408921e-07
11420 -7.042009855795506e-08
11430 -1.421321909611528e-07
11440 7.468256377207716e-08
11450 6.361413366906543e-08
11460 1.739466026773329e-08
11470 -1.169412387203028e-07
11480 -1.884618732184151e-07
11490 -1.552914102725955e-07
11500 -9.340787419931385e-08
11510 -1.547711905441895e-07
11520 -5.06442770636939e-08
11530 -1.387561193028075e-07
11540 1.184587495317579e-07
11550 3.227734583777231e-08
11560 4.966732983224809e-09
11570 -4.494058346293794e-08
11580 -1.107951646123206e-07
11590 -3.285426232457755e-08
11600 1.531333189003226e-07
11610 8.08439230698399e-08
11620 -1.797208070836165e-07
11630 -1.982590294297149e-07
11640 -2.009260856999928e-07
11650 -1.704796613877235e-07
11660 -5.214123144359206e-08
11670 1.449635519262804e-07
11680 1.384591801906199e-07
11690 1.570097327013853e-07
11700 -5.880075244768523e-08
11710 1.467608850419522e-07
11720 1.127010368917603e-07
11730 -1.035417189071408e-07
11740 -3.21373169742678e-08
11750 -4.510463318119218e-08
11760 -1.713898150901283e-07
11770 -1.296853151533384e-07
11780 -9.532441576365347e-08
11790 -1.139312368197976e-07
11800 -4.786767687781079e-08
11810 -1.085321624794133e-07
11820 -1.348963590691588e-07
11830 -7.982876198964206e-08
11840 3.874518159086016e-08
11850 8.598671318027495e-08
11860 -1.584208673965914e-07
11870 -1.177005545111021e-07
11880 1.238962096944407e-07
11890 -1.335695696269568e-07
11900 -1.298871012134217e-07
11910 -1.604747454642119e-07
11920 -1.869312777902365e-07
11930 2.129143153450919e-08
11940 1.078770194284928e-07
11950 4.228744768242088e-08
11960 8.589878723597177e-08
11970 -1.515792815848238e-07
11980 -1.462834350179909e-07
11990 -1.75924006043382e-07
12000 -6.0010139801836e-08
12010 3.412949602099591e-08
12020 4.866366282163526e-09
12030 -1.043586003030006e-07
12040 8.980751314835445e-08
12050 1.366014270448579e-07
12060 7.497216937546458e-08
12070 1.566065499780667e-07
12080 1.859766060735568e-07
12090 5.297346304666828e-08
12100 1.583591034137743e-07
12110 9.665339767428449e-08
12120 -2.632534022717348e-08
12130 2.380977373594995e-08
12140 7.272694708959637e-08
12150 -3.732387755805977e-08
12160 -2.346545273090861e-07
12170 -1.298567943869289e-07
12180 -2.661791601993313e-07
12190 -1.674091955478074e-07
12200 -1.450478426395785e-07
12210 -1.616826769273993e-07
12220 6.399861927908201e-08
12230 -1.985905290907697e-07
12240 -1.607506494860633e-07
12250 -1.508816059592188e-07
12260 -1.299931672305021e-07
12270 1.156690886128242e-07
12280 7.022758172214871e-08
12290 4.808345549500714e-08
12300 -9.10079375748829e-08
12310 -1.120560813999694e-07
12320 -8.611657349721913e-08
12330 4.777740697514687e-08
12340 -7.723043285445819e-08
12350 -1.727140593876797e-07
12360 -1.403723245141375e-07
12370 -1.268598320558478e-07
12380 -1.473969982596079e-07
12390 4.954248283839391e-08
12400 -6.957435876031592e-08
12410 -1.463238905180519e-07
12420 -8.729076307611994e-08
12430 1.695567152931732e-07
12440 1.732294277606572e-07
12450 6.74467788841504e-08
12460 1.618727012570043e-07
12470 6.57153899213947e-08
12480 7.218457123703281e-09
12490 3.373981093124367e-08
12500 4.335734175853201e-08
12510 1.158984170024357e-07
12520 4.234434872185666e-09
12530 -1.572270374589069e-07
12540 -1.287968044022536e-07
12550 -2.206033172941213e-07
12560 -1.113654199413894e-07
12570 -1.721640737334384e-07
12580 -1.373112838293222e-07
12590 1.362003348159835e-07
12600 -2.244064689488345e-07
12610 8.520448627202803e-08
12620 -1.771960919105808e-07
12630 -2.204973434116742e-07
12640 -7.123136025466437e-09
12650 1.364177564799895e-07
12660 -3.928316126555753e-08
12670 -1.417200486825143e-07
12680 -1.30294908140538e-07
12690 1.146021339770709e-07
12700 9.968028495677128e-08
12710 1.501558409555681e-08
12720 -1.760191463279215e-07
12730 -1.023650442050217e-07
12740 -1.030882139652078e-07
12750 3.703945899991012e-08
12760 -9.353327529160183e-08
12770 -3.233554422832352e-08
12780 1.246315597391856e-07
12790 1.370571875575211e-07
12800 1.05362548311061e-07
12810 -8.308126812905936e-08
12820 -7.84329883679602e-08
12830 1.049728843433018e-07
12840 1.577736151309184e-07
12850 1.313921855483624e-07
12860 1.472268576635516e-07
12870 7.49645964470691e-08
12880 1.701318393942941e-07
12890 7.857851085091294e-08
12900 -1.210466710754865e-07
12910 9.765251239579609e-08
12920 1.284765832748613e-07
12930 -8.626747344253616e-09
12940 -1.525122213519303e-07
12950 -2.353354190548496e-07
12960 -1.50105444032822e-07
12970 -1.619355356474728e-07
12980 -1.907609422369116e-07
12990 -1.581110951887066e-07
13000 -9.91084864315761e-08
13010 -2.138102342952308e-07
13020 -1.818449691937118e-07
13030 -1.659122319253026e-07
13040 9.893532432192487e-08
13050 -4.410213340355629e-08
13060 7.204484366030162e-08
13070 1.279820089628014e-07
13080 1.478738025917359e-07
13090 7.78111509114332e-08
13100 -1.661272176906037e-07
13110 1.206397355901778e-07
13120 1.304047797245911e-07
13130 -9.824320289231192e-08
13140 -9.100441963894035e-08
13150 1.149618911594485e-07
13160 1.360054125154608e-07
13170 -4.619744499445577e-08
13180 1.843911416749e-07
13190 1.40032335851914e-07
13200 -1.046422782174927e-07
13210 5.118590706842951e-08
13220 -1.364950156096389e-07
13230 -1.910363581492103e-07
13240 -1.296464385847074e-07
13250 -1.00565055963231e-07
13260 -1.496920033899896e-07
13270 3.521200594991392e-08
13280 1.03558488159794e-07
13290 1.791319523131163e-07
13300 1.525422076292804e-07
13310 1.362778767888262e-07
13320 1.241455926809243e-07
13330 -1.715137277619183e-07
13340 -1.400214681146483e-07
13350 -3.036254032917629e-07
13360 -1.345257974044722e-07
13370 -1.718879419354558e-07
13380 -1.462001342350527e-07
13390 -1.85704293304001e-07
13400 9.745138918049179e-09
13410 1.270228978944576e-07
13420 1.06382049780418e-07
13430 2.612838778670579e-08
13440 5.687168561085976e-08
13450 9.336525300107645e-08
13460 -7.18284800527158e-08
13470 5.020414892142888e-08
13480 -1.407494637645224e-07
13490 -2.007672944004391e-07
13500 -1.490299229717218e-07
13510 1.219101060379035e-07
13520 1.032626756464206e-07
13530 9.182372728844257e-08
13540 6.918148379164712e-08
13550 -1.716622187036831e-07
13560 -2.33999240803473e-07
13570 -1.501382698165799e-07
13580 -2.421301247973462e-07
13590 -2.104548322556798e-07
13600 -1.162054981962424e-07
13610 6.06659249641206e-08
13620 1.616343345139937e-07
13630 1.652542639951626e-07
13640 1.435281417189183e-07
13650 1.850574788547776e-07
13660 -2.652088760268789e-07
13670 2.109683249762462e-07
13680 2.164776878171848e-07
13690 -4.742518960876296e-08
13700 1.75018387393866e-07
13710 1.607175215551093e-07
13720 1.208588036039071e-07
13730 -1.589902368509533e-07
13740 -1.372255520187826e-07
13750 -1.406753648153236e-07
13760 -1.454538044592946e-07
13770 -1.621789608857727e-07
13780 -1.405524668596225e-07
13790 -1.341304741026006e-07
13800 -1.099995166203849e-07
13810 -1.614877629674272e-07
13820 -8.312699903423315e-09
13830 -1.819874668185228e-07
13840 -1.136604122764506e-07
13850 -9.475318320240067e-08
13860 1.083300017468147e-07
13870 7.719304520592551e-08
13880 1.203000764837814e-07
13890 -2.122245217200946e-07
13900 -1.019451930650561e-07
13910 -1.445743467165528e-07
13920 7.335060142610317e-08
13930 1.36441025755385e-07
13940 5.531527876023734e-08
13950 4.374723311384443e-08
13960 6.035609513566076e-08
13970 -1.198847138228487e-08
13980 6.836448335212353e-08
13990 -5.589348858747734e-09
14000 -6.910941184601338e-08
14010 6.550839304342304e-08
14020 1.563275499466554e-07
14030 1.029594289408964e-07
14040 6.090688839388569e-08
14050 3.896256736690695e-08
14060 1.628347378601624e-07
14070 9.500569743414733e-08
14080 3.095658688417879e-07
14090 1.446403125604512e-07
14100 2.52791579793965e-07
14110 2.220467680280613e-07
14120 -3.797541926753301e-08
14130 -1.687058646532291e-07
14140 -1.73273957820852e-07
14150 -1.965569944167855e-07
14160 -1.906503813153826e-07
14170 -1.040845104827159e-07
14180 -1.502211529613717e-07
14190 -1.592907358793916e-07
14200 -1.990490403058764e-07
14210 -3.881119448045922e-08
14220 -4.843483390748471e-08
14230 4.555841667808203e-08
14240 8.158216813214381e-08
14250 -8.99889659317088e-08
14260 -1.26635804648112e-07
14270 -1.089383463992455e-07
14280 6.546460409873056e-08
14290 4.005135874340926e-08
14300 -4.012984597401292e-08
14310 7.316835876070016e-08
14320 1.48937921412573e-07
14330 -1.250018712706247e-07
14340 -1.93426334393898e-07
14350 -5.04204424045529e-09
14360 1.368105964766331e-07
14370 1.401344564833096e-07
14380 -8.917171437361482e-08
14390 -1.057246486746433e-07
14400 -6.960137383105192e-09
14410 -1.406589631713917e-07
14420 7.281443704931778e-08
14430 1.272965691467842e-07
14440 -1.193340446042912e-07
14450 -1.244174897691019e-07
14460 1.175953623228088e-07
14470 1.718291770813618e-07
14480 2.801554027653808e-08
14490 1.775063257214438e-07
14500 1.268360016182246e-07
14510 1.278156301770528e-07
14520 1.409920090955641e-07
14530 8.874270054914923e-09
14540 -1.42181795143026e-07
14550 -1.891785125357481e-07
14560 -1.531768274998235e-07
14570 -9.992857394336419e-08
14580 -1.50570358806168e-07
14590 -6.767873836355243e-08
14600 -1.730836431262928e-07
14610 -2.218119878327762e-07
14620 -1.612479605117567e-07
14630 -8.80620668053389e-09
14640 -1.157460403355959e-07
14650 -1.158235491266479e-07
14660 -1.794627677575988e-07
14670 -9.391617215859238e-08
14680 1.785940476339842e-07
14690 1.679601684956289e-07
14700 6.482138992236486e-08
14710 1.062986036137747e-07
14720 1.304095431364782e-07
14730 3.177011072275082e-08
14740 7.132272765442149e-08
14750 -1.724107265704822e-07
14760 -1.31462805252891e-07
14770 -1.492011424408801e-07
14780 -1.969213374586332e-07
14790 -1.79246491788243e-07
14800 -1.646342845662563e-07
14810 -1.956937930036595e-07
14820 -6.299853468061389e-08
14830 1.06353474346732e-07
14840 1.14230365472201e-07
14850 -1.189432235065846e-07
14860 -1.849464639769316e-08
14870 1.526163649484547e-07
14880 1.293120912154722e-07
14890 1.339443105180527e-07
14900 1.308354973250658e-07
14910 1.609701861943202e-07
14920 1.303860048262884e-07
14930 7.496605665402445e-08
14940 -1.891847293128412e-07
14950 -1.824093121133297e-07
14960 -1.68053645763222e-07
8410 1.189659264988485e-07
8420 8.74317368504407e-10
8430 -1.834267283062907e-07
8440 2.5035204437307e-08
8450 -1.806847982621651e-07
8460 -1.167543753760603e-07
8470 1.062544773000607e-07
8480 -4.659417625341167e-08
8490 -1.533521828134266e-07
8500 1.525449565553672e-07
8510 1.480489278254948e-07
8520 9.966116687465387e-08
8530 -1.410702663851016e-07
8540 -1.368010615343529e-07
8550 -1.121252237723525e-07
8560 -1.285512168935909e-07
8570 -1.169585424759534e-07
8580 -1.629313446660507e-07
8590 -1.220764441478561e-07
8600 -8.644508682487118e-08
0 -1.244092726646051e-05
10 -1.847089475814911e-08
20 1.542333254722639e-07
30 1.518715367354595e-07
40 9.554952751233969e-08
50 -3.87002041662976e-08
60 -9.419978036495635e-08
70 -1.724941829095439e-07
80 -1.670720213009513e-07
90 1.435463611726417e-07
100 2.997029502349591e-07
110 -1.476304489905766e-07
120 -5.845164458007091e-07
130 -3.74357219098953e-07
140 -2.715847899625867e-07
150 -1.597538577674529e-07
160 -1.743546136495633e-07
170 -6.841772812182789e-08
180 -2.641632798339177e-07
190 -1.410080233410493e-07
200 -2.710026409807886e-07
210 -1.371909851000108e-08
220 -4.966708690157251e-08
230 -1.91376171521096e-07
240 -9.998518472886797e-08
250 -7.171820298745857e-08
260 -1.001818197704507e-07
270 -2.258971181778868e-07
280 -1.43205023936388e-07
290 -1.898830328250778e-07
300 -9.588020741246872e-08
310 -5.845089735834197e-08
320 -1.984169108043554e-07
330 -6.416114947671581e-08
340 -1.345704769978306e-07
350 -7.839610759174942e-08
360 -1.694049118206031e-07
370 -2.027691325540149e-07
380 -1.709393253057634e-07
390 -1.501579934004571e-08
400 -2.992968692050457e-07
410 -7.898751006041316e-08
420 -1.007969757521598e-07
430 -1.61813832041946e-07
440 -1.45236029328033e-07
450 -1.282456489754003e-07
460 -1.638307240287018e-07
470 3.948493004779507e-09
480 1.648277562354972e-07
490 1.549756921265244e-07
500 9.894840462265631e-08
510 2.183102527919534e-07
520 2.263346686043333e-07
530 9.905011325028745e-08
540 1.628828553978945e-08
550 -1.368361388920381e-07
560 -1.841422546527971e-07
570 -1.545777269795767e-07
580 -1.76394987172479e-07
590 -1.356033651339628e-07
600 -1.345797258217596e-07
610 1.519377478137462e-07
620 -1.637040333984929e-07
630 -9.780193156727623e-08
640 9.860498269287366e-08
650 1.042333368367343e-07
660 -8.015007652018014e-08
670 -1.580369115711244e-07
680 -1.360752292095535e-07
690 -1.366855438555969e-07
700 -2.030362950128373e-07
710 -1.571043915654657e-07
720 -1.446598655446829e-07
730 -1.272808550362159e-07
740 -6.7881378101875e-08
750 1.262227679876826e-07
760 1.211259849226431e-07
770 1.510547648353455e-07
780 5.916331398403418e-08
790 4.920694256227431e-08
800 -1.85174973410529e-08
810 -1.355743729919423e-07
820 -1.353871910830806e-07
830 -1.095490660546483e-07
840 -1.624587274706712e-07
850 5.315176572484592e-08
860 1.470673162834446e-07
870 1.759108127774578e-07
880 2.615188358923159e-08
890 1.01054521584043e-07
900 -3.368286324856307e-08
910 1.409959343029454e-07
920 -1.009820354835878e-07
930 1.169764329150835e-07
940 -1.732242332491696e-07
950 -1.466459412652332e-07
960 -1.321277519478192e-07
970 -1.06955519857399e-07
980 -1.460002597292176e-07
990 -6.890406140103167e-08
1000 -1.296976223086332e-07
1010 6.318546696970628e-08
1020 7.582384362048167e-08
1030 -1.448077569660144e-07
1040 -1.065488719198537e-07
1050 -6.190379563120185e-08
1060 -1.340593245441335e-07
1070 -1.156546873548603e-07
1080 -1.212733486688489e-07
1090 8.336117721108316e-08
1100 -4.373703382798411e-08
1110 1.416914107155165e-07
1120 1.461275517256055e-08
1130 2.761848363896924e-08
1140 -1.76724515285609e-07
1150 -8.54742987499435e-09
1160 -9.16410044654592e-08
1170 -1.301900119377031e-07
1180 7.738479104735241e-08
1190 3.200519613222319e-09
1200 -1.504412560499047e-07
1210 -1.313586313334003e-07
1220 -1.444185591670255e-07
1230 -1.223075082740221e-07
1240 -1.35796538805466e-07
1250 -1.530047635811549e-07
1260 -1.403644351305466e-07
1270 -1.367101782473457e-07
1280 -3.077011827279375e-08
1290 1.494858864331539e-07
1300 1.344526911473132e-07
1310 1.584695280415493e-07
1320 1.45651221403198e-07
1330 1.292320155749094e-07
1340 1.102852329737392e-07
1350 -1.321579784080429e-07
1360 -1.176386428963783e-07
1370 -1.246629272033672e-07
1380 -1.222832845954036e-07
1390 -1.511102430962197e-07
1400 -1.374334263060106e-08
1410 -6.222275250600262e-09
1420 -7.201145652002694e-08
1430 -8.793792613537299e-08
1440 -9.713460971672028e-08
1450 -6.339988214976167e-08
1460 -1.347418653041554e-07
1470 -1.101052971852479e-07
1480 7.439731170011399e-08
1490 -1.515539924668019e-07
1500 -7.757152689635838e-08
1510 5.234295986922266e-08
1520 1.209680618868836e-07
1530 1.272249411377047e-07
1540 9.659543293016881e-08
1550 9.415364134179871e-08
1560 -1.185349765980837e-07
1570 -1.347018727115845e-07
1580 -1.247927158554152e-07
1590 -1.653001156787237e-07
1600 -1.091161532240648e-07
1610 -1.235448793546201e-07
1620 -1.313805030322968e-07
1630 -1.309228472023971e-07
1640 5.998452660971321e-08
1650 8.223438546783868e-08
1660 9.196284087020778e-08
1670 1.198893476439533e-07
1680 -1.455287704371644e-07
1690 1.355333872632425e-07
1700 1.418755598003862e-07
1710 1.267028055390584e-07
1720 1.364017879756929e-07
1730 1.028791178497857e-07
1740 -1.066475823763291e-07
1750 -9.768180082858624e-08
1760 -1.119286552331289e-07
1770 -1.540838965446989e-07
1780 -1.326201757162471e-07
1790 -9.63311874713213e-08
1800 -1.293039684768793e-07
1810 -1.143900987682356e-07
1820 -1.260282617571162e-07
1830 -1.353691292116377e-07
1840 6.904413715758118e-08
1850 1.34133216117549e-07
1860 1.067398105042416e-07
1870 -1.426604541443499e-07
1880 -1.185947548082433e-07
1890 9.311441440118529e-08
1900 -3.576113323522367e-08
1910 4.482190493759752e-09
1920 1.858551174072076e-08
1930 9.836395439832835e-08
1940 9.647251862643369e-08
1950 -1.218126286645083e-07
1960 -1.549320432364665e-07
1970 8.823097226440257e-08
1980 -1.268089486194945e-07
1990 3.837690831787199e-08
2000 1.446269046745385e-07
2010 1.019962761195092e-07
2020 -3.437552985319225e-08
2030 5.799291022401398e-08
2040 1.207096295141596e-07
2050 6.522818703225131e-08
2060 1.496078547852386e-07
2070 7.152339798199847e-08
2080 -1.701248973640102e-08
2090 2.010421074061242e-08
2100 7.201960233738092e-08
2110 -2.582973321341164e-08
2120 -1.198452557887864e-07
2130 -1.196261402575116e-07
2140 -1.42355757654089e-07
2150 -1.364652453400561e-07
2160 -1.497125070026861e-07
2170 -1.079765866163207e-07
2180 -1.186880689146852e-07
2190 -1.648335024584391e-07
2200 -1.33645517194636e-07
2210 1.200046715194025e-07
2220 -1.235784232861414e-07
2230 -1.291201409681086e-07
2240 -1.380826386704337e-07
2250 -1.257335738996668e-07
2260 -6.631096208242759e-08
2270 1.355758639381976e-07
2280 2.639097547441072e-08
2290 -5.158916815961589e-08
2300 -1.210087321040776e-07
2310 -6.761417413458926e-08
2320 3.461055352038667e-08
2330 4.945875296813451e-08
2340 -8.578183668950246e-08
2350 -1.103805079977205e-07
2360 1.054872362377113e-07
2370 -1.204168841306696e-07
2380 -1.471750003256833e-07
2390 -1.620288617582011e-07
2400 -3.288606237328295e-08
2410 -4.563402281054785e-08
2420 7.460321446717266e-08
2430 1.134958446530332e-07
2440 -1.521118429964607e-07
2450 3.833020115195929e-08
2460 -2.661320247510091e-08
2470 -7.134107246620225e-08
2480 8.066675964701897e-08
2490 1.085634638436916e-07
2500 1.813843812509264e-07
2510 1.793430843416433e-07
2520 9.167724104863773e-08
2530 -1.04695645819497e-07
2540 -1.368223335740382e-07
2550 -1.278250969793948e-07
2560 -1.034933166943475e-07
2570 -1.488484004108503e-07
2580 -1.755335895248233e-07
2590 -2.464772674154458e-07
2600 -2.505040880423914e-07
2610 -1.076320838011569e-07
2620 -1.449893419491755e-07
2630 7.086045353266179e-08
2640 -2.090367735851917e-08
2650 1.022810490608483e-07
2660 4.564836095233282e-08
2670 -1.096829170682545e-07
2680 -1.228323401880616e-07
2690 -1.24074177668132e-07
2700 -1.278499617285433e-07
2710 1.379699865189377e-07
2720 1.275560100183482e-07
2730 2.003449291604342e-07
2740 1.340964725926597e-07
2750 2.755151695676972e-08
2760 -1.486763218094822e-07
2770 -1.832249956756904e-07
2780 -1.781840360537412e-07
2790 4.034574938027724e-09
2800 1.359397160533016e-07
2810 -1.102172233896637e-07
2820 4.856094851235504e-08
2830 7.467813120665134e-08
2840 -1.335784909767268e-07
2850 -1.294738936757911e-07
2860 1.50283988281652e-07
2870 5.797217964009782e-08
2880 7.854755450231732e-08
2890 1.563927457259862e-07
2900 1.623105466003194e-07
2910 -9.179731931541202e-08
2920 -1.35926127062258e-07
2930 -2.151398199451426e-07
2940 -1.611868558071272e-07
2950 -1.828372481332829e-07
2960 -1.542953365213373e-07
2970 -1.170446094767019e-07
2980 -1.858999266191041e-07
2990 -2.336180248002639e-07
3000 -1.613439628428415e-07
3010 1.281822225862594e-07
3020 -2.674293565763097e-08
3030 6.160359625195788e-09
3040 -1.472039443117801e-07
3050 -8.832836911887298e-08
3060 1.005318707170133e-07
3070 6.882804882979432e-08
3080 -1.367002975399823e-07
3090 -1.250479365888513e-07
3100 -1.24189219019577e-07
3110 4.481120548238682e-08
3120 -8.487748777430415e-08
3130 -1.135305227328853e-07
3140 -1.037142396409507e-07
3150 -1.320800191717542e-07
3160 -1.482463038854354e-07
3170 -1.268963994438543e-07
3180 -1.338529405647826e-07
3190 -1.463557726261167e-07
3200 -1.460656769980417e-07
3210 -1.507991895521865e-07
3220 1.962660080290224e-08
3230 -6.38089284604737e-08
3240 2.857729375360663e-08
3250 -9.09113792579852e-09
3260 1.578210587493967e-07
3270 1.463709780047395e-07
3280 1.293716404004996e-07
3290 1.520229563067854e-07
3300 1.956274379710798e-07
3310 1.344042544204616e-07
3320 1.479169373791445e-07
3330 -3.265985820677386e-08
3340 -1.49865884646605e-07
3350 -1.367360122211947e-07
3360 -1.711292433870248e-07
3370 -1.419671687569179e-07
3380 -1.957751611658676e-07
3390 -1.556741326125266e-07
3400 -1.091298349881198e-07
3410 -7.616717785652316e-08
3420 -9.9221045393727e-08
3430 -1.051602067786428e-07
3440 -1.017165656147512e-07
3450 7.221105335908362e-08
3460 2.131706254571153e-08
3470 -9.795760036457324e-11
3480 8.041825028115568e-08
3490 -6.946202325830431e-08
3500 -8.902964553081372e-08
3510 -1.149083663914974e-07
3520 4.46146181110052e-09
3530 1.610790550804486e-07
3540 9.252051656749583e-08
3550 9.430766000073643e-08
3560 -1.648922242497575e-07
3570 -1.532549582239362e-07
3580 -1.232360478942152e-08
3590 6.544135580655031e-08
3600 8.483952002036332e-08
3610 1.518048854537435e-07
3620 1.047165602702238e-07
3630 2.821543633457768e-08
3640 4.21921420995508e-08
3650 -1.522672858356167e-07
3660 -1.411321855632197e-07
3670 -7.898264871297744e-08
3680 1.660010739978901e-07
3690 3.298159494125041e-08
3700 1.423540958861436e-07
3710 1.396039161077889e-07
3720 -7.298792338572557e-08
3730 -9.405137744999958e-08
3740 -1.009676023067119e-07
3750 -1.822336043733053e-07
3760 -1.921430614337805e-07
3770 -1.278109333091582e-07
3780 -1.425648037123306e-07
3790 -1.426031090850932e-07
3800 -1.143355728983053e-07
3810 -2.215170859243276e-07
3820 -1.686387204880013e-07
3830 -1.488149652811854e-07
3840 -1.302810310604974e-07
3850 -1.73588648968992e-07
3860 -1.06057768414769e-07
3870 -1.736079386222e-07
3880 -1.553605152165849e-07
3890 6.714749409275633e-09
3900 1.342117649516528e-07
3910 1.138682638041066e-07
3920 1.719578571895974e-07
3930 -1.384970179513223e-07
3940 -6.834451966863941e-08
3950 7.585391753606174e-08
3960 -1.10742912923234e-07
3970 1.54538091337586e-07
3980 1.40454080352348e-07
3990 -8.733508763403286e-08
4000 -4.121325263006792e-08
4010 1.110117310715308e-07
4020 1.299600518311905e-07
4030 4.65645765279632e-08
4040 -1.363417076044593e-07
4050 -1.665311948201298e-07
4060 -1.691896227007383e-07
4070 -8.638795696847001e-08
4080 -1.891410785354042e-07
4090 6.239269738361752e-08
4100 2.40044646965254e-07
4110 1.77320800973102e-07
4120 -1.662732495577579e-07
4130 -1.717274298596028e-07
4140 -1.351619369205359e-07
4150 -1.269722891272806e-07
4160 -1.451027289156581e-07
4170 -1.847275383909386e-07
4180 -1.465918711557324e-07
4190 -1.455778513848038e-07
4200 1.45666080531015e-07
4210 -1.408248763712372e-07
4220 -1.372460663728869e-07
4230 1.241343853125576e-07
4240 -1.557196606105649e-07
4250 2.529515817639716e-08
4260 -1.185139142795277e-07
4270 -6.246198876180831e-08
4280 9.286996326129948e-08
4290 -1.561057068472094e-07
4300 -1.368125343709226e-07
4310 9.413866335072907e-08
4320 -4.472870024363473e-08
4330 -1.436052117081976e-07
4340 -1.533720032226293e-07
4350 1.023360576279941e-07
4360 -6.886108502857091e-09
4370 -1.517277995050081e-07
4380 -1.330988005643352e-07
4390 -2.498506072867723e-08
4400 8.696458662915685e-08
4410 -4.34921121339471e-08
4420 1.066714583330963e-08
4430 -7.176328940816656e-08
4440 4.847176356126415e-08
4450 1.480143038690152e-07
4460 1.325160659537694e-07
4470 3.708465376450754e-08
4480 7.010321309564027e-09
4490 1.39552353770056e-07
4500 1.5490230642623e-07
4510 1.697084305446461e-07
4520 9.739941603248425e-08
4530 6.141433787909545e-08
4540 -6.52381067917096e-08
4550 -1.997135594261623e-07
4560 -1.742075779465058e-07
4570 -1.46906576972694e-07
4580 -1.241631625847894e-07
4590 -3.994283742647653e-08
4600 -1.381370616504451e-07
4610 -1.173731098008668e-07
4620 -1.001444889930925e-07
4630 -1.730336800648269e-07
4640 -1.260848110362645e-07
4650 -1.541060560966701e-07
4660 -1.233042727782907e-07
4670 1.020495168230218e-07
4680 2.061986268259153e-07
4690 1.798375932893226e-08
4700 -3.798609407579256e-08
4710 1.318153178969661e-07
4720 -1.317085149832309e-07
4730 9.59771536690468e-08
4740 2.614817369572808e-08
4750 -2.358357034243364e-07
4760 -2.352628299118198e-08
4770 1.373443361263327e-07
4780 -2.065049055366419e-08
4790 -1.766875392245071e-07
4800 -4.647624571307851e-08
4810 -1.25164838840619e-07
4820 -1.078343065258336e-07
4830 -1.776251657148453e-07
4840 -1.547916697736129e-07
4850 -1.409192657148006e-07
4860 -1.485209073226468e-07
4870 -5.005949525738185e-08
4880 1.290960370131655e-07
4890 1.179642103027456e-07
4900 1.609329840918106e-07
4910 1.329902468150124e-07
4920 -4.756964928909202e-08
4930 -1.492606280240061e-07
4940 -1.387038218308989e-07
4950 -1.448317126367948e-07
4960 -1.899132460181363e-07
4970 -1.501479896665048e-07
4980 1.346023740800284e-07
4990 -1.656452237180916e-07
5000 -1.83221277400003e-07
5010 -1.367992399636808e-07
5020 -1.733093066141889e-07
5030 -2.226650334530289e-07
5040 -5.858439162953477e-08
5050 -1.491207010095863e-07
5060 1.950023538893619e-07
5070 2.238703024487476e-07
5080 1.167180985056637e-07
5090 -1.171204814937044e-07
5100 -1.84997044461177e-07
5110 -1.306154482350053e-07
5120 6.085012359269282e-08
5130 -1.464616710272759e-07
5140 -1.733738998616063e-07
5150 -1.420345996094863e-07
5160 -1.391196072370038e-07
5170 -1.993199545691215e-08
5180 -6.13421261563829e-08
5190 -9.032127183672412e-08
5200 -9.354332587696579e-08
5210 3.544406712574499e-09
5220 -1.276670189287454e-07
5230 -7.667140547451545e-09
5240 -6.113238912308638e-08
5250 4.529428693222926e-08
5260 -5.783116550917011e-08
5270 -5.240608821899251e-09
5280 1.72085349470219e-07
5290 2.019158816396471e-07
5300 1.755977383638418e-07
5310 1.129319743137236e-07
5320 1.590111679689032e-07
5330 -1.380884466634091e-07
5340 -1.269265974407352e-07
5350 -1.491186077395845e-07
5360 -1.314598402635259e-07
5370 -1.711343284027667e-07
5380 -1.497952832468785e-07
5390 -1.485656361543963e-07
5400 -8.856024157066766e-08
5410 -1.086133353672691e-07
5420 -1.698601722610604e-07
5430 -1.50219919461958e-07
5440 -1.626841877738761e-07
5450 4.840603355649176e-08
5460 1.232211890439538e-07
5470 1.297672151401308e-07
5480 -1.464490904518057e-07
5490 -1.261456252510396e-07
5500 -6.031397935257754e-08
5510 9.83093888934361e-08
5520 -1.161783132752614e-07
5530 -8.474839510719256e-08
5540 -1.475477029722061e-07
5550 -9.534923189891131e-08
5560 -1.924307847234186e-07
5570 8.317470563679041e-08
5580 -1.761381024506514e-07
5590 -1.45529432851732e-07
5600 -1.857826584100719e-07
5610 -1.289006069937759e-07
5620 8.911089817431606e-08
5630 1.489047694175349e-07
5640 1.464135519074761e-07
5650 1.485301837217401e-07
5660 1.337023660674674e-07
5670 6.857580690800003e-08
5680 1.424856769377536e-07
5690 1.065905668173883e-07
5700 9.729032146577055e-08
5710 -2.140285351726057e-08
5720 -1.088830800521912e-07
5730 -4.976498094166892e-08
5740 -1.278533625082012e-07
5750 -1.364191885983024e-07
5760 -1.162280292288376e-07
5770 -9.234471702590508e-08
5780 -1.326868255824287e-07
5790 -1.234971015728892e-07
5800 -1.311283327615209e-07
5810 -7.653914674277118e-08
5820 -8.355263293735593e-08
5830 -1.153177801721528e-07
5840 -1.409472030478032e-07
5850 -2.152550651612906e-09
5860 -1.385770061895775e-07
5870 -1.447763302853122e-07
5880 -1.047436334888907e-07
5890 1.01069459593206e-07
5900 1.585638320922289e-07
5910 1.630428802801287e-07
5920 8.586478959793364e-08
5930 1.386564373317967e-07
5940 4.394358515957819e-08
5950 -7.418726453989333e-08
5960 -7.949997681000465e-08
5970 -9.137589178365157e-08
5980 -5.71203365162809e-08
5990 -3.019960201355865e-08
6000 3.159065183055976e-08
6010 -1.376863268676143e-07
6020 -1.920557133189282e-07
6030 -2.209307877337752e-07
6040 -2.014332043248634e-07
6050 -1.160377249981304e-07
6060 -8.308580051741288e-08
6070 -1.204604984650359e-07
6080 1.536756319836519e-07
6090 1.393539486582718e-07
6100 1.798710224099054e-07
6110 1.745735968006201e-07
6120 1.68549664669726e-07
6130 -9.588127958259918e-08
6140 -1.737356638276122e-07
6150 -1.514490212961572e-07
6160 -1.87578615515327e-07
6170 -1.870721761665362e-07
6180 -1.898492058838297e-07
6190 -1.739371904285747e-07
6200 -1.513153754240104e-07
6210 -1.361494173651723e-07
6220 7.317022433783738e-08
6230 1.34957844039052e-07
6240 -9.020508925927651e-08
6250 1.105250267419144e-07
6260 1.21542075362524e-07
6270 1.560382313497977e-07
6280 -1.107971594888069e-07
6290 -8.37810363446545e-08
6300 -1.420594126499974e-07
6310 -4.398239511482771e-08
6320 -1.789231395821211e-07
6330 6.921631334755318e-08
6340 -3.24131159412655e-08
6350 8.628960998513513e-08
6360 -1.465685472157308e-07
6370 -1.397463645913533e-07
6380 -7.802484854046998e-08
6390 -1.395785914626302e-07
6400 -1.350382213688439e-07
6410 1.082259898921301e-07
6420 1.385085078436932e-07
6430 1.321344120230883e-07
6440 -1.640844139727538e-07
6450 -1.432740308338065e-07
6460 1.376006583814204e-07
6470 1.391163199498946e-07
6480 1.38728886281414e-07
6490 1.62682205179232e-07
6500 1.742386564057563e-07
6510 -3.401779885559009e-09
6520 1.690520630703851e-07
6530 8.172513299431472e-08
6540 -1.365274609754774e-07
6550 -1.664469506945654e-07
6560 -1.504666819890366e-07
6570 -1.555569478645102e-07
6580 -1.59581451747437e-07
6590 -1.376387321755379e-07
6600 -1.661166675881454e-07
6610 -5.597859260852989e-08
6620 -1.778927185003276e-07
6630 -1.221356703134946e-07
6640 -1.476194945587705e-07
6650 -1.26325798571747e-07
6660 -1.31209555664924e-07
6670 -1.210017771119398e-07
6680 -1.336078635089111e-07
6690 1.192635233626671e-08
6700 8.558087860599528e-08
6710 7.774238550140034e-08
6720 -4.244176157741641e-08
6730 -1.159781131271354e-07
6740 -1.978957637899237e-07
6750 -3.347871248282619e-08
6760 -1.235094004847781e-07
6770 -1.701555753796935e-07
6780 1.016649072149711e-07
6790 1.421844551124929e-07
6800 -2.001708168664074e-08
6810 1.280686844906676e-07
6820 1.307108625225872e-07
6830 1.470021980393144e-07
6840 8.710572892145496e-08
6850 -1.809733031071792e-07
6860 -3.471190955506298e-08
6870 -6.389495943448509e-08
6880 1.115863971223874e-07
6890 1.590361169978571e-07
6900 1.761488262058686e-07
6910 1.577716350342762e-07
6920 1.493266752333744e-07
6930 4.104321706110969e-08
6940 -2.163087583495482e-07
6950 -1.899738203692269e-07
6960 -1.820920504241874e-07
6970 -1.918573882125907e-07
6980 -1.533718878565793e-07
6990 -1.459086377136876e-07
7000 -1.462785174238812e-07
7010 -1.878088685958179e-07
7020 -1.123673768060884e-07
7030 -9.379401964826339e-08
7040 1.236542943178209e-07
7050 -1.365045575185686e-07
7060 -1.485303777609692e-07
7070 -1.48551392020746e-07
7080 -1.784854721936791e-07
7090 -1.34502758722399e-07
7100 -1.298219991091587e-07
7110 1.246031494650524e-07
7120 1.394628269396625e-07
7130 -3.562153734482099e-08
7140 5.430573304932018e-08
7150 1.268914997798465e-07
7160 1.00756787080325e-07
7170 1.456827974227748e-07
7180 -1.793783875464472e-07
7190 -1.729770052888435e-07
7200 6.173603100956271e-09
7210 1.290829382549763e-07
7220 5.149123252778942e-08
7230 7.908861145156099e-08
7240 -2.606958579565166e-09
7250 -6.14353400651968e-08
7260 1.262516760164312e-07
7270 -1.371308217673617e-07
7280 1.715984763589473e-07
7290 1.449986014312454e-07
7300 1.65601936746862e-07
7310 1.553652248520443e-07
7320 7.177300670457853e-09
7330 -1.534287844967563e-07
7340 -1.620671885721459e-07
7350 -1.637569649187709e-07
7360 -1.852272928232201e-07
7370 -1.492715357015451e-07
7380 -1.091998586139065e-07
7390 -1.357347316349733e-07
7400 -1.261800306323613e-07
7410 -1.115414744873311e-07
7420 -1.048806375636424e-07
7430 7.653609027102881e-08
7440 1.186192356145144e-07
7450 -1.27668990698715e-07
7460 -1.367203909252712e-07
7470 -1.396565169203834e-07
7480 -1.19210051371943e-07
7490 -1.13712379873343e-07
7500 -1.420254174683278e-07
7510 3.378342290638603e-08
7520 1.057254356423565e-07
7530 8.924483793637528e-08
7540 -1.380996274419344e-07
7550 -1.507426056340799e-07
7560 6.632429719322097e-08
7570 1.273145807112464e-07
7580 -8.895320295632114e-08
7590 1.268946510646352e-07
7600 1.356381234968174e-07
7610 1.365220079763141e-07
7620 1.126897367781377e-07
7630 1.074813427009991e-07
7640 1.564466363540573e-07
7650 8.352372224407212e-09
7660 -7.649968732093004e-08
7670 1.692039634931808e-07
7680 6.714879699498688e-08
7690 1.090926167041095e-07
7700 1.377171716387959e-07
7710 -1.195768054157442e-07
7720 -1.068084911626244e-07
7730 -1.3580447547068e-07
7740 -1.517769370185107e-07
7750 -1.271571933997295e-07
7760 -1.369265635736694e-07
7770 -1.301907907313993e-07
7780 -1.641690440257193e-07
7790 -1.316778476395664e-07
7800 -2.008347682880274e-07
7810 -1.856653913667738e-07
7820 -1.438723014474119e-07
7830 -8.151214622720282e-08
7840 1.525702419680197e-07
7850 1.452576298272001e-07
7860 1.549556322699708e-07
7870 -1.172421325856821e-07
7880 -1.421335381751598e-07
7890 -6.077967334983114e-08
7900 -9.863813603405713e-08
7910 -1.295370053028266e-07
7920 -7.365978582640764e-08
7930 -1.067324155168414e-07
7940 4.50273971303039e-08
7950 -6.631142270008272e-08
7960 1.11899594187892e-07
7970 -1.716523005262927e-07
7980 -1.416050886271503e-07
7990 -1.090427920874548e-07
8000 -1.281063580771402e-07
8010 -2.263203755653587e-07
8020 -4.638435001369512e-08
8030 5.74146045428936e-08
8040 6.760371107361607e-08
8050 1.03936151005235e-07
8060 1.22805004026949e-07
8070 1.551612768685429e-07
8080 7.571113783133576e-08
8090 1.267795116804971e-07
8100 1.190146827617644e-07
8110 1.384399644227541e-07
8120 1.076865884519496e-07
8130 -1.691764201783297e-07
8140 -1.530753661466155e-07
8150 -2.76634683354926e-08
8160 -1.451455535067536e-07
8170 -1.944551695359786e-07
8180 -1.057719373059873e-07
8190 -1.354974478867677e-07
8200 -1.353603789056024e-07
8210 -1.667872892574529e-07
8220 -1.374920498425913e-07
8230 1.178257500594748e-07
8240 6.864004883921915e-08
8250 -7.068476033655902e-08
8260 -1.375064990621899e-07
8270 -1.203006963351738e-07
8280 -7.517809758050831e-08
8290 -1.890637853496635e-07
8300 5.742275252518247e-08
8310 -1.329055386162237e-07
8320 -7.16570392883531e-08
8330 -1.085577754078582e-07
8340 -5.105045004782927e-08
8350 7.918939025353122e-08
8360 7.971150213503808e-08
8370 -6.922531071984483e-08
8380 -1.835483092182955e-07
8390 -1.589221356457227e-07
8400 1.092583196971031e-07
