"Time Step" "point-shear-a"
22610 1078.039428710938
22620 1079.414306640625
22630 1081.702880859375
22640 1084.393310546875
22650 1088.258422851562
22660 1092.888061523438
22670 1097.673828125
22680 1102.83056640625
22690 1108.439331054688
22700 1113.64453125
22710 1118.418823242188
22720 1122.58740234375
22730 1125.732666015625
22740 1127.82666015625
22750 1129.471801757812
22760 1131.135498046875
22770 1132.929565429688
22780 1135.1953125
22790 1136.588500976562
22800 1136.997924804688
22810 1137.396240234375
22820 1136.897216796875
22830 1134.349975585938
22840 1131.564697265625
22850 1128.5146484375
22860 1125.313232421875
22870 1121.556274414062
22880 1118.384887695312
22890 1115.224243164062
22900 1111.558349609375
22910 1107.641845703125
22920 1103.957763671875
22930 1100.796997070312
22940 1097.824096679688
22950 1095.294555664062
22960 1093.42626953125
22970 1092.499755859375
22980 1092.248291015625
22990 1092.852783203125
23000 1093.935546875
23010 1095.19091796875
23020 1096.832153320312
23030 1099.110107421875
23040 1101.4150390625
23050 1103.024291992188
23060 1103.7265625
23070 1103.773193359375
23080 1104.406860351562
23090 1104.694946289062
23100 1104.466430664062
23110 1104.054321289062
23120 1102.954223632812
23130 1101.160766601562
23140 1097.9755859375
23150 1093.37255859375
23160 1088.800659179688
23170 1084.005493164062
23180 1079.652221679688
23190 1076.260498046875
23200 1073.749755859375
23210 1071.681640625
23220 1069.985473632812
23230 1069.137084960938
23240 1068.95263671875
23250 1069.864624023438
23260 1072.408935546875
23270 1076.784057617188
23280 1081.9208984375
23290 1086.45947265625
23300 1090.119018554688
23310 1093.196655273438
23320 1096.732421875
23330 1100.099243164062
23340 1103.12744140625
23350 1106.21923828125
23360 1109.734008789062
23370 1113.155883789062
23380 1116.080810546875
23390 1118.630126953125
23400 1120.735961914062
23410 1124.943237304688
23420 1129.781005859375
23430 1134.46484375
23440 1139.008422851562
23450 1142.257690429688
23460 1144.448364257812
23470 1146.885498046875
23480 1150.3046875
23490 1153.77197265625
23500 1156.711669921875
23510 1158.662841796875
23520 1159.172485351562
23530 1157.870971679688
23540 1154.98193359375
23550 1151.608032226562
23560 1147.829467773438
23570 1143.742797851562
23580 1139.173583984375
23590 1134.562377929688
23600 1130.3544921875
23610 1126.359252929688
23620 1123.518920898438
23630 1121.501708984375
23640 1119.524780273438
23650 1118.10205078125
23660 1116.669311523438
23670 1116.233276367188
23680 1117.433349609375
23690 1120.258178710938
23700 1125.266479492188
23710 1132.416625976562
23720 1140.513427734375
23730 1148.44580078125
23740 1155.584106445312
23750 1162.441650390625
23760 1169.998168945312
23770 1176.080688476562
23780 1180.708129882812
23790 1185.978759765625
23800 1189.934936523438
23810 1191.378662109375
23820 1190.196411132812
23830 1189.960571289062
23840 1187.0478515625
23850 1181.389282226562
23860 1174.415405273438
23870 1166.569458007812
23880 1158.829223632812
23890 1150.966552734375
23900 1143.563232421875
23910 1137.347778320312
23920 1133.270141601562
23930 1131.269165039062
23940 1130.386108398438
23950 1130.018920898438
23960 1130.592529296875
23970 1131.39111328125
23980 1131.373046875
23990 1130.560668945312
24000 1128.67724609375
15010 988.183349609375
15020 991.6292724609375
15030 995.5889282226562
15040 999.6904296875
15050 1003.835510253906
15060 1007.788452148438
15070 1010.952087402344
15080 1013.2841796875
15090 1015.051696777344
15100 1016.329895019531
15110 1017.092163085938
15120 1016.968200683594
15130 1015.74365234375
15140 1013.613464355469
15150 1010.36865234375
15160 1006.271789550781
15170 1001.442016601562
15180 995.9034423828125
15190 990.4767456054688
15200 985.4202270507812
15210 980.9983520507812
15220 977.4926147460938
15230 974.5626220703125
15240 972.0691528320312
15250 970.1344604492188
15260 968.7857666015625
15270 968.5506591796875
15280 969.2427978515625
15290 970.127197265625
15300 971.0523071289062
15310 973.0250854492188
15320 976.39990234375
15330 980.42578125
15340 984.9762573242188
15350 989.8798828125
15360 995.6637573242188
15370 1001.808837890625
15380 1008.268615722656
15390 1014.748413085938
15400 1020.308288574219
15410 1025.787841796875
15420 1031.036865234375
15430 1035.411743164062
15440 1038.983276367188
15450 1042.7236328125
15460 1045.763061523438
15470 1048.82666015625
15480 1051.41259765625
15490 1053.231323242188
15500 1054.600341796875
15510 1054.944580078125
15520 1053.832885742188
15530 1051.380249023438
15540 1047.377807617188
15550 1042.290649414062
15560 1036.69140625
15570 1031.219360351562
15580 1025.502563476562
15590 1020.392517089844
15600 1015.292419433594
15610 1010.446960449219
15620 1005.978332519531
15630 1001.357604980469
15640 996.1104125976562
15650 990.6818237304688
15660 985.915771484375
15670 982.0762939453125
15680 979.5448608398438
15690 979.0003051757812
15700 980.8770751953125
15710 984.7078247070312
15720 989.8943481445312
15730 996.2731323242188
15740 1003.9306640625
15750 1012.142639160156
15760 1019.935180664062
15770 1026.288818359375
15780 1031.175170898438
15790 1035.531372070312
15800 1039.714965820312
15810 1042.642211914062
15820 1044.16845703125
15830 1043.925659179688
15840 1041.354248046875
15850 1039.1484375
15860 1036.249389648438
15870 1032.207397460938
15880 1027.356689453125
15890 1021.610168457031
15900 1014.799682617188
15910 1006.882751464844
15920 998.9655151367188
15930 992.7875366210938
15940 988.4267578125
15950 984.471435546875
15960 980.5286254882812
15970 977.5787963867188
15980 975.7578125
15990 974.22509765625
16000 972.7894897460938
16010 971.2575073242188
16020 969.8317260742188
16030 968.56005859375
16040 967.3004150390625
16050 966.7908325195312
16060 967.1209106445312
16070 967.9229125976562
16080 969.22216796875
16090 970.9717407226562
16100 972.6984252929688
16110 974.0510864257812
16120 975.0963745117188
16130 975.611083984375
16140 975.3719482421875
16150 974.07470703125
16160 971.8856811523438
16170 969.2594604492188
16180 967.1011962890625
16190 966.1200561523438
16200 966.0233154296875
16210 966.3507690429688
16220 966.902587890625
16230 967.322021484375
16240 968.9156494140625
16250 971.6524047851562
16260 975.884521484375
16270 981.30810546875
16280 986.6592407226562
16290 992.6796875
16300 999.3828735351562
16310 1006.004760742188
16320 1011.961303710938
16330 1017.439208984375
16340 1022.627258300781
16350 1027.557250976562
16360 1031.8779296875
16370 1035.888916015625
16380 1039.715576171875
16390 1042.512084960938
16400 1044.474731445312
16410 1046.75048828125
16420 1048.352294921875
16430 1049.337158203125
16440 1049.559448242188
16450 1049.437133789062
16460 1048.862060546875
16470 1047.783203125
16480 1045.711547851562
16490 1042.886596679688
16500 1039.030517578125
16510 1035.144897460938
16520 1031.114135742188
16530 1026.645263671875
16540 1022.091674804688
16550 1017.863403320312
16560 1014.393005371094
16570 1011.952758789062
16580 1010.093566894531
16590 1009.014099121094
16600 1008.786682128906
16610 1009.109008789062
16620 1009.793395996094
16630 1010.760498046875
16640 1012.210327148438
16650 1014.056396484375
16660 1015.904418945312
16670 1017.323974609375
16680 1018.316650390625
16690 1018.870849609375
16700 1019.157165527344
16710 1019.154907226562
16720 1018.271057128906
16730 1016.586181640625
16740 1014.247314453125
16750 1011.127136230469
16760 1007.130004882812
16770 1002.452392578125
16780 997.2395629882812
16790 991.9300537109375
16800 987.132568359375
16810 982.4443969726562
16820 978.902099609375
16830 976.8867797851562
16840 975.696533203125
16850 975.459228515625
16860 976.1845092773438
16870 978.09716796875
16880 980.9061279296875
16890 983.8975830078125
16900 986.5391845703125
16910 989.0556640625
16920 992.4367065429688
16930 996.183837890625
16940 999.89306640625
16950 1004.024536132812
16960 1008.690734863281
16970 1013.814514160156
16980 1019.240173339844
16990 1024.5439453125
17000 1028.986328125
17010 1033.144409179688
17020 1037.4716796875
17030 1041.779296875
17040 1046.794189453125
17050 1050.35888671875
17060 1052.296020507812
17070 1054.084350585938
17080 1056.375366210938
17090 1059.051513671875
17100 1061.60205078125
17110 1062.873657226562
17120 1062.508056640625
17130 1060.850341796875
17140 1057.393676757812
17150 1052.493774414062
17160 1047.193603515625
17170 1042.352905273438
17180 1037.191528320312
17190 1031.5126953125
17200 1025.814819335938
17210 1020.569885253906
17220 1016.235900878906
17230 1012.265747070312
17240 1007.386108398438
17250 1002.022277832031
17260 997.0939331054688
17270 992.79833984375
17280 990.006591796875
17290 989.3047485351562
17300 990.9614868164062
17310 994.1306762695312
17320 998.6758422851562
17330 1004.353210449219
17340 1010.180603027344
17350 1015.491638183594
17360 1021.54248046875
17370 1026.931762695312
17380 1031.421630859375
17390 1035.792236328125
17400 1040.6640625
17410 1044.069458007812
17420 1045.37744140625
17430 1045.001708984375
17440 1043.757568359375
17450 1042.680419921875
17460 1039.8896484375
17470 1036.145874023438
17480 1031.3310546875
17490 1025.703857421875
17500 1019.387268066406
17510 1011.938903808594
17520 1004.88818359375
17530 999.6705322265625
17540 995.9951782226562
17550 993.68115234375
17560 991.1804809570312
17570 988.7122192382812
17580 986.7959594726562
17590 985.1130981445312
17600 983.1338500976562
17610 981.0559692382812
17620 979.1073608398438
17630 976.9945068359375
17640 975.4750366210938
17650 974.9279174804688
17660 974.636474609375
17670 974.4129638671875
17680 974.4049072265625
17690 974.6538696289062
17700 974.7062377929688
17710 974.6862182617188
17720 974.5216064453125
17730 973.8660278320312
17740 972.1121826171875
17750 969.4073486328125
17760 966.5819702148438
17770 963.58056640625
17780 961.3515625
17790 960.05615234375
17800 960.0607299804688
17810 960.989013671875
17820 962.1817626953125
17830 964.3492431640625
17840 968.619873046875
17850 974.1170654296875
17860 980.2781372070312
17870 986.9725952148438
17880 994.1726684570312
17890 1001.766479492188
17900 1009.440795898438
17910 1016.112670898438
17920 1021.732727050781
17930 1026.6953125
17940 1030.757690429688
17950 1034.651489257812
17960 1038.077514648438
17970 1040.833618164062
17980 1043.022338867188
17990 1043.972900390625
18000 1044.294921875
18010 1044.448486328125
18020 1044.354125976562
18030 1043.620483398438
18040 1041.747802734375
18050 1040.24853515625
18060 1039.130493164062
18070 1037.995727539062
18080 1036.855102539062
18090 1035.54150390625
18100 1033.50048828125
18110 1030.3408203125
18120 1027.157104492188
18130 1023.342590332031
18140 1018.874633789062
18150 1014.739135742188
18160 1011.530700683594
18170 1009.847961425781
18180 1009.496459960938
18190 1010.298278808594
18200 1011.822570800781
18210 1013.65576171875
18220 1016.00830078125
18230 1018.731750488281
18240 1021.532409667969
18250 1024.003784179688
18260 1025.946044921875
18270 1027.614135742188
18280 1029.295166015625
18290 1031.2548828125
18300 1032.87255859375
18310 1034.031982421875
18320 1034.460083007812
18330 1033.897338867188
18340 1032.246459960938
18350 1029.600830078125
18360 1026.237670898438
18370 1022.47412109375
18380 1018.566528320312
18390 1014.707641601562
18400 1011.155456542969
18410 1007.918151855469
18420 1005.60302734375
18430 1004.422424316406
18440 1003.948364257812
18450 1004.456909179688
18460 1006.048156738281
18470 1008.845886230469
18480 1012.385986328125
18490 1016.037475585938
18500 1019.321655273438
18510 1022.069396972656
18520 1025.831787109375
18530 1030.314453125
18540 1034.724853515625
18550 1039.669921875
18560 1044.8232421875
18570 1049.718505859375
18580 1055.128295898438
18590 1059.864624023438
18600 1064.076782226562
18610 1069.392578125
18620 1076.175415039062
18630 1083.005615234375
18640 1088.86572265625
18650 1092.223510742188
18660 1093.546630859375
18670 1094.507202148438
18680 1096.111938476562
18690 1098.36279296875
18700 1100.782836914062
18710 1102.219970703125
18720 1102.031005859375
18730 1100.427978515625
18740 1097.578857421875
18750 1093.933349609375
18760 1090.121215820312
18770 1086.574340820312
18780 1082.772094726562
18790 1078.360595703125
18800 1073.86669921875
18810 1069.922973632812
18820 1066.052734375
18830 1062.83447265625
18840 1059.559692382812
18850 1056.202514648438
18860 1053.309326171875
18870 1050.980590820312
18880 1050.146118164062
18890 1051.577270507812
18900 1054.890258789062
18910 1060.565063476562
18920 1066.811401367188
18930 1073.32177734375
18940 1079.242065429688
18950 1085.719604492188
18960 1092.23681640625
18970 1097.658813476562
18980 1101.73486328125
18990 1106.197265625
19000 1109.838745117188
19010 1113.045288085938
19020 1115.6904296875
19030 1116.80322265625
19040 1115.223876953125
19050 1112.084838867188
19060 1107.614990234375
19070 1101.9931640625
19080 1094.956665039062
19090 1086.701416015625
19100 1078.424926757812
19110 1069.05517578125
19120 1059.808471679688
19130 1052.486206054688
19140 1046.112915039062
19150 1040.033081054688
19160 1035.289794921875
19170 1030.923828125
19180 1026.614990234375
19190 1022.704711914062
19200 1019.7646484375
19210 1017.852355957031
19220 1016.964172363281
19230 1016.5673828125
19240 1016.577880859375
19250 1017.600524902344
19260 1019.030639648438
19270 1020.602416992188
19280 1021.852661132812
19290 1023.440856933594
19300 1025.693725585938
19310 1028.66845703125
19320 1031.91552734375
19330 1034.863159179688
19340 1037.15625
19350 1038.565307617188
19360 1039.33544921875
19370 1039.422241210938
19380 1038.832641601562
19390 1039.008666992188
19400 1040.186889648438
19410 1042.121704101562
19420 1044.567626953125
19430 1048.02978515625
19440 1052.463256835938
19450 1056.924438476562
19460 1061.622314453125
19470 1066.299438476562
19480 1071.180297851562
19490 1076.4052734375
19500 1081.8603515625
19510 1086.811767578125
19520 1090.918701171875
19530 1094.176147460938
19540 1096.759399414062
19550 1098.56591796875
19560 1099.216552734375
19570 1098.699951171875
19580 1098.212646484375
19590 1097.99560546875
19600 1098.176025390625
19610 1099.15478515625
19620 1099.451538085938
19630 1099.44189453125
19640 1098.927734375
19650 1097.947998046875
19660 1096.4189453125
19670 1094.042602539062
19680 1091.392456054688
19690 1088.415283203125
19700 1085.680419921875
19710 1081.228881835938
19720 1076.167602539062
19730 1070.893676757812
19740 1065.19775390625
19750 1060.147338867188
19760 1056.984130859375
19770 1055.210327148438
19780 1054.817016601562
19790 1056.020385742188
19800 1058.6005859375
19810 1062.01513671875
19820 1065.984375
19830 1070.495849609375
19840 1074.887939453125
19850 1078.627685546875
19860 1081.493530273438
19870 1083.6337890625
19880 1085.316284179688
19890 1086.941650390625
19900 1087.5771484375
19910 1087.36376953125
19920 1086.172241210938
19930 1084.085815429688
19940 1080.928100585938
19950 1076.914306640625
19960 1071.971435546875
19970 1066.511840820312
19980 1061.307006835938
19990 1056.387084960938
20000 1051.677368164062
20010 1047.393798828125
20020 1044.62548828125
20030 1042.973999023438
20040 1042.2587890625
20050 1042.628662109375
20060 1044.01904296875
20070 1046.46044921875
20080 1049.243041992188
20090 1052.411743164062
20100 1056.64599609375
20110 1061.409423828125
20120 1066.318481445312
20130 1071.477172851562
20140 1076.7109375
20150 1082.497924804688
20160 1088.851196289062
20170 1095.199951171875
20180 1101.782470703125
20190 1107.565185546875
20200 1112.39111328125
20210 1117.230834960938
20220 1121.709594726562
20230 1127.885864257812
20240 1132.672241210938
20250 1135.22705078125
20260 1135.787353515625
20270 1135.328247070312
20280 1135.60205078125
20290 1137.224487304688
20300 1138.505859375
20310 1138.841674804688
20320 1138.1650390625
20330 1136.196044921875
20340 1133.010498046875
20350 1128.965576171875
20360 1124.89453125
20370 1120.89990234375
20380 1116.270629882812
20390 1110.907348632812
20400 1105.020263671875
20410 1100.245483398438
20420 1095.758178710938
20430 1091.079711914062
20440 1085.665771484375
20450 1079.92822265625
20460 1074.738525390625
20470 1070.8203125
20480 1068.8916015625
20490 1069.413696289062
20500 1072.737548828125
20510 1078.399658203125
20520 1085.81982421875
20530 1093.161743164062
20540 1099.8583984375
20550 1106.58740234375
20560 1114.505126953125
20570 1120.259887695312
20580 1123.398681640625
20590 1127.822998046875
20600 1132.717407226562
20610 1134.44873046875
20620 1135.92041015625
20630 1136.167602539062
20640 1133.029418945312
20650 1127.93994140625
20660 1121.203857421875
20670 1113.389526367188
20680 1104.718017578125
20690 1095.240844726562
20700 1085.315185546875
20710 1076.245727539062
20720 1068.522094726562
20730 1063.487060546875
20740 1059.328735351562
20750 1055.165161132812
20760 1051.56982421875
20770 1048.306274414062
20780 1045.309936523438
20790 1042.214721679688
20800 1039.177612304688
20810 1036.790283203125
20820 1035.325561523438
20830 1034.0380859375
20840 1033.19384765625
20850 1033.1806640625
20860 1033.880249023438
20870 1034.647827148438
20880 1035.198120117188
20890 1036.409423828125
20900 1038.208374023438
20910 1040.57763671875
20920 1042.951782226562
20930 1044.990600585938
20940 1046.534912109375
20950 1047.333618164062
20960 1047.03125
20970 1045.781982421875
20980 1044.40478515625
20990 1043.990234375
21000 1044.425415039062
21010 1045.921264648438
21020 1047.64404296875
21030 1050.251220703125
21040 1053.5615234375
21050 1057.428588867188
21060 1062.292358398438
21070 1067.408569335938
21080 1072.777709960938
21090 1078.875122070312
21100 1085.117797851562
21110 1090.870849609375
21120 1095.9716796875
21130 1099.884399414062
21140 1102.732055664062
21150 1104.689819335938
21160 1106.056518554688
21170 1107.163940429688
21180 1108.580688476562
21190 1109.817504882812
21200 1110.95849609375
21210 1112.652099609375
21220 1113.10693359375
21230 1112.259887695312
21240 1110.86083984375
21250 1109.195068359375
21260 1106.733764648438
21270 1103.523193359375
21280 1100.446533203125
21290 1097.468139648438
21300 1094.59912109375
21310 1090.865844726562
21320 1086.763305664062
21330 1082.94140625
21340 1078.886596679688
21350 1074.86376953125
21360 1071.580810546875
21370 1069.57568359375
21380 1068.79931640625
21390 1069.319091796875
21400 1070.8583984375
21410 1072.980712890625
21420 1075.720947265625
21430 1079.23828125
21440 1082.9130859375
21450 1086.148681640625
21460 1088.642578125
21470 1090.515014648438
21480 1092.370971679688
21490 1094.049682617188
21500 1094.994873046875
21510 1095.290405273438
21520 1094.819702148438
21530 1093.385986328125
21540 1090.783447265625
21550 1086.953735351562
21560 1082.22705078125
21570 1077.667602539062
21580 1073.104736328125
21590 1068.986328125
21600 1065.468017578125
21610 1062.365600585938
21620 1060.230834960938
21630 1059.278442382812
21640 1058.96240234375
21650 1059.768798828125
21660 1062.038330078125
21670 1065.886474609375
21680 1070.316284179688
21690 1074.3125
21700 1078.450927734375
21710 1082.900268554688
21720 1087.382202148438
21730 1091.5966796875
21740 1095.539184570312
21750 1099.793579101562
21760 1104.092651367188
21770 1109.039428710938
21780 1113.840209960938
21790 1118.168090820312
21800 1121.99365234375
21810 1126.314819335938
21820 1133.212524414062
21830 1140.318481445312
21840 1146.485229492188
21850 1150.365600585938
21860 1151.800659179688
21870 1152.3203125
21880 1153.52978515625
21890 1155.4365234375
21900 1157.15673828125
21910 1158.237548828125
21920 1157.895263671875
21930 1155.769287109375
21940 1152.309326171875
21950 1148.46533203125
21960 1144.431396484375
21970 1140.424438476562
21980 1135.718872070312
21990 1130.541259765625
22000 1124.996704101562
22010 1119.79345703125
22020 1115.516235351562
22030 1112.257690429688
22040 1107.850708007812
22050 1103.315063476562
22060 1099.407348632812
22070 1096.650146484375
22080 1095.828125
22090 1097.490356445312
22100 1101.5244140625
22110 1107.733764648438
22120 1114.781494140625
22130 1122.738647460938
22140 1130.143920898438
22150 1138.809692382812
22160 1147.2421875
22170 1153.281982421875
22180 1156.97412109375
22190 1161.679931640625
22200 1166.021850585938
22210 1166.749389648438
22220 1168.61181640625
22230 1167.883178710938
22240 1163.498657226562
22250 1156.850219726562
22260 1148.405395507812
22270 1139.12353515625
22280 1129.486083984375
22290 1119.411743164062
22300 1109.26904296875
22310 1100.323852539062
22320 1093.568725585938
22330 1089.590942382812
22340 1086.626708984375
22350 1083.68603515625
22360 1081.459350585938
22370 1079.594360351562
22380 1077.714721679688
22390 1075.568115234375
22400 1073.091064453125
22410 1070.640991210938
22420 1068.69873046875
22430 1067.02197265625
22440 1065.686889648438
22450 1065.298461914062
22460 1065.682983398438
22470 1066.149169921875
22480 1066.578979492188
22490 1067.637451171875
22500 1069.246704101562
22510 1071.819702148438
22520 1074.649780273438
22530 1077.103149414062
22540 1078.95458984375
22550 1079.567626953125
22560 1079.670288085938
22570 1078.783935546875
22580 1077.35009765625
22590 1076.791870117188
22600 1077.019653320312
14810 1046.219848632812
14820 1048.3662109375
14830 1050.099731445312
14840 1050.976928710938
14850 1050.732421875
14860 1049.327514648438
14870 1047.165405273438
14880 1044.1826171875
14890 1039.960083007812
14900 1034.661499023438
14910 1028.847290039062
14920 1021.929626464844
14930 1014.735168457031
14940 1007.094604492188
14950 999.78564453125
14960 993.3741455078125
14970 988.6226806640625
14980 985.7916870117188
14990 984.8652954101562
15000 985.87841796875
8010 987.5039672851562
8020 988.5400390625
8030 990.1045532226562
8040 991.8088989257812
8050 993.4578857421875
8060 995.1915283203125
8070 996.9151000976562
8080 998.4654541015625
8090 1000.184387207031
8100 1001.927551269531
8110 1003.659057617188
8120 1004.973205566406
8130 1005.643676757812
8140 1005.906372070312
8150 1005.636962890625
8160 1004.453491210938
8170 1002.855651855469
8180 1000.62548828125
8190 997.48095703125
8200 993.9042358398438
8210 990.2852172851562
8220 986.5584716796875
8230 983.3322143554688
8240 980.3607177734375
8250 977.6151733398438
8260 975.4495239257812
8270 973.6868286132812
8280 972.3921508789062
8290 971.8958740234375
8300 971.950927734375
8310 972.8740844726562
8320 974.4638671875
8330 976.2744750976562
8340 978.3388671875
8350 980.6316528320312
8360 983.2652587890625
8370 986.1630859375
8380 989.145751953125
8390 991.9523315429688
8400 994.5385131835938
8410 997.3814697265625
8420 1000.470031738281
8430 1003.157775878906
8440 1005.823608398438
8450 1008.569152832031
8460 1011.186279296875
8470 1013.442932128906
8480 1015.224853515625
8490 1016.476989746094
8500 1017.00439453125
8510 1016.948791503906
8520 1016.118408203125
8530 1014.862121582031
8540 1013.251220703125
8550 1011.265197753906
8560 1009.432922363281
8570 1007.868774414062
8580 1006.652465820312
8590 1005.668273925781
8600 1005.210266113281
8610 1005.084106445312
8620 1005.466918945312
8630 1005.944885253906
8640 1006.424926757812
8650 1006.942504882812
8660 1007.830322265625
8670 1009.295654296875
8680 1011.074340820312
8690 1013.159057617188
8700 1015.16162109375
8710 1016.656311035156
8720 1017.271728515625
8730 1017.292541503906
8740 1016.452697753906
8750 1014.638793945312
8760 1012.268493652344
8770 1009.631103515625
8780 1006.915954589844
8790 1004.36328125
8800 1002.145385742188
8810 1000.434020996094
8820 999.016845703125
8830 998.2921142578125
8840 998.025634765625
8850 997.9987182617188
8860 997.9920654296875
8870 998.4445190429688
8880 999.042236328125
8890 999.5645141601562
8900 999.850341796875
8910 999.829833984375
8920 999.4459838867188
8930 999.14453125
8940 999.02099609375
8950 999.207763671875
8960 999.89990234375
8970 1000.614624023438
8980 1001.434204101562
8990 1002.700439453125
9000 1004.256713867188
9010 1006.016479492188
9020 1007.722961425781
9030 1009.314147949219
9040 1010.823852539062
9050 1012.058471679688
9060 1012.671264648438
9070 1012.72900390625
9080 1012.187316894531
9090 1011.789184570312
9100 1011.613647460938
9110 1011.778747558594
9120 1012.229736328125
9130 1012.78759765625
9140 1013.296020507812
9150 1014.154296875
9160 1014.980834960938
9170 1015.471374511719
9180 1016.006103515625
9190 1016.730346679688
9200 1017.509887695312
9210 1017.841796875
9220 1017.663330078125
9230 1017.067932128906
9240 1016.028259277344
9250 1015.323669433594
9260 1015.073852539062
9270 1014.727966308594
9280 1014.370361328125
9290 1014.531127929688
9300 1015.334533691406
9310 1016.681213378906
9320 1018.520446777344
9330 1020.6025390625
9340 1023.228698730469
9350 1026.068115234375
9360 1028.619262695312
9370 1031.248779296875
9380 1033.943237304688
9390 1036.427490234375
9400 1038.981689453125
9410 1040.002563476562
9420 1039.703979492188
9430 1037.842041015625
9440 1034.902465820312
9450 1030.84228515625
9460 1025.992797851562
9470 1020.751159667969
9480 1015.651489257812
9490 1010.267272949219
9500 1004.311279296875
9510 997.4608154296875
9520 990.5353393554688
9530 984.5165405273438
9540 979.3377075195312
9550 974.0963745117188
9560 969.1688232421875
9570 964.9972534179688
9580 961.8638916015625
9590 959.991943359375
9600 959.6797485351562
9610 960.7905883789062
9620 962.5708618164062
9630 964.7164916992188
9640 967.0453491210938
9650 969.0272827148438
9660 971.3098754882812
9670 973.6460571289062
9680 975.6898193359375
9690 977.688232421875
9700 979.8323974609375
9710 981.8131103515625
9720 983.26171875
9730 983.8507690429688
9740 983.4500122070312
9750 982.1837158203125
9760 979.8944091796875
9770 977.1085815429688
9780 974.4488525390625
9790 972.0802001953125
9800 970.4232788085938
9810 969.3510131835938
9820 968.7427368164062
9830 968.6546630859375
9840 968.6478881835938
9850 968.8831787109375
9860 969.4776000976562
9870 970.2483520507812
9880 971.2203979492188
9890 972.9581298828125
9900 974.9520874023438
9910 977.093017578125
9920 979.6536865234375
9930 982.4634399414062
9940 985.2848510742188
9950 988.4723510742188
9960 991.8150634765625
9970 995.2376098632812
9980 998.58544921875
9990 1001.538208007812
10000 1004.021728515625
10010 1006.191528320312
10020 1007.96240234375
10030 1008.841003417969
10040 1009.365295410156
10050 1009.9365234375
10060 1010.151611328125
10070 1009.812927246094
10080 1008.448669433594
10090 1006.28173828125
10100 1004
10110 1002.192993164062
10120 1000.391235351562
10130 998.828369140625
10140 997.5747680664062
10150 996.7225952148438
10160 996.6207275390625
10170 997.3135986328125
10180 998.6921997070312
10190 1001.638061523438
10200 1006.490112304688
10210 1012.407104492188
10220 1017.8779296875
10230 1022.524047851562
10240 1026.079467773438
10250 1028.634033203125
10260 1029.996826171875
10270 1030.1982421875
10280 1029.349731445312
10290 1027.8671875
10300 1025.89599609375
10310 1023.944396972656
10320 1022.054260253906
10330 1020.26708984375
10340 1018.260314941406
10350 1015.91552734375
10360 1013.231201171875
10370 1010.050842285156
10380 1006.479553222656
10390 1003.20654296875
10400 1000.435302734375
10410 998.3312377929688
10420 996.6945190429688
10430 995.61083984375
10440 994.9818725585938
10450 994.5059814453125
10460 994.007080078125
10470 994.0814208984375
10480 994.567138671875
10490 994.8197021484375
10500 994.4827270507812
10510 993.9265747070312
10520 993.3145751953125
10530 993.1613159179688
10540 994.3646850585938
10550 996.7645874023438
10560 1000.291381835938
10570 1004.587036132812
10580 1009.084106445312
10590 1013.5888671875
10600 1017.96240234375
10610 1022.186218261719
10620 1026.101440429688
10630 1029.338500976562
10640 1031.843017578125
10650 1033.293823242188
10660 1033.125366210938
10670 1032.234130859375
10680 1031.45166015625
10690 1030.459228515625
10700 1029.215087890625
10710 1027.594604492188
10720 1025.411376953125
10730 1023.237365722656
10740 1021.100219726562
10750 1019.5380859375
10760 1018.596252441406
10770 1017.669616699219
10780 1016.536987304688
10790 1015.289794921875
10800 1014.179748535156
10810 1013.481811523438
10820 1012.904174804688
10830 1011.865661621094
10840 1010.595764160156
10850 1009.307922363281
10860 1008.1044921875
10870 1007.434692382812
10880 1007.953918457031
10890 1010.039672851562
10900 1013.501770019531
10910 1019.280578613281
10920 1025.867553710938
10930 1032.669799804688
10940 1039.125366210938
10950 1043.979370117188
10960 1048.370361328125
10970 1053.353515625
10980 1058.509155273438
10990 1063.471313476562
11000 1067.59814453125
11010 1070.150756835938
11020 1071.374755859375
11030 1070.307983398438
11040 1067.427978515625
11050 1063.162841796875
11060 1058.028686523438
11070 1051.619140625
11080 1044.056518554688
11090 1035.474975585938
11100 1025.911865234375
11110 1014.921752929688
11120 1003.125
11130 992.1009521484375
11140 981.6365966796875
11150 972.1016235351562
11160 963.800048828125
11170 957.0885009765625
11180 952.0361328125
11190 949.7734375
11200 949.8342895507812
11210 951.731201171875
11220 954.9585571289062
11230 958.7236938476562
11240 963.1249389648438
11250 967.9293212890625
11260 972.4157104492188
11270 976.3043823242188
11280 979.3955688476562
11290 981.846435546875
11300 983.7235717773438
11310 985.1552124023438
11320 986.0084228515625
11330 986.1182861328125
11340 985.5220947265625
11350 984.0353393554688
11360 981.7813720703125
11370 979.4190673828125
11380 977.439697265625
11390 975.8177490234375
11400 974.4150390625
11410 973.6981811523438
11420 973.0718383789062
11430 972.8702392578125
11440 973.1680297851562
11450 974.3763427734375
11460 976.83203125
11470 980.2166748046875
11480 985.210205078125
11490 990.083251953125
11500 994.4649658203125
11510 997.8267822265625
11520 1001.62548828125
11530 1005.564331054688
11540 1008.924865722656
11550 1012.223754882812
11560 1015.582702636719
11570 1018.807189941406
11580 1021.542724609375
11590 1023.537292480469
11600 1024.821411132812
11610 1026.088989257812
11620 1027.1865234375
11630 1027.457275390625
11640 1027.756713867188
11650 1027.482177734375
11660 1026.368530273438
11670 1024.2421875
11680 1020.962890625
11690 1017.065490722656
11700 1012.599731445312
11710 1007.523498535156
11720 1002.094055175781
11730 997.055419921875
11740 992.888916015625
11750 989.8012084960938
11760 988.1864013671875
11770 988.2479248046875
11780 989.8093872070312
11790 992.9705810546875
11800 997.6456909179688
11810 1003.488647460938
11820 1010.184509277344
11830 1017.097534179688
11840 1023.873474121094
11850 1029.371948242188
11860 1033.305908203125
11870 1035.794067382812
11880 1036.752197265625
11890 1036.30615234375
11900 1035.114501953125
11910 1033.701416015625
11920 1031.81494140625
11930 1029.336059570312
11940 1026.14697265625
11950 1022.247314453125
11960 1018.14111328125
11970 1013.861999511719
11980 1009.283386230469
11990 1004.966369628906
12000 1001.43310546875
12010 998.6138305664062
12020 996.15673828125
12030 994.40185546875
12040 993.1500244140625
12050 992.2621459960938
12060 992.1157836914062
12070 992.5646362304688
12080 992.9431762695312
12090 992.9527587890625
12100 994.4013061523438
12110 997.0430908203125
12120 1000.190124511719
12130 1003.668701171875
12140 1007.371215820312
12150 1012.085876464844
12160 1018.713317871094
12170 1024.936645507812
12180 1030.163452148438
12190 1034.593139648438
12200 1038.871215820312
12210 1043.429321289062
12220 1047.901000976562
12230 1052.253051757812
12240 1056.513671875
12250 1059.08544921875
12260 1060.6982421875
12270 1062.268310546875
12280 1063.438232421875
12290 1063.801513671875
12300 1063.70849609375
12310 1062.94677734375
12320 1060.938842773438
12330 1058.25390625
12340 1055.239379882812
12350 1052.220092773438
12360 1049.439697265625
12370 1046.664916992188
12380 1043.118896484375
12390 1039.065551757812
12400 1035.298828125
12410 1032.079345703125
12420 1029.442138671875
12430 1026.786010742188
12440 1023.493530273438
12450 1020.558227539062
12460 1017.987182617188
12470 1016.130676269531
12480 1015.085205078125
12490 1015.26611328125
12500 1018.1982421875
12510 1023.413879394531
12520 1029.941528320312
12530 1036.9384765625
12540 1044.230102539062
12550 1051.2822265625
12560 1058.063598632812
12570 1064.07080078125
12580 1070.112426757812
12590 1075.372924804688
12600 1079.562622070312
12610 1083.4560546875
12620 1085.265991210938
12630 1084.3291015625
12640 1081.200317382812
12650 1076.711059570312
12660 1071.52587890625
12670 1065.457885742188
12680 1058.030517578125
12690 1049.797119140625
12700 1040.170043945312
12710 1029.232788085938
12720 1017.772827148438
12730 1006.664123535156
12740 995.4266357421875
12750 984.7214965820312
12760 975.3890380859375
12770 967.5611572265625
12780 961.854248046875
12790 958.5525512695312
12800 957.4751586914062
12810 958.3001708984375
12820 959.7933349609375
12830 961.7886962890625
12840 964.562255859375
12850 967.9500122070312
12860 971.226806640625
12870 974.0888061523438
12880 976.689697265625
12890 979.2478637695312
12900 981.8790893554688
12910 984.544189453125
12920 986.751953125
12930 988.3228149414062
12940 989.0464477539062
12950 988.7474975585938
12960 987.8233032226562
12970 986.7615356445312
12980 985.9353637695312
12990 984.806884765625
13000 983.9107055664062
13010 983.498291015625
13020 983.0504150390625
13030 982.8873901367188
13040 983.7835083007812
13050 985.9856567382812
13060 989.4121704101562
13070 993.1690673828125
13080 998.572021484375
13090 1004.296203613281
13100 1009.364013671875
13110 1013.150024414062
13120 1016.204345703125
13130 1019.421997070312
13140 1023.018310546875
13150 1026.503173828125
13160 1029.828002929688
13170 1032.973999023438
13180 1036.441650390625
13190 1039.88916015625
13200 1042.966430664062
13210 1046.018676757812
13220 1048.783325195312
13230 1050.140747070312
13240 1051.310546875
13250 1051.517456054688
13260 1050.53076171875
13270 1048.529907226562
13280 1045.341552734375
13290 1040.87890625
13300 1035.169921875
13310 1028.404052734375
13320 1021.182312011719
13330 1013.454833984375
13340 1005.626525878906
13350 998.6510009765625
13360 993.3533935546875
13370 990.3607177734375
13380 989.4569091796875
13390 990.6257934570312
13400 993.9937133789062
13410 998.761474609375
13420 1004.629516601562
13430 1010.630554199219
13440 1016.421447753906
13450 1022.101013183594
13460 1027.30224609375
13470 1031.566528320312
13480 1034.727172851562
13490 1036.842895507812
13500 1038.23583984375
13510 1039.096069335938
13520 1038.712890625
13530 1037.20458984375
13540 1034.513916015625
13550 1031.04931640625
13560 1027.24365234375
13570 1023.212524414062
13580 1018.839782714844
13590 1014.766479492188
13600 1010.771606445312
13610 1007.859069824219
13620 1005.854675292969
13630 1004.637573242188
13640 1004.057434082031
13650 1004.149658203125
13660 1004.86279296875
13670 1006.059204101562
13680 1007.351440429688
13690 1008.203918457031
13700 1010.690124511719
13710 1013.413146972656
13720 1016.525146484375
13730 1019.912475585938
13740 1023.366027832031
13750 1027.322021484375
13760 1032.90869140625
13770 1038.433349609375
13780 1043.752563476562
13790 1048.42236328125
13800 1051.81591796875
13810 1055.555053710938
13820 1059.614868164062
13830 1064.580322265625
13840 1068.294677734375
13850 1071.389038085938
13860 1074.67578125
13870 1078.253295898438
13880 1080.881225585938
13890 1082.816650390625
13900 1084.187744140625
13910 1084.704467773438
13920 1083.616821289062
13930 1081.066650390625
13940 1077.501831054688
13950 1073.903198242188
13960 1070.357055664062
13970 1066.518310546875
13980 1061.521118164062
13990 1056.382568359375
14000 1051.738891601562
14010 1047.886596679688
14020 1044.802001953125
14030 1041.53466796875
14040 1037.517944335938
14050 1033.689331054688
14060 1030.128784179688
14070 1027.403564453125
14080 1025.729370117188
14090 1025.3837890625
14100 1027.312744140625
14110 1030.660034179688
14120 1035.11669921875
14130 1040.446044921875
14140 1046.429809570312
14150 1052.309936523438
14160 1058.055419921875
14170 1062.341430664062
14180 1066.24072265625
14190 1069.941772460938
14200 1073.512939453125
14210 1075.813720703125
14220 1076.439819335938
14230 1076.519775390625
14240 1074.773803710938
14250 1071.022338867188
14260 1066.564819335938
14270 1061.186157226562
14280 1055.025756835938
14290 1047.946411132812
14300 1039.5439453125
14310 1030.199096679688
14320 1019.923034667969
14330 1009.978637695312
14340 1000.247497558594
14350 990.6036376953125
14360 982.2316284179688
14370 975.3411865234375
14380 969.95361328125
14390 966.1875
14400 964.119140625
14410 963.3474731445312
14420 963.3812255859375
14430 963.654052734375
14440 964.346923828125
14450 965.7064208984375
14460 967.8016357421875
14470 970.071533203125
14480 972.4281005859375
14490 975.206298828125
14500 978.3863525390625
14510 981.8152465820312
14520 984.9417724609375
14530 987.5199584960938
14540 989.1205444335938
14550 989.6417236328125
14560 989.4140014648438
14570 989.049072265625
14580 987.8509521484375
14590 986.583251953125
14600 985.35009765625
14610 984.33935546875
14620 983.5536499023438
14630 983.0982055664062
14640 983.1417846679688
14650 984.5578002929688
14660 987.3969116210938
14670 990.9967041015625
14680 995.771728515625
14690 1001.014221191406
14700 1006.982421875
14710 1012.674987792969
14720 1017.325866699219
14730 1021.056884765625
14740 1025.137329101562
14750 1029.313232421875
14760 1032.973266601562
14770 1036.059326171875
14780 1038.898071289062
14790 1041.456176757812
14800 1043.7529296875
14880 1044.182495117188
14890 1039.9599609375
14900 1034.661376953125
14910 1028.847045898438
14920 1021.929504394531
14930 1014.735046386719
14940 1007.094482421875
14950 999.7855224609375
14960 993.3740844726562
8410 997.3800048828125
8420 1000.469116210938
8430 1003.157653808594
8450 1008.56982421875
8460 1011.186767578125
8470 1013.444458007812
8480 1015.226745605469
8490 1016.478881835938
8500 1017.006652832031
8510 1016.951232910156
8520 1016.120849609375
8530 1014.865173339844
8540 1013.25439453125
8550 1011.268737792969
8560 1009.436767578125
8570 1007.872619628906
8580 1006.656188964844
8590 1005.67236328125
8600 1005.214660644531
0 1060.870971679688
10 1010.806945800781
20 1015.2490234375
30 1017.638000488281
40 1019.883666992188
50 1022.491333007812
60 1025.470581054688
70 1027.98779296875
80 1029.635131835938
90 1030.757080078125
100 1032.229248046875
110 1034.618530273438
120 1037.437133789062
130 1040.237426757812
140 1042.785400390625
150 1044.613891601562
160 1045.759521484375
170 1046.245483398438
180 1046.057250976562
190 1045.080078125
200 1043.090087890625
210 1039.745361328125
220 1035.077514648438
230 1029.821166992188
240 1024.851928710938
250 1020.512878417969
260 1017.033203125
270 1014.256469726562
280 1011.846252441406
290 1009.709838867188
300 1008.125427246094
310 1007.065368652344
320 1006.436279296875
330 1006.579711914062
340 1007.393371582031
350 1008.466674804688
360 1010.020263671875
370 1011.953552246094
380 1014.210327148438
390 1016.737182617188
400 1019.335815429688
410 1021.560607910156
420 1023.201171875
430 1023.898864746094
440 1024.174194335938
450 1024.395141601562
460 1024.516479492188
470 1024.328125
480 1023.643310546875
490 1022.3212890625
500 1020.14990234375
510 1017.679809570312
520 1015.1689453125
530 1012.590393066406
540 1010.286315917969
550 1008.634521484375
560 1008.054077148438
570 1008.673095703125
580 1010.291259765625
590 1012.926025390625
600 1016.619873046875
610 1020.952270507812
620 1025.535888671875
630 1030.208129882812
640 1034.681762695312
650 1038.851928710938
660 1042.823364257812
670 1046.577514648438
680 1050.075439453125
690 1053.279296875
700 1055.7626953125
710 1057.24658203125
720 1057.60791015625
730 1056.794921875
740 1054.870727539062
750 1052.258422851562
760 1049.274658203125
770 1045.918823242188
780 1042.48974609375
790 1039.262451171875
800 1036.4609375
810 1034.548217773438
820 1033.740844726562
830 1034.06396484375
840 1034.9482421875
850 1035.959716796875
860 1037.005004882812
870 1038.109497070312
880 1039.056396484375
890 1039.828857421875
900 1040.283569335938
910 1040.30419921875
920 1040.02587890625
930 1039.24169921875
940 1038.171020507812
950 1037.547241210938
960 1037.478271484375
970 1037.47314453125
980 1037.433227539062
990 1037.535766601562
1000 1037.794311523438
1010 1038.508911132812
1020 1039.69775390625
1030 1041.245727539062
1040 1042.779663085938
1050 1043.747802734375
1060 1044.365844726562
1070 1044.635864257812
1080 1044.564208984375
1090 1044.079467773438
1100 1043.163452148438
1110 1041.994140625
1120 1040.95068359375
1130 1040.271362304688
1140 1039.833740234375
1150 1039.81640625
1160 1040.161743164062
1170 1040.455932617188
1180 1040.804321289062
1190 1041.333740234375
1200 1042.216430664062
1210 1043.478637695312
1220 1045.535400390625
1230 1047.211791992188
1240 1048.5732421875
1250 1049.848266601562
1260 1051.84228515625
1270 1054.069946289062
1280 1056.16650390625
1290 1058.120971679688
1300 1060.0498046875
1310 1062.288452148438
1320 1064.642456054688
1330 1067.188354492188
1340 1070.369750976562
1350 1073.369262695312
1360 1075.76904296875
1370 1077.3271484375
1380 1077.607788085938
1390 1076.5390625
1400 1074.215942382812
1410 1071.229858398438
1420 1066.895263671875
1430 1061.053955078125
1440 1053.892944335938
1450 1046.435913085938
1460 1039.302490234375
1470 1032.572265625
1480 1026.752563476562
1490 1021.840576171875
1500 1017.243103027344
1510 1012.73828125
1520 1008.482849121094
1530 1005.105407714844
1540 1002.46826171875
1550 1000.176452636719
1560 999.14453125
1570 999.212646484375
1580 999.9273071289062
1590 1001.272338867188
1600 1002.755004882812
1610 1004.018798828125
1620 1004.798461914062
1630 1005.347106933594
1640 1005.962463378906
1650 1006.920593261719
1660 1008.072692871094
1670 1009.146484375
1680 1010.4892578125
1690 1012.303588867188
1700 1014.716552734375
1710 1017.338256835938
1720 1019.704040527344
1730 1021.579406738281
1740 1023.072692871094
1750 1024.088134765625
1760 1024.051879882812
1770 1023.438171386719
1780 1022.011169433594
1790 1019.387817382812
1800 1016.087219238281
1810 1012.605224609375
1820 1009.038330078125
1830 1005.8955078125
1840 1002.863098144531
1850 999.9979858398438
1860 997.7235107421875
1870 995.8237915039062
1880 994.5028686523438
1890 994.0274047851562
1900 994.1189575195312
1910 995.1033935546875
1920 996.62255859375
1930 998.3359375
1940 1000.081970214844
1950 1002.011535644531
1960 1004.331237792969
1970 1007.06591796875
1980 1010.086120605469
1990 1013.273864746094
2000 1016.482727050781
2010 1019.985107421875
2020 1023.727416992188
2030 1026.931640625
2040 1030.160400390625
2050 1033.526489257812
2060 1036.696411132812
2070 1039.4208984375
2080 1041.186645507812
2090 1041.966918945312
2100 1041.922973632812
2110 1041.31982421875
2120 1039.947387695312
2130 1038.1376953125
2140 1035.901245117188
2150 1033.198974609375
2160 1030.599609375
2170 1028.18212890625
2180 1026.204223632812
2190 1024.726806640625
2200 1024.0673828125
2210 1024.096435546875
2220 1024.786499023438
2230 1025.87255859375
2240 1027.239379882812
2250 1028.750122070312
2260 1030.56298828125
2270 1032.774658203125
2280 1035.101440429688
2290 1037.467163085938
2300 1039.56884765625
2310 1041.017700195312
2320 1041.555297851562
2330 1041.332763671875
2340 1040.078247070312
2350 1037.917724609375
2360 1035.292358398438
2370 1032.496215820312
2380 1029.501708984375
2390 1026.658813476562
2400 1024.73095703125
2410 1023.636596679688
2420 1023.201293945312
2430 1023.515319824219
2440 1024.179443359375
2450 1024.823852539062
2460 1025.547729492188
2470 1026.435791015625
2480 1027.246948242188
2490 1027.992065429688
2500 1028.716064453125
2510 1029.256958007812
2520 1029.43798828125
2530 1029.457641601562
2540 1029.25732421875
2550 1029.149780273438
2560 1029.49755859375
2570 1030.126342773438
2580 1030.8544921875
2590 1031.794677734375
2600 1033.077270507812
2610 1034.59521484375
2620 1036.072998046875
2630 1037.347900390625
2640 1038.189697265625
2650 1038.694580078125
2660 1038.806274414062
2670 1038.482421875
2680 1037.781982421875
2690 1037.24365234375
2700 1036.89990234375
2710 1036.936401367188
2720 1037.105102539062
2730 1037.163940429688
2740 1037.246215820312
2750 1037.676513671875
2760 1038.328125
2770 1039.28662109375
2780 1040.651489257812
2790 1042.384399414062
2800 1044.093017578125
2810 1045.644897460938
2820 1046.889404296875
2830 1047.721923828125
2840 1047.7724609375
2850 1047.317749023438
2860 1046.806640625
2870 1046.080200195312
2880 1045.429321289062
2890 1044.93017578125
2900 1044.569091796875
2910 1044.483642578125
2920 1044.809936523438
2930 1045.4287109375
2940 1047.029541015625
2950 1049.152099609375
2960 1051.225830078125
2970 1053.032470703125
2980 1054.639526367188
2990 1055.733642578125
3000 1055.652954101562
3010 1055.199951171875
3020 1054.611206054688
3030 1052.935424804688
3040 1050.295166015625
3050 1046.898071289062
3060 1043.1162109375
3070 1039.130859375
3080 1034.901733398438
3090 1030.411254882812
3100 1025.403198242188
3110 1019.840454101562
3120 1014.903625488281
3130 1011.271423339844
3140 1007.936401367188
3150 1005.6806640625
3160 1004.006896972656
3170 1003.313720703125
3180 1003.60205078125
3190 1004.368225097656
3200 1005.430908203125
3210 1006.6357421875
3220 1007.735656738281
3230 1009.637878417969
3240 1011.789672851562
3250 1013.851867675781
3260 1015.915283203125
3270 1017.970886230469
3280 1019.797119140625
3290 1021.41943359375
3300 1022.839172363281
3310 1024.179077148438
3320 1024.958740234375
3330 1024.995239257812
3340 1024.662353515625
3350 1023.991821289062
3360 1022.842102050781
3370 1021.641418457031
3380 1019.900146484375
3390 1017.322143554688
3400 1014.057922363281
3410 1010.259521484375
3420 1005.963134765625
3430 1001.635192871094
3440 997.7096557617188
3450 994.3258666992188
3460 991.500244140625
3470 989.0494384765625
3480 987.11572265625
3490 986.0087280273438
3500 985.5296630859375
3510 986.1149291992188
3520 987.4889526367188
3530 989.231689453125
3540 991.3986206054688
3550 994.1152954101562
3560 997.1901245117188
3570 1000.439331054688
3580 1003.642578125
3590 1006.773071289062
3600 1010.12646484375
3610 1013.858337402344
3620 1017.744323730469
3630 1021.081848144531
3640 1024.406616210938
3650 1027.7841796875
3660 1031.106567382812
3670 1034.156127929688
3680 1036.6962890625
3690 1038.385864257812
3700 1039.005615234375
3710 1038.976806640625
3720 1038.485229492188
3730 1037.430053710938
3740 1035.682739257812
3750 1033.26025390625
3760 1030.82177734375
3770 1028.812377929688
3780 1027.186401367188
3790 1025.978759765625
3800 1025.409790039062
3810 1025.243408203125
3820 1025.532348632812
3830 1026.111328125
3840 1026.918579101562
3850 1027.923706054688
3860 1029.297241210938
3870 1031.070434570312
3880 1032.903198242188
3890 1035.034545898438
3900 1036.895874023438
3910 1038.14794921875
3920 1038.68212890625
3930 1038.66552734375
3940 1037.649780273438
3950 1035.687377929688
3960 1033.007690429688
3970 1029.9736328125
3980 1026.870483398438
3990 1024.067138671875
4000 1022.031433105469
4010 1020.656372070312
4020 1019.7958984375
4030 1019.65380859375
4040 1019.907348632812
4050 1020.077575683594
4060 1020.17529296875
4070 1020.56982421875
4080 1021.171447753906
4090 1021.866333007812
4100 1022.5068359375
4110 1022.951416015625
4120 1022.937072753906
4130 1022.845825195312
4140 1022.744140625
4150 1022.964172363281
4160 1023.543273925781
4170 1024.281127929688
4180 1025.323974609375
4190 1026.680541992188
4200 1028.28466796875
4210 1030.049194335938
4220 1031.880126953125
4230 1033.690551757812
4240 1035.1728515625
4250 1036.373291015625
4260 1037.285278320312
4270 1037.824340820312
4280 1037.96875
4290 1037.829345703125
4300 1037.84814453125
4310 1038.198486328125
4320 1038.436767578125
4330 1038.515014648438
4340 1038.62841796875
4350 1038.959350585938
4360 1039.22900390625
4370 1039.423828125
4380 1039.706665039062
4390 1040.324462890625
4400 1040.760009765625
4410 1040.877807617188
4420 1040.493896484375
4430 1039.594482421875
4440 1038.377685546875
4450 1037.1728515625
4460 1036.056884765625
4470 1034.972534179688
4480 1034.121215820312
4490 1033.431274414062
4500 1033.039428710938
4510 1033.169921875
4520 1033.615844726562
4530 1034.416259765625
4540 1035.787353515625
4550 1037.675659179688
4560 1039.791381835938
4570 1041.86767578125
4580 1043.501220703125
4590 1044.423217773438
4600 1045.459594726562
4610 1045.60546875
4620 1044.887451171875
4630 1043.099609375
4640 1040.654296875
4650 1037.722412109375
4660 1034.740966796875
4670 1031.831665039062
4680 1028.962158203125
4690 1025.8994140625
4700 1021.919189453125
4710 1017.036987304688
4720 1012.259338378906
4730 1008.565795898438
4740 1004.859069824219
4750 1001.745788574219
4760 999.74267578125
4770 998.3953857421875
4780 998.0922241210938
4790 998.4794311523438
4800 999.520263671875
4810 1001.069702148438
4820 1002.74462890625
4830 1004.481140136719
4840 1006.740295410156
4850 1009.021240234375
4860 1011.380004882812
4870 1013.686401367188
4880 1015.925903320312
4890 1018.179138183594
4900 1020.370910644531
4910 1022.525268554688
4920 1024.107421875
4930 1024.929931640625
4940 1025.070068359375
4950 1024.419189453125
4960 1022.531921386719
4970 1020.037292480469
4980 1017.333190917969
4990 1014.205749511719
5000 1010.947265625
5010 1007.33740234375
5020 1003.664672851562
5030 1000.209167480469
5040 997.0977172851562
5050 994.5936279296875
5060 992.7455444335938
5070 991.31982421875
5080 990.2674560546875
5090 989.68603515625
5100 989.5103149414062
5110 990.0841674804688
5120 991.3587646484375
5130 992.93017578125
5140 994.7744750976562
5150 997.0343627929688
5160 999.7351684570312
5170 1002.712707519531
5180 1005.885620117188
5190 1008.949951171875
5200 1012.291381835938
5210 1015.829040527344
5220 1019.461059570312
5230 1022.484252929688
5240 1025.161743164062
5250 1027.617919921875
5260 1029.943359375
5270 1032.038940429688
5280 1033.628173828125
5290 1034.649658203125
5300 1034.965087890625
5310 1034.803344726562
5320 1034.190063476562
5330 1033.406494140625
5340 1032.371704101562
5350 1030.705322265625
5360 1028.97509765625
5370 1027.423828125
5380 1026.151977539062
5390 1025.350463867188
5400 1025.114501953125
5410 1025.025390625
5420 1025.141357421875
5430 1025.18701171875
5440 1025.186279296875
5450 1025.294677734375
5460 1025.7939453125
5470 1026.72607421875
5480 1027.965454101562
5490 1029.660400390625
5500 1031.27978515625
5510 1032.481689453125
5520 1033.07080078125
5530 1033.157104492188
5540 1032.482788085938
5550 1030.99658203125
5560 1028.727416992188
5570 1026.0810546875
5580 1023.430358886719
5590 1020.877319335938
5600 1018.938720703125
5610 1017.489379882812
5620 1016.457092285156
5630 1016.1083984375
5640 1016.128295898438
5650 1016.091125488281
5660 1015.929809570312
5670 1015.949462890625
5680 1016.306518554688
5690 1016.753845214844
5700 1017.215270996094
5710 1017.304382324219
5720 1017.025146484375
5730 1016.889282226562
5740 1016.850341796875
5750 1017.15966796875
5760 1017.721130371094
5770 1018.448120117188
5780 1019.639892578125
5790 1021.252319335938
5800 1023.361877441406
5810 1025.66796875
5820 1027.9443359375
5830 1030.08984375
5840 1032.026245117188
5850 1033.580810546875
5860 1034.705444335938
5870 1035.265014648438
5880 1035.432739257812
5890 1035.453857421875
5900 1035.617065429688
5910 1036.254516601562
5920 1036.93896484375
5930 1037.529418945312
5940 1038.211303710938
5950 1039.11474609375
5960 1040.219970703125
5970 1041.151611328125
5980 1042.162109375
5990 1043.29638671875
6000 1044.425415039062
6010 1045.030517578125
6020 1045.018310546875
6030 1044.28857421875
6040 1042.887451171875
6050 1041.125732421875
6060 1039.804321289062
6070 1038.569946289062
6080 1037.599609375
6090 1036.944946289062
6100 1036.515747070312
6110 1036.61572265625
6120 1037.270141601562
6130 1038.371459960938
6140 1040.163818359375
6150 1042.287841796875
6160 1044.474609375
6170 1046.255737304688
6180 1047.635131835938
6190 1047.80419921875
6200 1047.686279296875
6210 1047.009521484375
6220 1045.304321289062
6230 1042.26416015625
6240 1038.640258789062
6250 1034.435913085938
6260 1030.23876953125
6270 1026.064819335938
6280 1022.187683105469
6290 1018.416870117188
6300 1014.111877441406
6310 1009.363464355469
6320 1004.84130859375
6330 1001.514953613281
6340 998.2509765625
6350 995.7282104492188
6360 993.8193359375
6370 993.0934448242188
6380 993.6337890625
6390 994.5233764648438
6400 995.8203125
6410 997.394287109375
6420 998.8711547851562
6430 1000.362487792969
6440 1002.090148925781
6450 1003.939514160156
6460 1005.853576660156
6470 1007.775512695312
6480 1009.506286621094
6490 1011.380493164062
6500 1013.336669921875
6510 1015.145935058594
6520 1016.45703125
6530 1017.093688964844
6540 1017.265197753906
6550 1017.020141601562
6560 1015.71630859375
6570 1014.040161132812
6580 1011.862548828125
6590 1008.932434082031
6600 1005.614318847656
6610 1002.075622558594
6620 998.224365234375
6630 994.4950561523438
6640 991.2842407226562
6650 988.5751953125
6660 986.41650390625
6670 984.5650634765625
6680 983.0552978515625
6690 982.2150268554688
6700 981.8980712890625
6710 982.528564453125
6720 983.8905029296875
6730 985.5560913085938
6740 987.6279296875
6750 990.1747436523438
6760 993.0060424804688
6770 995.9713134765625
6780 998.97998046875
6790 1001.835388183594
6800 1004.658386230469
6810 1007.716064453125
6820 1010.8408203125
6830 1013.717346191406
6840 1016.824340820312
6850 1019.889282226562
6860 1022.818908691406
6870 1025.208374023438
6880 1026.692749023438
6890 1027.3935546875
6900 1027.221435546875
6910 1026.5107421875
6920 1025.284423828125
6930 1023.4990234375
6940 1021.145690917969
6950 1018.423889160156
6960 1015.913146972656
6970 1013.636169433594
6980 1011.833435058594
6990 1010.499145507812
7000 1009.964782714844
7010 1010.155029296875
7020 1010.921203613281
7030 1012.072937011719
7040 1013.482238769531
7050 1015.119079589844
7060 1017.066711425781
7070 1019.452331542969
7080 1021.876037597656
7090 1024.426635742188
7100 1026.694946289062
7110 1028.256225585938
7120 1029.095336914062
7130 1029.199340820312
7140 1028.215698242188
7150 1026.23779296875
7160 1023.61962890625
7170 1020.769470214844
7180 1017.749572753906
7190 1014.78173828125
7200 1012.638488769531
7210 1011.197631835938
7220 1010.395385742188
7230 1010.388610839844
7240 1010.804138183594
7250 1011.480590820312
7260 1012.291259765625
7270 1013.254638671875
7280 1014.046997070312
7290 1014.693542480469
7300 1015.047485351562
7310 1015.047058105469
7320 1014.693481445312
7330 1014.199279785156
7340 1013.560546875
7350 1013.281372070312
7360 1013.733032226562
7370 1014.21728515625
7380 1014.740112304688
7390 1015.616760253906
7400 1016.8330078125
7410 1018.203002929688
7420 1019.693054199219
7430 1021.164245605469
7440 1022.359985351562
7450 1023.283264160156
7460 1023.715209960938
7470 1023.587280273438
7480 1023.45703125
7490 1023.384216308594
7500 1023.470520019531
7510 1023.973999023438
7520 1024.761596679688
7530 1025.642211914062
7540 1026.492553710938
7550 1027.448120117188
7560 1028.314208984375
7570 1028.945190429688
7580 1029.9677734375
7590 1031.833740234375
7600 1033.93798828125
7610 1036.057739257812
7620 1037.976196289062
7630 1039.120239257812
7640 1039.189331054688
7650 1038.536254882812
7660 1037.811157226562
7670 1036.675048828125
7680 1035.329956054688
7690 1034.109619140625
7700 1033.240966796875
7710 1032.87158203125
7720 1032.811889648438
7730 1033.136352539062
7740 1034.41552734375
7750 1036.238037109375
7760 1038.124877929688
7770 1039.6630859375
7780 1040.747436523438
7790 1040.738647460938
7800 1040.127685546875
7810 1039.478393554688
7820 1037.972290039062
7830 1035.347412109375
7840 1031.677856445312
7850 1027.314819335938
7860 1022.776977539062
7870 1018.401733398438
7880 1014.224975585938
7890 1010.164489746094
7900 1005.751708984375
7910 1000.681274414062
7920 995.8204956054688
7930 992.2410888671875
7940 989.134521484375
7950 986.4884643554688
7960 984.609619140625
7970 983.8377685546875
7980 984.1917724609375
7990 984.9276123046875
8000 986.096923828125
8010 987.5042724609375
8020 988.5404052734375
8030 990.1049194335938
8040 991.8089599609375
8060 995.191650390625
8070 996.914794921875
8080 998.4652099609375
8090 1000.18408203125
8100 1001.927124023438
8110 1003.658569335938
8120 1004.972961425781
8130 1005.643615722656
8140 1005.906433105469
8150 1005.636901855469
8160 1004.453735351562
8170 1002.8564453125
8180 1000.626281738281
8190 997.4816284179688
8200 993.9052124023438
8210 990.2866821289062
8220 986.560302734375
8230 983.334716796875
8240 980.3626708984375
8250 977.61669921875
8260 975.4503784179688
8270 973.6875
8280 972.392333984375
8290 971.895263671875
8300 971.9492797851562
8310 972.87255859375
8320 974.462158203125
8330 976.2724609375
8340 978.336669921875
8350 980.6292724609375
8360 983.262939453125
8370 986.1619262695312
8380 989.143310546875
8390 991.9505004882812
8400 994.5364990234375
