"Time Step" "point-pressure-a"
22610 -42096.3125
22620 -42879.16015625
22630 -43631.42578125
22640 -44689.671875
22650 -44930.7109375
22660 -44712.06640625
22670 -44314.40234375
22680 -43753.8828125
22690 -43394.734375
22700 -43767.890625
22710 -43418.55859375
22720 -43334.42578125
22730 -43550.18359375
22740 -43321.046875
22750 -43371.9140625
22760 -43710.30859375
22770 -44125.28125
22780 -44091.3125
22790 -43255.671875
22800 -42605.171875
22810 -42330.296875
22820 -41890.39453125
22830 -41298.3828125
22840 -41334.43359375
22850 -41471.7421875
22860 -41439.89453125
22870 -41605.7890625
22880 -41682.3125
22890 -41122.8359375
22900 -40657.6015625
22910 -39388.35546875
22920 -38250.52734375
22930 -37596.3984375
22940 -36768.03125
22950 -37074.0234375
22960 -37956.609375
22970 -39255.61328125
22980 -40710.62890625
22990 -41612.27734375
23000 -41893.859375
23010 -42269.26953125
23020 -43158.8984375
23030 -44164.58984375
23040 -43194.5
23050 -42757.9921875
23060 -42493.90625
23070 -42508.71484375
23080 -41763.49609375
23090 -41481.74609375
23100 -41551.9140625
23110 -41774.421875
23120 -41490.91796875
23130 -41041.01953125
23140 -42076.34765625
23150 -43143.125
23160 -43599.88671875
23170 -43850.5859375
23180 -43895.48828125
23190 -43330.80859375
23200 -42840.8203125
23210 -42779.82421875
23220 -42620.1953125
23230 -42395.796875
23240 -42371.6953125
23250 -42824.05859375
23260 -43264.58984375
23270 -43169.6328125
23280 -42254.484375
23290 -40857.9765625
23300 -39665.81640625
23310 -38660.59765625
23320 -37480.48046875
23330 -37094.78515625
23340 -37563.06640625
23350 -38008.796875
23360 -38056.4453125
23370 -38376.8046875
23380 -39249.60546875
23390 -39719.82421875
23400 -39644.6015625
23410 -39774.140625
23420 -40497.8984375
23430 -40879.96484375
23440 -40948.640625
23450 -41730.07421875
23460 -41952.69921875
23470 -42083.13671875
23480 -42349.07421875
23490 -42510.53515625
23500 -42547.51171875
23510 -42570.14453125
23520 -43298.84765625
23530 -42958.86328125
23540 -42448.65234375
23550 -42093.71484375
23560 -41730.66015625
23570 -41639.6796875
23580 -41412.45703125
23590 -41408.0625
23600 -41612.5703125
23610 -41320.859375
23620 -40690.95703125
23630 -40277.0859375
23640 -39872.83203125
23650 -39839.67578125
23660 -39707.08984375
23670 -39173.16015625
23680 -38752.203125
23690 -37904.53125
23700 -36882.75390625
23710 -36331.53515625
23720 -35846.55078125
23730 -34952.6875
23740 -34852.53515625
23750 -35692.8984375
23760 -37131.85546875
23770 -38455.390625
23780 -39541.5
23790 -40470.71875
23800 -40903.87890625
23810 -40273.0546875
23820 -40319.12890625
23830 -40804.9375
23840 -40546.453125
23850 -40259.8203125
23860 -40051.5703125
23870 -39636.203125
23880 -39166.0859375
23890 -39871.90625
23900 -41679.8828125
23910 -42699.33984375
23920 -43220.28125
23930 -42745.265625
23940 -42378.1640625
23950 -41827.66015625
23960 -41393.38671875
23970 -41276.36328125
23980 -41287.8984375
23990 -41335.015625
24000 -41035.77734375
15010 -40861.71875
15020 -42332.94140625
15030 -43603.04296875
15040 -44633.0546875
15050 -45079.37109375
15060 -45649.03125
15070 -44878.87109375
15080 -44035.9453125
15090 -43350.15234375
15100 -43014.9453125
15110 -42818.1328125
15120 -41952.7890625
15130 -41739.1953125
15140 -41223.4609375
15150 -40525.81640625
15160 -41436.984375
15170 -41157.1640625
15180 -40674.953125
15190 -41089.375
15200 -41010.5703125
15210 -40567.74609375
15220 -40496.2890625
15230 -39897.71875
15240 -39448.75
15250 -38945.30078125
15260 -38591.32421875
15270 -37877.80859375
15280 -36865.6015625
15290 -36217.4375
15300 -35714.7109375
15310 -35358.37890625
15320 -35224.30078125
15330 -35576.4765625
15340 -36099.83203125
15350 -36380.36328125
15360 -36328.28515625
15370 -36012.8203125
15380 -36625.0703125
15390 -40516.49609375
15400 -40665.90625
15410 -40330.9140625
15420 -40037.69140625
15430 -40140.4375
15440 -40613.48046875
15450 -42489.30078125
15460 -44048.70703125
15470 -43707.23828125
15480 -43783.015625
15490 -44105.5234375
15500 -44409.5
15510 -44632.1640625
15520 -44872.74609375
15530 -45160.91015625
15540 -45258.01171875
15550 -45429.50390625
15560 -45493.41796875
15570 -45321.61328125
15580 -45165.2421875
15590 -44853.97265625
15600 -44388.09375
15610 -44455.29296875
15620 -43968.84765625
15630 -43242.68359375
15640 -42279.71875
15650 -42039.32421875
15660 -42834.08984375
15670 -42705.37890625
15680 -42264.01171875
15690 -41426.671875
15700 -40063.671875
15710 -38918.0703125
15720 -37776.35546875
15730 -36782.7734375
15740 -36911.60546875
15750 -37631.9921875
15760 -38489.06640625
15770 -39216.359375
15780 -39581.34765625
15790 -39695.734375
15800 -39406.875
15810 -39160.5546875
15820 -39382.47265625
15830 -40564.8203125
15840 -41954.30078125
15850 -42777.515625
15860 -42374.9609375
15870 -41716.95703125
15880 -40765.6796875
15890 -40393.65625
15900 -40310.58984375
15910 -40415.87109375
15920 -40622.78515625
15930 -41622.6796875
15940 -42378.54296875
15950 -42833.69921875
15960 -43459.0625
15970 -43865.9375
15980 -43643.28125
15990 -43140.71875
16000 -42422.640625
16010 -42287.60546875
16020 -42355.5
16030 -42491.4375
16040 -42022.1875
16050 -41418.91015625
16060 -40597.546875
16070 -40199.96484375
16080 -39692.91796875
16090 -39233.87890625
16100 -38513.015625
16110 -37591.53515625
16120 -36968.62109375
16130 -36974.9453125
16140 -37177.375
16150 -37820.390625
16160 -38089.75
16170 -38630.5859375
16180 -40298.984375
16190 -40530.26171875
16200 -40344.2578125
16210 -40234.640625
16220 -40431.16015625
16230 -40912.7734375
16240 -41039.06640625
16250 -41346.1640625
16260 -41270.79296875
16270 -42066.296875
16280 -43009.83984375
16290 -43235.95703125
16300 -43124.875
16310 -42959.46875
16320 -42754.70703125
16330 -42714.078125
16340 -42245.96875
16350 -41536.046875
16360 -40865.1015625
16370 -40425.3984375
16380 -39549.1796875
16390 -38793.5703125
16400 -38373.671875
16410 -38194.640625
16420 -38383.09375
16430 -38666.9609375
16440 -38795.7734375
16450 -39033.60546875
16460 -39018.3125
16470 -38885.484375
16480 -38540.859375
16490 -38417.234375
16500 -38128.1796875
16510 -37634.94140625
16520 -37313.65625
16530 -37497.5390625
16540 -38316.5625
16550 -39207.43359375
16560 -39804.05078125
16570 -40946.30859375
16580 -41459.375
16590 -41749.3125
16600 -41730.6640625
16610 -41781.34765625
16620 -42167.0859375
16630 -41621.5703125
16640 -41379.71875
16650 -42175.64453125
16660 -42822.12109375
16670 -42869.015625
16680 -43101.08984375
16690 -42530.59375
16700 -41947.6015625
16710 -41645.48828125
16720 -41588.80859375
16730 -42206.890625
16740 -42625.875
16750 -42894.2578125
16760 -42920.29296875
16770 -43178.14453125
16780 -43383.60546875
16790 -43059.48828125
16800 -42015.66015625
16810 -41184.7734375
16820 -41349.9921875
16830 -41398.22265625
16840 -41025.0390625
16850 -40588.6171875
16860 -40131.9609375
16870 -39945.3046875
16880 -38788.9296875
16890 -37581.78515625
16900 -36616.9453125
16910 -36018.3515625
16920 -35492.7578125
16930 -35759.73046875
16940 -36758.84765625
16950 -37342.421875
16960 -36842.015625
16970 -37356.76953125
16980 -38669.734375
16990 -40364.859375
17000 -40879.734375
17010 -40327.48828125
17020 -40399.4609375
17030 -41221.18359375
17040 -41843.19921875
17050 -42288.25
17060 -42160.33984375
17070 -41853.61328125
17080 -41606.01171875
17090 -40693.83984375
17100 -40534.828125
17110 -40793.484375
17120 -40331.3046875
17130 -40163.50390625
17140 -39783.5546875
17150 -39829.2109375
17160 -40534.29296875
17170 -41606.00390625
17180 -41234.39453125
17190 -40155.390625
17200 -39062.8203125
17210 -39379.4765625
17220 -40330.5390625
17230 -40910.9140625
17240 -41290.7734375
17250 -41369.80078125
17260 -40616.94140625
17270 -39623.9609375
17280 -38615.94140625
17290 -37642.0625
17300 -37026.55859375
17310 -36093.18359375
17320 -35146.9375
17330 -35134.8125
17340 -35645.609375
17350 -36617.88671875
17360 -38074.87109375
17370 -39613.24609375
17380 -41472.24609375
17390 -43385.03125
17400 -44594.8203125
17410 -45733.46484375
17420 -46076.7890625
17430 -44836.88671875
17440 -43598.9140625
17450 -43364.8515625
17460 -43183.171875
17470 -42228.609375
17480 -41677.99609375
17490 -41412.421875
17500 -40967.48828125
17510 -41112.125
17520 -42050.34375
17530 -42911.1640625
17540 -44021.46875
17550 -44458.92578125
17560 -44399.07421875
17570 -44234.4609375
17580 -43951.66015625
17590 -43530.95703125
17600 -42538.4296875
17610 -41673.76953125
17620 -41344.25
17630 -40914.23828125
17640 -40082.8828125
17650 -39545.046875
17660 -39293.98828125
17670 -38856.28515625
17680 -38403.03125
17690 -38090.828125
17700 -37889.83203125
17710 -37695.14453125
17720 -37528.61328125
17730 -37714.54296875
17740 -37775.515625
17750 -37375.1328125
17760 -36842.54296875
17770 -36774.140625
17780 -38555.87890625
17790 -41709.7734375
17800 -42472.37109375
17810 -42539.81640625
17820 -42619.7578125
17830 -42636.01171875
17840 -42589.08984375
17850 -43940.5234375
17860 -45242.8515625
17870 -45715.40625
17880 -46064.3984375
17890 -46098.92578125
17900 -45375.4921875
17910 -44669.875
17920 -44563.1171875
17930 -43875.546875
17940 -43629.39453125
17950 -43678.64453125
17960 -43479.13671875
17970 -43029.59375
17980 -43138.6328125
17990 -43383.3203125
18000 -43313.34765625
18010 -42967.94140625
18020 -42260.91796875
18030 -42375.79296875
18040 -42832.10546875
18050 -43030.46875
18060 -42395.76953125
18070 -40839.52734375
18080 -39423.48828125
18090 -38033.65234375
18100 -36516.921875
18110 -35425.0703125
18120 -35036.453125
18130 -35300.3671875
18140 -36222.11328125
18150 -37565.16796875
18160 -38785.85546875
18170 -39583.64453125
18180 -40549.140625
18190 -41396.8828125
18200 -42412.984375
18210 -43010.859375
18220 -43377.38671875
18230 -43638.328125
18240 -44081.06640625
18250 -43499.83203125
18260 -43053.46875
18270 -42182.40234375
18280 -41664.625
18290 -41673.5546875
18300 -42384.515625
18310 -43241.8359375
18320 -43875.29296875
18330 -44152.84765625
18340 -44590.109375
18350 -44973
18360 -45197.828125
18370 -45268.66796875
18380 -44667.91796875
18390 -44405.80078125
18400 -44405.93359375
18410 -44094.45703125
18420 -43409.109375
18430 -42034.7734375
18440 -41164.6953125
18450 -40696.34375
18460 -40116.44921875
18470 -39434.17578125
18480 -38682.53515625
18490 -37621.1484375
18500 -36250.46875
18510 -35116.59375
18520 -34575.67578125
18530 -34586.02734375
18540 -34927.9609375
18550 -35414.2734375
18560 -36778.87890625
18570 -38153.265625
18580 -39273.421875
18590 -40417.8046875
18600 -40666.01953125
18610 -41774.8515625
18620 -41791.2265625
18630 -41444.87890625
18640 -41417.71875
18650 -40772.71484375
18660 -40450.29296875
18670 -40911.5546875
18680 -42057.984375
18690 -42429.2734375
18700 -42845.1328125
18710 -42355.0703125
18720 -41506.953125
18730 -41534.33984375
18740 -41185.6328125
18750 -40853.19140625
18760 -40528.97265625
18770 -40387.9140625
18780 -41160.95703125
18790 -42269.59765625
18800 -42941.66015625
18810 -42636.11328125
18820 -42307.6171875
18830 -41615.52734375
18840 -40941.94140625
18850 -40361.36328125
18860 -40084.2265625
18870 -40198.04296875
18880 -40367.83203125
18890 -39637.80078125
18900 -38407.74609375
18910 -37188.62890625
18920 -36463.03125
18930 -36269.6484375
18940 -35976.93359375
18950 -35932.86328125
18960 -36585.14453125
18970 -38360.4375
18980 -39640.12109375
18990 -40606.2265625
19000 -41642.41796875
19010 -41918.2890625
19020 -41755.3828125
19030 -41469.25390625
19040 -41731.21484375
19050 -42701.55078125
19060 -43163.14453125
19070 -43550.46875
19080 -43817.16796875
19090 -43387.1640625
19100 -42923.0703125
19110 -42367.7734375
19120 -41597.6953125
19130 -41331.80859375
19140 -41284.04296875
19150 -40925.33203125
19160 -41141.765625
19170 -41712.84375
19180 -41694.48828125
19190 -41360.125
19200 -40679.609375
19210 -40215.43359375
19220 -39961.77734375
19230 -39876.3203125
19240 -39619.26171875
19250 -39450.07421875
19260 -39277.828125
19270 -38911.5078125
19280 -38794.88671875
19290 -38482.765625
19300 -37921.2734375
19310 -37287.2265625
19320 -37227.08984375
19330 -37540.91796875
19340 -37548.87109375
19350 -37821.2734375
19360 -38050.47265625
19370 -38499.59375
19380 -39416.93359375
19390 -40088.078125
19400 -40198.66015625
19410 -40144.31640625
19420 -40029.1796875
19430 -39704.7421875
19440 -39862.8203125
19450 -39637.75
19460 -39649.1484375
19470 -39975.9765625
19480 -39876.93359375
19490 -40149.82421875
19500 -40636.3203125
19510 -41152.8125
19520 -41190.20703125
19530 -41473.96875
19540 -42081.4765625
19550 -42305.6171875
19560 -41856.546875
19570 -41360.4375
19580 -40976.484375
19590 -41004.71484375
19600 -42023.390625
19610 -42706.65234375
19620 -42995.3125
19630 -43003.95703125
19640 -42848.7734375
19650 -42276.51953125
19660 -41740.609375
19670 -41040.34765625
19680 -40245.5078125
19690 -39568.4765625
19700 -39131.671875
19710 -38296.203125
19720 -37336.92578125
19730 -37208.31640625
19740 -37665.2734375
19750 -38312.4375
19760 -39010.3359375
19770 -39821.65234375
19780 -41401.875
19790 -42219.88671875
19800 -42521.984375
19810 -43171.92578125
19820 -43394.64453125
19830 -43058.5078125
19840 -43695.5390625
19850 -44418.96484375
19860 -44740.20703125
19870 -44608.765625
19880 -43655.1796875
19890 -42676.61328125
19900 -42068.1640625
19910 -40993.30078125
19920 -40776.92578125
19930 -40357.0859375
19940 -39864.8671875
19950 -40015.8203125
19960 -40569.46875
19970 -40593.40234375
19980 -40419.69921875
19990 -39933.7109375
20000 -39692.703125
20010 -39874.734375
20020 -40165.94921875
20030 -40548.828125
20040 -41244.09375
20050 -41072.05859375
20060 -40136.6875
20070 -38876.328125
20080 -38447.203125
20090 -38219.94140625
20100 -36477.48046875
20110 -35373.06640625
20120 -34459.52734375
20130 -33817.6796875
20140 -34240.5234375
20150 -35393.09765625
20160 -37018.265625
20170 -38694.671875
20180 -40003.69921875
20190 -41196.37109375
20200 -41776.515625
20210 -41025.8046875
20220 -40360.625
20230 -39978.6015625
20240 -39931.640625
20250 -40811.16015625
20260 -41328.73828125
20270 -42016.015625
20280 -42757.49609375
20290 -42738.8984375
20300 -42635.8359375
20310 -42203.6875
20320 -41974.6171875
20330 -42319.0703125
20340 -41845.8125
20350 -41326.5
20360 -41232.31640625
20370 -41128.234375
20380 -41422.3359375
20390 -41877.0390625
20400 -41478.77734375
20410 -40737.9375
20420 -40489.9140625
20430 -40322.88671875
20440 -40205.9140625
20450 -39886.89453125
20460 -39362.109375
20470 -38411.59375
20480 -37291.234375
20490 -36003.51953125
20500 -34603.734375
20510 -34045.6484375
20520 -33969.51171875
20530 -34292.4140625
20540 -35044.01953125
20550 -35804.06640625
20560 -36638.9375
20570 -37707.98046875
20580 -38751.67578125
20590 -38885.40234375
20600 -38626.0390625
20610 -39161.33984375
20620 -39470.99609375
20630 -40277.015625
20640 -41356.28515625
20650 -42575.546875
20660 -43314.26171875
20670 -44100.79296875
20680 -44219.234375
20690 -43734.640625
20700 -43329.66796875
20710 -43352.9140625
20720 -43421.38671875
20730 -43271.453125
20740 -42826.4921875
20750 -42477.921875
20760 -42154.796875
20770 -41775.6796875
20780 -41612.84375
20790 -41493.17578125
20800 -40607.59375
20810 -39806.42578125
20820 -40399.56640625
20830 -40247.9921875
20840 -39901.24609375
20850 -39766.95703125
20860 -39822.21875
20870 -39847.73828125
20880 -39976.84765625
20890 -40096.4765625
20900 -39038.9375
20910 -38487.921875
20920 -38857.1640625
20930 -39470.65234375
20940 -40045.234375
20950 -40018.796875
20960 -40315.23828125
20970 -41248.80078125
20980 -42620.37890625
20990 -43986.0078125
21000 -45454.76171875
21010 -46208.8984375
21020 -45198.2421875
21030 -45075.4140625
21040 -46142.9921875
21050 -46069.94140625
21060 -44880.03515625
21070 -43059.546875
21080 -42431.30078125
21090 -41802.83984375
21100 -41580.02734375
21110 -41770.21875
21120 -42167.52734375
21130 -42713.0859375
21140 -43096.65625
21150 -42939.13671875
21160 -42533.28125
21170 -42604.03125
21180 -42466.6484375
21190 -41817.99609375
21200 -41005.41015625
21210 -40849.99609375
21220 -41332.5078125
21230 -41577.70703125
21240 -41457.078125
21250 -41354.46484375
21260 -41385.0390625
21270 -40751.4296875
21280 -39921.1015625
21290 -38723.40625
21300 -36926.17578125
21310 -35701.046875
21320 -34758.9765625
21330 -34038.3203125
21340 -33711.68359375
21350 -34023.47265625
21360 -34883.0390625
21370 -36105.5234375
21380 -37089.95703125
21390 -37803.18359375
21400 -38376.5
21410 -38911.58984375
21420 -39352.6171875
21430 -39854.6484375
21440 -40563.828125
21450 -41182.6484375
21460 -41495.51953125
21470 -41809.3125
21480 -42129.60546875
21490 -42440.24609375
21500 -42428.0390625
21510 -41899.65625
21520 -41668.43359375
21530 -41438.4453125
21540 -41281.77734375
21550 -41587.58984375
21560 -42300.484375
21570 -43094.24609375
21580 -43601.671875
21590 -43928.32421875
21600 -44267.1875
21610 -44226.6171875
21620 -43876.25
21630 -43753.87890625
21640 -43011.62890625
21650 -42431.91796875
21660 -42438.92578125
21670 -42238.859375
21680 -41087.30859375
21690 -39762.15625
21700 -38624.4296875
21710 -37540.015625
21720 -36838.77734375
21730 -36477.2734375
21740 -36425.4609375
21750 -37175.6640625
21760 -38445.8828125
21770 -39923.11328125
21780 -40889.203125
21790 -41223.9921875
21800 -41429.69140625
21810 -41573.234375
21820 -41727.19921875
21830 -41817.59375
21840 -41473.44140625
21850 -41208.03125
21860 -41526.27734375
21870 -42110.359375
21880 -42259.6640625
21890 -42309.90234375
21900 -42342.0625
21910 -42109.99609375
21920 -41904.02734375
21930 -42504.07421875
21940 -43184.671875
21950 -43473.5078125
21960 -43263.109375
21970 -42849.109375
21980 -42348.94921875
21990 -41797.5703125
22000 -41165.54296875
22010 -40795.97265625
22020 -40630.37890625
22030 -40489.47265625
22040 -40371.18359375
22050 -40124.01171875
22060 -39857.4921875
22070 -39379.390625
22080 -38696.82421875
22090 -37854.09765625
22100 -37557.90625
22110 -36773.7421875
22120 -35674.83203125
22130 -35649.6328125
22140 -36336.68359375
22150 -37228.3671875
22160 -37817.69921875
22170 -38681.30859375
22180 -39845.453125
22190 -40550.9375
22200 -41118.98828125
22210 -42149.4140625
22220 -42346.79296875
22230 -42582.3828125
22240 -42082.6953125
22250 -41484.32421875
22260 -41479.8515625
22270 -41622.24609375
22280 -41808.95703125
22290 -41825.96484375
22300 -41382.01953125
22310 -41134.92578125
22320 -41196.16015625
22330 -40662.50390625
22340 -40311.10546875
22350 -40064.20703125
22360 -39867.21484375
22370 -38817.8984375
22380 -38296.92578125
22390 -37855.51953125
22400 -37148.37109375
22410 -36964.94921875
22420 -37826.515625
22430 -38790.875
22440 -39453.125
22450 -40106.65234375
22460 -40449.08984375
22470 -40422.61328125
22480 -39666.7578125
22490 -38683.02734375
22500 -37894.87109375
22510 -37295.921875
22520 -36576.546875
22530 -35999.98046875
22540 -36277.703125
22550 -37056.4921875
22560 -37870.8125
22570 -39169.39453125
22580 -40190.7578125
22590 -41124.91796875
22600 -41732.0546875
14810 -41596.640625
14820 -41826.3359375
14830 -41198.91796875
14840 -40654.484375
14850 -40540.4921875
14860 -40534.7734375
14870 -39594.14453125
14880 -38182.3671875
14890 -37504.54296875
14900 -36866.91796875
14910 -35777.640625
14920 -34712.296875
14930 -34245.00390625
14940 -34383.34375
14950 -35439.58203125
14960 -36712.3203125
14970 -38132.88671875
14980 -39397.21875
14990 -40623.48828125
15000 -40779.734375
8010 -43435.25
8020 -43333.44921875
8030 -43085.21875
8040 -42643.5390625
8050 -41968.23828125
8060 -41106.70703125
8070 -39860.03125
8080 -39092.04296875
8090 -38305.73046875
8100 -37174.5
8110 -35577.26171875
8120 -34437.4140625
8130 -34610.5234375
8140 -35465.0390625
8150 -35364.6953125
8160 -36677.48046875
8170 -38282.51953125
8180 -38893.6953125
8190 -38927.76953125
8200 -40128.0390625
8210 -40691.60546875
8220 -41609.0078125
8230 -41563.5625
8240 -40936.86328125
8250 -40665.88671875
8260 -41062.8203125
8270 -41511.76171875
8280 -41548.01953125
8290 -41486.0234375
8300 -41105.73828125
8310 -41395.9765625
8320 -41768.42578125
8330 -41463.7890625
8340 -41225.1796875
8350 -40963.08203125
8360 -40482.84375
8370 -40425.453125
8380 -40331.68359375
8390 -40455.38671875
8400 -40245.97265625
8410 -39419.5859375
8420 -38854.8125
8430 -38731.2421875
8440 -38578.77734375
8450 -38350.09765625
8460 -38442.95703125
8470 -37614.03515625
8480 -37317.953125
8490 -37617.08984375
8500 -37242.78515625
8510 -36220.87890625
8520 -35213.453125
8530 -35630.37890625
8540 -36415.87109375
8550 -37041.3359375
8560 -37653.66796875
8570 -38539.4453125
8580 -39918.0546875
8590 -41470.44140625
8600 -42790.16015625
8610 -43904.16015625
8620 -44074.3203125
8630 -44385.0546875
8640 -44187.84375
8650 -43656.43359375
8660 -42967.10546875
8670 -42826.765625
8680 -43511.90234375
8690 -44204.078125
8700 -44016.70703125
8710 -44357.6796875
8720 -44933.3828125
8730 -45007.83984375
8740 -45097.265625
8750 -44881.3359375
8760 -44526.2109375
8770 -44393.734375
8780 -44272.9296875
8790 -44095.49609375
8800 -43233.12890625
8810 -42313.68359375
8820 -41952.79296875
8830 -42053.86328125
8840 -42061.53515625
8850 -41728.64453125
8860 -41353.3671875
8870 -40635.53515625
8880 -39762.42578125
8890 -38987.875
8900 -38279.90625
8910 -37448.1640625
8920 -36682.671875
8930 -36690.48828125
8940 -37082.203125
8950 -37937.45703125
8960 -38655.5703125
8970 -39595.20703125
8980 -42297.84765625
8990 -43645.76953125
9000 -42833.28125
9010 -42510.3046875
9020 -43354.18359375
9030 -45222.04296875
9040 -46594.3125
9050 -47524.3671875
9060 -47947.2109375
9070 -47983.83203125
9080 -48016.19140625
9090 -47394.96875
9100 -46511.64453125
9110 -45275.6328125
9120 -44183.74609375
9130 -43296.5
9140 -43195.515625
9150 -43009.66015625
9160 -42959.55859375
9170 -42484.91796875
9180 -41924.0078125
9190 -41448.328125
9200 -41181.51953125
9210 -40910.98828125
9220 -40968.1171875
9230 -41229.6875
9240 -42108.89453125
9250 -42162.171875
9260 -41784.35546875
9270 -41487.484375
9280 -40974.16796875
9290 -40096.171875
9300 -39393.00390625
9310 -38665
9320 -38143.34765625
9330 -38185.3828125
9340 -38924.6640625
9350 -39801.15234375
9360 -40793.30859375
9370 -42031.0859375
9380 -42768.30078125
9390 -43421.49609375
9400 -43871.2578125
9410 -43715.03125
9420 -44039.86328125
9430 -43756.01171875
9440 -43570.9609375
9450 -43475.98046875
9460 -43461.60546875
9470 -43672.24609375
9480 -42940.1015625
9490 -42945.90234375
9500 -43004.4921875
9510 -42289.6875
9520 -41564.34765625
9530 -41176.8671875
9540 -40674.19921875
9550 -40533.87109375
9560 -40485.74609375
9570 -40753.37890625
9580 -41508.3828125
9590 -41415.14453125
9600 -41483.765625
9610 -41654.59375
9620 -41364.3671875
9630 -40787.53515625
9640 -40174.17578125
9650 -39626.703125
9660 -39700.3671875
9670 -39490.40625
9680 -39169.2734375
9690 -38140.7734375
9700 -37037.44921875
9710 -36503.4765625
9720 -36359.37890625
9730 -36441.58203125
9740 -37008.1015625
9750 -37971.421875
9760 -39053.21875
9770 -39283.76953125
9780 -40382.01953125
9790 -42090.703125
9800 -43122
9810 -44376.8125
9820 -44818.25
9830 -44534.78515625
9840 -43998.859375
9850 -43882.5625
9860 -43697.14453125
9870 -43305.8359375
9880 -43116.1796875
9890 -43521.77734375
9900 -44128.46484375
9910 -44578.50390625
9920 -44876.1875
9930 -44766.828125
9940 -44400.13671875
9950 -44234.828125
9960 -44164.68359375
9970 -44063.25390625
9980 -43821.55078125
9990 -43609.765625
10000 -43074.37109375
10010 -42717.86328125
10020 -42908.48046875
10030 -43381.13671875
10040 -43289.6875
10050 -42909.125
10060 -42426.4921875
10070 -41744.5078125
10080 -40520.2265625
10090 -39486.33203125
10100 -38552.22265625
10110 -37625.79296875
10120 -37129.5
10130 -37035.3203125
10140 -37208.50390625
10150 -37973.8671875
10160 -39153.0546875
10170 -40112.73828125
10180 -40798.40625
10190 -40323.4765625
10200 -39937.3671875
10210 -41268.98828125
10220 -42993.5625
10230 -43276.4140625
10240 -43256.23046875
10250 -43225.1953125
10260 -43479.515625
10270 -43968.98046875
10280 -44168.15234375
10290 -44239.59765625
10300 -44503.57421875
10310 -44513.73046875
10320 -44137.63671875
10330 -43786.10546875
10340 -43890.0390625
10350 -44574.28515625
10360 -44959.3046875
10370 -44786.1484375
10380 -44441.32421875
10390 -43809.92578125
10400 -42673.4140625
10410 -41571.18359375
10420 -41052.0390625
10430 -40872.85546875
10440 -41289.734375
10450 -41485.0703125
10460 -40963.8828125
10470 -40360.8515625
10480 -39118.48046875
10490 -38244.4921875
10500 -37535.421875
10510 -36764.73046875
10520 -35859.73828125
10530 -35699.44921875
10540 -36346.7265625
10550 -37196.92578125
10560 -38409.7578125
10570 -39715.9375
10580 -41032.6796875
10590 -42437.87890625
10600 -42856.38671875
10610 -42542.71875
10620 -42433.0703125
10630 -42376.54296875
10640 -42023.421875
10650 -41526.6328125
10660 -41404.734375
10670 -41803.4375
10680 -41547.3125
10690 -41106.25390625
10700 -41032.53125
10710 -41124.3125
10720 -40913.40625
10730 -40928.80859375
10740 -40630.28125
10750 -40580.01953125
10760 -40864.0234375
10770 -41659.43359375
10780 -42247.98046875
10790 -42684.1171875
10800 -42490.6796875
10810 -42080.1640625
10820 -41450.70703125
10830 -40637.72265625
10840 -39810.3984375
10850 -39583.5703125
10860 -39384.625
10870 -39125.74609375
10880 -38489.578125
10890 -37332.5546875
10900 -36389.7421875
10910 -34986.62109375
10920 -33896.37890625
10930 -33869.1484375
10940 -34778.421875
10950 -35817.97265625
10960 -36433.4453125
10970 -37219.1796875
10980 -38487.2890625
10990 -40368.78125
11000 -40726.1796875
11010 -40819.98046875
11020 -40818.41015625
11030 -41574.40234375
11040 -42340.9296875
11050 -42825.3671875
11060 -43084.55078125
11070 -43783.80078125
11080 -44871.7734375
11090 -45990.2734375
11100 -45663.40234375
11110 -45243.0703125
11120 -44272.73046875
11130 -43351.3671875
11140 -42365.53125
11150 -41477.1171875
11160 -41126.40625
11170 -40931.484375
11180 -40742.00390625
11190 -40161.11328125
11200 -39981.7578125
11210 -40557.85546875
11220 -41077.17578125
11230 -41085.45703125
11240 -41544.421875
11250 -41654.51953125
11260 -41298.1484375
11270 -40766.8984375
11280 -40206.8203125
11290 -39533.30078125
11300 -38108.89453125
11310 -36515.39453125
11320 -35555.8671875
11330 -35427.75390625
11340 -36221.34375
11350 -37239.51953125
11360 -38071.796875
11370 -38578.36328125
11380 -38864.515625
11390 -39441.67578125
11400 -40454.7578125
11410 -41255.671875
11420 -42240.47265625
11430 -43125.48046875
11440 -43331.2578125
11450 -42911.61328125
11460 -42545.04296875
11470 -42542.61328125
11480 -42922.53515625
11490 -43182.57421875
11500 -43349.9375
11510 -43457.859375
11520 -43640.421875
11530 -43749.203125
11540 -43834.84375
11550 -43146.96484375
11560 -42970.60546875
11570 -42913.04296875
11580 -42906.48046875
11590 -42923.87109375
11600 -42366.6328125
11610 -41945.1171875
11620 -42001.8828125
11630 -42382.328125
11640 -42825.50390625
11650 -43184.93359375
11660 -43151.98828125
11670 -42719.85546875
11680 -41938.51953125
11690 -41127.28515625
11700 -40194.11328125
11710 -38962.953125
11720 -38262.01171875
11730 -38352.5703125
11740 -38356.16796875
11750 -38314.8125
11760 -38585.046875
11770 -39445.6484375
11780 -40839.109375
11790 -41601.3359375
11800 -41620.6953125
11810 -41619.046875
11820 -42029.0625
11830 -42246.33984375
11840 -42063.2265625
11850 -41650.296875
11860 -41795.40234375
11870 -42567.046875
11880 -42385.13671875
11890 -42021.203125
11900 -42351.44140625
11910 -42510.1484375
11920 -42978.6328125
11930 -43151.0859375
11940 -42842.10546875
11950 -42404.89453125
11960 -42241.91796875
11970 -42193.37890625
11980 -42665.0703125
11990 -42830.2578125
12000 -42813.47265625
12010 -42542.1875
12020 -42490.66015625
12030 -42450.12109375
12040 -42321.19921875
12050 -41674.36328125
12060 -41191.08984375
12070 -40548.81640625
12080 -39456.83203125
12090 -38864.4609375
12100 -38607.21484375
12110 -38232.6875
12120 -37805.2578125
12130 -37501.58203125
12140 -36958.859375
12150 -36852.1484375
12160 -37306.9765625
12170 -38711.30859375
12180 -40170.40625
12190 -40998.8828125
12200 -41465.53515625
12210 -41978.1796875
12220 -41790.23046875
12230 -41976.3046875
12240 -42461.8203125
12250 -43149.38671875
12260 -43729.19921875
12270 -43054.25390625
12280 -41330.2265625
12290 -40699.06640625
12300 -40801.7109375
12310 -40997.9609375
12320 -40750.75
12330 -40043.96484375
12340 -39849.4140625
12350 -40043.859375
12360 -41166.78515625
12370 -42149.953125
12380 -42359.06640625
12390 -42280.47265625
12400 -42218.14453125
12410 -42390.30078125
12420 -42506.34375
12430 -41786.8515625
12440 -41034.53125
12450 -40509.5078125
12460 -39711.19140625
12470 -39061.37890625
12480 -39012.265625
12490 -38262.86328125
12500 -37296.85546875
12510 -36802.359375
12520 -36212.421875
12530 -36655.47265625
12540 -37325.15625
12550 -37831.39453125
12560 -38901.6953125
12570 -40455.8125
12580 -41526.1796875
12590 -40657.68359375
12600 -40575.3828125
12610 -40778.1015625
12620 -40945.60546875
12630 -41537.95703125
12640 -41935.359375
12650 -41605.25
12660 -41202.25
12670 -41714.27734375
12680 -43046.21875
12690 -42689.06640625
12700 -42107.203125
12710 -41882.19140625
12720 -42391.65625
12730 -42839.4375
12740 -42991.17578125
12750 -42880.3125
12760 -43204.2265625
12770 -43361.3046875
12780 -42456.6015625
12790 -41084.73828125
12800 -40057.42578125
12810 -40611.3046875
12820 -42190.578125
12830 -42467.265625
12840 -41909.96484375
12850 -41528.20703125
12860 -40814.6484375
12870 -39894.88671875
12880 -38799.6640625
12890 -38219.3515625
12900 -38303.34375
12910 -38037.4765625
12920 -36823.46875
12930 -36166.37890625
12940 -36564.625
12950 -37744.703125
12960 -39138.13671875
12970 -40640.5234375
12980 -42153.5078125
12990 -43290.94140625
13000 -43753.3203125
13010 -44396.1328125
13020 -45527.75390625
13030 -46473.046875
13040 -46558.06640625
13050 -46509.2734375
13060 -46001.20703125
13070 -45076.21875
13080 -44325.1953125
13090 -43755.11328125
13100 -43824.98828125
13110 -43934.9609375
13120 -43301.40625
13130 -43041.2578125
13140 -43181.46875
13150 -42887.21484375
13160 -41917.765625
13170 -41800.85546875
13180 -41572.41015625
13190 -40992.5703125
13200 -40693.36328125
13210 -40774.7265625
13220 -40594.34375
13230 -40907.82421875
13240 -41432.52734375
13250 -41669.58984375
13260 -41617.79296875
13270 -41565.93359375
13280 -41148.2421875
13290 -40214.28125
13300 -39023.77734375
13310 -37908.59765625
13320 -37119.12109375
13330 -37217.375
13340 -38368.53515625
13350 -40160.35546875
13360 -42039.1015625
13370 -43790.92578125
13380 -44574.42578125
13390 -44674.42578125
13400 -44856.40625
13410 -44613.36328125
13420 -43451.34765625
13430 -42991.4609375
13440 -42835.6015625
13450 -41852.42578125
13460 -41578.5
13470 -41517.12109375
13480 -41286.59765625
13490 -42632.9609375
13500 -43730.6484375
13510 -43446.65625
13520 -41952.07421875
13530 -41113.5546875
13540 -40707.69921875
13550 -40729.32421875
13560 -41163.234375
13570 -41671.2734375
13580 -42439.09375
13590 -43168.19921875
13600 -43391.375
13610 -43217.45703125
13620 -42679.3203125
13630 -41971.76171875
13640 -41190.02734375
13650 -40051.39453125
13660 -39419.11328125
13670 -39674.46484375
13680 -38661.84765625
13690 -38421.88671875
13700 -38003.84765625
13710 -37147.09765625
13720 -36696.9453125
13730 -36762.99609375
13740 -37488.53515625
13750 -38651.4296875
13760 -39904.984375
13770 -40965.95703125
13780 -41460.984375
13790 -41973.50390625
13800 -42336.1484375
13810 -42931.88671875
13820 -42670.7578125
13830 -42833.39453125
13840 -43386.9765625
13850 -44521.1171875
13860 -44301.3828125
13870 -43631.16015625
13880 -42875.9765625
13890 -42676.76171875
13900 -43886.828125
13910 -44751.0859375
13920 -44489.7265625
13930 -43996.7890625
13940 -43260.5390625
13950 -42939.1875
13960 -42729.140625
13970 -42390.8125
13980 -42337.28125
13990 -42391.97265625
14000 -42193.87890625
14010 -41878.58203125
14020 -41686.859375
14030 -41112.05859375
14040 -40858.97265625
14050 -40632.390625
14060 -40004.85546875
14070 -39258.66796875
14080 -38247.5703125
14090 -36764.23828125
14100 -35612.171875
14110 -34454.03125
14120 -34175.421875
14130 -34379.09375
14140 -35181.625
14150 -35888.046875
14160 -36824.43359375
14170 -38318.9921875
14180 -39305.765625
14190 -40272.0859375
14200 -41379.3671875
14210 -42368.0390625
14220 -43714.78125
14230 -44096.125
14240 -43802.0859375
14250 -43645.1015625
14260 -43906.20703125
14270 -44005.82421875
14280 -44042.046875
14290 -43719.5
14300 -43616.4375
14310 -43333.16796875
14320 -42832.92578125
14330 -42438.1328125
14340 -42770.71484375
14350 -43023.86328125
14360 -42453.55859375
14370 -41501.703125
14380 -41116.71875
14390 -41231.65625
14400 -41343.1328125
14410 -41400.73046875
14420 -41302.921875
14430 -40605.01171875
14440 -40110.46875
14450 -40472.11328125
14460 -40230.58203125
14470 -39351.22265625
14480 -38503.24609375
14490 -37763.09765625
14500 -36883.7578125
14510 -35728.58984375
14520 -34900.1640625
14530 -34559.671875
14540 -34752.6171875
14550 -35598.78125
14560 -36188.30859375
14570 -36592.875
14580 -37121.27734375
14590 -37367.265625
14600 -37898.9296875
14610 -38859.3046875
14620 -39826.2734375
14630 -39919.140625
14640 -39889.73046875
14650 -40540.83203125
14660 -41608.84375
14670 -42387.4296875
14680 -42377.4140625
14690 -41519.12109375
14700 -40897.71484375
14710 -40555.6328125
14720 -39677.3125
14730 -39100.87890625
14740 -38762.640625
14750 -38661.04296875
14760 -38937.40625
14770 -39081.5078125
14780 -39569.54296875
14790 -40595.0546875
14800 -41294.75390625
14810 -41596.65234375
14820 -41826.45703125
14830 -41201.46875
14840 -40662.41796875
14850 -40537.125
14860 -40529.9375
14870 -39571.80859375
14880 -38187.91015625
14890 -37487.9609375
14900 -36875.75
14910 -35774.5390625
14920 -34709.15625
14930 -34250.4921875
14940 -34392.05859375
14950 -35438.51171875
14960 -36711.6953125
8410 -39426.07421875
8420 -38883.53125
8430 -38735.453125
8440 -38561.75
8450 -38359.5546875
8460 -38394.55078125
8470 -37614.1640625
8480 -37267.2421875
8490 -37611.03515625
8500 -37230.01953125
8510 -36202.37109375
8520 -35221.265625
8530 -35630.9921875
8540 -36415.24609375
8550 -37061.640625
8560 -37672.35546875
8570 -38612.5703125
8580 -39891.94140625
8590 -41487.453125
8600 -42786.546875
0 -40251.48828125
10 -45872.84765625
20 -45328.05078125
30 -44585.07421875
40 -43728.1796875
50 -42666.6328125
60 -41492.39453125
70 -39893.0546875
80 -38179.33203125
90 -35889.95703125
100 -33306.47265625
110 -30284.55859375
120 -27425.126953125
130 -25716.955078125
140 -24932.73828125
150 -25173.287109375
160 -25509.30859375
170 -25849.87890625
180 -26696.50390625
190 -29239.7265625
200 -30289.5078125
210 -29844.537109375
220 -29553.41015625
230 -29482.703125
240 -29806.02734375
250 -30190.251953125
260 -30355.669921875
270 -30531.97265625
280 -30871.89453125
290 -31419.958984375
300 -32079.705078125
310 -32654.48046875
320 -33119.1875
330 -33407.01953125
340 -33540.2421875
350 -33559.41015625
360 -33406.0703125
370 -33453.97265625
380 -33626.546875
390 -33830.45703125
400 -34174.48046875
410 -35437.2109375
420 -37250.25
430 -38663.9765625
440 -39528.6875
450 -40296.359375
460 -40744.53515625
470 -40550.625
480 -39733.22265625
490 -38187.69921875
500 -36604.54296875
510 -35416.66796875
520 -34272.00390625
530 -33409.875
540 -33071.6328125
550 -32922.0390625
560 -33173.640625
570 -34008.921875
580 -34721.74609375
590 -34913.60546875
600 -34939.73828125
610 -34880.53125
620 -34720.89453125
630 -35772.21875
640 -35412.96875
650 -34856.76953125
660 -34765.734375
670 -34899.82421875
680 -35600.953125
690 -36187.76953125
700 -37655.44140625
710 -39266.5234375
720 -40838.296875
730 -41925.78125
740 -42170.91796875
750 -41855.78125
760 -41279.7109375
770 -40316.4765625
780 -39786.28125
790 -39362.6484375
800 -39023.3515625
810 -39316.1328125
820 -39942.71875
830 -40668.8046875
840 -41169.73046875
850 -41099.8515625
860 -39890.14453125
870 -37779.75390625
880 -36745.76953125
890 -36602.37109375
900 -36262.609375
910 -35984.14453125
920 -35633.328125
930 -35648.265625
940 -35640.125
950 -36249.1171875
960 -37290.69140625
970 -38018.0625
980 -38792.0625
990 -39954.03125
1000 -40620.85546875
1010 -40296.15234375
1020 -39605.2890625
1030 -39483.35546875
1040 -39780.3515625
1050 -39847.7734375
1060 -40389.71484375
1070 -40810.59765625
1080 -41781.75
1090 -41580.109375
1100 -41398.9765625
1110 -40682.5
1120 -40043.44140625
1130 -39977.17578125
1140 -39605.90234375
1150 -39878.73828125
1160 -39162.21484375
1170 -39263.41796875
1180 -39153.44140625
1190 -38662.0078125
1200 -39101.02734375
1210 -39869.4921875
1220 -40620.921875
1230 -40993.84375
1240 -41175.94140625
1250 -41967.23046875
1260 -43081.09375
1270 -43945.9140625
1280 -44034.10546875
1290 -43385.87890625
1300 -42200.3984375
1310 -40641.57421875
1320 -38832.35546875
1330 -37901.3125
1340 -37141.70703125
1350 -37164.33203125
1360 -38210.375
1370 -38913.56640625
1380 -39341.80859375
1390 -40099.8828125
1400 -40904.578125
1410 -40448.61328125
1420 -40726.8515625
1430 -40906.44140625
1440 -41291.796875
1450 -41679.40625
1460 -41752.734375
1470 -42054.67578125
1480 -41689.9453125
1490 -41893.87890625
1500 -41945.91015625
1510 -41734.92578125
1520 -40955.171875
1530 -39608.27734375
1540 -39311.7734375
1550 -38351.52734375
1560 -38083.21484375
1570 -38375.0703125
1580 -39161.99609375
1590 -40040.7109375
1600 -41343.95703125
1610 -42967.96875
1620 -44126.92578125
1630 -45036.71875
1640 -44777.87109375
1650 -44401.171875
1660 -44038.9140625
1670 -42944.6796875
1680 -42683.39453125
1690 -42433.9921875
1700 -40351.9609375
1710 -38555.13671875
1720 -37123.7890625
1730 -36281.578125
1740 -35965.18359375
1750 -36257.5234375
1760 -37283.234375
1770 -38569.734375
1780 -39846.796875
1790 -41487.58984375
1800 -42966.8203125
1810 -43564.22265625
1820 -43797.03125
1830 -44371.14453125
1840 -44056.87109375
1850 -43162.93359375
1860 -42266.6015625
1870 -42852.30078125
1880 -43799.3671875
1890 -42908.04296875
1900 -41959.453125
1910 -41902.52734375
1920 -41407.30859375
1930 -40807.98828125
1940 -40052.4140625
1950 -39830.08203125
1960 -41065.015625
1970 -40653.95703125
1980 -40763.828125
1990 -40805.54296875
2000 -39850.45703125
2010 -38973.38671875
2020 -38871.15625
2030 -38596.6015625
2040 -38044.578125
2050 -37381.9140625
2060 -36279.3125
2070 -35568.5859375
2080 -35214.453125
2090 -34755.26171875
2100 -34179.859375
2110 -33876.35546875
2120 -33738.15234375
2130 -34007.62890625
2140 -34866.1953125
2150 -36068.73046875
2160 -36990.23046875
2170 -37432.890625
2180 -39234.53125
2190 -41519.95703125
2200 -42635.44921875
2210 -42914.88671875
2220 -42823.69921875
2230 -42722.80859375
2240 -43154.83203125
2250 -44007.25390625
2260 -44342.82421875
2270 -43581.29296875
2280 -42773.8359375
2290 -42518.6171875
2300 -42554.26171875
2310 -42965.83984375
2320 -42617.38671875
2330 -42002.30078125
2340 -41897.8125
2350 -42695.765625
2360 -42724.1953125
2370 -42616.0078125
2380 -42812.37109375
2390 -42920.609375
2400 -42792.2890625
2410 -42699.75390625
2420 -42199.328125
2430 -41542.09765625
2440 -41298.328125
2450 -41379.15234375
2460 -41122.5
2470 -40959.90625
2480 -40202.4296875
2490 -39268.0546875
2500 -37758.078125
2510 -36161.87109375
2520 -35237.52734375
2530 -35144.8125
2540 -35467.703125
2550 -35707.83203125
2560 -35781.29296875
2570 -36560.6875
2580 -38414.60546875
2590 -39210.9375
2600 -39838.17578125
2610 -40362.640625
2620 -40901.33203125
2630 -40785.65625
2640 -40658.7578125
2650 -39658.62109375
2660 -38653.875
2670 -39450.75
2680 -41282.73046875
2690 -42403.3203125
2700 -42874.74609375
2710 -42461.25390625
2720 -41894.26171875
2730 -40963.78515625
2740 -40120.03515625
2750 -39527.1484375
2760 -39342.03515625
2770 -39283.9609375
2780 -39679.26953125
2790 -39603.515625
2800 -38917.11328125
2810 -38573.09765625
2820 -38201.2578125
2830 -37851.66796875
2840 -37963.75
2850 -38379.21875
2860 -37965.0703125
2870 -37328.54296875
2880 -36823.24609375
2890 -35771.0703125
2900 -34711.34375
2910 -34228.6328125
2920 -34138.81640625
2930 -34607.71484375
2940 -35702.453125
2950 -37062.51953125
2960 -38125.6796875
2970 -38531.80078125
2980 -38986.80078125
2990 -40589.1953125
3000 -41929.48828125
3010 -41780.5078125
3020 -41607.484375
3030 -41489.28125
3040 -41576.7265625
3050 -41793.59375
3060 -41311.5546875
3070 -40348.2578125
3080 -40445.125
3090 -40783.84765625
3100 -40884.9296875
3110 -40928.34375
3120 -40799.3046875
3130 -40725.8125
3140 -41004.08984375
3150 -41332.59375
3160 -41908.15234375
3170 -42339.3125
3180 -42717.13671875
3190 -43404.46484375
3200 -43939.3515625
3210 -44431.57421875
3220 -44403.46875
3230 -44234.640625
3240 -43900.68359375
3250 -43512.78515625
3260 -42829.74609375
3270 -42115.421875
3280 -41410.36328125
3290 -40442.03125
3300 -39233.12890625
3310 -38124.14453125
3320 -37689.31640625
3330 -37225.47265625
3340 -37408.51171875
3350 -37711.6171875
3360 -38151.21484375
3370 -39055.671875
3380 -40321.4453125
3390 -41851.74609375
3400 -43124.05859375
3410 -43367.046875
3420 -43585.11328125
3430 -43751.80859375
3440 -44268.6328125
3450 -44134.921875
3460 -43705.4921875
3470 -43418.51171875
3480 -43061.44921875
3490 -42736.0390625
3500 -42932.94921875
3510 -43818.37890625
3520 -43602.8359375
3530 -42931.515625
3540 -41949.25
3550 -41223.74609375
3560 -41792.94921875
3570 -42953.39453125
3580 -42982.703125
3590 -42785.88671875
3600 -42247.32421875
3610 -41488.1640625
3620 -40634.79296875
3630 -40259.69140625
3640 -39933.4453125
3650 -40003.4296875
3660 -40132.7265625
3670 -40320.4140625
3680 -39096.61328125
3690 -38195.05078125
3700 -37604.75
3710 -36631.48828125
3720 -36379.4765625
3730 -36317.140625
3740 -36055.11328125
3750 -36258.5859375
3760 -36855.296875
3770 -37497.921875
3780 -37918.75390625
3790 -38239.9375
3800 -38464.921875
3810 -39158.74609375
3820 -40208.67578125
3830 -40199.03125
3840 -40732.1875
3850 -41464.45703125
3860 -41988.375
3870 -42539.296875
3880 -43035.25390625
3890 -43426.2890625
3900 -43115.84765625
3910 -42381.1171875
3920 -41071.7109375
3930 -40172.59375
3940 -40229.08203125
3950 -39856.26171875
3960 -39558.71875
3970 -39346.05078125
3980 -38281.171875
3990 -37723.27734375
4000 -37549.94921875
4010 -37096.5078125
4020 -36458.2109375
4030 -35845.0625
4040 -35734.19140625
4050 -36244.1640625
4060 -36719.49609375
4070 -36855.33984375
4080 -36853.37109375
4090 -36878.9296875
4100 -36006.32421875
4110 -35071.765625
4120 -35119.09375
4130 -35729.82421875
4140 -36260.828125
4150 -36827.82421875
4160 -38003.2421875
4170 -39800.0625
4180 -41264.75390625
4190 -42898.22265625
4200 -43495.88671875
4210 -43284.52734375
4220 -43429.9921875
4230 -43167.9765625
4240 -43033.6796875
4250 -43174.65625
4260 -43063.3203125
4270 -42936.5546875
4280 -42527.89453125
4290 -42282.765625
4300 -42881.12890625
4310 -42805.4609375
4320 -42446.88671875
4330 -42713.05078125
4340 -43519.98828125
4350 -43489.77734375
4360 -43217.42578125
4370 -43604.0078125
4380 -43802.015625
4390 -43503.32421875
4400 -43134.73828125
4410 -42812.61328125
4420 -42291.98046875
4430 -42051.1640625
4440 -41899.03515625
4450 -41410.54296875
4460 -40417.1015625
4470 -39836.140625
4480 -39496.046875
4490 -38701.22265625
4500 -37206.28515625
4510 -35929.703125
4520 -35045.7265625
4530 -34385.24609375
4540 -34436.51953125
4550 -35004.8359375
4560 -36112.75
4570 -37785.26171875
4580 -39314.3671875
4590 -39639.19140625
4600 -40001.44921875
4610 -41240.93359375
4620 -42265.27734375
4630 -43139.29296875
4640 -44228.4453125
4650 -44076.10546875
4660 -44246.70703125
4670 -43896.44140625
4680 -42551.7265625
4690 -41309.3828125
4700 -41018.93359375
4710 -40446.296875
4720 -40418.546875
4730 -40226.1953125
4740 -39670.96875
4750 -39914.3671875
4760 -40134.21484375
4770 -39202.703125
4780 -38554.4765625
4790 -38422.4140625
4800 -38608.51953125
4810 -38154.328125
4820 -38760.484375
4830 -39515.08203125
4840 -39760.6796875
4850 -39985.66015625
4860 -40161.28515625
4870 -40095.859375
4880 -39667.796875
4890 -39015.5859375
4900 -38368.78515625
4910 -37627.66796875
4920 -37082.140625
4930 -37318.0078125
4940 -37704.9375
4950 -37852.58203125
4960 -38106.46875
4970 -38651.54296875
4980 -38353.8515625
4990 -38320.40625
5000 -40130.51171875
5010 -41386.53125
5020 -42360.65625
5030 -43195.90234375
5040 -43207
5050 -43244.24609375
5060 -43208.22265625
5070 -41884.4453125
5080 -40948.2890625
5090 -40740.578125
5100 -40881.109375
5110 -40790.6640625
5120 -40655.45703125
5130 -40646.01953125
5140 -41225.140625
5150 -41711.1640625
5160 -41941.26953125
5170 -41869.0078125
5180 -41656.5546875
5190 -41752.23828125
5200 -41954.40234375
5210 -41970.10546875
5220 -42016.0625
5230 -41737.94921875
5240 -41356.5703125
5250 -40795.4453125
5260 -40382.359375
5270 -39978.1328125
5280 -39216.4140625
5290 -38072.56640625
5300 -36978.328125
5310 -35960.078125
5320 -35054.328125
5330 -34960.33984375
5340 -35256.2265625
5350 -36011.73046875
5360 -36999.20703125
5370 -37920.796875
5380 -39310.9296875
5390 -40660.3359375
5400 -41161.5078125
5410 -41277.5390625
5420 -41626.3046875
5430 -42218.8203125
5440 -42421.14453125
5450 -42511.75390625
5460 -41491.7890625
5470 -40420.62109375
5480 -40791.58203125
5490 -41477.98046875
5500 -41725.06640625
5510 -41377.390625
5520 -41421.96484375
5530 -41505.8515625
5540 -41716.50390625
5550 -41993.3046875
5560 -42120.4296875
5570 -42148.1328125
5580 -42068.65625
5590 -42596.9921875
5600 -43024.2421875
5610 -43221.13671875
5620 -43008
5630 -42222.59375
5640 -41342.921875
5650 -40165.4453125
5660 -39718.98046875
5670 -38918.7421875
5680 -37911.7734375
5690 -37165.5078125
5700 -36383.29296875
5710 -36130.37109375
5720 -35993.8125
5730 -36136.1796875
5740 -36145.71484375
5750 -36899.52734375
5760 -37709.37109375
5770 -38130.83984375
5780 -38930.56640625
5790 -39289.9921875
5800 -39872.42578125
5810 -40873.140625
5820 -41943.25
5830 -43178.04296875
5840 -43497.9765625
5850 -43579.21875
5860 -43632.578125
5870 -44134.265625
5880 -44773.23046875
5890 -44493.71875
5900 -43518.9765625
5910 -42002.78125
5920 -41133.40625
5930 -40294.5234375
5940 -39662.234375
5950 -39730.40234375
5960 -39612.6953125
5970 -39693.21484375
5980 -39711.015625
5990 -39418.50390625
6000 -39152.90625
6010 -39274.77734375
6020 -39467.57421875
6030 -39955.8828125
6040 -40687.609375
6050 -40861.9921875
6060 -40956.0078125
6070 -41029.7578125
6080 -40698.1484375
6090 -40080.4296875
6100 -39303.1875
6110 -38361.56640625
6120 -37611.4921875
6130 -37292.08203125
6140 -37775.90625
6150 -38777.7734375
6160 -39975.98046875
6170 -40840.9140625
6180 -42659.08203125
6190 -44427.21875
6200 -44483.1015625
6210 -45266.6328125
6220 -45196.1640625
6230 -44417.69921875
6240 -44463.46484375
6250 -44640.1484375
6260 -43775.44921875
6270 -42623.51171875
6280 -42210.65625
6290 -42170.56640625
6300 -42850.6640625
6310 -43336.0703125
6320 -42851.796875
6330 -42850.140625
6340 -42389.1953125
6350 -42049.2265625
6360 -42418.65625
6370 -42918.59765625
6380 -42649.83203125
6390 -43093.30859375
6400 -44055.0546875
6410 -44012.65234375
6420 -42578.59765625
6430 -41327.98828125
6440 -40951.59375
6450 -41296.3203125
6460 -40892.55078125
6470 -40218.41796875
6480 -39110.06640625
6490 -38136.59375
6500 -37395.33203125
6510 -36858.328125
6520 -36209.125
6530 -35481.390625
6540 -35341.21484375
6550 -35759.15234375
6560 -36642
6570 -37466.25
6580 -38458.09765625
6590 -39106.6953125
6600 -40150.453125
6610 -40653.0703125
6620 -41101.4609375
6630 -42777.2109375
6640 -43434.6796875
6650 -43603.66796875
6660 -43825.1796875
6670 -44499.39453125
6680 -45141.85546875
6690 -45075.28125
6700 -44431.34765625
6710 -43829.5
6720 -43495.3984375
6730 -43507.7890625
6740 -44648.71484375
6750 -45389.3984375
6760 -45108.09765625
6770 -45585.796875
6780 -45210.1484375
6790 -43958.40234375
6800 -43233.1484375
6810 -43089.703125
6820 -42266.7578125
6830 -41147.96875
6840 -40397.74609375
6850 -40471.19140625
6860 -40585.0078125
6870 -40415.58984375
6880 -40024.17578125
6890 -39574.72265625
6900 -38673.5
6910 -37748.5
6920 -36947.60546875
6930 -36312.4140625
6940 -36417.4375
6950 -36975.1171875
6960 -37296.57421875
6970 -38169.43359375
6980 -39618.33984375
6990 -41375.86328125
7000 -42754.9453125
7010 -43720.49609375
7020 -44225.55078125
7030 -44710.5703125
7040 -43121.4375
7050 -43295.06640625
7060 -44042.28125
7070 -44689.984375
7080 -45302.27734375
7090 -45499.45703125
7100 -46133.83203125
7110 -45528.81640625
7120 -44707.828125
7130 -44372.9765625
7140 -44095
7150 -43554.546875
7160 -42659.4375
7170 -41649.984375
7180 -41163.9765625
7190 -41915.73046875
7200 -41748.9765625
7210 -41063.31640625
7220 -40224.7734375
7230 -39871.0078125
7240 -39388.63671875
7250 -39211.08984375
7260 -38760.51953125
7270 -38414.8984375
7280 -38210.9453125
7290 -37265.640625
7300 -36086.0234375
7310 -35158.76953125
7320 -34637.2890625
7330 -34870.9453125
7340 -35266.5625
7350 -35553.640625
7360 -35769.65625
7370 -36692.453125
7380 -38179.36328125
7390 -39454.19921875
7400 -40565.09375
7410 -41663.34375
7420 -42586.91015625
7430 -42457.2734375
7440 -41614.87109375
7450 -41533.06640625
7460 -42245.36328125
7470 -42551.421875
7480 -43365.7578125
7490 -44314.21484375
7500 -45031.3828125
7510 -45181.29296875
7520 -44168.94921875
7530 -43313.36328125
7540 -43267.46875
7550 -44305.109375
7560 -44699.44921875
7570 -43888.984375
7580 -43666.46484375
7590 -43299.33203125
7600 -42596.78515625
7610 -41807.3203125
7620 -41454.4765625
7630 -40520.33203125
7640 -39720.92578125
7650 -39025.64453125
7660 -38997.421875
7670 -38526.16015625
7680 -38113.31640625
7690 -37442.875
7700 -36974.359375
7710 -36461.35546875
7720 -36434.078125
7730 -36627.01953125
7740 -37470.9765625
7750 -38410.5703125
7760 -39053.6875
7770 -39507.3984375
7780 -39945.6484375
7790 -40021.734375
7800 -40517.16796875
7810 -41370.20703125
7820 -42230.93359375
7830 -42415.7734375
7840 -41662.55078125
7850 -40285.796875
7860 -39231.27734375
7870 -38844.91015625
7880 -39357.8203125
7890 -39309.89453125
7900 -39421.3828125
7910 -39738.9453125
7920 -40221.5
7930 -40941.2890625
7940 -40849.9375
7950 -40469.10546875
7960 -40032.91015625
7970 -40067.6171875
7980 -40759.1484375
7990 -41818.109375
8000 -42760.70703125
8010 -43390.46875
8020 -43342.1875
8030 -43079.44140625
8040 -42625.61328125
8050 -41970.3671875
8060 -41104.2421875
8070 -39858.0703125
8080 -39136.37890625
8090 -38265.01171875
8100 -37150.19140625
8110 -35585.0859375
8120 -34440.5390625
8130 -34598.2421875
8140 -35476.34765625
8150 -35350.23046875
8160 -36663.5078125
8170 -38264.35546875
8180 -38892.49609375
8190 -38917.0625
8200 -40131.19140625
8210 -40694.8671875
8220 -41607.578125
8230 -41568.671875
8240 -40950.8125
8250 -40667.6796875
8260 -41065.92578125
8270 -41520.35546875
8280 -41535.48046875
8290 -41495.6484375
8300 -41096.90234375
8310 -41380.63671875
8320 -41725.17578125
8330 -41444.72265625
8340 -41233.06640625
8350 -41034.859375
8360 -40483.203125
8370 -40437.16796875
8380 -40315.671875
8390 -40487.7734375
8400 -40238.50390625
