"Time Step" "point-ho-b"
22610 0.1647073328495026
22620 0.1625411659479141
22630 0.1621373146772385
22640 0.1619309037923813
22650 0.171083927154541
22660 0.1865677237510681
22670 0.2170429229736328
22680 0.2199002504348755
22690 0.2091967463493347
22700 0.1759731322526932
22710 0.1773003041744232
22720 0.1691481024026871
22730 0.1666195094585419
22740 0.161778062582016
22750 0.1689534038305283
22760 0.1439272314310074
22770 0.08703416585922241
22780 0.0333322137594223
22790 0.05478164181113243
22800 0.09197591990232468
22810 0.1008285954594612
22820 0.09895004332065582
22830 0.09667783230543137
22840 0.09216377884149551
22850 0.07929874956607819
22860 0.1054152622818947
22870 0.1849407106637955
22880 0.1742907613515854
22890 0.1437816321849823
22900 0.1587479561567307
22910 0.16087406873703
22920 0.1421946138143539
22930 0.1403261423110962
22940 0.1467720419168472
22950 0.1703687012195587
22960 0.146769717335701
22970 0.1647167950868607
22980 0.1740997284650803
22990 0.1824196875095367
23000 0.1818353682756424
23010 0.179046094417572
23020 0.1926671862602234
23030 0.19766466319561
23040 0.2035575062036514
23050 0.2143252342939377
23060 0.1900570392608643
23070 0.1745735853910446
23080 0.1927702873945236
23090 0.194877564907074
23100 0.1605914384126663
23110 0.1602804660797119
23120 0.1649947166442871
23130 0.1433487087488174
23140 0.1306734085083008
23150 0.06736628711223602
23160 0.1519971042871475
23170 0.1420336216688156
23180 0.09889527410268784
23190 0.05433769896626472
23200 0.04234707355499268
23210 0.08687261492013931
23220 0.09164072573184967
23230 0.09329158812761307
23240 0.09768608212471008
23250 0.1128319352865219
23260 0.1328452080488205
23270 0.1389095038175583
23280 0.1484794765710831
23290 0.1438319236040115
23300 0.1615730226039886
23310 0.1724361628293991
23320 0.1709725558757782
23330 0.1667567044496536
23340 0.1351304799318314
23350 0.1481827795505524
23360 0.1725907921791077
23370 0.1823583394289017
23380 0.1561958491802216
23390 0.1910852491855621
23400 0.1751520782709122
23410 0.1852328777313232
23420 0.1810579150915146
23430 0.1657187789678574
23440 0.1609605252742767
23450 0.1737549751996994
23460 0.2171124368906021
23470 0.1985446214675903
23480 0.197053462266922
23490 0.2150387465953827
23500 0.2141275703907013
23510 0.1634741425514221
23520 0.1050219833850861
23530 0.155055895447731
23540 0.1446940451860428
23550 0.1684132367372513
23560 0.1822424829006195
23570 0.215074360370636
23580 0.1373711079359055
23590 0.07591933012008667
23600 0.05482304096221924
23610 0.1309068948030472
23620 0.1380531042814255
23630 0.1185447126626968
23640 0.1383374184370041
23650 0.1500830948352814
23660 0.1579250991344452
23670 0.1683708280324936
23680 0.15775465965271
23690 0.1528878062963486
23700 0.14748814702034
23710 0.1428208947181702
23720 0.1478440165519714
23730 0.182354524731636
23740 0.1901630759239197
23750 0.1750354319810867
23760 0.1682331562042236
23770 0.1754156798124313
23780 0.1708957552909851
23790 0.1605025678873062
23800 0.1553090959787369
23810 0.2156080156564713
23820 0.1685271859169006
23830 0.1327004581689835
23840 0.1521670818328857
23850 0.1641377657651901
23860 0.161882147192955
23870 0.1521353274583817
23880 0.1801604628562927
23890 0.199192151427269
23900 0.1797314435243607
23910 0.1743185818195343
23920 0.2046956419944763
23930 0.2123447805643082
23940 0.1743503361940384
23950 0.146412268280983
23960 0.1485190838575363
23970 0.1730388104915619
23980 0.2071203142404556
23990 0.1572930961847305
24000 0.06198826804757118
15010 0.2061525881290436
15020 0.1869832426309586
15030 0.1779768466949463
15040 0.151768833398819
15050 0.1323739588260651
15060 0.1607228815555573
15070 0.1745705902576447
15080 0.2173111736774445
15090 0.214222714304924
15100 0.1849478334188461
15110 0.1823289394378662
15120 0.1775007992982864
15130 0.1760830283164978
15140 0.1780781447887421
15150 0.1634521633386612
15160 0.1711578518152237
15170 0.1739421635866165
15180 0.1367386728525162
15190 0.03860346600413322
15200 0.09326140582561493
15210 0.1100048497319221
15220 0.1151381656527519
15230 0.1182183995842934
15240 0.1510523557662964
15250 0.1175977885723114
15260 0.1122686415910721
15270 0.1163103953003883
15280 0.1485304832458496
15290 0.1802560389041901
15300 0.159449890255928
15310 0.1419212520122528
15320 0.1455320864915848
15330 0.1661172658205032
15340 0.1464751362800598
15350 0.1496144235134125
15360 0.1866444200277328
15370 0.2238612622022629
15380 0.1897629648447037
15390 0.1610052287578583
15400 0.1666032075881958
15410 0.1982684284448624
15420 0.1957910358905792
15430 0.1956216841936111
15440 0.2004913240671158
15450 0.1906799077987671
15460 0.1819196194410324
15470 0.1858154386281967
15480 0.1863442659378052
15490 0.1964193135499954
15500 0.1922316998243332
15510 0.1792279779911041
15520 0.1767580211162567
15530 0.1681717485189438
15540 0.1669092029333115
15550 0.1772752851247787
15560 0.1758370399475098
15570 0.1676873415708542
15580 0.1626062095165253
15590 0.06676281988620758
15600 0.1308084428310394
15610 0.1354237198829651
15620 0.1175996363162994
15630 0.1050969585776329
15640 0.07441265136003494
15650 0.1053092032670975
15660 0.1071967855095863
15670 0.1411323696374893
15680 0.1624195277690887
15690 0.1478355079889297
15700 0.1540413200855255
15710 0.1588411629199982
15720 0.1720900386571884
15730 0.1781613677740097
15740 0.1815256178379059
15750 0.1798228919506073
15760 0.1660168468952179
15770 0.1833223402500153
15780 0.1916391998529434
15790 0.1800989955663681
15800 0.1842596679925919
15810 0.170095831155777
15820 0.1722740679979324
15830 0.1960089802742004
15840 0.18592269718647
15850 0.1923146098852158
15860 0.1896445453166962
15870 0.1903020590543747
15880 0.1894270181655884
15890 0.1897366344928741
15900 0.1915183961391449
15910 0.1949063241481781
15920 0.1742206662893295
15930 0.1730526834726334
15940 0.1719005405902863
15950 0.1361026614904404
15960 0.1061125323176384
15970 0.07418821007013321
15980 0.05640474334359169
15990 0.0429515615105629
16000 0.07866285741329193
16010 0.1100807785987854
16020 0.1143623143434525
16030 0.1056526973843575
16040 0.1128353253006935
16050 0.1077769175171852
16060 0.1295450180768967
16070 0.1791575849056244
16080 0.1674313396215439
16090 0.1807164549827576
16100 0.1323695629835129
16110 0.1522738188505173
16120 0.1568762958049774
16130 0.1829215288162231
16140 0.1953679472208023
16150 0.1383956968784332
16160 0.1259724348783493
16170 0.1376382410526276
16180 0.1549076586961746
16190 0.1837349832057953
16200 0.1927439868450165
16210 0.1977827250957489
16220 0.1810972094535828
16230 0.1496250480413437
16240 0.1555357724428177
16250 0.1865249425172806
16260 0.167980432510376
16270 0.1297316402196884
16280 0.1467744112014771
16290 0.1562656313180923
16300 0.160404846072197
16310 0.1642088443040848
16320 0.1421696394681931
16330 0.1440877318382263
16340 0.1507294476032257
16350 0.1433914303779602
16360 0.1397438496351242
16370 0.1260360181331635
16380 0.1299040764570236
16390 0.0636516734957695
16400 0.1078355833888054
16410 0.09565576910972595
16420 0.1245560124516487
16430 0.1190238073468208
16440 0.1385548561811447
16450 0.1322342753410339
16460 0.1405864655971527
16470 0.1532434821128845
16480 0.1525755822658539
16490 0.1622216701507568
16500 0.1547054648399353
16510 0.1648590713739395
16520 0.1783900856971741
16530 0.1651345491409302
16540 0.1807572543621063
16550 0.1593334525823593
16560 0.1510057151317596
16570 0.1595716625452042
16580 0.1566442400217056
16590 0.1591660976409912
16600 0.1648896187543869
16610 0.1957836300134659
16620 0.2208267152309418
16630 0.2165141701698303
16640 0.1995348036289215
16650 0.1973222941160202
16660 0.201507106423378
16670 0.1729019433259964
16680 0.161399707198143
16690 0.2157252132892609
16700 0.1500779390335083
16710 0.1452594101428986
16720 0.1574025303125381
16730 0.155657559633255
16740 0.15916708111763
16750 0.1619679927825928
16760 0.09316936880350113
16770 0.149469330906868
16780 0.175022155046463
16790 0.165889248251915
16800 0.09720494598150253
16810 0.1100259125232697
16820 0.1174683123826981
16830 0.1277636736631393
16840 0.1331663131713867
16850 0.1215760633349419
16860 0.1246329322457314
16870 0.133729413151741
16880 0.150422140955925
16890 0.1691306829452515
16900 0.1818152219057083
16910 0.1731535792350769
16920 0.1680883169174194
16930 0.1723088473081589
16940 0.1780285686254501
16950 0.1805004477500916
16960 0.1770419776439667
16970 0.2154959142208099
16980 0.1850486993789673
16990 0.1740346699953079
17000 0.1836070120334625
17010 0.1888897269964218
17020 0.1990409344434738
17030 0.1874388605356216
17040 0.174120619893074
17050 0.1971605271100998
17060 0.1895827353000641
17070 0.1863984614610672
17080 0.1904997229576111
17090 0.2031142711639404
17100 0.1963221281766891
17110 0.1657478958368301
17120 0.1755610853433609
17130 0.1482881754636765
17140 0.152581050992012
17150 0.166024312376976
17160 0.1778950244188309
17170 0.1314629465341568
17180 0.04486192390322685
17190 0.03050865791738033
17200 0.09021937102079391
17210 0.1387675702571869
17220 0.120480090379715
17230 0.1183658316731453
17240 0.1018167585134506
17250 0.1710047870874405
17260 0.1340125799179077
17270 0.1535411775112152
17280 0.1636173576116562
17290 0.1608915030956268
17300 0.1577949821949005
17310 0.1581665277481079
17320 0.1781033128499985
17330 0.1775944083929062
17340 0.1726864129304886
17350 0.1783027052879333
17360 0.1902656853199005
17370 0.2046189457178116
17380 0.2047497034072876
17390 0.211797684431076
17400 0.2001498490571976
17410 0.1916226446628571
17420 0.2016289383172989
17430 0.2051678597927094
17440 0.2029454261064529
17450 0.2048392444849014
17460 0.1987998336553574
17470 0.1967734396457672
17480 0.178571879863739
17490 0.1716841459274292
17500 0.1853206008672714
17510 0.2097008228302002
17520 0.1996892839670181
17530 0.2049529850482941
17540 0.1923506259918213
17550 0.1774768233299255
17560 0.1611984670162201
17570 0.1392755210399628
17580 0.1586402207612991
17590 0.1094329431653023
17600 0.0868849977850914
17610 0.0654139444231987
17620 0.1084098070859909
17630 0.1136830896139145
17640 0.1127055138349533
17650 0.1137441471219063
17660 0.09351804107427597
17670 0.06110053509473801
17680 0.09221789240837097
17690 0.1574756354093552
17700 0.1650103479623795
17710 0.1711912006139755
17720 0.1689342111349106
17730 0.1710650622844696
17740 0.1663494259119034
17750 0.1601869612932205
17760 0.1655014008283615
17770 0.1635879427194595
17780 0.1633040457963943
17790 0.1652306914329529
17800 0.1742629557847977
17810 0.1732232868671417
17820 0.1763942539691925
17830 0.1732434630393982
17840 0.1797625869512558
17850 0.1704134792089462
17860 0.1187761574983597
17870 0.1604015231132507
17880 0.2025833874940872
17890 0.2086291313171387
17900 0.1651322692632675
17910 0.1954862475395203
17920 0.220324382185936
17930 0.2170587182044983
17940 0.2258987426757812
17950 0.1833018809556961
17960 0.1512225717306137
17970 0.1390461176633835
17980 0.08292258530855179
17990 0.06392551213502884
18000 0.07400698959827423
18010 0.1188664436340332
18020 0.1208628565073013
18030 0.1059098839759827
18040 0.1045801863074303
18050 0.100637249648571
18060 0.09086333960294724
18070 0.1220533177256584
18080 0.1079424172639847
18090 0.1175116002559662
18100 0.1085010543465614
18110 0.1330826580524445
18120 0.1358765512704849
18130 0.1265997588634491
18140 0.1900972872972488
18150 0.1935386657714844
18160 0.1867318451404572
18170 0.1998829692602158
18180 0.2064432799816132
18190 0.2014320194721222
18200 0.1866195648908615
18210 0.1718031913042068
18220 0.1846235990524292
18230 0.1993681788444519
18240 0.207100436091423
18250 0.1977387815713882
18260 0.2241921871900558
18270 0.1983631402254105
18280 0.1387183368206024
18290 0.1563323885202408
18300 0.1715851724147797
18310 0.1758606731891632
18320 0.1877909451723099
18330 0.1607453227043152
18340 0.1278311014175415
18350 0.1358775645494461
18360 0.1347797960042953
18370 0.1134876608848572
18380 0.09658443927764893
18390 0.03058436885476112
18400 0.1140929982066154
18410 0.1173515915870667
18420 0.1054050177335739
18430 0.1110647618770599
18440 0.1041247174143791
18450 0.09938038885593414
18460 0.08037722855806351
18470 0.1454236656427383
18480 0.1326363831758499
18490 0.1434332579374313
18500 0.1609012633562088
18510 0.1546239405870438
18520 0.1385942846536636
18530 0.1258036494255066
18540 0.1778765022754669
18550 0.1967566311359406
18560 0.2248199135065079
18570 0.1731474250555038
18580 0.1733834594488144
18590 0.1522990167140961
18600 0.1644267737865448
18610 0.175119623541832
18620 0.1440035700798035
18630 0.1518921256065369
18640 0.1607521027326584
18650 0.1815024465322495
18660 0.2067175954580307
18670 0.1817929595708847
18680 0.1780974566936493
18690 0.1924713402986526
18700 0.2025398164987564
18710 0.1817156225442886
18720 0.1717220991849899
18730 0.1586851477622986
18740 0.1761443465948105
18750 0.1709096133708954
18760 0.1681133061647415
18770 0.1312000900506973
18780 0.1308694332838058
18790 0.06663740426301956
18800 0.10378697514534
18810 0.1053977161645889
18820 0.1092836037278175
18830 0.1127142682671547
18840 0.1019649505615234
18850 0.1324710249900818
18860 0.1852259039878845
18870 0.1112398877739906
18880 0.1606993526220322
18890 0.1669627279043198
18900 0.1754685044288635
18910 0.1746511310338974
18920 0.1745771914720535
18930 0.1738944947719574
18940 0.1722622215747833
18950 0.1700115650892258
18960 0.1580764502286911
18970 0.1626614630222321
18980 0.1591717004776001
18990 0.177282303571701
19000 0.1972661912441254
19010 0.132169708609581
19020 0.1175133213400841
19030 0.1331946402788162
19040 0.1600992679595947
19050 0.1616477370262146
19060 0.167752668261528
19070 0.1657632738351822
19080 0.1545575708150864
19090 0.1533257067203522
19100 0.1604084223508835
19110 0.1866644024848938
19120 0.1866137832403183
19130 0.1890383958816528
19140 0.2014693319797516
19150 0.152349978685379
19160 0.1048925369977951
19170 0.167155921459198
19180 0.1327915489673615
19190 0.05761190131306648
19200 0.05072091892361641
19210 0.1039354354143143
19220 0.1174735352396965
19230 0.1258874982595444
19240 0.09563769400119781
19250 0.142144501209259
19260 0.09650930017232895
19270 0.06686260551214218
19280 0.1355744451284409
19290 0.1381623148918152
19300 0.1688241213560104
19310 0.1098142191767693
19320 0.1303700506687164
19330 0.1597275733947754
19340 0.1705910861492157
19350 0.1820869445800781
19360 0.1864913702011108
19370 0.2080420553684235
19380 0.1699437201023102
19390 0.1719049513339996
19400 0.2166699022054672
19410 0.2217660397291183
19420 0.1783678978681564
19430 0.1753574162721634
19440 0.1860190480947495
19450 0.1882532089948654
19460 0.1884474009275436
19470 0.1637007147073746
19480 0.1683923155069351
19490 0.178503692150116
19500 0.1840763688087463
19510 0.1767497360706329
19520 0.1828906089067459
19530 0.1832994818687439
19540 0.1387922316789627
19550 0.122981421649456
19560 0.1696034818887711
19570 0.1609024703502655
19580 0.07649946957826614
19590 0.1559629589319229
19600 0.1733214259147644
19610 0.1663618981838226
19620 0.1506108641624451
19630 0.09867296367883682
19640 0.08333966135978699
19650 0.08091263473033905
19660 0.1195655763149261
19670 0.1064678803086281
19680 0.065076544880867
19690 0.1159434020519257
19700 0.1577253937721252
19710 0.1608718633651733
19720 0.1567539274692535
19730 0.159985214471817
19740 0.1611156463623047
19750 0.1331134736537933
19760 0.1601303964853287
19770 0.1323913633823395
19780 0.1669610291719437
19790 0.1872981786727905
19800 0.1965623199939728
19810 0.1749065965414047
19820 0.1737764626741409
19830 0.1709419935941696
19840 0.1807277053594589
19850 0.1946650743484497
19860 0.1672951132059097
19870 0.1615566909313202
19880 0.1751338094472885
19890 0.1914916336536407
19900 0.1902491748332977
19910 0.159454345703125
19920 0.1761452406644821
19930 0.1662842333316803
19940 0.170062392950058
19950 0.1307421028614044
19960 0.1538080871105194
19970 0.097725510597229
19980 0.04125417768955231
19990 0.07031209766864777
20000 0.1142904013395309
20010 0.1313602477312088
20020 0.126187339425087
20030 0.1408187597990036
20040 0.139266163110733
20050 0.1416504383087158
20060 0.1219387352466583
20070 0.1237934753298759
20080 0.1382816284894943
20090 0.1565639972686768
20100 0.1487852931022644
20110 0.1537737399339676
20120 0.1539445221424103
20130 0.1560115963220596
20140 0.1598660051822662
20150 0.1577313393354416
20160 0.1509451419115067
20170 0.1490923911333084
20180 0.1695508062839508
20190 0.1960843056440353
20200 0.1836429834365845
20210 0.1772752106189728
20220 0.1936537772417068
20230 0.1770202666521072
20240 0.1999135464429855
20250 0.1903715580701828
20260 0.1606096625328064
20270 0.1635644286870956
20280 0.1673635840415955
20290 0.1785992234945297
20300 0.1759250611066818
20310 0.1532980650663376
20320 0.19228895008564
20330 0.1150614246726036
20340 0.08029842376708984
20350 0.1724052727222443
20360 0.1662958264350891
20370 0.126484140753746
20380 0.1521529704332352
20390 0.06145633012056351
20400 0.1167321354150772
20410 0.1134388670325279
20420 0.124093659222126
20430 0.09504497796297073
20440 0.1180230155587196
20450 0.1038432940840721
20460 0.1304886788129807
20470 0.1137423813343048
20480 0.1731710433959961
20490 0.1745148301124573
20500 0.1871444433927536
20510 0.1845595389604568
20520 0.1797827333211899
20530 0.1736630797386169
20540 0.1678516417741776
20550 0.158607617020607
20560 0.1577060371637344
20570 0.1463620364665985
20580 0.1457368284463882
20590 0.1582128405570984
20600 0.1943071633577347
20610 0.17809197306633
20620 0.17190021276474
20630 0.1726844310760498
20640 0.1868920475244522
20650 0.2088755816221237
20660 0.207966148853302
20670 0.2016138732433319
20680 0.1914113312959671
20690 0.2071782648563385
20700 0.1822895407676697
20710 0.1405079364776611
20720 0.1495810449123383
20730 0.1644455641508102
20740 0.1643876433372498
20750 0.1412976831197739
20760 0.1218437850475311
20770 0.1302860230207443
20780 0.1174684688448906
20790 0.04772540181875229
20800 0.09336186945438385
20810 0.1307928115129471
20820 0.1106027588248253
20830 0.1625337898731232
20840 0.1402760595083237
20850 0.11676324903965
20860 0.1546144932508469
20870 0.1195891723036766
20880 0.1625641882419586
20890 0.1638402938842773
20900 0.1716783791780472
20910 0.1772514283657074
20920 0.1753623485565186
20930 0.1579861491918564
20940 0.1634887307882309
20950 0.1753458976745605
20960 0.1903662383556366
20970 0.192803293466568
20980 0.1995576769113541
20990 0.1974741816520691
21000 0.1703054010868073
21010 0.1796089112758636
21020 0.1975264102220535
21030 0.1759013831615448
21040 0.1664972007274628
21050 0.1855770200490952
21060 0.1524005532264709
21070 0.1753782033920288
21080 0.1612901240587234
21090 0.1507635861635208
21100 0.1552148461341858
21110 0.136157438158989
21120 0.1768435835838318
21130 0.1809132397174835
21140 0.1617562472820282
21150 0.1991473138332367
21160 0.1820462197065353
21170 0.1782852113246918
21180 0.1450965106487274
21190 0.1280124932527542
21200 0.1233869045972824
21210 0.1559899002313614
21220 0.1347809433937073
21230 0.1205436289310455
21240 0.1038620471954346
21250 0.08897139132022858
21260 0.1374305188655853
21270 0.1813142895698547
21280 0.09463971853256226
21290 0.1368567496538162
21300 0.1581152379512787
21310 0.159285306930542
21320 0.1616599857807159
21330 0.1514945775270462
21340 0.1427511423826218
21350 0.1615414321422577
21360 0.1532891392707825
21370 0.1341037750244141
21380 0.1798045933246613
21390 0.1756531447172165
21400 0.1824314445257187
21410 0.1882746964693069
21420 0.1881917715072632
21430 0.1950861662626266
21440 0.1882210522890091
21450 0.1670450568199158
21460 0.1320508867502213
21470 0.1312614232301712
21480 0.1494796127080917
21490 0.1700452119112015
21500 0.162866398692131
21510 0.1429037004709244
21520 0.173937126994133
21530 0.1641031801700592
21540 0.170730322599411
21550 0.172572523355484
21560 0.1724889278411865
21570 0.1670616567134857
21580 0.1512327939271927
21590 0.04072194173932076
21600 0.1290206760168076
21610 0.1604568064212799
21620 0.1468333750963211
21630 0.1280235350131989
21640 0.1187561452388763
21650 0.1415456235408783
21660 0.1539349555969238
21670 0.1452438086271286
21680 0.1422714293003082
21690 0.1217089518904686
21700 0.138890415430069
21710 0.1843056976795197
21720 0.2050596177577972
21730 0.2169940173625946
21740 0.2131522446870804
21750 0.1746549010276794
21760 0.164120227098465
21770 0.1591800600290298
21780 0.1627970933914185
21790 0.1622357964515686
21800 0.1614660322666168
21810 0.1699145138263702
21820 0.1995463669300079
21830 0.2034963220357895
21840 0.2170534431934357
21850 0.2045127302408218
21860 0.1526961326599121
21870 0.147613525390625
21880 0.1920177042484283
21890 0.2077867090702057
21900 0.2297215759754181
21910 0.2147646546363831
21920 0.1652875691652298
21930 0.1620931923389435
21940 0.1522582024335861
21950 0.1661207228899002
21960 0.1475737690925598
21970 0.1628228724002838
21980 0.09563260525465012
21990 0.03899671882390976
22000 0.1944449841976166
22010 0.1253049075603485
22020 0.1305689066648483
22030 0.1251636147499084
22040 0.1341430842876434
22050 0.1209027990698814
22060 0.08028204739093781
22070 0.06205145642161369
22080 0.1293180137872696
22090 0.1758723855018616
22100 0.1698728054761887
22110 0.1703024059534073
22120 0.1703683584928513
22130 0.1645799428224564
22140 0.1578158587217331
22150 0.1501132845878601
22160 0.1730337738990784
22170 0.1838486194610596
22180 0.1962400674819946
22190 0.2066350430250168
22200 0.1989108175039291
22210 0.1943085044622421
22220 0.1360419690608978
22230 0.2018748223781586
22240 0.2168387472629547
22250 0.2132006883621216
22260 0.2190818041563034
22270 0.2134949415922165
22280 0.2103855162858963
22290 0.2022169530391693
22300 0.1613602787256241
22310 0.1766872853040695
22320 0.2119744718074799
22330 0.1933153569698334
22340 0.1712759137153625
22350 0.1836041957139969
22360 0.1632255911827087
22370 0.117081955075264
22380 0.1191289350390434
22390 0.06048939749598503
22400 0.07246010005474091
22410 0.1195053160190582
22420 0.1361382454633713
22430 0.1238737627863884
22440 0.1403759866952896
22450 0.13656085729599
22460 0.109903484582901
22470 0.1263012588024139
22480 0.1403152346611023
22490 0.141393780708313
22500 0.1085152924060822
22510 0.1269260346889496
22520 0.1503443866968155
22530 0.1285290420055389
22540 0.1614126265048981
22550 0.2022195607423782
22560 0.1538581252098083
22570 0.1526416838169098
22580 0.1503051221370697
22590 0.1515562385320663
22600 0.1593563705682755
14810 0.07917146384716034
14820 0.1488423198461533
14830 0.119445413351059
14840 0.06670485436916351
14850 0.1081089824438095
14860 0.09586199373006821
14870 0.08368119597434998
14880 0.1257249563932419
14890 0.1111679375171661
14900 0.1398790776729584
14910 0.1493543386459351
14920 0.1329523772001266
14930 0.1608424782752991
14940 0.1721050888299942
14950 0.182429626584053
14960 0.1966539025306702
14970 0.1884244978427887
14980 0.1935416758060455
14990 0.1992933601140976
15000 0.2059884071350098
8010 0.09143300354480743
8020 0.1090224534273148
8030 0.1170999333262444
8040 0.09411010146141052
8050 0.08931092917919159
8060 0.08631646633148193
8070 0.1249779164791107
8080 0.155206099152565
8090 0.1396808922290802
8100 0.1452965140342712
8110 0.169634684920311
8120 0.1985535323619843
8130 0.1583546847105026
8140 0.1632887721061707
8150 0.1682436168193817
8160 0.1619887948036194
8170 0.1578215658664703
8180 0.1803970336914062
8190 0.1567924469709396
8200 0.152638703584671
8210 0.1789892911911011
8220 0.1715543270111084
8230 0.1929589658975601
8240 0.2114315778017044
8250 0.2016051858663559
8260 0.1676858961582184
8270 0.1701101511716843
8280 0.1931542754173279
8290 0.1773627102375031
8300 0.1854398995637894
8310 0.1992083638906479
8320 0.172098696231842
8330 0.1553862690925598
8340 0.2054114788770676
8350 0.2099674493074417
8360 0.1741486936807632
8370 0.1231700703501701
8380 0.1876587569713593
8390 0.07844861596822739
8400 0.120701938867569
8410 0.09684354066848755
8420 0.1290964633226395
8430 0.09378089010715485
8440 0.09648677706718445
8450 0.1227871552109718
8460 0.1322333961725235
8470 0.1306362450122833
8480 0.1402487605810165
8490 0.1692103445529938
8500 0.1748592108488083
8510 0.1622716933488846
8520 0.1809727251529694
8530 0.1882587522268295
8540 0.1749722957611084
8550 0.1737013012170792
8560 0.1779136210680008
8570 0.1832267194986343
8580 0.1861461251974106
8590 0.1830260157585144
8600 0.1879035085439682
8610 0.222657322883606
8620 0.2090587913990021
8630 0.1854043155908585
8640 0.2173721641302109
8650 0.2251562625169754
8660 0.2367447316646576
8670 0.2290647625923157
8680 0.1403964012861252
8690 0.1439837217330933
8700 0.1303488314151764
8710 0.1445668339729309
8720 0.1623803973197937
8730 0.1639057099819183
8740 0.1654672622680664
8750 0.1747422516345978
8760 0.1825580149888992
8770 0.168459415435791
8780 0.1545731127262115
8790 0.04769204184412956
8800 0.09510578960180283
8810 0.126166433095932
8820 0.07952165603637695
8830 0.123099148273468
8840 0.1111300736665726
8850 0.1180636584758759
8860 0.08564671874046326
8870 0.1515520066022873
8880 0.1782096326351166
8890 0.1859432458877563
8900 0.1698161661624908
8910 0.1662736386060715
8920 0.1647540330886841
8930 0.1668354868888855
8940 0.1692505478858948
8950 0.1960598826408386
8960 0.2067332416772842
8970 0.2188374400138855
8980 0.2084068059921265
8990 0.1842298060655594
9000 0.1682267040014267
9010 0.1797527223825455
9020 0.1962230056524277
9030 0.1943463832139969
9040 0.2127646952867508
9050 0.1951461434364319
9060 0.1900237202644348
9070 0.1753409653902054
9080 0.1788991093635559
9090 0.181926354765892
9100 0.2115782797336578
9110 0.2339990437030792
9120 0.1764447540044785
9130 0.1732711046934128
9140 0.1125675290822983
9150 0.1472916454076767
9160 0.1662051528692245
9170 0.1725973635911942
9180 0.0987299308180809
9190 0.04058529064059258
9200 0.1072294265031815
9210 0.07074835896492004
9220 0.1145989969372749
9230 0.1107609868049622
9240 0.1132568120956421
9250 0.07328958064317703
9260 0.09898833930492401
9270 0.1173804402351379
9280 0.1296356171369553
9290 0.1568512767553329
9300 0.179910808801651
9310 0.202806368470192
9320 0.1837127655744553
9330 0.1554787456989288
9340 0.1561105698347092
9350 0.1610631197690964
9360 0.1674660593271255
9370 0.1616014689207077
9380 0.1771971732378006
9390 0.202864333987236
9400 0.2008622586727142
9410 0.2040215283632278
9420 0.1948967128992081
9430 0.2010444700717926
9440 0.2154266238212585
9450 0.2204158157110214
9460 0.2252390682697296
9470 0.2217842191457748
9480 0.191744402050972
9490 0.1879847198724747
9500 0.2262168377637863
9510 0.1988672316074371
9520 0.1391100287437439
9530 0.1440330147743225
9540 0.1606490015983582
9550 0.1626904755830765
9560 0.1568817347288132
9570 0.1404539048671722
9580 0.1236224174499512
9590 0.08471375703811646
9600 0.1027848348021507
9610 0.09581729024648666
9620 0.1531284004449844
9630 0.1664852797985077
9640 0.1424203515052795
9650 0.1170516908168793
9660 0.1167293637990952
9670 0.1096495911478996
9680 0.1071197986602783
9690 0.1277103871107101
9700 0.1235605925321579
9710 0.1987957805395126
9720 0.1551137417554855
9730 0.150479331612587
9740 0.1717061102390289
9750 0.1921409666538239
9760 0.159276932477951
9770 0.1510130316019058
9780 0.1313831657171249
9790 0.1525713950395584
9800 0.1378515362739563
9810 0.1931020468473434
9820 0.1835231930017471
9830 0.1913271546363831
9840 0.1971791833639145
9850 0.201507031917572
9860 0.2142556011676788
9870 0.2018916010856628
9880 0.1986122876405716
9890 0.1984942555427551
9900 0.2023772150278091
9910 0.2135208249092102
9920 0.1851362287998199
9930 0.1593639552593231
9940 0.1344784796237946
9950 0.1294351816177368
9960 0.1328103542327881
9970 0.1386520564556122
9980 0.06738349050283432
9990 0.07179989665746689
10000 0.05599538236856461
10010 0.0644177570939064
10020 0.09648668766021729
10030 0.08112869411706924
10040 0.07389826327562332
10050 0.08755836635828018
10060 0.1139674335718155
10070 0.1201074197888374
10080 0.1765865683555603
10090 0.1858168095350266
10100 0.1793970465660095
10110 0.1498083770275116
10120 0.2164846807718277
10130 0.2139037400484085
10140 0.2269639670848846
10150 0.2139459550380707
10160 0.1798333376646042
10170 0.1750733107328415
10180 0.1822385936975479
10190 0.1883883476257324
10200 0.1906687170267105
10210 0.207340881228447
10220 0.1798154413700104
10230 0.1847570836544037
10240 0.2339495122432709
10250 0.2419494837522507
10260 0.2305401861667633
10270 0.2008030116558075
10280 0.1834104657173157
10290 0.2065065503120422
10300 0.2133527994155884
10310 0.1884427815675735
10320 0.1822036355733871
10330 0.1710492372512817
10340 0.2023831009864807
10350 0.1982619613409042
10360 0.1574997007846832
10370 0.1795004904270172
10380 0.1895407736301422
10390 0.089875228703022
10400 0.05898747593164444
10410 0.09638471156358719
10420 0.1372773945331573
10430 0.1021502614021301
10440 0.1017038226127625
10450 0.1000355631113052
10460 0.122540682554245
10470 0.1474458873271942
10480 0.1389179825782776
10490 0.1575078368186951
10500 0.1546809673309326
10510 0.1458869576454163
10520 0.1310670673847198
10530 0.1775784492492676
10540 0.1731515675783157
10550 0.1758711636066437
10560 0.1758007109165192
10570 0.1935566812753677
10580 0.2078706622123718
10590 0.223892942070961
10600 0.2381712347269058
10610 0.2268880754709244
10620 0.2259030938148499
10630 0.2243309319019318
10640 0.2150585800409317
10650 0.2069425135850906
10660 0.2104044556617737
10670 0.1824293285608292
10680 0.1620308458805084
10690 0.1976702511310577
10700 0.1961119771003723
10710 0.187399834394455
10720 0.1460448205471039
10730 0.1594767421483994
10740 0.1831375807523727
10750 0.2130308300256729
10760 0.1657478660345078
10770 0.1464843302965164
10780 0.08905256539583206
10790 0.06488944590091705
10800 0.07267876714468002
10810 0.1109285280108452
10820 0.105535514652729
10830 0.1031990945339203
10840 0.0994899794459343
10850 0.09347878396511078
10860 0.1245113164186478
10870 0.1394384205341339
10880 0.2327520996332169
10890 0.2316767126321793
10900 0.1693091988563538
10910 0.1374775767326355
10920 0.1144528016448021
10930 0.1095837280154228
10940 0.1372354477643967
10950 0.1486225128173828
10960 0.1697027087211609
10970 0.1674489080905914
10980 0.1702717393636703
10990 0.1713022738695145
11000 0.1724474132061005
11010 0.177726611495018
11020 0.1782276332378387
11030 0.1770612895488739
11040 0.1833271831274033
11050 0.1932311803102493
11060 0.2313662618398666
11070 0.2221435755491257
11080 0.2104834914207458
11090 0.1768825650215149
11100 0.1791027188301086
11110 0.1781910806894302
11120 0.1974882781505585
11130 0.1908843964338303
11140 0.1476351022720337
11150 0.08808266371488571
11160 0.08559048920869827
11170 0.1526666879653931
11180 0.06148606538772583
11190 0.02337191998958588
11200 0.08243009448051453
11210 0.1156272813677788
11220 0.1022756695747375
11230 0.1216030791401863
11240 0.09764394909143448
11250 0.1225860714912415
11260 0.1388996094465256
11270 0.1538161039352417
11280 0.1707262992858887
11290 0.1674558371305466
11300 0.1752569079399109
11310 0.1784924119710922
11320 0.1767111271619797
11330 0.1689616441726685
11340 0.1641272455453873
11350 0.1736344993114471
11360 0.1806485801935196
11370 0.191650003194809
11380 0.2200531512498856
11390 0.2053093016147614
11400 0.1803881525993347
11410 0.2023352831602097
11420 0.2103824019432068
11430 0.2176949679851532
11440 0.2080246061086655
11450 0.2007575035095215
11460 0.1974411308765411
11470 0.2021348923444748
11480 0.2105282098054886
11490 0.1612425148487091
11500 0.1620905250310898
11510 0.1667275130748749
11520 0.1636271327733994
11530 0.1717418432235718
11540 0.1862714886665344
11550 0.17038893699646
11560 0.1578144580125809
11570 0.1546964049339294
11580 0.2021592706441879
11590 0.10940220952034
11600 0.06828823685646057
11610 0.05603254213929176
11620 0.1668546199798584
11630 0.1272096782922745
11640 0.1441066265106201
11650 0.1496267318725586
11660 0.1339412182569504
11670 0.1736245453357697
11680 0.215032622218132
11690 0.1833515018224716
11700 0.1819672882556915
11710 0.1846756786108017
11720 0.1835462301969528
11730 0.1907822489738464
11740 0.2165042012929916
11750 0.2044217437505722
11760 0.1900328099727631
11770 0.2116789519786835
11780 0.2120009213685989
11790 0.1549911201000214
11800 0.1553914994001389
11810 0.1840188056230545
11820 0.1980518102645874
11830 0.1979899853467941
11840 0.1729229092597961
11850 0.1871681213378906
11860 0.1831703782081604
11870 0.2208262085914612
11880 0.2261204570531845
11890 0.2079009562730789
11900 0.2071701288223267
11910 0.2074982970952988
11920 0.1977484822273254
11930 0.1810352504253387
11940 0.1623351573944092
11950 0.1596962958574295
11960 0.1735784262418747
11970 0.1475977897644043
11980 0.05523016676306725
11990 0.02548186294734478
12000 0.08452761918306351
12010 0.1158578917384148
12020 0.1290776431560516
12030 0.1156135424971581
12040 0.09822116047143936
12050 0.1338164210319519
12060 0.1020419001579285
12070 0.1171382367610931
12080 0.1302605271339417
12090 0.1498154401779175
12100 0.1514936238527298
12110 0.1690164804458618
12120 0.1683643162250519
12130 0.1778536289930344
12140 0.2032898217439651
12150 0.2013049870729446
12160 0.2012515515089035
12170 0.2140872478485107
12180 0.210873544216156
12190 0.2000927329063416
12200 0.2052686959505081
12210 0.2231495678424835
12220 0.2174167335033417
12230 0.2046676278114319
12240 0.2209367156028748
12250 0.2267149984836578
12260 0.22214575111866
12270 0.220438152551651
12280 0.1881883591413498
12290 0.1973918229341507
12300 0.2001207768917084
12310 0.1927889585494995
12320 0.1753167659044266
12330 0.1483911871910095
12340 0.1598152369260788
12350 0.1832966208457947
12360 0.1480125784873962
12370 0.1082288697361946
12380 0.1516664326190948
12390 0.05501692369580269
12400 0.09089888632297516
12410 0.09739373624324799
12420 0.102482832968235
12430 0.08313172310590744
12440 0.0779510959982872
12450 0.1382115632295609
12460 0.1272299587726593
12470 0.1582964062690735
12480 0.2067753374576569
12490 0.1969346106052399
12500 0.2053176462650299
12510 0.2123943269252777
12520 0.1888667941093445
12530 0.2028585076332092
12540 0.2194503843784332
12550 0.2234469950199127
12560 0.1879633367061615
12570 0.1694657504558563
12580 0.1632735431194305
12590 0.173357754945755
12600 0.1819756627082825
12610 0.2007757425308228
12620 0.1981502324342728
12630 0.1975613981485367
12640 0.1474077552556992
12650 0.1929207146167755
12660 0.1722057908773422
12670 0.1142326891422272
12680 0.1222206801176071
12690 0.133153960108757
12700 0.1341605633497238
12710 0.153590053319931
12720 0.1591895520687103
12730 0.1815652549266815
12740 0.1805946528911591
12750 0.2004378288984299
12760 0.186532586812973
12770 0.1424847692251205
12780 0.1285350471735001
12790 0.08334980905056
12800 0.08992350101470947
12810 0.06241288036108017
12820 0.1218569204211235
12830 0.1163815706968307
12840 0.1136253923177719
12850 0.09698587656021118
12860 0.09159672260284424
12870 0.08986228704452515
12880 0.08637823909521103
12890 0.1310397088527679
12900 0.1835925728082657
12910 0.1838636547327042
12920 0.1784464120864868
12930 0.1844435036182404
12940 0.1704908013343811
12950 0.1648094207048416
12960 0.1888275146484375
12970 0.2135801613330841
12980 0.1829590648412704
12990 0.2178715616464615
13000 0.224833682179451
13010 0.221595287322998
13020 0.2221991568803787
13030 0.2265016287565231
13040 0.2303340882062912
13050 0.2334520667791367
13060 0.2247431874275208
13070 0.2145801484584808
13080 0.2147710919380188
13090 0.1928100287914276
13100 0.1707134246826172
13110 0.1627909243106842
13120 0.1480817049741745
13130 0.1433181911706924
13140 0.1354864984750748
13150 0.1512739956378937
13160 0.1496486812829971
13170 0.1337565928697586
13180 0.05926480516791344
13190 0.03593624383211136
13200 0.1119515001773834
13210 0.1349789500236511
13220 0.1315061002969742
13230 0.1579788327217102
13240 0.1505508422851562
13250 0.09872831404209137
13260 0.0815344974398613
13270 0.1220882907509804
13280 0.1942288130521774
13290 0.2008262723684311
13300 0.1408501267433167
13310 0.1455158889293671
13320 0.1412377804517746
13330 0.1576012074947357
13340 0.1592191010713577
13350 0.1642694920301437
13360 0.1611962169408798
13370 0.1692705154418945
13380 0.188872754573822
13390 0.2029502242803574
13400 0.1937259882688522
13410 0.1971152275800705
13420 0.2083639353513718
13430 0.2206824272871017
13440 0.229869544506073
13450 0.2254085838794708
13460 0.217671275138855
13470 0.2158086746931076
13480 0.2206871658563614
13490 0.2107532173395157
13500 0.2120179235935211
13510 0.1152560710906982
13520 0.1075481101870537
13530 0.1190895736217499
13540 0.1358823478221893
13550 0.08788608014583588
13560 0.1080310642719269
13570 0.1216949224472046
13580 0.07814782857894897
13590 0.07692426443099976
13600 0.05589316040277481
13610 0.06384743750095367
13620 0.08679157495498657
13630 0.1189164593815804
13640 0.1261037141084671
13650 0.1367910355329514
13660 0.1051055192947388
13670 0.1427905261516571
13680 0.1846855133771896
13690 0.1599278301000595
13700 0.1839433461427689
13710 0.1694864332675934
13720 0.192908450961113
13730 0.1660912930965424
13740 0.1629499644041061
13750 0.163656547665596
13760 0.1585433632135391
13770 0.1734957098960876
13780 0.1786799728870392
13790 0.2027592062950134
13800 0.2031969577074051
13810 0.2174699902534485
13820 0.1950283348560333
13830 0.1813299357891083
13840 0.1814204454421997
13850 0.2223737388849258
13860 0.2248542010784149
13870 0.1923655420541763
13880 0.1703367084264755
13890 0.1733684539794922
13900 0.1906754821538925
13910 0.1797132790088654
13920 0.1587094664573669
13930 0.125596821308136
13940 0.1331592947244644
13950 0.1644930690526962
13960 0.1925341933965683
13970 0.1241768822073936
13980 0.06589224189519882
13990 0.03742606565356255
14000 0.04165875166654587
14010 0.1120540052652359
14020 0.08765430003404617
14030 0.06359417736530304
14040 0.09454089403152466
14050 0.08927749842405319
14060 0.1139129772782326
14070 0.1340977698564529
14080 0.16437828540802
14090 0.1663959473371506
14100 0.1624853163957596
14110 0.1706301271915436
14120 0.1462449282407761
14130 0.1559152603149414
14140 0.1874940097332001
14150 0.18308424949646
14160 0.1933197677135468
14170 0.1999325007200241
14180 0.1995354443788528
14190 0.2172810882329941
14200 0.2124851197004318
14210 0.178382396697998
14220 0.2058013528585434
14230 0.1409513503313065
14240 0.1768380105495453
14250 0.1978913396596909
14260 0.2127344310283661
14270 0.1940447688102722
14280 0.1689818650484085
14290 0.1659369766712189
14300 0.1785775870084763
14310 0.1831797659397125
14320 0.165742889046669
14330 0.1616226136684418
14340 0.1422669440507889
14350 0.06064239516854286
14360 0.09620572626590729
14370 0.158095046877861
14380 0.121656522154808
14390 0.06563585251569748
14400 0.07803885638713837
14410 0.1266502290964127
14420 0.1155280321836472
14430 0.1166639998555183
14440 0.1017901301383972
14450 0.1064456850290298
14460 0.1328660845756531
14470 0.1174800470471382
14480 0.1698028296232224
14490 0.1522796750068665
14500 0.1597979664802551
14510 0.1662345081567764
14520 0.1655659973621368
14530 0.1933356672525406
14540 0.2014013677835464
14550 0.1998777836561203
14560 0.1877138018608093
14570 0.1874595582485199
14580 0.1712436974048615
14590 0.1688527464866638
14600 0.1698592752218246
14610 0.1702543944120407
14620 0.1615650057792664
14630 0.1741580069065094
14640 0.178695023059845
14650 0.1539617925882339
14660 0.196413516998291
14670 0.1968189477920532
14680 0.1843881905078888
14690 0.1825786828994751
14700 0.2004033774137497
14710 0.2081054002046585
14720 0.1757156699895859
14730 0.191155269742012
14740 0.2084863036870956
14750 0.1814221888780594
14760 0.1660665273666382
14770 0.1624512374401093
14780 0.07345478236675262
14790 0.05802531167864799
14800 0.05533260852098465
14840 0.06670484691858292
14880 0.1257249265909195
14900 0.1398790627717972
14910 0.1493543535470963
14930 0.1608424037694931
14940 0.1721050590276718
8410 0.09724494814872742
8420 0.1290576457977295
8430 0.09389612078666687
8440 0.09677394479513168
8450 0.1229103729128838
8460 0.1322328895330429
8470 0.1311399638652802
8480 0.1404948234558105
8490 0.1691488921642303
8500 0.1745915114879608
8510 0.1624114513397217
8520 0.181180864572525
8530 0.1882790178060532
8540 0.174897313117981
8550 0.1737338602542877
8560 0.177921250462532
8570 0.1832371801137924
8580 0.1861702650785446
8590 0.1830341219902039
8600 0.187904417514801
0 0.2328924387693405
10 0.2323249727487564
20 0.2292315512895584
30 0.2188772559165955
40 0.2095555365085602
50 0.2038318663835526
60 0.1900883316993713
70 0.213473454117775
80 0.2430564612150192
90 0.2405025511980057
100 0.2389966696500778
110 0.2382024973630905
120 0.2348722964525223
130 0.2234651297330856
140 0.203958198428154
150 0.1888169944286346
160 0.1806949228048325
170 0.1774027347564697
180 0.1816170662641525
190 0.1935929656028748
200 0.210384413599968
210 0.2255525588989258
220 0.2300756424665451
230 0.2227223217487335
240 0.2134414315223694
250 0.2084319740533829
260 0.2050245553255081
270 0.1995599716901779
280 0.1905138939619064
290 0.1775132119655609
300 0.1615704149007797
310 0.1426762193441391
320 0.1145632416009903
330 0.08478713035583496
340 0.07317981868982315
350 0.07991121709346771
360 0.1014086678624153
370 0.1257163137197495
380 0.1387718766927719
390 0.1406890749931335
400 0.1381628960371017
410 0.1321257501840591
420 0.1292321979999542
430 0.1147972568869591
440 0.105256699025631
450 0.1076833754777908
460 0.1335060894489288
470 0.1635705977678299
480 0.08313588798046112
490 0.08279267698526382
500 0.08131296187639236
510 0.1017830446362495
520 0.1017825976014137
530 0.1037026047706604
540 0.1302839517593384
550 0.1495128870010376
560 0.1593035161495209
570 0.1736681014299393
580 0.1714691817760468
590 0.1998296082019806
600 0.1720230877399445
610 0.1519348472356796
620 0.2215199768543243
630 0.270152747631073
640 0.2038425952196121
650 0.1887204349040985
660 0.1623180210590363
670 0.170198455452919
680 0.1799783855676651
690 0.1740132868289948
700 0.1684064865112305
710 0.1719366312026978
720 0.1728831380605698
730 0.1814864277839661
740 0.1993067413568497
750 0.2104149907827377
760 0.1895661801099777
770 0.1832481026649475
780 0.2004828900098801
790 0.05801097676157951
800 0.07239118218421936
810 0.07411253452301025
820 0.1029185503721237
830 0.06362111121416092
840 0.07182218134403229
850 0.08199591189622879
860 0.08354044705629349
870 0.06918784976005554
880 0.05261197686195374
890 0.09642962366342545
900 0.2133688479661942
910 0.191189631819725
920 0.1699499934911728
930 0.1175538599491119
940 0.1525641083717346
950 0.1785028427839279
960 0.1706347018480301
970 0.2097434252500534
980 0.2083495855331421
990 0.1881387084722519
1000 0.208169549703598
1010 0.1216709017753601
1020 0.1177292838692665
1030 0.1704336702823639
1040 0.1625111550092697
1050 0.140165776014328
1060 0.1590811014175415
1070 0.1563566327095032
1080 0.1569225639104843
1090 0.1422274857759476
1100 0.1150860190391541
1110 0.149874821305275
1120 0.1691893190145493
1130 0.1633531600236893
1140 0.1596421897411346
1150 0.1627910435199738
1160 0.1571138650178909
1170 0.1365123987197876
1180 0.1883420944213867
1190 0.07569870352745056
1200 0.0803847536444664
1210 0.07549887150526047
1220 0.07653044909238815
1230 0.09994287043809891
1240 0.1461852192878723
1250 0.1503260433673859
1260 0.1309110075235367
1270 0.1577817052602768
1280 0.168678805232048
1290 0.1560613662004471
1300 0.16584712266922
1310 0.1643847525119781
1320 0.1356388926506042
1330 0.1417905688285828
1340 0.1565147638320923
1350 0.1391203105449677
1360 0.150978609919548
1370 0.1624277383089066
1380 0.1771924048662186
1390 0.16187484562397
1400 0.168249100446701
1410 0.1594242602586746
1420 0.1639849692583084
1430 0.1787952780723572
1440 0.1938999444246292
1450 0.1957017779350281
1460 0.2351498305797577
1470 0.2071525156497955
1480 0.202996239066124
1490 0.1622366905212402
1500 0.1307513862848282
1510 0.1672721952199936
1520 0.1623499840497971
1530 0.2188956439495087
1540 0.1362025290727615
1550 0.1095891818404198
1560 0.1531897634267807
1570 0.1529714167118073
1580 0.04059284180402756
1590 0.01622480899095535
1600 0.0226229690015316
1610 0.0570550374686718
1620 0.0712009072303772
1630 0.06886392831802368
1640 0.04920351132750511
1650 0.05248725414276123
1660 0.093703992664814
1670 0.1130508333444595
1680 0.1704153567552567
1690 0.148846447467804
1700 0.1329158842563629
1710 0.1185567826032639
1720 0.1591458469629288
1730 0.153513178229332
1740 0.1621436327695847
1750 0.172513484954834
1760 0.1542870104312897
1770 0.1210197582840919
1780 0.1495005041360855
1790 0.1180141940712929
1800 0.1153299435973167
1810 0.1842623949050903
1820 0.1986719071865082
1830 0.1799919754266739
1840 0.1729330867528915
1850 0.1639281362295151
1860 0.1585448831319809
1870 0.2058264315128326
1880 0.2391170263290405
1890 0.1942063719034195
1900 0.2153445035219193
1910 0.194170817732811
1920 0.2012370824813843
1930 0.1877912729978561
1940 0.1867694407701492
1950 0.1865927428007126
1960 0.1910300403833389
1970 0.2174461781978607
1980 0.217054083943367
1990 0.1273743808269501
2000 0.09220080822706223
2010 0.1357614696025848
2020 0.1732360571622849
2030 0.1822670996189117
2040 0.1462736129760742
2050 0.1794922798871994
2060 0.173453688621521
2070 0.1767895519733429
2080 0.1731337159872055
2090 0.1795224398374557
2100 0.1931704431772232
2110 0.1786191016435623
2120 0.1652814596891403
2130 0.1732992827892303
2140 0.1925764828920364
2150 0.2050916105508804
2160 0.1966237723827362
2170 0.2144507318735123
2180 0.2075666785240173
2190 0.2294133752584457
2200 0.1295324116945267
2210 0.1721385419368744
2220 0.2076372057199478
2230 0.2245435565710068
2240 0.2191045135259628
2250 0.2387443631887436
2260 0.2289796322584152
2270 0.2119888067245483
2280 0.1906343400478363
2290 0.1618818640708923
2300 0.1746797263622284
2310 0.165858194231987
2320 0.1660555452108383
2330 0.1708026826381683
2340 0.2111495435237885
2350 0.1739793717861176
2360 0.1231804043054581
2370 0.09155420958995819
2380 0.1313123852014542
2390 0.03486482799053192
2400 0.1332835555076599
2410 0.1540099382400513
2420 0.1500831693410873
2430 0.1366970241069794
2440 0.1539692580699921
2450 0.1902062296867371
2460 0.2065085470676422
2470 0.1546126902103424
2480 0.1985461860895157
2490 0.2360576838254929
2500 0.2519967555999756
2510 0.2507449388504028
2520 0.2399950325489044
2530 0.2018561512231827
2540 0.194254070520401
2550 0.1875274479389191
2560 0.1862051039934158
2570 0.1874804645776749
2580 0.1916029006242752
2590 0.1980264186859131
2600 0.1987021267414093
2610 0.1360747516155243
2620 0.1968334913253784
2630 0.2079101800918579
2640 0.2009075880050659
2650 0.2142947912216187
2660 0.2148513495922089
2670 0.2013874500989914
2680 0.1691822856664658
2690 0.1961766630411148
2700 0.1871990263462067
2710 0.1923151463270187
2720 0.1618819236755371
2730 0.1726698875427246
2740 0.2095187306404114
2750 0.2224033027887344
2760 0.1692161858081818
2770 0.1510891914367676
2780 0.1112593933939934
2790 0.07583638280630112
2800 0.03807456791400909
2810 0.1206278949975967
2820 0.1202877536416054
2830 0.1347415298223495
2840 0.1041642129421234
2850 0.1086346283555031
2860 0.1186664998531342
2870 0.1127414256334305
2880 0.1027029603719711
2890 0.1711253970861435
2900 0.1733230799436569
2910 0.1656086891889572
2920 0.1689309775829315
2930 0.173304408788681
2940 0.1785083562135696
2950 0.1827035248279572
2960 0.2291068583726883
2970 0.2407146394252777
2980 0.1576735526323318
2990 0.1481324136257172
3000 0.1712591052055359
3010 0.195728600025177
3020 0.2185644805431366
3030 0.2230755537748337
3040 0.2442112863063812
3050 0.2169153392314911
3060 0.198017805814743
3070 0.224437952041626
3080 0.2194436937570572
3090 0.1833112686872482
3100 0.1763720661401749
3110 0.2320643961429596
3120 0.187657043337822
3130 0.1472656279802322
3140 0.130899116396904
3150 0.163847416639328
3160 0.1110168173909187
3170 0.1006601080298424
3180 0.04541052505373955
3190 0.03430868685245514
3200 0.07019762694835663
3210 0.1217277273535728
3220 0.1504888236522675
3230 0.1369181126356125
3240 0.1196508854627609
3250 0.1253567636013031
3260 0.1527168750762939
3270 0.1345353424549103
3280 0.154232382774353
3290 0.1651959717273712
3300 0.1734073162078857
3310 0.1989227384328842
3320 0.2305776476860046
3330 0.2334554493427277
3340 0.2117867171764374
3350 0.1957941651344299
3360 0.1980092972517014
3370 0.1894690245389938
3380 0.2159944474697113
3390 0.2458773702383041
3400 0.1620416641235352
3410 0.1467557102441788
3420 0.1436764001846313
3430 0.1780705004930496
3440 0.1980228275060654
3450 0.2178796976804733
3460 0.2158635705709457
3470 0.1783120483160019
3480 0.2108034044504166
3490 0.2213697284460068
3500 0.1885765939950943
3510 0.1815480291843414
3520 0.1744505614042282
3530 0.1690798699855804
3540 0.1677922308444977
3550 0.1945056766271591
3560 0.1889334619045258
3570 0.1928892135620117
3580 0.2041841447353363
3590 0.1726521998643875
3600 0.07163338363170624
3610 0.1032703220844269
3620 0.1145297586917877
3630 0.1438230127096176
3640 0.1637295037508011
3650 0.168754979968071
3660 0.120166078209877
3670 0.1295417100191116
3680 0.1162834763526917
3690 0.1370809376239777
3700 0.1547063887119293
3710 0.1479765772819519
3720 0.1469987332820892
3730 0.1667123883962631
3740 0.2058434337377548
3750 0.2029317319393158
3760 0.1834512054920197
3770 0.1725272387266159
3780 0.1775698512792587
3790 0.1744781881570816
3800 0.179134339094162
3810 0.1914640069007874
3820 0.1602905690670013
3830 0.1827247887849808
3840 0.1730013787746429
3850 0.1836183369159698
3860 0.1801694631576538
3870 0.1897702217102051
3880 0.1966624855995178
3890 0.1974002420902252
3900 0.1861258447170258
3910 0.1783558577299118
3920 0.1622021049261093
3930 0.1089175343513489
3940 0.06487870961427689
3950 0.08521284908056259
3960 0.1756028383970261
3970 0.1787245720624924
3980 0.1698050051927567
3990 0.1032420769333839
4000 0.06319159269332886
4010 0.1342097818851471
4020 0.1170268952846527
4030 0.1749336272478104
4040 0.1582873314619064
4050 0.1527737677097321
4060 0.1795473694801331
4070 0.1815622895956039
4080 0.2056287974119186
4090 0.1917658746242523
4100 0.172353133559227
4110 0.1758182644844055
4120 0.1805717200040817
4130 0.1882612258195877
4140 0.1923484057188034
4150 0.1941002011299133
4160 0.1808032542467117
4170 0.1819392591714859
4180 0.1882776170969009
4190 0.1963665634393692
4200 0.2215303778648376
4210 0.2152713686227798
4220 0.2381263077259064
4230 0.1905453950166702
4240 0.2089547663927078
4250 0.2023895233869553
4260 0.2037012875080109
4270 0.2184595018625259
4280 0.1964714229106903
4290 0.1949823349714279
4300 0.2012095302343369
4310 0.1898941844701767
4320 0.1867497116327286
4330 0.1944077759981155
4340 0.1795349419116974
4350 0.141398012638092
4360 0.1823853701353073
4370 0.1859892755746841
4380 0.198864683508873
4390 0.1790938824415207
4400 0.1006594300270081
4410 0.133497342467308
4420 0.1414885967969894
4430 0.1153828278183937
4440 0.1230529025197029
4450 0.1393109411001205
4460 0.1315867304801941
4470 0.1263221502304077
4480 0.1310595124959946
4490 0.1475362032651901
4500 0.1618035733699799
4510 0.1874158382415771
4520 0.1924853920936584
4530 0.1927182674407959
4540 0.1673333644866943
4550 0.1662386208772659
4560 0.1882907897233963
4570 0.1808720380067825
4580 0.1929547786712646
4590 0.1777684390544891
4600 0.1900101602077484
4610 0.1936102658510208
4620 0.1898775398731232
4630 0.1871671229600906
4640 0.1891347020864487
4650 0.1911644786596298
4660 0.2043853104114532
4670 0.201188787817955
4680 0.2057415843009949
4690 0.2027664482593536
4700 0.2233219891786575
4710 0.2168011516332626
4720 0.1672230958938599
4730 0.1789944469928741
4740 0.1927551031112671
4750 0.1905577033758163
4760 0.1949921995401382
4770 0.1449601501226425
4780 0.1228958889842033
4790 0.1057531833648682
4800 0.07442585378885269
4810 0.1263033151626587
4820 0.1284293681383133
4830 0.1139995381236076
4840 0.1138845533132553
4850 0.1011825576424599
4860 0.08774054050445557
4870 0.08990631252527237
4880 0.1741005331277847
4890 0.2056028693914413
4900 0.2234753221273422
4910 0.2274810373783112
4920 0.189425602555275
4930 0.1816417276859283
4940 0.1665891855955124
4950 0.174000084400177
4960 0.2114793658256531
4970 0.2322114259004593
4980 0.2168805301189423
4990 0.1797937452793121
5000 0.1754405200481415
5010 0.1777644008398056
5020 0.1796504706144333
5030 0.1868576258420944
5040 0.195849820971489
5050 0.2015775293111801
5060 0.2187571972608566
5070 0.1908756941556931
5080 0.1940157562494278
5090 0.1963634938001633
5100 0.1791094392538071
5110 0.1575673669576645
5120 0.1437796801328659
5130 0.1925826966762543
5140 0.1982274651527405
5150 0.1747157126665115
5160 0.1855663806200027
5170 0.1850918382406235
5180 0.1901038289070129
5190 0.1231241151690483
5200 0.07340620458126068
5210 0.1082170903682709
5220 0.1083885505795479
5230 0.1170224547386169
5240 0.1222685649991035
5250 0.1244367137551308
5260 0.152997225522995
5270 0.2472812831401825
5280 0.1884076148271561
5290 0.1738267838954926
5300 0.173930898308754
5310 0.1763225197792053
5320 0.1840452253818512
5330 0.1856326311826706
5340 0.1855856478214264
5350 0.211483046412468
5360 0.189699798822403
5370 0.1900698393583298
5380 0.2173526585102081
5390 0.2163960337638855
5400 0.1953426897525787
5410 0.2020407915115356
5420 0.1934655010700226
5430 0.2145940214395523
5440 0.1943748742341995
5450 0.1666177064180374
5460 0.1994759291410446
5470 0.2136667370796204
5480 0.2220325917005539
5490 0.2242407202720642
5500 0.2204034179449081
5510 0.2151741087436676
5520 0.1761501282453537
5530 0.1722069978713989
5540 0.1852356344461441
5550 0.1873907297849655
5560 0.1300193518400192
5570 0.09424141049385071
5580 0.1730553656816483
5590 0.1268103718757629
5600 0.1020415052771568
5610 0.09691636264324188
5620 0.1228981092572212
5630 0.1242243498563766
5640 0.09863391518592834
5650 0.1555021703243256
5660 0.158236026763916
5670 0.1494052857160568
5680 0.1189750730991364
5690 0.1291585564613342
5700 0.1738145351409912
5710 0.1758020967245102
5720 0.198047548532486
5730 0.1885480284690857
5740 0.1899874955415726
5750 0.1799150407314301
5760 0.1911313086748123
5770 0.1854893863201141
5780 0.1924670487642288
5790 0.1904678046703339
5800 0.1850787848234177
5810 0.162812739610672
5820 0.1799354702234268
5830 0.2461839318275452
5840 0.2046594470739365
5850 0.1739536076784134
5860 0.2203764617443085
5870 0.2026602625846863
5880 0.196790799498558
5890 0.2119691967964172
5900 0.2122838199138641
5910 0.2010550498962402
5920 0.1923631727695465
5930 0.1941735297441483
5940 0.1752357929944992
5950 0.1806311458349228
5960 0.1443841308355331
5970 0.1670923829078674
5980 0.09132000058889389
5990 0.107363261282444
6000 0.1194919943809509
6010 0.1696337461471558
6020 0.1173641160130501
6030 0.1212271228432655
6040 0.121828094124794
6050 0.1141383275389671
6060 0.1182242631912231
6070 0.1371353268623352
6080 0.1435172706842422
6090 0.1505471616983414
6100 0.1797188967466354
6110 0.1796402335166931
6120 0.2128289937973022
6130 0.2137399613857269
6140 0.1804620176553726
6150 0.1909686326980591
6160 0.2147088348865509
6170 0.2438808679580688
6180 0.2370779812335968
6190 0.2280746549367905
6200 0.1621123105287552
6210 0.1913919299840927
6220 0.2200821787118912
6230 0.1661763787269592
6240 0.1598612815141678
6250 0.1848023980855942
6260 0.1921143084764481
6270 0.1707824617624283
6280 0.174467608332634
6290 0.1749249994754791
6300 0.1869715303182602
6310 0.1992484331130981
6320 0.1516292095184326
6330 0.14632847905159
6340 0.1858988851308823
6350 0.1828359663486481
6360 0.15964175760746
6370 0.1229564025998116
6380 0.1001767814159393
6390 0.06500326842069626
6400 0.08080672472715378
6410 0.1082648709416389
6420 0.1303993612527847
6430 0.1114048957824707
6440 0.1080541387200356
6450 0.1378128677606583
6460 0.1552245318889618
6470 0.1563226133584976
6480 0.1740590482950211
6490 0.1620677411556244
6500 0.1648478507995605
6510 0.1742778420448303
6520 0.176775336265564
6530 0.180455356836319
6540 0.1864991337060928
6550 0.1874510645866394
6560 0.2010871022939682
6570 0.1952294707298279
6580 0.1908168345689774
6590 0.2284100651741028
6600 0.182903379201889
6610 0.1795322000980377
6620 0.203473374247551
6630 0.1897296458482742
6640 0.143541231751442
6650 0.1622290462255478
6660 0.2116196751594543
6670 0.1783448159694672
6680 0.1698765307664871
6690 0.1691660732030869
6700 0.1869893670082092
6710 0.1787993609905243
6720 0.1649802774190903
6730 0.165391594171524
6740 0.1481261551380157
6750 0.1664290726184845
6760 0.1895002424716949
6770 0.157285675406456
6780 0.05633846297860146
6790 0.03200534358620644
6800 0.0364043265581131
6810 0.1265641748905182
6820 0.1073686555027962
6830 0.1468524634838104
6840 0.1122780069708824
6850 0.1336912959814072
6860 0.1335354298353195
6870 0.1271323561668396
6880 0.1473890244960785
6890 0.1784949749708176
6900 0.1712138652801514
6910 0.1599288135766983
6920 0.2000495046377182
6930 0.174323707818985
6940 0.1639699339866638
6950 0.1532317698001862
6960 0.1827879399061203
6970 0.1894609481096268
6980 0.192243292927742
6990 0.205318495631218
7000 0.2004363089799881
7010 0.2261437326669693
7020 0.2050895094871521
7030 0.1672277450561523
7040 0.1636953949928284
7050 0.1834708005189896
7060 0.200001448392868
7070 0.2072139084339142
7080 0.209828719496727
7090 0.2057507038116455
7100 0.2047975063323975
7110 0.2078731209039688
7120 0.1800998151302338
7130 0.1782384514808655
7140 0.09633636474609375
7150 0.153597891330719
7160 0.1439622938632965
7170 0.1732203215360641
7180 0.1405126750469208
7190 0.0253802202641964
7200 0.1110613942146301
7210 0.1122196391224861
7220 0.1107260286808014
7230 0.07846518605947495
7240 0.09217281639575958
7250 0.1074634343385696
7260 0.1293113231658936
7270 0.158339187502861
7280 0.1836449056863785
7290 0.1786146312952042
7300 0.1607392430305481
7310 0.1659082472324371
7320 0.1731991022825241
7330 0.1720783114433289
7340 0.1733624935150146
7350 0.1773710250854492
7360 0.1856715977191925
7370 0.1774753630161285
7380 0.1917556077241898
7390 0.1845743805170059
7400 0.1779474765062332
7410 0.1817782670259476
7420 0.1827076077461243
7430 0.1879424750804901
7440 0.1968550235033035
7450 0.2006994634866714
7460 0.2001290321350098
7470 0.1886258125305176
7480 0.1864576488733292
7490 0.1880754977464676
7500 0.2098304480314255
7510 0.1959300637245178
7520 0.195464089512825
7530 0.2119579762220383
7540 0.2200835645198822
7550 0.2191800773143768
7560 0.1705901473760605
7570 0.1595234870910645
7580 0.1451163589954376
7590 0.04068802297115326
7600 0.07047345489263535
7610 0.181715339422226
7620 0.1291781812906265
7630 0.1449356228113174
7640 0.1042953580617905
7650 0.1710880398750305
7660 0.1692064255475998
7670 0.1662532240152359
7680 0.1662025302648544
7690 0.1702539771795273
7700 0.1896497905254364
7710 0.1832800507545471
7720 0.1785281151533127
7730 0.1794237345457077
7740 0.177286833524704
7750 0.1896096765995026
7760 0.1945033669471741
7770 0.1916763037443161
7780 0.1892974078655243
7790 0.1856313198804855
7800 0.1907362043857574
7810 0.2321049571037292
7820 0.2288797199726105
7830 0.2313407510519028
7840 0.2395195662975311
7850 0.2247902601957321
7860 0.1912053823471069
7870 0.1838302910327911
7880 0.21676304936409
7890 0.2396497577428818
7900 0.231974869966507
7910 0.194688618183136
7920 0.1700807064771652
7930 0.1679229587316513
7940 0.1543960273265839
7950 0.1611537635326385
7960 0.1526120901107788
7970 0.1717642545700073
7980 0.1034323126077652
7990 0.0357871800661087
8000 0.0567886009812355
8010 0.09143305569887161
8020 0.1090231761336327
8030 0.1171000748872757
8040 0.09411031007766724
8050 0.08931102603673935
8060 0.08631651848554611
8070 0.1249775663018227
8080 0.1552052646875381
8090 0.1396815180778503
8100 0.145296722650528
8110 0.169634610414505
8120 0.1985539197921753
8130 0.1583548486232758
8140 0.1632889360189438
8150 0.1682436317205429
8160 0.1619887501001358
8180 0.1803969889879227
8190 0.1567925214767456
8200 0.1526386886835098
8210 0.1789890080690384
8220 0.171554371714592
8230 0.1929585784673691
8240 0.2114332467317581
8250 0.2016051709651947
8260 0.1676851212978363
8270 0.1701093018054962
8280 0.1931552141904831
8290 0.1773633658885956
8300 0.1854393482208252
8310 0.1992089450359344
8320 0.1720993369817734
8330 0.155389592051506
8340 0.205411359667778
8350 0.2099701911211014
8360 0.1741303652524948
8370 0.1231597512960434
8380 0.1876577585935593
8390 0.07846563309431076
8400 0.1203606128692627
