"Time Step" "point-tau_vm-d"
22610 40.67802429199219
22620 33.76898574829102
22630 11.8871898651123
22640 18.22688293457031
22650 20.39513397216797
22660 16.21495056152344
22670 20.81808090209961
22680 24.53743743896484
22690 20.99369621276855
22700 13.39423370361328
22710 10.98002433776855
22720 12.46246147155762
22730 10.52383041381836
22740 15.67360687255859
22750 24.02334213256836
22760 21.01873016357422
22770 16.02684020996094
22780 16.74086380004883
22790 19.63535690307617
22800 13.5093879699707
22810 14.26747512817383
22820 9.236027717590332
22830 7.616054534912109
22840 8.847835540771484
22850 12.94951629638672
22860 10.54743099212646
22870 21.92819976806641
22880 16.17489242553711
22890 17.45335960388184
22900 12.92917442321777
22910 12.88948822021484
22920 11.80367565155029
22930 12.38395977020264
22940 11.91703796386719
22950 15.31296348571777
22960 12.63616943359375
22970 19.02739334106445
22980 20.11444473266602
22990 25.0443229675293
23000 23.19074821472168
23010 21.29161262512207
23020 20.33744049072266
23030 32.21466827392578
23040 27.49303245544434
23050 15.21068954467773
23060 19.2397575378418
23070 26.21744918823242
23080 16.70025253295898
23090 19.29974746704102
23100 15.75831413269043
23110 14.05132007598877
23120 27.85226440429688
23130 31.94606018066406
23140 27.80335998535156
23150 13.22553443908691
23160 18.58798980712891
23170 16.1148567199707
23180 7.861617088317871
23190 11.50524711608887
23200 9.650192260742188
23210 9.488690376281738
23220 18.30289840698242
23230 14.68436050415039
23240 20.08467483520508
23250 19.24722671508789
23260 14.8260612487793
23270 18.69255828857422
23280 17.69628524780273
23290 14.82401943206787
23300 30.2233772277832
23310 15.1239652633667
23320 11.67265319824219
23330 20.30640411376953
23340 16.02434158325195
23350 13.7426872253418
23360 15.26371192932129
23370 21.03241729736328
23380 10.2212438583374
23390 14.12353610992432
23400 24.20697975158691
23410 26.73680877685547
23420 18.84132766723633
23430 28.59366607666016
23440 32.13561248779297
23450 22.4226188659668
23460 18.21026229858398
23470 35.74021911621094
23480 29.00316429138184
23490 15.09317588806152
23500 17.44195938110352
23510 16.66600799560547
23520 17.0097599029541
23530 22.80470275878906
23540 15.19073104858398
23550 10.67745113372803
23560 13.51708793640137
23570 13.93288707733154
23580 16.03248977661133
23590 17.70788383483887
23600 13.48830604553223
23610 15.2152271270752
23620 18.94254112243652
23630 16.82151031494141
23640 11.70052623748779
23650 22.08904457092285
23660 13.16498374938965
23670 10.13293647766113
23680 3.632006168365479
23690 5.792045593261719
23700 8.690250396728516
23710 15.75777339935303
23720 14.66739177703857
23730 26.93130493164062
23740 31.58303451538086
23750 33.70480346679688
23760 22.24636840820312
23770 20.15977096557617
23780 32.09850692749023
23790 21.18663787841797
23800 20.94437789916992
23810 22.46772193908691
23820 34.02034759521484
23830 14.03596782684326
23840 9.482832908630371
23850 8.649688720703125
23860 15.48106002807617
23870 14.88016891479492
23880 16.60490608215332
23890 6.303448677062988
23900 14.10529708862305
23910 8.35099983215332
23920 23.17087173461914
23930 22.27624130249023
23940 16.84564781188965
23950 20.70415878295898
23960 22.94672012329102
23970 22.69581031799316
23980 13.89029502868652
23990 24.48182678222656
24000 20.67367935180664
15010 24.568115234375
15020 12.75395202636719
15030 14.39551067352295
15040 19.05911254882812
15050 14.69130706787109
15060 23.6446590423584
15070 31.97555541992188
15080 23.89841842651367
15090 18.32686233520508
15100 21.72805023193359
15110 9.972149848937988
15120 16.46112251281738
15130 10.87588691711426
15140 20.64058303833008
15150 20.54971885681152
15160 31.58934211730957
15170 14.03816604614258
15180 13.57525062561035
15190 16.09670257568359
15200 13.73649597167969
15210 13.37899971008301
15220 9.59861946105957
15230 11.7916374206543
15240 15.16825675964355
15250 13.97579002380371
15260 9.824613571166992
15270 10.95043754577637
15280 8.073197364807129
15290 11.40329456329346
15300 10.52397346496582
15310 11.87808609008789
15320 12.10031795501709
15330 11.83666610717773
15340 8.751277923583984
15350 6.369207859039307
15360 6.678559303283691
15370 13.02863502502441
15380 25.60871887207031
15390 24.1832447052002
15400 17.70827102661133
15410 19.06634521484375
15420 17.19851112365723
15430 16.40180587768555
15440 8.866345405578613
15450 15.62435913085938
15460 17.92258834838867
15470 15.7667064666748
15480 20.54866027832031
15490 13.8520336151123
15500 11.29607963562012
15510 11.64771938323975
15520 16.78552055358887
15530 13.71672344207764
15540 15.54098129272461
15550 20.84273338317871
15560 17.7702579498291
15570 13.41988563537598
15580 12.55000114440918
15590 19.30934906005859
15600 20.2658576965332
15610 18.45907020568848
15620 11.80993843078613
15630 9.968942642211914
15640 15.82088470458984
15650 11.63167572021484
15660 20.24199104309082
15670 16.50923919677734
15680 11.3806848526001
15690 8.900247573852539
15700 9.123621940612793
15710 10.0288143157959
15720 9.702023506164551
15730 14.69808292388916
15740 16.23262023925781
15750 15.18502998352051
15760 13.76089096069336
15770 19.20833969116211
15780 25.90365600585938
15790 23.20278167724609
15800 22.8360595703125
15810 28.46835517883301
15820 21.40602684020996
15830 16.58110427856445
15840 27.71296310424805
15850 18.14304733276367
15860 21.77923393249512
15870 19.27017593383789
15880 10.43624687194824
15890 8.521265029907227
15900 18.83249855041504
15910 10.53109931945801
15920 16.84428215026855
15930 18.5704288482666
15940 17.35049247741699
15950 24.33683776855469
15960 13.60769462585449
15970 25.48900032043457
15980 17.92714500427246
15990 8.651981353759766
16000 6.845688819885254
16010 18.81943511962891
16020 19.3561954498291
16030 33.16063690185547
16040 25.00437164306641
16050 24.55360794067383
16060 9.006582260131836
16070 11.12894725799561
16080 11.34517478942871
16090 8.362296104431152
16100 9.569677352905273
16110 14.52316093444824
16120 16.96465301513672
16130 17.15531921386719
16140 26.4781379699707
16150 11.79018402099609
16160 29.38827705383301
16170 15.47058868408203
16180 22.72771453857422
16190 22.70504951477051
16200 14.69807624816895
16210 16.36533355712891
16220 15.23395538330078
16230 13.13699626922607
16240 10.40653705596924
16250 13.15678787231445
16260 19.36586380004883
16270 22.69673538208008
16280 11.24126052856445
16290 5.606967926025391
16300 14.57433032989502
16310 11.71702671051025
16320 14.62113380432129
16330 5.382664680480957
16340 12.91723251342773
16350 8.424188613891602
16360 11.46789360046387
16370 10.25064373016357
16380 13.01825141906738
16390 9.452375411987305
16400 13.01703071594238
16410 17.37051010131836
16420 19.15789413452148
16430 13.01817893981934
16440 14.94364166259766
16450 16.99235534667969
16460 12.65847778320312
16470 11.84265327453613
16480 10.44338607788086
16490 12.44887161254883
16500 12.07536315917969
16510 22.93407440185547
16520 37.07215881347656
16530 38.16679763793945
16540 27.21778106689453
16550 13.4609203338623
16560 24.75479698181152
16570 22.82582092285156
16580 36.41695404052734
16590 24.54302597045898
16600 26.76319885253906
16610 22.65139198303223
16620 27.71257209777832
16630 21.2247428894043
16640 27.47691535949707
16650 17.19907188415527
16660 11.29120445251465
16670 14.84912490844727
16680 40.50577545166016
16690 19.5103874206543
16700 26.25787925720215
16710 25.15242767333984
16720 13.96425533294678
16730 9.250003814697266
16740 13.57450485229492
16750 6.840452671051025
16760 17.22760391235352
16770 16.1322135925293
16780 12.5347728729248
16790 11.61136436462402
16800 6.996453762054443
16810 20.55496597290039
16820 16.93930816650391
16830 19.98069381713867
16840 20.2107048034668
16850 14.34033966064453
16860 12.83070945739746
16870 24.61676788330078
16880 22.97591972351074
16890 20.57720947265625
16900 14.80712699890137
16910 10.12201690673828
16920 15.05045986175537
16930 18.74300765991211
16940 14.5047664642334
16950 14.4965934753418
16960 12.88397216796875
16970 20.29212951660156
16980 17.26243591308594
16990 12.40148544311523
17000 13.61733055114746
17010 15.876784324646
17020 25.81098556518555
17030 10.23460578918457
17040 14.84035015106201
17050 11.79694366455078
17060 19.31271171569824
17070 24.50927925109863
17080 22.63237380981445
17090 26.25273895263672
17100 21.90384864807129
17110 14.24741458892822
17120 17.31995964050293
17130 34.30060577392578
17140 32.44599914550781
17150 36.28289794921875
17160 18.92239761352539
17170 16.5373420715332
17180 11.59244346618652
17190 10.3439302444458
17200 16.05658149719238
17210 22.59114646911621
17220 20.51363754272461
17230 19.53697204589844
17240 17.42620658874512
17250 16.4670524597168
17260 24.04036331176758
17270 14.8884162902832
17280 10.12247848510742
17290 7.789954662322998
17300 8.392877578735352
17310 11.88156509399414
17320 10.95615386962891
17330 13.19699573516846
17340 16.02830505371094
17350 21.20851135253906
17360 32.07906341552734
17370 40.78601837158203
17380 28.12963485717773
17390 24.53835296630859
17400 20.02342987060547
17410 13.20956993103027
17420 15.79491424560547
17430 31.04270362854004
17440 21.30365562438965
17450 24.78664398193359
17460 19.43635940551758
17470 12.70179748535156
17480 10.47552108764648
17490 23.266845703125
17500 14.03553199768066
17510 21.824462890625
17520 19.9188060760498
17530 28.37798690795898
17540 27.2353401184082
17550 20.02180480957031
17560 26.29026794433594
17570 13.30231094360352
17580 21.4453067779541
17590 14.53057670593262
17600 13.77591705322266
17610 11.60864448547363
17620 16.06499099731445
17630 14.49450492858887
17640 6.562996864318848
17650 13.68529796600342
17660 9.958187103271484
17670 16.20271682739258
17680 22.39393997192383
17690 16.05112075805664
17700 7.787130355834961
17710 10.17150497436523
17720 16.27421760559082
17730 24.29118728637695
17740 14.73424053192139
17750 16.46112823486328
17760 29.49428939819336
17770 31.83222579956055
17780 27.59814262390137
17790 13.79159545898438
17800 14.10004234313965
17810 27.91681861877441
17820 30.25396156311035
17830 9.840497016906738
17840 22.19257926940918
17850 25.16371536254883
17860 22.2731876373291
17870 18.15208625793457
17880 14.8892126083374
17890 18.0014820098877
17900 14.25531387329102
17910 24.34733200073242
17920 29.54480743408203
17930 25.65438461303711
17940 18.90505218505859
17950 16.00414848327637
17960 20.05036926269531
17970 19.54240417480469
17980 12.8195972442627
17990 15.89520454406738
18000 18.3394947052002
18010 23.88795852661133
18020 20.02154731750488
18030 11.26294136047363
18040 12.11524105072021
18050 19.21649169921875
18060 18.01272010803223
18070 12.22175979614258
18080 20.36234283447266
18090 16.93753814697266
18100 16.00939559936523
18110 14.84963226318359
18120 16.93634796142578
18130 11.60046577453613
18140 36.23699188232422
18150 34.84719085693359
18160 34.46450805664062
18170 20.55735778808594
18180 18.77210235595703
18190 8.211667060852051
18200 10.10713005065918
18210 22.90506553649902
18220 17.42869758605957
18230 19.58024215698242
18240 21.62186241149902
18250 9.857397079467773
18260 14.19866943359375
18270 24.77391052246094
18280 19.76171493530273
18290 32.37068557739258
18300 27.82441711425781
18310 16.24729537963867
18320 17.76411819458008
18330 15.21030235290527
18340 21.59033584594727
18350 19.83473205566406
18360 15.00909996032715
18370 11.97942066192627
18380 9.694358825683594
18390 8.531583786010742
18400 7.905646324157715
18410 15.86546802520752
18420 19.52394676208496
18430 16.07182121276855
18440 8.547084808349609
18450 9.429935455322266
18460 11.67965030670166
18470 13.94380474090576
18480 11.6563777923584
18490 9.576011657714844
18500 10.40740013122559
18510 8.848728179931641
18520 10.59369850158691
18530 14.79264068603516
18540 29.67344856262207
18550 29.60456085205078
18560 37.72650146484375
18570 18.81228446960449
18580 21.22335243225098
18590 19.71889305114746
18600 19.98223114013672
18610 20.86117553710938
18620 17.04251861572266
18630 8.757692337036133
18640 12.46889686584473
18650 15.92812442779541
18660 25.37147903442383
18670 22.64736366271973
18680 29.15974426269531
18690 19.36699676513672
18700 25.41258239746094
18710 23.98710632324219
18720 19.72277069091797
18730 15.29903221130371
18740 14.49553680419922
18750 13.52013969421387
18760 13.83487319946289
18770 12.4106616973877
18780 19.01248550415039
18790 21.73555183410645
18800 21.37007904052734
18810 18.45247268676758
18820 14.21848964691162
18830 13.02506637573242
18840 10.08532810211182
18850 14.0512113571167
18860 8.573295593261719
18870 11.07274436950684
18880 7.30662202835083
18890 11.09802627563477
18900 10.47072219848633
18910 20.53682136535645
18920 25.08650779724121
18930 24.09416961669922
18940 12.94804668426514
18950 10.9246940612793
18960 11.15156364440918
18970 14.705979347229
18980 11.78949737548828
18990 10.51605987548828
19000 18.45708847045898
19010 24.20863723754883
19020 25.0380744934082
19030 16.72077751159668
19040 21.71786308288574
19050 22.63180541992188
19060 14.88210105895996
19070 20.58951568603516
19080 29.60822486877441
19090 24.3804817199707
19100 15.99913883209229
19110 14.62929439544678
19120 15.39412117004395
19130 23.09108352661133
19140 15.15044593811035
19150 16.18367576599121
19160 18.49010848999023
19170 17.3321418762207
19180 9.955802917480469
19190 12.99872493743896
19200 13.35476112365723
19210 12.58657741546631
19220 8.600915908813477
19230 12.01467037200928
19240 17.17268371582031
19250 19.62496185302734
19260 14.31900787353516
19270 24.87675476074219
19280 15.58515930175781
19290 12.08766174316406
19300 17.7272777557373
19310 31.19191360473633
19320 25.89203643798828
19330 26.72379302978516
19340 24.64540672302246
19350 24.20468139648438
19360 13.66255187988281
19370 25.68918228149414
19380 29.61217880249023
19390 26.63664245605469
19400 22.99421119689941
19410 37.12466430664062
19420 24.41564178466797
19430 27.15754318237305
19440 16.70961380004883
19450 16.44983673095703
19460 8.876791954040527
19470 12.12013721466064
19480 24.68661499023438
19490 15.94637775421143
19500 16.65879249572754
19510 12.4039249420166
19520 13.71162223815918
19530 20.31303787231445
19540 18.77138519287109
19550 20.85305404663086
19560 22.43793296813965
19570 19.72900390625
19580 22.46742248535156
19590 16.67436790466309
19600 16.9879207611084
19610 24.09952163696289
19620 16.63095092773438
19630 16.82059097290039
19640 16.69692993164062
19650 13.2100772857666
19660 20.54982757568359
19670 11.17594909667969
19680 10.01616477966309
19690 12.08064460754395
19700 13.20585632324219
19710 8.036271095275879
19720 10.75982284545898
19730 19.40991020202637
19740 26.49001312255859
19750 21.45222091674805
19760 23.39203071594238
19770 24.44494247436523
19780 14.13540935516357
19790 18.98087692260742
19800 34.12207794189453
19810 18.95420837402344
19820 15.8841028213501
19830 16.95922660827637
19840 19.75334739685059
19850 11.102294921875
19860 17.53066253662109
19870 11.5061616897583
19880 14.94014167785645
19890 16.39562034606934
19900 17.80494689941406
19910 17.06625747680664
19920 12.84025001525879
19930 22.1392936706543
19940 18.6212043762207
19950 8.665634155273438
19960 14.71786880493164
19970 18.76799201965332
19980 18.75578308105469
19990 19.34324645996094
20000 7.763216972351074
20010 18.86570930480957
20020 19.24989891052246
20030 23.71780014038086
20040 9.467849731445312
20050 12.02991580963135
20060 12.76020622253418
20070 12.5572681427002
20080 15.21955299377441
20090 12.99406433105469
20100 13.38179016113281
20110 16.05139541625977
20120 13.84344100952148
20130 15.68570804595947
20140 13.80899047851562
20150 30.20633888244629
20160 24.57551956176758
20170 28.76066017150879
20180 30.90420913696289
20190 42.26020050048828
20200 26.70049476623535
20210 21.29982757568359
20220 16.30767250061035
20230 17.91202926635742
20240 11.53046417236328
20250 12.98258018493652
20260 19.12339019775391
20270 22.60870933532715
20280 16.15682983398438
20290 19.31155967712402
20300 16.83674812316895
20310 14.98918914794922
20320 14.59663009643555
20330 9.83702278137207
20340 10.46416664123535
20350 11.79472827911377
20360 12.16555500030518
20370 13.77569007873535
20380 23.02044677734375
20390 14.64908218383789
20400 12.76052093505859
20410 8.223915100097656
20420 7.693989276885986
20430 11.26366996765137
20440 8.526278495788574
20450 10.16354179382324
20460 9.462068557739258
20470 6.878201007843018
20480 10.31783103942871
20490 9.483158111572266
20500 12.2944860458374
20510 10.90174961090088
20520 12.56416988372803
20530 12.89571762084961
20540 8.40424919128418
20550 18.40503120422363
20560 13.42574119567871
20570 21.80579376220703
20580 22.03654098510742
20590 33.21535491943359
20600 21.48398590087891
20610 29.06974411010742
20620 25.52231407165527
20630 34.83536529541016
20640 19.6616096496582
20650 23.61501884460449
20660 21.98213005065918
20670 16.8809814453125
20680 9.840582847595215
20690 17.36282920837402
20700 10.6828441619873
20710 29.58095359802246
20720 17.94088745117188
20730 12.96486473083496
20740 21.94906234741211
20750 15.79673194885254
20760 12.88974761962891
20770 15.20775127410889
20780 22.41693878173828
20790 19.08559799194336
20800 19.28239822387695
20810 15.94588851928711
20820 11.21303939819336
20830 17.60680770874023
20840 36.48495101928711
20850 17.23350715637207
20860 14.82326126098633
20870 19.6370964050293
20880 11.3215160369873
20890 12.24199104309082
20900 15.98382186889648
20910 7.050814628601074
20920 11.16116428375244
20930 17.02473831176758
20940 28.98245620727539
20950 28.17011260986328
20960 20.173828125
20970 26.95273399353027
20980 18.72610092163086
20990 17.15145683288574
21000 25.11870956420898
21010 11.38588714599609
21020 19.23235321044922
21030 20.3588809967041
21040 23.94960021972656
21050 8.295001983642578
21060 12.02297019958496
21070 21.25128936767578
21080 27.72634506225586
21090 32.89152526855469
21100 35.92691040039062
21110 30.30233383178711
21120 16.98186874389648
21130 16.5430908203125
21140 20.03063201904297
21150 23.76987075805664
21160 23.1036262512207
21170 16.49887847900391
21180 16.23030090332031
21190 13.6083869934082
21200 11.57918262481689
21210 12.28096103668213
21220 17.62841796875
21230 14.35942363739014
21240 26.42319869995117
21250 21.85482406616211
21260 20.10964584350586
21270 16.2058219909668
21280 14.69152927398682
21290 8.223234176635742
21300 14.01724910736084
21310 15.91274833679199
21320 19.6641845703125
21330 17.75006866455078
21340 9.313211441040039
21350 6.539584636688232
21360 13.05756378173828
21370 9.169381141662598
21380 7.377480983734131
21390 11.18395614624023
21400 16.36635398864746
21410 19.09502029418945
21420 18.44401741027832
21430 26.96601867675781
21440 18.05270767211914
21450 19.32038116455078
21460 11.02517318725586
21470 25.92344665527344
21480 10.42231559753418
21490 11.87936592102051
21500 10.24188995361328
21510 8.382131576538086
21520 8.265623092651367
21530 7.565574645996094
21540 7.874190330505371
21550 13.32640647888184
21560 17.21043395996094
21570 16.26710510253906
21580 8.346994400024414
21590 15.55076789855957
21600 19.12188529968262
21610 13.72287178039551
21620 14.4557466506958
21630 22.10409736633301
21640 19.25894546508789
21650 19.57081604003906
21660 5.497249603271484
21670 11.22568893432617
21680 13.76504707336426
21690 12.71618270874023
21700 20.39860725402832
21710 18.19026756286621
21720 8.063401222229004
21730 13.91729927062988
21740 15.08792304992676
21750 10.09999465942383
21760 10.41133403778076
21770 33.50142669677734
21780 26.1837272644043
21790 24.05435943603516
21800 23.68332862854004
21810 15.6070442199707
21820 27.89478302001953
21830 35.95571899414062
21840 32.3897705078125
21850 15.49832248687744
21860 12.4268913269043
21870 13.30366325378418
21880 11.85980606079102
21890 14.52637481689453
21900 11.86052799224854
21910 15.52293682098389
21920 14.6742115020752
21930 17.65370178222656
21940 14.15102767944336
21950 13.23140335083008
21960 17.50060272216797
21970 13.1232852935791
21980 8.891304969787598
21990 18.0933723449707
22000 20.20674896240234
22010 12.27814292907715
22020 18.05547332763672
22030 16.1261100769043
22040 29.36160659790039
22050 20.48516845703125
22060 17.43226623535156
22070 11.96606063842773
22080 8.662944793701172
22090 10.96430587768555
22100 23.16805648803711
22110 13.7967529296875
22120 5.93978214263916
22130 7.916135787963867
22140 12.55508804321289
22150 9.617010116577148
22160 17.19894027709961
22170 22.51756286621094
22180 25.60930252075195
22190 29.32984161376953
22200 20.84267425537109
22210 14.32054138183594
22220 17.12311172485352
22230 17.51347732543945
22240 12.38676071166992
22250 15.84950828552246
22260 18.0234375
22270 10.10018444061279
22280 6.97376537322998
22290 11.75646209716797
22300 11.68823528289795
22310 13.55229759216309
22320 12.4956226348877
22330 12.25996589660645
22340 10.52699184417725
22350 23.15366554260254
22360 14.00448799133301
22370 13.43352603912354
22380 13.06340599060059
22390 13.60312843322754
22400 17.60284423828125
22410 9.467046737670898
22420 18.25178527832031
22430 13.79796600341797
22440 22.50249099731445
22450 23.44099044799805
22460 21.46809959411621
22470 29.8625545501709
22480 22.42861938476562
22490 12.3580322265625
22500 8.449125289916992
22510 5.444416522979736
22520 12.24961853027344
22530 12.43615913391113
22540 25.3820629119873
22550 21.7329216003418
22560 17.15355491638184
22570 13.18178749084473
22580 20.4909496307373
22590 22.68817710876465
22600 37.72840118408203
14810 16.73545455932617
14820 12.94692325592041
14830 24.50571441650391
14840 17.30378723144531
14850 17.96234893798828
14860 24.81161880493164
14870 18.22923278808594
14880 11.61990165710449
14890 8.841754913330078
14900 7.150694847106934
14910 7.929558753967285
14920 11.1384105682373
14930 9.558945655822754
14940 16.9821891784668
14950 45.23024749755859
14960 23.04620742797852
14970 15.44869041442871
14980 12.83374977111816
14990 21.33327674865723
15000 15.94943523406982
8010 12.50309371948242
8020 13.17470836639404
8030 14.4384822845459
8040 10.0002498626709
8050 10.73435974121094
8060 12.36862659454346
8070 26.76703262329102
8080 16.79645156860352
8090 11.72055053710938
8100 10.91118717193604
8110 15.46804237365723
8120 21.81007766723633
8130 19.37924957275391
8140 19.8840389251709
8150 29.45315361022949
8160 31.8052864074707
8170 20.10900497436523
8180 41.35222625732422
8190 18.31938362121582
8200 31.79204559326172
8210 26.27303314208984
8220 29.02786636352539
8230 32.08127212524414
8240 47.05982208251953
8250 23.79886817932129
8260 7.361899852752686
8270 21.57829284667969
8280 25.32351303100586
8290 16.16697692871094
8300 13.6093864440918
8310 17.35251808166504
8320 29.04867553710938
8330 16.48219108581543
8340 19.72694396972656
8350 30.8169002532959
8360 26.21827507019043
8370 20.83996391296387
8380 18.58518218994141
8390 27.36825370788574
8400 10.81184577941895
8410 13.64376258850098
8420 13.71415519714355
8430 14.5046443939209
8440 21.33164596557617
8450 15.45861434936523
8460 9.29472541809082
8470 11.94889068603516
8480 12.528977394104
8490 15.21563720703125
8500 20.32727813720703
8510 16.72074508666992
8520 9.957394599914551
8530 9.617856979370117
8540 15.20473861694336
8550 9.110462188720703
8560 12.73744487762451
8570 12.77255249023438
8580 21.83243179321289
8590 23.98283004760742
8600 19.32186698913574
8610 13.00937271118164
8620 16.8603401184082
8630 17.69977951049805
8640 10.61969757080078
8650 28.46449851989746
8660 34.01699066162109
8670 19.78451538085938
8680 10.54533863067627
8690 8.264240264892578
8700 6.970180511474609
8710 15.17233276367188
8720 25.39049530029297
8730 31.44857025146484
8740 35.03207015991211
8750 27.26731872558594
8760 25.84362602233887
8770 15.74176406860352
8780 17.96925735473633
8790 10.26338958740234
8800 6.444180488586426
8810 13.78007030487061
8820 9.284843444824219
8830 14.51256561279297
8840 17.2943172454834
8850 18.19430541992188
8860 28.99950790405273
8870 18.25679397583008
8880 13.84018611907959
8890 15.11630439758301
8900 15.1740550994873
8910 17.65971755981445
8920 44.78237915039062
8930 29.1019115447998
8940 15.99369430541992
8950 16.68314170837402
8960 38.38071441650391
8970 14.94818878173828
8980 22.29511642456055
8990 20.5384635925293
9000 23.66297149658203
9010 42.20338439941406
9020 23.83134460449219
9030 21.95413970947266
9040 11.10949325561523
9050 17.71462249755859
9060 15.35495185852051
9070 27.16679382324219
9080 24.41179656982422
9090 15.33539390563965
9100 23.94585037231445
9110 23.13749313354492
9120 27.1683464050293
9130 27.9520320892334
9140 23.72171020507812
9150 14.58351612091064
9160 13.47036743164062
9170 20.03094482421875
9180 9.712482452392578
9190 11.59997081756592
9200 10.82833480834961
9210 12.34924983978271
9220 9.807950973510742
9230 8.407493591308594
9240 12.91689014434814
9250 11.9157657623291
9260 15.19500160217285
9270 28.74772262573242
9280 31.58324432373047
9290 13.92882442474365
9300 12.4091739654541
9310 15.38711166381836
9320 12.36708068847656
9330 13.78602981567383
9340 27.88189315795898
9350 26.20291709899902
9360 30.96085548400879
9370 13.62765693664551
9380 26.98263740539551
9390 30.29435729980469
9400 16.81600952148438
9410 26.96037673950195
9420 28.25331115722656
9430 26.17211151123047
9440 25.29562568664551
9450 37.11453628540039
9460 38.79005813598633
9470 20.89758682250977
9480 17.72311019897461
9490 31.0081672668457
9500 19.56293869018555
9510 13.52343940734863
9520 15.27029609680176
9530 21.81868171691895
9540 15.08345985412598
9550 15.26938438415527
9560 14.51844787597656
9570 22.57152938842773
9580 17.95208740234375
9590 9.18553352355957
9600 24.76540756225586
9610 19.20197677612305
9620 19.63165664672852
9630 13.86697196960449
9640 21.19051742553711
9650 15.20870971679688
9660 15.5936222076416
9670 14.33644866943359
9680 7.844377040863037
9690 20.45964431762695
9700 26.681640625
9710 23.91423416137695
9720 19.17388725280762
9730 20.80160140991211
9740 46.7767333984375
9750 17.10056686401367
9760 22.98526763916016
9770 17.72932243347168
9780 23.50133895874023
9790 23.86063385009766
9800 30.24448013305664
9810 38.10857772827148
9820 19.10684204101562
9830 21.48109817504883
9840 27.70234107971191
9850 16.69898986816406
9860 23.34683227539062
9870 17.25432968139648
9880 19.02541351318359
9890 26.80270767211914
9900 16.35053443908691
9910 13.6541633605957
9920 22.80388641357422
9930 9.922967910766602
9940 7.253489017486572
9950 14.17926979064941
9960 10.39426231384277
9970 13.06736183166504
9980 19.70511627197266
9990 10.31440734863281
10000 10.62903022766113
10010 11.97079849243164
10020 20.8535270690918
10030 17.10142135620117
10040 16.57887649536133
10050 7.40332555770874
10060 14.33884048461914
10070 14.07399940490723
10080 10.06415176391602
10090 12.61696243286133
10100 12.85154914855957
10110 18.68375015258789
10120 30.24826812744141
10130 18.11110305786133
10140 13.05328178405762
10150 20.63995170593262
10160 24.36943817138672
10170 28.6931324005127
10180 19.79267501831055
10190 17.24878883361816
10200 21.69792175292969
10210 39.30144500732422
10220 40.51392364501953
10230 16.40038299560547
10240 28.06156730651855
10250 16.16341590881348
10260 20.24626159667969
10270 14.92190170288086
10280 17.91915893554688
10290 16.69865417480469
10300 13.43035221099854
10310 16.690185546875
10320 15.08363723754883
10330 24.00497055053711
10340 20.3814582824707
10350 18.46959686279297
10360 9.414583206176758
10370 9.388156890869141
10380 15.48978328704834
10390 11.43279647827148
10400 8.395171165466309
10410 5.758430480957031
10420 8.589517593383789
10430 17.50772857666016
10440 12.35640144348145
10450 8.753998756408691
10460 13.04885864257812
10470 11.96613121032715
10480 16.79060363769531
10490 10.71130561828613
10500 9.680339813232422
10510 13.50759601593018
10520 10.49468421936035
10530 19.35044479370117
10540 22.22154235839844
10550 36.82465362548828
10560 19.59305763244629
10570 16.66159820556641
10580 17.56295776367188
10590 13.81210613250732
10600 10.84455871582031
10610 12.99091529846191
10620 20.86301422119141
10630 16.60167503356934
10640 26.71677398681641
10650 26.60916519165039
10660 13.85119915008545
10670 14.61801815032959
10680 22.90510559082031
10690 16.14207077026367
10700 10.83494663238525
10710 11.43731307983398
10720 22.71830749511719
10730 16.80718040466309
10740 15.12891578674316
10750 7.767703056335449
10760 22.50033569335938
10770 13.51252269744873
10780 10.26332378387451
10790 17.43115043640137
10800 21.59611129760742
10810 15.09571266174316
10820 13.26854801177979
10830 13.45721817016602
10840 7.468505859375
10850 10.00091457366943
10860 9.722515106201172
10870 7.181506156921387
10880 9.72028923034668
10890 12.52556800842285
10900 9.138755798339844
10910 8.648032188415527
10920 18.05915260314941
10930 17.49035453796387
10940 16.67764091491699
10950 19.29068183898926
10960 26.26317977905273
10970 18.16751480102539
10980 25.62179374694824
10990 9.594805717468262
11000 8.310966491699219
11010 11.72300338745117
11020 18.17972946166992
11030 35.66394805908203
11040 30.76362228393555
11050 18.39546585083008
11060 14.55303955078125
11070 18.60623550415039
11080 16.70685768127441
11090 13.20493602752686
11100 20.41648101806641
11110 19.7685546875
11120 10.84047698974609
11130 17.29849433898926
11140 17.15371322631836
11150 22.39802169799805
11160 18.53947830200195
11170 12.19240570068359
11180 9.487080574035645
11190 11.03268718719482
11200 5.951611042022705
11210 10.56592750549316
11220 15.44240570068359
11230 9.477598190307617
11240 7.509886741638184
11250 9.6094970703125
11260 9.355434417724609
11270 21.17879486083984
11280 16.28573799133301
11290 13.85718727111816
11300 16.21231651306152
11310 16.51234817504883
11320 11.28831672668457
11330 6.987411499023438
11340 16.78713989257812
11350 24.50136184692383
11360 17.9588737487793
11370 10.61059856414795
11380 11.34841728210449
11390 24.90312767028809
11400 27.14042663574219
11410 17.41596603393555
11420 28.44003105163574
11430 24.32399749755859
11440 17.30228042602539
11450 11.86466026306152
11460 15.77327919006348
11470 12.2476749420166
11480 17.51968765258789
11490 16.25760841369629
11500 25.74902725219727
11510 26.68369674682617
11520 19.48259735107422
11530 22.36269378662109
11540 12.74480628967285
11550 12.39363670349121
11560 9.376338958740234
11570 8.924911499023438
11580 11.24780082702637
11590 18.94778251647949
11600 20.4583854675293
11610 15.2058277130127
11620 17.22319984436035
11630 11.9238395690918
11640 9.942562103271484
11650 11.0421314239502
11660 5.811207294464111
11670 13.4218692779541
11680 18.26419830322266
11690 10.18660163879395
11700 14.65395927429199
11710 13.54161262512207
11720 13.44562149047852
11730 21.98260498046875
11740 37.52529144287109
11750 22.43488311767578
11760 40.80358123779297
11770 16.88774108886719
11780 31.59482383728027
11790 28.49484443664551
11800 11.36972236633301
11810 22.1790771484375
11820 22.48787307739258
11830 22.41081619262695
11840 14.11312103271484
11850 9.174074172973633
11860 14.45094108581543
11870 23.74389839172363
11880 14.79837036132812
11890 12.27739524841309
11900 21.09513092041016
11910 12.71646595001221
11920 16.16823959350586
11930 12.8494873046875
11940 21.70352554321289
11950 16.22206497192383
11960 17.53507423400879
11970 16.65886688232422
11980 13.2220287322998
11990 21.60080528259277
12000 26.29899215698242
12010 18.91573715209961
12020 25.8588981628418
12030 22.40173721313477
12040 13.7981481552124
12050 16.68280029296875
12060 18.39336013793945
12070 20.73002243041992
12080 25.32612419128418
12090 20.61529541015625
12100 11.12027263641357
12110 7.8197021484375
12120 8.271646499633789
12130 10.8127269744873
12140 23.12368011474609
12150 21.20729446411133
12160 26.92610931396484
12170 14.15081310272217
12180 15.25784587860107
12190 24.45440292358398
12200 22.43397521972656
12210 24.23920059204102
12220 34.62407684326172
12230 23.63848114013672
12240 13.0180492401123
12250 13.78900527954102
12260 18.2405891418457
12270 15.80826377868652
12280 16.52227020263672
12290 16.41481399536133
12300 9.4222412109375
12310 16.79550933837891
12320 13.77256774902344
12330 17.25658226013184
12340 11.55663681030273
12350 16.42417526245117
12360 10.9056453704834
12370 15.31051254272461
12380 31.29695510864258
12390 17.01845169067383
12400 23.03253746032715
12410 36.09147644042969
12420 18.78829956054688
12430 24.74291801452637
12440 18.63750457763672
12450 18.33952713012695
12460 15.08888244628906
12470 10.47929763793945
12480 9.983987808227539
12490 16.18563461303711
12500 13.28404426574707
12510 12.02097320556641
12520 13.43944358825684
12530 33.66434860229492
12540 17.94524192810059
12550 39.53134536743164
12560 25.13534164428711
12570 44.60092163085938
12580 28.40497207641602
12590 17.73493766784668
12600 17.39285850524902
12610 20.34337615966797
12620 17.57969665527344
12630 19.34938812255859
12640 24.58176040649414
12650 15.45869064331055
12660 11.94909286499023
12670 29.89937973022461
12680 16.05233192443848
12690 15.32984924316406
12700 25.68246841430664
12710 20.27823638916016
12720 14.56795501708984
12730 14.6065502166748
12740 16.65161895751953
12750 14.87916660308838
12760 19.33409118652344
12770 31.91358184814453
12780 15.45657730102539
12790 14.60974311828613
12800 31.02071762084961
12810 18.93729400634766
12820 10.41857719421387
12830 8.843496322631836
12840 9.385763168334961
12850 10.62698173522949
12860 10.42270469665527
12870 26.4271240234375
12880 15.04751586914062
12890 9.04149055480957
12900 9.086215972900391
12910 5.974283218383789
12920 14.34242820739746
12930 9.401732444763184
12940 12.15701103210449
12950 16.17990112304688
12960 30.37895011901855
12970 29.60216331481934
12980 40.90809631347656
12990 34.24739074707031
13000 30.59098625183105
13010 22.9837589263916
13020 20.20230102539062
13030 25.49832916259766
13040 20.26544380187988
13050 19.26814270019531
13060 22.02714157104492
13070 20.22992706298828
13080 18.16141319274902
13090 17.12849426269531
13100 16.33147048950195
13110 14.72999668121338
13120 17.42553329467773
13130 21.21097183227539
13140 12.68122577667236
13150 17.31131744384766
13160 31.94061660766602
13170 30.35099411010742
13180 20.69303894042969
13190 25.20802307128906
13200 19.53419876098633
13210 11.99361991882324
13220 14.66373252868652
13230 13.00540256500244
13240 13.73192977905273
13250 9.844413757324219
13260 8.993765830993652
13270 13.75178527832031
13280 16.58956336975098
13290 28.03166961669922
13300 23.45520782470703
13310 22.57885360717773
13320 16.56453704833984
13330 28.49671745300293
13340 73.58373260498047
13350 37.97738647460938
13360 23.78710174560547
13370 20.68061065673828
13380 21.64652442932129
13390 16.2430362701416
13400 21.39284896850586
13410 35.73699951171875
13420 39.1387939453125
13430 22.27500152587891
13440 22.74638748168945
13450 16.17101860046387
13460 14.93977451324463
13470 22.80142211914062
13480 19.69530487060547
13490 21.81503677368164
13500 18.34748458862305
13510 13.10153007507324
13520 17.53713989257812
13530 13.19293785095215
13540 13.04008293151855
13550 17.62195587158203
13560 13.39332580566406
13570 13.45384407043457
13580 25.67919921875
13590 14.65673446655273
13600 10.67183303833008
13610 23.26877021789551
13620 29.88832855224609
13630 26.45403480529785
13640 22.05080413818359
13650 22.11870956420898
13660 21.3530445098877
13670 17.52796363830566
13680 13.56417560577393
13690 17.46978569030762
13700 12.37320327758789
13710 14.65009117126465
13720 20.43167877197266
13730 14.2048454284668
13740 13.6495885848999
13750 13.16549110412598
13760 18.03977203369141
13770 24.78569602966309
13780 19.85611343383789
13790 12.90317535400391
13800 13.73788261413574
13810 21.78516387939453
13820 13.22403335571289
13830 18.81017684936523
13840 31.85225677490234
13850 27.00299453735352
13860 17.08298492431641
13870 15.78438377380371
13880 29.034912109375
13890 17.09806442260742
13900 16.78618621826172
13910 11.94828033447266
13920 12.57645225524902
13930 14.47425651550293
13940 17.43692398071289
13950 19.38429260253906
13960 23.72275352478027
13970 20.8422966003418
13980 12.97109222412109
13990 24.86894607543945
14000 22.13163757324219
14010 16.68997764587402
14020 22.09841156005859
14030 10.89576148986816
14040 8.045536041259766
14050 11.77181053161621
14060 12.58216953277588
14070 17.49106597900391
14080 10.55731010437012
14090 8.339359283447266
14100 6.958918571472168
14110 11.31586837768555
14120 15.80733489990234
14130 38.37402725219727
14140 40.44929504394531
14150 23.53045082092285
14160 19.11893463134766
14170 24.72760581970215
14180 17.69005584716797
14190 30.35430908203125
14200 18.37875556945801
14210 33.25736999511719
14220 13.32092571258545
14230 13.03225421905518
14240 23.84967041015625
14250 15.3958683013916
14260 13.13254737854004
14270 28.0919075012207
14280 28.08461761474609
14290 33.36910247802734
14300 31.41191101074219
14310 32.62456130981445
14320 19.84646987915039
14330 19.4735164642334
14340 12.06258964538574
14350 10.64923477172852
14360 15.90751934051514
14370 15.20300960540771
14380 13.65433502197266
14390 20.75222778320312
14400 20.29450988769531
14410 19.37925338745117
14420 9.53593635559082
14430 32.04416275024414
14440 11.99589443206787
14450 13.36097526550293
14460 8.497531890869141
14470 7.756524562835693
14480 8.615959167480469
14490 6.576788902282715
14500 4.461415767669678
14510 7.657073974609375
14520 13.0354118347168
14530 30.98931121826172
14540 28.3804988861084
14550 13.25552177429199
14560 15.09701919555664
14570 21.18779945373535
14580 17.82544326782227
14590 12.56745719909668
14600 11.2428092956543
14610 20.65916061401367
14620 16.15019226074219
14630 18.35578155517578
14640 22.56054306030273
14650 17.77368927001953
14660 9.300383567810059
14670 17.02266311645508
14680 11.32466793060303
14690 21.65386199951172
14700 12.94877243041992
14710 25.39860153198242
14720 28.25276184082031
14730 23.3560733795166
14740 12.03669738769531
14750 17.47153472900391
14760 6.523752689361572
14770 13.67703247070312
14780 13.61689949035645
14790 9.257262229919434
14800 15.95172691345215
14820 12.94692420959473
14840 17.30378532409668
14850 17.96234703063965
14860 24.81161499023438
14870 18.22927093505859
14880 11.61981010437012
14890 8.842010498046875
14900 7.151132106781006
14910 7.929446220397949
14920 11.1385326385498
14930 9.558770179748535
14940 16.97977638244629
14950 45.22851181030273
14960 23.04788398742676
8410 13.64359474182129
8420 13.71422576904297
8430 14.50544929504395
8440 21.33183860778809
8450 15.45893287658691
8460 9.294116973876953
8470 11.94939613342285
8480 12.52977180480957
8490 15.21504878997803
8500 20.32678604125977
8510 16.71917343139648
8520 9.955656051635742
8530 9.617521286010742
8540 15.20339012145996
8550 9.124102592468262
8560 12.73182106018066
8570 12.76761531829834
8580 21.81949996948242
8590 24.0108470916748
8600 19.30878448486328
0 11.87047958374023
10 11.3339900970459
20 10.79636764526367
30 10.36856555938721
40 10.10117721557617
50 9.663600921630859
60 8.929577827453613
70 8.346390724182129
80 7.528252601623535
90 7.801169395446777
100 10.61458492279053
110 12.86394691467285
120 12.82340049743652
130 13.24837017059326
140 11.9973030090332
150 18.36646270751953
160 21.32899284362793
170 14.71213340759277
180 23.00618362426758
190 23.99906921386719
200 15.53668785095215
210 16.84918785095215
220 5.632763862609863
230 4.520943641662598
240 6.249275207519531
250 9.461491584777832
260 14.83085536956787
270 15.12919425964355
280 12.32569885253906
290 15.29105663299561
300 13.4293270111084
310 15.64189910888672
320 17.41091537475586
330 11.20560836791992
340 12.43136787414551
350 11.84037590026855
360 12.30290985107422
370 9.874963760375977
380 4.34727668762207
390 3.004575252532959
400 4.286847591400146
410 5.326081275939941
420 9.279888153076172
430 12.4523868560791
440 20.46103668212891
450 29.13147926330566
460 17.3920841217041
470 9.747591018676758
480 9.007319450378418
490 7.335155963897705
500 7.583917617797852
510 9.605287551879883
520 6.443326950073242
530 22.42863845825195
540 39.60135269165039
550 36.23714065551758
560 40.94214630126953
570 39.44462203979492
580 27.97700500488281
590 19.25727844238281
600 8.678167343139648
610 17.09905433654785
620 33.44979095458984
630 14.58517837524414
640 29.59921646118164
650 24.77719497680664
660 28.25981140136719
670 42.03154754638672
680 29.84742736816406
690 26.67198944091797
700 17.23617935180664
710 25.4760627746582
720 24.63499069213867
730 14.32412147521973
740 27.31166839599609
750 27.96080017089844
760 27.06652450561523
770 14.48468780517578
780 26.19878387451172
790 21.43956756591797
800 12.49497699737549
810 20.6644287109375
820 14.1335916519165
830 14.67305374145508
840 14.05271244049072
850 11.76740741729736
860 22.4760627746582
870 15.63260936737061
880 25.66255187988281
890 37.53647994995117
900 28.7869987487793
910 14.31637382507324
920 24.16863250732422
930 26.63044166564941
940 15.36205863952637
950 14.21153831481934
960 40.14764404296875
970 25.10944557189941
980 16.20194435119629
990 15.69117546081543
1000 21.06599044799805
1010 21.17317581176758
1020 14.53536605834961
1030 18.70260238647461
1040 29.54904174804688
1050 21.20185470581055
1060 14.01652240753174
1070 9.273420333862305
1080 17.85623359680176
1090 25.03863906860352
1100 26.5981330871582
1110 22.0300350189209
1120 25.30232620239258
1130 18.71587181091309
1140 13.99026012420654
1150 10.69864654541016
1160 10.07480144500732
1170 7.766939640045166
1180 22.80416107177734
1190 16.65719032287598
1200 13.94104766845703
1210 40.70551681518555
1220 23.60430526733398
1230 24.80455780029297
1240 23.87904739379883
1250 20.62201690673828
1260 16.34982109069824
1270 17.97575378417969
1280 21.28061676025391
1290 34.98451995849609
1300 13.71101093292236
1310 18.33528137207031
1320 23.78775024414062
1330 22.3780517578125
1340 29.71747970581055
1350 26.73886299133301
1360 17.83792495727539
1370 12.14719200134277
1380 26.87714385986328
1390 18.77506637573242
1400 28.87018775939941
1410 35.22397232055664
1420 29.87256813049316
1430 21.85615539550781
1440 13.16916370391846
1450 22.10920333862305
1460 31.76982879638672
1470 9.360830307006836
1480 29.60842132568359
1490 16.02241897583008
1500 19.93734359741211
1510 19.16036033630371
1520 21.17597389221191
1530 18.55173301696777
1540 13.90934371948242
1550 16.22708892822266
1560 22.82308197021484
1570 12.10299301147461
1580 22.30827331542969
1590 32.58025741577148
1600 25.9028205871582
1610 20.15548324584961
1620 17.08423614501953
1630 30.81887054443359
1640 20.87505340576172
1650 28.72239303588867
1660 18.52185440063477
1670 11.06075096130371
1680 9.810766220092773
1690 15.69178771972656
1700 22.38228607177734
1710 29.71701431274414
1720 22.08634567260742
1730 15.37746429443359
1740 28.39254951477051
1750 27.62057113647461
1760 30.39116477966309
1770 29.44097137451172
1780 16.31692886352539
1790 28.04639434814453
1800 17.78125190734863
1810 29.35817718505859
1820 17.69852828979492
1830 17.11993598937988
1840 12.68716812133789
1850 20.2981071472168
1860 24.06082153320312
1870 19.17152404785156
1880 16.65487670898438
1890 15.2841157913208
1900 19.92602920532227
1910 13.47671794891357
1920 16.20837593078613
1930 8.295381546020508
1940 15.05377006530762
1950 30.58834838867188
1960 40.69940185546875
1970 13.96659183502197
1980 15.42848587036133
1990 21.85904884338379
2000 23.35237121582031
2010 22.27972793579102
2020 20.72014999389648
2030 17.12785720825195
2040 13.08674144744873
2050 16.16783332824707
2060 14.29216766357422
2070 14.03180885314941
2080 16.98263549804688
2090 33.04559707641602
2100 26.42916870117188
2110 18.80033874511719
2120 22.29010009765625
2130 17.95872116088867
2140 24.33969879150391
2150 35.13037490844727
2160 37.07622909545898
2170 42.27729034423828
2180 24.79943084716797
2190 15.6170597076416
2200 12.48013782501221
2210 13.47018241882324
2220 19.35426330566406
2230 14.08089828491211
2240 15.92415046691895
2250 20.13813400268555
2260 20.96786880493164
2270 33.70038986206055
2280 21.73251724243164
2290 30.44739532470703
2300 22.21985244750977
2310 22.04668807983398
2320 24.49414825439453
2330 18.02359008789062
2340 14.0931224822998
2350 17.67416000366211
2360 11.28302097320557
2370 10.4577169418335
2380 9.318973541259766
2390 11.76693916320801
2400 17.00410079956055
2410 12.04392051696777
2420 12.29229831695557
2430 26.60161972045898
2440 19.81744766235352
2450 11.93090438842773
2460 12.23598480224609
2470 11.83881950378418
2480 12.0479907989502
2490 8.738051414489746
2500 8.814723968505859
2510 13.016676902771
2520 18.99376487731934
2530 17.22005462646484
2540 13.38508033752441
2550 19.79191970825195
2560 12.8102560043335
2570 16.81009292602539
2580 33.04983901977539
2590 25.06968688964844
2600 27.13584518432617
2610 16.66018486022949
2620 10.95974540710449
2630 18.74826812744141
2640 21.64576721191406
2650 27.7296085357666
2660 24.97534561157227
2670 17.84975242614746
2680 14.42455196380615
2690 10.70516586303711
2700 16.69756698608398
2710 20.94919204711914
2720 20.02407836914062
2730 20.17559623718262
2740 19.60774612426758
2750 15.3403434753418
2760 20.46295738220215
2770 17.79958343505859
2780 15.8677864074707
2790 11.9229564666748
2800 21.21696472167969
2810 26.42491912841797
2820 21.43488693237305
2830 17.92783355712891
2840 14.31501579284668
2850 17.79368782043457
2860 21.17545318603516
2870 22.9591064453125
2880 13.11408996582031
2890 23.30131149291992
2900 30.91770935058594
2910 24.49499130249023
2920 27.61077308654785
2930 44.65375518798828
2940 26.36910057067871
2950 40.22379302978516
2960 31.0925235748291
2970 27.02030754089355
2980 12.61812496185303
2990 22.40340805053711
3000 35.09049224853516
3010 26.46640396118164
3020 20.13340950012207
3030 14.45445537567139
3040 15.25095081329346
3050 12.44655799865723
3060 13.05087280273438
3070 11.83306694030762
3080 10.84917736053467
3090 16.78108215332031
3100 27.72196960449219
3110 13.19219875335693
3120 17.17766761779785
3130 33.04219818115234
3140 19.61606407165527
3150 29.82547950744629
3160 28.53004837036133
3170 14.02869415283203
3180 6.502020835876465
3190 13.48082828521729
3200 22.12131500244141
3210 10.60326957702637
3220 11.99973678588867
3230 12.84355735778809
3240 17.20126342773438
3250 8.867865562438965
3260 13.9182300567627
3270 9.18084716796875
3280 6.677536964416504
3290 11.55485248565674
3300 14.15414619445801
3310 6.613701820373535
3320 15.52539730072021
3330 14.91574478149414
3340 12.33342742919922
3350 8.493764877319336
3360 8.95639705657959
3370 21.72906112670898
3380 18.2421760559082
3390 19.50308609008789
3400 25.05556297302246
3410 24.80244064331055
3420 16.5018367767334
3430 19.60425567626953
3440 12.02883720397949
3450 13.02214050292969
3460 25.69228363037109
3470 20.21026229858398
3480 26.00999450683594
3490 31.45064163208008
3500 25.35775756835938
3510 31.16593742370605
3520 30.70747756958008
3530 17.97248077392578
3540 19.61239242553711
3550 20.6446418762207
3560 14.39950752258301
3570 11.88321876525879
3580 22.60275650024414
3590 21.39434051513672
3600 8.110488891601562
3610 16.01649856567383
3620 15.03370666503906
3630 23.01673316955566
3640 23.53623008728027
3650 14.27901649475098
3660 27.68727111816406
3670 23.30413627624512
3680 32.17070007324219
3690 11.32989311218262
3700 16.52019691467285
3710 8.778368949890137
3720 22.62556457519531
3730 15.4290828704834
3740 11.05459785461426
3750 8.095733642578125
3760 9.848413467407227
3770 10.57345581054688
3780 18.41902160644531
3790 23.8935489654541
3800 31.51036834716797
3810 23.19418525695801
3820 21.36061859130859
3830 30.15145111083984
3840 38.53864288330078
3850 29.00370025634766
3860 19.96816635131836
3870 11.50049591064453
3880 20.82718849182129
3890 23.03994560241699
3900 19.45801544189453
3910 18.83891296386719
3920 10.18681144714355
3930 18.02085113525391
3940 20.31088829040527
3950 18.34913635253906
3960 14.58920478820801
3970 22.51645088195801
3980 13.50843620300293
3990 20.70952224731445
4000 7.992892265319824
4010 8.972126007080078
4020 11.22659873962402
4030 14.80160522460938
4040 12.32499122619629
4050 20.45391845703125
4060 17.56786346435547
4070 8.967632293701172
4080 10.21450805664062
4090 11.61452674865723
4100 20.21887016296387
4110 13.9857120513916
4120 12.5338830947876
4130 25.64855575561523
4140 27.13257217407227
4150 29.77864837646484
4160 42.93055725097656
4170 41.52440643310547
4180 48.28990173339844
4190 28.19698715209961
4200 22.48785781860352
4210 30.69377136230469
4220 29.53759384155273
4230 17.21128845214844
4240 17.44763565063477
4250 30.71856307983398
4260 22.05324935913086
4270 10.98265075683594
4280 15.04699325561523
4290 12.91130828857422
4300 9.608792304992676
4310 12.54142093658447
4320 12.85888862609863
4330 15.0393123626709
4340 13.92990779876709
4350 9.2349853515625
4360 11.13713932037354
4370 10.42795085906982
4380 12.22080421447754
4390 19.14664268493652
4400 10.21980857849121
4410 9.065814018249512
4420 25.19516754150391
4430 16.02586364746094
4440 28.9969596862793
4450 24.54439163208008
4460 18.8661937713623
4470 22.40430068969727
4480 22.1761531829834
4490 17.09750747680664
4500 19.30840682983398
4510 13.67191886901855
4520 10.77776527404785
4530 14.36901473999023
4540 11.03103637695312
4550 13.89938735961914
4560 21.22505950927734
4570 23.06538391113281
4580 44.18067932128906
4590 45.89617538452148
4600 62.32316589355469
4610 31.05783843994141
4620 14.41026878356934
4630 7.466455459594727
4640 22.30729103088379
4650 23.69772338867188
4660 15.90311622619629
4670 9.434627532958984
4680 19.04076957702637
4690 16.73539543151855
4700 16.27771949768066
4710 23.52018356323242
4720 21.66116333007812
4730 18.01081848144531
4740 9.399166107177734
4750 14.22245025634766
4760 9.043907165527344
4770 18.35125732421875
4780 17.61356735229492
4790 12.50805854797363
4800 12.35831546783447
4810 10.43056678771973
4820 9.521262168884277
4830 10.91100883483887
4840 14.42686462402344
4850 19.57229995727539
4860 18.34052276611328
4870 22.56087684631348
4880 13.35685157775879
4890 27.00154876708984
4900 18.21795845031738
4910 11.20488739013672
4920 19.77845191955566
4930 24.5441722869873
4940 22.86148834228516
4950 27.23939514160156
4960 19.23249053955078
4970 21.29072570800781
4980 15.6405143737793
4990 17.46136283874512
5000 30.99993515014648
5010 21.75654220581055
5020 21.43071365356445
5030 20.62881469726562
5040 15.43119430541992
5050 12.58882904052734
5060 15.84479999542236
5070 16.00278663635254
5080 11.42255210876465
5090 30.84215927124023
5100 22.48687744140625
5110 15.39403915405273
5120 16.55729675292969
5130 15.21438026428223
5140 18.51248741149902
5150 15.10943222045898
5160 8.017354965209961
5170 14.32688331604004
5180 17.88557243347168
5190 20.50380706787109
5200 18.31151390075684
5210 25.25899696350098
5220 13.78398704528809
5230 14.04416179656982
5240 8.600091934204102
5250 11.01964282989502
5260 10.93481159210205
5270 17.26917266845703
5280 22.36259078979492
5290 17.11765480041504
5300 20.78697967529297
5310 21.11620330810547
5320 19.46931838989258
5330 16.3566780090332
5340 20.18581962585449
5350 26.56583023071289
5360 26.78568458557129
5370 27.5407600402832
5380 31.25923919677734
5390 27.70917129516602
5400 20.69874954223633
5410 23.81453704833984
5420 22.20039749145508
5430 23.46895599365234
5440 18.77766799926758
5450 28.04978561401367
5460 17.60004043579102
5470 20.43432998657227
5480 13.21947860717773
5490 18.48144912719727
5500 14.5067663192749
5510 11.28364372253418
5520 8.124138832092285
5530 18.69588279724121
5540 15.57669258117676
5550 16.52110481262207
5560 12.49533271789551
5570 9.100325584411621
5580 11.84508323669434
5590 19.73286056518555
5600 12.41641807556152
5610 12.4228343963623
5620 13.29227733612061
5630 15.30518341064453
5640 17.65028762817383
5650 18.09082984924316
5660 17.28434944152832
5670 13.73552703857422
5680 21.07525634765625
5690 15.1145658493042
5700 21.64687347412109
5710 20.45606994628906
5720 32.68941497802734
5730 34.25086975097656
5740 24.0059700012207
5750 13.53537940979004
5760 11.57205772399902
5770 13.3018741607666
5780 17.6796932220459
5790 12.84115982055664
5800 16.51808547973633
5810 33.50320434570312
5820 16.30707740783691
5830 17.05757522583008
5840 33.88536071777344
5850 34.90727233886719
5860 18.28279495239258
5870 16.94438171386719
5880 20.59233665466309
5890 18.87476348876953
5900 17.36039352416992
5910 6.463034152984619
5920 8.943881988525391
5930 7.36210823059082
5940 11.65253639221191
5950 14.63116264343262
5960 17.94886016845703
5970 12.27238082885742
5980 17.15502166748047
5990 8.240779876708984
6000 15.58027839660645
6010 13.09440803527832
6020 16.58554649353027
6030 16.60197448730469
6040 13.92519950866699
6050 13.57514381408691
6060 9.105995178222656
6070 12.8721981048584
6080 19.06863784790039
6090 14.30279159545898
6100 10.65116119384766
6110 8.60936450958252
6120 8.258467674255371
6130 19.37098693847656
6140 23.84477233886719
6150 14.84112644195557
6160 13.12335586547852
6170 31.42150688171387
6180 25.59172630310059
6190 20.1975040435791
6200 40.93491363525391
6210 22.92068672180176
6220 19.98769378662109
6230 17.30598831176758
6240 28.85163307189941
6250 18.26688194274902
6260 13.27807426452637
6270 13.64463996887207
6280 17.21982383728027
6290 15.98117446899414
6300 27.78170776367188
6310 14.47035217285156
6320 14.21011161804199
6330 21.39006805419922
6340 28.58090972900391
6350 45.75004577636719
6360 14.45215034484863
6370 12.69125175476074
6380 37.40068817138672
6390 18.20104598999023
6400 17.75888824462891
6410 13.23098754882812
6420 19.04443740844727
6430 17.15043258666992
6440 26.18689346313477
6450 22.72597312927246
6460 15.89939308166504
6470 22.27945327758789
6480 7.56075382232666
6490 13.07173824310303
6500 15.37892913818359
6510 14.95095252990723
6520 19.66922378540039
6530 15.9204216003418
6540 19.33298301696777
6550 14.11007404327393
6560 8.010553359985352
6570 8.483684539794922
6580 8.380979537963867
6590 6.145365715026855
6600 13.47658157348633
6610 10.98646354675293
6620 30.53104782104492
6630 21.8699893951416
6640 29.59905624389648
6650 19.86891937255859
6660 14.11245918273926
6670 15.61168479919434
6680 23.02523803710938
6690 12.79121780395508
6700 24.02125549316406
6710 15.23723030090332
6720 17.19181251525879
6730 12.82805919647217
6740 15.95975303649902
6750 18.66719627380371
6760 17.1566104888916
6770 21.5019474029541
6780 23.66685485839844
6790 17.24789428710938
6800 12.03040599822998
6810 20.0108699798584
6820 13.2325439453125
6830 16.8675708770752
6840 20.07158279418945
6850 18.1254768371582
6860 32.0849609375
6870 13.46652030944824
6880 8.921430587768555
6890 9.668306350708008
6900 17.52495193481445
6910 24.7252082824707
6920 22.44527816772461
6930 27.52690315246582
6940 13.06674385070801
6950 22.72311782836914
6960 13.70392322540283
6970 16.91272163391113
6980 24.09322738647461
6990 17.7407341003418
7000 16.22798156738281
7010 38.92087173461914
7020 29.76778984069824
7030 20.23844528198242
7040 28.99245643615723
7050 15.15580177307129
7060 9.403450965881348
7070 17.03107070922852
7080 28.37582778930664
7090 25.08103179931641
7100 10.93295860290527
7110 14.88255405426025
7120 9.110376358032227
7130 21.5908317565918
7140 26.73211669921875
7150 12.09162139892578
7160 10.30437088012695
7170 18.44167709350586
7180 25.88461685180664
7190 39.58599472045898
7200 17.64694595336914
7210 13.5953483581543
7220 14.88713645935059
7230 12.38888263702393
7240 7.389620304107666
7250 15.93556594848633
7260 11.27714538574219
7270 24.1148681640625
7280 28.99520111083984
7290 14.34840965270996
7300 9.97859001159668
7310 8.59114933013916
7320 18.77109909057617
7330 26.9862003326416
7340 23.55692863464355
7350 16.71191787719727
7360 14.13954925537109
7370 15.14254474639893
7380 22.30362892150879
7390 28.51652145385742
7400 27.15815734863281
7410 18.18758773803711
7420 30.60480117797852
7430 24.32000350952148
7440 21.1265983581543
7450 29.40872764587402
7460 22.15422821044922
7470 24.36972808837891
7480 18.08634185791016
7490 22.90812301635742
7500 16.60297203063965
7510 13.3347692489624
7520 21.72542381286621
7530 19.36557960510254
7540 23.01471519470215
7550 18.86027717590332
7560 21.76450729370117
7570 16.17530059814453
7580 14.52888965606689
7590 15.6096658706665
7600 14.80767059326172
7610 12.63888454437256
7620 18.1828727722168
7630 15.8628978729248
7640 30.6959342956543
7650 23.09171676635742
7660 13.22003364562988
7670 9.848041534423828
7680 6.876064777374268
7690 11.01370143890381
7700 17.55857849121094
7710 18.23487091064453
7720 20.32902908325195
7730 16.66541862487793
7740 13.78974342346191
7750 17.09364891052246
7760 28.18592834472656
7770 29.47197914123535
7780 18.41961288452148
7790 20.6296501159668
7800 19.24631118774414
7810 29.38995361328125
7820 15.21209716796875
7830 23.18585968017578
7840 16.88030624389648
7850 16.49006843566895
7860 15.76963424682617
7870 17.96706962585449
7880 12.34676551818848
7890 22.12576293945312
7900 9.959469795227051
7910 18.01067543029785
7920 20.48807525634766
7930 16.14606666564941
7940 23.57734107971191
7950 22.70974540710449
7960 17.92655754089355
7970 13.1223316192627
7980 13.78503227233887
7990 7.162988662719727
8000 13.39162826538086
8010 12.50361061096191
8020 13.1754150390625
8030 14.43925857543945
8040 9.999508857727051
8050 10.73427200317383
8060 12.36962127685547
8070 26.76606750488281
8080 16.79632186889648
8090 11.72079753875732
8100 10.91119575500488
8110 15.46794891357422
8120 21.81021118164062
8130 19.36860466003418
8140 19.89474487304688
8150 29.4515266418457
8160 31.81744194030762
8170 20.11540603637695
8180 41.35662841796875
8190 18.31944274902344
8200 31.78896331787109
8210 26.27180099487305
8220 29.0245246887207
8230 32.08469009399414
8240 47.06183624267578
8250 23.79992294311523
8260 7.363467216491699
8270 21.57713317871094
8280 25.33010673522949
8290 16.16701889038086
8300 13.6100025177002
8310 17.3524055480957
8320 29.04923248291016
8330 16.48323822021484
8340 19.72667503356934
8350 30.81678199768066
8360 26.2187671661377
8370 20.84047698974609
8380 18.58520126342773
8390 27.36839294433594
8400 10.81139755249023
