"Time Step" "point-tau_vm-c"
22610 25.04047012329102
22620 20.21570205688477
22630 26.2595272064209
22640 22.99985122680664
22650 13.35910797119141
22660 15.71705913543701
22670 16.20618057250977
22680 14.37482452392578
22690 10.45988750457764
22700 12.49020862579346
22710 12.29573631286621
22720 14.34894847869873
22730 14.11848640441895
22740 23.15724945068359
22750 19.59649276733398
22760 12.89328384399414
22770 14.06302356719971
22780 14.28920364379883
22790 15.20165252685547
22800 14.34255313873291
22810 15.36594772338867
22820 13.66177177429199
22830 9.573398590087891
22840 12.85624980926514
22850 21.98357963562012
22860 18.80414390563965
22870 29.06333923339844
22880 20.73850631713867
22890 18.77327919006348
22900 30.04065704345703
22910 33.04281616210938
22920 30.72955322265625
22930 41.222412109375
22940 20.88742065429688
22950 23.54281044006348
22960 17.18865585327148
22970 34.00298309326172
22980 31.29395294189453
22990 19.85523223876953
23000 14.47485542297363
23010 22.04026412963867
23020 21.32278442382812
23030 32.41312026977539
23040 21.16176605224609
23050 24.38753890991211
23060 22.96880722045898
23070 12.95179557800293
23080 23.15642547607422
23090 18.47683715820312
23100 24.32636260986328
23110 26.70219039916992
23120 14.05906009674072
23130 13.05052089691162
23140 11.64881896972656
23150 11.24643707275391
23160 14.39254665374756
23170 27.44204711914062
23180 23.99423980712891
23190 13.26418304443359
23200 23.80334663391113
23210 30.55827140808105
23220 41.88790893554688
23230 48.82229614257812
23240 59.54093933105469
23250 32.58052825927734
23260 29.44796180725098
23270 22.71245193481445
23280 23.0684700012207
23290 26.92819786071777
23300 21.19728088378906
23310 31.46552658081055
23320 20.46920776367188
23330 26.68017578125
23340 27.81425094604492
23350 34.71939849853516
23360 28.17871856689453
23370 21.08254241943359
23380 23.8773078918457
23390 14.49855804443359
23400 20.48587417602539
23410 40.47418594360352
23420 33.73986434936523
23430 43.93709182739258
23440 21.57102584838867
23450 13.37087249755859
23460 16.24179840087891
23470 15.07538795471191
23480 16.08802795410156
23490 13.46162605285645
23500 14.48520469665527
23510 26.66042709350586
23520 28.87484359741211
23530 11.67627334594727
23540 10.0953893661499
23550 18.05876541137695
23560 26.43863487243652
23570 10.78686141967773
23580 8.597066879272461
23590 9.439193725585938
23600 26.9786491394043
23610 34.68783569335938
23620 34.35965347290039
23630 19.59512901306152
23640 46.92721557617188
23650 27.13054656982422
23660 37.42065048217773
23670 21.26166343688965
23680 34.59564971923828
23690 32.25072479248047
23700 12.79818439483643
23710 24.87718200683594
23720 21.74969482421875
23730 11.6147518157959
23740 14.63803672790527
23750 14.39429664611816
23760 20.09190940856934
23770 10.31965065002441
23780 10.22993278503418
23790 14.76819324493408
23800 24.32427215576172
23810 23.39000701904297
23820 24.97877883911133
23830 14.05999374389648
23840 15.87743663787842
23850 27.25837326049805
23860 15.82949924468994
23870 11.25484466552734
23880 11.18839836120605
23890 10.65382862091064
23900 13.47106742858887
23910 8.112770080566406
23920 13.43744850158691
23930 14.0329418182373
23940 19.2743034362793
23950 17.53411102294922
23960 8.18407154083252
23970 10.63518333435059
23980 11.630539894104
23990 18.46956825256348
24000 15.07053756713867
15010 36.24432373046875
15020 17.15947341918945
15030 25.43982124328613
15040 29.93401527404785
15050 24.32673072814941
15060 16.26840209960938
15070 11.86695766448975
15080 15.53244876861572
15090 15.25703048706055
15100 11.6088924407959
15110 17.94713020324707
15120 17.72620010375977
15130 12.28170013427734
15140 21.3230037689209
15150 12.22009658813477
15160 12.8598747253418
15170 14.8716287612915
15180 11.39596080780029
15190 5.977362632751465
15200 8.824284553527832
15210 14.37931442260742
15220 14.85808181762695
15230 18.45812225341797
15240 36.94451904296875
15250 26.10397720336914
15260 26.6513729095459
15270 50.84989929199219
15280 43.99342346191406
15290 23.30141448974609
15300 39.34279632568359
15310 23.009033203125
15320 14.80593776702881
15330 14.08795547485352
15340 29.4647102355957
15350 19.11374282836914
15360 26.44076919555664
15370 19.91312217712402
15380 24.92421913146973
15390 8.855786323547363
15400 11.58499050140381
15410 21.49731826782227
15420 9.008623123168945
15430 8.789533615112305
15440 19.78713798522949
15450 18.05304336547852
15460 19.87461853027344
15470 17.63031768798828
15480 15.47203254699707
15490 11.7620210647583
15500 16.442138671875
15510 16.12344741821289
15520 27.94238471984863
15530 28.94898986816406
15540 11.65257835388184
15550 18.32193374633789
15560 33.72615814208984
15570 30.92083930969238
15580 19.70936012268066
15590 15.93236255645752
15600 22.57283401489258
15610 19.7520580291748
15620 12.25566387176514
15630 16.1836109161377
15640 11.34087753295898
15650 16.16102600097656
15660 22.19988059997559
15670 30.10758590698242
15680 33.16890335083008
15690 18.63566207885742
15700 21.40316200256348
15710 23.3961296081543
15720 17.65239715576172
15730 14.63134098052979
15740 11.42998790740967
15750 23.88522911071777
15760 29.21486282348633
15770 21.63611602783203
15780 14.91987895965576
15790 12.08460807800293
15800 7.440239429473877
15810 26.39516639709473
15820 41.78099060058594
15830 23.31904220581055
15840 17.89361763000488
15850 14.33495044708252
15860 19.604736328125
15870 28.71492576599121
15880 14.88718891143799
15890 15.18918800354004
15900 11.66976642608643
15910 15.4532413482666
15920 20.91668701171875
15930 21.77653884887695
15940 20.78507614135742
15950 18.15607261657715
15960 16.18397331237793
15970 13.59237003326416
15980 24.73133087158203
15990 22.89426040649414
16000 22.46000862121582
16010 26.88076400756836
16020 35.25191497802734
16030 29.01508712768555
16040 24.80693244934082
16050 29.74182891845703
16060 24.98183250427246
16070 29.87232208251953
16080 22.63520431518555
16090 29.44598770141602
16100 33.00366973876953
16110 20.48391532897949
16120 20.08151817321777
16130 9.808596611022949
16140 12.91010189056396
16150 12.8574743270874
16160 21.50807762145996
16170 16.06191635131836
16180 26.39513969421387
16190 37.16930389404297
16200 17.72020149230957
16210 19.25232696533203
16220 23.97829627990723
16230 20.40309143066406
16240 16.87278747558594
16250 14.29374885559082
16260 19.4385871887207
16270 21.58930206298828
16280 22.65042114257812
16290 22.25056838989258
16300 18.25707244873047
16310 12.580885887146
16320 15.08194446563721
16330 10.11984920501709
16340 12.72321605682373
16350 12.40151405334473
16360 8.975882530212402
16370 18.0747013092041
16380 23.93303108215332
16390 13.71559715270996
16400 14.14470195770264
16410 13.21444320678711
16420 11.99533748626709
16430 20.76763725280762
16440 26.81359672546387
16450 21.79779815673828
16460 19.63089370727539
16470 35.32027816772461
16480 25.46764755249023
16490 35.13909530639648
16500 35.43203353881836
16510 24.63126564025879
16520 17.24581336975098
16530 34.57832336425781
16540 28.31668090820312
16550 21.91302108764648
16560 19.74211120605469
16570 22.81004333496094
16580 16.54682159423828
16590 20.16280937194824
16600 17.6840705871582
16610 21.84907913208008
16620 15.79777050018311
16630 14.58069133758545
16640 14.48926830291748
16650 11.04376697540283
16660 7.786445617675781
16670 21.60449981689453
16680 19.10560989379883
16690 14.82861328125
16700 13.31702423095703
16710 10.22369766235352
16720 15.39513397216797
16730 16.85376358032227
16740 16.30623626708984
16750 20.78029251098633
16760 26.48496055603027
16770 13.1595401763916
16780 15.12567901611328
16790 11.47541809082031
16800 17.30036163330078
16810 15.2888298034668
16820 15.45386791229248
16830 26.00977325439453
16840 19.1152400970459
16850 17.89645004272461
16860 40.44112396240234
16870 32.18453979492188
16880 28.52156066894531
16890 26.67001914978027
16900 35.27658843994141
16910 18.83398628234863
16920 24.19179916381836
16930 38.34515380859375
16940 17.73329734802246
16950 12.09138774871826
16960 10.64668846130371
16970 9.506895065307617
16980 17.93724060058594
16990 30.71982955932617
17000 18.06563949584961
17010 14.97605895996094
17020 24.11259841918945
17030 18.77707290649414
17040 19.00654029846191
17050 12.17454814910889
17060 10.91833114624023
17070 9.89350700378418
17080 12.78977584838867
17090 19.53150177001953
17100 14.96698379516602
17110 24.84692001342773
17120 28.07796096801758
17130 22.06471252441406
17140 10.78843402862549
17150 12.20005512237549
17160 11.9404354095459
17170 5.427428245544434
17180 6.252438068389893
17190 11.01576614379883
17200 12.04730415344238
17210 36.55854034423828
17220 58.17767333984375
17230 51.45540618896484
17240 16.61518859863281
17250 23.71905708312988
17260 56.35599136352539
17270 24.69893646240234
17280 40.35873794555664
17290 22.99996376037598
17300 16.93585205078125
17310 16.37574768066406
17320 28.82100868225098
17330 13.81844139099121
17340 24.30131912231445
17350 25.30424880981445
17360 30.82430648803711
17370 12.4086389541626
17380 15.38619709014893
17390 23.54089736938477
17400 21.37748908996582
17410 25.34191513061523
17420 16.38597869873047
17430 10.70406723022461
17440 11.63166522979736
17450 13.06196403503418
17460 15.24964046478271
17470 17.73409652709961
17480 12.05047130584717
17490 13.13211345672607
17500 6.616943359375
17510 15.29712772369385
17520 16.13103675842285
17530 12.20626068115234
17540 20.10055160522461
17550 24.82872009277344
17560 14.10143280029297
17570 17.05752563476562
17580 39.75440979003906
17590 16.16021537780762
17600 10.46048164367676
17610 12.35159111022949
17620 23.26717567443848
17630 26.23517608642578
17640 19.46147155761719
17650 34.14127731323242
17660 25.1601505279541
17670 31.2065486907959
17680 19.8809814453125
17690 25.16633605957031
17700 22.73040008544922
17710 19.45394325256348
17720 23.51947021484375
17730 12.99323272705078
17740 8.403749465942383
17750 25.70771026611328
17760 22.50854110717773
17770 21.64887428283691
17780 15.54842662811279
17790 13.80735206604004
17800 14.25245094299316
17810 20.12833786010742
17820 39.08848190307617
17830 22.86933517456055
17840 11.58465385437012
17850 8.31110954284668
17860 12.72515964508057
17870 28.58271026611328
17880 16.899658203125
17890 26.90658569335938
17900 20.20659255981445
17910 15.4570894241333
17920 18.39937591552734
17930 20.19754600524902
17940 20.87543678283691
17950 24.1030330657959
17960 14.21062469482422
17970 23.77885437011719
17980 16.55896377563477
17990 10.14498519897461
18000 11.232008934021
18010 23.63246154785156
18020 42.37866973876953
18030 27.55044174194336
18040 19.20331954956055
18050 39.272216796875
18060 45.70055389404297
18070 41.91468811035156
18080 22.31550788879395
18090 16.40351104736328
18100 26.32643127441406
18110 20.41053771972656
18120 21.6876106262207
18130 19.88090896606445
18140 13.12660217285156
18150 18.02254104614258
18160 18.56203651428223
18170 20.75060081481934
18180 21.66254425048828
18190 36.74188995361328
18200 29.26281356811523
18210 16.60066604614258
18220 20.62491607666016
18230 21.24965858459473
18240 11.41618347167969
18250 12.64295196533203
18260 21.66426086425781
18270 16.61527061462402
18280 15.2510929107666
18290 15.43294525146484
18300 11.43032264709473
18310 11.03554725646973
18320 18.53866195678711
18330 24.96429252624512
18340 15.85765552520752
18350 11.25360774993896
18360 26.90433120727539
18370 16.71499633789062
18380 9.325470924377441
18390 7.923393249511719
18400 20.56524848937988
18410 23.01647186279297
18420 16.78317832946777
18430 15.05019187927246
18440 38.46382522583008
18450 29.66494941711426
18460 24.01482009887695
18470 26.34402465820312
18480 21.74218940734863
18490 19.83613777160645
18500 25.27432632446289
18510 26.20231628417969
18520 26.85466384887695
18530 35.65459060668945
18540 40.6234016418457
18550 19.33262252807617
18560 13.07871246337891
18570 18.10391616821289
18580 24.03296661376953
18590 13.44655418395996
18600 15.81304740905762
18610 15.21302223205566
18620 22.72236251831055
18630 14.96467018127441
18640 14.88876914978027
18650 20.82489967346191
18660 17.45949745178223
18670 15.50442314147949
18680 19.04089546203613
18690 24.79228210449219
18700 22.59896278381348
18710 19.1537971496582
18720 14.48652744293213
18730 14.72834205627441
18740 7.077305316925049
18750 8.097896575927734
18760 7.576635360717773
18770 26.10123634338379
18780 24.96930313110352
18790 16.78228950500488
18800 12.37454605102539
18810 34.71305465698242
18820 37.8934326171875
18830 39.97747039794922
18840 26.50209617614746
18850 26.40482711791992
18860 12.77814102172852
18870 37.76118469238281
18880 24.91785049438477
18890 33.48337173461914
18900 45.6026496887207
18910 29.73724365234375
18920 30.67074966430664
18930 24.93240547180176
18940 46.74271011352539
18950 29.57499313354492
18960 16.22649383544922
18970 21.92809104919434
18980 32.29491806030273
18990 23.64682006835938
19000 17.3748722076416
19010 15.63234806060791
19020 15.35484790802002
19030 17.31991577148438
19040 12.97775363922119
19050 12.80093765258789
19060 14.53251457214355
19070 27.15964126586914
19080 15.14290714263916
19090 9.27198600769043
19100 16.72163391113281
19110 11.27831935882568
19120 19.35308265686035
19130 20.26773452758789
19140 25.10437393188477
19150 16.03099060058594
19160 25.68458366394043
19170 23.62307167053223
19180 13.35421752929688
19190 9.015308380126953
19200 17.04267692565918
19210 20.63633346557617
19220 16.18320083618164
19230 34.29597854614258
19240 24.43067169189453
19250 23.97601318359375
19260 49.83526611328125
19270 37.79888153076172
19280 33.45191955566406
19290 38.09003067016602
19300 24.23898506164551
19310 20.02397727966309
19320 24.96437072753906
19330 37.94936370849609
19340 40.008056640625
19350 21.2161808013916
19360 16.53479957580566
19370 18.18515014648438
19380 23.62154388427734
19390 28.1041088104248
19400 24.05265235900879
19410 19.79355812072754
19420 18.10349273681641
19430 29.91422271728516
19440 19.47899436950684
19450 14.42669010162354
19460 13.15213012695312
19470 20.98359489440918
19480 31.55027008056641
19490 10.15603542327881
19500 34.63420867919922
19510 32.546875
19520 26.40654754638672
19530 19.52586364746094
19540 30.58962631225586
19550 17.29408645629883
19560 14.61654853820801
19570 10.07456398010254
19580 12.76131057739258
19590 19.20886039733887
19600 41.82347869873047
19610 23.73639678955078
19620 8.061160087585449
19630 18.24603271484375
19640 27.21712875366211
19650 23.1574535369873
19660 29.42220687866211
19670 14.1133918762207
19680 30.44313812255859
19690 22.66417694091797
19700 25.27856254577637
19710 12.50759410858154
19720 12.49327945709229
19730 21.5714225769043
19740 21.46993255615234
19750 12.33918476104736
19760 17.92191505432129
19770 21.90133666992188
19780 22.6586742401123
19790 23.89946365356445
19800 22.79820251464844
19810 21.94635200500488
19820 21.96476364135742
19830 17.30547523498535
19840 21.01729583740234
19850 26.1705207824707
19860 32.19891738891602
19870 13.27717018127441
19880 13.61587142944336
19890 15.81493949890137
19900 18.77256202697754
19910 23.50677299499512
19920 17.12334823608398
19930 14.66123390197754
19940 16.27145957946777
19950 16.73646545410156
19960 16.6434326171875
19970 15.66324806213379
19980 16.62288665771484
19990 22.35691261291504
20000 12.26306343078613
20010 29.95429611206055
20020 39.35724639892578
20030 18.30195236206055
20040 20.74026107788086
20050 32.23820877075195
20060 46.84687042236328
20070 39.94184494018555
20080 38.64008712768555
20090 26.35215187072754
20100 15.74809837341309
20110 13.08267688751221
20120 20.01481246948242
20130 17.23063659667969
20140 17.14727401733398
20150 20.85275077819824
20160 24.56541442871094
20170 22.81667137145996
20180 26.77516174316406
20190 15.63306427001953
20200 11.38218688964844
20210 13.48816776275635
20220 26.93727874755859
20230 29.48899459838867
20240 18.7221736907959
20250 17.64052581787109
20260 16.4572639465332
20270 18.88089942932129
20280 15.86684226989746
20290 13.94639492034912
20300 10.44044876098633
20310 13.48353672027588
20320 22.65183448791504
20330 10.61872100830078
20340 19.31527328491211
20350 18.78088188171387
20360 10.91445350646973
20370 22.06890678405762
20380 18.79624938964844
20390 26.60776138305664
20400 30.51849555969238
20410 22.46633338928223
20420 32.86823272705078
20430 32.96768569946289
20440 48.52783203125
20450 29.41676902770996
20460 29.04496383666992
20470 46.40750122070312
20480 22.04358673095703
20490 24.40896987915039
20500 22.91210556030273
20510 20.29097366333008
20520 35.61498641967773
20530 25.37262344360352
20540 8.252246856689453
20550 8.985445022583008
20560 23.3897533416748
20570 19.82281112670898
20580 19.62521934509277
20590 43.02622222900391
20600 38.38516235351562
20610 26.53353118896484
20620 13.48493576049805
20630 15.0648193359375
20640 11.15334320068359
20650 15.92116355895996
20660 15.68836212158203
20670 20.5227222442627
20680 28.65470123291016
20690 44.95363616943359
20700 16.9161205291748
20710 23.67043113708496
20720 14.3430233001709
20730 11.57999801635742
20740 15.95724201202393
20750 14.11837863922119
20760 8.432472229003906
20770 14.67198181152344
20780 10.54898166656494
20790 15.54298210144043
20800 14.71426010131836
20810 37.70800018310547
20820 34.86651229858398
20830 33.38619613647461
20840 17.54763031005859
20850 14.64109039306641
20860 26.58189964294434
20870 46.81435012817383
20880 45.28596878051758
20890 36.79035568237305
20900 28.55655288696289
20910 22.8213062286377
20920 29.98374176025391
20930 15.58578014373779
20940 17.53847885131836
20950 24.74564933776855
20960 26.18461608886719
20970 12.44740009307861
20980 19.10467147827148
20990 14.36153030395508
21000 14.18113136291504
21010 22.65814590454102
21020 11.80092144012451
21030 14.62809371948242
21040 8.583011627197266
21050 22.04247283935547
21060 9.459410667419434
21070 10.6430835723877
21080 12.9434814453125
21090 13.45237445831299
21100 28.85682678222656
21110 22.23761367797852
21120 14.02899551391602
21130 18.3094539642334
21140 14.3969144821167
21150 15.08568668365479
21160 14.35161209106445
21170 11.90917205810547
21180 14.43867015838623
21190 12.87873840332031
21200 7.9007568359375
21210 18.71688079833984
21220 13.79555892944336
21230 10.43841361999512
21240 9.741989135742188
21250 20.4212532043457
21260 25.82504844665527
21270 19.02204895019531
21280 47.90261459350586
21290 25.81636238098145
21300 19.23540115356445
21310 27.22904205322266
21320 20.87727165222168
21330 22.50554084777832
21340 18.26107406616211
21350 17.49231338500977
21360 19.51374816894531
21370 13.91455173492432
21380 7.552337169647217
21390 9.235404968261719
21400 4.325586795806885
21410 8.83612060546875
21420 18.82992362976074
21430 14.46663284301758
21440 19.20339202880859
21450 23.07515716552734
21460 11.79489803314209
21470 17.40151596069336
21480 25.52168655395508
21490 18.70358467102051
21500 18.15567970275879
21510 28.23408126831055
21520 19.37955474853516
21530 14.45050144195557
21540 17.30410003662109
21550 11.58474063873291
21560 30.99285697937012
21570 21.8119010925293
21580 18.388916015625
21590 17.88316917419434
21600 12.73659420013428
21610 23.17775344848633
21620 17.61282730102539
21630 30.94030570983887
21640 24.75716781616211
21650 18.06984901428223
21660 32.99779510498047
21670 32.44949340820312
21680 18.96071624755859
21690 20.19813537597656
21700 23.77726745605469
21710 26.06643676757812
21720 20.20900535583496
21730 28.07734870910645
21740 20.47583961486816
21750 10.01676845550537
21760 11.53978729248047
21770 20.72381591796875
21780 20.4467830657959
21790 15.41439819335938
21800 16.54099655151367
21810 12.2667179107666
21820 21.61169624328613
21830 16.12256622314453
21840 14.75332260131836
21850 13.15243816375732
21860 21.73584938049316
21870 23.62773704528809
21880 24.59992980957031
21890 13.139404296875
21900 13.44876956939697
21910 16.17981338500977
21920 10.73201751708984
21930 9.785298347473145
21940 7.954095363616943
21950 9.010665893554688
21960 6.664871215820312
21970 4.077798843383789
21980 10.94980239868164
21990 18.78645515441895
22000 11.06292057037354
22010 19.22695159912109
22020 63.27526092529297
22030 49.55797576904297
22040 34.8812370300293
22050 27.49930953979492
22060 37.38394165039062
22070 25.5705509185791
22080 28.62287902832031
22090 23.19786071777344
22100 21.68934631347656
22110 24.67644119262695
22120 18.82169914245605
22130 17.80629730224609
22140 11.80354499816895
22150 20.75208854675293
22160 12.0027494430542
22170 37.11945724487305
22180 26.12964630126953
22190 26.24534797668457
22200 20.48802947998047
22210 30.49326515197754
22220 27.60021018981934
22230 30.17182731628418
22240 19.99616050720215
22250 4.64287281036377
22260 6.71303129196167
22270 9.869481086730957
22280 11.38582611083984
22290 11.10973834991455
22300 13.13883018493652
22310 9.138992309570312
22320 14.8569393157959
22330 11.11146640777588
22340 9.404559135437012
22350 16.50003051757812
22360 20.06793594360352
22370 29.1220760345459
22380 34.60072708129883
22390 30.44054985046387
22400 26.12180709838867
22410 20.73781394958496
22420 24.57598876953125
22430 37.52497482299805
22440 58.125244140625
22450 49.22436141967773
22460 35.57385635375977
22470 54.12712097167969
22480 51.73931121826172
22490 31.46368217468262
22500 23.20664978027344
22510 39.71455001831055
22520 41.34212112426758
22530 30.2348747253418
22540 32.24452209472656
22550 18.91592788696289
22560 20.9806079864502
22570 13.57325172424316
22580 14.54904937744141
22590 30.49951171875
22600 50.25321578979492
14810 17.75757598876953
14820 17.8123836517334
14830 50.79607772827148
14840 24.78293228149414
14850 21.7868766784668
14860 13.54882049560547
14870 27.30243301391602
14880 32.04130935668945
14890 22.54519271850586
14900 11.6081018447876
14910 16.33403968811035
14920 22.4607048034668
14930 16.57770919799805
14940 30.59418678283691
14950 29.19633483886719
14960 16.05269622802734
14970 25.8398494720459
14980 19.46944808959961
14990 20.16404151916504
15000 26.97360610961914
8010 18.31773948669434
8020 34.85554122924805
8030 41.93401336669922
8040 20.27255630493164
8050 27.75868225097656
8060 25.00968551635742
8070 35.1185417175293
8080 38.24552917480469
8090 25.52122688293457
8100 37.56287002563477
8110 22.30437278747559
8120 27.91035842895508
8130 22.95323371887207
8140 25.42677307128906
8150 20.86645698547363
8160 38.61998748779297
8170 20.37595558166504
8180 17.75882911682129
8190 17.3547248840332
8200 17.66960525512695
8210 15.28770637512207
8220 14.84856033325195
8230 14.10141944885254
8240 16.74556159973145
8250 18.03505897521973
8260 20.38004112243652
8270 14.00436878204346
8280 13.4211893081665
8290 13.71932220458984
8300 16.55098915100098
8310 9.873229026794434
8320 9.265220642089844
8330 10.32900238037109
8340 17.05215263366699
8350 18.7130126953125
8360 15.88217544555664
8370 18.211181640625
8380 12.97278118133545
8390 15.73356246948242
8400 13.63544178009033
8410 13.2846508026123
8420 13.18817615509033
8430 7.711275100708008
8440 16.83870697021484
8450 23.51202583312988
8460 51.61052322387695
8470 38.02732849121094
8480 35.96208953857422
8490 23.84929084777832
8500 42.40278244018555
8510 33.10501098632812
8520 31.57975578308105
8530 26.32842826843262
8540 20.08824157714844
8550 27.3170280456543
8560 28.73797798156738
8570 42.53903198242188
8580 31.93912124633789
8590 28.82382583618164
8600 19.36975479125977
8610 15.21116924285889
8620 22.67752838134766
8630 23.70019912719727
8640 9.468081474304199
8650 16.0377140045166
8660 26.74149894714355
8670 19.66774368286133
8680 20.37504577636719
8690 11.66051483154297
8700 12.45076751708984
8710 9.627883911132812
8720 9.060235023498535
8730 17.56377792358398
8740 22.10234451293945
8750 27.42785263061523
8760 23.50052452087402
8770 19.74365997314453
8780 17.74850654602051
8790 16.36432647705078
8800 29.48132133483887
8810 41.46285629272461
8820 30.16751861572266
8830 58.13310623168945
8840 47.8559455871582
8850 37.32268905639648
8860 53.23097229003906
8870 42.61640167236328
8880 13.26334190368652
8890 16.49919128417969
8900 26.64456367492676
8910 25.41498565673828
8920 36.94312286376953
8930 31.5650691986084
8940 21.08692932128906
8950 39.13900375366211
8960 44.0452995300293
8970 26.91280174255371
8980 18.51648712158203
8990 33.68929290771484
9000 40.52985382080078
9010 35.59601593017578
9020 19.05108642578125
9030 15.74650382995605
9040 12.35529518127441
9050 11.66217231750488
9060 11.99583530426025
9070 30.19651412963867
9080 15.25082588195801
9090 9.142658233642578
9100 13.15849876403809
9110 13.29988098144531
9120 10.64564323425293
9130 13.31596755981445
9140 12.5043773651123
9150 9.717761993408203
9160 13.45787048339844
9170 18.66216468811035
9180 11.64515209197998
9190 11.12027835845947
9200 14.68796157836914
9210 50.56316375732422
9220 41.24260330200195
9230 69.64712524414062
9240 41.99405288696289
9250 27.70548820495605
9260 33.65760803222656
9270 49.230712890625
9280 51.91689300537109
9290 29.1539363861084
9300 23.9294605255127
9310 18.2893180847168
9320 24.49145317077637
9330 42.77595520019531
9340 44.20801544189453
9350 30.04364395141602
9360 19.24047470092773
9370 18.91330146789551
9380 21.25902938842773
9390 34.70375823974609
9400 25.07002639770508
9410 18.24520874023438
9420 6.010039329528809
9430 19.11898612976074
9440 19.75439262390137
9450 7.660090446472168
9460 11.88324642181396
9470 10.94579029083252
9480 15.60102081298828
9490 19.8906364440918
9500 23.8272819519043
9510 20.64843559265137
9520 17.88476943969727
9530 22.45301246643066
9540 21.17051124572754
9550 28.13950347900391
9560 25.1038875579834
9570 12.78715801239014
9580 9.497808456420898
9590 25.23480224609375
9600 24.38108825683594
9610 15.83767890930176
9620 21.49689292907715
9630 40.21107482910156
9640 24.62134170532227
9650 18.54755973815918
9660 20.04755210876465
9670 29.72272491455078
9680 27.71414947509766
9690 22.28532409667969
9700 21.91951942443848
9710 22.22524261474609
9720 26.97664833068848
9730 21.01454925537109
9740 23.58241271972656
9750 32.50491333007812
9760 10.50429248809814
9770 24.76011657714844
9780 29.13274574279785
9790 25.3918285369873
9800 10.42210483551025
9810 12.45360565185547
9820 16.56938552856445
9830 16.12237548828125
9840 20.01077270507812
9850 28.47868728637695
9860 7.401902675628662
9870 10.93312358856201
9880 14.21653842926025
9890 20.5601634979248
9900 26.94635200500488
9910 31.06450653076172
9920 21.15535736083984
9930 21.69586372375488
9940 17.52821922302246
9950 15.85892677307129
9960 21.82072257995605
9970 17.86625289916992
9980 14.37493801116943
9990 12.27157211303711
10000 15.31835556030273
10010 22.48889923095703
10020 15.7131290435791
10030 21.25326728820801
10040 34.42723083496094
10050 16.79319763183594
10060 17.80352973937988
10070 19.86180686950684
10080 23.92000007629395
10090 23.45956802368164
10100 12.56761169433594
10110 19.35916519165039
10120 61.36372756958008
10130 37.82631683349609
10140 33.72725677490234
10150 16.73478698730469
10160 27.87848663330078
10170 19.74541091918945
10180 16.35694122314453
10190 22.66999816894531
10200 28.3922176361084
10210 35.98927688598633
10220 12.67943477630615
10230 14.01356410980225
10240 17.79600524902344
10250 10.34230327606201
10260 11.19965839385986
10270 7.181710243225098
10280 11.934739112854
10290 21.80774688720703
10300 14.39950275421143
10310 9.41807746887207
10320 22.91060638427734
10330 12.08922100067139
10340 18.21142959594727
10350 21.31817245483398
10360 25.27185440063477
10370 18.76613998413086
10380 17.56333923339844
10390 17.33273315429688
10400 22.75401306152344
10410 55.43760681152344
10420 43.66205596923828
10430 32.49173355102539
10440 28.35824203491211
10450 22.06711196899414
10460 35.20201873779297
10470 49.10851287841797
10480 46.45259094238281
10490 36.21067810058594
10500 18.36394119262695
10510 23.55837631225586
10520 18.35204887390137
10530 18.40798568725586
10540 13.85978603363037
10550 14.49819564819336
10560 13.46538543701172
10570 20.21470260620117
10580 41.22044372558594
10590 22.04976654052734
10600 22.94378662109375
10610 17.00618934631348
10620 20.8369197845459
10630 18.57099151611328
10640 14.61059093475342
10650 21.65699577331543
10660 16.51406097412109
10670 13.10415077209473
10680 15.77795696258545
10690 24.04447364807129
10700 27.71176147460938
10710 10.8944206237793
10720 16.92266082763672
10730 9.997015953063965
10740 20.20479965209961
10750 22.81687355041504
10760 17.05722045898438
10770 17.93265724182129
10780 18.41832542419434
10790 23.1207275390625
10800 27.28128433227539
10810 27.20254325866699
10820 35.06565093994141
10830 32.21884918212891
10840 14.55934143066406
10850 20.83436584472656
10860 24.43948364257812
10870 20.74512100219727
10880 23.3231372833252
10890 17.65290832519531
10900 37.49972915649414
10910 31.26254653930664
10920 35.54632949829102
10930 33.35909271240234
10940 32.41772079467773
10950 18.91199493408203
10960 13.73875904083252
10970 13.45549488067627
10980 18.94872283935547
10990 24.20901489257812
11000 15.0437479019165
11010 26.54010009765625
11020 17.6118049621582
11030 28.94165229797363
11040 24.33208847045898
11050 11.88809013366699
11060 14.31739807128906
11070 4.869838237762451
11080 14.838698387146
11090 10.90914440155029
11100 12.6021728515625
11110 26.62842750549316
11120 29.21111106872559
11130 19.38047027587891
11140 20.22586059570312
11150 23.77390670776367
11160 20.26860809326172
11170 10.23198127746582
11180 8.222853660583496
11190 16.04763793945312
11200 26.55119514465332
11210 25.64169692993164
11220 17.12643814086914
11230 14.2501802444458
11240 16.90793228149414
11250 23.71100425720215
11260 37.80824279785156
11270 40.47371673583984
11280 30.67334747314453
11290 21.41636657714844
11300 32.1887321472168
11310 30.0102596282959
11320 34.74983215332031
11330 13.20649242401123
11340 20.61420822143555
11350 14.43608951568604
11360 16.5833911895752
11370 28.84919929504395
11380 9.668895721435547
11390 19.21319770812988
11400 26.75191497802734
11410 17.68194770812988
11420 13.8392276763916
11430 20.97997283935547
11440 11.57851886749268
11450 14.69608020782471
11460 17.98700332641602
11470 26.64151382446289
11480 17.83104133605957
11490 15.92307090759277
11500 11.40406513214111
11510 7.887369632720947
11520 20.45057487487793
11530 17.9814338684082
11540 16.19383430480957
11550 15.47697257995605
11560 12.53023338317871
11570 18.82999038696289
11580 9.94143009185791
11590 15.19466781616211
11600 27.55366706848145
11610 17.98778533935547
11620 18.668212890625
11630 47.09858703613281
11640 25.29520606994629
11650 20.58066940307617
11660 39.64857482910156
11670 29.47205352783203
11680 29.97768402099609
11690 41.67913055419922
11700 23.68376541137695
11710 24.73039245605469
11720 13.17961406707764
11730 17.1712760925293
11740 23.09953880310059
11750 19.18527221679688
11760 26.30830764770508
11770 22.07454109191895
11780 14.56005477905273
11790 16.88390731811523
11800 18.51158332824707
11810 16.02399635314941
11820 27.54978179931641
11830 21.47162437438965
11840 15.37168121337891
11850 7.443381309509277
11860 10.01126289367676
11870 17.17230033874512
11880 16.45742607116699
11890 21.76763153076172
11900 17.71148300170898
11910 19.77058792114258
11920 16.53716278076172
11930 14.2420597076416
11940 14.65923595428467
11950 13.10888004302979
11960 14.07846069335938
11970 15.86265659332275
11980 17.39324188232422
11990 12.28170013427734
12000 15.05988883972168
12010 17.40376091003418
12020 45.10954284667969
12030 48.68660736083984
12040 22.86613082885742
12050 23.82802772521973
12060 30.718505859375
12070 40.13884735107422
12080 24.11250877380371
12090 18.17887878417969
12100 19.23258781433105
12110 44.68358612060547
12120 43.98021697998047
12130 34.92800140380859
12140 28.24530220031738
12150 17.27178192138672
12160 26.07223129272461
12170 22.91239166259766
12180 21.84076881408691
12190 33.32247924804688
12200 20.20323944091797
12210 26.62706756591797
12220 22.56082916259766
12230 22.56756973266602
12240 18.85124969482422
12250 21.74935150146484
12260 16.50777435302734
12270 10.91405487060547
12280 16.3217658996582
12290 33.15530014038086
12300 25.5988597869873
12310 18.86612510681152
12320 16.2774486541748
12330 28.07293319702148
12340 16.49484634399414
12350 10.85960865020752
12360 9.521108627319336
12370 10.27433967590332
12380 13.11711120605469
12390 8.890201568603516
12400 19.20849609375
12410 53.51238250732422
12420 54.84158325195312
12430 23.60262489318848
12440 30.47757530212402
12450 34.0479736328125
12460 29.59453964233398
12470 32.3451042175293
12480 25.38148498535156
12490 33.42335891723633
12500 37.93300628662109
12510 36.15233612060547
12520 28.83774185180664
12530 26.55930709838867
12540 22.30031585693359
12550 23.70363426208496
12560 18.71495819091797
12570 8.936517715454102
12580 24.77156829833984
12590 26.35752296447754
12600 18.60407638549805
12610 19.28268432617188
12620 26.79822540283203
12630 14.57253646850586
12640 19.20486831665039
12650 22.49074745178223
12660 11.95959091186523
12670 24.93087768554688
12680 23.2037467956543
12690 16.94945335388184
12700 15.6298770904541
12710 14.48055458068848
12720 21.88445854187012
12730 18.30026626586914
12740 12.1902379989624
12750 13.73555183410645
12760 24.57813262939453
12770 28.87838745117188
12780 31.41388511657715
12790 16.71195411682129
12800 8.077214241027832
12810 11.5819787979126
12820 29.07441711425781
12830 35.75668334960938
12840 31.61549186706543
12850 45.45575332641602
12860 32.081787109375
12870 31.10106086730957
12880 20.04618072509766
12890 17.89768218994141
12900 13.40196514129639
12910 12.8074197769165
12920 35.60794830322266
12930 48.33698272705078
12940 28.76040649414062
12950 23.90207672119141
12960 28.6738224029541
12970 21.99019241333008
12980 8.899250984191895
12990 24.03792953491211
13000 37.19029998779297
13010 24.14812278747559
13020 13.0646276473999
13030 13.41271018981934
13040 7.038469314575195
13050 10.44125843048096
13060 7.62300968170166
13070 5.240993499755859
13080 9.613018989562988
13090 25.32764434814453
13100 26.59520530700684
13110 25.20176124572754
13120 13.29955863952637
13130 13.72643852233887
13140 10.7298469543457
13150 8.957023620605469
13160 12.32104682922363
13170 14.21297359466553
13180 22.64681816101074
13190 22.59181022644043
13200 20.28505516052246
13210 50.08444213867188
13220 37.13426208496094
13230 37.40828704833984
13240 29.17411231994629
13250 42.31634521484375
13260 44.49839782714844
13270 33.65928268432617
13280 29.7535285949707
13290 45.69014358520508
13300 45.74018859863281
13310 31.25332641601562
13320 17.58705139160156
13330 14.08884429931641
13340 19.14505577087402
13350 14.32031726837158
13360 13.99261379241943
13370 11.58273506164551
13380 18.1968994140625
13390 27.81207275390625
13400 21.38318252563477
13410 12.90577220916748
13420 14.35616111755371
13430 11.89042472839355
13440 9.988264083862305
13450 9.980844497680664
13460 23.27803421020508
13470 18.99734878540039
13480 25.66579818725586
13490 17.0228271484375
13500 22.86259078979492
13510 13.10377597808838
13520 19.37829208374023
13530 14.44185733795166
13540 11.09975910186768
13550 17.40871429443359
13560 26.43077087402344
13570 11.29784870147705
13580 20.83156967163086
13590 12.63485527038574
13600 16.46032524108887
13610 11.02671432495117
13620 11.07546234130859
13630 16.85906982421875
13640 11.94324779510498
13650 28.77362442016602
13660 23.29925918579102
13670 18.8387393951416
13680 33.59461975097656
13690 16.70730972290039
13700 27.76254653930664
13710 17.5320873260498
13720 15.94670486450195
13730 19.02606201171875
13740 20.07280731201172
13750 21.93228912353516
13760 14.9882984161377
13770 15.50492858886719
13780 14.20517635345459
13790 15.07858467102051
13800 16.81195449829102
13810 24.72452354431152
13820 21.11815452575684
13830 17.4882869720459
13840 11.7202091217041
13850 16.90677070617676
13860 23.38938522338867
13870 16.82204627990723
13880 14.46313381195068
13890 9.364204406738281
13900 20.68291091918945
13910 16.27532768249512
13920 13.38513278961182
13930 23.32111549377441
13940 17.36799621582031
13950 23.45089340209961
13960 16.27496337890625
13970 11.48117256164551
13980 9.238569259643555
13990 13.26635551452637
14000 19.66482162475586
14010 16.40672874450684
14020 18.36494064331055
14030 31.05525779724121
14040 15.52884674072266
14050 25.27148056030273
14060 41.74660491943359
14070 20.67814064025879
14080 16.8437671661377
14090 22.96876525878906
14100 28.08755683898926
14110 27.86611938476562
14120 15.50376129150391
14130 19.48106575012207
14140 23.69772720336914
14150 34.48006820678711
14160 21.95812797546387
14170 16.14676856994629
14180 20.25762367248535
14190 14.20806503295898
14200 20.41426467895508
14210 15.27204895019531
14220 10.05596542358398
14230 9.215517044067383
14240 11.40052318572998
14250 18.30132865905762
14260 15.7224178314209
14270 23.89766502380371
14280 13.46442222595215
14290 9.883459091186523
14300 17.18885803222656
14310 19.08777046203613
14320 7.905227661132812
14330 6.60285758972168
14340 10.58089828491211
14350 11.5627498626709
14360 16.70612716674805
14370 17.78215980529785
14380 6.742081165313721
14390 16.58498382568359
14400 22.50689888000488
14410 17.69622802734375
14420 39.37154006958008
14430 36.27807235717773
14440 17.01053619384766
14450 15.68410587310791
14460 25.35792922973633
14470 24.96489524841309
14480 27.50342178344727
14490 28.47775268554688
14500 25.24614715576172
14510 44.51373291015625
14520 48.84889602661133
14530 14.24733638763428
14540 26.20796966552734
14550 56.92396926879883
14560 29.79988861083984
14570 15.30403137207031
14580 21.28327751159668
14590 9.123274803161621
14600 16.15876770019531
14610 15.27187824249268
14620 14.48577404022217
14630 10.17898750305176
14640 9.893277168273926
14650 8.536271095275879
14660 25.37769317626953
14670 15.63912868499756
14680 13.16634750366211
14690 15.51063442230225
14700 8.53950023651123
14710 5.004786491394043
14720 11.9193286895752
14730 9.425540924072266
14740 4.209713459014893
14750 8.990141868591309
14760 14.25014591217041
14770 10.03413772583008
14780 11.27460861206055
14790 28.00904846191406
14800 21.19841384887695
14860 13.54882144927979
14870 27.30242347717285
14880 32.04106903076172
14890 22.54508209228516
14900 11.61185455322266
14910 16.33735656738281
14920 22.46132278442383
14930 16.57692337036133
14940 30.59431266784668
14950 29.1964054107666
14960 16.05267524719238
8410 13.28478336334229
8420 13.19034957885742
8430 7.708000183105469
8440 16.84306907653809
8450 23.52690887451172
8460 51.65204620361328
8470 38.01604080200195
8480 35.96685791015625
8490 23.8592643737793
8500 42.40998840332031
8510 33.10967636108398
8520 31.58538055419922
8530 26.3294734954834
8540 20.08477783203125
8550 27.30990028381348
8560 28.72352600097656
8570 42.52503204345703
8580 31.91967391967773
8590 28.82257080078125
8600 19.37099456787109
0 20.56895446777344
10 21.22556686401367
20 25.50976181030273
30 16.73597145080566
40 19.4377555847168
50 16.67218589782715
60 18.38869285583496
70 17.16720771789551
80 13.32248306274414
90 13.95083808898926
100 13.92599964141846
110 14.86178779602051
120 15.09335899353027
130 11.23575210571289
140 6.455076217651367
150 6.431892395019531
160 6.963107585906982
170 9.005694389343262
180 11.70145225524902
190 12.77055644989014
200 15.11286926269531
210 15.6196231842041
220 7.928549289703369
230 3.583466529846191
240 4.156256675720215
250 6.602338314056396
260 4.880256175994873
270 12.88616561889648
280 24.07024192810059
290 16.68318557739258
300 17.80707740783691
310 29.32316589355469
320 17.58483695983887
330 14.23484992980957
340 13.27488136291504
350 11.26041793823242
360 8.010749816894531
370 10.31278800964355
380 9.053443908691406
390 8.569100379943848
400 11.23384189605713
410 39.74299621582031
420 60.04450607299805
430 62.23244857788086
440 27.65456008911133
450 16.21363830566406
460 33.65917587280273
470 29.62973976135254
480 49.51817321777344
490 26.77642631530762
500 29.32508659362793
510 36.24212265014648
520 35.69787979125977
530 31.36528015136719
540 17.26755714416504
550 27.76316833496094
560 24.92266845703125
570 28.68436050415039
580 40.95918655395508
590 34.23341751098633
600 23.25836372375488
610 43.48949432373047
620 23.87809181213379
630 18.29959297180176
640 21.14406585693359
650 32.75625610351562
660 28.69008255004883
670 29.56730079650879
680 21.27280616760254
690 16.57464599609375
700 13.82401180267334
710 17.74352073669434
720 18.27281951904297
730 17.05074501037598
740 11.12015819549561
750 15.03726768493652
760 16.23263549804688
770 24.01225280761719
780 35.76955795288086
790 39.35968017578125
800 24.37724304199219
810 26.07685852050781
820 16.76115608215332
830 11.18263912200928
840 17.45693397521973
850 14.07371139526367
860 35.53078460693359
870 37.59801483154297
880 45.32296752929688
890 39.71646881103516
900 35.06198120117188
910 23.16990089416504
920 42.85503768920898
930 18.18008995056152
940 20.93853378295898
950 14.61125183105469
960 23.62808227539062
970 23.35287284851074
980 16.3297290802002
990 20.33211135864258
1000 12.97540664672852
1010 19.11097145080566
1020 16.21509552001953
1030 20.19084739685059
1040 25.12736701965332
1050 25.32757949829102
1060 45.70356750488281
1070 32.58059692382812
1080 22.48965072631836
1090 22.0172233581543
1100 22.34762382507324
1110 19.99192047119141
1120 25.13849258422852
1130 27.22727584838867
1140 27.31719017028809
1150 27.95656394958496
1160 14.59965705871582
1170 15.81419467926025
1180 15.0172061920166
1190 14.6190299987793
1200 24.15876388549805
1210 34.23692321777344
1220 39.46865463256836
1230 53.71610641479492
1240 46.96656036376953
1250 41.62612915039062
1260 46.38254165649414
1270 24.73702430725098
1280 27.50947952270508
1290 28.5299186706543
1300 27.76954650878906
1310 31.34121894836426
1320 28.2835578918457
1330 36.49896240234375
1340 42.22409820556641
1350 27.72015190124512
1360 30.57623481750488
1370 18.38401222229004
1380 17.94403457641602
1390 25.13901329040527
1400 14.11661624908447
1410 17.50015449523926
1420 10.04734039306641
1430 13.5332088470459
1440 29.06926155090332
1450 13.71905040740967
1460 19.01249313354492
1470 27.22160339355469
1480 20.55863571166992
1490 25.94870376586914
1500 30.10738182067871
1510 21.63213348388672
1520 21.01030731201172
1530 26.53542137145996
1540 26.50136184692383
1550 29.31531143188477
1560 11.78308582305908
1570 11.98348426818848
1580 9.421848297119141
1590 17.69856262207031
1600 18.95425224304199
1610 31.01786804199219
1620 28.3419246673584
1630 23.90790939331055
1640 39.03694915771484
1650 17.39813804626465
1660 35.46359252929688
1670 19.68713760375977
1680 47.69130706787109
1690 26.09248542785645
1700 19.63811302185059
1710 22.94847869873047
1720 17.07591247558594
1730 21.09618759155273
1740 30.83427429199219
1750 44.28256225585938
1760 18.0419750213623
1770 22.31017112731934
1780 19.19991683959961
1790 21.75825881958008
1800 29.64482498168945
1810 29.77039909362793
1820 34.22831344604492
1830 42.90217590332031
1840 16.69865798950195
1850 8.643953323364258
1860 23.62443923950195
1870 19.3712215423584
1880 11.43708610534668
1890 18.35850143432617
1900 11.46991157531738
1910 11.6761360168457
1920 25.24245262145996
1930 8.157001495361328
1940 7.945975303649902
1950 9.129249572753906
1960 9.408082962036133
1970 18.84684753417969
1980 19.66545867919922
1990 22.78160667419434
2000 30.30158233642578
2010 29.32773971557617
2020 22.50909233093262
2030 31.68298721313477
2040 26.00355529785156
2050 24.72752380371094
2060 25.57081031799316
2070 33.78742980957031
2080 28.23772811889648
2090 26.9459400177002
2100 43.59172058105469
2110 44.44987869262695
2120 60.52994155883789
2130 32.43561935424805
2140 21.50514030456543
2150 18.24891662597656
2160 10.11982440948486
2170 11.1609411239624
2180 11.38737678527832
2190 22.78372955322266
2200 30.94766616821289
2210 11.2864408493042
2220 21.87141227722168
2230 29.06353378295898
2240 13.86124038696289
2250 14.58684062957764
2260 24.79220390319824
2270 18.52945327758789
2280 29.10971260070801
2290 23.88834381103516
2300 16.27694511413574
2310 23.49527740478516
2320 20.45370864868164
2330 18.208984375
2340 11.32890319824219
2350 11.37062072753906
2360 17.67000007629395
2370 17.24076652526855
2380 22.4124755859375
2390 22.47678756713867
2400 16.38192558288574
2410 20.23647308349609
2420 24.34073066711426
2430 27.62764739990234
2440 32.60083770751953
2450 42.15654373168945
2460 21.83355712890625
2470 30.91837501525879
2480 33.02744674682617
2490 15.99852752685547
2500 19.98419189453125
2510 16.31824684143066
2520 38.25787353515625
2530 24.52453994750977
2540 16.15008544921875
2550 23.54952621459961
2560 23.21848487854004
2570 32.99065399169922
2580 20.48482513427734
2590 17.03954315185547
2600 19.77468681335449
2610 21.74714851379395
2620 18.02696800231934
2630 10.20994663238525
2640 6.630903244018555
2650 9.113107681274414
2660 17.42770576477051
2670 22.09535980224609
2680 29.95993614196777
2690 24.11463165283203
2700 27.6269359588623
2710 22.28954696655273
2720 20.74908638000488
2730 17.12830352783203
2740 15.58700752258301
2750 13.77663516998291
2760 11.24238395690918
2770 18.73319244384766
2780 26.00083541870117
2790 18.29583358764648
2800 16.54654121398926
2810 41.96577453613281
2820 34.1771125793457
2830 32.61868286132812
2840 41.74513244628906
2850 34.03550338745117
2860 51.98992538452148
2870 30.58080863952637
2880 32.24132919311523
2890 42.61456298828125
2900 21.97428131103516
2910 21.90789031982422
2920 31.81122207641602
2930 25.63374137878418
2940 19.8568058013916
2950 13.98405075073242
2960 16.58899879455566
2970 13.85084438323975
2980 9.71131420135498
2990 13.0422534942627
3000 14.59953308105469
3010 14.57553482055664
3020 12.83815670013428
3030 16.06387519836426
3040 11.06833839416504
3050 11.52641010284424
3060 17.57855033874512
3070 13.18904113769531
3080 8.414258003234863
3090 11.83408164978027
3100 13.70292472839355
3110 32.78199768066406
3120 24.31291389465332
3130 26.05681419372559
3140 17.31476211547852
3150 18.52120780944824
3160 19.81261444091797
3170 25.36369514465332
3180 25.10032081604004
3190 12.65151977539062
3200 15.22442626953125
3210 20.24761009216309
3220 15.6713981628418
3230 17.78917503356934
3240 19.15217208862305
3250 16.15696907043457
3260 16.22513580322266
3270 33.29322052001953
3280 23.70387268066406
3290 24.30525207519531
3300 32.35674667358398
3310 24.19658470153809
3320 27.99513816833496
3330 18.26727104187012
3340 26.56983947753906
3350 12.70946884155273
3360 28.54179000854492
3370 33.77909088134766
3380 14.81684303283691
3390 26.21905517578125
3400 13.40894889831543
3410 19.59280395507812
3420 23.83120346069336
3430 19.75264739990234
3440 14.13065910339355
3450 17.45267486572266
3460 15.61410331726074
3470 24.94058036804199
3480 13.60001945495605
3490 19.57605171203613
3500 19.45455169677734
3510 16.7695426940918
3520 7.557689666748047
3530 13.33291530609131
3540 18.8969898223877
3550 13.81180286407471
3560 14.2084493637085
3570 23.48970413208008
3580 12.99481391906738
3590 8.534135818481445
3600 22.81611251831055
3610 25.90050506591797
3620 15.43030548095703
3630 15.63760566711426
3640 16.45229148864746
3650 14.69834899902344
3660 24.04512023925781
3670 41.16923141479492
3680 32.38567352294922
3690 25.58969306945801
3700 20.2714729309082
3710 22.6895637512207
3720 21.52596664428711
3730 27.27417182922363
3740 21.91121482849121
3750 17.92930030822754
3760 17.65531921386719
3770 23.72898101806641
3780 24.98481178283691
3790 22.46522521972656
3800 21.2133960723877
3810 17.56154251098633
3820 15.40443515777588
3830 26.93125152587891
3840 18.36283493041992
3850 19.36923217773438
3860 11.09716606140137
3870 15.03639221191406
3880 13.42369651794434
3890 12.24501705169678
3900 9.13487720489502
3910 16.57138442993164
3920 11.71950340270996
3930 14.04238128662109
3940 29.42359924316406
3950 18.84425735473633
3960 17.09044647216797
3970 17.25464248657227
3980 19.46553039550781
3990 21.33848571777344
4000 24.02615356445312
4010 34.04806137084961
4020 18.69085693359375
4030 26.50226974487305
4040 30.53167343139648
4050 17.79511451721191
4060 45.18050384521484
4070 23.58845520019531
4080 40.68227386474609
4090 20.5567455291748
4100 18.55069732666016
4110 18.17839241027832
4120 40.39437103271484
4130 24.84405899047852
4140 17.6010856628418
4150 15.64249801635742
4160 6.00335168838501
4170 11.96735382080078
4180 11.15297412872314
4190 13.86871528625488
4200 18.59919738769531
4210 17.79110908508301
4220 19.31007957458496
4230 25.48628997802734
4240 9.970216751098633
4250 15.22672557830811
4260 22.23855972290039
4270 7.971075057983398
4280 28.37580490112305
4290 33.93260192871094
4300 28.12207794189453
4310 22.28182220458984
4320 22.8081226348877
4330 15.68544769287109
4340 23.13538932800293
4350 20.61668968200684
4360 18.08937072753906
4370 13.27422618865967
4380 14.66671371459961
4390 23.89124298095703
4400 13.5357494354248
4410 19.63545989990234
4420 48.81093978881836
4430 65.74271392822266
4440 35.48574447631836
4450 19.41889190673828
4460 24.85195541381836
4470 23.69330787658691
4480 23.04850387573242
4490 19.3587646484375
4500 18.13546371459961
4510 28.77325439453125
4520 21.34449768066406
4530 19.68133735656738
4540 18.25983619689941
4550 23.0596866607666
4560 15.5625057220459
4570 27.95616722106934
4580 24.00983810424805
4590 26.17398643493652
4600 20.87650299072266
4610 24.33378601074219
4620 15.15375518798828
4630 7.264877319335938
4640 11.72573852539062
4650 17.92013359069824
4660 24.94858169555664
4670 24.09233474731445
4680 20.87954330444336
4690 12.38408660888672
4700 17.96765327453613
4710 16.04018974304199
4720 16.14165687561035
4730 14.27892303466797
4740 10.8671178817749
4750 25.60446929931641
4760 26.64761161804199
4770 16.20413780212402
4780 15.73838710784912
4790 12.52688789367676
4800 10.93971729278564
4810 16.91879272460938
4820 19.22086143493652
4830 23.85036468505859
4840 19.37052154541016
4850 19.79839324951172
4860 24.46847915649414
4870 32.94994735717773
4880 27.64227867126465
4890 36.85089874267578
4900 24.46283721923828
4910 21.68230628967285
4920 23.9428825378418
4930 22.17653274536133
4940 25.69478034973145
4950 26.0544548034668
4960 18.01845169067383
4970 14.92712783813477
4980 14.51068019866943
4990 11.26679039001465
5000 21.28583145141602
5010 25.37711715698242
5020 28.27830505371094
5030 22.33228302001953
5040 20.42104339599609
5050 23.69351959228516
5060 21.14860534667969
5070 15.06365776062012
5080 23.6115608215332
5090 13.69218444824219
5100 14.09239864349365
5110 15.4167652130127
5120 7.917614936828613
5130 10.42144584655762
5140 24.22575569152832
5150 17.07562255859375
5160 9.916418075561523
5170 12.80112171173096
5180 13.49838352203369
5190 13.22941589355469
5200 13.25167655944824
5210 16.53509712219238
5220 21.3719539642334
5230 32.35271453857422
5240 23.95672607421875
5250 23.81976699829102
5260 32.67292022705078
5270 31.91192436218262
5280 21.3708438873291
5290 20.71905136108398
5300 14.55505561828613
5310 23.40291213989258
5320 18.59337997436523
5330 20.77530670166016
5340 17.61845588684082
5350 22.32646179199219
5360 24.23308944702148
5370 29.11084747314453
5380 16.26753425598145
5390 12.19962024688721
5400 12.54322814941406
5410 17.58820343017578
5420 21.01368141174316
5430 12.17244434356689
5440 13.21679306030273
5450 15.45903968811035
5460 19.5666389465332
5470 19.73393630981445
5480 16.52040100097656
5490 23.131591796875
5500 10.75754165649414
5510 13.5728702545166
5520 14.26279163360596
5530 11.03859710693359
5540 14.46811008453369
5550 12.66140174865723
5560 14.18369770050049
5570 17.96812438964844
5580 19.98810768127441
5590 21.07500839233398
5600 21.86442184448242
5610 31.62423706054688
5620 28.42844581604004
5630 17.88907814025879
5640 14.84947204589844
5650 18.27655982971191
5660 40.90972137451172
5670 31.68073081970215
5680 26.7578010559082
5690 34.16242218017578
5700 15.29410934448242
5710 22.26961898803711
5720 39.33272933959961
5730 14.70369338989258
5740 18.20112609863281
5750 28.20388031005859
5760 19.2515811920166
5770 11.70139598846436
5780 15.5670804977417
5790 21.58224487304688
5800 17.52300643920898
5810 12.35038661956787
5820 24.01379776000977
5830 24.85892486572266
5840 23.2973575592041
5850 15.74343204498291
5860 23.54508972167969
5870 10.96816444396973
5880 11.45821571350098
5890 18.82305335998535
5900 13.9542121887207
5910 18.52799987792969
5920 20.04665184020996
5930 21.31974029541016
5940 10.55811500549316
5950 7.11001443862915
5960 8.75510311126709
5970 14.11856842041016
5980 18.59732818603516
5990 16.01748085021973
6000 9.358858108520508
6010 7.351895332336426
6020 15.0274600982666
6030 20.00951385498047
6040 25.13433456420898
6050 23.69775009155273
6060 35.82321548461914
6070 30.65193939208984
6080 13.76370334625244
6090 34.61249160766602
6100 32.79660034179688
6110 44.78201675415039
6120 19.70193099975586
6130 22.41994476318359
6140 13.35311889648438
6150 20.1265811920166
6160 34.22256088256836
6170 17.63791084289551
6180 16.64610290527344
6190 17.68756484985352
6200 12.96929931640625
6210 8.219644546508789
6220 8.357921600341797
6230 22.90962600708008
6240 28.98360443115234
6250 25.58446502685547
6260 23.98725128173828
6270 19.82028388977051
6280 18.22976684570312
6290 12.03694438934326
6300 24.43917274475098
6310 18.05214309692383
6320 13.146409034729
6330 13.95301628112793
6340 20.91560554504395
6350 14.28528499603271
6360 16.91152572631836
6370 24.88668441772461
6380 15.3818826675415
6390 12.90943241119385
6400 15.47731399536133
6410 19.74283981323242
6420 48.07626342773438
6430 45.80939102172852
6440 21.06751251220703
6450 16.70530319213867
6460 21.20954322814941
6470 23.7408618927002
6480 23.14354705810547
6490 23.02739524841309
6500 18.06608390808105
6510 31.75607681274414
6520 44.1513786315918
6530 26.53162002563477
6540 20.76789474487305
6550 25.17565155029297
6560 20.37228393554688
6570 22.6904125213623
6580 15.26020812988281
6590 12.07594394683838
6600 16.32193374633789
6610 9.274933815002441
6620 14.31682872772217
6630 19.01402282714844
6640 16.88952255249023
6650 10.94134330749512
6660 14.54004383087158
6670 35.73879241943359
6680 13.24901294708252
6690 18.80142211914062
6700 26.57939147949219
6710 18.07897567749023
6720 18.80674362182617
6730 14.75005340576172
6740 11.5821008682251
6750 13.69599914550781
6760 27.34185028076172
6770 11.87028503417969
6780 13.61613941192627
6790 19.36706733703613
6800 21.13403511047363
6810 16.55795288085938
6820 10.54281616210938
6830 13.18219375610352
6840 22.88161277770996
6850 43.40887451171875
6860 28.45571327209473
6870 22.67487335205078
6880 27.15718078613281
6890 19.80004119873047
6900 14.73405456542969
6910 21.00179290771484
6920 25.50946044921875
6930 22.89542579650879
6940 27.74127006530762
6950 12.99192714691162
6960 18.40348625183105
6970 12.16055297851562
6980 12.76676368713379
6990 25.53979110717773
7000 38.27997970581055
7010 18.58542251586914
7020 18.81395721435547
7030 22.40763854980469
7040 13.13906574249268
7050 10.57956314086914
7060 13.35558986663818
7070 27.16284561157227
7080 28.18331718444824
7090 14.37589073181152
7100 11.76858234405518
7110 19.36115455627441
7120 12.31790924072266
7130 13.9111213684082
7140 18.9349193572998
7150 18.24814987182617
7160 24.91344451904297
7170 25.16803932189941
7180 20.72575187683105
7190 18.51950073242188
7200 17.8371524810791
7210 9.629795074462891
7220 8.90560245513916
7230 21.46212959289551
7240 20.49844360351562
7250 28.20707702636719
7260 32.10306167602539
7270 38.33680725097656
7280 42.16792297363281
7290 20.18898010253906
7300 21.08065986633301
7310 15.50183963775635
7320 7.60907506942749
7330 13.68616104125977
7340 20.67566108703613
7350 15.67487525939941
7360 21.17798614501953
7370 21.12945365905762
7380 32.01863479614258
7390 24.49035263061523
7400 18.33831024169922
7410 24.51699829101562
7420 21.57112503051758
7430 18.55776596069336
7440 22.65653610229492
7450 32.91588592529297
7460 29.87109565734863
7470 17.44408226013184
7480 16.66706466674805
7490 7.336366176605225
7500 13.16998672485352
7510 20.99367141723633
7520 16.66238212585449
7530 12.61934661865234
7540 12.28314208984375
7550 20.3018684387207
7560 7.590183734893799
7570 5.936785697937012
7580 13.92837238311768
7590 9.65518856048584
7600 10.15145874023438
7610 16.09418106079102
7620 22.54746246337891
7630 38.20968627929688
7640 29.14801788330078
7650 54.74805068969727
7660 44.60681915283203
7670 18.94613647460938
7680 18.17624664306641
7690 28.35134696960449
7700 23.90692520141602
7710 32.77922821044922
7720 18.18462562561035
7730 9.819761276245117
7740 23.20050430297852
7750 27.30413436889648
7760 34.58733367919922
7770 28.13149642944336
7780 16.38417053222656
7790 31.58825874328613
7800 29.31163215637207
7810 33.53622817993164
7820 25.73276138305664
7830 26.59212303161621
7840 14.2222900390625
7850 19.63102340698242
7860 15.99277782440186
7870 8.061065673828125
7880 11.69177341461182
7890 36.38071060180664
7900 21.95834732055664
7910 13.14574241638184
7920 10.78429317474365
7930 13.14141654968262
7940 15.85332107543945
7950 20.34611129760742
7960 16.22208213806152
7970 18.44905090332031
7980 17.45458030700684
7990 17.3846607208252
8000 17.56668853759766
8010 18.3177375793457
8020 34.85608673095703
8030 41.93454742431641
8040 20.27055931091309
8050 27.75773239135742
8060 25.00814056396484
8070 35.12418365478516
8080 38.24198532104492
8090 25.52046585083008
8100 37.56195449829102
8110 22.30446434020996
8120 27.91166687011719
8130 22.95373153686523
8140 25.42696762084961
8150 20.86649131774902
8160 38.6092529296875
8170 20.37285232543945
8180 17.75749969482422
8190 17.35427474975586
8200 17.66963958740234
8210 15.28743362426758
8220 14.8485050201416
8230 14.10182762145996
8240 16.74566078186035
8250 18.03540420532227
8260 20.38021659851074
8270 14.00441551208496
8280 13.42130565643311
8290 13.71877956390381
8300 16.55134963989258
8310 9.873477935791016
8320 9.265308380126953
8330 10.32853126525879
8340 17.05238342285156
8350 18.712890625
8360 15.8821268081665
8370 18.21079254150391
8380 12.97307682037354
8390 15.73353290557861
8400 13.63588809967041
