"Time Step" "point-vel-a"
22610 0.5135011672973633
22620 0.5123823285102844
22630 0.5113821029663086
22640 0.5105170607566833
22650 0.509814441204071
22660 0.5092978477478027
22670 0.5090377926826477
22680 0.509091854095459
22690 0.5094123482704163
22700 0.5098500847816467
22710 0.5103124976158142
22720 0.51077800989151
22730 0.5111603736877441
22740 0.5114395618438721
22750 0.5116413235664368
22760 0.5117999315261841
22770 0.5119735598564148
22780 0.5123045444488525
22790 0.5127577185630798
22800 0.5132820010185242
22810 0.5138533711433411
22820 0.5143643617630005
22830 0.5147749781608582
22840 0.5151088833808899
22850 0.515399694442749
22860 0.5155875682830811
22870 0.5156134366989136
22880 0.5154256820678711
22890 0.5150825977325439
22900 0.5146449208259583
22910 0.5141432881355286
22920 0.5136115550994873
22930 0.5131233334541321
22940 0.5127436518669128
22950 0.5124610066413879
22960 0.5122984647750854
22970 0.5123317241668701
22980 0.5125221610069275
22990 0.5129051208496094
23000 0.513430118560791
23010 0.5140983462333679
23020 0.5149170756340027
23030 0.5158692002296448
23040 0.5169218182563782
23050 0.5180328488349915
23060 0.5192639231681824
23070 0.5206550359725952
23080 0.5221471190452576
23090 0.5237024426460266
23100 0.5252739191055298
23110 0.5267640352249146
23120 0.5281592607498169
23130 0.5294154286384583
23140 0.5304062962532043
23150 0.5310462713241577
23160 0.5313560962677002
23170 0.5313316583633423
23180 0.5310490131378174
23190 0.5306568145751953
23200 0.5301448702812195
23210 0.5295165777206421
23220 0.5286794900894165
23230 0.5277326703071594
23240 0.5268070101737976
23250 0.5259175896644592
23260 0.5250726938247681
23270 0.524268627166748
23280 0.5234420895576477
23290 0.5225640535354614
23300 0.5216400623321533
23310 0.5207171440124512
23320 0.5197882652282715
23330 0.518876314163208
23340 0.5180767774581909
23350 0.5174325108528137
23360 0.5169283747673035
23370 0.5166123509407043
23380 0.5164910554885864
23390 0.5164332985877991
23400 0.516462504863739
23410 0.5165479183197021
23420 0.51671302318573
23430 0.5169567465782166
23440 0.517322838306427
23450 0.5178502798080444
23460 0.5185070037841797
23470 0.5192389488220215
23480 0.5199530720710754
23490 0.520563006401062
23500 0.5210530757904053
23510 0.521395742893219
23520 0.5215640664100647
23530 0.521525502204895
23540 0.5212114453315735
23550 0.5208362936973572
23560 0.5205157995223999
23570 0.5203516483306885
23580 0.5204009413719177
23590 0.520634651184082
23600 0.5210054516792297
23610 0.5214143395423889
23620 0.5217564702033997
23630 0.5220215916633606
23640 0.5222415924072266
23650 0.5224970579147339
23660 0.5227779746055603
23670 0.5231453776359558
23680 0.5236303806304932
23690 0.5242460370063782
23700 0.5250276327133179
23710 0.5260564088821411
23720 0.5273375511169434
23730 0.5288122892379761
23740 0.5305092930793762
23750 0.532436728477478
23760 0.5345593094825745
23770 0.5367355346679688
23780 0.5388450026512146
23790 0.5409504175186157
23800 0.5430916547775269
23810 0.5452690720558167
23820 0.5474855303764343
23830 0.5497769117355347
23840 0.5520161986351013
23850 0.5540633201599121
23860 0.5559538602828979
23870 0.5577733516693115
23880 0.5595195293426514
23890 0.5611733198165894
23900 0.5627146363258362
23910 0.5641209483146667
23920 0.5654276609420776
23930 0.5666702389717102
23940 0.567743718624115
23950 0.5686877369880676
23960 0.5695252418518066
23970 0.57021564245224
23980 0.5706734657287598
23990 0.570893406867981
24000 0.5708912014961243
15010 0.4493956863880157
15020 0.4496143460273743
15030 0.4499192237854004
15040 0.450325608253479
15050 0.4508876502513885
15060 0.4516614675521851
15070 0.4526595771312714
15080 0.4538686871528625
15090 0.4552262127399445
15100 0.456696480512619
15110 0.4581225514411926
15120 0.4594162106513977
15130 0.4605506062507629
15140 0.4615376591682434
15150 0.4623152017593384
15160 0.4628405272960663
15170 0.4630500972270966
15180 0.4629625082015991
15190 0.462726503610611
15200 0.4623335599899292
15210 0.4617732465267181
15220 0.4609648585319519
15230 0.4599612951278687
15240 0.4588392376899719
15250 0.4576850533485413
15260 0.4565257430076599
15270 0.4553431868553162
15280 0.4540929198265076
15290 0.4527601897716522
15300 0.4513735473155975
15310 0.4500011503696442
15320 0.4486786723136902
15330 0.4473993182182312
15340 0.4461625218391418
15350 0.4449835419654846
15360 0.4438944160938263
15370 0.4430012106895447
15380 0.4422789216041565
15390 0.4416820704936981
15400 0.4412208199501038
15410 0.4409420192241669
15420 0.4408213794231415
15430 0.4408572912216187
15440 0.441068559885025
15450 0.4414455890655518
15460 0.4419423639774323
15470 0.4424977600574493
15480 0.4430441856384277
15490 0.4435395300388336
15500 0.4439767301082611
15510 0.4442833065986633
15520 0.4444141685962677
15530 0.4443692266941071
15540 0.4441100060939789
15550 0.4436993598937988
15560 0.4432251751422882
15570 0.4427769482135773
15580 0.4423795342445374
15590 0.4420673549175262
15600 0.4418080151081085
15610 0.441500335931778
15620 0.4411491751670837
15630 0.4407530725002289
15640 0.4403121471405029
15650 0.4398755133152008
15660 0.4394564926624298
15670 0.4390921294689178
15680 0.4388491213321686
15690 0.4387162029743195
15700 0.4387142658233643
15710 0.4389280676841736
15720 0.4393764734268188
15730 0.4400553703308105
15740 0.4410362839698792
15750 0.4423308968544006
15760 0.443886786699295
15770 0.4455445408821106
15780 0.4471798837184906
15790 0.4487558305263519
15800 0.4503593444824219
15810 0.452088326215744
15820 0.4538683295249939
15830 0.4555038213729858
15840 0.4570556879043579
15850 0.4585959911346436
15860 0.4600831270217896
15870 0.4614974558353424
15880 0.4628681540489197
15890 0.4641771614551544
15900 0.4654302299022675
15910 0.4666382372379303
15920 0.4677645564079285
15930 0.4688499867916107
15940 0.4698543548583984
15950 0.4709157049655914
15960 0.4720287621021271
15970 0.4731413125991821
15980 0.4741985201835632
15990 0.4750739932060242
16000 0.4757261276245117
16010 0.4761785864830017
16020 0.4764404296875
16030 0.4764562547206879
16040 0.4762378931045532
16050 0.4758606255054474
16060 0.4753245413303375
16070 0.4746524691581726
16080 0.4738524854183197
16090 0.4729513823986053
16100 0.4719732999801636
16110 0.470936506986618
16120 0.4697952270507812
16130 0.4685890376567841
16140 0.467377245426178
16150 0.4661452174186707
16160 0.4649047255516052
16170 0.4636946320533752
16180 0.4625628292560577
16190 0.461456835269928
16200 0.4603776037693024
16210 0.4594183564186096
16220 0.4585424363613129
16230 0.4577236473560333
16240 0.4569669663906097
16250 0.4563030302524567
16260 0.4557428956031799
16270 0.4553042650222778
16280 0.4549871981143951
16290 0.4548519551753998
16300 0.4548203349113464
16310 0.4547760784626007
16320 0.4547229111194611
16330 0.4547138810157776
16340 0.4547752439975739
16350 0.4548962116241455
16360 0.455047994852066
16370 0.4552584588527679
16380 0.4556669890880585
16390 0.456309050321579
16400 0.4571026563644409
16410 0.4580186307430267
16420 0.4589694440364838
16430 0.4598957002162933
16440 0.460794985294342
16450 0.4616473019123077
16460 0.4623596668243408
16470 0.4628796279430389
16480 0.4631860256195068
16490 0.4632487893104553
16500 0.463109165430069
16510 0.4628280401229858
16520 0.462436854839325
16530 0.4620786011219025
16540 0.4617902934551239
16550 0.461511105298996
16560 0.4612575471401215
16570 0.4611654877662659
16580 0.4612120985984802
16590 0.4614235758781433
16600 0.4617938101291656
16610 0.4623159766197205
16620 0.4629794359207153
16630 0.4637451469898224
16640 0.4646382331848145
16650 0.4656760990619659
16660 0.4669062793254852
16670 0.4683277010917664
16680 0.4699001610279083
16690 0.4715693593025208
16700 0.4732809960842133
16710 0.4749042391777039
16720 0.476367712020874
16730 0.4777180552482605
16740 0.4789303839206696
16750 0.4798931181430817
16760 0.4805139005184174
16770 0.4807723462581635
16780 0.4807530343532562
16790 0.4805717468261719
16800 0.4801951050758362
16810 0.4796478450298309
16820 0.4788794219493866
16830 0.477944016456604
16840 0.4769364297389984
16850 0.4759192168712616
16860 0.4748904705047607
16870 0.4738296866416931
16880 0.4726719856262207
16890 0.4714277684688568
16900 0.470083624124527
16910 0.4687040448188782
16920 0.467335432767868
16930 0.4659764468669891
16940 0.4646873772144318
16950 0.4634876549243927
16960 0.4623583257198334
16970 0.4614301323890686
16980 0.4606958031654358
16990 0.460060179233551
17000 0.4594894647598267
17010 0.4590042233467102
17020 0.458658754825592
17030 0.4584703743457794
17040 0.4584313631057739
17050 0.4585493505001068
17060 0.458842009305954
17070 0.4592733681201935
17080 0.4597534239292145
17090 0.4602309167385101
17100 0.4606550335884094
17110 0.4609458744525909
17120 0.4610448777675629
17130 0.4609571695327759
17140 0.4606511294841766
17150 0.4601647853851318
17160 0.4596007168292999
17170 0.4590804874897003
17180 0.4585824608802795
17190 0.4581484794616699
17200 0.4577310383319855
17210 0.4572348594665527
17220 0.4566815197467804
17230 0.4560606181621552
17240 0.4553970694541931
17250 0.4547429978847504
17260 0.4541235864162445
17270 0.4536170065402985
17280 0.4532940983772278
17290 0.4531720280647278
17300 0.4532777965068817
17310 0.4536363482475281
17320 0.4542524218559265
17330 0.4550990164279938
17340 0.4562147259712219
17350 0.4576075673103333
17360 0.4592129290103912
17370 0.4609120488166809
17380 0.4625891745090485
17390 0.4641979336738586
17400 0.465824156999588
17410 0.4675417244434357
17420 0.4692021608352661
17430 0.4707983732223511
17440 0.4723709225654602
17450 0.4739523231983185
17460 0.4754281938076019
17470 0.4768948256969452
17480 0.4783545732498169
17490 0.4798094034194946
17500 0.481255441904068
17510 0.4826269149780273
17520 0.4838990569114685
17530 0.4851387441158295
17540 0.4863197803497314
17550 0.4875002205371857
17560 0.4886298179626465
17570 0.4896337985992432
17580 0.4904805123806
17590 0.4911092221736908
17600 0.4915015399456024
17610 0.4916930198669434
17620 0.4916717112064362
17630 0.491371750831604
17640 0.4908121824264526
17650 0.4900497794151306
17660 0.4890678524971008
17670 0.4878857731819153
17680 0.486565887928009
17690 0.4851601719856262
17700 0.4836952984333038
17710 0.4821639060974121
17720 0.4805105328559875
17730 0.4787713885307312
17740 0.4770005345344543
17750 0.4751862287521362
17760 0.4733538925647736
17770 0.4715755879878998
17780 0.4698816537857056
17790 0.4682463407516479
17800 0.466731458902359
17810 0.4654416441917419
17820 0.4643392264842987
17830 0.4634245932102203
17840 0.4627212584018707
17850 0.4622383713722229
17860 0.4619334042072296
17870 0.4617840945720673
17880 0.4617840647697449
17890 0.4619230926036835
17900 0.4620997905731201
17910 0.4622550308704376
17920 0.4623992741107941
17930 0.4625352621078491
17940 0.4626531600952148
17950 0.4627731442451477
17960 0.4629358947277069
17970 0.4631960391998291
17980 0.4636474549770355
17990 0.4643822014331818
18000 0.4653337001800537
18010 0.4664148092269897
18020 0.4675693213939667
18030 0.468750536441803
18040 0.4699355065822601
18050 0.4711204767227173
18060 0.4722223877906799
18070 0.4731416404247284
18080 0.4738384187221527
18090 0.474284291267395
18100 0.474475622177124
18110 0.4744697213172913
18120 0.4743028879165649
18130 0.474077045917511
18140 0.4739112854003906
18150 0.4738537967205048
18160 0.4739102125167847
18170 0.4741744697093964
18180 0.474626749753952
18190 0.4752695560455322
18200 0.476084440946579
18210 0.4770388305187225
18220 0.4781128168106079
18230 0.4792688488960266
18240 0.4804840087890625
18250 0.4817370474338531
18260 0.4830794036388397
18270 0.4845857620239258
18280 0.4862307012081146
18290 0.4879771173000336
18300 0.4897878766059875
18310 0.491560310125351
18320 0.4932851791381836
18330 0.4949387013912201
18340 0.4963879883289337
18350 0.4975578784942627
18360 0.4984198808670044
18370 0.4989700317382812
18380 0.4992696046829224
18390 0.4994190037250519
18400 0.4994181394577026
18410 0.4992716610431671
18420 0.4988794922828674
18430 0.4983354806900024
18440 0.497725248336792
18450 0.4970522224903107
18460 0.4963299930095673
18470 0.4955591857433319
18480 0.4946881234645844
18490 0.4937432706356049
18500 0.4927083253860474
18510 0.4916309118270874
18520 0.4905557930469513
18530 0.4895113706588745
18540 0.4885545372962952
18550 0.4877035915851593
18560 0.4869681894779205
18570 0.4864451885223389
18580 0.4860949814319611
18590 0.4858527779579163
18600 0.4857132434844971
18610 0.4857048094272614
18620 0.4858514964580536
18630 0.4861171841621399
18640 0.4865044057369232
18650 0.4869970083236694
18660 0.4875847697257996
18670 0.4882535338401794
18680 0.4889290928840637
18690 0.4895625710487366
18700 0.4901071786880493
18710 0.4904777407646179
18720 0.4906178414821625
18730 0.4905188083648682
18740 0.4901293218135834
18750 0.4896142482757568
18760 0.4890575408935547
18770 0.4885239899158478
18780 0.4880077838897705
18790 0.4875414669513702
18800 0.4871290028095245
18810 0.4866583347320557
18820 0.4860602617263794
18830 0.4853778183460236
18840 0.4846828579902649
18850 0.4840312898159027
18860 0.4834446907043457
18870 0.4829764068126678
18880 0.4827257394790649
18890 0.4826890230178833
18900 0.4828735589981079
18910 0.4833042025566101
18920 0.4840062856674194
18930 0.4849600791931152
18940 0.4862096905708313
18950 0.4877471327781677
18960 0.4894640147686005
18970 0.49119633436203
18980 0.4928435385227203
18990 0.4944802224636078
19000 0.496175080537796
19010 0.4978934228420258
19020 0.4996527135372162
19030 0.5014628767967224
19040 0.5032418370246887
19050 0.5048913955688477
19060 0.506509006023407
19070 0.5081707835197449
19080 0.5098301768302917
19090 0.5114490389823914
19100 0.5129695534706116
19110 0.5143917798995972
19120 0.51569002866745
19130 0.516852855682373
19140 0.5178540349006653
19150 0.518770694732666
19160 0.5195258855819702
19170 0.5201026201248169
19180 0.5204134583473206
19190 0.5204657316207886
19200 0.5202961564064026
19210 0.5199560523033142
19220 0.5194541215896606
19230 0.5187379717826843
19240 0.5178020596504211
19250 0.5166794657707214
19260 0.5153810977935791
19270 0.5139350891113281
19280 0.5123605728149414
19290 0.5107201337814331
19300 0.5090185403823853
19310 0.5072944760322571
19320 0.5055125951766968
19330 0.5036796927452087
19340 0.5018050670623779
19350 0.4998852610588074
19360 0.4979276359081268
19370 0.4960063397884369
19380 0.4942252933979034
19390 0.4925897419452667
19400 0.4911813139915466
19410 0.4900646507740021
19420 0.4891595840454102
19430 0.4884505867958069
19440 0.4879600405693054
19450 0.4876832067966461
19460 0.4876145720481873
19470 0.487782210111618
19480 0.488203227519989
19490 0.4888310730457306
19500 0.4894742965698242
19510 0.4900658428668976
19520 0.4906217455863953
19530 0.4911116063594818
19540 0.4915246963500977
19550 0.4918808937072754
19560 0.4921807646751404
19570 0.4924262166023254
19580 0.4927393198013306
19590 0.4931325018405914
19600 0.4936051070690155
19610 0.4941448867321014
19620 0.4946868717670441
19630 0.4952075481414795
19640 0.4957241714000702
19650 0.4962190985679626
19660 0.4965621829032898
19670 0.4966936707496643
19680 0.4966252446174622
19690 0.4963639974594116
19700 0.4959706664085388
19710 0.4954932928085327
19720 0.4949663281440735
19730 0.4944893419742584
19740 0.4940758049488068
19750 0.493758499622345
19760 0.4935778379440308
19770 0.493616133928299
19780 0.4938296377658844
19790 0.494251161813736
19800 0.4948925971984863
19810 0.4957344233989716
19820 0.496696412563324
19830 0.4977375566959381
19840 0.4988406598567963
19850 0.4999925792217255
19860 0.5012456774711609
19870 0.5026615262031555
19880 0.5041999220848083
19890 0.5057780742645264
19900 0.5073460936546326
19910 0.5087848901748657
19920 0.5100131034851074
19930 0.5110447406768799
19940 0.5118400454521179
19950 0.5123467445373535
19960 0.5125393867492676
19970 0.5123436450958252
19980 0.5118533968925476
19990 0.5111830830574036
20000 0.5103365778923035
20010 0.5093391537666321
20020 0.50812828540802
20030 0.5067806839942932
20040 0.5053912997245789
20050 0.5040459632873535
20060 0.5027575492858887
20070 0.5014452934265137
20080 0.5000472068786621
20090 0.4985703825950623
20100 0.4970251321792603
20110 0.4955130517482758
20120 0.4940448403358459
20130 0.4926323592662811
20140 0.4912956655025482
20150 0.4900748133659363
20160 0.4889891147613525
20170 0.488153487443924
20180 0.4875463545322418
20190 0.4870595335960388
20200 0.4866920113563538
20210 0.4864967465400696
20220 0.4864650368690491
20230 0.4865378737449646
20240 0.4866752624511719
20250 0.4869265258312225
20260 0.4873160719871521
20270 0.4878178536891937
20280 0.4883463978767395
20290 0.488827258348465
20300 0.4892103970050812
20310 0.4894269108772278
20320 0.4893892109394073
20330 0.4890594482421875
20340 0.4884441196918488
20350 0.4877881407737732
20360 0.4871530830860138
20370 0.4866023063659668
20380 0.4861416220664978
20390 0.4857639968395233
20400 0.4854912757873535
20410 0.4852465689182281
20420 0.4849941730499268
20430 0.4847504198551178
20440 0.4845223724842072
20450 0.484353095293045
20460 0.4842522740364075
20470 0.4842632710933685
20480 0.4844372272491455
20490 0.4847793579101562
20500 0.4852814078330994
20510 0.4860019087791443
20520 0.4869639873504639
20530 0.4881472587585449
20540 0.489566832780838
20550 0.4912491738796234
20560 0.4931514859199524
20570 0.4951163232326508
20580 0.4969915151596069
20590 0.4987927377223969
20600 0.500584602355957
20610 0.5024408102035522
20620 0.504311740398407
20630 0.5062007904052734
20640 0.508004367351532
20650 0.5095948576927185
20660 0.5110265016555786
20670 0.5124229192733765
20680 0.5137872695922852
20690 0.5150613784790039
20700 0.5162397623062134
20710 0.5173335671424866
20720 0.518390953540802
20730 0.5194249153137207
20740 0.5203850269317627
20750 0.5212734341621399
20760 0.5220077037811279
20770 0.5225632786750793
20780 0.5229437947273254
20790 0.5230745673179626
20800 0.5229640603065491
20810 0.5226863622665405
20820 0.5222418308258057
20830 0.5215730667114258
20840 0.5206822156906128
20850 0.519618809223175
20860 0.518402636051178
20870 0.5170453190803528
20880 0.5155780911445618
20890 0.5140790343284607
20900 0.5125197172164917
20910 0.5109193921089172
20920 0.5092400312423706
20930 0.5075198411941528
20940 0.5058005452156067
20950 0.5040737390518188
20960 0.5023200511932373
20970 0.5005791187286377
20980 0.498901754617691
20990 0.4973196387290955
21000 0.4959271252155304
21010 0.4947704970836639
21020 0.4937621653079987
21030 0.4928779006004333
21040 0.4921739399433136
21050 0.4916713237762451
21060 0.4913544654846191
21070 0.4912912845611572
21080 0.4915400147438049
21090 0.4920959770679474
21100 0.4927686452865601
21110 0.4934747815132141
21120 0.4942314028739929
21130 0.4949451684951782
21140 0.495591402053833
21150 0.4961848556995392
21160 0.496744692325592
21170 0.4973200559616089
21180 0.4980140626430511
21190 0.4988088011741638
21200 0.4996835589408875
21210 0.5006221532821655
21220 0.5015214681625366
21230 0.5023279190063477
21240 0.5030525326728821
21250 0.5037232637405396
21260 0.5042561292648315
21270 0.5045439600944519
21280 0.5045852065086365
21290 0.5044176578521729
21300 0.5041001439094543
21310 0.5036860108375549
21320 0.5032063126564026
21330 0.5027556419372559
21340 0.5023921132087708
21350 0.5021237134933472
21360 0.5019813179969788
21370 0.502043604850769
21380 0.5022756457328796
21390 0.5027119517326355
21400 0.5033500790596008
21410 0.50416499376297
21420 0.5051357746124268
21430 0.5062325596809387
21440 0.5074316263198853
21450 0.508699357509613
21460 0.5100885033607483
21470 0.5116549134254456
21480 0.5133620500564575
21490 0.5151477456092834
21500 0.5169513821601868
21510 0.5186439752578735
21520 0.5201666355133057
21530 0.5215201377868652
21540 0.5226417183876038
21550 0.5234459042549133
21560 0.5239053964614868
21570 0.524005651473999
21580 0.5238409638404846
21590 0.5235217809677124
21600 0.5230617523193359
21610 0.522454559803009
21620 0.5216317772865295
21630 0.5206820368766785
21640 0.5197404623031616
21650 0.5188434720039368
21660 0.5179919004440308
21670 0.5171685814857483
21680 0.5162997841835022
21690 0.5153743624687195
21700 0.5143789052963257
21710 0.5133856534957886
21720 0.5124204754829407
21730 0.5115147233009338
21740 0.5107100605964661
21750 0.5100199580192566
21760 0.5094422101974487
21770 0.5091003775596619
21780 0.5089459419250488
21790 0.5088590383529663
21800 0.5088629722595215
21810 0.5089804530143738
21820 0.5092269778251648
21830 0.5095791816711426
21840 0.5100120902061462
21850 0.5105615854263306
21860 0.5112454891204834
21870 0.5120478868484497
21880 0.5128536224365234
21890 0.5135685801506042
21900 0.5141565799713135
21910 0.5145634412765503
21920 0.5147100687026978
21930 0.5145251154899597
21940 0.514030396938324
21950 0.5134947299957275
21960 0.5129715800285339
21970 0.5125479698181152
21980 0.5122383236885071
21990 0.5120170116424561
22000 0.5119009613990784
22010 0.5118395090103149
22020 0.5117278099060059
22030 0.5115655660629272
22040 0.5113865733146667
22050 0.5112367868423462
22060 0.5111287832260132
22070 0.5110974311828613
22080 0.5111624002456665
22090 0.5113008618354797
22100 0.5116113424301147
22110 0.5121628046035767
22120 0.5129484534263611
22130 0.5139177441596985
22140 0.5151263475418091
22150 0.5166012048721313
22160 0.51828932762146
22170 0.5200397968292236
22180 0.521709144115448
22190 0.5233198404312134
22200 0.5249399542808533
22210 0.5266073942184448
22220 0.5283091068267822
22230 0.5300031304359436
22240 0.5315585732460022
22250 0.5328705310821533
22260 0.5340055823326111
22270 0.5350800156593323
22280 0.5361204147338867
22290 0.5370924472808838
22300 0.537985622882843
22310 0.5387830138206482
22320 0.5395761132240295
22330 0.5403950810432434
22340 0.5411331653594971
22350 0.5417969822883606
22360 0.5423620343208313
22370 0.542769193649292
22380 0.5429852604866028
22390 0.5429703593254089
22400 0.542743444442749
22410 0.5423781275749207
22420 0.5418720841407776
22430 0.5411669015884399
22440 0.540245532989502
22450 0.5391414165496826
22460 0.5378827452659607
22470 0.5364911556243896
22480 0.5349783301353455
22490 0.5334174036979675
22500 0.5318269729614258
22510 0.5302268862724304
22520 0.5285604000091553
22530 0.5268040299415588
22540 0.5250114798545837
22550 0.5232056379318237
22560 0.5214017033576965
22570 0.5196367502212524
22580 0.5179306268692017
22590 0.5162591934204102
22600 0.5147671103477478
14810 0.4553620219230652
14820 0.4560036361217499
14830 0.4565964639186859
14840 0.4571068584918976
14850 0.4575354754924774
14860 0.4577940404415131
14870 0.4578045606613159
14880 0.4575420916080475
14890 0.4570359885692596
14900 0.4563451707363129
14910 0.455530971288681
14920 0.4546468257904053
14930 0.4537505507469177
14940 0.4528534412384033
14950 0.4519681930541992
14960 0.4511184990406036
14970 0.4504087269306183
14980 0.4498656988143921
14990 0.4495123326778412
15000 0.4493636190891266
8010 0.4122327566146851
8020 0.4116657376289368
8030 0.4111461043357849
8040 0.4106611013412476
8050 0.4102313816547394
8060 0.4098832011222839
8070 0.4096063077449799
8080 0.4093897342681885
8090 0.4092610478401184
8100 0.4092094600200653
8110 0.4092114269733429
8120 0.4092413485050201
8130 0.4093100130558014
8140 0.4094542264938354
8150 0.4096368551254272
8160 0.4097584784030914
8170 0.4098537564277649
8180 0.4099045395851135
8190 0.4098666310310364
8200 0.4097113907337189
8210 0.4093687534332275
8220 0.4088756740093231
8230 0.4083274006843567
8240 0.40773805975914
8250 0.4071316123008728
8260 0.4065044820308685
8270 0.4058818519115448
8280 0.4052768349647522
8290 0.4047064483165741
8300 0.4041841328144073
8310 0.4037264585494995
8320 0.4033278524875641
8330 0.4029449224472046
8340 0.4025463461875916
8350 0.4021590352058411
8360 0.4018377065658569
8370 0.4015874862670898
8380 0.401421070098877
8390 0.4012793004512787
8400 0.4011799693107605
8410 0.4011857807636261
8420 0.4013059437274933
8430 0.4015158712863922
8440 0.4018039107322693
8450 0.4021762013435364
8460 0.40263432264328
8470 0.4031670987606049
8480 0.4037268161773682
8490 0.4042708575725555
8500 0.404742568731308
8510 0.4051235616207123
8520 0.4053959250450134
8530 0.4056024849414825
8540 0.4057680666446686
8550 0.4058926999568939
8560 0.4059979617595673
8570 0.4061579704284668
8580 0.4063642621040344
8590 0.4066389799118042
8600 0.4070422649383545
8610 0.4075486361980438
8620 0.408166229724884
8630 0.4088840484619141
8640 0.4096704721450806
8650 0.4105166494846344
8660 0.411462277173996
8670 0.4125303626060486
8680 0.4136814475059509
8690 0.4148915112018585
8700 0.4161069691181183
8710 0.417237401008606
8720 0.4182130098342896
8730 0.4190417528152466
8740 0.4196571409702301
8750 0.4200068116188049
8760 0.4201115071773529
8770 0.4200380146503448
8780 0.4198573529720306
8790 0.4196764826774597
8800 0.4195413589477539
8810 0.4194101691246033
8820 0.4192360937595367
8830 0.4190586507320404
8840 0.4188486933708191
8850 0.4185777604579926
8860 0.4181752502918243
8870 0.4175901114940643
8880 0.4169652462005615
8890 0.416329562664032
8900 0.4156473278999329
8910 0.4149435758590698
8920 0.4142425656318665
8930 0.4135864973068237
8940 0.4129645824432373
8950 0.4123828113079071
8960 0.4118724167346954
8970 0.4113793969154358
8980 0.410921573638916
8990 0.4105118215084076
9000 0.4101331532001495
9010 0.409794956445694
9020 0.4094716310501099
9030 0.4090890288352966
9040 0.408608078956604
9050 0.4080432653427124
9060 0.407436341047287
9070 0.4068393409252167
9080 0.406237006187439
9090 0.4056355655193329
9100 0.4050730168819427
9110 0.4045080542564392
9120 0.403895765542984
9130 0.403249204158783
9140 0.4025396406650543
9150 0.4018864035606384
9160 0.4013127088546753
9170 0.400807112455368
9180 0.4004238843917847
9190 0.40018230676651
9200 0.4000113904476166
9210 0.3999280035495758
9220 0.3999490141868591
9230 0.4000539481639862
9240 0.4002988934516907
9250 0.4005999863147736
9260 0.4008508026599884
9270 0.4010388553142548
9280 0.401093602180481
9290 0.4010874629020691
9300 0.4011974036693573
9310 0.4014580845832825
9320 0.40184286236763
9330 0.4024018943309784
9340 0.4031822085380554
9350 0.4042477309703827
9360 0.4055743217468262
9370 0.4070507884025574
9380 0.4086010456085205
9390 0.4101923406124115
9400 0.4117687940597534
9410 0.4133342802524567
9420 0.4148849546909332
9430 0.4163449108600616
9440 0.4176754355430603
9450 0.4188432693481445
9460 0.4198878705501556
9470 0.4208237826824188
9480 0.4216511249542236
9490 0.4223315417766571
9500 0.4227375686168671
9510 0.4227460026741028
9520 0.4223935306072235
9530 0.4218035340309143
9540 0.4210439622402191
9550 0.4202916324138641
9560 0.4195254147052765
9570 0.4187898635864258
9580 0.4181521236896515
9590 0.4176270067691803
9600 0.4171831607818604
9610 0.4168228805065155
9620 0.4165214598178864
9630 0.4162583351135254
9640 0.4160539507865906
9650 0.4158960580825806
9660 0.4157740473747253
9670 0.4156659841537476
9680 0.415545254945755
9690 0.4154427349567413
9700 0.4153861701488495
9710 0.4154167175292969
9720 0.4154593348503113
9730 0.4154780507087708
9740 0.4154612720012665
9750 0.4154018461704254
9760 0.4152092933654785
9770 0.4149692952632904
9780 0.4147088527679443
9790 0.4144185483455658
9800 0.4140686392784119
9810 0.4136815965175629
9820 0.4132044315338135
9830 0.4126817584037781
9840 0.4121352434158325
9850 0.4115889966487885
9860 0.4110749065876007
9870 0.4106141626834869
9880 0.410230815410614
9890 0.409941166639328
9900 0.4097024202346802
9910 0.4094961583614349
9920 0.4093274176120758
9930 0.4091385006904602
9940 0.4088777303695679
9950 0.4086148738861084
9960 0.4084406495094299
9970 0.4083734452724457
9980 0.4084545075893402
9990 0.4086432456970215
10000 0.4089375436306
10010 0.409353494644165
10020 0.4098618626594543
10030 0.4104152619838715
10040 0.4109749794006348
10050 0.4115250706672668
10060 0.4120048582553864
10070 0.4123670160770416
10080 0.4125785231590271
10090 0.4126632511615753
10100 0.4126462042331696
10110 0.4125040471553802
10120 0.4122667908668518
10130 0.411998450756073
10140 0.4117071926593781
10150 0.4114206433296204
10160 0.411182165145874
10170 0.4110581278800964
10180 0.4110419750213623
10190 0.4111925661563873
10200 0.411608099937439
10210 0.4123043715953827
10220 0.4132115244865417
10230 0.4142736196517944
10240 0.4154687821865082
10250 0.4168165922164917
10260 0.418321430683136
10270 0.4199422001838684
10280 0.4216206967830658
10290 0.4233322739601135
10300 0.4250580966472626
10310 0.4267020225524902
10320 0.4282186627388
10330 0.4295887649059296
10340 0.4307211935520172
10350 0.4316026568412781
10360 0.4322644174098969
10370 0.4326792061328888
10380 0.4328764677047729
10390 0.4329692423343658
10400 0.4330238401889801
10410 0.4330684542655945
10420 0.4330346584320068
10430 0.4329192638397217
10440 0.4327019155025482
10450 0.4323668479919434
10460 0.4318760633468628
10470 0.4312605559825897
10480 0.4305694997310638
10490 0.4297777414321899
10500 0.4288884699344635
10510 0.4279550909996033
10520 0.4270167946815491
10530 0.4261140823364258
10540 0.4253178238868713
10550 0.4247129559516907
10560 0.4243647456169128
10570 0.4242618083953857
10580 0.4244393706321716
10590 0.4247260093688965
10600 0.4249626994132996
10610 0.4251493811607361
10620 0.4252328276634216
10630 0.4251745343208313
10640 0.4249799251556396
10650 0.4247064888477325
10660 0.4244354367256165
10670 0.4242003560066223
10680 0.4239509105682373
10690 0.423670768737793
10700 0.42335045337677
10710 0.422955721616745
10720 0.4224666059017181
10730 0.4219166040420532
10740 0.4212901592254639
10750 0.420706033706665
10760 0.4202166795730591
10770 0.4197910130023956
10780 0.4194531440734863
10790 0.4192370772361755
10800 0.4191287457942963
10810 0.4191302359104156
10820 0.4192091226577759
10830 0.4192861020565033
10840 0.4193699657917023
10850 0.41947141289711
10860 0.4196043610572815
10870 0.4198920130729675
10880 0.420380711555481
10890 0.4210065901279449
10900 0.4218201637268066
10910 0.4228851199150085
10920 0.4242293834686279
10930 0.4257888197898865
10940 0.4275371730327606
10950 0.4294362366199493
10960 0.4314440488815308
10970 0.4334518313407898
10980 0.4354036152362823
10990 0.4373800158500671
11000 0.43939208984375
11010 0.4414629936218262
11020 0.4436498582363129
11030 0.4458560049533844
11040 0.4479916989803314
11050 0.4500102996826172
11060 0.4518687427043915
11070 0.4535758197307587
11080 0.4551430642604828
11090 0.456526905298233
11100 0.4576449394226074
11110 0.4584101438522339
11120 0.4588143825531006
11130 0.4589255154132843
11140 0.4587715864181519
11150 0.4585619866847992
11160 0.4583083391189575
11170 0.458012580871582
11180 0.4577211141586304
11190 0.4574368298053741
11200 0.4571269452571869
11210 0.456845760345459
11220 0.4565952122211456
11230 0.4563499391078949
11240 0.4561361968517303
11250 0.4559381902217865
11260 0.4556871950626373
11270 0.4553428292274475
11280 0.4549209177494049
11290 0.4544287919998169
11300 0.4538524448871613
11310 0.453220009803772
11320 0.4525137543678284
11330 0.4517306089401245
11340 0.4508864879608154
11350 0.4499609470367432
11360 0.4489599764347076
11370 0.44797083735466
11380 0.4469936788082123
11390 0.446011483669281
11400 0.4450332522392273
11410 0.4441427290439606
11420 0.4433788657188416
11430 0.442677915096283
11440 0.4419976472854614
11450 0.4413537681102753
11460 0.4407412707805634
11470 0.4401494860649109
11480 0.439605325460434
11490 0.4391299188137054
11500 0.4386483430862427
11510 0.4381339550018311
11520 0.4375811517238617
11530 0.4369412362575531
11540 0.4362008571624756
11550 0.4354231059551239
11560 0.4346990883350372
11570 0.4340493679046631
11580 0.4335607588291168
11590 0.433256208896637
11600 0.43308225274086
11610 0.4330190420150757
11620 0.4330077767372131
11630 0.4329963326454163
11640 0.4329297542572021
11650 0.432762622833252
11660 0.4324646592140198
11670 0.4320380389690399
11680 0.4314530193805695
11690 0.430734395980835
11700 0.429895281791687
11710 0.4289449453353882
11720 0.4279484748840332
11730 0.4269540905952454
11740 0.4259772002696991
11750 0.4250808358192444
11760 0.4243311285972595
11770 0.423788994550705
11780 0.4234500825405121
11790 0.4233315885066986
11800 0.4234619736671448
11810 0.4238596260547638
11820 0.4244966208934784
11830 0.4253209829330444
11840 0.426334410905838
11850 0.4275024235248566
11860 0.4287931025028229
11870 0.4301955103874207
11880 0.4316850304603577
11890 0.4332228899002075
11900 0.4347557127475739
11910 0.4362178444862366
11920 0.4375990629196167
11930 0.4388749003410339
11940 0.439978152513504
11950 0.4408637285232544
11960 0.441495805978775
11970 0.4418290555477142
11980 0.4419122040271759
11990 0.4418773055076599
12000 0.4417704641819
12010 0.4416132569313049
12020 0.4413068294525146
12030 0.440875232219696
12040 0.4403488636016846
12050 0.439738929271698
12060 0.4390795230865479
12070 0.4383766353130341
12080 0.4375748038291931
12090 0.436665266752243
12100 0.4356584548950195
12110 0.4346323609352112
12120 0.4336399435997009
12130 0.4326946139335632
12140 0.4318443834781647
12150 0.4311186373233795
12160 0.4305676519870758
12170 0.4302365481853485
12180 0.4301315248012543
12190 0.4302207231521606
12200 0.4304475486278534
12210 0.4307458698749542
12220 0.4310876429080963
12230 0.4314092397689819
12240 0.4317108392715454
12250 0.4320218563079834
12260 0.4323587715625763
12270 0.432695597410202
12280 0.4329332113265991
12290 0.4330465793609619
12300 0.433077484369278
12310 0.432997465133667
12320 0.4327578544616699
12330 0.4323636293411255
12340 0.431810051202774
12350 0.4312065243721008
12360 0.4306143820285797
12370 0.4300377368927002
12380 0.4295387268066406
12390 0.4291920065879822
12400 0.4289564490318298
12410 0.4287884533405304
12420 0.4286646246910095
12430 0.4285508096218109
12440 0.4284597635269165
12450 0.4284275770187378
12460 0.4284132122993469
12470 0.4284853935241699
12480 0.4287388920783997
12490 0.4291524589061737
12500 0.4297372698783875
12510 0.4305279850959778
12520 0.4315327107906342
12530 0.4327712059020996
12540 0.4342509806156158
12550 0.4358957707881927
12560 0.4376753866672516
12570 0.4394454658031464
12580 0.4411466121673584
12590 0.4428827166557312
12600 0.4446653723716736
12610 0.4465496838092804
12620 0.4485114216804504
12630 0.4504790306091309
12640 0.4524033963680267
12650 0.4542385637760162
12660 0.4559784531593323
12670 0.4576260447502136
12680 0.4591530561447144
12690 0.4605210721492767
12700 0.4616309404373169
12710 0.4624144434928894
12720 0.46290323138237
12730 0.4631546139717102
12740 0.4631507396697998
12750 0.4630437791347504
12760 0.4628888368606567
12770 0.462701827287674
12780 0.462521880865097
12790 0.4623298645019531
12800 0.462065577507019
12810 0.4617516398429871
12820 0.4613937735557556
12830 0.4609763026237488
12840 0.4605126678943634
12850 0.4600171744823456
12860 0.4594467580318451
12870 0.458794891834259
12880 0.4580835700035095
12890 0.4573479294776917
12900 0.4565970003604889
12910 0.4558494091033936
12920 0.4550720453262329
12930 0.4542440474033356
12940 0.4534196555614471
12950 0.4526013433933258
12960 0.4517824351787567
12970 0.4510234296321869
12980 0.4503109455108643
12990 0.4496248960494995
13000 0.4489822089672089
13010 0.4484344720840454
13020 0.4479985237121582
13030 0.4476287662982941
13040 0.4473427832126617
13050 0.447162926197052
13060 0.4471249282360077
13070 0.4472640156745911
13080 0.447480320930481
13090 0.4477596580982208
13100 0.4480236768722534
13110 0.4481997787952423
13120 0.4482805728912354
13130 0.4482591152191162
13140 0.4481449127197266
13150 0.4480075836181641
13160 0.4479764401912689
13170 0.4480808973312378
13180 0.4483457505702972
13190 0.4487570524215698
13200 0.449258029460907
13210 0.4498493373394012
13220 0.4504861235618591
13230 0.4511167407035828
13240 0.4516878128051758
13250 0.4521569609642029
13260 0.4524841606616974
13270 0.4526206851005554
13280 0.452541321516037
13290 0.4522614181041718
13300 0.4517917931079865
13310 0.4511848986148834
13320 0.4505088627338409
13330 0.4498004615306854
13340 0.4490750432014465
13350 0.4484294354915619
13360 0.4478975236415863
13370 0.4475579857826233
13380 0.4474056363105774
13390 0.4474703371524811
13400 0.4477491676807404
13410 0.448239654302597
13420 0.4489108324050903
13430 0.4496844708919525
13440 0.4505653381347656
13450 0.4515970647335052
13460 0.4528113603591919
13470 0.4541792869567871
13480 0.4556626081466675
13490 0.4572273194789886
13500 0.4588252305984497
13510 0.4603772163391113
13520 0.4618293344974518
13530 0.4631341993808746
13540 0.4642519950866699
13550 0.4651292860507965
13560 0.4657896757125854
13570 0.4661918580532074
13580 0.4663686156272888
13590 0.4664463698863983
13600 0.4664026200771332
13610 0.4662277400493622
13620 0.4658613502979279
13630 0.4653388559818268
13640 0.4646966159343719
13650 0.4639339447021484
13660 0.4630535542964935
13670 0.4620778858661652
13680 0.4609414339065552
13690 0.4596120119094849
13700 0.458127349615097
13710 0.4565903544425964
13720 0.4550170302391052
13730 0.4534355998039246
13740 0.4519093334674835
13750 0.4504588842391968
13760 0.4491031467914581
13770 0.4479377567768097
13780 0.4469845592975616
13790 0.446211576461792
13800 0.4456185102462769
13810 0.4452125728130341
13820 0.444912850856781
13830 0.4446611404418945
13840 0.4444741904735565
13850 0.4443856477737427
13860 0.4443436861038208
13870 0.4442893862724304
13880 0.4441414177417755
13890 0.4438619017601013
13900 0.4435027539730072
13910 0.4430133700370789
13920 0.4423310160636902
13930 0.4414593577384949
13940 0.4404129683971405
13950 0.4393339455127716
13960 0.4383047521114349
13970 0.4373320639133453
13980 0.4364864826202393
13990 0.4358299076557159
14000 0.4352943301200867
14010 0.4348355233669281
14020 0.4344243109226227
14030 0.4340381324291229
14040 0.4337193071842194
14050 0.4334942996501923
14060 0.4333428144454956
14070 0.4333363175392151
14080 0.4335739612579346
14090 0.4340215027332306
14100 0.4346626102924347
14110 0.4354959726333618
14120 0.4365560710430145
14130 0.4378646314144135
14140 0.4394658207893372
14150 0.4413063228130341
14160 0.4433003664016724
14170 0.4452788233757019
14180 0.4471542537212372
14190 0.4490051865577698
14200 0.4509040713310242
14210 0.4529011845588684
14220 0.454883337020874
14230 0.456815630197525
14240 0.4586700201034546
14250 0.460366427898407
14260 0.4619369208812714
14270 0.463458925485611
14280 0.4649064540863037
14290 0.4662644863128662
14300 0.4674954414367676
14310 0.4685657322406769
14320 0.4694878756999969
14330 0.4702647924423218
14340 0.470881313085556
14350 0.4714200794696808
14360 0.4718981087207794
14370 0.4723218679428101
14380 0.4726903736591339
14390 0.4729288220405579
14400 0.4729971885681152
14410 0.4729359149932861
14420 0.4727196991443634
14430 0.4723016023635864
14440 0.4717386960983276
14450 0.4711121618747711
14460 0.4704060554504395
14470 0.4695989191532135
14480 0.4686968922615051
14490 0.4677550494670868
14500 0.4667898416519165
14510 0.4658014178276062
14520 0.4647541046142578
14530 0.4636522829532623
14540 0.4625362455844879
14550 0.461386114358902
14560 0.4602263569831848
14570 0.4591102302074432
14580 0.4580389559268951
14590 0.4570060670375824
14600 0.4559937715530396
14610 0.4550560414791107
14620 0.4541781842708588
14630 0.4533530473709106
14640 0.4526093602180481
14650 0.4520138502120972
14660 0.4515852332115173
14670 0.451379269361496
14680 0.4513949751853943
14690 0.4516071975231171
14700 0.4518814980983734
14710 0.4520950615406036
14720 0.4522481560707092
14730 0.4523619711399078
14740 0.452465832233429
14750 0.4525970816612244
14760 0.452832967042923
14770 0.4531332552433014
14780 0.4535681903362274
14790 0.4541169106960297
14800 0.4547158479690552
14840 0.4571068286895752
14870 0.4578045904636383
14910 0.4555310308933258
14920 0.4546468555927277
14930 0.4537505805492401
14950 0.4519682228565216
14960 0.4511185884475708
8410 0.4011850953102112
8420 0.401305228471756
8430 0.4015151560306549
8440 0.4018029570579529
8450 0.4021753072738647
8460 0.4026332497596741
8470 0.4031660854816437
8480 0.4037258625030518
8490 0.4042697846889496
8500 0.404741644859314
8510 0.4051226377487183
8520 0.405394971370697
8530 0.4056018590927124
8540 0.405767560005188
8550 0.4058922529220581
8560 0.4059974849224091
8570 0.4061577618122101
8580 0.4063639938831329
8590 0.4066387712955475
8600 0.4070421159267426
0 0.4264270961284637
10 0.4228258728981018
20 0.422343909740448
30 0.4217672049999237
40 0.4213413298130035
50 0.4210543036460876
60 0.4208317697048187
70 0.4206368327140808
80 0.4203889966011047
90 0.420122891664505
100 0.4199268817901611
110 0.4198415279388428
120 0.4198371469974518
130 0.4198843836784363
140 0.4199983477592468
150 0.4201142191886902
160 0.4202412366867065
170 0.4203632175922394
180 0.4204745292663574
190 0.4205740094184875
200 0.4205821752548218
210 0.4204244613647461
220 0.4200311899185181
230 0.4194692373275757
240 0.4188202619552612
250 0.4181559383869171
260 0.417506992816925
270 0.4168785810470581
280 0.4162234663963318
290 0.415505975484848
300 0.4147789478302002
310 0.4140394926071167
320 0.4132685959339142
330 0.4124986231327057
340 0.4117422699928284
350 0.4109723269939423
360 0.4102174341678619
370 0.409481406211853
380 0.4088154137134552
390 0.4082266986370087
400 0.4077320098876953
410 0.4073307812213898
420 0.4069834649562836
430 0.406645655632019
440 0.4063290357589722
450 0.4060957729816437
460 0.4059421718120575
470 0.4058131277561188
480 0.4056543409824371
490 0.4054384529590607
500 0.4051008522510529
510 0.4047045707702637
520 0.4043101370334625
530 0.4039011597633362
540 0.4034909605979919
550 0.4031317234039307
560 0.4028714597225189
570 0.4027701616287231
580 0.4028220176696777
590 0.4030829966068268
600 0.4035748541355133
610 0.4042955636978149
620 0.4051801860332489
630 0.4062092900276184
640 0.4073594510555267
650 0.4086061120033264
660 0.4099490642547607
670 0.4114014506340027
680 0.4129431843757629
690 0.4145430028438568
700 0.4161400198936462
710 0.4176468551158905
720 0.4190361797809601
730 0.4202771782875061
740 0.4212895929813385
750 0.4220774471759796
760 0.4226971864700317
770 0.4231685101985931
780 0.4235524535179138
790 0.4239362776279449
800 0.4243865013122559
810 0.4248857200145721
820 0.4253673851490021
830 0.4258531033992767
840 0.4262826442718506
850 0.4265838861465454
860 0.4267879724502563
870 0.4268997311592102
880 0.426968902349472
890 0.426989883184433
900 0.4269595146179199
910 0.4269195795059204
920 0.4268834888935089
930 0.4268388152122498
940 0.4267797470092773
950 0.4267686307430267
960 0.4268242120742798
970 0.42692631483078
980 0.4270507097244263
990 0.4271571040153503
1000 0.4272392988204956
1010 0.4273139536380768
1020 0.4273702800273895
1030 0.4273670017719269
1040 0.427262544631958
1050 0.4270616173744202
1060 0.4267387986183167
1070 0.42631995677948
1080 0.4258191585540771
1090 0.4252727329730988
1100 0.4246850907802582
1110 0.424030601978302
1120 0.4232815504074097
1130 0.4224727749824524
1140 0.4216163158416748
1150 0.4208300709724426
1160 0.4201373755931854
1170 0.4195619821548462
1180 0.4191388487815857
1190 0.4188772737979889
1200 0.4187285602092743
1210 0.4186774492263794
1220 0.41871577501297
1230 0.4187804162502289
1240 0.4188925623893738
1250 0.4190663397312164
1260 0.4193380177021027
1270 0.419538140296936
1280 0.4196920990943909
1290 0.4197598099708557
1300 0.4198042154312134
1310 0.4198840856552124
1320 0.4200128018856049
1330 0.4202597141265869
1340 0.4207013249397278
1350 0.4214153587818146
1360 0.4224007129669189
1370 0.4235234260559082
1380 0.4246541559696198
1390 0.4257798790931702
1400 0.4267574846744537
1410 0.4275780320167542
1420 0.428268700838089
1430 0.4287834763526917
1440 0.4291137456893921
1450 0.4292815029621124
1460 0.429361492395401
1470 0.4293622076511383
1480 0.4292967319488525
1490 0.4290999174118042
1500 0.428677886724472
1510 0.42799311876297
1520 0.4270029962062836
1530 0.425829291343689
1540 0.4245772659778595
1550 0.4233172535896301
1560 0.4220252335071564
1570 0.4208205938339233
1580 0.4196975231170654
1590 0.4186568558216095
1600 0.4177181720733643
1610 0.416866809129715
1620 0.4160928726196289
1630 0.4153670370578766
1640 0.4146723449230194
1650 0.4140217900276184
1660 0.413433700799942
1670 0.412923127412796
1680 0.4125127792358398
1690 0.4122331142425537
1700 0.412078857421875
1710 0.4120288789272308
1720 0.4120520055294037
1730 0.4121428728103638
1740 0.41232630610466
1750 0.4125826358795166
1760 0.4128148853778839
1770 0.4130463004112244
1780 0.4132577478885651
1790 0.413387805223465
1800 0.4133903384208679
1810 0.4132122397422791
1820 0.4129120409488678
1830 0.4125825464725494
1840 0.4122184216976166
1850 0.4118341505527496
1860 0.4114335179328918
1870 0.4110292792320251
1880 0.4106349945068359
1890 0.410264253616333
1900 0.4099371731281281
1910 0.4096628427505493
1920 0.4094115495681763
1930 0.4091401696205139
1940 0.4088273942470551
1950 0.4085073173046112
1960 0.4082330763339996
1970 0.4080152809619904
1980 0.4078647792339325
1990 0.4077614843845367
2000 0.4077338576316833
2010 0.4078165590763092
2020 0.4080305099487305
2030 0.408343642950058
2040 0.4087560474872589
2050 0.4092985391616821
2060 0.4099896848201752
2070 0.4106884598731995
2080 0.4113226234912872
2090 0.4119038283824921
2100 0.4123901426792145
2110 0.412773996591568
2120 0.4130577743053436
2130 0.4132896363735199
2140 0.4134742915630341
2150 0.4136037230491638
2160 0.4137122631072998
2170 0.4138527810573578
2180 0.414055734872818
2190 0.4143558442592621
2200 0.4148083031177521
2210 0.4153847694396973
2220 0.4160696864128113
2230 0.4168572425842285
2240 0.417730301618576
2250 0.4186666309833527
2260 0.4196924865245819
2270 0.4208229780197144
2280 0.4220210909843445
2290 0.4232519567012787
2300 0.42445969581604
2310 0.425573855638504
2320 0.4265382885932922
2330 0.427351713180542
2340 0.4279427528381348
2350 0.4282726943492889
2360 0.4283598661422729
2370 0.4282751083374023
2380 0.4280843138694763
2390 0.4279016554355621
2400 0.4277807176113129
2410 0.4276823997497559
2420 0.4275587201118469
2430 0.4274331331253052
2440 0.4272519946098328
2450 0.426958441734314
2460 0.4265170693397522
2470 0.4259747266769409
2480 0.4254091084003448
2490 0.4248018562793732
2500 0.4241426885128021
2510 0.4234665334224701
2520 0.422821581363678
2530 0.4222106337547302
2540 0.4216050505638123
2550 0.4210373759269714
2560 0.4205579459667206
2570 0.4201279282569885
2580 0.4197425246238708
2590 0.4193947613239288
2600 0.4190957546234131
2610 0.4188596308231354
2620 0.4186463952064514
2630 0.4183784425258636
2640 0.4180077016353607
2650 0.4175566434860229
2660 0.4170560836791992
2670 0.4165709316730499
2680 0.416107565164566
2690 0.4156775772571564
2700 0.4153014421463013
2710 0.4149499833583832
2720 0.4145460426807404
2730 0.4141261279582977
2740 0.4136785864830017
2750 0.4133373498916626
2760 0.4131100475788116
2770 0.4130196869373322
2780 0.4131004512310028
2790 0.4132421314716339
2800 0.4134540557861328
2810 0.4137775599956512
2820 0.4141882359981537
2830 0.4146190881729126
2840 0.4150761961936951
2850 0.4156059324741364
2860 0.4161015748977661
2870 0.4165380597114563
2880 0.4169005751609802
2890 0.4171686470508575
2900 0.4174300730228424
2910 0.4177246987819672
2920 0.4180621802806854
2930 0.4184950292110443
2940 0.4190899431705475
2950 0.4199532866477966
2960 0.4211038947105408
2970 0.4224005937576294
2980 0.423761785030365
2990 0.425170511007309
3000 0.4265058636665344
3010 0.4277438819408417
3020 0.4289095997810364
3030 0.429928183555603
3040 0.4307559132575989
3050 0.431372344493866
3060 0.4318311512470245
3070 0.4321518540382385
3080 0.4323403239250183
3090 0.4323708117008209
3100 0.432138055562973
3110 0.4315649569034576
3120 0.4306966662406921
3130 0.4297410845756531
3140 0.4287514388561249
3150 0.4277838468551636
3160 0.4268206655979156
3170 0.4259146749973297
3180 0.4250774085521698
3190 0.4243110418319702
3200 0.4236298203468323
3210 0.4230345189571381
3220 0.4225106835365295
3230 0.4220166802406311
3240 0.4215421378612518
3250 0.4211145341396332
3260 0.4207434058189392
3270 0.4204433858394623
3280 0.4201770424842834
3290 0.4199371039867401
3300 0.4197379350662231
3310 0.4195803701877594
3320 0.4194300174713135
3330 0.4193038940429688
3340 0.4192427098751068
3350 0.4192465543746948
3360 0.4192762076854706
3370 0.4193589985370636
3380 0.419444352388382
3390 0.4194451570510864
3400 0.4193182289600372
3410 0.418958991765976
3420 0.4183571040630341
3430 0.4175940752029419
3440 0.4167653620243073
3450 0.415901392698288
3460 0.4150030016899109
3470 0.4140932261943817
3480 0.4131948351860046
3490 0.4123188853263855
3500 0.4114951491355896
3510 0.4107683300971985
3520 0.4101150929927826
3530 0.409491240978241
3540 0.4088771641254425
3550 0.4082979559898376
3560 0.4078046679496765
3570 0.4073848724365234
3580 0.4070616364479065
3590 0.4067926704883575
3600 0.4066104590892792
3610 0.4065401256084442
3620 0.4066067337989807
3630 0.4067835509777069
3640 0.4070466756820679
3650 0.4074288904666901
3660 0.4079515635967255
3670 0.408530056476593
3680 0.4091028571128845
3690 0.4096419513225555
3700 0.4100799560546875
3710 0.4104231297969818
3720 0.4106939435005188
3730 0.4109305441379547
3740 0.4111017286777496
3750 0.4111994802951813
3760 0.411278247833252
3770 0.4114172756671906
3780 0.4116138517856598
3790 0.4119002521038055
3800 0.4123377501964569
3810 0.4128892421722412
3820 0.4135491549968719
3830 0.4143144190311432
3840 0.4151602685451508
3850 0.4160722196102142
3860 0.4170759618282318
3870 0.4181856513023376
3880 0.4193650484085083
3890 0.4205949008464813
3900 0.4217971861362457
3910 0.4228964447975159
3920 0.4238417148590088
3930 0.4246430993080139
3940 0.4252491593360901
3950 0.4256114065647125
3960 0.4257147908210754
3970 0.4256155788898468
3980 0.4254162609577179
3990 0.4252178072929382
4000 0.4250569939613342
4010 0.4249164760112762
4020 0.4247615337371826
4030 0.4246160387992859
4040 0.4244388341903687
4050 0.4241594076156616
4060 0.4237314760684967
4070 0.4231496751308441
4080 0.4225577116012573
4090 0.4219415485858917
4100 0.4212655127048492
4110 0.4205521047115326
4120 0.4198301136493683
4130 0.4191295504570007
4140 0.41844242811203
4150 0.4177716374397278
4160 0.4171394407749176
4170 0.4165682792663574
4180 0.4160477221012115
4190 0.4155358970165253
4200 0.4150524437427521
4210 0.414618045091629
4220 0.4142164587974548
4230 0.4137958884239197
4240 0.413334995508194
4250 0.4128246307373047
4260 0.41224205493927
4270 0.4116620421409607
4280 0.4111080169677734
4290 0.4106049835681915
4300 0.4101379215717316
4310 0.4096790850162506
4320 0.4091894030570984
4330 0.4086847603321075
4340 0.4081552922725677
4350 0.4077033996582031
4360 0.4073624610900879
4370 0.407063364982605
4380 0.406823605298996
4390 0.4066917300224304
4400 0.4066928327083588
4410 0.4068101644515991
4420 0.4070079922676086
4430 0.4072543978691101
4440 0.4074932038784027
4450 0.407736599445343
4460 0.4079862534999847
4470 0.4081661105155945
4480 0.4082724153995514
4490 0.4083356559276581
4500 0.4084350168704987
4510 0.4086135625839233
4520 0.4088800549507141
4530 0.4092870950698853
4540 0.4098649919033051
4550 0.4107401967048645
4560 0.4118834733963013
4570 0.4131786227226257
4580 0.4145182073116302
4590 0.4158367514610291
4600 0.417073518037796
4610 0.4182432889938354
4620 0.4193563163280487
4630 0.4203581511974335
4640 0.4212404489517212
4650 0.4219667017459869
4660 0.4225793182849884
4670 0.4231055080890656
4680 0.4235372841358185
4690 0.4238583147525787
4700 0.4239488542079926
4710 0.4236994087696075
4720 0.4231522977352142
4730 0.4225172102451324
4740 0.4218462109565735
4750 0.4211872816085815
4760 0.4205067157745361
4770 0.4198482036590576
4780 0.4192861020565033
4790 0.4188442826271057
4800 0.4185242652893066
4810 0.4183255136013031
4820 0.4182260632514954
4830 0.4181758761405945
4840 0.4181628227233887
4850 0.4182011783123016
4860 0.4182948172092438
4870 0.4184631109237671
4880 0.4186880588531494
4890 0.4189590215682983
4900 0.4192803800106049
4910 0.4196430444717407
4920 0.4199851453304291
4930 0.4203083515167236
4940 0.4206426441669464
4950 0.4209400713443756
4960 0.4210982024669647
4970 0.4211764633655548
4980 0.4212029874324799
4990 0.4211568236351013
5000 0.4210138320922852
5010 0.4207275807857513
5020 0.4202907681465149
5030 0.4197711944580078
5040 0.4192025661468506
5050 0.4186279773712158
5060 0.4180426299571991
5070 0.4174385368824005
5080 0.4168389439582825
5090 0.4162487387657166
5100 0.4156741797924042
5110 0.4151468276977539
5120 0.4146889746189117
5130 0.4142568111419678
5140 0.4138261675834656
5150 0.4134156107902527
5160 0.4130700826644897
5170 0.4127933382987976
5180 0.4125831425189972
5190 0.4123943746089935
5200 0.4122750163078308
5210 0.4122829139232635
5220 0.4124227464199066
5230 0.4126354455947876
5240 0.4128915965557098
5250 0.413204550743103
5260 0.4135666489601135
5270 0.4139744341373444
5280 0.4144378900527954
5290 0.4149413406848907
5300 0.4153444170951843
5310 0.4156353771686554
5320 0.4158189296722412
5330 0.4159566760063171
5340 0.4160542190074921
5350 0.4160866141319275
5360 0.416093498468399
5370 0.4161578714847565
5380 0.4162799715995789
5390 0.416485607624054
5400 0.4168256521224976
5410 0.4172534644603729
5420 0.4177830815315247
5430 0.418407529592514
5440 0.4191058874130249
5450 0.419878751039505
5460 0.4207618236541748
5470 0.4217522144317627
5480 0.4228174984455109
5490 0.4239478409290314
5500 0.4250683784484863
5510 0.4260923266410828
5520 0.4269539713859558
5530 0.4276706576347351
5540 0.4281973540782928
5550 0.4285005033016205
5560 0.428538590669632
5570 0.428353488445282
5580 0.4280568659305573
5590 0.4277470409870148
5600 0.4274775385856628
5610 0.4272138476371765
5620 0.4269404411315918
5630 0.4266831278800964
5640 0.4263966679573059
5650 0.4260233044624329
5660 0.4255161583423615
5670 0.4248345494270325
5680 0.4241050779819489
5690 0.4233605265617371
5700 0.4225775599479675
5710 0.4217751026153564
5720 0.4209766089916229
5730 0.4202382266521454
5740 0.4195531010627747
5750 0.418910801410675
5760 0.4183190166950226
5770 0.4177868664264679
5780 0.4173180460929871
5790 0.4168741106987
5800 0.4164702892303467
5810 0.4161034822463989
5820 0.415752500295639
5830 0.4153871536254883
5840 0.4149177968502045
5850 0.4143388271331787
5860 0.4136947393417358
5870 0.4130702912807465
5880 0.4124591052532196
5890 0.4118857979774475
5900 0.4113861620426178
5910 0.4109323918819427
5920 0.4104453027248383
5930 0.4099485874176025
5940 0.4094016849994659
5950 0.4089317917823792
5960 0.4085623025894165
5970 0.4082779288291931
5980 0.4080792963504791
5990 0.407991498708725
6000 0.4080187082290649
6010 0.4081577658653259
6020 0.4083772003650665
6030 0.4086118936538696
6040 0.4088203012943268
6050 0.4090285003185272
6060 0.4092555940151215
6070 0.4094250798225403
6080 0.4095790684223175
6090 0.40970578789711
6100 0.40982985496521
6110 0.4099834263324738
6120 0.410193145275116
6130 0.4105249047279358
6140 0.4110360145568848
6150 0.41187384724617
6160 0.4130048155784607
6170 0.4142585694789886
6180 0.4155281186103821
6190 0.4167675971984863
6200 0.4179002642631531
6210 0.4189364314079285
6220 0.4199151992797852
6230 0.4207742214202881
6240 0.4215102195739746
6250 0.4220772981643677
6260 0.4225253164768219
6270 0.4228664338588715
6280 0.4230954647064209
6290 0.4231964945793152
6300 0.423043817281723
6310 0.4225572049617767
6320 0.4217581748962402
6330 0.4208625853061676
6340 0.4199364185333252
6350 0.4190267026424408
6360 0.4181051850318909
6370 0.4172545075416565
6380 0.4165011346340179
6390 0.4158569574356079
6400 0.4153372943401337
6410 0.4149346947669983
6420 0.4146265089511871
6430 0.4143577218055725
6440 0.4141208529472351
6450 0.4139404892921448
6460 0.4138301014900208
6470 0.4137901961803436
6480 0.413776695728302
6490 0.4138117432594299
6500 0.4139012396335602
6510 0.4140265285968781
6520 0.4141551554203033
6530 0.4142884612083435
6540 0.4144631922245026
6550 0.414665013551712
6560 0.4147853553295135
6570 0.414870947599411
6580 0.4149207770824432
6590 0.4148813784122467
6600 0.4147509336471558
6610 0.4144210517406464
6620 0.4138959050178528
6630 0.4132716357707977
6640 0.4126146137714386
6650 0.4119428992271423
6660 0.4112503528594971
6670 0.4105438888072968
6680 0.4098395109176636
6690 0.4091451466083527
6700 0.4084847271442413
6710 0.4078913033008575
6720 0.407355010509491
6730 0.4068313837051392
6740 0.4063026607036591
6750 0.4057985246181488
6760 0.4053570330142975
6770 0.404979944229126
6780 0.4046856462955475
6790 0.4044231474399567
6800 0.4042259752750397
6810 0.4041513800621033
6820 0.404222697019577
6830 0.4044380784034729
6840 0.4047577977180481
6850 0.4051849246025085
6860 0.4056570827960968
6870 0.40611532330513
6880 0.4065173268318176
6890 0.4068820178508759
6900 0.4071579277515411
6910 0.4073405861854553
6920 0.4074511229991913
6930 0.4075081944465637
6940 0.4075020551681519
6950 0.4074433445930481
6960 0.4073725342750549
6970 0.4073464274406433
6980 0.4073923528194427
6990 0.4075393080711365
7000 0.4078489542007446
7010 0.4082891643047333
7020 0.4088561236858368
7030 0.4095458090305328
7040 0.4103133082389832
7050 0.4111469388008118
7060 0.4120683372020721
7070 0.4131088256835938
7080 0.4142250120639801
7090 0.4153914153575897
7100 0.4165461957454681
7110 0.4176087081432343
7120 0.4185389876365662
7130 0.4193373620510101
7140 0.4199289977550507
7150 0.4202779829502106
7160 0.4203978478908539
7170 0.4203459024429321
7180 0.4202075004577637
7190 0.4200739860534668
7200 0.4199934005737305
7210 0.4199512302875519
7220 0.4199028313159943
7230 0.4198823571205139
7240 0.4198337197303772
7250 0.4196962118148804
7260 0.4194348752498627
7270 0.4190899729728699
7280 0.4187199771404266
7290 0.418290764093399
7300 0.4177888035774231
7310 0.417265921831131
7320 0.4167855083942413
7330 0.4163505136966705
7340 0.4159238934516907
7350 0.4155426323413849
7360 0.4152342081069946
7370 0.4149371087551117
7380 0.4146769344806671
7390 0.4144605398178101
7400 0.4142797589302063
7410 0.4141364693641663
7420 0.413997620344162
7430 0.413767009973526
7440 0.4134363532066345
7450 0.413028359413147
7460 0.4125492572784424
7470 0.4120676815509796
7480 0.4115850627422333
7490 0.4111198484897614
7500 0.4106898903846741
7510 0.4102493524551392
7520 0.4097441136837006
7530 0.4092156887054443
7540 0.4086549878120422
7550 0.4081783890724182
7560 0.4077868461608887
7570 0.4074681401252747
7580 0.4073275327682495
7590 0.4073989391326904
7600 0.4076119363307953
7610 0.4079433381557465
7620 0.4083656668663025
7630 0.4088117778301239
7640 0.4092381000518799
7650 0.4096367359161377
7660 0.4099913239479065
7670 0.4102386832237244
7680 0.4104216992855072
7690 0.4105670154094696
7700 0.410692423582077
7710 0.4108140766620636
7720 0.4109629988670349
7730 0.4112465679645538
7740 0.4117283225059509
7750 0.4125277400016785
7760 0.4136075675487518
7770 0.4148203730583191
7780 0.4160588979721069
7790 0.4172642230987549
7800 0.4183496832847595
7810 0.4193280935287476
7820 0.4202379882335663
7830 0.4210190773010254
7840 0.4216524362564087
7850 0.4221054911613464
7860 0.4224325120449066
7870 0.4226493835449219
7880 0.4227545261383057
7890 0.4227224588394165
7900 0.4224418699741364
7910 0.4218385815620422
7920 0.4209103286266327
7930 0.4198361933231354
7940 0.418708473443985
7950 0.4176016449928284
7960 0.4164832234382629
7970 0.4154254496097565
7980 0.414469450712204
7990 0.4136179983615875
8000 0.4128763675689697
8010 0.4122327864170074
8020 0.4116657674312592
8030 0.4111462533473969
8040 0.4106611311435699
8050 0.4102315306663513
8060 0.4098832309246063
8070 0.4096062481403351
8080 0.4093896746635437
8090 0.4092612862586975
8100 0.4092096090316772
8110 0.4092114865779877
8120 0.4092413783073425
8130 0.4093100428581238
8140 0.4094542562961578
8150 0.4096368849277496
8160 0.409758448600769
8170 0.4098537266254425
8190 0.4098667800426483
8200 0.4097115695476532
8210 0.4093689322471619
8220 0.4088757932186127
8230 0.4083278179168701
8240 0.4077382683753967
8250 0.4071319699287415
8260 0.4065046012401581
8270 0.4058820009231567
8280 0.4052769839763641
8290 0.4047063589096069
8300 0.4041838645935059
8310 0.4037261605262756
8320 0.4033276438713074
8330 0.4029445052146912
8340 0.4025459289550781
8350 0.4021584689617157
8360 0.4018372297286987
8370 0.4015873074531555
8380 0.4014204144477844
8390 0.4012788534164429
8400 0.4011792540550232
