"Time Step" "point-tau_vm-e"
22610 15.58696746826172
22620 22.39026260375977
22630 20.40669059753418
22640 10.98514175415039
22650 14.67354488372803
22660 18.85187149047852
22670 17.00330352783203
22680 12.68200302124023
22690 19.86858367919922
22700 24.4957160949707
22710 17.3088207244873
22720 14.08799934387207
22730 23.74402618408203
22740 20.37600517272949
22750 22.90444183349609
22760 16.09432220458984
22770 11.17134666442871
22780 23.80336761474609
22790 14.92654895782471
22800 20.43196868896484
22810 17.49711227416992
22820 28.27318954467773
22830 23.33758354187012
22840 28.16789817810059
22850 30.05564498901367
22860 26.71125221252441
22870 15.50469017028809
22880 15.00308036804199
22890 9.152385711669922
22900 8.339665412902832
22910 15.1662712097168
22920 13.77400588989258
22930 12.02497291564941
22940 9.517822265625
22950 16.26531410217285
22960 20.73724746704102
22970 21.5027904510498
22980 15.1696949005127
22990 33.49198150634766
23000 23.96615028381348
23010 16.69125747680664
23020 12.84520435333252
23030 14.89504623413086
23040 17.52024078369141
23050 14.71159553527832
23060 20.59854888916016
23070 15.69460868835449
23080 20.55429649353027
23090 23.37311363220215
23100 39.22039031982422
23110 35.37498474121094
23120 23.23462104797363
23130 18.35358047485352
23140 15.74070167541504
23150 18.13805198669434
23160 20.06153106689453
23170 24.53877067565918
23180 38.361328125
23190 36.86318969726562
23200 51.62905883789062
23210 25.95955657958984
23220 32.83986282348633
23230 24.64914703369141
23240 22.41679000854492
23250 12.17164134979248
23260 10.03634071350098
23270 10.52829360961914
23280 20.47055053710938
23290 12.80914211273193
23300 16.1552906036377
23310 20.42005348205566
23320 15.83821582794189
23330 14.07340145111084
23340 13.28182125091553
23350 16.27261734008789
23360 17.13222694396973
23370 19.55113792419434
23380 13.20407581329346
23390 16.07743072509766
23400 14.26454257965088
23410 14.880126953125
23420 21.18844795227051
23430 12.55203437805176
23440 8.286511421203613
23450 8.81183910369873
23460 14.04955863952637
23470 12.71922969818115
23480 21.54219245910645
23490 29.73598098754883
23500 26.92827224731445
23510 15.67930793762207
23520 25.30587387084961
23530 21.18106842041016
23540 23.14322090148926
23550 14.95876693725586
23560 14.74015426635742
23570 12.87259387969971
23580 15.83667182922363
23590 14.77360248565674
23600 11.00146102905273
23610 10.49104881286621
23620 4.801156997680664
23630 6.407103061676025
23640 10.38737869262695
23650 19.07584381103516
23660 14.5110330581665
23670 13.45159435272217
23680 8.943739891052246
23690 16.79623413085938
23700 15.31077575683594
23710 9.656713485717773
23720 20.10812759399414
23730 7.298639297485352
23740 12.48714065551758
23750 10.63521957397461
23760 12.41677093505859
23770 12.94075775146484
23780 10.19045829772949
23790 10.98073768615723
23800 16.9012451171875
23810 13.37345218658447
23820 16.5933837890625
23830 17.78214073181152
23840 12.63484001159668
23850 9.577410697937012
23860 40.87466430664062
23870 54.69804382324219
23880 41.60023498535156
23890 17.27571868896484
23900 7.895169734954834
23910 19.48466110229492
23920 30.5351390838623
23930 18.72726631164551
23940 21.83641624450684
23950 22.08657646179199
23960 14.92315101623535
23970 10.61655902862549
23980 18.26123428344727
23990 10.43908786773682
24000 13.89814376831055
15010 14.98774719238281
15020 15.26835632324219
15030 9.11259937286377
15040 6.75109338760376
15050 6.380764961242676
15060 9.195346832275391
15070 10.10909175872803
15080 11.56572723388672
15090 11.37105274200439
15100 20.22441864013672
15110 23.1906623840332
15120 14.70771980285645
15130 12.40081596374512
15140 12.52134227752686
15150 13.95807266235352
15160 9.406909942626953
15170 9.684061050415039
15180 12.6732816696167
15190 17.84376907348633
15200 19.71453094482422
15210 15.31766700744629
15220 11.57364845275879
15230 10.82294464111328
15240 16.73396492004395
15250 33.26166152954102
15260 25.05635643005371
15270 24.96878242492676
15280 8.891182899475098
15290 15.79429626464844
15300 15.81340217590332
15310 10.52670764923096
15320 14.56862354278564
15330 19.73347282409668
15340 20.29284477233887
15350 13.04327487945557
15360 13.2073221206665
15370 11.59328460693359
15380 9.627841949462891
15390 16.22217178344727
15400 20.44130516052246
15410 25.61818885803223
15420 28.31794929504395
15430 29.99625587463379
15440 27.94221115112305
15450 18.54257202148438
15460 8.435405731201172
15470 10.03458213806152
15480 15.14734840393066
15490 27.1937313079834
15500 32.1792106628418
15510 26.95013809204102
15520 25.70967483520508
15530 32.25767517089844
15540 23.56618118286133
15550 20.50065994262695
15560 12.82442092895508
15570 14.61863422393799
15580 15.35819625854492
15590 10.43085098266602
15600 10.32407093048096
15610 11.74470138549805
15620 16.45947265625
15630 17.66788673400879
15640 13.00922298431396
15650 14.9036750793457
15660 19.74864768981934
15670 12.96736526489258
15680 13.75831031799316
15690 17.95060348510742
15700 11.59089851379395
15710 15.69702816009521
15720 14.41890048980713
15730 23.57402229309082
15740 11.50074768066406
15750 8.769940376281738
15760 11.57616329193115
15770 9.100123405456543
15780 10.38279724121094
15790 14.48025894165039
15800 9.975919723510742
15810 13.65467643737793
15820 9.264730453491211
15830 14.67740535736084
15840 15.28769779205322
15850 7.246598720550537
15860 7.124702453613281
15870 6.01648473739624
15880 8.287054061889648
15890 20.86211967468262
15900 15.43562316894531
15910 12.38402271270752
15920 7.992263793945312
15930 9.271623611450195
15940 16.92984390258789
15950 22.36091613769531
15960 22.3719482421875
15970 15.2762393951416
15980 10.50864124298096
15990 13.970046043396
16000 16.14496612548828
16010 22.59052085876465
16020 12.61541557312012
16030 13.34679222106934
16040 16.67329597473145
16050 20.53957366943359
16060 15.76290893554688
16070 13.18624973297119
16080 11.69554233551025
16090 19.84301948547363
16100 21.05662155151367
16110 11.90398406982422
16120 28.91975784301758
16130 26.04123687744141
16140 36.93197631835938
16150 9.662574768066406
16160 15.1507568359375
16170 17.09862327575684
16180 27.70172882080078
16190 17.12748527526855
16200 13.61038208007812
16210 10.50014495849609
16220 15.77077388763428
16230 12.54655647277832
16240 11.75287532806396
16250 9.534027099609375
16260 8.897418975830078
16270 16.37083053588867
16280 13.98523902893066
16290 25.81601142883301
16300 29.11175918579102
16310 22.71198463439941
16320 44.26629638671875
16330 30.05717849731445
16340 15.76254749298096
16350 14.17026138305664
16360 12.94326496124268
16370 21.45224571228027
16380 26.38734817504883
16390 22.02228546142578
16400 9.23224925994873
16410 10.88719272613525
16420 20.38701629638672
16430 21.62504768371582
16440 17.48804092407227
16450 22.40535354614258
16460 27.33893013000488
16470 19.76312255859375
16480 13.36225128173828
16490 13.08286666870117
16500 22.72496795654297
16510 39.275634765625
16520 39.95033264160156
16530 31.29018592834473
16540 26.79666900634766
16550 24.72123336791992
16560 25.23002624511719
16570 22.50772285461426
16580 16.33003234863281
16590 18.54766273498535
16600 19.69026756286621
16610 17.12456321716309
16620 23.96111869812012
16630 9.169098854064941
16640 16.5078125
16650 11.11744117736816
16660 13.19079208374023
16670 11.96343421936035
16680 10.59850215911865
16690 21.33964729309082
16700 31.60111999511719
16710 26.65182113647461
16720 26.50719451904297
16730 15.94368934631348
16740 11.99409103393555
16750 22.30377578735352
16760 27.21941947937012
16770 24.68044281005859
16780 16.53390884399414
16790 12.93046474456787
16800 14.31070041656494
16810 15.56301307678223
16820 22.75131225585938
16830 19.41565322875977
16840 13.74748992919922
16850 16.05027961730957
16860 13.66048049926758
16870 16.45103645324707
16880 18.14682960510254
16890 16.80913925170898
16900 14.51900959014893
16910 6.926795959472656
16920 13.25058269500732
16930 15.12325954437256
16940 13.01468181610107
16950 14.75288677215576
16960 13.9017505645752
16970 11.19359493255615
16980 19.23485946655273
16990 15.56576061248779
17000 18.18487167358398
17010 23.23910903930664
17020 40.69264221191406
17030 28.13407135009766
17040 24.2063102722168
17050 21.06010818481445
17060 28.13926315307617
17070 17.00165176391602
17080 12.35610961914062
17090 24.90099906921387
17100 19.27499008178711
17110 30.73979759216309
17120 20.02218246459961
17130 16.46862030029297
17140 19.63689231872559
17150 15.91774654388428
17160 8.822749137878418
17170 10.04391479492188
17180 7.240421295166016
17190 9.20513916015625
17200 12.8159351348877
17210 16.8245906829834
17220 11.6340446472168
17230 24.3087272644043
17240 11.20801258087158
17250 10.2999382019043
17260 16.06277084350586
17270 22.10486602783203
17280 30.6697883605957
17290 21.17424201965332
17300 21.68633270263672
17310 25.53486061096191
17320 19.86966896057129
17330 19.48675727844238
17340 17.97560119628906
17350 11.7701530456543
17360 12.37113380432129
17370 7.706573963165283
17380 13.57972431182861
17390 17.19194221496582
17400 21.38652992248535
17410 24.12125396728516
17420 46.08938217163086
17430 24.38409042358398
17440 15.79099082946777
17450 8.89884090423584
17460 7.75498104095459
17470 9.025927543640137
17480 13.41353130340576
17490 11.11411190032959
17500 15.36940860748291
17510 22.45737838745117
17520 29.74867057800293
17530 20.72653388977051
17540 27.15161514282227
17550 19.56464958190918
17560 9.549336433410645
17570 25.48816871643066
17580 25.80241012573242
17590 18.12338829040527
17600 17.40080070495605
17610 12.37533569335938
17620 28.45919609069824
17630 19.76433944702148
17640 14.9450626373291
17650 15.93560123443604
17660 8.062038421630859
17670 12.49312210083008
17680 11.11118507385254
17690 17.88377952575684
17700 13.41342163085938
17710 22.32321739196777
17720 10.99309349060059
17730 18.31319808959961
17740 23.72116088867188
17750 24.97607803344727
17760 6.666661262512207
17770 13.56481075286865
17780 37.23299026489258
17790 13.84421920776367
17800 14.97280406951904
17810 18.55561256408691
17820 16.42096710205078
17830 7.615443229675293
17840 11.64114856719971
17850 14.29250049591064
17860 20.41263580322266
17870 23.80306434631348
17880 39.94666290283203
17890 54.46236801147461
17900 24.28414535522461
17910 22.54927825927734
17920 27.5623664855957
17930 20.19831275939941
17940 15.81133651733398
17950 28.40964508056641
17960 26.0455207824707
17970 23.42647933959961
17980 23.35661315917969
17990 17.99154472351074
18000 7.382681846618652
18010 8.652207374572754
18020 13.86642265319824
18030 11.35380363464355
18040 14.23024940490723
18050 15.18825817108154
18060 15.02701473236084
18070 10.22076225280762
18080 17.27420806884766
18090 12.35759162902832
18100 12.76852226257324
18110 9.637144088745117
18120 6.235828876495361
18130 18.54120445251465
18140 20.2208309173584
18150 13.91194820404053
18160 9.121790885925293
18170 16.78652572631836
18180 26.73634910583496
18190 25.12835693359375
18200 21.25279426574707
18210 37.552490234375
18220 16.03498458862305
18230 17.8686580657959
18240 14.37456893920898
18250 17.96782684326172
18260 16.76486968994141
18270 11.05544567108154
18280 20.45123672485352
18290 42.46079635620117
18300 50.45947647094727
18310 45.75375747680664
18320 32.07464599609375
18330 28.76468467712402
18340 14.57329273223877
18350 20.4028148651123
18360 15.03884124755859
18370 12.54626369476318
18380 24.70147705078125
18390 20.40266799926758
18400 21.88337326049805
18410 6.617509841918945
18420 15.51309394836426
18430 26.22163391113281
18440 14.49765396118164
18450 13.63978290557861
18460 8.493474006652832
18470 20.61384201049805
18480 24.26083946228027
18490 11.64415836334229
18500 21.2095947265625
18510 17.1235237121582
18520 13.44575691223145
18530 19.55319023132324
18540 10.67265319824219
18550 11.64180660247803
18560 12.59073448181152
18570 17.61191940307617
18580 19.35669136047363
18590 24.47462272644043
18600 43.56857681274414
18610 35.26259994506836
18620 24.3480339050293
18630 17.07830619812012
18640 19.0161018371582
18650 22.18839645385742
18660 13.11457633972168
18670 33.03284454345703
18680 60.91661834716797
18690 40.61791610717773
18700 21.26896667480469
18710 14.56191825866699
18720 16.10207557678223
18730 24.21933937072754
18740 20.30752563476562
18750 20.43758392333984
18760 10.62591457366943
18770 17.11495399475098
18780 12.52723026275635
18790 17.69674491882324
18800 10.92757606506348
18810 5.816752910614014
18820 6.625127792358398
18830 8.269113540649414
18840 13.81316947937012
18850 12.71987056732178
18860 18.17779159545898
18870 28.0875129699707
18880 29.71363830566406
18890 22.0163631439209
18900 17.53564834594727
18910 7.825503826141357
18920 10.02251529693604
18930 13.7624568939209
18940 7.968403339385986
18950 14.33001708984375
18960 16.0747184753418
18970 22.76749229431152
18980 20.55482292175293
18990 11.49721336364746
19000 11.81901264190674
19010 9.267707824707031
19020 8.65555477142334
19030 9.700809478759766
19040 10.46699619293213
19050 9.366781234741211
19060 15.26367378234863
19070 13.03589057922363
19080 26.75537872314453
19090 41.38331604003906
19100 29.40817642211914
19110 31.64625549316406
19120 18.12285995483398
19130 13.98270130157471
19140 14.04096698760986
19150 19.40747451782227
19160 18.41883277893066
19170 13.52071094512939
19180 9.947153091430664
19190 11.2665958404541
19200 13.82691287994385
19210 16.14859580993652
19220 10.98286437988281
19230 8.95916748046875
19240 14.01454925537109
19250 17.24716949462891
19260 19.16628456115723
19270 15.70280838012695
19280 12.4886417388916
19290 18.6655216217041
19300 17.73059463500977
19310 14.74408531188965
19320 16.16757011413574
19330 14.309006690979
19340 17.85921096801758
19350 15.70667552947998
19360 11.92970657348633
19370 11.55678558349609
19380 9.809603691101074
19390 9.060168266296387
19400 8.431723594665527
19410 10.87158679962158
19420 13.0319709777832
19430 6.06725549697876
19440 9.10193920135498
19450 10.37338256835938
19460 14.08506679534912
19470 10.15594100952148
19480 11.67562580108643
19490 13.30304336547852
19500 17.79255867004395
19510 9.130129814147949
19520 21.16479301452637
19530 21.21531105041504
19540 16.73929595947266
19550 15.42577838897705
19560 21.88601112365723
19570 14.97124099731445
19580 10.21903324127197
19590 14.56464958190918
19600 36.11200714111328
19610 27.07551765441895
19620 18.75373649597168
19630 24.48770332336426
19640 10.56421375274658
19650 12.28468608856201
19660 12.14411544799805
19670 23.09169006347656
19680 15.98044490814209
19690 7.303533554077148
19700 9.111437797546387
19710 7.371936798095703
19720 12.68192291259766
19730 8.143731117248535
19740 11.79388904571533
19750 14.79520320892334
19760 36.44224166870117
19770 37.52268218994141
19780 26.52008056640625
19790 42.07600021362305
19800 20.81237983703613
19810 9.514017105102539
19820 9.939329147338867
19830 21.52950096130371
19840 41.01588439941406
19850 18.19699096679688
19860 21.85601425170898
19870 39.39377593994141
19880 56.62839508056641
19890 49.64573287963867
19900 35.16002655029297
19910 42.47138977050781
19920 24.09038543701172
19930 19.83366775512695
19940 32.63383102416992
19950 20.47389602661133
19960 18.98861694335938
19970 21.76321792602539
19980 17.14567947387695
19990 12.51963233947754
20000 11.89001369476318
20010 7.327277183532715
20020 9.688974380493164
20030 20.81774139404297
20040 16.31132125854492
20050 11.70488166809082
20060 16.57295608520508
20070 23.04805183410645
20080 18.97249794006348
20090 17.01608085632324
20100 20.07205390930176
20110 23.23769760131836
20120 24.39966583251953
20130 16.76919555664062
20140 25.5723705291748
20150 17.13424110412598
20160 12.04014682769775
20170 9.183895111083984
20180 16.27651977539062
20190 15.16488838195801
20200 14.64604187011719
20210 14.00817489624023
20220 20.86230278015137
20230 13.06962776184082
20240 13.19499778747559
20250 15.72991371154785
20260 15.77952861785889
20270 26.2005500793457
20280 24.27128601074219
20290 9.868687629699707
20300 13.93848514556885
20310 25.42647552490234
20320 20.95309066772461
20330 26.73268890380859
20340 21.17529487609863
20350 13.47804832458496
20360 19.82766532897949
20370 21.74449920654297
20380 14.98285675048828
20390 14.66187286376953
20400 9.314820289611816
20410 10.54146957397461
20420 9.963350296020508
20430 6.485820770263672
20440 8.603623390197754
20450 15.42313385009766
20460 16.6952953338623
20470 17.40184020996094
20480 16.01058578491211
20490 12.82638359069824
20500 17.98646354675293
20510 10.88254451751709
20520 13.69359874725342
20530 10.04990863800049
20540 16.90946578979492
20550 25.9162769317627
20560 21.42583274841309
20570 16.4625129699707
20580 15.68619728088379
20590 9.771518707275391
20600 5.050317764282227
20610 8.371356010437012
20620 12.87815284729004
20630 11.62309837341309
20640 8.527676582336426
20650 7.597294330596924
20660 15.19260883331299
20670 15.7334623336792
20680 21.42558479309082
20690 32.43653106689453
20700 21.65693473815918
20710 26.66320610046387
20720 24.47089004516602
20730 13.13770866394043
20740 14.09315872192383
20750 13.45975399017334
20760 16.9503002166748
20770 20.30888557434082
20780 23.89139938354492
20790 11.13788223266602
20800 21.77351951599121
20810 27.24096298217773
20820 28.7085075378418
20830 47.06126022338867
20840 25.54862594604492
20850 15.55995845794678
20860 19.43706512451172
20870 20.40478134155273
20880 7.996702671051025
20890 16.64895820617676
20900 10.58856010437012
20910 13.00462818145752
20920 13.31498908996582
20930 11.81601428985596
20940 12.21849822998047
20950 9.458749771118164
20960 12.919020652771
20970 14.39545249938965
20980 19.04804611206055
20990 15.73245429992676
21000 28.81036949157715
21010 30.05386161804199
21020 21.45883369445801
21030 32.22916030883789
21040 36.25114059448242
21050 15.96512603759766
21060 9.655069351196289
21070 12.29036426544189
21080 7.758082389831543
21090 19.36734199523926
21100 27.49955749511719
21110 34.01874160766602
21120 44.11219024658203
21130 18.66572761535645
21140 27.30672645568848
21150 25.93493270874023
21160 18.44311714172363
21170 21.72165298461914
21180 23.71158218383789
21190 17.14611625671387
21200 16.79953575134277
21210 17.20519638061523
21220 29.18964385986328
21230 10.35248374938965
21240 7.445578575134277
21250 15.33041667938232
21260 27.50308990478516
21270 19.72076797485352
21280 15.2918815612793
21290 13.06358909606934
21300 15.71289157867432
21310 10.5029411315918
21320 9.969032287597656
21330 10.11564636230469
21340 8.107897758483887
21350 12.09646034240723
21360 10.63720417022705
21370 12.23357963562012
21380 11.42827606201172
21390 17.92111206054688
21400 18.30393218994141
21410 14.43591117858887
21420 14.21858406066895
21430 15.9289722442627
21440 11.67648696899414
21450 18.71025085449219
21460 18.12902069091797
21470 22.17805862426758
21480 13.36784744262695
21490 13.5271463394165
21500 19.10504341125488
21510 31.92898178100586
21520 35.11760330200195
21530 21.46792984008789
21540 24.24260902404785
21550 27.33303833007812
21560 27.02601623535156
21570 17.48276519775391
21580 22.70018005371094
21590 28.26501846313477
21600 38.21501922607422
21610 14.73711585998535
21620 34.97721862792969
21630 31.74724769592285
21640 20.3720531463623
21650 36.74301528930664
21660 28.73460960388184
21670 27.98837471008301
21680 14.38172626495361
21690 12.89054870605469
21700 16.07328605651855
21710 9.784099578857422
21720 8.473302841186523
21730 6.675703048706055
21740 14.28248977661133
21750 10.75396156311035
21760 14.90868949890137
21770 6.579579830169678
21780 14.59085845947266
21790 14.0679931640625
21800 11.97990989685059
21810 20.08757400512695
21820 19.55120849609375
21830 11.98564052581787
21840 21.28749847412109
21850 13.67167377471924
21860 15.64662265777588
21870 18.7487850189209
21880 25.65508842468262
21890 22.23965454101562
21900 14.93545913696289
21910 21.98733520507812
21920 20.47115707397461
21930 18.66719055175781
21940 15.45597839355469
21950 15.13986587524414
21960 14.8068790435791
21970 20.91572761535645
21980 11.94981288909912
21990 8.360616683959961
22000 11.95476150512695
22010 12.16518211364746
22020 14.47036361694336
22030 14.11186695098877
22040 12.68553352355957
22050 9.285335540771484
22060 8.328235626220703
22070 10.70388221740723
22080 10.90138721466064
22090 12.00512790679932
22100 13.10424137115479
22110 9.476186752319336
22120 8.16926383972168
22130 11.36407661437988
22140 8.718780517578125
22150 10.96707248687744
22160 8.53419303894043
22170 18.22084426879883
22180 12.36462116241455
22190 13.08900356292725
22200 15.54202175140381
22210 15.52024269104004
22220 13.80814933776855
22230 11.21555614471436
22240 9.422739028930664
22250 23.73262023925781
22260 20.88737297058105
22270 21.29004287719727
22280 16.21905708312988
22290 14.59355449676514
22300 21.11747932434082
22310 14.37817287445068
22320 13.79559707641602
22330 17.92153739929199
22340 18.72029113769531
22350 20.41363525390625
22360 26.15114212036133
22370 34.38235092163086
22380 21.9564094543457
22390 25.84906387329102
22400 29.16276550292969
22410 19.84132385253906
22420 16.73628807067871
22430 11.73565292358398
22440 9.36367130279541
22450 10.81828022003174
22460 10.5199031829834
22470 12.33631420135498
22480 11.64356517791748
22490 15.11730098724365
22500 19.43174934387207
22510 19.0428352355957
22520 17.04259300231934
22530 12.32527828216553
22540 14.07149696350098
22550 9.121072769165039
22560 11.01314258575439
22570 12.64121723175049
22580 15.66889095306396
22590 13.42597961425781
22600 19.75844573974609
14810 9.066527366638184
14820 8.550765037536621
14830 6.484560966491699
14840 10.25942039489746
14850 11.16533756256104
14860 12.36848068237305
14870 22.18723678588867
14880 19.15521621704102
14890 12.12007904052734
14900 13.21965026855469
14910 14.6603536605835
14920 14.13881969451904
14930 15.92431640625
14940 10.07984447479248
14950 9.099377632141113
14960 15.46518898010254
14970 13.7166166305542
14980 7.087387084960938
14990 9.6531982421875
15000 9.758325576782227
8010 24.48885345458984
8020 14.34124851226807
8030 13.0655345916748
8040 10.50998115539551
8050 11.11694622039795
8060 10.83561611175537
8070 15.45624732971191
8080 16.27566528320312
8090 14.82307243347168
8100 22.84552955627441
8110 19.30972862243652
8120 13.45950794219971
8130 19.3187427520752
8140 17.28774452209473
8150 9.397993087768555
8160 8.247067451477051
8170 9.376796722412109
8180 13.37626075744629
8190 10.41142272949219
8200 8.528730392456055
8210 7.84843111038208
8220 14.36435317993164
8230 16.74087905883789
8240 21.48612785339355
8250 14.12014198303223
8260 9.562298774719238
8270 10.46869468688965
8280 39.95869827270508
8290 37.32626342773438
8300 31.97927284240723
8310 18.74452972412109
8320 18.93307685852051
8330 17.1994571685791
8340 14.31564426422119
8350 21.30778503417969
8360 13.14653873443604
8370 16.40061950683594
8380 17.9030818939209
8390 11.41106986999512
8400 25.64629936218262
8410 24.40096664428711
8420 17.34820556640625
8430 22.56503868103027
8440 17.73221778869629
8450 8.544471740722656
8460 16.21564865112305
8470 17.16449356079102
8480 25.07171630859375
8490 19.40587997436523
8500 12.62091445922852
8510 12.49375915527344
8520 11.59541797637939
8530 9.017126083374023
8540 12.18724250793457
8550 12.31077098846436
8560 10.14504909515381
8570 12.9267749786377
8580 13.35550689697266
8590 20.76478576660156
8600 7.023482322692871
8610 17.95123291015625
8620 31.74288749694824
8630 19.29087066650391
8640 15.47944927215576
8650 21.51865386962891
8660 42.81269836425781
8670 31.41153907775879
8680 21.61432266235352
8690 33.01479721069336
8700 30.68350601196289
8710 18.11508178710938
8720 22.70392990112305
8730 13.80963516235352
8740 13.39002704620361
8750 11.91255283355713
8760 12.70030498504639
8770 16.05723571777344
8780 12.43889045715332
8790 16.16743850708008
8800 12.78164291381836
8810 18.08469390869141
8820 21.29141044616699
8830 28.33632278442383
8840 17.87312889099121
8850 10.59809303283691
8860 14.48500347137451
8870 8.624405860900879
8880 14.8391227722168
8890 17.56490325927734
8900 15.55024909973145
8910 14.37908744812012
8920 24.20747756958008
8930 20.99274063110352
8940 18.84615516662598
8950 26.8237133026123
8960 14.67146587371826
8970 11.5544490814209
8980 12.85832691192627
8990 18.11749267578125
9000 8.417087554931641
9010 9.956747055053711
9020 12.58641147613525
9030 20.19536018371582
9040 24.23401641845703
9050 31.50929641723633
9060 30.0381031036377
9070 37.2091064453125
9080 40.80039215087891
9090 24.11101913452148
9100 19.36063766479492
9110 14.90042591094971
9120 21.54696083068848
9130 12.87124156951904
9140 12.57371616363525
9150 14.63547515869141
9160 11.23660850524902
9170 17.55351638793945
9180 24.2505989074707
9190 20.94552421569824
9200 17.1873779296875
9210 8.678510665893555
9220 8.976291656494141
9230 11.4938268661499
9240 26.28143310546875
9250 17.84462547302246
9260 17.82805061340332
9270 26.57559776306152
9280 28.41976547241211
9290 28.87997055053711
9300 23.86513900756836
9310 8.572356224060059
9320 13.93550872802734
9330 16.33892631530762
9340 9.22923469543457
9350 10.51418781280518
9360 10.70444583892822
9370 9.015674591064453
9380 14.95454216003418
9390 20.61967086791992
9400 12.49870014190674
9410 8.387158393859863
9420 20.54866600036621
9430 23.17107772827148
9440 15.82720184326172
9450 20.0103759765625
9460 13.90740203857422
9470 13.61198616027832
9480 20.49219703674316
9490 10.14487075805664
9500 10.41232585906982
9510 16.57401847839355
9520 33.38421630859375
9530 22.00268936157227
9540 37.59065246582031
9550 26.54391479492188
9560 15.59420585632324
9570 10.37738990783691
9580 8.948802947998047
9590 13.86051368713379
9600 11.19317436218262
9610 11.2201099395752
9620 10.39366817474365
9630 27.87941932678223
9640 27.81890869140625
9650 10.23736572265625
9660 20.2076244354248
9670 10.0535888671875
9680 22.28342437744141
9690 19.08478546142578
9700 12.82702827453613
9710 17.7899284362793
9720 27.58876037597656
9730 19.95162391662598
9740 19.31051826477051
9750 25.62067604064941
9760 30.38322830200195
9770 27.27629089355469
9780 23.56402397155762
9790 18.19423675537109
9800 26.52090072631836
9810 40.86627960205078
9820 51.43606948852539
9830 33.08588790893555
9840 26.49492454528809
9850 24.54817962646484
9860 32.66083526611328
9870 21.77521133422852
9880 13.87354469299316
9890 19.7751636505127
9900 24.86304664611816
9910 28.27728652954102
9920 30.09695243835449
9930 14.00608444213867
9940 18.66938018798828
9950 20.30599212646484
9960 9.061642646789551
9970 19.46572685241699
9980 20.98081588745117
9990 19.58375930786133
10000 22.27823829650879
10010 12.0053653717041
10020 13.0304594039917
10030 17.76788139343262
10040 15.08433055877686
10050 16.12670516967773
10060 12.96174049377441
10070 12.62795925140381
10080 22.31074523925781
10090 19.58563232421875
10100 17.36942291259766
10110 11.47322463989258
10120 15.41726779937744
10130 15.77792072296143
10140 27.3847484588623
10150 18.18973159790039
10160 12.34269905090332
10170 10.26952266693115
10180 10.28580093383789
10190 11.81735610961914
10200 14.86804580688477
10210 13.6727352142334
10220 14.52475929260254
10230 7.906562805175781
10240 10.68944549560547
10250 18.1912841796875
10260 32.11917877197266
10270 23.75086402893066
10280 14.75476169586182
10290 20.94264602661133
10300 12.13533401489258
10310 15.57857036590576
10320 16.78896331787109
10330 4.781179904937744
10340 6.544942855834961
10350 6.836169719696045
10360 14.6048583984375
10370 24.36019325256348
10380 21.30580520629883
10390 14.98632526397705
10400 13.80844402313232
10410 26.35344696044922
10420 23.25417900085449
10430 11.3571662902832
10440 13.09265327453613
10450 18.23506927490234
10460 10.43730068206787
10470 8.343198776245117
10480 11.30603408813477
10490 14.19714260101318
10500 13.51595592498779
10510 12.8638391494751
10520 11.14408302307129
10530 13.44106388092041
10540 10.0634126663208
10550 6.834248065948486
10560 8.062865257263184
10570 6.90329122543335
10580 12.29254722595215
10590 10.23903846740723
10600 18.04368782043457
10610 13.56204223632812
10620 14.52860927581787
10630 9.040162086486816
10640 12.1733341217041
10650 14.31778526306152
10660 16.69912338256836
10670 19.98663520812988
10680 20.42168235778809
10690 12.35161399841309
10700 19.24112129211426
10710 31.06820297241211
10720 23.2267017364502
10730 41.78533554077148
10740 17.32988739013672
10750 26.56336402893066
10760 21.25631332397461
10770 11.7046947479248
10780 18.90219497680664
10790 11.78446960449219
10800 15.84996891021729
10810 26.73065948486328
10820 15.46970558166504
10830 15.7815637588501
10840 28.12684440612793
10850 18.49819564819336
10860 20.91654777526855
10870 10.94250679016113
10880 17.7494945526123
10890 13.58219718933105
10900 13.20506381988525
10910 23.0265941619873
10920 17.34160995483398
10930 18.68814468383789
10940 23.68986511230469
10950 37.88613128662109
10960 57.32128524780273
10970 33.39699935913086
10980 57.08122634887695
10990 53.44767761230469
11000 102.1022262573242
11010 116.5362930297852
11020 78.84176635742188
11030 45.50332260131836
11040 26.09776306152344
11050 25.06505966186523
11060 17.80392456054688
11070 20.80623626708984
11080 21.68231964111328
11090 31.31973648071289
11100 31.81020355224609
11110 19.72928619384766
11120 10.97772789001465
11130 21.45733070373535
11140 15.77334594726562
11150 12.59648704528809
11160 15.44476318359375
11170 15.67692756652832
11180 13.47534656524658
11190 22.05227088928223
11200 25.38921928405762
11210 15.28737258911133
11220 8.470988273620605
11230 15.18786239624023
11240 19.16197776794434
11250 18.37619209289551
11260 27.94077491760254
11270 35.93536376953125
11280 22.63064193725586
11290 16.40994834899902
11300 11.00365829467773
11310 18.78905868530273
11320 18.43246078491211
11330 13.43967247009277
11340 12.50048732757568
11350 12.95673751831055
11360 9.784014701843262
11370 12.07752323150635
11380 14.61277008056641
11390 17.96073532104492
11400 8.485099792480469
11410 6.703262805938721
11420 8.08033561706543
11430 12.5986499786377
11440 17.10481452941895
11450 13.20616340637207
11460 10.56954956054688
11470 7.555267333984375
11480 6.642108917236328
11490 9.743825912475586
11500 18.24534606933594
11510 17.53104400634766
11520 10.4539213180542
11530 13.92897987365723
11540 9.090407371520996
11550 15.60446166992188
11560 22.57267379760742
11570 10.80740642547607
11580 21.20112228393555
11590 31.79521179199219
11600 26.73954963684082
11610 26.28371810913086
11620 28.75307655334473
11630 18.37395668029785
11640 18.04024696350098
11650 8.43467903137207
11660 8.120584487915039
11670 10.99409770965576
11680 12.16151809692383
11690 11.44638729095459
11700 25.49673080444336
11710 30.7198486328125
11720 28.74031829833984
11730 27.55998802185059
11740 15.44855308532715
11750 6.454643249511719
11760 9.730899810791016
11770 11.526047706604
11780 11.12123394012451
11790 15.67848968505859
11800 15.62875556945801
11810 13.61267852783203
11820 15.08789539337158
11830 11.66202831268311
11840 12.80013179779053
11850 17.33186721801758
11860 9.388599395751953
11870 15.88963031768799
11880 25.64049911499023
11890 31.98457908630371
11900 25.20129203796387
11910 11.05834484100342
11920 11.82483577728271
11930 14.73293018341064
11940 18.23311233520508
11950 21.22910308837891
11960 24.65863418579102
11970 16.05591583251953
11980 16.94618988037109
11990 16.97917556762695
12000 16.38320732116699
12010 13.37848663330078
12020 17.87917900085449
12030 16.22810173034668
12040 24.91542816162109
12050 24.50343132019043
12060 17.65424156188965
12070 19.42845726013184
12080 23.3817138671875
12090 23.69247817993164
12100 19.33043098449707
12110 16.37936401367188
12120 19.86113739013672
12130 14.91404819488525
12140 19.9195442199707
12150 13.6734733581543
12160 17.54451751708984
12170 10.31097793579102
12180 9.61072826385498
12190 23.62407684326172
12200 29.8155460357666
12210 30.23648643493652
12220 23.8829231262207
12230 33.81607818603516
12240 17.58344841003418
12250 18.03785705566406
12260 11.98557758331299
12270 11.66637134552002
12280 15.47796726226807
12290 17.77191162109375
12300 12.65180397033691
12310 17.92551231384277
12320 31.581787109375
12330 25.13856887817383
12340 20.86778259277344
12350 13.67126655578613
12360 7.948409557342529
12370 14.62716484069824
12380 20.5416202545166
12390 17.83456039428711
12400 15.20306205749512
12410 16.91454315185547
12420 7.952503681182861
12430 8.054542541503906
12440 10.4025182723999
12450 14.86053085327148
12460 20.7206974029541
12470 16.21137046813965
12480 19.34723281860352
12490 12.79011821746826
12500 7.655871868133545
12510 8.277172088623047
12520 9.450366973876953
12530 7.164628028869629
12540 13.32396984100342
12550 18.68684005737305
12560 13.92573547363281
12570 9.818039894104004
12580 10.16983127593994
12590 17.96278762817383
12600 11.3071403503418
12610 16.38537788391113
12620 10.45129871368408
12630 7.513870716094971
12640 11.75106143951416
12650 9.311174392700195
12660 8.239562034606934
12670 18.44246101379395
12680 36.89289474487305
12690 28.96012496948242
12700 46.50247955322266
12710 26.97567939758301
12720 24.50082969665527
12730 38.96247482299805
12740 27.34811401367188
12750 32.99648284912109
12760 38.53421020507812
12770 22.66491889953613
12780 26.29058074951172
12790 31.92574691772461
12800 30.9330940246582
12810 25.0527400970459
12820 26.91712379455566
12830 25.66424369812012
12840 18.38701057434082
12850 20.66170883178711
12860 20.17555046081543
12870 13.79970073699951
12880 13.25991439819336
12890 18.71163558959961
12900 16.07669448852539
12910 14.36747741699219
12920 9.417556762695312
12930 16.24374389648438
12940 18.9548225402832
12950 19.18011856079102
12960 15.3796272277832
12970 14.34109687805176
12980 23.38212966918945
12990 24.29507064819336
13000 24.92037773132324
13010 11.59482669830322
13020 10.29940509796143
13030 19.4024772644043
13040 20.61668586730957
13050 18.6083984375
13060 11.18155765533447
13070 20.38669013977051
13080 20.14823913574219
13090 23.31333351135254
13100 23.10504150390625
13110 28.83028411865234
13120 49.49681854248047
13130 15.45461845397949
13140 23.18615341186523
13150 23.7918701171875
13160 33.18106460571289
13170 21.31675338745117
13180 14.20232200622559
13190 20.64398193359375
13200 10.66778945922852
13210 19.61678314208984
13220 17.53811073303223
13230 18.57642364501953
13240 26.54192543029785
13250 33.06571960449219
13260 11.34635448455811
13270 15.32675075531006
13280 21.5305233001709
13290 26.65541076660156
13300 25.51817512512207
13310 26.3485107421875
13320 12.2266092300415
13330 17.68741035461426
13340 13.80749988555908
13350 12.35986804962158
13360 19.61168479919434
13370 33.5381965637207
13380 45.99761962890625
13390 62.64597702026367
13400 45.20780944824219
13410 45.38621520996094
13420 28.50984001159668
13430 18.10458564758301
13440 9.198818206787109
13450 15.59668159484863
13460 10.82922077178955
13470 15.44073486328125
13480 18.86291122436523
13490 24.28073120117188
13500 67.0526123046875
13510 39.513427734375
13520 22.15685653686523
13530 14.06324577331543
13540 17.81063842773438
13550 22.15879249572754
13560 15.43470573425293
13570 27.97246932983398
13580 23.03899955749512
13590 26.75351715087891
13600 22.70012474060059
13610 12.02724647521973
13620 14.42729568481445
13630 9.968838691711426
13640 20.53480529785156
13650 16.65643501281738
13660 14.06793403625488
13670 19.71462440490723
13680 15.65325355529785
13690 17.13155746459961
13700 17.64927673339844
13710 29.77766036987305
13720 23.70301818847656
13730 27.01850700378418
13740 18.65283966064453
13750 10.22392177581787
13760 10.71167373657227
13770 18.32948684692383
13780 19.135498046875
13790 18.58358001708984
13800 26.0714111328125
13810 29.39413261413574
13820 24.49554061889648
13830 18.56689071655273
13840 22.96139907836914
13850 14.87557411193848
13860 18.73820877075195
13870 17.99930572509766
13880 18.79644393920898
13890 12.54223823547363
13900 18.60459518432617
13910 29.29238128662109
13920 37.17870712280273
13930 27.19635581970215
13940 18.60965347290039
13950 13.67023277282715
13960 12.89462089538574
13970 11.2275857925415
13980 14.14283847808838
13990 28.21953964233398
14000 29.96277618408203
14010 23.64417839050293
14020 32.87378692626953
14030 25.77115440368652
14040 11.76348686218262
14050 14.08912467956543
14060 13.23341083526611
14070 9.701360702514648
14080 9.604636192321777
14090 20.12731742858887
14100 9.874223709106445
14110 7.574133396148682
14120 10.3139533996582
14130 12.44242477416992
14140 13.58218383789062
14150 11.33289337158203
14160 8.797331809997559
14170 16.20951843261719
14180 11.30700016021729
14190 7.121652126312256
14200 15.66151237487793
14210 7.955252647399902
14220 10.32940483093262
14230 12.70118808746338
14240 8.788791656494141
14250 6.587175369262695
14260 11.78131866455078
14270 18.5623893737793
14280 14.93876457214355
14290 20.24276733398438
14300 16.70641899108887
14310 15.69410991668701
14320 20.51108551025391
14330 27.54046821594238
14340 23.03190231323242
14350 13.29774188995361
14360 13.97073364257812
14370 9.245601654052734
14380 12.68283843994141
14390 16.5380687713623
14400 12.54233169555664
14410 14.73029327392578
14420 11.66654968261719
14430 17.24897384643555
14440 16.13618659973145
14450 12.9904613494873
14460 27.46073913574219
14470 19.48778915405273
14480 19.39760398864746
14490 9.640670776367188
14500 17.00473785400391
14510 17.82231330871582
14520 12.27765083312988
14530 14.66070365905762
14540 22.06992721557617
14550 20.30412101745605
14560 23.73349761962891
14570 13.2082347869873
14580 14.13289833068848
14590 13.84534645080566
14600 12.13868618011475
14610 20.61737632751465
14620 7.41591215133667
14630 16.74742698669434
14640 23.67026138305664
14650 26.20369911193848
14660 32.09956741333008
14670 15.51393413543701
14680 18.91997146606445
14690 24.11775779724121
14700 23.44775009155273
14710 20.99634170532227
14720 23.8083610534668
14730 18.32165336608887
14740 17.03693199157715
14750 18.00424575805664
14760 9.755891799926758
14770 13.24835109710693
14780 10.30733680725098
14790 13.75231742858887
14800 11.58452606201172
14820 8.550764083862305
14850 11.1653356552124
14870 22.18741416931152
14880 19.15460014343262
14890 12.12050342559814
14900 13.21961879730225
14910 14.66046619415283
14920 14.13844299316406
14930 15.92368602752686
14940 10.07979488372803
14950 9.099313735961914
14960 15.4648551940918
8410 24.38868713378906
8420 17.3603401184082
8430 22.55201148986816
8440 17.6881103515625
8450 8.532505989074707
8460 16.19104957580566
8470 17.16357421875
8480 25.0731315612793
8490 19.41535758972168
8500 12.61384391784668
8510 12.48959350585938
8520 11.59775352478027
8530 9.011893272399902
8540 12.18833065032959
8550 12.30277156829834
8560 10.12761116027832
8570 12.91391277313232
8580 13.31623935699463
8590 20.92484474182129
8600 7.0479736328125
0 4.652992725372314
10 4.579817771911621
20 4.510269165039062
30 4.44774055480957
40 4.400386333465576
50 4.383383274078369
60 4.425462245941162
70 4.595240592956543
80 4.881130218505859
90 5.258037567138672
100 5.65343189239502
110 6.047080039978027
120 6.380786895751953
130 6.584108352661133
140 6.63243579864502
150 6.585418701171875
160 6.639261245727539
170 7.063469886779785
180 7.993746757507324
190 9.325713157653809
200 10.22974491119385
210 10.29629516601562
220 10.74198818206787
230 10.79822444915771
240 9.939781188964844
250 9.160533905029297
260 9.048977851867676
270 11.59920787811279
280 9.390285491943359
290 9.11284065246582
300 16.90892028808594
310 38.47825622558594
320 35.66030502319336
330 30.85689926147461
340 31.34040641784668
350 46.23770523071289
360 21.80933570861816
370 32.62995910644531
380 14.50458335876465
390 17.15427589416504
400 10.73030281066895
410 8.831705093383789
420 5.823646068572998
430 8.235712051391602
440 16.81252098083496
450 13.29559516906738
460 7.067482471466064
470 6.554176330566406
480 7.643927097320557
490 6.68014669418335
500 6.856373310089111
510 7.996771335601807
520 11.27910232543945
530 21.79316329956055
540 19.98243713378906
550 15.11074638366699
560 21.03654670715332
570 15.01167297363281
580 12.52499580383301
590 11.17199325561523
600 10.88167953491211
610 17.63119888305664
620 26.90977478027344
630 32.18568420410156
640 43.16725921630859
650 62.8239860534668
660 69.58270263671875
670 70.66053771972656
680 63.84231948852539
690 42.48603439331055
700 41.60988998413086
710 46.07961273193359
720 66.02444458007812
730 61.76560974121094
740 72.10301208496094
750 45.63184356689453
760 28.81853103637695
770 20.15787506103516
780 20.76229095458984
790 22.51376914978027
800 21.39404678344727
810 16.53592491149902
820 27.26457405090332
830 28.69894409179688
840 22.88836097717285
850 31.5151424407959
860 35.25259780883789
870 32.14044952392578
880 31.69931602478027
890 35.01464462280273
900 51.37243270874023
910 44.00243377685547
920 78.50835418701172
930 107.0841217041016
940 82.64833068847656
950 79.71562957763672
960 60.26132202148438
970 31.23941230773926
980 21.55301094055176
990 13.77504634857178
1000 20.64813613891602
1010 18.48722457885742
1020 8.186997413635254
1030 11.73692798614502
1040 18.16083908081055
1050 24.92131042480469
1060 28.78570747375488
1070 25.97797966003418
1080 28.53299713134766
1090 34.63922500610352
1100 23.49735641479492
1110 19.83369445800781
1120 32.51171875
1130 29.72397613525391
1140 37.2099609375
1150 29.09895324707031
1160 19.15114974975586
1170 14.75033569335938
1180 30.66168212890625
1190 46.10714721679688
1200 14.55691719055176
1210 10.47195625305176
1220 10.85298347473145
1230 10.38864707946777
1240 9.693767547607422
1250 11.53963184356689
1260 16.4157600402832
1270 12.53975677490234
1280 15.7385778427124
1290 12.44498062133789
1300 21.8843879699707
1310 30.97216033935547
1320 32.67416381835938
1330 7.406258583068848
1340 11.595947265625
1350 7.229643821716309
1360 14.44809341430664
1370 10.8570728302002
1380 15.53019428253174
1390 20.91164779663086
1400 21.18935203552246
1410 26.25444984436035
1420 24.35440254211426
1430 17.28801727294922
1440 19.47697067260742
1450 19.73718452453613
1460 10.70038986206055
1470 18.47773361206055
1480 22.88854789733887
1490 12.58277988433838
1500 7.768207550048828
1510 12.30866241455078
1520 23.25764465332031
1530 20.06246185302734
1540 13.07646083831787
1550 11.09148406982422
1560 13.05797386169434
1570 14.61234855651855
1580 11.46493148803711
1590 10.98586845397949
1600 19.26070785522461
1610 17.11104393005371
1620 20.60824012756348
1630 24.71713638305664
1640 39.82907867431641
1650 26.0228099822998
1660 30.77575302124023
1670 19.0927619934082
1680 12.24051475524902
1690 24.90108871459961
1700 18.40948486328125
1710 18.77362632751465
1720 21.61861228942871
1730 15.53815174102783
1740 20.03115081787109
1750 26.17536163330078
1760 20.95804595947266
1770 16.7396183013916
1780 16.89557647705078
1790 14.86846733093262
1800 19.06940650939941
1810 9.855528831481934
1820 17.94792366027832
1830 10.69314002990723
1840 8.139471054077148
1850 13.66952705383301
1860 17.76479530334473
1870 8.583849906921387
1880 9.401948928833008
1890 11.3110294342041
1900 20.5434455871582
1910 28.39266967773438
1920 36.55569458007812
1930 23.08885192871094
1940 23.08112716674805
1950 15.06440448760986
1960 33.56857299804688
1970 28.92570495605469
1980 20.2873477935791
1990 20.85194778442383
2000 16.79697036743164
2010 15.37656593322754
2020 15.51221752166748
2030 18.99246406555176
2040 18.00984954833984
2050 21.40585517883301
2060 29.79403114318848
2070 16.10184097290039
2080 12.35701942443848
2090 15.54810619354248
2100 12.24188137054443
2110 18.22286796569824
2120 12.39123916625977
2130 31.32550048828125
2140 32.56221389770508
2150 32.3773193359375
2160 34.31803512573242
2170 32.88352966308594
2180 29.05142402648926
2190 52.70045852661133
2200 34.289794921875
2210 38.79140853881836
2220 33.88195037841797
2230 41.68652725219727
2240 45.95838928222656
2250 34.21488952636719
2260 33.6370735168457
2270 32.32561492919922
2280 32.12197494506836
2290 40.41013717651367
2300 34.56623840332031
2310 41.178466796875
2320 17.56497955322266
2330 34.46099090576172
2340 40.81684875488281
2350 22.24655342102051
2360 26.00339698791504
2370 11.04344272613525
2380 12.75042152404785
2390 13.64426040649414
2400 8.639732360839844
2410 10.32375049591064
2420 22.08568954467773
2430 31.63752365112305
2440 20.23658561706543
2450 34.53382110595703
2460 33.94899749755859
2470 29.816162109375
2480 29.89491653442383
2490 19.35205268859863
2500 21.63530731201172
2510 12.54055118560791
2520 12.35530948638916
2530 15.64562034606934
2540 22.4917049407959
2550 15.81429576873779
2560 16.65017318725586
2570 12.55315494537354
2580 17.13314437866211
2590 12.18340587615967
2600 27.12111282348633
2610 23.55289649963379
2620 25.68867874145508
2630 20.95359992980957
2640 22.65509223937988
2650 23.16592025756836
2660 23.78391265869141
2670 28.87435150146484
2680 24.6491641998291
2690 31.53754997253418
2700 48.57801818847656
2710 22.36779975891113
2720 26.56656646728516
2730 16.36618041992188
2740 19.33315277099609
2750 30.74833488464355
2760 46.88846969604492
2770 37.05595779418945
2780 28.90393447875977
2790 30.51935195922852
2800 18.33499908447266
2810 13.44616413116455
2820 15.56229400634766
2830 20.50103187561035
2840 25.62516975402832
2850 18.52020263671875
2860 13.50069618225098
2870 19.14927864074707
2880 21.25743865966797
2890 13.86133480072021
2900 8.645783424377441
2910 13.54301071166992
2920 11.8804988861084
2930 8.826511383056641
2940 11.54537868499756
2950 17.42126655578613
2960 16.67146301269531
2970 22.00366401672363
2980 23.94835472106934
2990 19.73800277709961
3000 25.49237251281738
3010 26.27445220947266
3020 32.22059631347656
3030 24.10172080993652
3040 15.12349224090576
3050 18.50007247924805
3060 21.08594131469727
3070 17.70930480957031
3080 11.41698741912842
3090 23.19224739074707
3100 44.20892715454102
3110 51.45682525634766
3120 27.77248382568359
3130 29.24608421325684
3140 20.75338745117188
3150 26.933349609375
3160 19.69611740112305
3170 23.61611557006836
3180 21.91527366638184
3190 10.9371452331543
3200 13.89760398864746
3210 9.379593849182129
3220 13.83895587921143
3230 25.29758262634277
3240 18.72280311584473
3250 22.33893966674805
3260 16.04776000976562
3270 12.71340084075928
3280 10.51963233947754
3290 8.846763610839844
3300 7.340816497802734
3310 16.79976463317871
3320 17.66253280639648
3330 20.83865356445312
3340 9.560294151306152
3350 15.99515914916992
3360 11.35248374938965
3370 16.30467987060547
3380 20.03098678588867
3390 14.7350549697876
3400 8.847517967224121
3410 10.60279846191406
3420 14.65348052978516
3430 12.50891304016113
3440 24.66336250305176
3450 35.23533630371094
3460 29.02772521972656
3470 17.6098804473877
3480 20.80971527099609
3490 45.59841918945312
3500 24.86511611938477
3510 26.11613082885742
3520 35.8985481262207
3530 16.75801086425781
3540 9.546450614929199
3550 11.0793399810791
3560 15.10790061950684
3570 17.88638877868652
3580 9.884560585021973
3590 9.470485687255859
3600 18.19721031188965
3610 13.57420349121094
3620 18.92056274414062
3630 27.8093318939209
3640 18.29237365722656
3650 13.21616172790527
3660 18.11166763305664
3670 16.80692863464355
3680 21.68120193481445
3690 10.3408374786377
3700 11.41800403594971
3710 15.11242008209229
3720 9.41850757598877
3730 15.32066535949707
3740 15.92206001281738
3750 19.45383644104004
3760 16.34514808654785
3770 24.08129501342773
3780 20.83195304870605
3790 23.19912528991699
3800 19.00074577331543
3810 15.07747650146484
3820 14.71075344085693
3830 22.09745788574219
3840 15.08740520477295
3850 18.81736755371094
3860 13.93111133575439
3870 17.56706428527832
3880 13.35259342193604
3890 23.13349342346191
3900 48.70479583740234
3910 33.34500122070312
3920 22.00400352478027
3930 34.53742218017578
3940 14.30247783660889
3950 23.48657035827637
3960 49.04865264892578
3970 26.23091125488281
3980 12.48311328887939
3990 16.41484832763672
4000 27.69338798522949
4010 20.81219482421875
4020 17.25755500793457
4030 15.0772876739502
4040 18.78409194946289
4050 16.88901901245117
4060 15.0174560546875
4070 13.73957252502441
4080 15.57214069366455
4090 24.16098022460938
4100 21.83577537536621
4110 21.37604522705078
4120 22.47137069702148
4130 23.17021942138672
4140 18.52050399780273
4150 18.34251022338867
4160 22.1109619140625
4170 9.764789581298828
4180 9.776278495788574
4190 8.966032981872559
4200 18.94216156005859
4210 23.29769897460938
4220 13.36119651794434
4230 18.53172302246094
4240 14.35916328430176
4250 13.16646957397461
4260 10.54875183105469
4270 10.83738327026367
4280 14.70707702636719
4290 18.54742431640625
4300 38.17993927001953
4310 32.68122100830078
4320 18.37588882446289
4330 17.49870300292969
4340 15.63905239105225
4350 19.00512504577637
4360 34.12660598754883
4370 21.01712799072266
4380 15.79520225524902
4390 15.94046115875244
4400 15.48410701751709
4410 21.04275321960449
4420 25.78585624694824
4430 17.97847366333008
4440 13.84267234802246
4450 13.15367412567139
4460 13.81700038909912
4470 12.49254608154297
4480 16.50089645385742
4490 13.49334907531738
4500 11.88360214233398
4510 12.46468639373779
4520 8.666563034057617
4530 15.24172782897949
4540 13.10103416442871
4550 11.29795265197754
4560 13.88435459136963
4570 16.92440414428711
4580 18.90968322753906
4590 14.63898849487305
4600 14.67122650146484
4610 17.41989135742188
4620 16.53324508666992
4630 12.49212455749512
4640 11.27054691314697
4650 14.43188953399658
4660 12.98252487182617
4670 21.11406326293945
4680 16.0223503112793
4690 14.66722583770752
4700 15.0919303894043
4710 18.19088363647461
4720 17.59897804260254
4730 26.55014228820801
4740 21.62216949462891
4750 22.37272644042969
4760 12.2932186126709
4770 36.10654067993164
4780 24.52114868164062
4790 20.63517761230469
4800 18.61445617675781
4810 22.38068962097168
4820 11.92507171630859
4830 16.91731452941895
4840 17.97192001342773
4850 25.52121353149414
4860 26.28369903564453
4870 28.65085220336914
4880 10.85793495178223
4890 9.724376678466797
4900 12.93514251708984
4910 11.67292213439941
4920 11.26909732818604
4930 10.42988777160645
4940 9.035787582397461
4950 19.42149925231934
4960 31.30104637145996
4970 23.00643157958984
4980 14.29370212554932
4990 12.6751766204834
5000 14.42695426940918
5010 13.44515991210938
5020 12.03818035125732
5030 12.58413600921631
5040 17.80167198181152
5050 18.49202919006348
5060 12.06441879272461
5070 12.0543041229248
5080 28.83056640625
5090 23.63181114196777
5100 23.03033256530762
5110 23.09376525878906
5120 26.14996910095215
5130 33.11097717285156
5140 28.26067924499512
5150 31.07238006591797
5160 17.99588012695312
5170 27.05032348632812
5180 20.15789794921875
5190 18.75953483581543
5200 31.12358665466309
5210 19.17802429199219
5220 14.06658744812012
5230 31.54733276367188
5240 17.98867797851562
5250 10.17949485778809
5260 9.744327545166016
5270 7.082937240600586
5280 5.914464950561523
5290 9.07696533203125
5300 14.23609638214111
5310 16.1767463684082
5320 15.63150501251221
5330 11.97153663635254
5340 9.787176132202148
5350 12.55331802368164
5360 14.78129863739014
5370 15.1911506652832
5380 11.45327186584473
5390 15.44807910919189
5400 9.606035232543945
5410 12.33173847198486
5420 14.7074031829834
5430 18.50636291503906
5440 24.68359375
5450 10.86289882659912
5460 22.45515060424805
5470 33.98231887817383
5480 13.26881504058838
5490 23.61096572875977
5500 26.69579315185547
5510 17.40914726257324
5520 14.16804504394531
5530 19.00104141235352
5540 31.32329177856445
5550 25.22102737426758
5560 36.84057998657227
5570 23.57785034179688
5580 15.96636962890625
5590 9.419831275939941
5600 13.69547080993652
5610 10.39928817749023
5620 11.75300788879395
5630 11.79900932312012
5640 10.1333646774292
5650 19.55795669555664
5660 18.49402618408203
5670 23.3606071472168
5680 16.3739070892334
5690 17.18917465209961
5700 27.45247840881348
5710 14.97754669189453
5720 21.04179191589355
5730 22.83747482299805
5740 19.80811309814453
5750 15.3852710723877
5760 11.60628986358643
5770 14.0559549331665
5780 36.37841033935547
5790 25.4780101776123
5800 19.19084167480469
5810 21.12489128112793
5820 36.34815216064453
5830 40.91205215454102
5840 43.2476921081543
5850 30.86004829406738
5860 32.05270004272461
5870 37.02207183837891
5880 25.339111328125
5890 24.48552703857422
5900 20.6245288848877
5910 14.325364112854
5920 20.64198875427246
5930 26.9073543548584
5940 16.96962547302246
5950 17.64140701293945
5960 28.48460006713867
5970 15.95123863220215
5980 26.59667205810547
5990 23.79249572753906
6000 26.23013496398926
6010 13.51166439056396
6020 17.5915641784668
6030 21.69958114624023
6040 20.90012359619141
6050 13.56560134887695
6060 17.94854545593262
6070 17.03345680236816
6080 19.42566680908203
6090 16.31318283081055
6100 25.06156921386719
6110 22.44668769836426
6120 17.46739196777344
6130 6.814583778381348
6140 16.39465141296387
6150 14.9025764465332
6160 15.99390029907227
6170 9.968471527099609
6180 11.07753562927246
6190 15.14638137817383
6200 22.84867858886719
6210 11.30816745758057
6220 14.28969573974609
6230 13.57726573944092
6240 10.3650951385498
6250 12.61964416503906
6260 7.216512680053711
6270 9.241729736328125
6280 12.70107269287109
6290 21.11240768432617
6300 35.14242553710938
6310 19.33563613891602
6320 16.38280868530273
6330 25.59134674072266
6340 16.55001449584961
6350 18.3488655090332
6360 23.25345039367676
6370 35.07160568237305
6380 26.31581878662109
6390 21.64455413818359
6400 22.54647827148438
6410 30.17881774902344
6420 26.60941886901855
6430 17.75031852722168
6440 17.3014030456543
6450 16.72674560546875
6460 6.155350208282471
6470 8.736321449279785
6480 10.89530277252197
6490 17.63982772827148
6500 13.17960357666016
6510 15.02728652954102
6520 15.23223304748535
6530 17.03326797485352
6540 17.16726875305176
6550 14.98340892791748
6560 11.36608219146729
6570 18.25164604187012
6580 10.81619453430176
6590 14.86693286895752
6600 27.69842529296875
6610 11.68099594116211
6620 25.58656120300293
6630 22.51894760131836
6640 15.55390739440918
6650 11.65499305725098
6660 25.90636253356934
6670 31.68962287902832
6680 19.43695068359375
6690 22.5029182434082
6700 17.68484497070312
6710 44.31083297729492
6720 24.00250625610352
6730 20.7621898651123
6740 15.43429946899414
6750 22.61571502685547
6760 14.50611782073975
6770 11.21152877807617
6780 14.05244922637939
6790 13.15243625640869
6800 10.9986515045166
6810 15.62561225891113
6820 28.81350708007812
6830 33.56816101074219
6840 20.97293281555176
6850 16.29364013671875
6860 16.78698921203613
6870 22.28745079040527
6880 20.39644241333008
6890 25.43413162231445
6900 22.29186820983887
6910 18.93802833557129
6920 13.52415180206299
6930 16.15017700195312
6940 9.858824729919434
6950 18.529296875
6960 17.30008506774902
6970 19.28792190551758
6980 20.25152969360352
6990 15.19832611083984
7000 10.973801612854
7010 13.75377178192139
7020 18.53894233703613
7030 12.38544368743896
7040 11.19594192504883
7050 11.10156440734863
7060 13.09878158569336
7070 16.97242164611816
7080 11.35562133789062
7090 12.45991325378418
7100 11.17145729064941
7110 26.71223258972168
7120 11.40121078491211
7130 11.05049610137939
7140 13.32694625854492
7150 16.6334056854248
7160 15.95458316802979
7170 15.9981107711792
7180 21.01165771484375
7190 23.65946578979492
7200 28.83106803894043
7210 16.54631233215332
7220 20.44081687927246
7230 15.32411956787109
7240 22.28004455566406
7250 29.64028739929199
7260 26.03924942016602
7270 23.16726303100586
7280 30.0184440612793
7290 28.92024993896484
7300 14.03746700286865
7310 20.79854965209961
7320 15.86260223388672
7330 22.5500659942627
7340 23.70897674560547
7350 15.705078125
7360 30.34463500976562
7370 20.15872573852539
7380 21.82181739807129
7390 34.65685272216797
7400 21.88973426818848
7410 11.57262992858887
7420 17.50436401367188
7430 18.50524520874023
7440 19.23107528686523
7450 29.0541877746582
7460 9.57601261138916
7470 20.21274757385254
7480 35.58700942993164
7490 55.19768142700195
7500 37.7618522644043
7510 36.58861923217773
7520 38.82106781005859
7530 19.24572372436523
7540 26.94995498657227
7550 32.0663948059082
7560 16.61772155761719
7570 18.53018760681152
7580 24.66605377197266
7590 20.73407173156738
7600 24.44726943969727
7610 18.88748550415039
7620 19.19436645507812
7630 20.15417671203613
7640 14.79836273193359
7650 14.58336353302002
7660 8.910567283630371
7670 16.2592887878418
7680 15.26406383514404
7690 16.55946922302246
7700 22.7580680847168
7710 19.72576141357422
7720 14.17423343658447
7730 19.32196998596191
7740 26.10024833679199
7750 28.05545806884766
7760 14.71979904174805
7770 19.79808044433594
7780 11.75978088378906
7790 10.51567459106445
7800 8.666934013366699
7810 19.99333953857422
7820 28.21688461303711
7830 18.47039413452148
7840 17.78726005554199
7850 22.05987167358398
7860 32.18904113769531
7870 17.00809288024902
7880 22.39497756958008
7890 19.01812744140625
7900 25.20522499084473
7910 17.20857429504395
7920 12.20326614379883
7930 10.88404655456543
7940 12.59095764160156
7950 13.18888854980469
7960 19.44987487792969
7970 13.67785453796387
7980 15.67038536071777
7990 15.20308685302734
8000 19.79893493652344
8010 24.48884582519531
8020 14.34121894836426
8030 13.06552505493164
8040 10.50988864898682
8050 11.11666107177734
8060 10.83542346954346
8070 15.45634365081787
8080 16.2758674621582
8090 14.82302093505859
8100 22.84541130065918
8110 19.30938529968262
8120 13.45896816253662
8130 19.31972503662109
8140 17.28756141662598
8150 9.398499488830566
8160 8.247796058654785
8170 9.377096176147461
8180 13.37728500366211
8190 10.4133358001709
8200 8.525991439819336
8210 7.849919319152832
8220 14.34452438354492
8230 16.7456169128418
8240 21.48774719238281
8250 14.11720752716064
8260 9.562112808227539
8270 10.46404361724854
8280 39.89823532104492
8290 37.26737594604492
8300 31.82552528381348
8310 18.82489395141602
8320 18.91655349731445
8330 17.18767547607422
8340 14.33250141143799
8350 21.30385589599609
8360 13.15891551971436
8370 16.396484375
8380 17.89434242248535
8390 11.41796588897705
8400 25.62967681884766
