"Time Step" "point-vel-c"
22610 7.307520389556885
22620 7.177489280700684
22630 7.526546478271484
22640 7.836635589599609
22650 7.830371856689453
22660 7.637022972106934
22670 7.272622108459473
22680 7.418493747711182
22690 7.501728534698486
22700 7.494815826416016
22710 7.424582004547119
22720 7.682662963867188
22730 8.014520645141602
22740 7.808777332305908
22750 7.10603666305542
22760 6.722744941711426
22770 6.954365730285645
22780 6.855268955230713
22790 6.254816055297852
22800 5.925434589385986
22810 6.079928874969482
22820 6.429051399230957
22830 6.666972160339355
22840 7.226233005523682
22850 7.479518890380859
22860 8.549432754516602
22870 8.665283203125
22880 8.413880348205566
22890 8.003949165344238
22900 7.783820629119873
22910 8.043359756469727
22920 7.765632629394531
22930 8.069276809692383
22940 7.904307842254639
22950 7.236083984375
22960 6.538830757141113
22970 6.920228958129883
22980 7.366133689880371
22990 6.983052253723145
23000 6.802974700927734
23010 6.601107120513916
23020 6.556483268737793
23030 7.033261299133301
23040 7.158286094665527
23050 6.978225708007812
23060 6.844858169555664
23070 7.509772300720215
23080 7.799997329711914
23090 7.633357048034668
23100 7.80928373336792
23110 7.46697473526001
23120 7.07051420211792
23130 7.07408332824707
23140 7.449240684509277
23150 7.629352569580078
23160 7.573276519775391
23170 7.089920043945312
23180 7.579433917999268
23190 7.534061431884766
23200 7.267751216888428
23210 6.677624702453613
23220 6.797629833221436
23230 7.80293083190918
23240 8.169134140014648
23250 7.155359268188477
23260 7.52057933807373
23270 7.87678337097168
23280 8.511059761047363
23290 7.756340503692627
23300 7.657436370849609
23310 7.288050174713135
23320 7.509561538696289
23330 7.603745460510254
23340 7.224073886871338
23350 7.439716339111328
23360 7.605956077575684
23370 7.18692684173584
23380 6.834006786346436
23390 7.074820041656494
23400 6.888693809509277
23410 7.345620155334473
23420 8.08828067779541
23430 7.604660034179688
23440 7.207332134246826
23450 6.680655956268311
23460 6.888754844665527
23470 7.158961296081543
23480 7.188844203948975
23490 7.267460823059082
23500 7.875888824462891
23510 7.858226776123047
23520 7.477824687957764
23530 7.334770679473877
23540 7.390532493591309
23550 7.379751682281494
23560 6.732172012329102
23570 6.833745956420898
23580 7.30888032913208
23590 7.26308012008667
23600 7.125823974609375
23610 7.882343769073486
23620 8.067873001098633
23630 8.609623908996582
23640 9.043693542480469
23650 8.970685005187988
23660 8.3839111328125
23670 7.492807865142822
23680 7.478566646575928
23690 7.826254844665527
23700 7.94788646697998
23710 7.605786800384521
23720 7.348497867584229
23730 7.348190784454346
23740 7.457639217376709
23750 7.714561462402344
23760 7.89375114440918
23770 7.770478248596191
23780 7.878037452697754
23790 8.089198112487793
23800 7.79197883605957
23810 7.134317874908447
23820 7.49803352355957
23830 8.215092658996582
23840 8.313870429992676
23850 8.143093109130859
23860 7.644933700561523
23870 7.498705387115479
23880 7.417877197265625
23890 6.976505279541016
23900 6.986125946044922
23910 7.262691497802734
23920 6.880184173583984
23930 7.002391815185547
23940 7.239394187927246
23950 6.913125991821289
23960 7.099658966064453
23970 7.164629936218262
23980 7.051693916320801
23990 6.71460485458374
24000 6.854402542114258
15010 8.050909042358398
15020 8.034687995910645
15030 7.788277149200439
15040 6.822892665863037
15050 6.445700645446777
15060 6.625060081481934
15070 7.19331169128418
15080 7.296660423278809
15090 7.204011917114258
15100 6.894477844238281
15110 6.438456535339355
15120 6.336199760437012
15130 6.900390625
15140 6.937315940856934
15150 6.94766902923584
15160 6.906994819641113
15170 6.83875036239624
15180 6.829401969909668
15190 6.816109657287598
15200 6.800070762634277
15210 6.898844718933105
15220 7.246504783630371
15230 7.336340427398682
15240 7.012259960174561
15250 7.515105247497559
15260 8.217599868774414
15270 7.292726516723633
15280 8.185080528259277
15290 8.223648071289062
15300 7.681510925292969
15310 7.492630004882812
15320 7.32933521270752
15330 8.083900451660156
15340 7.583716869354248
15350 7.443226337432861
15360 7.302590847015381
15370 7.131946563720703
15380 6.977739334106445
15390 7.19963264465332
15400 7.783509731292725
15410 7.924489498138428
15420 7.585716247558594
15430 7.627374649047852
15440 7.434741973876953
15450 6.755722045898438
15460 6.530009746551514
15470 7.392363548278809
15480 7.314120292663574
15490 7.503571033477783
15500 7.034792900085449
15510 7.367744922637939
15520 7.466177940368652
15530 7.108018398284912
15540 7.47582483291626
15550 7.543793678283691
15560 6.689572334289551
15570 6.594521999359131
15580 7.086817741394043
15590 7.086069583892822
15600 6.875319480895996
15610 6.128008842468262
15620 6.277623176574707
15630 6.952938079833984
15640 6.942990303039551
15650 6.715202331542969
15660 6.576483726501465
15670 6.826842784881592
15680 7.833068370819092
15690 8.065845489501953
15700 7.631968021392822
15710 7.952279090881348
15720 7.725900173187256
15730 7.51722526550293
15740 7.71861457824707
15750 8.070487976074219
15760 8.091314315795898
15770 8.291231155395508
15780 8.277776718139648
15790 7.478910446166992
15800 7.21629810333252
15810 7.923726558685303
15820 8.165884017944336
15830 7.131083011627197
15840 7.636029720306396
15850 7.597633838653564
15860 7.97822904586792
15870 7.641322135925293
15880 7.149850368499756
15890 7.420156955718994
15900 7.236248016357422
15910 7.619185447692871
15920 7.564527034759521
15930 7.032945156097412
15940 7.407889366149902
15950 7.428011894226074
15960 7.424453735351562
15970 7.57480001449585
15980 8.228110313415527
15990 8.025040626525879
16000 7.090999603271484
16010 7.769075393676758
16020 7.832417964935303
16030 8.472757339477539
16040 7.811402797698975
16050 7.190633773803711
16060 7.568411827087402
16070 7.593357086181641
16080 7.770593166351318
16090 8.043766021728516
16100 8.566129684448242
16110 8.163737297058105
16120 7.545233249664307
16130 7.594871520996094
16140 7.339260101318359
16150 7.643479347229004
16160 7.195217132568359
16170 7.325666427612305
16180 7.053854942321777
16190 6.858032703399658
16200 7.077743053436279
16210 7.094911098480225
16220 6.886712074279785
16230 6.92704963684082
16240 7.252316474914551
16250 6.872834205627441
16260 7.141727447509766
16270 7.957335472106934
16280 7.942863464355469
16290 7.892349720001221
16300 7.544295787811279
16310 7.366798400878906
16320 7.221990585327148
16330 6.88481616973877
16340 6.85871410369873
16350 6.644198417663574
16360 6.544869422912598
16370 6.852283954620361
16380 7.037530422210693
16390 6.71069860458374
16400 6.349456787109375
16410 6.610821723937988
16420 7.055999755859375
16430 7.250750541687012
16440 7.41460132598877
16450 7.051855564117432
16460 6.879190921783447
16470 7.708247661590576
16480 8.11251163482666
16490 8.743963241577148
16500 8.157186508178711
16510 7.154540061950684
16520 7.077793598175049
16530 7.40644359588623
16540 6.628339290618896
16550 6.679801940917969
16560 6.010213375091553
16570 5.738832950592041
16580 5.769325256347656
16590 6.13580322265625
16600 6.654810428619385
16610 6.858545303344727
16620 7.721557140350342
16630 7.23184061050415
16640 7.099745750427246
16650 7.425758361816406
16660 7.594795703887939
16670 7.967867851257324
16680 7.471331119537354
16690 6.914977073669434
16700 7.634250640869141
16710 7.649615287780762
16720 7.532119274139404
16730 7.692351341247559
16740 7.664446830749512
16750 7.978833675384521
16760 7.760875701904297
16770 7.285947799682617
16780 7.024048805236816
16790 6.664920806884766
16800 6.486974239349365
16810 6.790443420410156
16820 6.946671485900879
16830 6.480683326721191
16840 6.776164531707764
16850 7.353626251220703
16860 7.363487720489502
16870 8.116353988647461
16880 8.861846923828125
16890 8.064642906188965
16900 7.025734901428223
16910 6.727157592773438
16920 7.363516807556152
16930 6.674514770507812
16940 6.161544799804688
16950 6.551705360412598
16960 6.480493068695068
16970 7.050454139709473
16980 7.071443557739258
16990 6.715017318725586
17000 6.598644256591797
17010 6.189642429351807
17020 6.687582969665527
17030 6.614124774932861
17040 7.012248992919922
17050 7.058292865753174
17060 6.989115715026855
17070 7.111335277557373
17080 7.323768615722656
17090 7.326740264892578
17100 7.196109771728516
17110 7.177134037017822
17120 7.486787796020508
17130 7.026732921600342
17140 6.542309284210205
17150 6.357094287872314
17160 6.187283515930176
17170 6.153591632843018
17180 6.212737083435059
17190 6.135673522949219
17200 6.262993812561035
17210 7.175844192504883
17220 9.371033668518066
17230 8.942215919494629
17240 9.279280662536621
17250 9.570595741271973
17260 8.611786842346191
17270 8.636012077331543
17280 8.496963500976562
17290 7.608095169067383
17300 7.384963989257812
17310 7.312900543212891
17320 7.608195304870605
17330 6.838077068328857
17340 7.306613922119141
17350 7.578422546386719
17360 7.551159858703613
17370 7.200758457183838
17380 7.682094573974609
17390 8.418766975402832
17400 8.275238037109375
17410 7.293899059295654
17420 6.963309764862061
17430 7.2928466796875
17440 7.36915397644043
17450 7.550561904907227
17460 7.469833850860596
17470 6.996452808380127
17480 6.911407947540283
17490 6.865079879760742
17500 6.660528659820557
17510 6.94666862487793
17520 8.083719253540039
17530 8.234430313110352
17540 8.155998229980469
17550 7.276650428771973
17560 7.224036693572998
17570 6.667993068695068
17580 7.058120250701904
17590 7.166828632354736
17600 6.998278617858887
17610 6.996659278869629
17620 7.132167339324951
17630 7.189656734466553
17640 7.240468502044678
17650 7.324435234069824
17660 8.209866523742676
17670 8.180337905883789
17680 7.966070652008057
17690 7.645506858825684
17700 7.699631214141846
17710 7.880839347839355
17720 8.026700973510742
17730 7.962379455566406
17740 8.138110160827637
17750 7.341104507446289
17760 7.139780521392822
17770 7.833061218261719
17780 8.125629425048828
17790 7.97606086730957
17800 7.736656188964844
17810 8.135193824768066
17820 8.025089263916016
17830 6.893169403076172
17840 6.712995529174805
17850 6.761784076690674
17860 6.920184135437012
17870 7.162155151367188
17880 7.101287841796875
17890 6.911588668823242
17900 6.652575492858887
17910 6.873465538024902
17920 7.041897773742676
17930 7.269286155700684
17940 7.386023044586182
17950 7.019315719604492
17960 6.556679248809814
17970 6.754843711853027
17980 6.867410182952881
17990 6.88602876663208
18000 7.07691764831543
18010 7.357094764709473
18020 8.14007568359375
18030 7.960241794586182
18040 7.476545810699463
18050 8.847386360168457
18060 8.104208946228027
18070 7.811737060546875
18080 7.505910873413086
18090 7.689705848693848
18100 7.999462604522705
18110 7.703258991241455
18120 7.661532402038574
18130 8.542535781860352
18140 8.256555557250977
18150 7.866691589355469
18160 7.266368865966797
18170 7.073462963104248
18180 8.188503265380859
18190 8.120967864990234
18200 7.990878582000732
18210 7.970451831817627
18220 7.467954635620117
18230 7.131272315979004
18240 6.964289665222168
18250 7.310516834259033
18260 7.5397047996521
18270 7.434054374694824
18280 7.848884582519531
18290 7.540263175964355
18300 7.636369228363037
18310 7.585395336151123
18320 7.602850914001465
18330 7.236420631408691
18340 7.044219970703125
18350 7.022881984710693
18360 6.82947301864624
18370 7.045428276062012
18380 6.954618453979492
18390 6.798435688018799
18400 6.75951623916626
18410 6.791454792022705
18420 7.514508724212646
18430 7.825646877288818
18440 8.141759872436523
18450 7.973973751068115
18460 7.892266273498535
18470 8.158559799194336
18480 8.034590721130371
18490 8.099678039550781
18500 8.076077461242676
18510 7.339556217193604
18520 7.204313278198242
18530 6.993896484375
18540 7.109272956848145
18550 7.088913917541504
18560 7.341245651245117
18570 7.968183994293213
18580 7.643803596496582
18590 6.94655704498291
18600 6.769750595092773
18610 7.030122756958008
18620 7.080286502838135
18630 7.020680904388428
18640 7.079385757446289
18650 7.543757915496826
18660 7.626951694488525
18670 7.403474807739258
18680 7.083191394805908
18690 6.759026050567627
18700 6.867113590240479
18710 7.102268218994141
18720 7.201797962188721
18730 7.354676723480225
18740 7.648572444915771
18750 7.609155178070068
18760 7.965044975280762
18770 7.46092700958252
18780 6.700382709503174
18790 6.511812210083008
18800 6.639506340026855
18810 7.695031642913818
18820 9.70162296295166
18830 8.798099517822266
18840 8.667033195495605
18850 8.736001968383789
18860 9.175901412963867
18870 8.885940551757812
18880 8.721109390258789
18890 8.186733245849609
18900 7.8402099609375
18910 8.45493221282959
18920 7.900289058685303
18930 7.926548957824707
18940 7.611062526702881
18950 7.09386157989502
18960 7.08308219909668
18970 7.28982400894165
18980 7.11631441116333
18990 7.339335441589355
19000 7.052713394165039
19010 6.947097778320312
19020 6.764912605285645
19030 7.262279987335205
19040 7.199435234069824
19050 7.020901203155518
19060 6.865275859832764
19070 6.922889709472656
19080 7.146660327911377
19090 7.157327651977539
19100 7.020037651062012
19110 6.57382869720459
19120 7.040042877197266
19130 6.786030769348145
19140 7.206996917724609
19150 7.372517108917236
19160 7.569033145904541
19170 7.394527435302734
19180 7.447420597076416
19190 6.934540748596191
19200 6.694917678833008
19210 6.661931037902832
19220 6.778152942657471
19230 6.185067176818848
19240 6.822390079498291
19250 6.53982400894165
19260 7.395742416381836
19270 6.825778484344482
19280 7.428440093994141
19290 6.305295944213867
19300 5.655442237854004
19310 6.789956092834473
19320 7.646903991699219
19330 7.81097412109375
19340 7.031860828399658
19350 6.58209228515625
19360 6.971537590026855
19370 7.184208869934082
19380 7.309864044189453
19390 7.160000324249268
19400 7.074532508850098
19410 6.917532920837402
19420 6.772377490997314
19430 7.318136692047119
19440 7.785294532775879
19450 7.589008331298828
19460 7.499979019165039
19470 7.621440887451172
19480 7.704477310180664
19490 7.652095794677734
19500 7.233133792877197
19510 6.344305038452148
19520 6.555882930755615
19530 6.990368366241455
19540 7.403332233428955
19550 7.363262176513672
19560 7.139641761779785
19570 7.066938400268555
19580 7.123037815093994
19590 6.900938510894775
19600 7.58519172668457
19610 7.638667583465576
19620 7.597811222076416
19630 7.094466209411621
19640 7.155626773834229
19650 7.384684562683105
19660 8.001314163208008
19670 7.691938400268555
19680 7.601057052612305
19690 7.162073135375977
19700 7.480451583862305
19710 7.085973739624023
19720 7.418835163116455
19730 7.027331352233887
19740 7.292291641235352
19750 6.639194011688232
19760 6.824796199798584
19770 6.435476303100586
19780 6.959657669067383
19790 7.513047695159912
19800 6.703065872192383
19810 6.228687286376953
19820 6.40655517578125
19830 6.33046817779541
19840 5.999213695526123
19850 6.187386512756348
19860 6.868319511413574
19870 6.997895240783691
19880 6.897868156433105
19890 7.103577613830566
19900 7.395586967468262
19910 6.916949272155762
19920 6.631325721740723
19930 7.151730537414551
19940 7.090780258178711
19950 7.067625522613525
19960 6.997433662414551
19970 6.807984352111816
19980 6.638647079467773
19990 6.559257984161377
20000 6.830960273742676
20010 7.27940845489502
20020 8.56653881072998
20030 7.579451560974121
20040 7.372320175170898
20050 7.325260162353516
20060 6.902318000793457
20070 6.911014080047607
20080 7.066370487213135
20090 6.869189739227295
20100 6.774222850799561
20110 6.839684009552002
20120 6.958861351013184
20130 7.481308937072754
20140 7.60364818572998
20150 7.656764030456543
20160 7.341156959533691
20170 7.21915340423584
20180 7.027862071990967
20190 6.86492919921875
20200 7.236005783081055
20210 7.611909866333008
20220 7.729084491729736
20230 7.974736213684082
20240 7.610585689544678
20250 7.469914436340332
20260 7.340707778930664
20270 7.441791534423828
20280 7.576630115509033
20290 7.559540748596191
20300 7.528153419494629
20310 7.217008590698242
20320 6.773785591125488
20330 6.461040496826172
20340 6.872530937194824
20350 7.211104393005371
20360 7.430805206298828
20370 7.384447574615479
20380 7.216924667358398
20390 7.211266040802002
20400 7.02035665512085
20410 7.59760856628418
20420 8.42292594909668
20430 8.667313575744629
20440 7.721490383148193
20450 7.876491546630859
20460 7.770238876342773
20470 8.349692344665527
20480 7.812641143798828
20490 7.15964937210083
20500 7.662906646728516
20510 7.507544040679932
20520 6.730088233947754
20530 7.058833122253418
20540 7.54691219329834
20550 7.500627517700195
20560 7.681376934051514
20570 7.743758201599121
20580 7.601273536682129
20590 7.370336055755615
20600 7.293455123901367
20610 6.742391109466553
20620 6.56068229675293
20630 7.080764293670654
20640 7.451615333557129
20650 7.326253414154053
20660 7.324472427368164
20670 7.466334819793701
20680 6.713775157928467
20690 7.231116771697998
20700 7.842934608459473
20710 7.125578880310059
20720 7.081087112426758
20730 7.201621532440186
20740 7.498790740966797
20750 7.490212440490723
20760 7.397575378417969
20770 7.453125953674316
20780 7.531091690063477
20790 7.227677345275879
20800 6.966083526611328
20810 8.223701477050781
20820 9.386185646057129
20830 8.563084602355957
20840 7.617947578430176
20850 7.285390853881836
20860 7.666191101074219
20870 9.103777885437012
20880 9.153182983398438
20890 8.597070693969727
20900 8.376849174499512
20910 7.709055423736572
20920 7.500618934631348
20930 7.198398590087891
20940 7.363399028778076
20950 6.870579719543457
20960 6.787260055541992
20970 6.457550048828125
20980 7.037433624267578
20990 7.359886169433594
21000 6.879389762878418
21010 7.212763786315918
21020 7.083905696868896
21030 6.749762535095215
21040 6.862720966339111
21050 6.40308666229248
21060 6.325671672821045
21070 6.474882125854492
21080 6.256319046020508
21090 6.542076110839844
21100 7.596704006195068
21110 7.636327743530273
21120 7.299256801605225
21130 7.05854606628418
21140 7.111917972564697
21150 6.760964393615723
21160 6.784067153930664
21170 6.933789253234863
21180 6.574902534484863
21190 6.122890472412109
21200 5.957499027252197
21210 6.001228332519531
21220 6.311884880065918
21230 6.631391525268555
21240 6.917458057403564
21250 7.618078231811523
21260 7.88731861114502
21270 8.461126327514648
21280 7.701407432556152
21290 7.374335289001465
21300 7.735897064208984
21310 7.293547630310059
21320 7.026603698730469
21330 6.822697639465332
21340 6.984007358551025
21350 7.294639587402344
21360 7.079532146453857
21370 6.600247383117676
21380 6.550509452819824
21390 6.747509479522705
21400 6.655011177062988
21410 6.727549076080322
21420 6.648003578186035
21430 6.490811347961426
21440 6.732769966125488
21450 7.532805442810059
21460 8.093900680541992
21470 7.79005241394043
21480 7.761268138885498
21490 8.234530448913574
21500 7.90174674987793
21510 7.347508907318115
21520 7.964526176452637
21530 7.690700531005859
21540 7.225011825561523
21550 7.085757255554199
21560 7.178925514221191
21570 7.601271152496338
21580 7.584332466125488
21590 7.173376083374023
21600 6.787988662719727
21610 6.988505840301514
21620 7.337018489837646
21630 7.8160400390625
21640 7.539373397827148
21650 7.385015964508057
21660 8.199885368347168
21670 8.527443885803223
21680 7.882831573486328
21690 7.753698825836182
21700 8.244704246520996
21710 7.027856826782227
21720 6.564540386199951
21730 6.943863391876221
21740 6.886906147003174
21750 6.835479736328125
21760 7.084635257720947
21770 7.816259384155273
21780 8.110854148864746
21790 7.897210597991943
21800 7.626021385192871
21810 7.678504943847656
21820 7.60476016998291
21830 7.452322006225586
21840 6.903362274169922
21850 6.738285064697266
21860 6.737331867218018
21870 7.456061363220215
21880 7.434479713439941
21890 7.758865356445312
21900 7.874269962310791
21910 7.339473724365234
21920 7.41324520111084
21930 7.400150299072266
21940 7.032515525817871
21950 6.951916217803955
21960 7.265273094177246
21970 7.254124641418457
21980 7.230435371398926
21990 6.824454307556152
22000 6.882120132446289
22010 7.441482067108154
22020 8.703212738037109
22030 8.472203254699707
22040 7.597177505493164
22050 7.855678558349609
22060 8.025766372680664
22070 8.119674682617188
22080 7.709132671356201
22090 8.459926605224609
22100 8.226959228515625
22110 8.342317581176758
22120 8.421613693237305
22130 7.932600975036621
22140 7.857646942138672
22150 7.403767585754395
22160 7.234806537628174
22170 7.822166919708252
22180 7.90030574798584
22190 7.834640026092529
22200 7.745982646942139
22210 7.381058692932129
22220 6.907606601715088
22230 6.297436237335205
22240 6.05471134185791
22250 5.97847843170166
22260 6.015623092651367
22270 6.021517753601074
22280 6.410391330718994
22290 6.397555351257324
22300 6.498539924621582
22310 6.828392505645752
22320 6.89669942855835
22330 6.849570751190186
22340 6.951393604278564
22350 7.025754451751709
22360 7.506321907043457
22370 7.358036041259766
22380 7.062666893005371
22390 7.17042064666748
22400 7.050505638122559
22410 6.951630592346191
22420 8.079464912414551
22430 8.066061019897461
22440 7.511715412139893
22450 6.594887733459473
22460 6.585598468780518
22470 7.477561950683594
22480 8.659961700439453
22490 7.930352687835693
22500 7.836734771728516
22510 7.715255737304688
22520 7.392732620239258
22530 7.203902244567871
22540 6.881442070007324
22550 6.772753715515137
22560 7.317979335784912
22570 7.351953506469727
22580 7.303069114685059
22590 6.974420070648193
22600 6.902606964111328
14810 6.767452239990234
14820 7.561115264892578
14830 7.854069709777832
14840 8.814229011535645
14850 7.721035003662109
14860 7.619601249694824
14870 7.537991046905518
14880 7.816100597381592
14890 8.905861854553223
14900 8.137286186218262
14910 8.00380802154541
14920 8.024137496948242
14930 7.801342487335205
14940 7.184706687927246
14950 7.95290470123291
14960 8.185782432556152
14970 7.51917028427124
14980 6.950107574462891
14990 7.222095489501953
15000 7.898449420928955
8010 7.49678373336792
8020 7.949043273925781
8030 8.129670143127441
8040 7.329976081848145
8050 7.72185230255127
8060 8.099935531616211
8070 9.778826713562012
8080 8.804289817810059
8090 7.838311195373535
8100 7.963922500610352
8110 8.046621322631836
8120 7.950023651123047
8130 8.390335083007812
8140 7.55964183807373
8150 7.84360408782959
8160 7.664148330688477
8170 7.203132629394531
8180 6.623595237731934
8190 6.488091468811035
8200 6.728993892669678
8210 6.680495738983154
8220 6.537914276123047
8230 6.355035305023193
8240 6.267449378967285
8250 6.361305713653564
8260 6.736982345581055
8270 7.162148475646973
8280 7.764883041381836
8290 7.619674682617188
8300 7.318977355957031
8310 7.381621837615967
8320 7.541184425354004
8330 7.755411624908447
8340 7.573814392089844
8350 6.860488414764404
8360 6.665158748626709
8370 7.266118049621582
8380 6.747631072998047
8390 6.494942665100098
8400 6.560345649719238
8410 6.394648551940918
8420 6.449287891387939
8430 6.281651496887207
8440 6.665193557739258
8450 6.760811328887939
8460 6.597064018249512
8470 7.674229145050049
8480 8.321100234985352
8490 7.713006496429443
8500 7.629489898681641
8510 7.799595832824707
8520 7.91679573059082
8530 7.151780605316162
8540 7.46583366394043
8550 7.921094417572021
8560 7.577002048492432
8570 7.839073181152344
8580 7.447170257568359
8590 7.369003295898438
8600 7.353176593780518
8610 7.895506381988525
8620 7.752801418304443
8630 6.743821144104004
8640 6.67348051071167
8650 7.083628177642822
8660 7.727241039276123
8670 7.745553970336914
8680 7.199727535247803
8690 6.83057689666748
8700 6.931946277618408
8710 7.220711708068848
8720 7.42889404296875
8730 7.561901092529297
8740 7.407185554504395
8750 7.297563076019287
8760 7.601354598999023
8770 7.397326469421387
8780 6.765204906463623
8790 6.765601634979248
8800 7.57127046585083
8810 8.201539993286133
8820 8.243709564208984
8830 7.768719673156738
8840 7.772861480712891
8850 8.433119773864746
8860 8.374608039855957
8870 8.578478813171387
8880 7.760812759399414
8890 7.77962589263916
8900 6.966166019439697
8910 6.79300594329834
8920 8.338452339172363
8930 9.558457374572754
8940 8.607227325439453
8950 7.978613376617432
8960 7.260141372680664
8970 6.654921531677246
8980 6.706361770629883
8990 7.1253662109375
9000 6.664624691009521
9010 6.674896717071533
9020 6.957646369934082
9030 6.553463459014893
9040 7.058896064758301
9050 6.975188255310059
9060 6.649707794189453
9070 6.387456893920898
9080 6.335818767547607
9090 6.623471260070801
9100 6.688405513763428
9110 6.871153354644775
9120 6.929804801940918
9130 6.857159614562988
9140 6.977103233337402
9150 7.055290222167969
9160 7.345132827758789
9170 7.13144063949585
9180 6.966443061828613
9190 7.102638244628906
9200 7.443129539489746
9210 8.495658874511719
9220 10.11824703216553
9230 7.891316413879395
9240 7.070962905883789
9250 8.073855400085449
9260 8.403847694396973
9270 8.032845497131348
9280 7.708003044128418
9290 8.201849937438965
9300 8.59406852722168
9310 8.542716979980469
9320 8.445277214050293
9330 7.898653030395508
9340 7.654726505279541
9350 7.108257293701172
9360 6.481856346130371
9370 6.402387142181396
9380 6.361129283905029
9390 5.963259696960449
9400 5.691417217254639
9410 6.702323913574219
9420 7.023081302642822
9430 7.634801387786865
9440 8.000555992126465
9450 7.580161571502686
9460 7.71989631652832
9470 7.423353672027588
9480 7.21632194519043
9490 7.546291351318359
9500 7.969963550567627
9510 7.909369468688965
9520 7.753794193267822
9530 7.445953845977783
9540 7.207624435424805
9550 7.476532936096191
9560 6.704838752746582
9570 6.097962379455566
9580 5.983316421508789
9590 6.060169696807861
9600 6.220934867858887
9610 6.59874963760376
9620 7.135208129882812
9630 6.842263698577881
9640 7.408586502075195
9650 8.800906181335449
9660 8.660029411315918
9670 7.935845851898193
9680 7.353771209716797
9690 7.070138931274414
9700 7.528179168701172
9710 7.278361320495605
9720 7.022724151611328
9730 7.240535736083984
9740 7.569427490234375
9750 7.812102317810059
9760 7.875314235687256
9770 7.912372589111328
9780 7.559564113616943
9790 6.791160583496094
9800 6.352399826049805
9810 6.324453830718994
9820 6.638376235961914
9830 6.9199538230896
9840 7.16236400604248
9850 7.691017627716064
9860 7.656902313232422
9870 7.636465072631836
9880 7.646379470825195
9890 8.231698036193848
9900 8.002358436584473
9910 7.444677352905273
9920 7.692046165466309
9930 7.697539806365967
9940 6.936638832092285
9950 6.580337047576904
9960 6.734436988830566
9970 6.994227886199951
9980 6.74503231048584
9990 6.551729202270508
10000 6.83696460723877
10010 7.099066734313965
10020 6.673116207122803
10030 7.050395011901855
10040 7.511566162109375
10050 7.721908569335938
10060 8.024276733398438
10070 8.596385955810547
10080 7.976737022399902
10090 7.233919143676758
10100 7.87467098236084
10110 8.017391204833984
10120 7.918642520904541
10130 6.991060256958008
10140 7.770539283752441
10150 8.288975715637207
10160 7.677191734313965
10170 7.941600322723389
10180 7.828866958618164
10190 7.632389545440674
10200 8.063026428222656
10210 7.452768802642822
10220 7.858087539672852
10230 7.464692115783691
10240 6.900269031524658
10250 6.508851051330566
10260 6.871550559997559
10270 7.001161575317383
10280 7.176326751708984
10290 6.655035972595215
10300 6.515430927276611
10310 6.738348960876465
10320 7.188497066497803
10330 7.518899440765381
10340 7.453780174255371
10350 7.484207630157471
10360 7.40952730178833
10370 7.131073951721191
10380 7.147243022918701
10390 7.145460605621338
10400 7.559047222137451
10410 9.193366050720215
10420 8.991388320922852
10430 8.515084266662598
10440 8.20980167388916
10450 8.103275299072266
10460 8.395049095153809
10470 8.908288955688477
10480 8.862545013427734
10490 7.7314453125
10500 6.631142139434814
10510 7.360764026641846
10520 7.963649272918701
10530 7.582908630371094
10540 7.17876148223877
10550 7.222878456115723
10560 7.644450187683105
10570 7.730559349060059
10580 6.97371768951416
10590 6.563828468322754
10600 6.901237010955811
10610 7.114259719848633
10620 6.863399982452393
10630 6.864078521728516
10640 6.998958587646484
10650 7.018040657043457
10660 7.584596633911133
10670 7.74268913269043
10680 7.537298202514648
10690 7.28963565826416
10700 7.259841918945312
10710 6.558993339538574
10720 6.795145034790039
10730 6.914732933044434
10740 6.690523624420166
10750 7.13322114944458
10760 7.853401184082031
10770 7.643290042877197
10780 7.191287517547607
10790 7.597580909729004
10800 7.28801155090332
10810 7.141949653625488
10820 7.19460391998291
10830 7.291045188903809
10840 7.043814659118652
10850 7.061031818389893
10860 7.243160247802734
10870 7.705558776855469
10880 7.30170726776123
10890 7.267950534820557
10900 7.835320472717285
10910 8.507167816162109
10920 7.88264274597168
10930 7.585500717163086
10940 7.93657112121582
10950 7.60135555267334
10960 7.409458160400391
10970 6.993692398071289
10980 6.887125015258789
10990 7.23982048034668
11000 7.152425765991211
11010 6.988871574401855
11020 6.86552906036377
11030 7.358365058898926
11040 7.374115943908691
11050 7.304220199584961
11060 6.987343311309814
11070 6.784198760986328
11080 7.015026569366455
11090 7.265698432922363
11100 7.475191116333008
11110 7.114400386810303
11120 7.146446704864502
11130 7.246820449829102
11140 7.016135215759277
11150 7.38802433013916
11160 7.479946136474609
11170 7.491428852081299
11180 7.304174423217773
11190 6.860668182373047
11200 6.695939064025879
11210 6.988822460174561
11220 6.782536029815674
11230 6.692912101745605
11240 6.878569602966309
11250 7.156105995178223
11260 8.250378608703613
11270 9.556982040405273
11280 8.362771034240723
11290 7.203879356384277
11300 7.228314876556396
11310 7.25741720199585
11320 7.165968894958496
11330 7.86842155456543
11340 7.815973281860352
11350 7.29035758972168
11360 7.85302734375
11370 7.685766696929932
11380 7.487536430358887
11390 7.432227611541748
11400 7.517163276672363
11410 7.384018898010254
11420 7.544544219970703
11430 7.440021514892578
11440 7.587581157684326
11450 7.717959880828857
11460 8.111282348632812
11470 7.809629917144775
11480 7.630417823791504
11490 7.817808628082275
11500 7.791234970092773
11510 7.85184383392334
11520 7.72443151473999
11530 7.302250862121582
11540 7.758296012878418
11550 7.629834175109863
11560 7.175718307495117
11570 7.046499252319336
11580 6.982105255126953
11590 6.917581558227539
11600 6.708652496337891
11610 6.457851409912109
11620 7.117873191833496
11630 7.695556640625
11640 8.189001083374023
11650 7.881412506103516
11660 7.536586761474609
11670 6.94975471496582
11680 7.474652290344238
11690 7.832769393920898
11700 7.92531681060791
11710 7.760384559631348
11720 6.857705116271973
11730 7.57823371887207
11740 7.019309520721436
11750 7.115793228149414
11760 7.218151569366455
11770 7.591668128967285
11780 7.654434680938721
11790 7.908971786499023
11800 7.092336654663086
11810 6.832993507385254
11820 7.192638397216797
11830 7.533156394958496
11840 7.582059860229492
11850 7.715110778808594
11860 7.67581844329834
11870 7.504251480102539
11880 7.094933032989502
11890 7.155900955200195
11900 8.117273330688477
11910 8.406447410583496
11920 7.864153861999512
11930 7.26369047164917
11940 7.127213478088379
11950 7.614425182342529
11960 7.434245109558105
11970 7.050777435302734
11980 6.885486125946045
11990 7.058215141296387
12000 7.250423431396484
12010 7.225091934204102
12020 7.997438907623291
12030 7.94618034362793
12040 7.711977005004883
12050 8.209003448486328
12060 8.009425163269043
12070 7.72560453414917
12080 8.089632034301758
12090 8.286287307739258
12100 8.206011772155762
12110 7.487631320953369
12120 6.75373363494873
12130 7.326793193817139
12140 7.003602027893066
12150 6.621094703674316
12160 6.736620903015137
12170 7.536036491394043
12180 7.188181400299072
12190 6.980562686920166
12200 7.356710433959961
12210 6.841317653656006
12220 7.252609252929688
12230 7.628897666931152
12240 7.265777587890625
12250 7.099305629730225
12260 6.918139934539795
12270 6.843432426452637
12280 6.547203540802002
12290 6.870414733886719
12300 7.03328275680542
12310 7.004382610321045
12320 6.877092361450195
12330 7.117270469665527
12340 7.53074836730957
12350 7.393456935882568
12360 7.250965595245361
12370 7.427716732025146
12380 6.933467864990234
12390 6.641737937927246
12400 6.844661712646484
12410 9.983965873718262
12420 8.239277839660645
12430 7.177754878997803
12440 7.078718185424805
12450 7.21992826461792
12460 7.300238609313965
12470 7.707108974456787
12480 7.837090492248535
12490 8.099658012390137
12500 8.400057792663574
12510 8.648883819580078
12520 8.069606781005859
12530 8.532917022705078
12540 8.357955932617188
12550 7.373043537139893
12560 7.672481536865234
12570 7.529983997344971
12580 7.36876106262207
12590 6.9600830078125
12600 7.708057403564453
12610 8.174819946289062
12620 8.001420974731445
12630 7.164753913879395
12640 7.25800609588623
12650 6.773463249206543
12660 6.656096935272217
12670 6.521773338317871
12680 6.11265754699707
12690 6.093668937683105
12700 6.371996879577637
12710 6.718389511108398
12720 6.914926528930664
12730 6.469446182250977
12740 7.03895378112793
12750 7.130504608154297
12760 7.58991527557373
12770 7.635144710540771
12780 7.145105838775635
12790 6.548847198486328
12800 6.413519859313965
12810 6.738611698150635
12820 7.284114837646484
12830 7.348817825317383
12840 7.35378360748291
12850 7.088224411010742
12860 7.56663179397583
12870 7.801015853881836
12880 8.639242172241211
12890 8.116548538208008
12900 8.02506160736084
12910 7.896914005279541
12920 7.248076915740967
12930 7.041463851928711
12940 7.258213043212891
12950 6.445895195007324
12960 6.46290111541748
12970 6.635412216186523
12980 6.438116073608398
12990 6.942391395568848
13000 7.489989280700684
13010 7.46531867980957
13020 7.095417499542236
13030 6.938107967376709
13040 7.087150573730469
13050 6.959147930145264
13060 6.876405239105225
13070 7.071471691131592
13080 6.982406616210938
13090 7.48322868347168
13100 7.929793834686279
13110 7.221696376800537
13120 7.240321159362793
13130 7.450161457061768
13140 7.376960754394531
13150 7.219173431396484
13160 7.434671878814697
13170 7.933021545410156
13180 7.98354434967041
13190 7.144120216369629
13200 7.110958576202393
13210 9.300081253051758
13220 9.665807723999023
13230 8.035699844360352
13240 8.048032760620117
13250 8.788610458374023
13260 8.711176872253418
13270 9.153998374938965
13280 8.268423080444336
13290 8.585698127746582
13300 7.473726749420166
13310 7.030243396759033
13320 7.505749225616455
13330 7.789904594421387
13340 7.540399551391602
13350 7.270139694213867
13360 6.988065719604492
13370 6.995970726013184
13380 7.360617160797119
13390 6.907713890075684
13400 6.831953525543213
13410 7.174160003662109
13420 7.426830291748047
13430 7.136491775512695
13440 7.478853702545166
13450 7.665159225463867
13460 7.714077472686768
13470 7.41408634185791
13480 6.953075408935547
13490 7.211910724639893
13500 6.859161376953125
13510 6.586440086364746
13520 6.806941509246826
13530 6.900713920593262
13540 6.964444160461426
13550 6.926573753356934
13560 6.679503440856934
13570 6.40396785736084
13580 6.620265483856201
13590 6.833996295928955
13600 6.592151641845703
13610 6.609776496887207
13620 6.807633876800537
13630 6.60861349105835
13640 6.291961193084717
13650 6.53810453414917
13660 6.910856246948242
13670 6.933127880096436
13680 7.826913833618164
13690 8.997332572937012
13700 8.385534286499023
13710 7.127247333526611
13720 7.302324295043945
13730 7.226697444915771
13740 7.462938785552979
13750 7.2805495262146
13760 7.17396068572998
13770 6.85037899017334
13780 6.749876976013184
13790 6.759903907775879
13800 6.794445514678955
13810 7.21590518951416
13820 7.784725189208984
13830 7.913773059844971
13840 7.495594024658203
13850 7.599150657653809
13860 7.130273818969727
13870 7.110241889953613
13880 7.223886489868164
13890 6.743512153625488
13900 6.431094169616699
13910 6.268736362457275
13920 6.740711688995361
13930 6.634866237640381
13940 6.369569301605225
13950 7.16977071762085
13960 7.319815158843994
13970 7.166432857513428
13980 7.117312431335449
13990 7.101311206817627
14000 6.780456066131592
14010 7.134990692138672
14020 7.381675720214844
14030 7.748056411743164
14040 7.496528625488281
14050 7.499503612518311
14060 8.32865047454834
14070 8.642786026000977
14080 8.399028778076172
14090 8.25202751159668
14100 7.439391136169434
14110 7.993350982666016
14120 8.123126983642578
14130 8.544559478759766
14140 8.419214248657227
14150 8.275838851928711
14160 8.265771865844727
14170 7.893918991088867
14180 7.884095668792725
14190 7.442784309387207
14200 7.059609413146973
14210 7.078414916992188
14220 7.239257335662842
14230 7.032711982727051
14240 6.883218765258789
14250 7.079490184783936
14260 7.548133850097656
14270 6.881909847259521
14280 6.816587924957275
14290 6.583159446716309
14300 6.682609081268311
14310 7.057746887207031
14320 7.123364448547363
14330 7.145708084106445
14340 7.276996612548828
14350 7.548468112945557
14360 7.745429992675781
14370 7.497644424438477
14380 7.29566764831543
14390 7.162734031677246
14400 6.512584686279297
14410 6.61280345916748
14420 6.636429786682129
14430 7.183079719543457
14440 7.853150367736816
14450 7.950729370117188
14460 8.413730621337891
14470 9.020516395568848
14480 8.903338432312012
14490 7.234121799468994
14500 6.470857620239258
14510 7.41794490814209
14520 8.048195838928223
14530 7.662956237792969
14540 8.021860122680664
14550 6.826790809631348
14560 6.742048740386963
14570 7.050610065460205
14580 6.798028945922852
14590 6.22740650177002
14600 6.7669358253479
14610 6.461191654205322
14620 6.298832893371582
14630 6.18255615234375
14640 6.220659732818604
14650 6.446593284606934
14660 7.271390914916992
14670 7.796071529388428
14680 7.514171600341797
14690 6.999398231506348
14700 6.646485805511475
14710 6.683120250701904
14720 6.604960441589355
14730 6.497982501983643
14740 6.675341129302979
14750 6.715667724609375
14760 6.808686256408691
14770 6.492848873138428
14780 6.452659130096436
14790 6.503582000732422
14800 6.650298118591309
14850 7.721034526824951
14870 7.537992000579834
14880 7.816093444824219
14890 8.905866622924805
14900 8.137266159057617
14910 8.003846168518066
14920 8.024134635925293
14930 7.801340103149414
14940 7.184710025787354
14950 7.952905178070068
14960 8.185783386230469
8410 6.394706726074219
8420 6.449319839477539
8430 6.281811714172363
8440 6.665266513824463
8450 6.761019706726074
8460 6.598532199859619
8470 7.674802303314209
8480 8.320304870605469
8490 7.713190078735352
8500 7.629611968994141
8510 7.799578189849854
8520 7.916508197784424
8530 7.151300430297852
8540 7.465710639953613
8550 7.921063423156738
8560 7.577062606811523
8570 7.839484214782715
8580 7.447507858276367
8590 7.369044303894043
8600 7.353178977966309
0 7.249237060546875
10 7.449802398681641
20 7.397878170013428
30 7.37369441986084
40 6.885184764862061
50 6.990250110626221
60 7.341590881347656
70 8.040103912353516
80 8.070213317871094
90 7.929558277130127
100 7.815996170043945
110 7.645039558410645
120 7.470111846923828
130 7.393885612487793
140 7.426296710968018
150 7.462491035461426
160 7.471485137939453
170 7.562392234802246
180 7.81015157699585
190 7.859996795654297
200 7.751086711883545
210 7.578446388244629
220 7.515488624572754
230 7.57335376739502
240 7.616288661956787
250 7.563250064849854
260 7.572408676147461
270 7.829852104187012
280 7.60750150680542
290 7.92706298828125
300 8.609287261962891
310 7.952324867248535
320 7.542233943939209
330 7.76663875579834
340 7.767922878265381
350 8.050919532775879
360 8.307712554931641
370 8.175151824951172
380 7.691751480102539
390 7.097321033477783
400 6.474504947662354
410 7.635209083557129
420 8.768089294433594
430 8.708480834960938
440 7.078109264373779
450 7.043061256408691
460 8.468563079833984
470 8.818628311157227
480 8.606315612792969
490 8.515645027160645
500 8.300249099731445
510 7.26223087310791
520 6.235898017883301
530 6.402769565582275
540 7.246103763580322
550 7.499310970306396
560 7.057138919830322
570 7.906153678894043
580 6.609592437744141
590 6.842185020446777
600 8.411294937133789
610 7.933081150054932
620 7.041051864624023
630 7.199691295623779
640 7.379053115844727
650 7.043789386749268
660 6.731768131256104
670 7.593489646911621
680 7.74703311920166
690 7.180914878845215
700 6.96771240234375
710 6.560323715209961
720 6.745157718658447
730 7.301856517791748
740 7.687033653259277
750 7.813529491424561
760 8.016252517700195
770 7.704768180847168
780 7.202981948852539
790 6.664651870727539
800 6.530785083770752
810 6.594425678253174
820 6.845682621002197
830 6.800620555877686
840 6.634074687957764
850 7.118719577789307
860 8.060493469238281
870 8.423751831054688
880 7.825407028198242
890 7.604980945587158
900 7.502609252929688
910 7.354593276977539
920 7.565930366516113
930 8.215621948242188
940 8.011005401611328
950 8.302101135253906
960 7.902162551879883
970 6.992766857147217
980 7.712294101715088
990 7.556610107421875
1000 7.579203605651855
1010 7.193317890167236
1020 7.513833999633789
1030 7.709464073181152
1040 7.600401401519775
1050 7.523255348205566
1060 7.545162677764893
1070 7.730014324188232
1080 7.384266376495361
1090 7.78129243850708
1100 8.6998291015625
1110 8.154146194458008
1120 7.883856773376465
1130 7.658888816833496
1140 7.33014440536499
1150 7.275219917297363
1160 7.46142578125
1170 7.305294513702393
1180 6.67352819442749
1190 6.681367874145508
1200 6.600030899047852
1210 7.19442081451416
1220 7.732535839080811
1230 8.454495429992676
1240 8.155601501464844
1250 7.660277366638184
1260 7.090721607208252
1270 6.348329544067383
1280 7.477829933166504
1290 7.540419578552246
1300 7.807371139526367
1310 8.708057403564453
1320 7.978690147399902
1330 8.657740592956543
1340 8.747842788696289
1350 8.092855453491211
1360 7.812800407409668
1370 7.50020694732666
1380 7.417283058166504
1390 7.090916633605957
1400 6.595645904541016
1410 6.902158260345459
1420 7.411199569702148
1430 7.461446285247803
1440 6.871514320373535
1450 7.126263618469238
1460 7.146689414978027
1470 7.112876892089844
1480 7.732190132141113
1490 8.270950317382812
1500 7.687615394592285
1510 7.641515254974365
1520 7.808669567108154
1530 8.004280090332031
1540 7.865763187408447
1550 6.925446510314941
1560 7.461533069610596
1570 7.305552005767822
1580 7.132465839385986
1590 6.954892158508301
1600 6.688987731933594
1610 7.370510101318359
1620 7.748020172119141
1630 8.239198684692383
1640 8.76936149597168
1650 8.146736145019531
1660 8.553979873657227
1670 9.194219589233398
1680 8.924381256103516
1690 8.072580337524414
1700 7.846218109130859
1710 7.709871292114258
1720 7.560473918914795
1730 8.316045761108398
1740 8.029847145080566
1750 7.666335105895996
1760 8.016524314880371
1770 7.902166366577148
1780 7.618886947631836
1790 7.773316860198975
1800 7.901901245117188
1810 8.041580200195312
1820 7.633072853088379
1830 7.116351127624512
1840 6.674947738647461
1850 7.09128999710083
1860 7.584601402282715
1870 7.440392971038818
1880 7.217510223388672
1890 6.748599052429199
1900 6.650778770446777
1910 6.711957931518555
1920 6.985227108001709
1930 6.864644050598145
1940 7.025569915771484
1950 7.08106803894043
1960 7.075594425201416
1970 7.275753974914551
1980 6.864298820495605
1990 6.635558128356934
2000 7.041691303253174
2010 6.911525726318359
2020 7.292153835296631
2030 8.139246940612793
2040 8.090253829956055
2050 7.858552932739258
2060 7.555394172668457
2070 7.217752456665039
2080 7.576388359069824
2090 7.888676166534424
2100 8.053604125976562
2110 7.961662769317627
2120 9.055028915405273
2130 8.722916603088379
2140 8.009344100952148
2150 8.14158821105957
2160 7.492684364318848
2170 7.490583896636963
2180 7.531713962554932
2190 7.320631980895996
2200 7.595264911651611
2210 7.707799434661865
2220 7.898093700408936
2230 7.958760738372803
2240 7.831429958343506
2250 7.74860668182373
2260 6.950021743774414
2270 6.945925712585449
2280 6.996802806854248
2290 6.663860321044922
2300 6.586538791656494
2310 6.798254013061523
2320 6.815310955047607
2330 7.053832054138184
2340 7.563370704650879
2350 7.58875846862793
2360 7.318585395812988
2370 6.922647476196289
2380 6.708460807800293
2390 6.025937080383301
2400 6.086467742919922
2410 6.56682014465332
2420 7.12332010269165
2430 8.108474731445312
2440 8.912509918212891
2450 9.143020629882812
2460 9.421722412109375
2470 8.631431579589844
2480 7.457841873168945
2490 7.406417846679688
2500 7.314704418182373
2510 7.322843074798584
2520 7.247272491455078
2530 6.937110900878906
2540 6.745939254760742
2550 6.941202163696289
2560 7.583158016204834
2570 7.306386947631836
2580 7.556385040283203
2590 7.067556381225586
2600 6.865803718566895
2610 6.613067626953125
2620 6.285953998565674
2630 6.135956287384033
2640 6.456732273101807
2650 6.642027378082275
2660 6.384735584259033
2670 6.091625213623047
2680 6.792760372161865
2690 7.30213451385498
2700 7.221175670623779
2710 7.129238605499268
2720 7.139105796813965
2730 6.550107002258301
2740 6.710597038269043
2750 7.190343856811523
2760 7.15917444229126
2770 7.453540802001953
2780 7.502480030059814
2790 7.081660270690918
2800 7.018392562866211
2810 7.986540794372559
2820 8.530324935913086
2830 7.753348827362061
2840 7.714571475982666
2850 8.659675598144531
2860 9.224188804626465
2870 7.891624927520752
2880 7.465624332427979
2890 7.172554016113281
2900 7.122625350952148
2910 7.324738502502441
2920 6.834022998809814
2930 6.471401214599609
2940 6.031223297119141
2950 5.945631980895996
2960 6.082287788391113
2970 6.188483715057373
2980 6.558556079864502
2990 6.914812088012695
3000 6.772192001342773
3010 6.838982105255127
3020 7.126009941101074
3030 7.164737224578857
3040 7.044143676757812
3050 7.089239597320557
3060 7.211917877197266
3070 7.648273468017578
3080 7.526492595672607
3090 7.662004470825195
3100 8.102316856384277
3110 7.916300773620605
3120 7.033779621124268
3130 6.974658966064453
3140 7.26595401763916
3150 7.224143981933594
3160 7.474994659423828
3170 7.095446109771729
3180 6.501550197601318
3190 6.229938983917236
3200 6.695891380310059
3210 6.643505096435547
3220 6.539701461791992
3230 6.591844081878662
3240 6.902975082397461
3250 7.246784210205078
3260 7.755416870117188
3270 7.490818500518799
3280 7.215426445007324
3290 7.465780258178711
3300 7.35171365737915
3310 7.943240642547607
3320 8.143634796142578
3330 7.393715858459473
3340 7.328800201416016
3350 7.094245433807373
3360 8.47083854675293
3370 7.482722759246826
3380 6.679476737976074
3390 6.547056198120117
3400 6.857183933258057
3410 7.121149063110352
3420 7.041872501373291
3430 7.120837211608887
3440 7.821567535400391
3450 7.159191131591797
3460 6.165680408477783
3470 6.639139652252197
3480 6.877926349639893
3490 6.812459945678711
3500 6.485190391540527
3510 6.517091274261475
3520 6.885875225067139
3530 7.189938545227051
3540 7.631706714630127
3550 7.407217025756836
3560 7.197479248046875
3570 7.363513946533203
3580 7.244284152984619
3590 7.176490306854248
3600 6.897614479064941
3610 6.799073219299316
3620 6.6186842918396
3630 6.290418148040771
3640 6.062983512878418
3650 6.037245750427246
3660 6.496984958648682
3670 7.71623420715332
3680 8.370044708251953
3690 7.882591247558594
3700 7.335606575012207
3710 7.591499328613281
3720 7.34258508682251
3730 8.017301559448242
3740 7.239691734313965
3750 7.817288398742676
3760 7.447966575622559
3770 7.69550609588623
3780 7.652798175811768
3790 7.703967094421387
3800 7.811567306518555
3810 7.689548492431641
3820 7.244254112243652
3830 6.458187580108643
3840 6.626728057861328
3850 6.03126335144043
3860 5.966508388519287
3870 6.506999969482422
3880 6.875299453735352
3890 6.452737331390381
3900 6.501023292541504
3910 6.514935493469238
3920 6.612946033477783
3930 6.900761604309082
3940 6.617452144622803
3950 6.224903583526611
3960 6.134966850280762
3970 6.160029888153076
3980 6.112477779388428
3990 6.30389404296875
4000 6.883542060852051
4010 7.876816272735596
4020 9.583353042602539
4030 8.660123825073242
4040 8.547418594360352
4050 7.976068496704102
4060 7.98786735534668
4070 7.657855987548828
4080 7.824968338012695
4090 8.279048919677734
4100 7.627478122711182
4110 8.079569816589355
4120 7.788235664367676
4130 6.907042980194092
4140 6.949653625488281
4150 7.232344627380371
4160 7.592330455780029
4170 7.421046257019043
4180 7.26788854598999
4190 8.17946720123291
4200 8.207365989685059
4210 8.18845272064209
4220 7.340068340301514
4230 7.422552108764648
4240 7.857857227325439
4250 7.3638916015625
4260 7.535894870758057
4270 8.214889526367188
4280 7.781670570373535
4290 6.775781154632568
4300 6.518561840057373
4310 6.696810722351074
4320 7.070982933044434
4330 7.076323986053467
4340 7.136048793792725
4350 7.037694931030273
4360 6.739999771118164
4370 6.449086666107178
4380 6.357157230377197
4390 6.248622894287109
4400 6.787393569946289
4410 7.288041591644287
4420 8.577733039855957
4430 9.046798706054688
4440 8.40050220489502
4450 7.3990797996521
4460 7.75565242767334
4470 8.030694961547852
4480 8.007850646972656
4490 8.668135643005371
4500 8.875204086303711
4510 8.613286972045898
4520 7.878925323486328
4530 7.487268447875977
4540 7.289119720458984
4550 7.448739051818848
4560 6.980310916900635
4570 7.179872989654541
4580 6.899653911590576
4590 7.556797027587891
4600 7.237230777740479
4610 7.075520992279053
4620 6.79798698425293
4630 6.476086139678955
4640 6.607516765594482
4650 6.497962474822998
4660 7.326650142669678
4670 7.509489059448242
4680 7.070968151092529
4690 6.820796966552734
4700 7.329423427581787
4710 8.127692222595215
4720 7.939131736755371
4730 7.965791702270508
4740 7.727430820465088
4750 7.594657897949219
4760 7.283712387084961
4770 7.608707427978516
4780 7.488457679748535
4790 7.344289779663086
4800 7.203879356384277
4810 7.138002872467041
4820 7.143357276916504
4830 6.980177879333496
4840 7.115939140319824
4850 7.122545719146729
4860 7.195731639862061
4870 7.563660621643066
4880 8.532865524291992
4890 7.572867393493652
4900 7.131182670593262
4910 7.586791515350342
4920 7.966684341430664
4930 7.73110818862915
4940 7.151844501495361
4950 6.277860164642334
4960 6.338160514831543
4970 6.131686210632324
4980 6.182781219482422
4990 6.442854881286621
5000 6.818169593811035
5010 7.063686847686768
5020 7.583600044250488
5030 7.244519233703613
5040 6.524381637573242
5050 6.628409862518311
5060 7.12479305267334
5070 8.038228988647461
5080 8.01561450958252
5090 7.437642574310303
5100 8.099115371704102
5110 7.897745132446289
5120 7.735772132873535
5130 7.601244449615479
5140 7.182618141174316
5150 6.902879238128662
5160 7.228104591369629
5170 7.263195037841797
5180 6.951229095458984
5190 6.532408714294434
5200 6.467391967773438
5210 6.770585060119629
5220 7.714420795440674
5230 8.313016891479492
5240 7.717137813568115
5250 7.805362701416016
5260 7.447507381439209
5270 7.486057281494141
5280 6.87601900100708
5290 7.168733596801758
5300 7.331197738647461
5310 7.059220314025879
5320 6.346004486083984
5330 6.743211269378662
5340 7.230067253112793
5350 7.517428398132324
5360 9.072185516357422
5370 7.689565181732178
5380 7.912275791168213
5390 7.476587295532227
5400 7.441980361938477
5410 7.020752429962158
5420 7.093921661376953
5430 6.9183030128479
5440 6.897798538208008
5450 7.383967399597168
5460 7.711850643157959
5470 7.812887668609619
5480 7.503692626953125
5490 6.847330093383789
5500 6.493824005126953
5510 6.887630462646484
5520 7.498129367828369
5530 7.501254081726074
5540 7.992981910705566
5550 7.632173538208008
5560 7.451156616210938
5570 7.497147083282471
5580 7.768239498138428
5590 6.754336357116699
5600 6.540249824523926
5610 6.69853401184082
5620 6.567323684692383
5630 6.725415229797363
5640 6.961581707000732
5650 7.473934173583984
5660 7.55311107635498
5670 7.721960067749023
5680 8.171431541442871
5690 7.344287395477295
5700 7.034222602844238
5710 7.474575042724609
5720 8.161435127258301
5730 7.248789310455322
5740 8.061444282531738
5750 7.771663188934326
5760 7.473211765289307
5770 7.011168479919434
5780 7.133824348449707
5790 7.398909091949463
5800 6.969973087310791
5810 6.82987642288208
5820 8.004633903503418
5830 7.507142066955566
5840 6.96574592590332
5850 6.980765819549561
5860 6.522664070129395
5870 6.452215671539307
5880 6.735632419586182
5890 7.012942790985107
5900 7.10985279083252
5910 7.107624530792236
5920 7.495327949523926
5930 7.598267555236816
5940 7.356311798095703
5950 7.238587379455566
5960 7.34877872467041
5970 7.856800079345703
5980 7.948684692382812
5990 7.283315658569336
6000 6.816115379333496
6010 7.019870758056641
6020 7.223615169525146
6030 7.206909656524658
6040 7.633634090423584
6050 7.913124084472656
6060 8.405668258666992
6070 9.292216300964355
6080 9.421992301940918
6090 8.438700675964355
6100 7.798900127410889
6110 7.407513618469238
6120 6.795033931732178
6130 7.606344699859619
6140 8.055367469787598
6150 8.151009559631348
6160 7.143468856811523
6170 6.747136116027832
6180 7.448740005493164
6190 7.836569309234619
6200 7.97236156463623
6210 7.823109149932861
6220 8.239791870117188
6230 8.158430099487305
6240 8.33579158782959
6250 8.219062805175781
6260 7.531572341918945
6270 7.023966789245605
6280 7.405394554138184
6290 7.840818405151367
6300 7.409360885620117
6310 7.218839645385742
6320 7.283685684204102
6330 7.709595203399658
6340 7.469912052154541
6350 7.268002986907959
6360 7.53034496307373
6370 7.63341760635376
6380 7.077702045440674
6390 6.637311935424805
6400 6.42176342010498
6410 6.559685230255127
6420 7.088643550872803
6430 7.197848796844482
6440 6.966505527496338
6450 7.249786376953125
6460 6.812772750854492
6470 7.199052333831787
6480 7.570254325866699
6490 8.418787956237793
6500 8.371113777160645
6510 8.065493583679199
6520 7.897881031036377
6530 7.630923748016357
6540 8.130870819091797
6550 8.152935028076172
6560 8.027955055236816
6570 6.799103736877441
6580 6.830258846282959
6590 7.113895416259766
6600 7.30018424987793
6610 7.462449073791504
6620 7.235343456268311
6630 7.423166751861572
6640 7.54088306427002
6650 7.55321216583252
6660 8.054230690002441
6670 7.841720104217529
6680 7.439213752746582
6690 6.901101589202881
6700 6.979261875152588
6710 7.382084846496582
6720 7.472058773040771
6730 7.50944995880127
6740 7.667945384979248
6750 7.568074226379395
6760 6.734757423400879
6770 6.401119232177734
6780 6.247742652893066
6790 6.204586029052734
6800 6.331966876983643
6810 6.795194149017334
6820 7.026077270507812
6830 7.071700096130371
6840 7.575901031494141
6850 8.413187980651855
6860 9.043495178222656
6870 8.437667846679688
6880 8.387825012207031
6890 8.495784759521484
6900 8.897993087768555
6910 8.299598693847656
6920 8.210708618164062
6930 7.841441631317139
6940 7.331892013549805
6950 7.641445159912109
6960 7.587170124053955
6970 7.999575614929199
6980 8.089105606079102
6990 7.400974750518799
7000 7.497191429138184
7010 8.196260452270508
7020 8.213088035583496
7030 8.116497039794922
7040 8.224061965942383
7050 7.987324237823486
7060 7.797855854034424
7070 7.243770599365234
7080 6.962038040161133
7090 7.645455360412598
7100 7.734126091003418
7110 7.878002643585205
7120 7.561113357543945
7130 7.291884899139404
7140 7.171682834625244
7150 6.451443195343018
7160 7.255635261535645
7170 7.552950859069824
7180 7.148007392883301
7190 6.849352836608887
7200 6.648166179656982
7210 6.871883392333984
7220 7.304965019226074
7230 8.097088813781738
7240 8.156232833862305
7250 8.472302436828613
7260 8.175565719604492
7270 7.384152412414551
7280 7.55916166305542
7290 7.672484397888184
7300 7.652320861816406
7310 6.730696201324463
7320 6.319539070129395
7330 6.34722375869751
7340 6.446505546569824
7350 6.87513256072998
7360 7.994845390319824
7370 8.457066535949707
7380 8.256232261657715
7390 7.93867301940918
7400 7.738240242004395
7410 7.561365604400635
7420 7.201744079589844
7430 8.404662132263184
7440 8.051133155822754
7450 7.525768756866455
7460 6.393874168395996
7470 6.56932258605957
7480 6.571906566619873
7490 6.310750961303711
7500 6.472289562225342
7510 6.939704418182373
7520 7.020622253417969
7530 7.571341991424561
7540 7.647512435913086
7550 7.293498992919922
7560 7.292784690856934
7570 7.577710628509521
7580 7.345648288726807
7590 6.738850593566895
7600 6.560235977172852
7610 6.757036685943604
7620 7.105654239654541
7630 7.350464820861816
7640 7.240970611572266
7650 7.603417873382568
7660 8.050443649291992
7670 9.099783897399902
7680 8.63512134552002
7690 7.961854934692383
7700 7.071700096130371
7710 7.643033027648926
7720 7.58908224105835
7730 7.571508407592773
7740 7.415485858917236
7750 7.094435691833496
7760 7.223762989044189
7770 8.076679229736328
7780 8.246477127075195
7790 7.51408863067627
7800 6.874751567840576
7810 6.871261119842529
7820 6.806672096252441
7830 6.65153694152832
7840 6.858832836151123
7850 7.48906135559082
7860 7.497104644775391
7870 7.533631801605225
7880 8.112154960632324
7890 7.577951431274414
7900 7.399258613586426
7910 7.820242881774902
7920 8.10044002532959
7930 7.948602676391602
7940 7.790291309356689
7950 7.566433906555176
7960 7.384974956512451
7970 7.672619342803955
7980 7.75554370880127
7990 7.342610359191895
8000 7.084263324737549
8010 7.496780395507812
8020 7.949033737182617
8030 8.129807472229004
8040 7.329933166503906
8050 7.721837043762207
8060 8.099959373474121
8070 9.778909683227539
8080 8.804304122924805
8090 7.838301658630371
8100 7.963899612426758
8110 8.046607971191406
8120 7.950026988983154
8130 8.390331268310547
8140 7.559640884399414
8150 7.843603134155273
8160 7.664158821105957
8170 7.203143119812012
8180 6.623608589172363
8190 6.488076686859131
8200 6.729000091552734
8210 6.680507659912109
8220 6.537926197052002
8230 6.355035781860352
8240 6.267436981201172
8250 6.361295223236084
8260 6.736969947814941
8270 7.16214656829834
8280 7.764888286590576
8290 7.619683265686035
8300 7.31897497177124
8310 7.381610870361328
8320 7.541179180145264
8330 7.755429744720459
8340 7.573820114135742
8350 6.86048698425293
8360 6.66514253616333
8370 7.266145706176758
8380 6.747640609741211
8390 6.494951248168945
