"Time Step" "point-pressure-d"
22610 -11910.9765625
22620 -11486.81640625
22630 -12307.8427734375
22640 -13544.236328125
22650 -13780.013671875
22660 -13631.3193359375
22670 -13433.4892578125
22680 -13138.09765625
22690 -12383.861328125
22700 -12540.234375
22710 -12123.265625
22720 -11731.1953125
22730 -12095.6005859375
22740 -12458.57421875
22750 -12672.5556640625
22760 -12540.541015625
22770 -12730.509765625
22780 -13027.7275390625
22790 -12232.140625
22800 -11722.515625
22810 -11540.619140625
22820 -10852.3056640625
22830 -10417.2421875
22840 -10580.923828125
22850 -10759.607421875
22860 -11082.3671875
22870 -11499.2333984375
22880 -11848.9921875
22890 -11606.30078125
22900 -11426.6796875
22910 -10000.841796875
22920 -8636.23828125
22930 -7869.68505859375
22940 -6921.13671875
22950 -6902.90234375
22960 -7596.353515625
22970 -8511.30859375
22980 -9615.595703125
22990 -10737.3974609375
23000 -11185.224609375
23010 -12056.6572265625
23020 -12434.26171875
23030 -13566.90234375
23040 -13035.236328125
23050 -12669.787109375
23060 -11741.76953125
23070 -12511.544921875
23080 -12617.4599609375
23090 -10902.8173828125
23100 -10482.69921875
23110 -11043.93359375
23120 -11386.18359375
23130 -11093.0625
23140 -11555.486328125
23150 -12477.3798828125
23160 -12515.103515625
23170 -12729.2255859375
23180 -12847.349609375
23190 -12383.154296875
23200 -12051.451171875
23210 -11860.111328125
23220 -11372.6630859375
23230 -11459.5556640625
23240 -11903.033203125
23250 -12215.1015625
23260 -12392.298828125
23270 -12499.64453125
23280 -12186.3828125
23290 -11373.0576171875
23300 -10238.8310546875
23310 -9712.1923828125
23320 -8610.916015625
23330 -8151.390625
23340 -9062.6416015625
23350 -8424.439453125
23360 -8422.001953125
23370 -8404.3466796875
23380 -9268.0576171875
23390 -9986.91015625
23400 -9569.103515625
23410 -9388.451171875
23420 -10309.70703125
23430 -10124.62890625
23440 -9820.916015625
23450 -10368.4130859375
23460 -10787.318359375
23470 -10945.384765625
23480 -11689.779296875
23490 -11335.3515625
23500 -11338.533203125
23510 -11245.53515625
23520 -11774.5546875
23530 -11655.07421875
23540 -11004.595703125
23550 -10454.1884765625
23560 -10194.2568359375
23570 -10226.603515625
23580 -10039.87109375
23590 -10088.783203125
23600 -10248.9375
23610 -10090.4619140625
23620 -9334.654296875
23630 -9024.134765625
23640 -9115.2734375
23650 -9014.5703125
23660 -9059.0625
23670 -8997.51171875
23680 -9325.84765625
23690 -9199.224609375
23700 -8672.021484375
23710 -7843.1142578125
23720 -6733.181640625
23730 -5318.20751953125
23740 -5887.7724609375
23750 -6279.5888671875
23760 -7407.880859375
23770 -9007.8720703125
23780 -9603.2666015625
23790 -10173.9248046875
23800 -10273.7421875
23810 -9591.25
23820 -10001.57421875
23830 -11111.34765625
23840 -10724.6875
23850 -10031.88671875
23860 -9372.134765625
23870 -9081.64453125
23880 -8880.080078125
23890 -9552.734375
23900 -10906.3486328125
23910 -11764.306640625
23920 -12389.248046875
23930 -11734.15234375
23940 -11080.42578125
23950 -10243.599609375
23960 -10238.3125
23970 -10383.869140625
23980 -10496.27734375
23990 -10574.10546875
24000 -10226.44921875
15010 -10543.1875
15020 -12138.201171875
15030 -13354.15234375
15040 -13625.2392578125
15050 -13602.97265625
15060 -13589.85546875
15070 -13927.0625
15080 -13582.07421875
15090 -13392.4140625
15100 -12838.03515625
15110 -12312.03125
15120 -11352.787109375
15130 -10891.59375
15140 -9911.43359375
15150 -9993.755859375
15160 -11749.7890625
15170 -10564.728515625
15180 -9894.83203125
15190 -10195.9892578125
15200 -10490.123046875
15210 -9896.130859375
15220 -9831.966796875
15230 -9719.73046875
15240 -9782.9609375
15250 -8844.8232421875
15260 -8566.697265625
15270 -8391.7607421875
15280 -7918.265625
15290 -7477.109375
15300 -7202.37353515625
15310 -6567.65380859375
15320 -6305.0048828125
15330 -6248.6083984375
15340 -6154.8388671875
15350 -6383.9033203125
15360 -6426.0634765625
15370 -6223.8388671875
15380 -7056.09619140625
15390 -10331.87109375
15400 -9674.03515625
15410 -9218.26171875
15420 -9119.2353515625
15430 -9650.859375
15440 -9844.5830078125
15450 -11203.404296875
15460 -12870.90625
15470 -12845.384765625
15480 -12448.4296875
15490 -12585.447265625
15500 -12950.1943359375
15510 -12750.322265625
15520 -12874.322265625
15530 -13193.146484375
15540 -13608.4326171875
15550 -13623.861328125
15560 -13295.89453125
15570 -13289.44140625
15580 -13338.58984375
15590 -13288.650390625
15600 -12885.87890625
15610 -12962.591796875
15620 -12964.8203125
15630 -11971.2275390625
15640 -10872.76171875
15650 -10860.255859375
15660 -11574.34375
15670 -11784.271484375
15680 -11978.6865234375
15690 -11714.138671875
15700 -10807.0439453125
15710 -9730.7333984375
15720 -8467.3505859375
15730 -7222.1455078125
15740 -7179.3623046875
15750 -8060.4013671875
15760 -8427.7431640625
15770 -9082.044921875
15780 -9815.302734375
15790 -9558.2236328125
15800 -9153.58984375
15810 -8809.109375
15820 -9252.794921875
15830 -10065.8125
15840 -11416.544921875
15850 -12066.87890625
15860 -11982.3544921875
15870 -10764.978515625
15880 -10080.283203125
15890 -9762.896484375
15900 -9766.373046875
15910 -10146.84375
15920 -10311.537109375
15930 -10917.0185546875
15940 -11399.46484375
15950 -11377.802734375
15960 -11799.73046875
15970 -11580.46875
15980 -11528.541015625
15990 -11854.76171875
16000 -11444.0048828125
16010 -11392.5859375
16020 -10920.822265625
16030 -10679.9619140625
16040 -10613.021484375
16050 -10168.53125
16060 -9761.888671875
16070 -9728.296875
16080 -9563.84765625
16090 -9506.96484375
16100 -9042.416015625
16110 -8547.3212890625
16120 -8050.9990234375
16130 -7842.4423828125
16140 -8551.9619140625
16150 -8403.64453125
16160 -8004.4541015625
16170 -8712.55078125
16180 -9917.990234375
16190 -10043.4853515625
16200 -10184.2265625
16210 -10181.97265625
16220 -10310.09375
16230 -10524.294921875
16240 -10414.302734375
16250 -10723.244140625
16260 -10686.466796875
16270 -11135.2841796875
16280 -12023.82421875
16290 -12363.923828125
16300 -12024.2880859375
16310 -11606.814453125
16320 -11438.423828125
16330 -11699.5390625
16340 -11243.900390625
16350 -10705.4580078125
16360 -10229.4287109375
16370 -9625.365234375
16380 -8770.275390625
16390 -8431.8251953125
16400 -8387.4365234375
16410 -7821.7158203125
16420 -7879.19921875
16430 -8038.6337890625
16440 -8362.1640625
16450 -8624.947265625
16460 -8858.9375
16470 -9059.23046875
16480 -8904.986328125
16490 -9021.42578125
16500 -8830.84375
16510 -8411.134765625
16520 -8723.3916015625
16530 -10548.1640625
16540 -8635.943359375
16550 -9100.0966796875
16560 -9173.521484375
16570 -10317.8427734375
16580 -11373.591796875
16590 -11908.185546875
16600 -11142.216796875
16610 -11752.1572265625
16620 -12669.109375
16630 -11308.22265625
16640 -10465.11328125
16650 -11748.736328125
16660 -12497.791015625
16670 -11636.798828125
16680 -11233.337890625
16690 -12019.91015625
16700 -11868.783203125
16710 -11350.712890625
16720 -11335.7333984375
16730 -12189.107421875
16740 -12148.96875
16750 -12144.6484375
16760 -11799.3310546875
16770 -11833.583984375
16780 -11959.271484375
16790 -11762.8984375
16800 -11322.603515625
16810 -11136.1572265625
16820 -10733.212890625
16830 -10399
16840 -10487.5361328125
16850 -10408.2978515625
16860 -10121.814453125
16870 -10321.232421875
16880 -9601.6201171875
16890 -8668.8046875
16900 -7907.7998046875
16910 -7407.33251953125
16920 -6837.5205078125
16930 -6770.3408203125
16940 -7181.6533203125
16950 -7436.638671875
16960 -7399.7255859375
16970 -7878.9892578125
16980 -9036.69140625
16990 -9792.35546875
17000 -10500.953125
17010 -10114.5654296875
17020 -9604.0166015625
17030 -10455.7900390625
17040 -11225.1953125
17050 -11675.8056640625
17060 -11497.017578125
17070 -11132.6337890625
17080 -10958.9189453125
17090 -9783.5830078125
17100 -9798.630859375
17110 -9815.703125
17120 -9874.080078125
17130 -8895.849609375
17140 -9501.6005859375
17150 -10160.8984375
17160 -10572.888671875
17170 -11068.07421875
17180 -10696.197265625
17190 -9546.1796875
17200 -8622.6298828125
17210 -8971.3046875
17220 -9621.4755859375
17230 -10460.341796875
17240 -11110.3701171875
17250 -10664.017578125
17260 -10396.2587890625
17270 -10222.279296875
17280 -9414.13671875
17290 -8937.1435546875
17300 -8573.341796875
17310 -7692.41796875
17320 -6715.37158203125
17330 -6288.2060546875
17340 -6153.01953125
17350 -7000.41796875
17360 -8622.474609375
17370 -9922.94921875
17380 -11459.681640625
17390 -12588.93359375
17400 -13266.1474609375
17410 -14278.71484375
17420 -15226.0732421875
17430 -14450.2451171875
17440 -13649.45703125
17450 -13852.259765625
17460 -12973.9619140625
17470 -12033.943359375
17480 -11387.44921875
17490 -11149.009765625
17500 -11431.771484375
17510 -11054.2294921875
17520 -11741.791015625
17530 -11884.76171875
17540 -13563.37109375
17550 -13929.1171875
17560 -13231.15625
17570 -12864.83203125
17580 -12638.6943359375
17590 -12279.33984375
17600 -11367.142578125
17610 -10661.03125
17620 -10375.7529296875
17630 -9803.0419921875
17640 -9135.9140625
17650 -8670.193359375
17660 -8680.982421875
17670 -8430.81640625
17680 -8657.138671875
17690 -8963.65234375
17700 -8968.23828125
17710 -8683.568359375
17720 -8496.884765625
17730 -8087.3544921875
17740 -7940.4794921875
17750 -7655.75048828125
17760 -7950.6474609375
17770 -7770.318359375
17780 -9137.3330078125
17790 -11781.5849609375
17800 -12235.904296875
17810 -11932.1484375
17820 -11605.2060546875
17830 -11600.6953125
17840 -11611.7041015625
17850 -12809.2158203125
17860 -13636.31640625
17870 -14042.228515625
17880 -14441.43359375
17890 -14390.703125
17900 -13953.0439453125
17910 -13523.041015625
17920 -14294.4892578125
17930 -14067.8671875
17940 -12682.78125
17950 -12388.12890625
17960 -12294.12890625
17970 -12502.05078125
17980 -12140.34375
17990 -12241.3046875
18000 -12226.953125
18010 -11853.451171875
18020 -11467.16796875
18030 -11534.78125
18040 -11852.86328125
18050 -12151.587890625
18060 -11637.318359375
18070 -10527.228515625
18080 -9627.30859375
18090 -9128.65625
18100 -7973.8623046875
18110 -6961.2666015625
18120 -6261.576171875
18130 -6161.51171875
18140 -6791.4111328125
18150 -8407.90625
18160 -9433.0703125
18170 -10326.876953125
18180 -10326.919921875
18190 -11306.0185546875
18200 -12145.08984375
18210 -12448.0859375
18220 -12666.3125
18230 -12840.2509765625
18240 -13308.236328125
18250 -12828.7490234375
18260 -12590.720703125
18270 -11584.7099609375
18280 -10957.44140625
18290 -10109.498046875
18300 -10669.3046875
18310 -11719.3623046875
18320 -12564.41796875
18330 -13563.486328125
18340 -12723.306640625
18350 -12978.23828125
18360 -13302.2265625
18370 -13411.017578125
18380 -13054.849609375
18390 -12716.6357421875
18400 -12662.974609375
18410 -12395.4296875
18420 -11997.0751953125
18430 -11013.564453125
18440 -10241.322265625
18450 -9944.724609375
18460 -9792.8466796875
18470 -9481.28515625
18480 -9049.46484375
18490 -8574.77734375
18500 -7544.21630859375
18510 -6431.98828125
18520 -5736.99609375
18530 -5900.8818359375
18540 -6613.12158203125
18550 -6997.00732421875
18560 -7801.8701171875
18570 -8295.0078125
18580 -9188.1953125
18590 -9877.15625
18600 -10817.330078125
18610 -11941.95703125
18620 -11681.7919921875
18630 -10778.904296875
18640 -10405.9599609375
18650 -9766.77734375
18660 -10099.40234375
18670 -10736.79296875
18680 -12400.0693359375
18690 -12064.0859375
18700 -12281.8525390625
18710 -11788.45703125
18720 -10940.591796875
18730 -10499.298828125
18740 -9671.04296875
18750 -9539.330078125
18760 -9538.4814453125
18770 -9593.9287109375
18780 -10093.98046875
18790 -11473.9736328125
18800 -12359.123046875
18810 -11653.248046875
18820 -10933.1513671875
18830 -10272.328125
18840 -9769.0927734375
18850 -9392.8095703125
18860 -9524.974609375
18870 -9878.5390625
18880 -10557.34375
18890 -10561.6337890625
18900 -10073.021484375
18910 -9301.0654296875
18920 -8041.224609375
18930 -7462.341796875
18940 -6986.94921875
18950 -6783.50390625
18960 -7491.5263671875
18970 -8762.23828125
18980 -10371.013671875
18990 -11598.65234375
19000 -11551.490234375
19010 -11626.724609375
19020 -11577.1201171875
19030 -11129.5234375
19040 -10939.162109375
19050 -11995.287109375
19060 -12862.0302734375
19070 -13407.626953125
19080 -13325.044921875
19090 -12849.3662109375
19100 -12543.775390625
19110 -12096.490234375
19120 -11403.83984375
19130 -10773.244140625
19140 -10808.3125
19150 -10276.51953125
19160 -10605.6728515625
19170 -10913.375
19180 -10890.1201171875
19190 -10846.44921875
19200 -10096.1181640625
19210 -9408.5947265625
19220 -9644.216796875
19230 -9717.091796875
19240 -9372.693359375
19250 -9337.60546875
19260 -9462.2216796875
19270 -9421.431640625
19280 -9828.5859375
19290 -10037.17578125
19300 -9303.0205078125
19310 -8056.30859375
19320 -7495.4560546875
19330 -7461.5078125
19340 -7261.4365234375
19350 -7675.2041015625
19360 -8230.9111328125
19370 -8419.3740234375
19380 -9838.791015625
19390 -11093.7490234375
19400 -11088.8642578125
19410 -10616.1083984375
19420 -10551.94921875
19430 -9909.970703125
19440 -10054.017578125
19450 -9879.951171875
19460 -9727.46484375
19470 -9884.7900390625
19480 -9471.3447265625
19490 -9702.630859375
19500 -9977.9580078125
19510 -10425.7001953125
19520 -10467.82421875
19530 -10537.70703125
19540 -10808.5517578125
19550 -11005.640625
19560 -10690.98828125
19570 -10686.91015625
19580 -10129.921875
19590 -10315.5888671875
19600 -11339.03515625
19610 -12211.1962890625
19620 -12679.5234375
19630 -12207.77734375
19640 -12049.96875
19650 -11527.541015625
19660 -11555.75390625
19670 -11132.701171875
19680 -10782.533203125
19690 -10590.771484375
19700 -10364.21484375
19710 -9556.671875
19720 -8449.357421875
19730 -8036.44091796875
19740 -9006.939453125
19750 -9090.265625
19760 -9475.5419921875
19770 -9870.462890625
19780 -10881.578125
19790 -11168.408203125
19800 -11309.427734375
19810 -12387.65234375
19820 -12364.025390625
19830 -12495.544921875
19840 -12755.7529296875
19850 -13160.107421875
19860 -13243.55859375
19870 -13077.83984375
19880 -12438.935546875
19890 -11685.439453125
19900 -11343.048828125
19910 -10521.630859375
19920 -10394.32421875
19930 -9868.841796875
19940 -9693.5390625
19950 -9550.01171875
19960 -9818.931640625
19970 -10009.345703125
19980 -10472.8173828125
19990 -9536.0703125
20000 -9124.3056640625
20010 -9064.98046875
20020 -9153.9794921875
20030 -9115.443359375
20040 -9983.912109375
20050 -10076.05859375
20060 -9571.416015625
20070 -8810.619140625
20080 -9025.814453125
20090 -9261.6416015625
20100 -8097.0234375
20110 -7089.0537109375
20120 -5729.9033203125
20130 -4628.9423828125
20140 -4843.2099609375
20150 -5488.66162109375
20160 -7096.5732421875
20170 -7973.6474609375
20180 -9732.9345703125
20190 -10081.6748046875
20200 -10908.4521484375
20210 -10505.919921875
20220 -10004.8095703125
20230 -9289.927734375
20240 -9098.814453125
20250 -9807.845703125
20260 -10258.203125
20270 -10661.271484375
20280 -11501.1611328125
20290 -11546.4765625
20300 -11573.0859375
20310 -11297.232421875
20320 -11247.4921875
20330 -11469.05859375
20340 -11050.81640625
20350 -10641.7109375
20360 -10400.3671875
20370 -10095.611328125
20380 -10010.41015625
20390 -10620.068359375
20400 -10153.892578125
20410 -9571.919921875
20420 -9360.89453125
20430 -9156.494140625
20440 -9261.578125
20450 -9303.7880859375
20460 -9123.310546875
20470 -8472.07421875
20480 -7740.626953125
20490 -7074.01513671875
20500 -6231.89404296875
20510 -5724.203125
20520 -5178.4208984375
20530 -5072.2509765625
20540 -5618.791015625
20550 -6459.1748046875
20560 -6912.8818359375
20570 -7781.9716796875
20580 -8216.6357421875
20590 -8664.8212890625
20600 -9984.4140625
20610 -8933.353515625
20620 -8919.5625
20630 -9641.01171875
20640 -11404.783203125
20650 -12294.74609375
20660 -13160.052734375
20670 -13884.927734375
20680 -13806.26953125
20690 -13210.07421875
20700 -12546.7919921875
20710 -11884.900390625
20720 -12523.8828125
20730 -12222.8671875
20740 -11478.013671875
20750 -11891.447265625
20760 -11876.994140625
20770 -11175.091796875
20780 -10978.5205078125
20790 -10994.966796875
20800 -10154.689453125
20810 -9524.970703125
20820 -10679.4140625
20830 -10346.345703125
20840 -9943.2431640625
20850 -9868.2890625
20860 -9874.93359375
20870 -10013.431640625
20880 -10471.1513671875
20890 -10837.37109375
20900 -10228.248046875
20910 -9760.41796875
20920 -9588.8447265625
20930 -9420.60546875
20940 -9860.748046875
20950 -10008.6943359375
20960 -11319.8876953125
20970 -11869.0166015625
20980 -11938.25390625
20990 -13031.2216796875
21000 -14640.1328125
21010 -15598.1376953125
21020 -14992.806640625
21030 -14923.22265625
21040 -14748.17578125
21050 -14808.740234375
21060 -14097.177734375
21070 -13302.517578125
21080 -12440.318359375
21090 -12276.302734375
21100 -11642.404296875
21110 -11603.9228515625
21120 -11620.591796875
21130 -12060.357421875
21140 -12411.9375
21150 -12530.46484375
21160 -12313.498046875
21170 -11858.73828125
21180 -11510.84765625
21190 -11018.978515625
21200 -10243.880859375
21210 -10200.8837890625
21220 -10624.724609375
21230 -10824.95703125
21240 -10691.443359375
21250 -10790.826171875
21260 -11046.279296875
21270 -10722.19140625
21280 -10219.1279296875
21290 -9523.259765625
21300 -8281.5126953125
21310 -7197.861328125
21320 -5984.09326171875
21330 -5097.7392578125
21340 -4677.26513671875
21350 -4719.04833984375
21360 -5318.94921875
21370 -6431.3642578125
21380 -7056.955078125
21390 -7333.7890625
21400 -7785.1669921875
21410 -10153.046875
21420 -10771.3603515625
21430 -10665.595703125
21440 -10083.7216796875
21450 -10850.103515625
21460 -11211.21875
21470 -11232.484375
21480 -11777.76171875
21490 -12029.685546875
21500 -11626.875
21510 -11116.455078125
21520 -11044.8388671875
21530 -10799.1474609375
21540 -10498.2734375
21550 -10647.912109375
21560 -11953.576171875
21570 -12482.2373046875
21580 -12556.666015625
21590 -12732.185546875
21600 -12942.18359375
21610 -12876.625
21620 -12831.599609375
21630 -12775.130859375
21640 -12475.046875
21650 -12247.826171875
21660 -12276.056640625
21670 -12302.53125
21680 -11798.9033203125
21690 -11043.0478515625
21700 -10281.224609375
21710 -9536.2021484375
21720 -8794.501953125
21730 -7890.2373046875
21740 -7372.376953125
21750 -7756.8359375
21760 -8762.1396484375
21770 -9895.892578125
21780 -10821.35546875
21790 -11254.03125
21800 -11351.3896484375
21810 -11694.14453125
21820 -11437.501953125
21830 -11273.919921875
21840 -10733.09765625
21850 -11131.359375
21860 -11546.814453125
21870 -11882.763671875
21880 -11789.677734375
21890 -11435.953125
21900 -11161.90625
21910 -10903.798828125
21920 -10899.35546875
21930 -11718.140625
21940 -12587.244140625
21950 -12753.005859375
21960 -12449.591796875
21970 -12123.8388671875
21980 -11558.91015625
21990 -10886.6904296875
22000 -10447.974609375
22010 -10146.189453125
22020 -10011.958984375
22030 -10049.3134765625
22040 -10222.3203125
22050 -10232.7021484375
22060 -10082.2099609375
22070 -9923.875
22080 -9570.345703125
22090 -9030.8583984375
22100 -8889.33203125
22110 -8139.666015625
22120 -6827.138671875
22130 -6548.6689453125
22140 -7007.5576171875
22150 -7631.1826171875
22160 -8093.0185546875
22170 -8802.953125
22180 -9882.486328125
22190 -10648.55859375
22200 -11382.7890625
22210 -12018.3173828125
22220 -11715.193359375
22230 -11624.81640625
22240 -11419.068359375
22250 -11213.05078125
22260 -10583.025390625
22270 -10676.64453125
22280 -10964.8349609375
22290 -11021.841796875
22300 -10496.416015625
22310 -10435.939453125
22320 -10907.38671875
22330 -10309.853515625
22340 -10025.9375
22350 -9963.16796875
22360 -10055.705078125
22370 -8815.923828125
22380 -8187.75341796875
22390 -7852.0771484375
22400 -7269.36328125
22410 -7115.658203125
22420 -7505.6845703125
22430 -8235.0078125
22440 -8833.90234375
22450 -9452.48046875
22460 -9640.837890625
22470 -9628.669921875
22480 -9415.70703125
22490 -9199.07421875
22500 -8868.119140625
22510 -8300.8564453125
22520 -7505.837890625
22530 -7211.2861328125
22540 -6690.1123046875
22550 -7458.41259765625
22560 -8057.90234375
22570 -9223.0712890625
22580 -9876.419921875
22590 -10359.92578125
22600 -10737.6171875
14810 -10207.537109375
14820 -10869.2060546875
14830 -10694.197265625
14840 -10227.19140625
14850 -9890.73046875
14860 -9977.2529296875
14870 -9737.1708984375
14880 -9043.349609375
14890 -8866.55078125
14900 -8389.5556640625
14910 -7232.935546875
14920 -6050.01513671875
14930 -5281.4697265625
14940 -4900.17578125
14950 -6008.5654296875
14960 -7847.65966796875
14970 -8222.322265625
14980 -8825.52734375
14990 -9997.853515625
15000 -10263.2431640625
8010 -11753.6416015625
8020 -11918.7548828125
8030 -11631.203125
8040 -11261.458984375
8050 -10927.66796875
8060 -10815.623046875
8070 -10341.8857421875
8080 -9842.361328125
8090 -9602.900390625
8100 -8942.2138671875
8110 -7662.9521484375
8120 -6222.4228515625
8130 -6019.5869140625
8140 -7393.794921875
8150 -6833.42236328125
8160 -7223.962890625
8170 -8688.251953125
8180 -8454.65625
8190 -8765.7978515625
8200 -10127.47265625
8210 -10139.431640625
8220 -10715.853515625
8230 -11575.908203125
8240 -10747.328125
8250 -10327.244140625
8260 -10191.5546875
8270 -10324.5732421875
8280 -10843.689453125
8290 -11430.40234375
8300 -10994.6533203125
8310 -11239.484375
8320 -11252.8583984375
8330 -10875.8740234375
8340 -10486.13671875
8350 -10205.904296875
8360 -10149.8828125
8370 -10034.98828125
8380 -10051.6015625
8390 -9794.439453125
8400 -9744.607421875
8410 -9428.3349609375
8420 -8647.5
8430 -8561.201171875
8440 -8613.90234375
8450 -8265.556640625
8460 -8539.9755859375
8470 -8450.08203125
8480 -9444.099609375
8490 -9357.685546875
8500 -9181.380859375
8510 -7874.443359375
8520 -6703.7958984375
8530 -6917.865234375
8540 -7330.525390625
8550 -7648.7666015625
8560 -7726.33203125
8570 -8273.453125
8580 -9547.498046875
8590 -10587.7548828125
8600 -11925.828125
8610 -13811.21875
8620 -13812.185546875
8630 -13189.6494140625
8640 -12981.3056640625
8650 -12117.404296875
8660 -11433.099609375
8670 -11676.7919921875
8680 -12759.013671875
8690 -13449.0908203125
8700 -13274.443359375
8710 -13374.83203125
8720 -13686.810546875
8730 -13844.373046875
8740 -13594.9423828125
8750 -13995.875
8760 -14103.740234375
8770 -13285.4677734375
8780 -12853.376953125
8790 -12637.3798828125
8800 -11868.658203125
8810 -11204.95703125
8820 -10922.26171875
8830 -10889.154296875
8840 -10689.48046875
8850 -10461.41796875
8860 -10806.6181640625
8870 -10903.259765625
8880 -10300.8798828125
8890 -9913.0146484375
8900 -9471.4912109375
8910 -8887.2451171875
8920 -7874.7666015625
8930 -7811.73681640625
8940 -7935.68310546875
8950 -8833.646484375
8960 -10009.259765625
8970 -10427.1533203125
8980 -12019.734375
8990 -12922.92578125
9000 -12606.166015625
9010 -11682.0703125
9020 -12712.8759765625
9030 -14226.109375
9040 -15185.06640625
9050 -16139.171875
9060 -16827.91015625
9070 -16841.9609375
9080 -17029.07421875
9090 -16620.19140625
9100 -15892.6748046875
9110 -14934.611328125
9120 -14270.408203125
9130 -13146.623046875
9140 -12988.8046875
9150 -12828.7294921875
9160 -13015.6484375
9170 -12476.6201171875
9180 -11967.3359375
9190 -11145.046875
9200 -10844.9609375
9210 -10409.4912109375
9220 -10457.6494140625
9230 -10694.5966796875
9240 -11480.333984375
9250 -11828.787109375
9260 -11658.875
9270 -11372.9619140625
9280 -11411.033203125
9290 -11496.38671875
9300 -11102.400390625
9310 -10092.033203125
9320 -9227.6337890625
9330 -8913.130859375
9340 -10180.0556640625
9350 -11342.6689453125
9360 -11326.9453125
9370 -12694.888671875
9380 -12387.259765625
9390 -12964.62109375
9400 -14007.7119140625
9410 -12754.97265625
9420 -13165.07421875
9430 -13729.61328125
9440 -14038.109375
9450 -13412.90625
9460 -12658.0654296875
9470 -12461.373046875
9480 -11990.14453125
9490 -11870.271484375
9500 -12543.53515625
9510 -11924.185546875
9520 -11228.5302734375
9530 -11007.9423828125
9540 -10419.216796875
9550 -10169.166015625
9560 -10327.279296875
9570 -9875.87890625
9580 -10508.052734375
9590 -10911.51953125
9600 -10529.66015625
9610 -10346.337890625
9620 -10269.0419921875
9630 -10236.61328125
9640 -9973.814453125
9650 -9956.583984375
9660 -9896.955078125
9670 -9998.552734375
9680 -10210.87890625
9690 -9594.7041015625
9700 -8494.837890625
9710 -8009.853515625
9720 -8536.44921875
9730 -10014.19140625
9740 -8553.8984375
9750 -9047.8681640625
9760 -9233.208984375
9770 -8859.353515625
9780 -10089.548828125
9790 -12477.447265625
9800 -12781.548828125
9810 -13261.46484375
9820 -13516.267578125
9830 -13519.9716796875
9840 -12841.88671875
9850 -12915.9296875
9860 -13109.962890625
9870 -13004.3359375
9880 -12987.009765625
9890 -13096.7734375
9900 -13756.2333984375
9910 -13921.498046875
9920 -13515.44140625
9930 -13571.150390625
9940 -13153.751953125
9950 -12978.50390625
9960 -13057.0986328125
9970 -12807.375
9980 -12281.0185546875
9990 -12437.216796875
10000 -12420.138671875
10010 -11537.630859375
10020 -11409.017578125
10030 -12218.98828125
10040 -12300.47265625
10050 -12171.021484375
10060 -11746.001953125
10070 -11346.7373046875
10080 -10893.7197265625
10090 -10665.283203125
10100 -10029.123046875
10110 -8902.333984375
10120 -8237.3359375
10130 -7869.228515625
10140 -7816.63623046875
10150 -8507.9453125
10160 -9426.8115234375
10170 -9988.595703125
10180 -10852.4794921875
10190 -10603.8125
10200 -10925.970703125
10210 -11425.9384765625
10220 -12129.65625
10230 -12926.1171875
10240 -13012.4853515625
10250 -12828.060546875
10260 -12770.2509765625
10270 -13150.103515625
10280 -13365.806640625
10290 -13254.8193359375
10300 -13486.25
10310 -13612.064453125
10320 -13706.064453125
10330 -12823.849609375
10340 -12626.947265625
10350 -13629.880859375
10360 -14571.091796875
10370 -14166.291015625
10380 -13470.9765625
10390 -12785.353515625
10400 -11675.2724609375
10410 -10757.052734375
10420 -10417.822265625
10430 -10412.48046875
10440 -10593.7861328125
10450 -10809.771484375
10460 -10541.271484375
10470 -10287.203125
10480 -9506.76953125
10490 -9126.748046875
10500 -8740.720703125
10510 -7832.443359375
10520 -6716.673828125
10530 -6383.734375
10540 -7355.48388671875
10550 -8248.6484375
10560 -9312.771484375
10570 -10821.072265625
10580 -12179.060546875
10590 -12402.66796875
10600 -12430.310546875
10610 -11983.83203125
10620 -11776.90625
10630 -11904.224609375
10640 -11060.0888671875
10650 -10597.8623046875
10660 -10815.5751953125
10670 -11073.7919921875
10680 -10731.5205078125
10690 -10526.501953125
10700 -10530.9013671875
10710 -10815.78125
10720 -10387.4638671875
10730 -10277.6884765625
10740 -10055.33203125
10750 -9934.4267578125
10760 -10326.080078125
10770 -10936.625
10780 -11232.32421875
10790 -11210.67578125
10800 -10975.0283203125
10810 -11175.712890625
10820 -10873.064453125
10830 -10269.29296875
10840 -9431.412109375
10850 -9180.677734375
10860 -9131.96875
10870 -9198.21484375
10880 -8861.8369140625
10890 -8189.80859375
10900 -7758.9619140625
10910 -6791.6162109375
10920 -5987.419921875
10930 -6079.353515625
10940 -6438.455078125
10950 -6979.029296875
10960 -7376.09130859375
10970 -7440.9677734375
10980 -8070.3720703125
10990 -9559.7822265625
11000 -9919.494140625
11010 -9965.0859375
11020 -10232.087890625
11030 -11602.5087890625
11040 -10816.607421875
11050 -11778.59765625
11060 -12450.4765625
11070 -13068.4736328125
11080 -14115.5263671875
11090 -15356.8369140625
11100 -14846.41015625
11110 -14148.375
11120 -13017.453125
11130 -12141.44921875
11140 -11445.9345703125
11150 -10534.34375
11160 -9920.779296875
11170 -9967.716796875
11180 -10210.8359375
11190 -9341.9990234375
11200 -8988.99609375
11210 -9305.185546875
11220 -9535.51171875
11230 -9578.431640625
11240 -10103.9775390625
11250 -10527.736328125
11260 -10708.76171875
11270 -10705.5576171875
11280 -10300.6201171875
11290 -9848.3935546875
11300 -8981.0126953125
11310 -7892.2041015625
11320 -6649.4912109375
11330 -6128.6318359375
11340 -6385.8955078125
11350 -7213.2587890625
11360 -8164.1611328125
11370 -8452.1591796875
11380 -8340.7841796875
11390 -8831.322265625
11400 -10377.01171875
11410 -12420.052734375
11420 -12226.9404296875
11430 -12623.119140625
11440 -12608.720703125
11450 -12400.7041015625
11460 -12399.1201171875
11470 -11801.955078125
11480 -11425.609375
11490 -11931.974609375
11500 -12545.857421875
11510 -12634.2978515625
11520 -12645.779296875
11530 -12751.521484375
11540 -12714.50390625
11550 -12062.08203125
11560 -11958.046875
11570 -11891.8740234375
11580 -11956.6611328125
11590 -12312.181640625
11600 -11560.083984375
11610 -11157.3896484375
11620 -10997.763671875
11630 -11250.197265625
11640 -11576.998046875
11650 -11981.1650390625
11660 -12316.4267578125
11670 -12276.671875
11680 -11806.8818359375
11690 -11649.7509765625
11700 -11148.529296875
11710 -10038.396484375
11720 -8917.078125
11730 -8583.314453125
11740 -8999.404296875
11750 -8485.642578125
11760 -8373.388671875
11770 -10329.705078125
11780 -10571.677734375
11790 -10862.775390625
11800 -11555.560546875
11810 -11551.36328125
11820 -11257.701171875
11830 -11291.431640625
11840 -11028.28125
11850 -10570.798828125
11860 -10808.841796875
11870 -11286.654296875
11880 -11496.361328125
11890 -11569.2099609375
11900 -11934.041015625
11910 -12827.263671875
11920 -12579.916015625
11930 -11816.98828125
11940 -11342.1044921875
11950 -11106.869140625
11960 -10911.5419921875
11970 -10886.5712890625
11980 -11349.0068359375
11990 -11609.58203125
12000 -11589.4375
12010 -11324.10546875
12020 -11322.74609375
12030 -11978.5048828125
12040 -12606.12890625
12050 -13090.1015625
12060 -12610.095703125
12070 -11640.697265625
12080 -10670.0947265625
12090 -10107.8359375
12100 -9780.953125
12110 -9055.634765625
12120 -8161.1171875
12130 -7385.1796875
12140 -7546.9462890625
12150 -8122.8896484375
12160 -7699.708984375
12170 -8804.375
12180 -10174.46875
12190 -11321.8134765625
12200 -11972.86328125
12210 -12311.033203125
12220 -11688.943359375
12230 -11907.8876953125
12240 -12494.85546875
12250 -12714.8984375
12260 -13120.943359375
12270 -12594.5087890625
12280 -11486.4248046875
12290 -10949.740234375
12300 -10882.4794921875
12310 -10695.03125
12320 -10128.041015625
12330 -9385.8984375
12340 -9224.158203125
12350 -9489.603515625
12360 -10353.1552734375
12370 -11032.2353515625
12380 -11041.03125
12390 -11092.8271484375
12400 -10962.439453125
12410 -10941.14453125
12420 -11358.162109375
12430 -10799.8330078125
12440 -10760.978515625
12450 -10618.8291015625
12460 -10076.064453125
12470 -9701.02734375
12480 -9986.177734375
12490 -9539.20703125
12500 -8834.087890625
12510 -8061.15380859375
12520 -7171.08642578125
12530 -7410.205078125
12540 -9575.662109375
12550 -11185.8876953125
12560 -10617.7265625
12570 -10697.94140625
12580 -10874.15234375
12590 -10485.62109375
12600 -10824.8046875
12610 -10778.41796875
12620 -10792.39453125
12630 -11258.09765625
12640 -12176.521484375
12650 -11569.3125
12660 -10415.302734375
12670 -10677.025390625
12680 -13128.5234375
12690 -12318.6748046875
12700 -11079.013671875
12710 -11549.08203125
12720 -11871.072265625
12730 -12279.3671875
12740 -12911.4375
12750 -13875.62109375
12760 -13865.72265625
12770 -13025.47265625
12780 -12109.384765625
12790 -10697.6376953125
12800 -9542.619140625
12810 -10813.62109375
12820 -11803.779296875
12830 -11722.935546875
12840 -11236.90234375
12850 -11082.6708984375
12860 -10715.56640625
12870 -10107.62109375
12880 -10220.70703125
12890 -10107.5791015625
12900 -10052.3994140625
12910 -9432.828125
12920 -7871.67236328125
12930 -6879.34814453125
12940 -7012.642578125
12950 -7839.1083984375
12960 -9611.533203125
12970 -11246.58984375
12980 -11849.267578125
12990 -13173.2958984375
13000 -12580.5166015625
13010 -13361.142578125
13020 -15085.4521484375
13030 -15834.994140625
13040 -15588.517578125
13050 -15919.8876953125
13060 -15836.4404296875
13070 -15450.103515625
13080 -14476.630859375
13090 -13948.892578125
13100 -13717.51953125
13110 -13590.158203125
13120 -12285.6044921875
13130 -12117.75390625
13140 -12927.123046875
13150 -12863.7939453125
13160 -11878.53515625
13170 -11520.4833984375
13180 -11285.58984375
13190 -10539.62109375
13200 -10122.5166015625
13210 -9968.4375
13220 -9829.005859375
13230 -10120.125
13240 -10601.052734375
13250 -11262.5625
13260 -11330.658203125
13270 -11613.658203125
13280 -11777.2568359375
13290 -10817.306640625
13300 -9843.564453125
13310 -8400.044921875
13320 -7527.4990234375
13330 -8340.6708984375
13340 -9695.9375
13350 -10530.833984375
13360 -11837.00390625
13370 -13801.6982421875
13380 -13857.29296875
13390 -13849.75
13400 -13859.6328125
13410 -14099.12109375
13420 -12893.7568359375
13430 -12757.05078125
13440 -12612.57421875
13450 -11760.83984375
13460 -11444.896484375
13470 -11303.93359375
13480 -11078.3515625
13490 -11788.73828125
13500 -12388.7587890625
13510 -12110.970703125
13520 -10831.357421875
13530 -10117.40625
13540 -9783.4384765625
13550 -9771.896484375
13560 -10371.390625
13570 -10877.458984375
13580 -11069.9765625
13590 -11757.470703125
13600 -12467.251953125
13610 -12606.751953125
13620 -11732.3564453125
13630 -11692.783203125
13640 -11352.13671875
13650 -9740.39453125
13660 -9284.546875
13670 -10166.2109375
13680 -9311.455078125
13690 -9476.029296875
13700 -9595.5576171875
13710 -8768.1142578125
13720 -7958.529296875
13730 -7651.4970703125
13740 -8077.689453125
13750 -8751.400390625
13760 -9686.626953125
13770 -10453.59375
13780 -10695.2734375
13790 -11301.7548828125
13800 -11875.626953125
13810 -12344.333984375
13820 -12579.8671875
13830 -12949.94140625
13840 -13446.50390625
13850 -13721.9130859375
13860 -13221.51171875
13870 -12543.103515625
13880 -11930.8759765625
13890 -12328.9921875
13900 -13303.51953125
13910 -13658.216796875
13920 -12944.443359375
13930 -12295.751953125
13940 -11871.400390625
13950 -11943.306640625
13960 -11705.33203125
13970 -11366.787109375
13980 -11495.57421875
13990 -11221.03125
14000 -11104.947265625
14010 -10876.3046875
14020 -10431.0517578125
14030 -10146.87109375
14040 -10111.931640625
14050 -10101.84375
14060 -9591.421875
14070 -9339.462890625
14080 -8873.9306640625
14090 -7853.64208984375
14100 -6968.25732421875
14110 -5835.46875
14120 -5241.390625
14130 -5882.33984375
14140 -7850.185546875
14150 -6693.7001953125
14160 -6522.4296875
14170 -8053.4580078125
14180 -8923.869140625
14190 -9531.15625
14200 -11132.189453125
14210 -11078.00390625
14220 -12242.212890625
14230 -12968.7919921875
14240 -12627.140625
14250 -12279.9921875
14260 -13092.70703125
14270 -13548.8671875
14280 -12391.99609375
14290 -11583.73046875
14300 -12394.87890625
14310 -12332.5625
14320 -12009.76953125
14330 -11662.962890625
14340 -11587.16015625
14350 -11732.564453125
14360 -11230.5927734375
14370 -10304.818359375
14380 -10155.927734375
14390 -10147.966796875
14400 -9945.2294921875
14410 -9973.830078125
14420 -10146.7578125
14430 -9416.7470703125
14440 -9506.0546875
14450 -9750.9140625
14460 -9686.71484375
14470 -9402.28515625
14480 -9164.6396484375
14490 -8962.6943359375
14500 -8332.0625
14510 -7107.36328125
14520 -6662.23828125
14530 -5795.173828125
14540 -6114.92236328125
14550 -6862.1064453125
14560 -6498.26806640625
14570 -6866.56787109375
14580 -7612.1240234375
14590 -8084.2373046875
14600 -8480.0888671875
14610 -8826.6875
14620 -9056.84765625
14630 -8805.09765625
14640 -9209.853515625
14650 -10363.28125
14660 -11292.298828125
14670 -12185.9296875
14680 -12004.7060546875
14690 -11068.09375
14700 -10550.681640625
14710 -10212.40625
14720 -9480.826171875
14730 -8699.462890625
14740 -8437.6591796875
14750 -8477.5
14760 -8482.1142578125
14770 -8475.31640625
14780 -8824.05859375
14790 -9484.5
14800 -9906.65234375
14810 -10207.55078125
14820 -10869.3544921875
14830 -10696.333984375
14840 -10234.576171875
14850 -9887.833984375
14860 -9973.396484375
14870 -9718.3291015625
14880 -9047.6669921875
14890 -8852.400390625
14900 -8398.1318359375
14910 -7230.8310546875
14920 -6046.21923828125
14930 -5286.87451171875
14940 -4909.5380859375
14950 -6008.6025390625
14960 -7846.966796875
8410 -9435.2373046875
8420 -8674.224609375
8430 -8569.509765625
8440 -8594.119140625
8450 -8274.58203125
8460 -8495.17578125
8470 -8446.5048828125
8480 -9395.015625
8490 -9353.611328125
8500 -9168.623046875
8510 -7861.16796875
8520 -6711.83935546875
8530 -6917.6591796875
8540 -7323.5908203125
8550 -7665.6494140625
8560 -7744.421875
8570 -8345.4560546875
8580 -9521.556640625
8590 -10603.7373046875
8600 -11923.4375
0 -16944.75
10 -15912.3720703125
20 -15421.50390625
30 -14753.626953125
40 -14052.3369140625
50 -13187.84375
60 -12304.69140625
70 -11199.15625
80 -10216.265625
90 -8976.9033203125
100 -7374.873046875
110 -4871.7607421875
120 -2313.864501953125
130 -740.9578857421875
140 203.6716003417969
150 73.90827941894531
160 163.9965515136719
170 -747.067138671875
180 -1687.03955078125
190 -2804.1005859375
200 -3322.29833984375
210 -2493.220947265625
220 -2037.243896484375
230 -1841.461059570312
240 -1948.293701171875
250 -2064.678466796875
260 -1965.843383789062
270 -1851.01611328125
280 -1987.241455078125
290 -2419.8388671875
300 -3145.15673828125
310 -3828.914794921875
320 -4098.06689453125
330 -4497.5673828125
340 -5228.1005859375
350 -6217.47509765625
360 -5805.9189453125
370 -5488.1494140625
380 -5574.8603515625
390 -5739.98681640625
400 -5918.81591796875
410 -6675.3583984375
420 -7915.1630859375
430 -9486.6767578125
440 -10493.220703125
450 -10601.2734375
460 -10619.470703125
470 -10793.1171875
480 -10641.150390625
490 -9868.4462890625
500 -8832.5966796875
510 -7760.9375
520 -6577.3544921875
530 -6207.916015625
540 -6315.1845703125
550 -5712.0927734375
560 -6403.5654296875
570 -6575.3447265625
580 -7414.416015625
590 -7293.0439453125
600 -7946.9111328125
610 -8283.70703125
620 -7910.4658203125
630 -8716.64453125
640 -7813.1083984375
650 -7329.775390625
660 -7488.40185546875
670 -7465.06884765625
680 -6809.5625
690 -7630.859375
700 -9092.123046875
710 -10769.6611328125
720 -12394.205078125
730 -13060.595703125
740 -13778.5234375
750 -12589.427734375
760 -11687.5869140625
770 -11384.3046875
780 -11087.78515625
790 -11144.78515625
800 -10938.30859375
810 -11237.658203125
820 -11219.84765625
830 -11294.611328125
840 -11495.3857421875
850 -11472.5126953125
860 -10574.923828125
870 -9451.5791015625
880 -9238.841796875
890 -9567.61328125
900 -9318.2890625
910 -8843.9609375
920 -7861.40234375
930 -7441.220703125
940 -7330.8955078125
950 -8078.5556640625
960 -9377.333984375
970 -11474.232421875
980 -10981.2734375
990 -11732.240234375
1000 -12340.931640625
1010 -11964.87109375
1020 -10838.0068359375
1030 -10358.025390625
1040 -10285.763671875
1050 -10255.62109375
1060 -11222.0283203125
1070 -12149.6552734375
1080 -13311.212890625
1090 -12473.2939453125
1100 -11787.0625
1110 -11115.2822265625
1120 -10597.537109375
1130 -10805.513671875
1140 -10708.138671875
1150 -10825.767578125
1160 -10036.716796875
1170 -10098.1611328125
1180 -10175.923828125
1190 -10025.927734375
1200 -9848.724609375
1210 -10108.013671875
1220 -11086.09765625
1230 -11394.7578125
1240 -11682.865234375
1250 -12842.892578125
1260 -13984.5009765625
1270 -15013.548828125
1280 -15095.08203125
1290 -14407.171875
1300 -13649.095703125
1310 -12054.3349609375
1320 -10065.59375
1330 -9137.623046875
1340 -9210.6123046875
1350 -9304.4638671875
1360 -9846.126953125
1370 -10299.01171875
1380 -10385.751953125
1390 -10601.9296875
1400 -11140.5703125
1410 -12671.513671875
1420 -11302.921875
1430 -11049.904296875
1440 -11668.994140625
1450 -11793.6279296875
1460 -11633.560546875
1470 -12356.0517578125
1480 -11615.5830078125
1490 -11658.859375
1500 -11731.681640625
1510 -11673.7783203125
1520 -11185.470703125
1530 -10384.3203125
1540 -10201.572265625
1550 -9130.56640625
1560 -8290.572265625
1570 -8502.3251953125
1580 -9224.833984375
1590 -10245.701171875
1600 -11850.8046875
1610 -12906.880859375
1620 -13943.37890625
1630 -14006.974609375
1640 -13910.220703125
1650 -13631.822265625
1660 -13949.3369140625
1670 -13530.5908203125
1680 -13751.294921875
1690 -13845.544921875
1700 -12540.533203125
1710 -11081.787109375
1720 -9393.30859375
1730 -8057.677734375
1740 -8301.126953125
1750 -8459.3046875
1760 -8070.59375
1770 -9475.0419921875
1780 -10674.2685546875
1790 -11514.79296875
1800 -13721.822265625
1810 -13935.412109375
1820 -13991.48046875
1830 -14096.9296875
1840 -13597.53515625
1850 -12810.708984375
1860 -11923.271484375
1870 -12059.00390625
1880 -12947.408203125
1890 -12478.1396484375
1900 -12133.615234375
1910 -11647.90625
1920 -10910.970703125
1930 -10301.576171875
1940 -9648.2109375
1950 -9783.7548828125
1960 -11787.01953125
1970 -10840.71875
1980 -10663.984375
1990 -10378.5693359375
2000 -10234.51953125
2010 -9557.15625
2020 -9065.6240234375
2030 -9022.404296875
2040 -8861.3623046875
2050 -8427.017578125
2060 -7510.01220703125
2070 -7287.3701171875
2080 -7248.615234375
2090 -6717.29833984375
2100 -6623.6162109375
2110 -6649.9130859375
2120 -6288.447265625
2130 -6386.5029296875
2140 -7123.1708984375
2150 -6830.80322265625
2160 -6992.830078125
2170 -8593.73046875
2180 -11605.2587890625
2190 -12672.3701171875
2200 -13340.3056640625
2210 -14085.794921875
2220 -13567.62109375
2230 -13048.111328125
2240 -12600.357421875
2250 -13294.5703125
2260 -13736.91015625
2270 -12836.22265625
2280 -12499.62890625
2290 -12146.7890625
2300 -12506.982421875
2310 -12953.4052734375
2320 -12206.01171875
2330 -11739.75390625
2340 -11360.494140625
2350 -11902.412109375
2360 -12024.435546875
2370 -12064.8212890625
2380 -12384.865234375
2390 -12539.2705078125
2400 -12274.78125
2410 -12070.64453125
2420 -12036.138671875
2430 -11241.69921875
2440 -11044.705078125
2450 -11130.478515625
2460 -10927.0146484375
2470 -11092.123046875
2480 -10965.248046875
2490 -10647.3095703125
2500 -9587.521484375
2510 -8532.6328125
2520 -8501.599609375
2530 -7794.7890625
2540 -7451.9501953125
2550 -7173.2333984375
2560 -7111.115234375
2570 -7376.04052734375
2580 -9858.748046875
2590 -12720.2421875
2600 -12260.7646484375
2610 -10853.6240234375
2620 -10869.283203125
2630 -10965.6826171875
2640 -10989.51953125
2650 -9563.330078125
2660 -8672.30078125
2670 -10014.708984375
2680 -11466.1328125
2690 -12076.708984375
2700 -12185.1123046875
2710 -11659.251953125
2720 -11361.296875
2730 -10734.193359375
2740 -10127.7021484375
2750 -9726.82421875
2760 -9552.3310546875
2770 -9042.70703125
2780 -9198.205078125
2790 -9208.771484375
2800 -8406.5615234375
2810 -8361.74609375
2820 -8544.80078125
2830 -8582.7421875
2840 -8691.919921875
2850 -9030.25390625
2860 -8786.7744140625
2870 -8608.599609375
2880 -8660.462890625
2890 -7863.8642578125
2900 -6610.19921875
2910 -5940.36474609375
2920 -5683.0703125
2930 -7618.666015625
2940 -7649.33056640625
2950 -8525.5
2960 -8642.759765625
2970 -8736.837890625
2980 -9557.91015625
2990 -11221.90625
3000 -11366.98046875
3010 -12136.67578125
3020 -11910.1943359375
3030 -11602.373046875
3040 -11700.080078125
3050 -11898.98046875
3060 -11527.388671875
3070 -10830.310546875
3080 -10798.171875
3090 -10975.0390625
3100 -10929.3828125
3110 -11013.18359375
3120 -10505.2978515625
3130 -9918.001953125
3140 -9991.8671875
3150 -10605.638671875
3160 -11155.962890625
3170 -11117.05859375
3180 -11652.36328125
3190 -12248.2626953125
3200 -12532.111328125
3210 -12958.28515625
3220 -12760.49609375
3230 -12560.2421875
3240 -12572.388671875
3250 -12495.357421875
3260 -12102.1865234375
3270 -11753.083984375
3280 -11799.98828125
3290 -11808.1865234375
3300 -11029.337890625
3310 -10007.240234375
3320 -8924.837890625
3330 -8034.3203125
3340 -7797.3271484375
3350 -7675.919921875
3360 -8059.212890625
3370 -9257.1796875
3380 -10869.6875
3390 -11515.248046875
3400 -12968.8515625
3410 -13703.546875
3420 -13262.7080078125
3430 -12932.8671875
3440 -13964.7421875
3450 -14082.912109375
3460 -13482.5625
3470 -13070.798828125
3480 -12520.294921875
3490 -12579.470703125
3500 -12589.2021484375
3510 -13075.267578125
3520 -13024.189453125
3530 -12191.123046875
3540 -11660.748046875
3550 -10865.86328125
3560 -11532.2421875
3570 -12617.6875
3580 -12790.64453125
3590 -12359.224609375
3600 -11494.16015625
3610 -10622.9990234375
3620 -10176.353515625
3630 -10016.1572265625
3640 -10072.24609375
3650 -10014.8662109375
3660 -10185.3671875
3670 -10595.220703125
3680 -9541.33203125
3690 -9290.076171875
3700 -9245.810546875
3710 -8367.6474609375
3720 -7593.4423828125
3730 -7285.2822265625
3740 -6960.4501953125
3750 -7082.59619140625
3760 -7357.5791015625
3770 -7764.17822265625
3780 -8756.171875
3790 -8366.72265625
3800 -8251.4169921875
3810 -8993.65625
3820 -9578.3134765625
3830 -9709.498046875
3840 -9850.47265625
3850 -11311.2744140625
3860 -11909.7060546875
3870 -12018.6103515625
3880 -12163.923828125
3890 -12319.822265625
3900 -12439.77734375
3910 -11753.2099609375
3920 -10643.5859375
3930 -9888.01171875
3940 -10161.875
3950 -9580.560546875
3960 -9385.1962890625
3970 -9266.916015625
3980 -8717.47265625
3990 -8393.4306640625
4000 -8192.7666015625
4010 -7493.4228515625
4020 -6623.8623046875
4030 -5928.9365234375
4040 -5913.4833984375
4050 -6510.54296875
4060 -7085.37548828125
4070 -7567.81787109375
4080 -7834.78662109375
4090 -8206.462890625
4100 -7989.36669921875
4110 -7125.9677734375
4120 -6965.564453125
4130 -6770.244140625
4140 -7331.8505859375
4150 -8148.29736328125
4160 -9564.173828125
4170 -11157.1943359375
4180 -11769.50390625
4190 -13284.037109375
4200 -12988.796875
4210 -12237.19140625
4220 -12719.65234375
4230 -12877.9375
4240 -11940.9404296875
4250 -11824.7314453125
4260 -12473.0390625
4270 -12354.35546875
4280 -12040.9833984375
4290 -11900.9580078125
4300 -12224.40234375
4310 -11934.884765625
4320 -11373.75
4330 -11506.369140625
4340 -12517.419921875
4350 -12682.86328125
4360 -12661.1279296875
4370 -12504.7666015625
4380 -12546.505859375
4390 -12211.125
4400 -12135.287109375
4410 -12065.44921875
4420 -11635.2060546875
4430 -11580.6103515625
4440 -11917.404296875
4450 -11754.15234375
4460 -11046.83984375
4470 -10685.75
4480 -10702.75390625
4490 -10360.61328125
4500 -9300.9345703125
4510 -8338.576171875
4520 -7332.6884765625
4530 -6376.92236328125
4540 -6076.888671875
4550 -6207.529296875
4560 -7039.6484375
4570 -7706.52294921875
4580 -9526.9521484375
4590 -10773.177734375
4600 -10744.01171875
4610 -10720.4140625
4620 -12201.7431640625
4630 -13458.650390625
4640 -14715.474609375
4650 -14968.9267578125
4660 -14737
4670 -13885.986328125
4680 -12543.830078125
4690 -11588.88671875
4700 -11287.25390625
4710 -10458.484375
4720 -10756.23046875
4730 -10884.48046875
4740 -10276.8818359375
4750 -10152.21875
4760 -10199.10546875
4770 -9290.916015625
4780 -8834.9755859375
4790 -8678.376953125
4800 -8774.458984375
4810 -8514.681640625
4820 -9201.0458984375
4830 -9637.806640625
4840 -9823.814453125
4850 -10272.20703125
4860 -10562.859375
4870 -10799.744140625
4880 -10762.91015625
4890 -10509.6142578125
4900 -10199.853515625
4910 -9558.7626953125
4920 -8957.314453125
4930 -8738.525390625
4940 -8528.1279296875
4950 -8523.66015625
4960 -8966.78125
4970 -9066.3359375
4980 -8876.17578125
4990 -9017.072265625
5000 -10821.45703125
5010 -12136.130859375
5020 -12163.72265625
5030 -12341.4033203125
5040 -12819.802734375
5050 -12963.654296875
5060 -13092.15234375
5070 -12131.158203125
5080 -10951.828125
5090 -10328.291015625
5100 -10475.984375
5110 -10607.44140625
5120 -10607.087890625
5130 -10542.427734375
5140 -10826.771484375
5150 -11256.515625
5160 -11072.9658203125
5170 -10875.34765625
5180 -11131.376953125
5190 -11239.9462890625
5200 -11082.900390625
5210 -10931.7880859375
5220 -11022.3291015625
5230 -10918.564453125
5240 -10823.0498046875
5250 -11065.84375
5260 -11035.38671875
5270 -10433.8681640625
5280 -9931.78125
5290 -9552.583984375
5300 -8989.2685546875
5310 -8215.7490234375
5320 -6898.484375
5330 -6330.95263671875
5340 -6290.115234375
5350 -7196.3564453125
5360 -8594.58984375
5370 -9033.21875
5380 -10062.15625
5390 -11428.6337890625
5400 -11791.482421875
5410 -11407.021484375
5420 -11559.650390625
5430 -12122.896484375
5440 -11718.8916015625
5450 -11824.138671875
5460 -11574.16015625
5470 -11215.693359375
5480 -11580.84375
5490 -11005.052734375
5500 -11273.0859375
5510 -11605.8984375
5520 -11911.7041015625
5530 -11341.98046875
5540 -10899.916015625
5550 -10819.3134765625
5560 -10788.556640625
5570 -10816.8251953125
5580 -10650.0712890625
5590 -11178.1337890625
5600 -11992.791015625
5610 -12260.9609375
5620 -12352.380859375
5630 -12178.21484375
5640 -11072.982421875
5650 -9686.376953125
5660 -9239.330078125
5670 -8877.3427734375
5680 -8553.359375
5690 -8662.98046875
5700 -8085.80419921875
5710 -7313.91552734375
5720 -6630.5126953125
5730 -6637.1552734375
5740 -6567.2060546875
5750 -6915.818359375
5760 -7416.2109375
5770 -7704.330078125
5780 -8007.455078125
5790 -8853.5703125
5800 -10184.462890625
5810 -9582.1650390625
5820 -10818.888671875
5830 -12186.3232421875
5840 -12801.640625
5850 -12151.314453125
5860 -12561.5166015625
5870 -13037.0576171875
5880 -13628.88671875
5890 -13350.857421875
5900 -12516.0595703125
5910 -11339.7939453125
5920 -10637.337890625
5930 -9800.826171875
5940 -9319.33984375
5950 -9184.255859375
5960 -9197.61328125
5970 -9677.2734375
5980 -9064.154296875
5990 -8588.3134765625
6000 -8343.2509765625
6010 -8383.9150390625
6020 -8620.2744140625
6030 -9078.201171875
6040 -9780.4921875
6050 -10035.3818359375
6060 -10311.060546875
6070 -10683.666015625
6080 -10656.1611328125
6090 -10503.12890625
6100 -10164.1796875
6110 -9340.611328125
6120 -8792.216796875
6130 -8502.8349609375
6140 -8426.4609375
6150 -8733.013671875
6160 -9286.3603515625
6170 -10060.880859375
6180 -12406.859375
6190 -13427.71875
6200 -13444.115234375
6210 -14996.6953125
6220 -14594.8876953125
6230 -14133.4365234375
6240 -14131.8642578125
6250 -13768.416015625
6260 -12335.056640625
6270 -11415.142578125
6280 -10985.3701171875
6290 -11181.88671875
6300 -11848.88671875
6310 -12305.69921875
6320 -11690.763671875
6330 -11626.236328125
6340 -11264.4765625
6350 -10251.34765625
6360 -11204.939453125
6370 -12303.9638671875
6380 -11825.98046875
6390 -11742.8623046875
6400 -12461.6640625
6410 -12774.935546875
6420 -11325.955078125
6430 -10483.013671875
6440 -10023.5498046875
6450 -10411.568359375
6460 -10363.1923828125
6470 -10040.119140625
6480 -9663.75
6490 -9528.55078125
6500 -9003.697265625
6510 -8093.67578125
6520 -7095.2353515625
6530 -6072.9296875
6540 -5769.80029296875
6550 -6266.5380859375
6560 -6850.5751953125
6570 -7155.859375
6580 -7826.84228515625
6590 -8542.005859375
6600 -9813.2294921875
6610 -10900.599609375
6620 -10440.6875
6630 -12041.267578125
6640 -12647.939453125
6650 -12795.1142578125
6660 -13143.8359375
6670 -13902.3125
6680 -14590.5810546875
6690 -13574.125
6700 -12710.9375
6710 -12973.3232421875
6720 -12602.9921875
6730 -12288.279296875
6740 -13338.04296875
6750 -14289.7998046875
6760 -14446.796875
6770 -15284.279296875
6780 -15132.544921875
6790 -13811
6800 -12781.974609375
6810 -12426.2265625
6820 -11847.3662109375
6830 -10791.6484375
6840 -10217.5361328125
6850 -10445.564453125
6860 -10048.578125
6870 -10285.708984375
6880 -10678.2255859375
6890 -11011.041015625
6900 -10556.2265625
6910 -9494.951171875
6920 -8692.900390625
6930 -7838.68017578125
6940 -7465.236328125
6950 -7311.615234375
6960 -7633.7939453125
6970 -8136.1884765625
6980 -9654.7646484375
6990 -12420.771484375
7000 -13871.216796875
7010 -14638.9296875
7020 -14236.052734375
7030 -13464.833984375
7040 -11386.64453125
7050 -12076.4697265625
7060 -13417.439453125
7070 -13673.046875
7080 -14051.0263671875
7090 -13973.373046875
7100 -14361.20703125
7110 -14051.537109375
7120 -14055.908203125
7130 -14367.3662109375
7140 -13381.037109375
7150 -12369.234375
7160 -11969.3193359375
7170 -11740.2158203125
7180 -11660.490234375
7190 -11831.2998046875
7200 -11078.923828125
7210 -10619.587890625
7220 -9622.189453125
7230 -9268.76171875
7240 -9005.97265625
7250 -8825.3662109375
7260 -8644.560546875
7270 -8555.4775390625
7280 -8855.193359375
7290 -8567.2060546875
7300 -7756.08935546875
7310 -7192.31201171875
7320 -6750.14306640625
7330 -6657.2578125
7340 -6289.265625
7350 -5874.4541015625
7360 -5804.765625
7370 -6749.013671875
7380 -8601.7177734375
7390 -11232.974609375
7400 -10776.099609375
7410 -11425.6728515625
7420 -12564.6904296875
7430 -12530.66015625
7440 -11254.88671875
7450 -11063.9375
7460 -11555.759765625
7470 -11960.591796875
7480 -13729.365234375
7490 -14631.6708984375
7500 -14165.240234375
7510 -14050.0517578125
7520 -13009.658203125
7530 -12857.0234375
7540 -12609.49609375
7550 -13749.7001953125
7560 -13727.9453125
7570 -12669.087890625
7580 -12670.0732421875
7590 -12799.1669921875
7600 -11665.041015625
7610 -10753.5205078125
7620 -10379.462890625
7630 -9939.216796875
7640 -9220.357421875
7650 -8550.21484375
7660 -8675.890625
7670 -8753.31640625
7680 -8864.4609375
7690 -9073.630859375
7700 -9002.1640625
7710 -8100.103515625
7720 -7585.84765625
7730 -6977.978515625
7740 -7118.228515625
7750 -7574.912109375
7760 -8261.548828125
7770 -8736.154296875
7780 -9084.1484375
7790 -9703.521484375
7800 -11801.1259765625
7810 -12462.01171875
7820 -12228.595703125
7830 -11823.38671875
7840 -10876.4794921875
7850 -9789.681640625
7860 -9032.2578125
7870 -8494.205078125
7880 -8767.0400390625
7890 -8624.125
7900 -8915.029296875
7910 -9340.376953125
7920 -9769.240234375
7930 -10703.337890625
7940 -10276.86328125
7950 -9483.2236328125
7960 -9337.58203125
7970 -9290.140625
7980 -9774.556640625
7990 -10702.724609375
8000 -11225.265625
8010 -11708.150390625
8020 -11924.732421875
8030 -11623.01953125
8040 -11243.23046875
8050 -10924.677734375
8060 -10814.09765625
8070 -10338.1435546875
8080 -9882.7958984375
8090 -9567.619140625
8100 -8921.6669921875
8110 -7668.77734375
8120 -6223.69140625
8130 -6009.390625
8140 -7404.025390625
8150 -6820.01513671875
8160 -7212.6494140625
8170 -8669.13671875
8180 -8454.6220703125
8190 -8755.1796875
8200 -10130.5615234375
8210 -10143.482421875
8220 -10715.48828125
8230 -11581.986328125
8240 -10762.3671875
8250 -10332.87109375
8260 -10197.634765625
8270 -10338.5078125
8280 -10828.453125
8290 -11440.6181640625
8300 -10990.73046875
8310 -11223.146484375
8320 -11212.1748046875
8330 -10862.6875
8340 -10495.6083984375
8350 -10265.59765625
8360 -10149.923828125
8370 -10045.951171875
8380 -10033.75
8390 -9823.189453125
8400 -9738.947265625
