"Time Step" "point-shear-b"
22610 2464.53564453125
22620 1654.450073242188
22630 3092.927978515625
22640 3458.7158203125
22650 3198.26220703125
22660 3922.482177734375
22670 2093.19140625
22680 2008.883422851562
22690 2009.636108398438
22700 2221.50341796875
22710 1392.220092773438
22720 2992.589111328125
22730 2311.697265625
22740 2983.896728515625
22750 2578.14599609375
22760 1612.392822265625
22770 1486.776733398438
22780 1508.145263671875
22790 2921.892578125
22800 13187.41796875
22810 7085.54443359375
22820 10900.158203125
22830 12092.6005859375
22840 7429.5224609375
22850 4807.09423828125
22860 4941.38818359375
22870 1529.544677734375
22880 2602.940185546875
22890 3778.871337890625
22900 3166.202392578125
22910 2243.11572265625
22920 3349.796630859375
22930 2757.001220703125
22940 3176.6572265625
22950 5358.63232421875
22960 2972.13623046875
22970 1780.62158203125
22980 3085.69287109375
22990 1498.488891601562
23000 2441.593017578125
23010 3071.832275390625
23020 2054.18603515625
23030 1955.6220703125
23040 1744.658447265625
23050 1851.621704101562
23060 1698.346557617188
23070 2716.097900390625
23080 1407.281860351562
23090 3241.854736328125
23100 3962.261474609375
23110 1451.822509765625
23120 1599.502075195312
23130 2618.89892578125
23140 1085.1591796875
23150 1649.122436523438
23160 1138.013549804688
23170 2642.6826171875
23180 3385.032958984375
23190 6943.1806640625
23200 7132.0849609375
23210 13898.818359375
23220 9179.556640625
23230 12466.369140625
23240 7626.68798828125
23250 6174.720703125
23260 6177.83203125
23270 8414.62890625
23280 2729.377197265625
23290 6353.3369140625
23300 5069.8291015625
23310 4655.0224609375
23320 2255.42578125
23330 3509.866455078125
23340 3851.481689453125
23350 2919.859375
23360 2346.041259765625
23370 4208.4169921875
23380 3983.562744140625
23390 2527.762939453125
23400 1695.9169921875
23410 3709.06640625
23420 3735.3544921875
23430 3905.64208984375
23440 4684.22509765625
23450 4493.75927734375
23460 3330.641357421875
23470 4478.97900390625
23480 2528.343994140625
23490 3158.475341796875
23500 2073.5322265625
23510 1765.2509765625
23520 2771.355224609375
23530 2435.986083984375
23540 2559.220458984375
23550 3611.0048828125
23560 4279.93505859375
23570 3494.050048828125
23580 5090.12158203125
23590 7493.5625
23600 9935.314453125
23610 14761.0234375
23620 11727.380859375
23630 9143.6376953125
23640 5589.17578125
23650 8974.6083984375
23660 5293.39794921875
23670 7502.3154296875
23680 4354.6474609375
23690 5899.19873046875
23700 4191.103515625
23710 4379.27392578125
23720 5356.48876953125
23730 9122.1103515625
23740 4930.9423828125
23750 5093.4267578125
23760 3040.630126953125
23770 4982.216796875
23780 5688.42822265625
23790 4842.08740234375
23800 1438.41943359375
23810 2357.303466796875
23820 5368.24267578125
23830 2584.193359375
23840 3018.8076171875
23850 2820.904296875
23860 2252.19384765625
23870 2425.99267578125
23880 3387.66162109375
23890 3707.76513671875
23900 7034.74609375
23910 4197.5751953125
23920 1737.011840820312
23930 1683.01123046875
23940 2499.06005859375
23950 1560.4130859375
23960 2520.46142578125
23970 2602.325927734375
23980 3414.392578125
23990 2784.82177734375
24000 3869.16259765625
15010 2895.359619140625
15020 3003.525146484375
15030 2888.33447265625
15040 4162.13623046875
15050 3177.8935546875
15060 3986.49755859375
15070 4291.31640625
15080 3010.592041015625
15090 1434.075561523438
15100 5714.48291015625
15110 3883.754638671875
15120 3795.7763671875
15130 3634.10205078125
15140 4790.98193359375
15150 2868.13623046875
15160 2019.361450195312
15170 3894.475341796875
15180 2238.1689453125
15190 1964.698486328125
15200 16223.55859375
15210 12874.9541015625
15220 19327.0625
15230 11407.69140625
15240 5006.09326171875
15250 4777.3720703125
15260 8025.93017578125
15270 4773.912109375
15280 6216.84375
15290 4215.03076171875
15300 3028.080810546875
15310 1791.161743164062
15320 2205.462890625
15330 4031.47705078125
15340 2166.769287109375
15350 2922.142578125
15360 2085.8330078125
15370 3040.889404296875
15380 4375.80322265625
15390 2972.747802734375
15400 9131.3525390625
15410 4771.19140625
15420 1935.040405273438
15430 2183.426025390625
15440 1828.796875
15450 2273.7255859375
15460 1857.857666015625
15470 1444.648559570312
15480 2590.09423828125
15490 2702.414794921875
15500 2896.401611328125
15510 3402.435302734375
15520 2827.742919921875
15530 1406.303955078125
15540 2380.5947265625
15550 1936.085327148438
15560 2112.39892578125
15570 3316.49560546875
15580 2572.669921875
15590 3944.77734375
15600 13883.5380859375
15610 10564.3623046875
15620 8461.06640625
15630 7096.8798828125
15640 7124.26025390625
15650 4609.771484375
15660 3432.935302734375
15670 12670.552734375
15680 3993.30712890625
15690 5451
15700 4912.68212890625
15710 1758.955322265625
15720 2275.7587890625
15730 1731.457885742188
15740 3480.99951171875
15750 4506.81787109375
15760 5969.8310546875
15770 2537.887451171875
15780 3531.620849609375
15790 3514.12939453125
15800 2162.478271484375
15810 3132.623046875
15820 1920.876953125
15830 1316.566162109375
15840 2484.379150390625
15850 3864.5458984375
15860 2363.073974609375
15870 2401.003662109375
15880 2536.85986328125
15890 2565.88671875
15900 5147.74462890625
15910 3000.51953125
15920 1646.069458007812
15930 1375.964111328125
15940 3025.85302734375
15950 3928.2685546875
15960 2068.483154296875
15970 1355.793579101562
15980 2473.642822265625
15990 3300.111572265625
16000 9700.568359375
16010 13453.0458984375
16020 7158.85595703125
16030 7743.5048828125
16040 8335.646484375
16050 5343.3193359375
16060 11358.3193359375
16070 5059.19091796875
16080 3224.05224609375
16090 1969.498779296875
16100 4401.63427734375
16110 4813.96728515625
16120 2534.459716796875
16130 4674.181640625
16140 4092.757080078125
16150 3884.202392578125
16160 4498.31494140625
16170 2453.236328125
16180 3219.41064453125
16190 5123.31640625
16200 2428.75732421875
16210 3156.293701171875
16220 2903.839599609375
16230 3982.897216796875
16240 3390.6376953125
16250 3913.36669921875
16260 1916.811767578125
16270 1699.918090820312
16280 2525.360107421875
16290 3226.958251953125
16300 2853.149169921875
16310 1650.687744140625
16320 3314.779541015625
16330 2274.76171875
16340 3585.32568359375
16350 5876.07763671875
16360 1748.135620117188
16370 1744.505981445312
16380 1874.589233398438
16390 3978.818115234375
16400 7435.767578125
16410 18412.6796875
16420 10869.068359375
16430 8474.66015625
16440 8250.787109375
16450 6974.43359375
16460 4641.6787109375
16470 6066.39453125
16480 4772.71044921875
16490 3691.94482421875
16500 5877.84912109375
16510 3117.077880859375
16520 2064.820068359375
16530 4078.417236328125
16540 4915.89501953125
16550 5586.3642578125
16560 4313.55224609375
16570 2448.419677734375
16580 2383.00244140625
16590 2471.836181640625
16600 4877.9111328125
16610 4294.470703125
16620 4278.76220703125
16630 1435.243408203125
16640 1161.915405273438
16650 2335.10546875
16660 2228.28466796875
16670 2643.1083984375
16680 1689.38525390625
16690 2566.532470703125
16700 2647.323486328125
16710 3348.748046875
16720 2709.64453125
16730 2658.464111328125
16740 4011.694091796875
16750 3322.835693359375
16760 3496.561767578125
16770 2904.898193359375
16780 2663.234375
16790 5747.11669921875
16800 12410.072265625
16810 7057.98876953125
16820 11043.01171875
16830 7226.29052734375
16840 10603.103515625
16850 7056.56298828125
16860 3000.4052734375
16870 4626.0244140625
16880 5084.49853515625
16890 3199.2353515625
16900 3831.90185546875
16910 2584.72119140625
16920 4037.20703125
16930 3004.34619140625
16940 4310.505859375
16950 6835.37548828125
16960 4854.99169921875
16970 4002.462890625
16980 3674.19384765625
16990 2072.68896484375
17000 4295.35546875
17010 7439.802734375
17020 4639.27783203125
17030 4047.46728515625
17040 2662.419921875
17050 3527.2802734375
17060 5428.333984375
17070 1817.8232421875
17080 3327.203857421875
17090 3468.3837890625
17100 3069.14208984375
17110 1862.920043945312
17120 4130.00927734375
17130 2569.423828125
17140 3194.5205078125
17150 1716.29052734375
17160 4947.60546875
17170 3438.30810546875
17180 2044.150512695312
17190 3959.06494140625
17200 11970.177734375
17210 8855.240234375
17220 8715.49609375
17230 5989.841796875
17240 6328.291015625
17250 8415.255859375
17260 8599.9443359375
17270 7262.84765625
17280 4925.74853515625
17290 3925.389404296875
17300 3048.7158203125
17310 2241.328125
17320 4388.16015625
17330 5008.62646484375
17340 4680.9658203125
17350 8186.62646484375
17360 3849.07275390625
17370 2871.823486328125
17380 3014.171875
17390 2078.041748046875
17400 4412.30615234375
17410 1901.687255859375
17420 1641.896118164062
17430 1398.458984375
17440 3168.558349609375
17450 3529.0361328125
17460 1966.623413085938
17470 2222.3076171875
17480 2135.510986328125
17490 3659.148193359375
17500 4252.38916015625
17510 1965.484619140625
17520 2716.844482421875
17530 2416.972412109375
17540 2766.899658203125
17550 3686.190673828125
17560 2782.21484375
17570 3384.343994140625
17580 1564.153686523438
17590 2650.49560546875
17600 6817.12060546875
17610 7652.87060546875
17620 14088.623046875
17630 7902.81103515625
17640 7000.91552734375
17650 9327.6669921875
17660 4878.1767578125
17670 4087.461181640625
17680 3202.682373046875
17690 3849.97509765625
17700 5830.99755859375
17710 2868.84716796875
17720 2540.3046875
17730 2350.78076171875
17740 2054.51708984375
17750 1921.856811523438
17760 3599.433349609375
17770 2646.294189453125
17780 2076.419189453125
17790 2214.5380859375
17800 2316.53076171875
17810 1119.4716796875
17820 2802.98046875
17830 2118.120849609375
17840 3118.4501953125
17850 3168.013671875
17860 2695.989013671875
17870 1476.803588867188
17880 1811.43359375
17890 2244.23046875
17900 3432.396484375
17910 2785.322021484375
17920 2038.39501953125
17930 1070.368530273438
17940 1582.767822265625
17950 2562.625244140625
17960 2773.052978515625
17970 3110.361328125
17980 1106.438232421875
17990 3029.513916015625
18000 8135.10400390625
18010 15380.2822265625
18020 18863.439453125
18030 12711.31640625
18040 9577.0546875
18050 8613.1005859375
18060 10641.990234375
18070 6915.99462890625
18080 4421.8828125
18090 4021.464111328125
18100 4252.681640625
18110 2789.115966796875
18120 3181.745849609375
18130 2181.697509765625
18140 3628.400146484375
18150 3721.00830078125
18160 2355.41845703125
18170 2320.94189453125
18180 2501.203857421875
18190 2457.022705078125
18200 2648.280517578125
18210 1964.59619140625
18220 1915.975219726562
18230 1999.620971679688
18240 2448.640625
18250 2812.1083984375
18260 1790.829223632812
18270 1823.243530273438
18280 1932.359619140625
18290 2277.28369140625
18300 2207.8203125
18310 2451.685302734375
18320 4285.82763671875
18330 2955.40087890625
18340 3078.904296875
18350 2910.11865234375
18360 2469.542236328125
18370 1441.055419921875
18380 2105.27587890625
18390 3331.7197265625
18400 18312.580078125
18410 11974.55859375
18420 16597.419921875
18430 10547.5986328125
18440 5415.94970703125
18450 6825.22900390625
18460 3460.610107421875
18470 2198.199462890625
18480 1854.926147460938
18490 3464.589111328125
18500 5942.71484375
18510 1965.860107421875
18520 2032.059448242188
18530 1624.727661132812
18540 1927.892578125
18550 2398.822509765625
18560 3441.553955078125
18570 5042.30126953125
18580 3879.39599609375
18590 2755.288818359375
18600 5715.181640625
18610 5276.64794921875
18620 1485.003173828125
18630 1156.059448242188
18640 1545.481079101562
18650 3315.2353515625
18660 3135.5595703125
18670 5087.57373046875
18680 5616.30322265625
18690 3075.350341796875
18700 2703.050048828125
18710 4594.4619140625
18720 2295.71435546875
18730 2654.256591796875
18740 2992.50146484375
18750 1853.959716796875
18760 3744.987060546875
18770 1872.249877929688
18780 2505.830810546875
18790 4062.015869140625
18800 14809.689453125
18810 6797.8056640625
18820 6915.3447265625
18830 5964.17724609375
18840 8475.7080078125
18850 12058.345703125
18860 7938.36181640625
18870 2285.85888671875
18880 3635.063720703125
18890 3794.521484375
18900 2009.785888671875
18910 3722.543701171875
18920 5690.0517578125
18930 7035.89306640625
18940 3345.545166015625
18950 3374.619140625
18960 3116.155517578125
18970 4856.9150390625
18980 3192.10205078125
18990 1446.689697265625
19000 2968.72412109375
19010 1470.92529296875
19020 2633.630859375
19030 1745.60595703125
19040 2705.486083984375
19050 3924.29150390625
19060 2740.962646484375
19070 2052.900146484375
19080 2634.78759765625
19090 2485.571044921875
19100 1444.616943359375
19110 3349.830078125
19120 1475.15380859375
19130 2970.48876953125
19140 3247.92236328125
19150 2167.278564453125
19160 1983.620727539062
19170 3700.3798828125
19180 3245.25146484375
19190 3799.62060546875
19200 5937.486328125
19210 11419.3017578125
19220 13460.0234375
19230 4907.0908203125
19240 1779.1279296875
19250 3221.490478515625
19260 3454.03125
19270 2392.75927734375
19280 5005.162109375
19290 3469.460205078125
19300 3835.094482421875
19310 3082.67236328125
19320 4072.62353515625
19330 5436.01025390625
19340 5059.83447265625
19350 5270.57275390625
19360 4591.3720703125
19370 6512.0859375
19380 4938.61376953125
19390 4061.2490234375
19400 2559.95947265625
19410 2250.121337890625
19420 3090.712890625
19430 4364.45166015625
19440 3259.466796875
19450 2336.943603515625
19460 2859.768310546875
19470 2147.750244140625
19480 1801.687133789062
19490 1800.413208007812
19500 2297.798828125
19510 2059.55810546875
19520 4237.82080078125
19530 2119.89306640625
19540 2642.7578125
19550 3227.75
19560 2552.7158203125
19570 1786.619140625
19580 4417.6298828125
19590 5987.99755859375
19600 3211.540283203125
19610 3715.558837890625
19620 4701.11279296875
19630 8077.306640625
19640 4661.86572265625
19650 6213.8876953125
19660 6365.4169921875
19670 5496.5244140625
19680 3322.029052734375
19690 3561.6494140625
19700 4106.20361328125
19710 4967.2919921875
19720 4534.2841796875
19730 5442.79052734375
19740 1828.942016601562
19750 2507.4873046875
19760 1400.253295898438
19770 2780.730712890625
19780 995.26171875
19790 2392.330078125
19800 3112.32861328125
19810 4714.68115234375
19820 3842.01318359375
19830 5365.8662109375
19840 6397.24658203125
19850 4053.7880859375
19860 2462.170654296875
19870 2933.315185546875
19880 2564.76416015625
19890 3072.62353515625
19900 5686.18017578125
19910 4668.96142578125
19920 3892.641845703125
19930 2245.109375
19940 4538.3916015625
19950 2773.29052734375
19960 3174.830810546875
19970 5093.7939453125
19980 2185.140869140625
19990 2849.33984375
20000 12801.96484375
20010 15881.712890625
20020 6576.8916015625
20030 13736.5703125
20040 7791.26416015625
20050 4456.02734375
20060 2625.6494140625
20070 3341.49853515625
20080 3653.86865234375
20090 5956.29541015625
20100 5316.5869140625
20110 4116.83837890625
20120 4478.419921875
20130 4747.37255859375
20140 7538.470703125
20150 5067.38330078125
20160 2649.4970703125
20170 1542.79931640625
20180 2752.123779296875
20190 3374.546630859375
20200 3029.05419921875
20210 2497.18994140625
20220 4606.15478515625
20230 4340.5947265625
20240 3253.32470703125
20250 2814.181884765625
20260 3293.001953125
20270 3473.048828125
20280 2722.0498046875
20290 4876.26611328125
20300 3401.490478515625
20310 2371.334228515625
20320 4549.1513671875
20330 1490.357299804688
20340 1723.451293945312
20350 2966.76318359375
20360 5023.03662109375
20370 2036.394775390625
20380 4036.06640625
20390 2688.281982421875
20400 16945.802734375
20410 13589.3525390625
20420 8042.83642578125
20430 4427.91162109375
20440 8463.4287109375
20450 3592.64111328125
20460 5373.26318359375
20470 4142.2919921875
20480 5702.99658203125
20490 4978.26025390625
20500 5040.2490234375
20510 3263.004150390625
20520 3080.24365234375
20530 5434.70068359375
20540 8573.5986328125
20550 4954.951171875
20560 4307.25634765625
20570 3740.47998046875
20580 3414.547119140625
20590 1851.812133789062
20600 2267.826171875
20610 3121.2861328125
20620 1675.102783203125
20630 896.899169921875
20640 1164.715576171875
20650 2289.2041015625
20660 1862.9150390625
20670 1494.9130859375
20680 1659.95458984375
20690 2717.77197265625
20700 2575.386474609375
20710 2185.84033203125
20720 2208.3408203125
20730 2517.03759765625
20740 1642.369750976562
20750 1089.210327148438
20760 1098.602661132812
20770 1261.449340820312
20780 2227.8701171875
20790 3340.757568359375
20800 7881.564453125
20810 13489.3076171875
20820 9974.0419921875
20830 8550.4208984375
20840 7236.1318359375
20850 6046.65380859375
20860 3967.5947265625
20870 5520.21240234375
20880 3198.590576171875
20890 2045.047485351562
20900 1655.364135742188
20910 3103.920654296875
20920 6437.35302734375
20930 2835.547607421875
20940 5970.6259765625
20950 2489.558837890625
20960 1356.07080078125
20970 2080.680419921875
20980 2310.1044921875
20990 2704.414306640625
21000 2124.7802734375
21010 3780.884033203125
21020 4351.96728515625
21030 3927.27685546875
21040 2956.75244140625
21050 1738.14404296875
21060 2009.741821289062
21070 2626.6337890625
21080 2608.9716796875
21090 1481.946533203125
21100 3097.4609375
21110 1528.066162109375
21120 3982.6142578125
21130 3188.534912109375
21140 3710.681884765625
21150 3147.865234375
21160 3703.9853515625
21170 4515.287109375
21180 3244.65185546875
21190 3410.999755859375
21200 6474.05078125
21210 9689.2373046875
21220 8812.984375
21230 14861.0205078125
21240 11906.94921875
21250 10213.8046875
21260 6553.80712890625
21270 3153.34130859375
21280 2645.549560546875
21290 5172.998046875
21300 3447.21337890625
21310 3031.658203125
21320 3725.729736328125
21330 5286.197265625
21340 3170.3505859375
21350 2173.219970703125
21360 7346.923828125
21370 3494.76171875
21380 4521.9375
21390 7362.7587890625
21400 3877.69287109375
21410 1794.757934570312
21420 982.4471435546875
21430 1926.524169921875
21440 2066.518310546875
21450 3721.9462890625
21460 1933.3779296875
21470 1620.914184570312
21480 2147.342529296875
21490 3000.52685546875
21500 2306.068115234375
21510 1310.848754882812
21520 1866.065185546875
21530 761.79638671875
21540 1545.5986328125
21550 3471.05224609375
21560 3041.25
21570 2638.10986328125
21580 2129.0908203125
21590 3630.617919921875
21600 11776.9501953125
21610 15567.185546875
21620 9356.208984375
21630 6473.052734375
21640 8875.9375
21650 7476.11474609375
21660 5775.662109375
21670 8359.5703125
21680 4806.40185546875
21690 2908.557861328125
21700 3097.072509765625
21710 2234.691650390625
21720 1923.0859375
21730 1402.74462890625
21740 1905.265869140625
21750 1507.433349609375
21760 1767.042846679688
21770 1554.044799804688
21780 2509.51904296875
21790 5771.53662109375
21800 4949.51416015625
21810 5149.76611328125
21820 4195.02880859375
21830 1846.5732421875
21840 2850.068603515625
21850 2776.362548828125
21860 4320.82763671875
21870 2117.896728515625
21880 1958.853759765625
21890 2414.58056640625
21900 4133.021484375
21910 3264.20654296875
21920 2173.81787109375
21930 1799.211181640625
21940 2495.361083984375
21950 2384.859130859375
21960 3106.15234375
21970 3683.323974609375
21980 4180.52099609375
21990 4585.5859375
22000 14985.0126953125
22010 11072.9033203125
22020 11863.71875
22030 6509.318359375
22040 7654.36962890625
22050 5996.421875
22060 8844.671875
22070 5159.11376953125
22080 4917.92333984375
22090 4374.5009765625
22100 5109.0009765625
22110 2991.70068359375
22120 2885.295166015625
22130 2264.6083984375
22140 5783.740234375
22150 4584.29345703125
22160 2756.130859375
22170 3493.106201171875
22180 3916.40283203125
22190 2759.079345703125
22200 2577.868896484375
22210 2014.996948242188
22220 2370.716552734375
22230 1441.88232421875
22240 1472.626220703125
22250 1873.681884765625
22260 2118.26220703125
22270 2971.10205078125
22280 2775.53857421875
22290 2266.8037109375
22300 2868.98779296875
22310 2340.241943359375
22320 3597.37158203125
22330 5111.27734375
22340 4051.826171875
22350 2583.364501953125
22360 3148.743896484375
22370 2263.950439453125
22380 5487.7333984375
22390 4352.88671875
22400 5098.10205078125
22410 12300.7041015625
22420 11031.8798828125
22430 8752.314453125
22440 6134.10595703125
22450 3585.591552734375
22460 4363.76123046875
22470 4508.140625
22480 5325.1533203125
22490 3288.016357421875
22500 4752.34716796875
22510 6033.32568359375
22520 3745.0185546875
22530 3039.36376953125
22540 4456.4501953125
22550 2434.489013671875
22560 5418.7470703125
22570 3396.18310546875
22580 2340.532958984375
22590 2240.28466796875
22600 3879.712646484375
14810 6223.10693359375
14820 10116.177734375
14830 12130.3447265625
14840 7902.47265625
14850 7811.56884765625
14860 5997.3359375
14870 4791.62841796875
14880 5475.2490234375
14890 2833.76025390625
14900 5741.16748046875
14910 3552.1591796875
14920 3169.309326171875
14930 3277.6162109375
14940 3869.450439453125
14950 2763.19970703125
14960 1406.25927734375
14970 1558.38427734375
14980 2043.984985351562
14990 1058.49072265625
15000 1919.86572265625
8010 10698.9921875
8020 11772.63671875
8030 8863.1630859375
8040 11643.4970703125
8050 5027.94775390625
8060 4528.1552734375
8070 7463.74658203125
8080 3507.091064453125
8090 5267.10546875
8100 5655.548828125
8110 3204.987548828125
8120 2306.734375
8130 2744.3955078125
8140 2044.336669921875
8150 824.5299072265625
8160 1265.57080078125
8170 2616.028076171875
8180 1956.051025390625
8190 3310.50732421875
8200 3757.77880859375
8210 2301.703857421875
8220 1817.463623046875
8230 3155.76318359375
8240 2477.885498046875
8250 1688.90185546875
8260 1404.973754882812
8270 1903.268432617188
8280 1672.461547851562
8290 1870.3369140625
8300 1444.302856445312
8310 2105.556396484375
8320 2209.08203125
8330 1601.275146484375
8340 2986.89404296875
8350 3359.304931640625
8360 4807.85205078125
8370 3791.545654296875
8380 2970.97314453125
8390 2407.152587890625
8400 20716.498046875
8410 20154.900390625
8420 13674.7314453125
8430 10065.40234375
8440 5807.08251953125
8450 4615.15966796875
8460 9329.017578125
8470 5503.1650390625
8480 6953.54833984375
8490 5986.583984375
8500 3673.28857421875
8510 3251.467041015625
8520 7379.75390625
8530 4478.31103515625
8540 3884.305419921875
8550 1734.5
8560 2249.17724609375
8570 2073.9267578125
8580 3257.552734375
8590 2514.595703125
8600 1719.8603515625
8610 2768.68359375
8620 1650.0517578125
8630 4550.2109375
8640 2198.665283203125
8650 4630.369140625
8660 3212.94140625
8670 2107.02734375
8680 5014.23583984375
8690 2121.41015625
8700 1818.494140625
8710 2155.64404296875
8720 3316.06640625
8730 2576.795166015625
8740 2711.505859375
8750 1807.76220703125
8760 3952.441650390625
8770 2901.470458984375
8780 2802.33447265625
8790 4499.169921875
8800 12450.3017578125
8810 8475.3818359375
8820 11063.078125
8830 6271.22705078125
8840 7092.23876953125
8850 7057.2470703125
8860 6580.384765625
8870 2616.1884765625
8880 3205.212890625
8890 4060.470458984375
8900 2265.900146484375
8910 2504.866455078125
8920 4083.86376953125
8930 4452.91259765625
8940 3437.861328125
8950 6393.85986328125
8960 2412.9990234375
8970 1883.686645507812
8980 2758.520263671875
8990 2289.69482421875
9000 2903.306884765625
9010 3350.203369140625
9020 4748.9150390625
9030 5121.779296875
9040 1581.173828125
9050 3964.29248046875
9060 3359.341796875
9070 2930.406005859375
9080 2973.6640625
9090 3411.046142578125
9100 4454.23046875
9110 3387.28662109375
9120 3825.500732421875
9130 3409.873779296875
9140 2763.1767578125
9150 2646.64111328125
9160 2921.583251953125
9170 2849.8037109375
9180 2386.748779296875
9190 2835.692138671875
9200 6323.4677734375
9210 9652.35546875
9220 11443.6474609375
9230 13608.7568359375
9240 7530.345703125
9250 3319.3037109375
9260 4213.70361328125
9270 6069.42138671875
9280 4653.13720703125
9290 7623.01171875
9300 2942.115966796875
9310 2764.359130859375
9320 4763.203125
9330 4958.62744140625
9340 5047.78857421875
9350 4596.78173828125
9360 8014.18505859375
9370 5794.05615234375
9380 5067.17138671875
9390 1292.35205078125
9400 2369.53564453125
9410 1626.410766601562
9420 1299.664306640625
9430 3756.879150390625
9440 2651.314453125
9450 1420.89013671875
9460 1681.0029296875
9470 3213.99462890625
9480 5259.8251953125
9490 3277.240478515625
9500 3457.5888671875
9510 3030.1552734375
9520 1667.38232421875
9530 1362.289672851562
9540 1672.442504882812
9550 3425.413330078125
9560 1605.129638671875
9570 2401.067138671875
9580 2503.549072265625
9590 3711.447021484375
9600 13943.232421875
9610 12699.314453125
9620 8104.98876953125
9630 12412.69921875
9640 3752.177734375
9650 7158.42333984375
9660 6202.71484375
9670 6059.0625
9680 6082.05908203125
9690 10561.333984375
9700 3230.625
9710 2674.44970703125
9720 1843.792114257812
9730 2144.434814453125
9740 3305.985595703125
9750 4455.14794921875
9760 4896.10595703125
9770 4087.0537109375
9780 1550.173461914062
9790 1975.999633789062
9800 2419.3388671875
9810 2490.619384765625
9820 4024.105224609375
9830 2521.86181640625
9840 1735.803833007812
9850 1843.701171875
9860 2568.51171875
9870 3418.609130859375
9880 3335.989501953125
9890 2932.18017578125
9900 2324.76611328125
9910 2489.093994140625
9920 3440.986328125
9930 2085.76220703125
9940 1302.99365234375
9950 971.71875
9960 1093.7724609375
9970 1563.226684570312
9980 1673.446044921875
9990 3369.98876953125
10000 3180.53271484375
10010 8333.5771484375
10020 10931.037109375
10030 8413.5849609375
10040 9115.314453125
10050 6737.15478515625
10060 3799.225341796875
10070 3584.4296875
10080 3192.7705078125
10090 5599.1708984375
10100 4498.1875
10110 5133.6650390625
10120 3316.88232421875
10130 5235.1796875
10140 1799.85693359375
10150 2034.094360351562
10160 2472.169921875
10170 3008.107177734375
10180 2777.00439453125
10190 3460.359130859375
10200 2349.89013671875
10210 3112.903076171875
10220 2815.01123046875
10230 1598.700073242188
10240 1916.404174804688
10250 1909.833740234375
10260 2269.939697265625
10270 3412.8505859375
10280 3896.869384765625
10290 1630.475463867188
10300 2623.29345703125
10310 4961.81005859375
10320 2197.7412109375
10330 3015.809326171875
10340 2542.136474609375
10350 1290.101196289062
10360 2045.640258789062
10370 3204.109375
10380 2988.51806640625
10390 3700.544921875
10400 4287.74560546875
10410 13593.423828125
10420 6533.60107421875
10430 9141.58203125
10440 7492.48486328125
10450 6834.32763671875
10460 4615.375
10470 6290.62841796875
10480 6830.783203125
10490 5228.38037109375
10500 4351.70654296875
10510 5055.267578125
10520 2193.54931640625
10530 1591.177490234375
10540 3529.856201171875
10550 4873.96044921875
10560 3080.72314453125
10570 2552.718994140625
10580 4169.23046875
10590 4492.27587890625
10600 2693.391845703125
10610 4248.8564453125
10620 3129.33203125
10630 2763.7294921875
10640 1189.770141601562
10650 2242.64306640625
10660 2321.0146484375
10670 1905.611938476562
10680 5427.2607421875
10690 5096.8349609375
10700 3686.302490234375
10710 2700.687744140625
10720 1644.493041992188
10730 1533.212280273438
10740 2833.19775390625
10750 3654.145263671875
10760 2332.857177734375
10770 2451.41064453125
10780 2837.753662109375
10790 3170.00830078125
10800 3952.2119140625
10810 9303.8359375
10820 10990.8232421875
10830 12366.93359375
10840 8471.041015625
10850 5664.4658203125
10860 2105.66650390625
10870 2284.037841796875
10880 2797.835205078125
10890 2417.830810546875
10900 4100.2548828125
10910 4413.345703125
10920 4484.673828125
10930 4348.53564453125
10940 2212.35888671875
10950 3235.0751953125
10960 3012.4658203125
10970 3135.766845703125
10980 1662.738037109375
10990 4554.66064453125
11000 3880.74365234375
11010 3763.441650390625
11020 5006.11767578125
11030 3978.741943359375
11040 3090.955322265625
11050 3359.91162109375
11060 3345.41455078125
11070 2912.3330078125
11080 3132.28857421875
11090 1765.595825195312
11100 2667.197265625
11110 2341.38134765625
11120 3016.75341796875
11130 2509.2099609375
11140 4299.93115234375
11150 1024.91357421875
11160 1233.611572265625
11170 2192.95849609375
11180 1728.757202148438
11190 8074.07958984375
11200 15229.48046875
11210 10194.3876953125
11220 4220.65234375
11230 6588.01611328125
11240 7135.97900390625
11250 5532.080078125
11260 5399.89892578125
11270 5416.0751953125
11280 3194.834716796875
11290 6525.2431640625
11300 5946.09375
11310 6549.6787109375
11320 7590.591796875
11330 3482.015380859375
11340 3014.866455078125
11350 1301.624145507812
11360 3696.423828125
11370 1732.273193359375
11380 1521.681762695312
11390 1900.157836914062
11400 1533.415649414062
11410 766.4244995117188
11420 1386.249389648438
11430 1845.025512695312
11440 2463.501708984375
11450 2685.585693359375
11460 3514.809326171875
11470 2486.890625
11480 1706.735107421875
11490 1984.419921875
11500 1353.10302734375
11510 1225.576171875
11520 1026.625366210938
11530 1458.461059570312
11540 4580.9765625
11550 2216.444580078125
11560 2748.3759765625
11570 2673.079345703125
11580 4304.94384765625
11590 5211.5390625
11600 5616.50439453125
11610 8509.486328125
11620 9315.853515625
11630 4919.19873046875
11640 7904.72412109375
11650 4357.45654296875
11660 4426.5146484375
11670 5181.31201171875
11680 4732.1630859375
11690 4604.12646484375
11700 4573.6982421875
11710 5934.7666015625
11720 2803.13232421875
11730 2095.40185546875
11740 2654.15087890625
11750 8657.8916015625
11760 8836.0673828125
11770 2854.918212890625
11780 2309.76806640625
11790 4090.626953125
11800 5433.37255859375
11810 5666.185546875
11820 4109.33349609375
11830 3820.64892578125
11840 3620.44482421875
11850 3364.9013671875
11860 4072.8095703125
11870 2269.440673828125
11880 1929.65673828125
11890 2679.261962890625
11900 1840.170288085938
11910 2722.301025390625
11920 2586.89892578125
11930 2996.737060546875
11940 1268.25146484375
11950 3025.22998046875
11960 3817.417236328125
11970 4493.900390625
11980 2010.980102539062
11990 2499.4130859375
12000 15383.3232421875
12010 12691.341796875
12020 9592.54296875
12030 10427.025390625
12040 8610.29296875
12050 7943.6826171875
12060 3248.0439453125
12070 3365.911865234375
12080 5611.6416015625
12090 5936.4345703125
12100 4909.09375
12110 5649.34375
12120 2292.794921875
12130 2555.02392578125
12140 2040.035400390625
12150 2029.624145507812
12160 2418.572265625
12170 2470.306640625
12180 3138.05322265625
12190 3576.460693359375
12200 2324.054443359375
12210 2436.775390625
12220 1822.231567382812
12230 3456.620849609375
12240 1958.431884765625
12250 2172.224609375
12260 3518.310302734375
12270 2783.92333984375
12280 7293.79638671875
12290 5548.22509765625
12300 4310.3916015625
12310 4877.61669921875
12320 4352.96923828125
12330 1805.13037109375
12340 1967.440795898438
12350 2199.761962890625
12360 2546.385498046875
12370 2065.157958984375
12380 1896.951904296875
12390 5753.8935546875
12400 17114.033203125
12410 11899.6796875
12420 7900.9609375
12430 8693.1904296875
12440 5281.6025390625
12450 6835.33544921875
12460 7166.46875
12470 6317.5859375
12480 4086.52392578125
12490 3795.951416015625
12500 4438.5068359375
12510 3515.0693359375
12520 3516.21142578125
12530 1740.610473632812
12540 2122.438720703125
12550 1583.765869140625
12560 2437.384033203125
12570 2925.495849609375
12580 3574.20556640625
12590 5854.84033203125
12600 2310.4931640625
12610 2389.450927734375
12620 1653.681518554688
12630 3328.400146484375
12640 2654.7744140625
12650 3255.19775390625
12660 4713.37939453125
12670 3535.8076171875
12680 3310.59033203125
12690 5064.4287109375
12700 1602.542602539062
12710 2708.88720703125
12720 3500.01708984375
12730 2719.433837890625
12740 2518.22314453125
12750 1635.419067382812
12760 4225.9453125
12770 2489.90478515625
12780 2634.35107421875
12790 2122.86083984375
12800 15741.50390625
12810 9265.001953125
12820 9463.8505859375
12830 4385.41748046875
12840 8022.29541015625
12850 6217.14794921875
12860 8016.10595703125
12870 5254.80517578125
12880 6116.43017578125
12890 4866.66162109375
12900 2478.820556640625
12910 2907.16162109375
12920 2154.87353515625
12930 3206.738525390625
12940 2809.201171875
12950 4335.49267578125
12960 1359.82958984375
12970 2125.409912109375
12980 2545.753662109375
12990 4345.31201171875
13000 3010.773681640625
13010 6193.8818359375
13020 4276.205078125
13030 2670.0771484375
13040 2365.646728515625
13050 2326.08544921875
13060 2778.867919921875
13070 2445.646240234375
13080 1545.90869140625
13090 2139.143310546875
13100 2254.681396484375
13110 2127.77099609375
13120 1649.1201171875
13130 3094.870849609375
13140 2508.510986328125
13150 2648.52880859375
13160 4156.2626953125
13170 3063.373291015625
13180 2627.958740234375
13190 3731.996337890625
13200 17679.287109375
13210 18439.115234375
13220 8219.5400390625
13230 10225.6982421875
13240 4655.85986328125
13250 4043.806640625
13260 2558.326416015625
13270 1585.944213867188
13280 2261.214111328125
13290 2568.46826171875
13300 3303.002685546875
13310 5422.7900390625
13320 5531.3203125
13330 4583.1416015625
13340 3962.946044921875
13350 2798.0205078125
13360 3200.433837890625
13370 3523.146240234375
13380 2620.577392578125
13390 3781.44921875
13400 3712.99169921875
13410 2193.9921875
13420 1807.268676757812
13430 2062.908203125
13440 805.8648071289062
13450 1672.190307617188
13460 1473.76806640625
13470 1221.31103515625
13480 3038.65478515625
13490 4930.86083984375
13500 3213.942138671875
13510 3834.1884765625
13520 3036.439453125
13530 4123.82958984375
13540 6270.65380859375
13550 4554.5361328125
13560 2292.683837890625
13570 1419.162475585938
13580 2307.501708984375
13590 3281.818603515625
13600 3653.50439453125
13610 5385.16357421875
13620 7407.7265625
13630 8649.5830078125
13640 10094.9072265625
13650 6950.3359375
13660 4631.220703125
13670 2719.274169921875
13680 4019.534423828125
13690 2710.004150390625
13700 3034.697265625
13710 3532.694091796875
13720 4681.13916015625
13730 3553.308837890625
13740 4079.789794921875
13750 4997.966796875
13760 4162.953125
13770 3427.302978515625
13780 4019.518798828125
13790 5563.724609375
13800 4299.3525390625
13810 2608.380859375
13820 7189.37744140625
13830 3770.824462890625
13840 2488.13818359375
13850 2627.723388671875
13860 2265.717529296875
13870 4314.79736328125
13880 3053.940673828125
13890 2778.727783203125
13900 3073.06396484375
13910 2279.41845703125
13920 2801.225341796875
13930 1812.378295898438
13940 3022.1015625
13950 2587.593017578125
13960 3806.765869140625
13970 1988.603149414062
13980 1746.055908203125
13990 9417.8095703125
14000 8737.271484375
14010 12370.2353515625
14020 12133.5185546875
14030 6949.6728515625
14040 12161.896484375
14050 7712.8515625
14060 6208.83544921875
14070 2423.441162109375
14080 2425.27783203125
14090 4717.1484375
14100 4200.36474609375
14110 4189.0693359375
14120 3187.822998046875
14130 3145.255615234375
14140 3151.6279296875
14150 3452.66064453125
14160 2212.08349609375
14170 3268.076416015625
14180 2626.56396484375
14190 2508.8779296875
14200 1550.070068359375
14210 3900.098388671875
14220 5334.81640625
14230 4523.18310546875
14240 4526.82373046875
14250 3996.548828125
14260 3441.722900390625
14270 3172.406494140625
14280 4571.79296875
14290 4887.87060546875
14300 2754.94921875
14310 2477.4248046875
14320 3095.183837890625
14330 2587.73974609375
14340 2511.323486328125
14350 2417.546142578125
14360 3162.84033203125
14370 1591.254638671875
14380 4180.05517578125
14390 2859.6513671875
14400 5129.14404296875
14410 15458.3369140625
14420 12729.2470703125
14430 9301.62109375
14440 5467.6552734375
14450 10562.7841796875
14460 7208.70703125
14470 3556.8583984375
14480 4662.4892578125
14490 3591.12890625
14500 3700.673828125
14510 2047.036987304688
14520 3655.830078125
14530 3093.846435546875
14540 3030.8046875
14550 2640.3720703125
14560 4095.00244140625
14570 4185.39404296875
14580 3713.4736328125
14590 4390.556640625
14600 3712.903564453125
14610 2310.542724609375
14620 3112.865478515625
14630 2557.424560546875
14640 4569.94921875
14650 4273.48828125
14660 3243.40380859375
14670 3049.480224609375
14680 1387.604370117188
14690 2513.70556640625
14700 2750.895751953125
14710 3473.6923828125
14720 2587.470458984375
14730 2837.0234375
14740 2989.220703125
14750 4670.1904296875
14760 4138.318359375
14770 4747.318359375
14780 1686.287353515625
14790 4400.5185546875
14800 5108.74267578125
14830 12130.345703125
14840 7902.47314453125
14850 7811.568359375
14860 5997.33642578125
14870 4791.64208984375
14880 5475.23828125
14890 2833.75439453125
14900 5741.146484375
14910 3552.150146484375
14920 3169.32763671875
14930 3277.651611328125
14940 3869.510986328125
14950 2763.1875
14960 1406.260009765625
8410 20171.521484375
8420 13680.322265625
8430 10145.208984375
8440 5764.5029296875
8450 4671.396484375
8460 9297.26953125
8470 5490.12158203125
8480 7018.48046875
8490 6027.5830078125
8500 3716.978271484375
8510 3179.115478515625
8520 7352.65234375
8530 4455.11181640625
8540 3935.870849609375
8550 1734.454345703125
8560 2250.64013671875
8570 2078.228515625
8580 3263.608642578125
8590 2514.504150390625
8600 1718.6884765625
0 2012.114501953125
10 1849.497314453125
20 1766.314453125
30 2277.026123046875
40 3493.81396484375
50 1933.655883789062
60 1941.47900390625
70 2414.899169921875
80 1811.230834960938
90 1158.569580078125
100 1038.376098632812
110 1029.884643554688
120 1055.60400390625
130 1098.838134765625
140 1067.035278320312
150 968.3062744140625
160 887.8302612304688
170 808.9138793945312
180 721.9564819335938
190 633.1200561523438
200 554.2516479492188
210 493.4817199707031
220 458.9790344238281
230 457.1375732421875
240 484.7823486328125
250 521.3131713867188
260 553.8967895507812
270 570.262451171875
280 563.9129638671875
290 540.4274291992188
300 514.6317749023438
310 505.6812133789062
320 516.76318359375
330 536.9649658203125
340 564.6781616210938
350 609.3478393554688
360 690.656005859375
370 878.7274169921875
380 1371.623168945312
390 1437.994384765625
400 1064.888549804688
410 2780.897216796875
420 2646.34619140625
430 1128.27880859375
440 1069.859008789062
450 2032.20654296875
460 2960.02685546875
470 6544.18701171875
480 7657.51220703125
490 4354.28076171875
500 11587.955078125
510 12399.1455078125
520 10502.23828125
530 7049.771484375
540 4190.37890625
550 4316.71923828125
560 4696.60595703125
570 5304.669921875
580 2240.439208984375
590 4671.33935546875
600 3377.256103515625
610 3475.418212890625
620 3609.671875
630 3542.437255859375
640 4644.04736328125
650 1488.032958984375
660 870.090576171875
670 1275.6767578125
680 1810.202026367188
690 2146.9091796875
700 3665.9326171875
710 4124.46337890625
720 3332.078857421875
730 1682.944091796875
740 2147.290771484375
750 3944.0380859375
760 5159.1181640625
770 2064.56103515625
780 3803.04248046875
790 3875.042724609375
800 14619.708984375
810 10312.6064453125
820 4918.333984375
830 12759.0478515625
840 8844.341796875
850 15431.53125
860 7874.2763671875
870 4594.02783203125
880 4392.162109375
890 4436.90625
900 4889.67041015625
910 3099.707763671875
920 4798.52099609375
930 4298.837890625
940 3830.087646484375
950 5438.921875
960 3237.98486328125
970 3409.087158203125
980 3953.083740234375
990 2988.655029296875
1000 2058.92578125
1010 2514.834228515625
1020 1793.217529296875
1030 3235.656982421875
1040 3958.55126953125
1050 2103.40283203125
1060 2263.904296875
1070 4273.6044921875
1080 1543.31298828125
1090 2104.725341796875
1100 2706.05126953125
1110 3503.4501953125
1120 2778.2861328125
1130 3851.073486328125
1140 5150.66162109375
1150 2659.083740234375
1160 3083.848876953125
1170 3790.05810546875
1180 2051.24951171875
1190 3212.713134765625
1200 13847.771484375
1210 16419.326171875
1220 6166.02197265625
1230 7937.38818359375
1240 6181.2109375
1250 5543.396484375
1260 1970.590087890625
1270 2147.203857421875
1280 5490.583984375
1290 5819.6337890625
1300 5292.40185546875
1310 5671.66748046875
1320 7009.59814453125
1330 4559.06884765625
1340 6838.19384765625
1350 6812.97216796875
1360 4234.08203125
1370 4005.7822265625
1380 3754.5966796875
1390 2767.201416015625
1400 3898.233154296875
1410 1860.80810546875
1420 2017.994018554688
1430 3720.480712890625
1440 1383.748779296875
1450 1143.0986328125
1460 2517.83154296875
1470 3767.48193359375
1480 2706.564697265625
1490 3223.897216796875
1500 4955.60498046875
1510 2449.490966796875
1520 2675.378173828125
1530 3980.196044921875
1540 4706.24365234375
1550 1974.821411132812
1560 3846.945068359375
1570 3311.801025390625
1580 2845.863037109375
1590 5191.9716796875
1600 7113.73828125
1610 16420.658203125
1620 12669.322265625
1630 10644.3271484375
1640 5640.0068359375
1650 3292.00146484375
1660 3644.505615234375
1670 3538.2666015625
1680 1592.223022460938
1690 2645.745849609375
1700 3996.4013671875
1710 7150.75537109375
1720 6300.951171875
1730 1873.252563476562
1740 4500.1435546875
1750 2801.85400390625
1760 2453.3505859375
1770 3538.142822265625
1780 5376.41357421875
1790 4607.0634765625
1800 2282.373046875
1810 1755.99755859375
1820 1747.082397460938
1830 1258.236328125
1840 1650.484130859375
1850 2757.81005859375
1860 2201.628173828125
1870 5256.326171875
1880 2690.26513671875
1890 2394.624755859375
1900 2073.814453125
1910 3652.933349609375
1920 2216.77197265625
1930 4261.80078125
1940 3132.58154296875
1950 1683.547241210938
1960 981.248291015625
1970 2626.2958984375
1980 3110.976318359375
1990 5130.37548828125
2000 7597.65771484375
2010 14357.46875
2020 11295.7451171875
2030 9129.7607421875
2040 6555.876953125
2050 6907.59375
2060 11392.5107421875
2070 8533.8525390625
2080 5685.265625
2090 3443.9833984375
2100 2918.7685546875
2110 2855.6904296875
2120 3376.392822265625
2130 3857.313720703125
2140 2723.040283203125
2150 1896.93115234375
2160 4227.673828125
2170 2525.000244140625
2180 2954.815673828125
2190 2747.0458984375
2200 4195.6650390625
2210 2533.9130859375
2220 3053.390869140625
2230 1817.352416992188
2240 1028.505126953125
2250 1251.55224609375
2260 1934.691772460938
2270 3341.1767578125
2280 3730.8095703125
2290 2309.868408203125
2300 1195.683471679688
2310 1760.83203125
2320 1067.075561523438
2330 1069.020385742188
2340 3061.946044921875
2350 3131.7783203125
2360 3021.041015625
2370 3727.8056640625
2380 2429.963134765625
2390 6468.85791015625
2400 20713.03515625
2410 9167.7412109375
2420 10099.611328125
2430 8942.9912109375
2440 9090.0966796875
2450 5300.10302734375
2460 2924.538330078125
2470 6523.48779296875
2480 7433.7763671875
2490 5775.4345703125
2500 5342.37060546875
2510 2929.709228515625
2520 1975.5390625
2530 2676.5830078125
2540 2086.078857421875
2550 2604.4130859375
2560 1865.570556640625
2570 1245.12158203125
2580 2624.768310546875
2590 1311.441040039062
2600 3614.15478515625
2610 2551.96435546875
2620 2874.03857421875
2630 4252.43017578125
2640 2266.661376953125
2650 2665.70263671875
2660 2378.126708984375
2670 3142.07763671875
2680 3733.9736328125
2690 2871.696044921875
2700 1799.60302734375
2710 4243.7958984375
2720 4133.41064453125
2730 1887.313354492188
2740 3424.518798828125
2750 5718.62939453125
2760 3960.458740234375
2770 2988.2080078125
2780 2626.236328125
2790 3850.082763671875
2800 7009.5009765625
2810 11119.8271484375
2820 7356.8232421875
2830 15193.427734375
2840 11669.244140625
2850 6412.9091796875
2860 5613.92138671875
2870 4856.65283203125
2880 5366.06494140625
2890 5991.23193359375
2900 4325.1728515625
2910 3653.73974609375
2920 6649.8798828125
2930 2919.378662109375
2940 2826.971435546875
2950 1845.292236328125
2960 1945.2509765625
2970 3143.19775390625
2980 4526.66845703125
2990 2625.98876953125
3000 2028.657958984375
3010 6556.43701171875
3020 4030.004150390625
3030 2003.061889648438
3040 1698.740966796875
3050 1472.31884765625
3060 2497.291748046875
3070 4525.08642578125
3080 4389.611328125
3090 2902.12060546875
3100 2342.10693359375
3110 2097.384521484375
3120 1932.323364257812
3130 1574.93212890625
3140 1699.436279296875
3150 2368.11376953125
3160 3106.715087890625
3170 3303.21630859375
3180 2401.42333984375
3190 5726.31396484375
3200 10468.5029296875
3210 12845.810546875
3220 14014.830078125
3230 5190.5234375
3240 4064.87451171875
3250 3830.2431640625
3260 5016.4921875
3270 2725.069580078125
3280 6429.1640625
3290 3419.830810546875
3300 1952.912109375
3310 994.3761596679688
3320 985.3803100585938
3330 1546.675537109375
3340 2078.83740234375
3350 2218.732666015625
3360 2900.81787109375
3370 1542.566162109375
3380 2932.31982421875
3390 3853.517822265625
3400 5152.248046875
3410 4548.4765625
3420 3439.802978515625
3430 2655.177734375
3440 5161.47265625
3450 2971.215576171875
3460 3051.584716796875
3470 4988.92431640625
3480 3924.257080078125
3490 2108.205078125
3500 6010.18994140625
3510 3352.458740234375
3520 4125.42529296875
3530 3346.818603515625
3540 4091.86376953125
3550 3153.194091796875
3560 5147.71826171875
3570 6039.80810546875
3580 2394.041748046875
3590 3100.5439453125
3600 4290.638671875
3610 13998.2626953125
3620 12606.09765625
3630 11482.08203125
3640 6859.99755859375
3650 5653.994140625
3660 8334.48828125
3670 5111.0263671875
3680 6917.1279296875
3690 4209.71826171875
3700 2840.22802734375
3710 5081.8056640625
3720 3980.723388671875
3730 3618.3408203125
3740 2037.30712890625
3750 2133.42431640625
3760 2715.743408203125
3770 1716.020751953125
3780 2409.8837890625
3790 1609.285888671875
3800 2037.907592773438
3810 3352.446044921875
3820 3970.8076171875
3830 3271.35107421875
3840 4503.767578125
3850 3515.3427734375
3860 4310.7041015625
3870 3201.851806640625
3880 3523.4130859375
3890 2704.9521484375
3900 2593.92236328125
3910 1493.468505859375
3920 1801.007202148438
3930 2819.8984375
3940 2155.463134765625
3950 1701.582275390625
3960 3322.180908203125
3970 5927.97021484375
3980 3571.22314453125
3990 4868.72412109375
4000 7230.53076171875
4010 13018.37890625
4020 14718.5595703125
4030 5778.74658203125
4040 5375.69970703125
4050 3481.0703125
4060 5981.3740234375
4070 2973.2197265625
4080 4467.39404296875
4090 5960.6298828125
4100 4723.55517578125
4110 4992.71240234375
4120 5263.33154296875
4130 4387.701171875
4140 2697.671142578125
4150 3169.28369140625
4160 5287.53466796875
4170 2364.268310546875
4180 4237.78173828125
4190 7084.80517578125
4200 3076.699462890625
4210 3617.16015625
4220 2950.166748046875
4230 3450.443359375
4240 3192.318359375
4250 2450.990234375
4260 2520.234130859375
4270 3190.014404296875
4280 2248.9755859375
4290 6354.08740234375
4300 2574.0283203125
4310 5098.669921875
4320 3143.970703125
4330 2415.185302734375
4340 3363.17724609375
4350 1277.922729492188
4360 2254.11181640625
4370 2973.699462890625
4380 2600.9736328125
4390 4225.52978515625
4400 5477.6630859375
4410 9140.5087890625
4420 7376.41943359375
4430 5602.0556640625
4440 5781.45263671875
4450 8274.7275390625
4460 4729.09033203125
4470 4876.1875
4480 8561.8173828125
4490 5350.49755859375
4500 5076.19482421875
4510 10257.212890625
4520 3302.54833984375
4530 2109.82861328125
4540 2224.57177734375
4550 2729.970947265625
4560 2908.12890625
4570 3282.638916015625
4580 3415.892333984375
4590 3879.236328125
4600 2626.160400390625
4610 2623.469482421875
4620 3951.867431640625
4630 2763.1171875
4640 1156.02880859375
4650 1912.825073242188
4660 2895.1240234375
4670 3935.80810546875
4680 2643.653564453125
4690 5171.9892578125
4700 4203.822265625
4710 6723.16650390625
4720 3396.2880859375
4730 2803.772705078125
4740 3331.1435546875
4750 2466.026611328125
4760 1320.683837890625
4770 1843.879638671875
4780 1279.421875
4790 2893.297607421875
4800 5949.44091796875
4810 9871.619140625
4820 9084.0888671875
4830 6377.49365234375
4840 6452.94873046875
4850 5787.26708984375
4860 4027.93359375
4870 9155.2724609375
4880 6778.62841796875
4890 4308.8994140625
4900 3287.146240234375
4910 2591.8623046875
4920 4025.093505859375
4930 4053.637939453125
4940 1977.728149414062
4950 1476.892944335938
4960 2323.485595703125
4970 3338.748046875
4980 5203.31591796875
4990 2406.399658203125
5000 2077.228515625
5010 4125.03173828125
5020 4765.24169921875
5030 5078.46484375
5040 4243.43994140625
5050 2535.104248046875
5060 4254.11083984375
5070 5465.37646484375
5080 3121.005615234375
5090 1795.009765625
5100 3411.7646484375
5110 2996.509521484375
5120 2693.192138671875
5130 2704.42041015625
5140 2373.597900390625
5150 2832.02783203125
5160 3050.835205078125
5170 1798.890991210938
5180 2478.640869140625
5190 3535.3447265625
5200 10407.2744140625
5210 12392.8271484375
5220 12295.716796875
5230 6232.56396484375
5240 6089.6796875
5250 7131.82421875
5260 3779.4677734375
5270 2768.649169921875
5280 4501.46337890625
5290 7511.998046875
5300 3944.1513671875
5310 7612.41015625
5320 4056.259765625
5330 4237.5224609375
5340 6761.828125
5350 7227.35498046875
5360 3564.755126953125
5370 2465.47021484375
5380 5746.6552734375
5390 3564.57080078125
5400 3380.156982421875
5410 5174.7431640625
5420 4513.728515625
5430 2143.79833984375
5440 3917.27734375
5450 2265.913818359375
5460 3404.4775390625
5470 1866.494873046875
5480 2507.80029296875
5490 1546.564208984375
5500 1806.29052734375
5510 4017.93017578125
5520 3760.275146484375
5530 3360.0224609375
5540 2304.091796875
5550 3271.27099609375
5560 3887.631591796875
5570 2107.8974609375
5580 1694.794311523438
5590 4017.6533203125
5600 15255.8701171875
5610 17108.919921875
5620 11569.1416015625
5630 17276.728515625
5640 10387.212890625
5650 11191.833984375
5660 5573.662109375
5670 5425.662109375
5680 6366.78466796875
5690 3691.66943359375
5700 6915.8388671875
5710 5296.51025390625
5720 5399.15869140625
5730 2981.31689453125
5740 5263.08447265625
5750 7276.08203125
5760 5611.75732421875
5770 2832.693115234375
5780 3512.96240234375
5790 1993.380615234375
5800 4429.1845703125
5810 3344.99267578125
5820 2615.80078125
5830 2704.1806640625
5840 2748.71435546875
5850 1160.558715820312
5860 2484.372314453125
5870 5671.78076171875
5880 2746.875732421875
5890 4879.89794921875
5900 3403.259765625
5910 1763.290405273438
5920 5040.83056640625
5930 2167.52783203125
5940 2924.008544921875
5950 3457.00341796875
5960 2155.975830078125
5970 1448.820556640625
5980 3745.026123046875
5990 5678.02880859375
6000 18577.03515625
6010 9533.2158203125
6020 7877.3759765625
6030 5044.62939453125
6040 6579.1025390625
6050 7499.7421875
6060 3528.56298828125
6070 4709.57763671875
6080 7840.21240234375
6090 3450.03857421875
6100 1799.973876953125
6110 1952.33984375
6120 2686.60546875
6130 3500.1240234375
6140 6760.28125
6150 4247.3212890625
6160 3171.03564453125
6170 3729.55029296875
6180 4483.4248046875
6190 2930.85400390625
6200 2090.13330078125
6210 2485.96240234375
6220 2546.474853515625
6230 4867.24072265625
6240 2007.65625
6250 2377.349365234375
6260 4357.80810546875
6270 2926.964111328125
6280 3423.513916015625
6290 3532.150634765625
6300 5367.91455078125
6310 3141.564208984375
6320 3816.185791015625
6330 1616.947509765625
6340 3743.638671875
6350 4888.54638671875
6360 1780.168212890625
6370 1196.869018554688
6380 2041.859008789062
6390 3214.124755859375
6400 4685.54248046875
6410 11254.4462890625
6420 5591.09814453125
6430 10647.908203125
6440 9525.498046875
6450 5251.35302734375
6460 8496.2470703125
6470 4907.4521484375
6480 2570.234619140625
6490 4642.2958984375
6500 2222.01806640625
6510 7035.5966796875
6520 4718.6591796875
6530 4938.05615234375
6540 5796.8896484375
6550 6205.01318359375
6560 5167.794921875
6570 4251.1806640625
6580 3734.805908203125
6590 5432.63671875
6600 4549.5537109375
6610 2704.387451171875
6620 2011.460815429688
6630 4840.86767578125
6640 3404.286865234375
6650 3667.47119140625
6660 1781.65380859375
6670 2426.385009765625
6680 1639.94677734375
6690 1701.887573242188
6700 1074.8466796875
6710 1379.039794921875
6720 1797.642333984375
6730 2217.49072265625
6740 1385.927978515625
6750 2992.713134765625
6760 3633.548828125
6770 2866.8447265625
6780 1883.319091796875
6790 4220.2431640625
6800 5343.7568359375
6810 11128.3603515625
6820 11537.28515625
6830 8183.71240234375
6840 6829.96435546875
6850 8327.1474609375
6860 8781.4619140625
6870 3637.679443359375
6880 3578.45751953125
6890 8465.2880859375
6900 7021.8154296875
6910 4256.9296875
6920 3550.349853515625
6930 2825.583984375
6940 2278.364501953125
6950 2449.981689453125
6960 3472.337646484375
6970 3785.9140625
6980 3436.876953125
6990 3320.684814453125
7000 3727.897216796875
7010 2642.195556640625
7020 4055.039794921875
7030 1625.475952148438
7040 2607.072509765625
7050 1700.716430664062
7060 2662.251220703125
7070 2905.236328125
7080 1895.809814453125
7090 1458.6279296875
7100 1527.531982421875
7110 3454.264892578125
7120 3079.547119140625
7130 2915.763916015625
7140 2332.090087890625
7150 2636.05322265625
7160 1625.668701171875
7170 2790.278564453125
7180 4451.927734375
7190 7057.67919921875
7200 19165.150390625
7210 8232.5087890625
7220 11955.3359375
7230 5358.4443359375
7240 6203.486328125
7250 13209.47265625
7260 5162.9521484375
7270 2864.2646484375
7280 6060.341796875
7290 5779.19921875
7300 5461.32470703125
7310 2425.243896484375
7320 1991.523315429688
7330 2145.490966796875
7340 3043.852783203125
7350 2072.300537109375
7360 6414.8671875
7370 8960.4208984375
7380 6589.16552734375
7390 3214.485107421875
7400 1972.13427734375
7410 1617.219116210938
7420 1353.843139648438
7430 1671.552124023438
7440 1345.806762695312
7450 1320.687622070312
7460 3317.06640625
7470 3825.27392578125
7480 3598.32568359375
7490 2365.1201171875
7500 2706.330810546875
7510 3510.9814453125
7520 3591.06591796875
7530 3268.05615234375
7540 3464.8603515625
7550 3748.626953125
7560 3654.826416015625
7570 4579.4951171875
7580 4699.90478515625
7590 4962.7451171875
7600 9994.294921875
7610 10852.3955078125
7620 8117.47216796875
7630 4800.56396484375
7640 3917.14892578125
7650 5681.71923828125
7660 5716.61083984375
7670 6879.2890625
7680 7919.45849609375
7690 4418.19873046875
7700 2367.92626953125
7710 2183.5322265625
7720 5884.466796875
7730 3110.4013671875
7740 3351.12158203125
7750 2055.36376953125
7760 1224.2685546875
7770 1661.685668945312
7780 1623.945556640625
7790 1974.990844726562
7800 3066.120849609375
7810 2896.545166015625
7820 2770.34619140625
7830 1671.341918945312
7840 2254.13427734375
7850 2016.337036132812
7860 1293.735717773438
7870 889.5338134765625
7880 3165.080322265625
7890 1855.538696289062
7900 3639.447021484375
7910 2391.54345703125
7920 1573.549560546875
7930 1778.621948242188
7940 2952.969482421875
7950 4687.576171875
7960 1986.827270507812
7970 3857.478271484375
7980 5841.22314453125
7990 5253.19091796875
8000 9730.310546875
8010 10699.0029296875
8020 11772.5361328125
8030 8863.150390625
8040 11643.6826171875
8050 5027.7900390625
8060 4528.2626953125
8070 7464.5537109375
8080 3507.54345703125
8090 5267.66162109375
8100 5656.33642578125
8110 3204.422607421875
8120 2306.560791015625
8130 2744.475341796875
8140 2044.224731445312
8150 824.4677734375
8160 1265.5673828125
8170 2616.061279296875
8180 1956.064086914062
8190 3310.68017578125
8200 3757.792724609375
8210 2301.7919921875
8220 1817.48046875
8230 3155.792724609375
8240 2477.916748046875
8250 1688.95654296875
8260 1404.9736328125
8270 1903.264282226562
8280 1672.371459960938
8290 1870.313110351562
8300 1444.296752929688
8310 2105.529052734375
8320 2209.245849609375
8330 1601.416259765625
8340 2987.13427734375
8350 3359.379150390625
8360 4809.01025390625
8370 3790.834716796875
8380 2970.998779296875
8390 2410.09814453125
8400 20750.228515625
