"p-in"
"Time Step" "p-in"
("Time Step" "p-in")
0 -24222.01252104514
10 -26702.41559560613
20 -26501.68037404861
30 -26067.72229571912
40 -25372.59517639007
50 -24308.89493570068
60 -23152.13162535804
70 -22126.28622179453
80 -21695.8035140302
90 -21891.41459950576
100 -22383.36548840013
110 -22870.19884912096
120 -23513.2987398529
130 -24296.66952858306
140 -24663.53365733744
150 -24699.08568717441
160 -24880.77268138683
170 -25357.75016846295
180 -25214.32724969103
190 -24657.23960764738
200 -24472.45540861855
210 -24551.15004455942
220 -25025.93963813263
230 -25873.68340043034
240 -26321.7173475754
250 -26531.81783199987
260 -25939.60258937649
270 -25151.05016884666
280 -24643.33506983194
290 -24662.7342711986
300 -23736.9692284661
310 -22876.16142620547
320 -22589.57697200058
330 -23153.97628401579
340 -23671.0430474959
350 -23891.98435259096
360 -23980.83802348565
370 -24471.48659089624
380 -24314.24374676691
390 -24511.03865019888
400 -25175.60052720813
410 -26627.32064963608
420 -27392.91851496637
430 -26882.54320623025
440 -25564.56810665925
450 -24452.29189339102
460 -24519.83170335693
470 -24234.05583477343
480 -23960.80477077655
490 -23670.95048086924
500 -23421.03100944414
510 -23346.67757405041
520 -23849.85483942591
530 -23470.95086124455
540 -23144.824285913
550 -23053.36847400748
560 -23323.19624884514
570 -24158.4414526166
580 -25258.57887789626
590 -26108.41162693057
600 -26212.07810511152
610 -26279.81228651047
620 -26331.49593919798
630 -26811.61906354121
640 -27365.94550392023
650 -27362.684577016
660 -27123.18381935193
670 -27011.10382571663
680 -26989.354162751
690 -26632.71260389067
700 -26318.89240416481
710 -26060.1467819005
720 -26050.78540750781
730 -26127.13067949356
740 -25926.32352344375
750 -25792.08775850306
760 -25716.01312943685
770 -25238.20618972242
780 -24723.8950018714
790 -23995.90034677836
800 -24112.79075368813
810 -24589.59129900061
820 -25067.83845023871
830 -25296.82200789116
840 -25808.85013809938
850 -25761.26801009194
860 -26251.09184732907
870 -25572.41856011405
880 -25754.05950284786
890 -26558.00918773915
900 -27730.88924615175
910 -27860.24064803364
920 -27274.17979015629
930 -26951.66508665302
940 -26526.23546792273
950 -25499.93503811936
960 -24745.67897410451
970 -24758.47739168277
980 -24412.73822806908
990 -24078.74096139823
1000 -24335.28094973819
1010 -24736.21922147239
1020 -24267.48036938075
1030 -23917.37156608655
1040 -23624.8460806723
1050 -24322.40529652432
1060 -25321.72808979957
1070 -26535.09550146208
1080 -27733.30485867326
1090 -28740.6368647051
1100 -28573.79972711597
1110 -28314.45599106248
1120 -28159.800711332
1130 -28418.60102433958
1140 -27938.97443665627
1150 -27596.97486878649
1160 -27226.65486671756
1170 -26866.84456990805
1180 -26956.19438861092
1190 -26218.14054165921
1200 -25907.52209743137
1210 -26073.61993847936
1220 -25151.54865898455
1230 -24721.13586253245
1240 -24407.31651612186
1250 -24344.47595739526
1260 -23531.38342846521
1270 -22967.49393341738
1280 -23164.06923740714
1290 -23936.09682915706
1300 -24476.70306533335
1310 -24784.42851397719
1320 -24703.91453591012
1330 -24639.73962401448
1340 -24655.00115785769
1350 -25246.87463333659
1360 -26174.70304660275
1370 -26881.12708867
1380 -27162.23888632458
1390 -26475.20894946011
1400 -26391.89502961317
1410 -26625.32716178724
1420 -26054.15078572883
1430 -25228.96956112996
1440 -24642.86542610752
1450 -24342.53883170497
1460 -24116.77741123383
1470 -24486.75752486716
1480 -24089.18457349387
1490 -23675.34840884614
1500 -23322.96943045255
1510 -22692.17035975015
1520 -22452.92580622224
1530 -23027.20095090503
1540 -23988.41507621358
1550 -24519.03333802728
1560 -24926.3546084768
1570 -25596.96216100119
1580 -26228.46941965994
1590 -27301.63954466697
1600 -27211.05708536997
1610 -26869.46277815594
1620 -27396.29368842231
1630 -26976.00258771509
1640 -27101.94576240177
1650 -27244.60551503469
1660 -27480.312000919
1670 -27090.38931513801
1680 -26894.75569127664
1690 -27625.37919601513
1700 -27979.76079053043
1710 -27874.16428843905
1720 -26850.04042880194
1730 -25438.14848202238
1740 -24342.24607705409
1750 -23473.05919885711
1760 -23247.4004705142
1770 -23925.12866962775
1780 -24299.07438773443
1790 -24700.93170390713
1800 -24960.84652341399
1810 -24028.93543375268
1820 -23307.40325426099
1830 -23611.84853268546
1840 -24273.10527340479
1850 -24921.84929849038
1860 -25951.91426074
1870 -26932.42871736466
1880 -26916.90050172799
1890 -27059.02729573715
1900 -26854.57712749267
1910 -26284.87498187434
1920 -25341.93376876638
1930 -25012.26070243516
1940 -25460.17963437779
1950 -25883.33686967538
1960 -25450.47163623367
1970 -24796.43510710011
1980 -23705.27361324813
1990 -23067.65162609346
2000 -23505.458981214
2010 -24151.28804928007
2020 -25008.41338864292
2030 -25352.51385972398
2040 -26075.72441913201
2050 -26651.6812632251
2060 -26882.75283434703
2070 -27109.25500635529
2080 -27280.04132500977
2090 -27136.63149094822
2100 -26877.44358389399
2110 -26664.70794747102
2120 -26965.56901241689
2130 -27417.28774909793
2140 -27731.61086991853
2150 -28197.09667480211
2160 -28041.2118972501
2170 -28094.09895267094
2180 -27735.01229675566
2190 -26934.14935376155
2200 -25790.41221358412
2210 -24691.3372058794
2220 -23869.67908188768
2230 -23563.22822434039
2240 -23759.74849435147
2250 -24078.63725921297
2260 -24509.92758268932
2270 -25064.21168834095
2280 -25772.5082234282
2290 -27007.60655071449
2300 -27036.86127231314
2310 -26289.50326268303
2320 -26477.93362499112
2330 -26450.00684008463
2340 -25770.86181628448
2350 -25412.70048883557
2360 -25481.95057102338
2370 -25356.20233538071
2380 -25882.49630196828
2390 -26730.44319419374
2400 -26961.54465641089
2410 -26924.50504246383
2420 -26867.18311051553
2430 -26441.52534450704
2440 -26074.15807869873
2450 -25275.36146802997
2460 -24591.62507684853
2470 -24030.94371247318
2480 -23895.32175769657
2490 -24671.01709081785
2500 -25343.10440550196
2510 -26138.48727008049
2520 -26496.47300939018
2530 -26544.98295516463
2540 -26664.08652929711
2550 -26396.46633469822
2560 -26114.73164979179
2570 -25863.55626562415
2580 -25912.72857636744
2590 -25686.70671876581
2600 -25129.96235678245
2610 -25444.64614110724
2620 -26813.55476512095
2630 -27191.21051572415
2640 -27634.65961163707
2650 -27370.99379067211
2660 -26267.39659237288
2670 -25095.71463189347
2680 -25000.13794626251
2690 -24584.78827102696
2700 -24900.05345920426
2710 -24305.39904853312
2720 -24254.09582098496
2730 -24411.20036721733
2740 -24420.7183442892
2750 -24289.89848302248
2760 -25118.17507838854
2770 -26340.78042415868
2780 -26983.42533738483
2790 -27104.14395066188
2800 -27302.95774107267
2810 -27317.21487380791
2820 -27931.2222146018
2830 -28433.86981796568
2840 -28790.49130582978
2850 -28635.85874919668
2860 -28134.19475389802
2870 -27683.66931799163
2880 -26877.35273933863
2890 -26300.92090686511
2900 -26371.08088437319
2910 -26863.99240546942
2920 -26432.82153286224
2930 -25818.84674019864
2940 -25380.13948080788
2950 -25022.56595701677
2960 -24641.13646401537
2970 -24511.50465051057
2980 -24592.59217419012
2990 -24704.57940290565
3000 -24865.31874000338
3010 -25608.96645406144
3020 -26570.96810416116
3030 -27413.00213384625
3040 -27331.27981346848
3050 -27311.97019809986
3060 -27529.75112312226
3070 -27383.38566982738
3080 -26898.19019098246
3090 -26635.14703905995
3100 -27064.33146256153
3110 -27200.86169148169
3120 -26890.55074327583
3130 -26694.51411706372
3140 -26991.0067501966
3150 -27277.65382479442
3160 -26794.5966949871
3170 -25668.95454741277
3180 -24721.13659249099
3190 -24183.52277623596
3200 -23970.6290764579
3210 -24320.01473142478
3220 -24895.54590179732
3230 -25249.49400794352
3240 -25204.01327979071
3250 -25567.98340321431
3260 -26990.82779070628
3270 -27422.29805849722
3280 -26443.45412762234
3290 -26292.40600333109
3300 -26421.33078367861
3310 -26444.10937487781
3320 -26005.22120888615
3330 -25850.09963956658
3340 -26266.95756872709
3350 -26280.95611149495
3360 -26178.35185474596
3370 -26620.5033977345
3380 -26616.30875876057
3390 -25895.3064220891
3400 -26062.01339776746
3410 -26822.86120171131
3420 -27291.71572433769
3430 -26427.69814825067
3440 -25875.89195158522
3450 -25994.91722554063
3460 -25899.35918775897
3470 -26072.44262466776
3480 -26051.126869893
3490 -26379.251402601
3500 -26656.56025909464
3510 -27648.25170103482
3520 -28187.86196584367
3530 -28428.24008902779
3540 -27599.66318603055
3550 -27506.83554247837
3560 -27155.52341858928
3570 -27001.84902133933
3580 -26821.46197633414
3590 -26736.24399056133
3600 -26817.48266935053
3610 -26508.41060441668
3620 -25662.90684361601
3630 -25110.04937446953
3640 -24530.08757640981
3650 -24091.94920697147
3660 -23612.4694630508
3670 -23328.02409093659
3680 -23867.09254736561
3690 -24642.64798131264
3700 -25143.69381827713
3710 -25712.22451253582
3720 -26266.27552839695
3730 -26716.61592402229
3740 -27198.88938926444
3750 -26961.18045485957
3760 -26159.84043537675
3770 -26047.57539854076
3780 -26350.97231424934
3790 -26906.06620699497
3800 -27099.10556584615
3810 -27809.42461055692
3820 -27264.17554166459
3830 -26763.01336420271
3840 -26318.79516040756
3850 -26317.58331747466
3860 -26485.48411068549
3870 -26671.65217225121
3880 -26246.91330512885
3890 -25546.21829686928
3900 -25171.99076900085
3910 -24368.12919506724
3920 -23732.97811420686
3930 -24019.44602033198
3940 -24586.10946188209
3950 -25368.21127404118
3960 -25964.66198155726
3970 -26399.78160807101
3980 -26400.81461080517
3990 -26441.3498779675
4000 -26509.25189042122
4010 -26644.90928064776
4020 -27249.29459376941
4030 -27776.93105645591
4040 -27939.25204174592
4050 -27705.935765748
4060 -27628.70570774113
4070 -27461.71053006434
4080 -27236.42194410771
4090 -27020.71726318138
4100 -26667.13071361729
4110 -25992.54976553105
4120 -25474.47612100756
4130 -25337.89110360236
4140 -24956.76909069013
4150 -24349.12618649079
4160 -24285.35395946227
4170 -25123.93006979796
4180 -25837.1708727469
4190 -26112.96530756511
4200 -26746.7433691486
4210 -27454.1487378588
4220 -27561.61872281209
4230 -27323.20404954013
4240 -28270.17496312049
4250 -28772.66945423067
4260 -28381.98639159458
4270 -27487.52840495895
4280 -26922.41014634511
4290 -25940.40540022261
4300 -25533.58831569381
4310 -25641.46884070067
4320 -26213.1997373516
4330 -26491.03995360671
4340 -26239.71483997363
4350 -25796.4670047101
4360 -25771.6665460574
4370 -25056.17260953949
4380 -24391.08101515729
4390 -23784.78389050665
4400 -24240.62375751024
4410 -25460.1495002835
4420 -26529.79876617332
4430 -27384.11522943947
4440 -28904.13241062655
4450 -28925.02515275353
4460 -29042.74375930282
4470 -28223.78318715173
4480 -27838.65862221745
4490 -28141.19550536636
4500 -28515.30298401318
4510 -27824.70374259455
4520 -27095.46625980768
4530 -26971.39907573551
4540 -26781.54501872205
4550 -26046.1039866702
4560 -26066.02113133349
4570 -26295.04634777261
4580 -26618.32768538204
4590 -26732.63876158908
4600 -26593.37226020789
4610 -26387.47163411203
4620 -25589.2815192599
4630 -24953.71851862504
4640 -24624.57432161649
4650 -24874.17067188532
4660 -25246.41415994839
4670 -25463.24434068757
4680 -25819.66251256044
4690 -26265.72286301016
4700 -26432.433945047
4710 -27228.31339103226
4720 -28164.97060664974
4730 -28091.84724315248
4740 -27393.44124879938
4750 -27474.44517756624
4760 -26581.77944084531
4770 -25800.94109125112
4780 -25158.0905410115
4790 -24965.12690783009
4800 -24837.83936359834
