"Time Step" "p-out"
3250 441.5476760759793
3260 441.5228361255237
3270 441.5263178164961
3280 441.5442628984997
3290 441.4891776248236
3300 441.4866994520834
3310 441.4863922771357
3320 441.4795330380293
3330 441.4854461478713
3340 441.4906413153071
3350 441.4790917904531
3360 441.490423446858
3370 441.4960406092723
3380 441.4840483883619
3390 441.4867032499872
3400 441.4801608683748
3410 441.5059390262103
3420 441.5134890050562
3430 441.5180708355583
3440 441.5202336679698
3450 441.5603702319031
3460 441.569639690059
3470 441.5779667986968
3480 441.5801600632662
3490 441.5978958763554
3500 441.6049680757524
3510 441.6067997009221
3520 441.6258027106728
3530 441.6455904854448
3540 441.6817243538422
3550 441.6808529547004
3560 441.6832312982646
3570 441.7060994767063
3580 441.7376142892974
3590 441.7707541509149
3600 441.7871522114458
730 442.3820018975785
740 442.3662599261194
750 442.3599731091319
760 442.3268028791309
770 442.2681932189478
780 442.2594950732603
790 442.2270071794153
800 442.197869161651
810 442.1717987378545
820 442.1580209034571
830 442.1141049845421
840 442.1110382928682
850 442.0977989883115
860 442.0598405015855
870 442.0129156995704
880 441.9845485751973
890 441.9838303337752
900 441.9450818977837
910 441.9392825506681
920 441.9207458502711
930 441.9026590008652
940 441.9022696838113
950 441.8817623383783
960 441.8539233118308
970 441.8146999227655
980 441.7980171955452
990 441.802924289471
1000 441.7692200280633
1010 441.7863850239462
1020 441.7708816437146
1030 441.7686944171582
1040 441.7471696785047
1050 441.742800400942
1060 441.7285833608374
1070 441.721074449738
1080 441.713022946582
1090 441.7019167321268
1100 441.7079182939542
1110 441.7183739076596
1120 441.7133142173671
1130 441.655247781504
1140 441.6796468554792
1150 441.6610365014899
1160 441.6474689437351
1170 441.6608270729745
1180 441.6384125934075
1190 441.6243156461391
1200 441.6373519921184
1210 441.6343338348926
1220 441.626735514014
1230 441.6202839260656
1240 441.6082024823971
1250 441.5945075631661
1260 441.5916092515523
1270 441.5933014719006
1280 441.5651710352222
1290 441.5852974295765
1300 441.5956635947114
1310 441.581315962587
1320 441.5601598122965
1330 441.5703881120916
1340 441.5547186345315
1350 441.5394842269607
1360 441.5357872261238
1370 441.5456936409313
1380 441.5860760988672
1390 441.5594378591723
1400 441.5491582278016
1410 441.5346698494993
1420 441.5579287788275
1430 441.5411198946171
1440 441.5661709205717
1450 441.5442351129638
1460 441.5469269381434
1470 441.5847123258307
1480 441.5879701074464
1490 441.5895017324627
1500 441.5985050691729
1510 441.6193701628305
1520 441.6102813476589
1530 441.6269746317184
1540 441.6466124285253
1550 441.621287693625
1560 441.6710090187805
1570 441.6892005331608
1580 441.6912310034536
1590 441.7027442324165
1600 441.7145890005369
1610 441.754335778061
1620 441.7653245846235
1630 441.7992536338431
1640 441.7919416598191
1650 441.8446602352562
1660 441.8704184791384
1670 441.8832471996488
1680 441.8927598881031
1690 441.9222639286738
1700 441.9589292869908
1710 441.9672523793209
1720 441.9856324391622
1730 442.021911107551
1740 442.0622869655028
1750 442.0914359802078
1760 442.0777973749671
1770 442.120843094242
1780 442.1523307615803
1790 442.1461099968262
1800 442.1646488688898
1810 442.1736238047887
1820 442.186842785945
1830 442.236268767871
1840 442.2347885250349
1850 442.2114676124477
1860 442.2221777984723
1870 442.2154147666715
1880 442.2372845849609
1890 442.2415085010973
1900 442.2376704750893
1910 442.2443749143137
1920 442.252137011101
1930 442.2567478299493
1940 442.2274551232164
1950 442.2217260338059
1960 442.2036841236292
1970 442.2182486085903
1980 442.2100852353791
1990 442.1823823651692
2000 442.1539907892879
2010 442.1657639031095
2020 442.1834797699354
2030 442.1256783282004
2040 442.1166324111095
2050 442.0986408482956
2060 442.0944035440085
2070 442.0641111887447
2080 442.0348887031619
2090 442.0168710395969
2100 442.0057891017577
2110 441.9977720100405
2120 441.948817242175
2130 441.937239048357
2140 441.8932481337325
2150 441.8823734559516
2160 441.8693663136093
2170 441.8408991627821
2180 441.8134116466564
2190 441.8285246577707
2200 441.8036311474249
2210 441.7570193493499
2220 441.7325263736988
2230 441.7081486992766
2240 441.6845590057221
2250 441.6741771468237
2260 441.6356619479008
2270 441.6171617333926
2280 441.6018591509342
2290 441.5772513335738
2300 441.554461607721
2310 441.5204326157722
2320 441.5130240301359
2330 441.4871468399907
2340 441.4576859746039
2350 441.4489342537439
2360 441.4194652429313
2370 441.4384522152008
2380 441.4230837823238
2390 441.3773545697771
2400 441.3829225766922
2410 441.3697658586044
2420 441.3758861122049
2430 441.3711077509482
2440 441.344449002682
2450 441.3288565090643
2460 441.3106652342365
2470 441.3198183711471
2480 441.3066618277776
2490 441.283541372771
2500 441.2979997712671
2510 441.2947310071888
2520 441.269572083762
2530 441.284134522839
2540 441.2774290153474
2550 441.3034413710937
2560 441.3307394919644
2570 441.2955454498356
2580 441.2653323463365
2590 441.2958757864458
2600 441.2797734476222
2610 441.3033255791918
2620 441.3137204333123
2630 441.3253401858706
2640 441.3424389574709
2650 441.3584171738357
2660 441.3504469488001
2670 441.3981429976973
2680 441.4245719036814
2690 441.4583549240257
2700 441.4435014654957
2710 441.4820412163418
2720 441.5132099910938
2730 441.5639474312648
2740 441.571320088845
2750 441.6058977114171
2760 441.6320230182972
2770 441.6888094272051
2780 441.6996280051152
2790 441.7324639292138
2800 441.7879046935248
2810 441.7998460220246
2820 441.8848909358442
2830 441.9387189129165
2840 441.9878001333385
2850 441.9841610685214
2860 442.0291737880963
2870 442.0606537763172
2880 442.0874140059214
2890 442.1190317098875
2900 442.1532546507168
2910 442.211818236129
2920 442.2321660930031
2930 442.2164506076047
2940 442.2500610621393
2950 442.2646134982069
2960 442.2513099902324
2970 442.2615444950642
2980 442.2604165677749
2990 442.2551922812035
3000 442.2587508975677
3010 442.2467730133849
3020 442.2196537194891
3030 442.2133782795965
3040 442.1805721287126
3050 442.1424901188598
3060 442.1279480832704
3070 442.0741677334759
3080 442.0594243957361
3090 442.0595154550418
3100 442.0164634520922
3110 441.9467520203101
3120 441.9380518732461
3130 441.8919377102791
3140 441.8889293235623
3150 441.8349030275678
3160 441.7918272501947
3170 441.7423398595797
3180 441.7328632361046
3190 441.7115732469831
3200 441.6782682752874
3210 441.648737679517
3220 441.6198376664099
3230 441.5864180440527
3240 441.5788725487099
3250 441.5446503051475
3260 441.5203475402284
3270 441.5272850201245
3280 441.5307378462945
3290 441.4875119038061
3300 441.4875944414179
3310 441.4744395143828
3320 441.467004032724
3330 441.4836392805633
3340 441.4912252420858
0 445.9204000501592
10 444.9260600288337
20 444.3874907156753
30 444.1807325401739
40 444.0920630407767
50 443.9949289837915
60 443.9544490829801
70 443.9055320898063
80 443.8694421643635
90 443.8459026560907
100 443.7965301278498
110 443.7810199873807
120 443.7486462338626
130 443.7322066762788
140 443.6829974349894
150 443.6911965667961
160 443.6453569755513
170 443.610496069446
180 443.5814071879316
190 443.5351345539763
200 443.5291993659455
210 443.5108814610634
220 443.467797294162
230 443.4238568816887
240 443.3943645095985
250 443.3679182415862
260 443.3157336175602
270 443.2844360237889
280 443.2711274141598
290 443.2323738855928
300 443.215216574493
310 443.193655724088
320 443.1538827328144
330 443.1265769376087
340 443.0907536755916
350 443.0570513048084
360 443.0443169888634
370 443.0154207425319
380 442.999321051438
390 443.0010957303505
400 442.9886400382113
410 442.9339131042042
420 442.9154546896926
430 442.8777222009139
440 442.8558048992562
450 442.8397987708998
460 442.8397664343694
470 442.8083184994747
480 442.8445895598065
490 442.8182433016821
500 442.7790274842429
510 442.7941742898362
520 442.7509858856585
530 442.7437151575951
540 442.7244460307861
550 442.7184631620374
560 442.6807247579833
570 442.7192973945046
580 442.6832296411013
590 442.6655901169913
600 442.6388158446927
610 442.6292985256117
620 442.6120680711462
630 442.6049545555156
640 442.5842331645795
650 442.5628239309154
660 442.5597737207773
670 442.5461704185209
680 442.4976986798941
690 442.4645161387642
700 442.4607730481926
710 442.4346215341752
720 442.4067082580995
730 442.3869101626933
740 442.3531930059328
750 442.3412851551876
760 442.3296238847404
770 442.2807316597218
780 442.2734273326252
790 442.223973637228
800 442.1921090716679
810 442.182824584361
820 442.1653957744072
830 442.113532774146
840 442.099703665446
850 442.0981265690463
860 442.0620599525039
870 442.0103931594879
880 441.9937886695894
890 441.9909057045298
900 441.9522714583682
910 441.9406884111348
920 441.9094028781862
930 441.9186852337534
940 441.897983157134
950 441.876092561684
960 441.8332582235689
970 441.8264781012708
980 441.7921720667336
990 441.7999925073038
1000 441.7924059430675
1010 441.7826174053803
1020 441.7707793744784
1030 441.7693760221202
1040 441.7573981517236
1050 441.744476315614
1060 441.7311874076871
1070 441.7113767697724
1080 441.7185323380008
1090 441.7016144008402
1100 441.6961764378943
1110 441.6939290222835
1120 441.6926618531313
1130 441.6652220663408
1140 441.6798695314848
1150 441.662082689726
1160 441.6480605824094
1170 441.6470518464109
1180 441.6548921141988
1190 441.6362951941875
