"mass-flux"
"Time Step" "mass-flux"
("Time Step" "mass-flux")
0 -0.0001096875757679236
10 1.894077907294012e-07
20 7.617007810600818e-08
30 8.046535242278718e-08
40 6.69688684784564e-08
50 1.525332165228099e-07
60 3.666033175434014e-07
70 5.540228128347868e-07
80 -1.526929970310786e-07
90 1.557931285645076e-07
100 -6.578498175299763e-07
110 -5.715168065537068e-07
120 -1.000506898475584e-06
130 -8.752143173251792e-07
140 4.324662475074792e-07
150 1.074174174608977e-08
160 -8.098857718005781e-07
170 -3.272934653228421e-07
180 7.327740797619109e-07
190 8.458242506878544e-07
200 4.55124452396205e-07
210 -1.152797971665231e-07
220 -8.712736896537843e-07
230 -1.116120409677679e-06
240 6.320689954070202e-08
250 1.61872611870173e-07
260 5.684197137353908e-07
270 4.072410972125184e-07
280 -8.633937981922246e-08
290 -4.891371192528027e-07
300 8.166120972832869e-07
310 8.205450668444247e-07
320 2.628305349125504e-07
330 -1.010450726791901e-06
340 -6.262551338620526e-07
350 -2.321875918823157e-07
360 -9.674428393946499e-07
370 -4.306399936440664e-07
380 5.781803598323143e-07
390 -3.489246054172446e-07
400 -8.741759754751777e-07
410 -9.382790326223356e-07
420 -5.949362058763064e-07
430 5.659532852156368e-07
440 6.14992706780837e-07
450 3.081883825639675e-07
460 -2.698278425347644e-07
470 6.501497625821528e-07
480 3.533459574101006e-07
490 2.092993433497337e-07
500 3.456086454037277e-07
510 -4.226804065504686e-07
520 -3.358565245914491e-07
530 4.937753165998315e-07
540 1.602496676952891e-07
550 4.704566124169585e-08
560 -6.240394869669319e-07
570 -4.340699238936097e-07
580 -6.645166658880708e-07
590 -3.749192039187443e-07
600 -2.818017594552469e-07
610 7.007270458464498e-07
620 -3.414761960696122e-07
630 -3.685303370873361e-07
640 -4.958668549798206e-07
650 1.849089733413356e-07
660 3.63003998804512e-07
670 5.211619601847017e-08
680 2.235457976298982e-07
690 3.569434098293911e-07
700 3.950446388067963e-08
710 1.913099570358123e-07
720 3.107067753915782e-07
730 -3.911168641665408e-07
740 2.237293134296769e-07
750 1.932320363509654e-07
760 2.780087265882858e-07
770 4.126793462996825e-07
780 6.058961412869213e-07
790 5.398236771411713e-07
800 -3.852511078136778e-07
810 -6.033107531125403e-07
820 -3.397782257288928e-07
830 -4.897969473546815e-07
840 2.207256649053302e-07
850 7.968034457864204e-07
860 4.674185120345786e-07
870 3.173564926198247e-07
880 -4.622521444369587e-07
890 -4.456338716374297e-07
900 1.098089637482924e-07
910 3.50670958500221e-07
920 3.207785531297858e-07
930 2.555844190732515e-07
940 3.784664122583048e-07
950 4.713482817317316e-07
960 3.589526423458667e-07
970 3.441888700925211e-07
980 5.016846495245475e-07
990 3.550797687268403e-07
1000 -3.98891171884963e-07
1010 9.384106686854965e-08
1020 4.033445187776041e-07
1030 -8.942425524377517e-08
1040 -3.196460366464149e-07
1050 -4.291376721754503e-07
1060 -8.918195423326947e-07
1070 -6.421036504583588e-08
1080 -3.773610598584165e-07
1090 -8.095982650946354e-07
1100 4.951984173343082e-07
1110 2.596403854485119e-07
1120 -7.394659537821036e-07
1130 -2.722940948066133e-07
1140 3.638851867951431e-07
1150 5.439949119362408e-07
1160 2.711198415980554e-07
1170 1.664421739114297e-07
1180 6.038000700606116e-07
1190 3.210549537543961e-07
1200 8.680508635505735e-08
1210 5.44776709597572e-07
1220 -4.323776516892974e-07
1230 4.401976341564251e-07
1240 2.073496042920286e-08
1250 3.383510067539452e-07
1260 4.994104928143783e-07
1270 -9.982802343100339e-08
1280 -3.000630036872898e-07
1290 -2.782648808805077e-07
1300 -4.476817333093353e-07
1310 -1.709972176980323e-07
1320 2.835005845289174e-07
1330 1.571488828927547e-07
1340 -3.633576051847998e-08
1350 -4.902694862446433e-07
1360 -5.3339253951179e-07
1370 -5.388765726352385e-07
1380 1.214435710050754e-07
1390 5.663037627029466e-07
1400 -2.966532291898138e-07
1410 4.477462609009386e-09
1420 5.026992454457146e-07
1430 5.59575798884937e-07
1440 4.115038648028202e-08
1450 3.119374974228095e-07
1460 -4.49252527394417e-07
1470 -3.148816119513675e-07
1480 7.825427874030844e-07
1490 1.040910509314541e-07
1500 3.128568282495525e-07
1510 -1.360986365966932e-08
1520 2.451899130603841e-07
1530 -5.384963623483729e-07
1540 -1.304079591882279e-07
1550 -2.784588862825288e-07
1560 -5.337375926922627e-07
1570 -9.357210290911189e-07
1580 -2.906056718529615e-07
1590 -2.199018595480662e-07
1600 3.242735861636037e-07
1610 2.24362071706008e-07
1620 -4.454343503212943e-07
1630 2.693237136711102e-07
1640 -8.789980848744605e-08
1650 5.168058011192911e-07
1660 -3.851199278856465e-07
1670 4.461907440050927e-07
1680 -3.610732909817282e-07
1690 -5.993811067750432e-07
1700 2.040276050399581e-07
1710 9.964391729094801e-08
1720 1.196017566443275e-07
1730 7.248697209971677e-07
1740 6.495991672558765e-07
1750 7.140694079157961e-07
1760 -1.947435212187876e-07
1770 -6.219275399052537e-07
1780 -2.047581846506552e-07
1790 -4.081451774676226e-07
1800 5.575205496780034e-07
1810 1.449089848740148e-07
1820 4.78306790986649e-07
1830 -3.728675556993744e-07
1840 -5.613173494969925e-07
1850 -4.035396364079902e-07
1860 -6.952921860828298e-07
1870 -1.49179947235567e-07
1880 3.07576826660827e-07
1890 -2.39277250936587e-07
1900 3.564750750903456e-07
1910 5.785208845379697e-07
1920 7.607853962088296e-08
1930 -3.903400569230109e-07
1940 -4.469616714242175e-07
1950 -1.673734389973092e-08
1960 3.214844736462719e-07
1970 8.845171052818124e-07
1980 4.645556560822772e-07
1990 2.039414091770109e-07
2000 -3.478724743197215e-07
2010 -3.380903721081352e-07
2020 -3.414894106448796e-07
2030 -3.920770293847076e-08
2040 -9.945643164449569e-07
2050 3.980332645911466e-07
2060 -6.061141334043341e-07
2070 -4.179364399906071e-07
2080 -4.39354453603269e-07
2090 1.395247174740266e-07
2100 5.123879895096994e-07
2110 -2.462190651364438e-08
2120 -2.72054080437123e-07
2130 -2.191998080408597e-07
2140 -3.102413452804598e-07
2150 -3.882368723728824e-07
2160 5.311767238558307e-07
2170 -2.576391370523456e-07
2180 2.489405680969337e-07
2190 1.302979810158256e-07
2200 6.235826413361623e-07
2210 3.782655806569557e-07
2220 2.809822463797906e-07
2230 2.771661873346432e-07
2240 -3.726094081751841e-07
2250 -2.274365876742124e-07
2260 -4.125723140138704e-07
2270 -4.138353805818729e-07
2280 -2.214701457503576e-07
2290 -6.048461489160939e-07
2300 4.289491249628852e-07
2310 4.404467086327468e-07
2320 -3.945307513741891e-07
2330 5.326584178663718e-07
2340 1.144744893460947e-07
2350 2.92663251667824e-07
2360 -1.630258409102137e-07
2370 1.706837697221242e-07
2380 -7.612081371483059e-07
2390 -7.549650873628355e-07
2400 2.640303782622255e-07
2410 1.37100961035419e-07
2420 2.290725165249308e-07
2430 3.209290592928737e-07
2440 3.578573357504444e-07
2450 2.964674504848941e-07
2460 3.269511559267357e-07
2470 2.897283660555083e-07
2480 -2.621667826441243e-07
2490 -3.312118671203179e-07
2500 -1.563844243268608e-07
2510 -1.337408246024352e-07
2520 4.607350715529757e-08
2530 -1.589430259768543e-07
2540 3.349824179155192e-08
2550 3.828208677419953e-07
2560 2.935792312239172e-07
2570 4.623078017143567e-07
2580 2.392702763628907e-07
2590 4.440239750116981e-07
2600 -1.589916413802239e-09
2610 1.6602172055874e-07
2620 -6.375733711955212e-07
2630 -7.170269383099948e-08
2640 -1.780271134052547e-07
2650 5.182250148311196e-07
2660 6.592273619210332e-07
2670 4.331012603275841e-07
2680 -4.379697052317444e-07
2690 -7.350916585852074e-08
2700 1.137184697588833e-07
2710 2.426909504402164e-07
2720 1.67998008372694e-07
2730 -1.942917746897144e-07
2740 -1.054204015402127e-07
2750 -2.351782989323814e-07
2760 -4.839837318831863e-07
2770 -4.054862685967664e-07
2780 -4.590136069848594e-07
2790 -2.592364088740973e-07
2800 -1.512333849748582e-07
2810 -3.221485956189651e-07
2820 -5.019820680171594e-07
2830 -4.370220507698974e-07
2840 -3.027786202453031e-07
2850 3.8602651308145e-07
2860 5.435518086877034e-07
2870 5.317576976734961e-07
2880 7.600678338798295e-07
2890 8.177300559533696e-07
2900 -2.502644761634421e-07
2910 -2.05337099656866e-07
2920 -8.527758901810678e-09
2930 5.191997291820183e-07
2940 2.256380991633167e-07
2950 3.474787502316667e-07
2960 4.766688863483415e-07
2970 1.59495811787036e-07
2980 -2.34719144662221e-07
2990 -1.302093734084631e-07
3000 -4.925405637165592e-07
3010 -5.639486025527107e-07
3020 -2.359507575641628e-07
3030 -3.321129318084592e-07
3040 4.812458677186382e-07
3050 -4.353729910963611e-07
3060 -1.653040592256017e-07
3070 2.701838728094708e-07
3080 4.143678325463362e-07
3090 1.092759825752077e-07
3100 -5.993950402335968e-07
3110 3.127662132687559e-07
3120 1.475968075537182e-07
3130 2.048028665338486e-07
3140 -5.782025311179551e-07
3150 -1.102994718199524e-07
3160 4.279765769069077e-07
3170 6.176902283897001e-07
3180 5.449136516316733e-07
3190 5.097006796628278e-07
3200 4.952544008923754e-08
3210 -3.092278721208985e-07
3220 -4.802812372389775e-07
3230 -4.645935697822345e-07
3240 5.723826454612224e-07
3250 -3.707459760790566e-07
3260 -7.240050026724454e-07
3270 4.25405041117044e-07
3280 1.931160317145131e-07
3290 1.045675144667468e-07
3300 3.969494149838604e-07
3310 3.242404121445164e-07
3320 4.297003235870234e-07
3330 -8.954702671176706e-07
3340 -7.394428222576299e-07
3350 4.78617994438546e-07
3360 -1.244135283615111e-07
3370 -6.503887300182698e-07
3380 6.842338762524935e-07
3390 9.977299849639465e-07
3400 -4.787269722097975e-07
3410 -3.840814851580054e-07
3420 2.470182026356738e-07
3430 3.562547689142659e-07
3440 3.67678721635567e-07
3450 -2.76997138871915e-07
3460 -1.860893127925145e-07
3470 -3.861039111277553e-07
3480 4.439632369790392e-07
3490 -6.452758897698696e-07
3500 -5.719541423046537e-07
3510 -7.789133082969357e-08
3520 -5.224225389025006e-07
3530 4.596826218283834e-07
3540 4.083838388638239e-07
3550 -1.51581559193481e-07
3560 2.68684512264028e-07
3570 3.364275491801738e-07
3580 1.444598941718889e-07
3590 -1.57922169723157e-07
3600 3.507349150624894e-07
3610 7.924219324120796e-07
3620 6.532192124569791e-07
3630 5.536567184299956e-07
3640 3.520433418113811e-07
3650 4.531250726094727e-07
3660 4.461876957906341e-07
3670 1.991346750204737e-07
3680 -4.651628706872635e-07
3690 -4.393150044995631e-07
3700 -2.125137671185606e-07
3710 -2.72457303877871e-07
3720 -5.026114429998452e-07
3730 -2.865353667183546e-07
3740 -4.612146532537165e-07
3750 3.465513415332189e-07
3760 4.86387605982963e-07
3770 -2.714103751882968e-07
3780 -5.378614216511313e-07
3790 -1.211190396796513e-07
3800 -4.772331779132055e-07
3810 -5.360858149547343e-07
3820 5.301780474156748e-07
3830 5.112572949300676e-07
3840 1.200863442435418e-07
3850 -3.47772102921029e-07
3860 -3.467103993487486e-07
3870 -1.947310713443229e-07
3880 5.51215791101678e-07
3890 5.701954512923879e-07
3900 5.296254287703861e-07
3910 6.330141421803659e-07
3920 2.583123979091329e-07
3930 -6.704711274299613e-07
3940 -4.909123549612371e-07
3950 -6.770738945408028e-07
3960 -5.626318979254363e-07
3970 -2.261918128909635e-07
3980 1.301603923392625e-07
3990 -4.892307896228743e-07
4000 3.530408426086207e-07
4010 -6.77297769410834e-07
4020 -8.308038913079629e-07
4030 -4.909471409270116e-07
4040 2.343729601991806e-07
4050 4.074992541458489e-07
4060 -4.133118866600505e-08
4070 3.903997824461491e-07
4080 3.33948255298866e-08
4090 6.134613117908527e-07
4100 6.322658882493282e-07
4110 2.694455807500384e-07
4120 -2.389248930576016e-07
4130 -1.574938065587728e-07
4140 8.157282279097622e-07
4150 4.751025275140375e-07
4160 -8.152839788139188e-07
4170 -4.696886141269951e-07
4180 -4.232406202453465e-07
4190 2.237786834377586e-07
4200 -2.845825478187125e-07
4210 -1.279479945603956e-09
4220 -3.430509309398921e-07
4230 5.391449017996819e-07
4240 -3.869038798509639e-07
4250 5.150036730405816e-09
4260 2.066313855506041e-07
4270 3.695379854062875e-07
4280 4.501059675601771e-07
4290 6.59331587500589e-07
4300 9.155769383345502e-07
4310 -4.072811029542933e-07
4320 -6.097845213007269e-07
4330 -2.84471437482503e-07
4340 5.963572619269164e-07
4350 3.348037943134985e-07
4360 1.266195349958199e-08
4370 3.895412494167583e-07
4380 6.504804317339352e-07
4390 3.122003562894271e-07
4400 -5.728308365704482e-07
4410 -8.412818894854013e-07
4420 5.568048237758472e-09
4430 -2.685791373746582e-07
4440 -6.026924765298314e-07
4450 3.623635407082326e-07
4460 -4.255563097674275e-07
4470 5.896132004162835e-07
4480 -5.319632315134437e-07
4490 -7.223713927861919e-07
4500 -3.961646712555278e-07
4510 2.13328077591779e-07
4520 3.204250346652837e-07
4530 -9.313409267408534e-08
4540 5.677678086637994e-07
4550 3.409100823997813e-07
4560 -4.331853792685636e-07
4570 -4.482876485023546e-07
4580 -4.498667557362168e-07
4590 -1.103682800707162e-07
4600 9.100518387483714e-09
4610 3.124828125283807e-07
4620 3.767544148949864e-07
4630 -1.301451263840958e-07
4640 -6.077547430594077e-09
4650 -4.745155767552078e-07
4660 -3.303892202391467e-07
4670 -3.105772750852664e-07
4680 -5.0799295078785e-07
4690 -3.115228979638784e-07
4700 2.914755432154026e-08
4710 -5.13552196865219e-07
4720 -7.997227402592455e-07
4730 3.011339965580673e-07
4740 4.201779792642468e-07
4750 -1.285501851494564e-07
4760 4.864855547154212e-07
4770 5.731362527211514e-07
4780 3.172667036449583e-07
4790 -4.167028875012857e-07
4800 3.778969757325945e-07
